[2024-07-02 19:52:33,479] {scheduler_job.py:182} INFO - Started process (PID=35) to work on /home/airflow/.local/lib/python3.6/site-packages/airflow/example_dags/example_kubernetes_executor_config.py
[2024-07-02 19:52:33,480] {scheduler_job.py:629} INFO - Processing file /home/airflow/.local/lib/python3.6/site-packages/airflow/example_dags/example_kubernetes_executor_config.py for tasks to queue
[2024-07-02 19:52:33,481] {logging_mixin.py:104} INFO - [2024-07-02 19:52:33,480] {dagbag.py:451} INFO - Filling up the DagBag from /home/airflow/.local/lib/python3.6/site-packages/airflow/example_dags/example_kubernetes_executor_config.py
[2024-07-02 19:52:33,500] {scheduler_job.py:639} INFO - DAG(s) dict_keys(['example_kubernetes_executor_config']) retrieved from /home/airflow/.local/lib/python3.6/site-packages/airflow/example_dags/example_kubernetes_executor_config.py
[2024-07-02 19:52:33,534] {logging_mixin.py:104} INFO - [2024-07-02 19:52:33,533] {dag.py:1824} INFO - Sync 1 DAGs
[2024-07-02 19:52:33,559] {logging_mixin.py:104} INFO - [2024-07-02 19:52:33,559] {dag.py:1843} INFO - Creating ORM DAG for example_kubernetes_executor_config
[2024-07-02 19:52:33,567] {logging_mixin.py:104} INFO - [2024-07-02 19:52:33,567] {dag.py:2280} INFO - Setting next_dagrun for example_kubernetes_executor_config to None
[2024-07-02 19:52:33,589] {scheduler_job.py:190} INFO - Processing /home/airflow/.local/lib/python3.6/site-packages/airflow/example_dags/example_kubernetes_executor_config.py took 0.113 seconds
[2024-07-02 19:53:04,223] {scheduler_job.py:182} INFO - Started process (PID=62) to work on /home/airflow/.local/lib/python3.6/site-packages/airflow/example_dags/example_kubernetes_executor_config.py
[2024-07-02 19:53:04,223] {scheduler_job.py:629} INFO - Processing file /home/airflow/.local/lib/python3.6/site-packages/airflow/example_dags/example_kubernetes_executor_config.py for tasks to queue
[2024-07-02 19:53:04,224] {logging_mixin.py:104} INFO - [2024-07-02 19:53:04,224] {dagbag.py:451} INFO - Filling up the DagBag from /home/airflow/.local/lib/python3.6/site-packages/airflow/example_dags/example_kubernetes_executor_config.py
[2024-07-02 19:53:04,233] {scheduler_job.py:639} INFO - DAG(s) dict_keys(['example_kubernetes_executor_config']) retrieved from /home/airflow/.local/lib/python3.6/site-packages/airflow/example_dags/example_kubernetes_executor_config.py
[2024-07-02 19:53:04,249] {logging_mixin.py:104} INFO - [2024-07-02 19:53:04,249] {dag.py:1824} INFO - Sync 1 DAGs
[2024-07-02 19:53:04,260] {logging_mixin.py:104} INFO - [2024-07-02 19:53:04,260] {dag.py:2280} INFO - Setting next_dagrun for example_kubernetes_executor_config to None
[2024-07-02 19:53:04,267] {scheduler_job.py:190} INFO - Processing /home/airflow/.local/lib/python3.6/site-packages/airflow/example_dags/example_kubernetes_executor_config.py took 0.046 seconds
[2024-07-02 19:53:35,117] {scheduler_job.py:182} INFO - Started process (PID=87) to work on /home/airflow/.local/lib/python3.6/site-packages/airflow/example_dags/example_kubernetes_executor_config.py
[2024-07-02 19:53:35,118] {scheduler_job.py:629} INFO - Processing file /home/airflow/.local/lib/python3.6/site-packages/airflow/example_dags/example_kubernetes_executor_config.py for tasks to queue
[2024-07-02 19:53:35,118] {logging_mixin.py:104} INFO - [2024-07-02 19:53:35,118] {dagbag.py:451} INFO - Filling up the DagBag from /home/airflow/.local/lib/python3.6/site-packages/airflow/example_dags/example_kubernetes_executor_config.py
[2024-07-02 19:53:35,128] {scheduler_job.py:639} INFO - DAG(s) dict_keys(['example_kubernetes_executor_config']) retrieved from /home/airflow/.local/lib/python3.6/site-packages/airflow/example_dags/example_kubernetes_executor_config.py
[2024-07-02 19:53:35,144] {logging_mixin.py:104} INFO - [2024-07-02 19:53:35,143] {dag.py:1824} INFO - Sync 1 DAGs
[2024-07-02 19:53:35,154] {logging_mixin.py:104} INFO - [2024-07-02 19:53:35,154] {dag.py:2280} INFO - Setting next_dagrun for example_kubernetes_executor_config to None
[2024-07-02 19:53:35,162] {scheduler_job.py:190} INFO - Processing /home/airflow/.local/lib/python3.6/site-packages/airflow/example_dags/example_kubernetes_executor_config.py took 0.048 seconds
[2024-07-02 19:54:06,071] {scheduler_job.py:182} INFO - Started process (PID=113) to work on /home/airflow/.local/lib/python3.6/site-packages/airflow/example_dags/example_kubernetes_executor_config.py
[2024-07-02 19:54:06,072] {scheduler_job.py:629} INFO - Processing file /home/airflow/.local/lib/python3.6/site-packages/airflow/example_dags/example_kubernetes_executor_config.py for tasks to queue
[2024-07-02 19:54:06,072] {logging_mixin.py:104} INFO - [2024-07-02 19:54:06,072] {dagbag.py:451} INFO - Filling up the DagBag from /home/airflow/.local/lib/python3.6/site-packages/airflow/example_dags/example_kubernetes_executor_config.py
[2024-07-02 19:54:06,082] {scheduler_job.py:639} INFO - DAG(s) dict_keys(['example_kubernetes_executor_config']) retrieved from /home/airflow/.local/lib/python3.6/site-packages/airflow/example_dags/example_kubernetes_executor_config.py
[2024-07-02 19:54:06,101] {logging_mixin.py:104} INFO - [2024-07-02 19:54:06,101] {dag.py:1824} INFO - Sync 1 DAGs
[2024-07-02 19:54:06,116] {logging_mixin.py:104} INFO - [2024-07-02 19:54:06,116] {dag.py:2280} INFO - Setting next_dagrun for example_kubernetes_executor_config to None
[2024-07-02 19:54:06,125] {scheduler_job.py:190} INFO - Processing /home/airflow/.local/lib/python3.6/site-packages/airflow/example_dags/example_kubernetes_executor_config.py took 0.056 seconds
[2024-07-02 19:54:37,066] {scheduler_job.py:182} INFO - Started process (PID=139) to work on /home/airflow/.local/lib/python3.6/site-packages/airflow/example_dags/example_kubernetes_executor_config.py
[2024-07-02 19:54:37,067] {scheduler_job.py:629} INFO - Processing file /home/airflow/.local/lib/python3.6/site-packages/airflow/example_dags/example_kubernetes_executor_config.py for tasks to queue
[2024-07-02 19:54:37,068] {logging_mixin.py:104} INFO - [2024-07-02 19:54:37,067] {dagbag.py:451} INFO - Filling up the DagBag from /home/airflow/.local/lib/python3.6/site-packages/airflow/example_dags/example_kubernetes_executor_config.py
[2024-07-02 19:54:37,083] {scheduler_job.py:639} INFO - DAG(s) dict_keys(['example_kubernetes_executor_config']) retrieved from /home/airflow/.local/lib/python3.6/site-packages/airflow/example_dags/example_kubernetes_executor_config.py
[2024-07-02 19:54:37,114] {logging_mixin.py:104} INFO - [2024-07-02 19:54:37,114] {dag.py:1824} INFO - Sync 1 DAGs
[2024-07-02 19:54:37,132] {logging_mixin.py:104} INFO - [2024-07-02 19:54:37,131] {dag.py:2280} INFO - Setting next_dagrun for example_kubernetes_executor_config to None
[2024-07-02 19:54:37,142] {scheduler_job.py:190} INFO - Processing /home/airflow/.local/lib/python3.6/site-packages/airflow/example_dags/example_kubernetes_executor_config.py took 0.080 seconds
[2024-07-02 19:55:08,082] {scheduler_job.py:182} INFO - Started process (PID=165) to work on /home/airflow/.local/lib/python3.6/site-packages/airflow/example_dags/example_kubernetes_executor_config.py
[2024-07-02 19:55:08,082] {scheduler_job.py:629} INFO - Processing file /home/airflow/.local/lib/python3.6/site-packages/airflow/example_dags/example_kubernetes_executor_config.py for tasks to queue
[2024-07-02 19:55:08,083] {logging_mixin.py:104} INFO - [2024-07-02 19:55:08,083] {dagbag.py:451} INFO - Filling up the DagBag from /home/airflow/.local/lib/python3.6/site-packages/airflow/example_dags/example_kubernetes_executor_config.py
[2024-07-02 19:55:08,093] {scheduler_job.py:639} INFO - DAG(s) dict_keys(['example_kubernetes_executor_config']) retrieved from /home/airflow/.local/lib/python3.6/site-packages/airflow/example_dags/example_kubernetes_executor_config.py
[2024-07-02 19:55:08,109] {logging_mixin.py:104} INFO - [2024-07-02 19:55:08,109] {dag.py:1824} INFO - Sync 1 DAGs
[2024-07-02 19:55:08,120] {logging_mixin.py:104} INFO - [2024-07-02 19:55:08,120] {dag.py:2280} INFO - Setting next_dagrun for example_kubernetes_executor_config to None
[2024-07-02 19:55:08,128] {scheduler_job.py:190} INFO - Processing /home/airflow/.local/lib/python3.6/site-packages/airflow/example_dags/example_kubernetes_executor_config.py took 0.048 seconds
[2024-07-02 19:56:07,019] {scheduler_job.py:182} INFO - Started process (PID=54) to work on /home/airflow/.local/lib/python3.6/site-packages/airflow/example_dags/example_kubernetes_executor_config.py
[2024-07-02 19:56:07,020] {scheduler_job.py:629} INFO - Processing file /home/airflow/.local/lib/python3.6/site-packages/airflow/example_dags/example_kubernetes_executor_config.py for tasks to queue
[2024-07-02 19:56:07,020] {logging_mixin.py:104} INFO - [2024-07-02 19:56:07,020] {dagbag.py:451} INFO - Filling up the DagBag from /home/airflow/.local/lib/python3.6/site-packages/airflow/example_dags/example_kubernetes_executor_config.py
[2024-07-02 19:56:07,037] {scheduler_job.py:639} INFO - DAG(s) dict_keys(['example_kubernetes_executor_config']) retrieved from /home/airflow/.local/lib/python3.6/site-packages/airflow/example_dags/example_kubernetes_executor_config.py
[2024-07-02 19:56:07,059] {logging_mixin.py:104} INFO - [2024-07-02 19:56:07,058] {dag.py:1824} INFO - Sync 1 DAGs
[2024-07-02 19:56:07,076] {logging_mixin.py:104} INFO - [2024-07-02 19:56:07,075] {dag.py:2280} INFO - Setting next_dagrun for example_kubernetes_executor_config to None
[2024-07-02 19:56:07,087] {scheduler_job.py:190} INFO - Processing /home/airflow/.local/lib/python3.6/site-packages/airflow/example_dags/example_kubernetes_executor_config.py took 0.072 seconds
[2024-07-02 19:56:38,080] {scheduler_job.py:182} INFO - Started process (PID=80) to work on /home/airflow/.local/lib/python3.6/site-packages/airflow/example_dags/example_kubernetes_executor_config.py
[2024-07-02 19:56:38,081] {scheduler_job.py:629} INFO - Processing file /home/airflow/.local/lib/python3.6/site-packages/airflow/example_dags/example_kubernetes_executor_config.py for tasks to queue
[2024-07-02 19:56:38,082] {logging_mixin.py:104} INFO - [2024-07-02 19:56:38,082] {dagbag.py:451} INFO - Filling up the DagBag from /home/airflow/.local/lib/python3.6/site-packages/airflow/example_dags/example_kubernetes_executor_config.py
[2024-07-02 19:56:38,096] {scheduler_job.py:639} INFO - DAG(s) dict_keys(['example_kubernetes_executor_config']) retrieved from /home/airflow/.local/lib/python3.6/site-packages/airflow/example_dags/example_kubernetes_executor_config.py
[2024-07-02 19:56:38,124] {logging_mixin.py:104} INFO - [2024-07-02 19:56:38,124] {dag.py:1824} INFO - Sync 1 DAGs
[2024-07-02 19:56:38,146] {logging_mixin.py:104} INFO - [2024-07-02 19:56:38,146] {dag.py:2280} INFO - Setting next_dagrun for example_kubernetes_executor_config to None
[2024-07-02 19:56:38,163] {scheduler_job.py:190} INFO - Processing /home/airflow/.local/lib/python3.6/site-packages/airflow/example_dags/example_kubernetes_executor_config.py took 0.086 seconds
[2024-07-02 19:57:08,190] {scheduler_job.py:182} INFO - Started process (PID=104) to work on /home/airflow/.local/lib/python3.6/site-packages/airflow/example_dags/example_kubernetes_executor_config.py
[2024-07-02 19:57:08,191] {scheduler_job.py:629} INFO - Processing file /home/airflow/.local/lib/python3.6/site-packages/airflow/example_dags/example_kubernetes_executor_config.py for tasks to queue
[2024-07-02 19:57:08,192] {logging_mixin.py:104} INFO - [2024-07-02 19:57:08,191] {dagbag.py:451} INFO - Filling up the DagBag from /home/airflow/.local/lib/python3.6/site-packages/airflow/example_dags/example_kubernetes_executor_config.py
[2024-07-02 19:57:08,202] {scheduler_job.py:639} INFO - DAG(s) dict_keys(['example_kubernetes_executor_config']) retrieved from /home/airflow/.local/lib/python3.6/site-packages/airflow/example_dags/example_kubernetes_executor_config.py
[2024-07-02 19:57:08,218] {logging_mixin.py:104} INFO - [2024-07-02 19:57:08,218] {dag.py:1824} INFO - Sync 1 DAGs
[2024-07-02 19:57:08,228] {logging_mixin.py:104} INFO - [2024-07-02 19:57:08,228] {dag.py:2280} INFO - Setting next_dagrun for example_kubernetes_executor_config to None
[2024-07-02 19:57:08,236] {scheduler_job.py:190} INFO - Processing /home/airflow/.local/lib/python3.6/site-packages/airflow/example_dags/example_kubernetes_executor_config.py took 0.048 seconds
[2024-07-02 19:57:39,272] {scheduler_job.py:182} INFO - Started process (PID=132) to work on /home/airflow/.local/lib/python3.6/site-packages/airflow/example_dags/example_kubernetes_executor_config.py
[2024-07-02 19:57:39,273] {scheduler_job.py:629} INFO - Processing file /home/airflow/.local/lib/python3.6/site-packages/airflow/example_dags/example_kubernetes_executor_config.py for tasks to queue
[2024-07-02 19:57:39,273] {logging_mixin.py:104} INFO - [2024-07-02 19:57:39,273] {dagbag.py:451} INFO - Filling up the DagBag from /home/airflow/.local/lib/python3.6/site-packages/airflow/example_dags/example_kubernetes_executor_config.py
[2024-07-02 19:57:39,283] {scheduler_job.py:639} INFO - DAG(s) dict_keys(['example_kubernetes_executor_config']) retrieved from /home/airflow/.local/lib/python3.6/site-packages/airflow/example_dags/example_kubernetes_executor_config.py
[2024-07-02 19:57:39,299] {logging_mixin.py:104} INFO - [2024-07-02 19:57:39,299] {dag.py:1824} INFO - Sync 1 DAGs
[2024-07-02 19:57:39,309] {logging_mixin.py:104} INFO - [2024-07-02 19:57:39,309] {dag.py:2280} INFO - Setting next_dagrun for example_kubernetes_executor_config to None
[2024-07-02 19:57:39,317] {scheduler_job.py:190} INFO - Processing /home/airflow/.local/lib/python3.6/site-packages/airflow/example_dags/example_kubernetes_executor_config.py took 0.046 seconds
[2024-07-02 19:58:10,158] {scheduler_job.py:182} INFO - Started process (PID=158) to work on /home/airflow/.local/lib/python3.6/site-packages/airflow/example_dags/example_kubernetes_executor_config.py
[2024-07-02 19:58:10,158] {scheduler_job.py:629} INFO - Processing file /home/airflow/.local/lib/python3.6/site-packages/airflow/example_dags/example_kubernetes_executor_config.py for tasks to queue
[2024-07-02 19:58:10,159] {logging_mixin.py:104} INFO - [2024-07-02 19:58:10,159] {dagbag.py:451} INFO - Filling up the DagBag from /home/airflow/.local/lib/python3.6/site-packages/airflow/example_dags/example_kubernetes_executor_config.py
[2024-07-02 19:58:10,169] {scheduler_job.py:639} INFO - DAG(s) dict_keys(['example_kubernetes_executor_config']) retrieved from /home/airflow/.local/lib/python3.6/site-packages/airflow/example_dags/example_kubernetes_executor_config.py
[2024-07-02 19:58:10,186] {logging_mixin.py:104} INFO - [2024-07-02 19:58:10,186] {dag.py:1824} INFO - Sync 1 DAGs
[2024-07-02 19:58:10,197] {logging_mixin.py:104} INFO - [2024-07-02 19:58:10,197] {dag.py:2280} INFO - Setting next_dagrun for example_kubernetes_executor_config to None
[2024-07-02 19:58:10,204] {scheduler_job.py:190} INFO - Processing /home/airflow/.local/lib/python3.6/site-packages/airflow/example_dags/example_kubernetes_executor_config.py took 0.049 seconds
[2024-07-02 19:58:41,141] {scheduler_job.py:182} INFO - Started process (PID=184) to work on /home/airflow/.local/lib/python3.6/site-packages/airflow/example_dags/example_kubernetes_executor_config.py
[2024-07-02 19:58:41,142] {scheduler_job.py:629} INFO - Processing file /home/airflow/.local/lib/python3.6/site-packages/airflow/example_dags/example_kubernetes_executor_config.py for tasks to queue
[2024-07-02 19:58:41,142] {logging_mixin.py:104} INFO - [2024-07-02 19:58:41,142] {dagbag.py:451} INFO - Filling up the DagBag from /home/airflow/.local/lib/python3.6/site-packages/airflow/example_dags/example_kubernetes_executor_config.py
[2024-07-02 19:58:41,153] {scheduler_job.py:639} INFO - DAG(s) dict_keys(['example_kubernetes_executor_config']) retrieved from /home/airflow/.local/lib/python3.6/site-packages/airflow/example_dags/example_kubernetes_executor_config.py
[2024-07-02 19:58:41,170] {logging_mixin.py:104} INFO - [2024-07-02 19:58:41,170] {dag.py:1824} INFO - Sync 1 DAGs
[2024-07-02 19:58:41,181] {logging_mixin.py:104} INFO - [2024-07-02 19:58:41,181] {dag.py:2280} INFO - Setting next_dagrun for example_kubernetes_executor_config to None
[2024-07-02 19:58:41,189] {scheduler_job.py:190} INFO - Processing /home/airflow/.local/lib/python3.6/site-packages/airflow/example_dags/example_kubernetes_executor_config.py took 0.051 seconds
[2024-07-02 19:59:12,096] {scheduler_job.py:182} INFO - Started process (PID=210) to work on /home/airflow/.local/lib/python3.6/site-packages/airflow/example_dags/example_kubernetes_executor_config.py
[2024-07-02 19:59:12,096] {scheduler_job.py:629} INFO - Processing file /home/airflow/.local/lib/python3.6/site-packages/airflow/example_dags/example_kubernetes_executor_config.py for tasks to queue
[2024-07-02 19:59:12,097] {logging_mixin.py:104} INFO - [2024-07-02 19:59:12,097] {dagbag.py:451} INFO - Filling up the DagBag from /home/airflow/.local/lib/python3.6/site-packages/airflow/example_dags/example_kubernetes_executor_config.py
[2024-07-02 19:59:12,106] {scheduler_job.py:639} INFO - DAG(s) dict_keys(['example_kubernetes_executor_config']) retrieved from /home/airflow/.local/lib/python3.6/site-packages/airflow/example_dags/example_kubernetes_executor_config.py
[2024-07-02 19:59:12,122] {logging_mixin.py:104} INFO - [2024-07-02 19:59:12,122] {dag.py:1824} INFO - Sync 1 DAGs
[2024-07-02 19:59:12,132] {logging_mixin.py:104} INFO - [2024-07-02 19:59:12,132] {dag.py:2280} INFO - Setting next_dagrun for example_kubernetes_executor_config to None
[2024-07-02 19:59:12,142] {scheduler_job.py:190} INFO - Processing /home/airflow/.local/lib/python3.6/site-packages/airflow/example_dags/example_kubernetes_executor_config.py took 0.048 seconds
[2024-07-02 19:59:43,096] {scheduler_job.py:182} INFO - Started process (PID=236) to work on /home/airflow/.local/lib/python3.6/site-packages/airflow/example_dags/example_kubernetes_executor_config.py
[2024-07-02 19:59:43,096] {scheduler_job.py:629} INFO - Processing file /home/airflow/.local/lib/python3.6/site-packages/airflow/example_dags/example_kubernetes_executor_config.py for tasks to queue
[2024-07-02 19:59:43,097] {logging_mixin.py:104} INFO - [2024-07-02 19:59:43,097] {dagbag.py:451} INFO - Filling up the DagBag from /home/airflow/.local/lib/python3.6/site-packages/airflow/example_dags/example_kubernetes_executor_config.py
[2024-07-02 19:59:43,106] {scheduler_job.py:639} INFO - DAG(s) dict_keys(['example_kubernetes_executor_config']) retrieved from /home/airflow/.local/lib/python3.6/site-packages/airflow/example_dags/example_kubernetes_executor_config.py
[2024-07-02 19:59:43,123] {logging_mixin.py:104} INFO - [2024-07-02 19:59:43,122] {dag.py:1824} INFO - Sync 1 DAGs
[2024-07-02 19:59:43,133] {logging_mixin.py:104} INFO - [2024-07-02 19:59:43,133] {dag.py:2280} INFO - Setting next_dagrun for example_kubernetes_executor_config to None
[2024-07-02 19:59:43,142] {scheduler_job.py:190} INFO - Processing /home/airflow/.local/lib/python3.6/site-packages/airflow/example_dags/example_kubernetes_executor_config.py took 0.049 seconds
[2024-07-02 20:00:14,125] {scheduler_job.py:182} INFO - Started process (PID=262) to work on /home/airflow/.local/lib/python3.6/site-packages/airflow/example_dags/example_kubernetes_executor_config.py
[2024-07-02 20:00:14,125] {scheduler_job.py:629} INFO - Processing file /home/airflow/.local/lib/python3.6/site-packages/airflow/example_dags/example_kubernetes_executor_config.py for tasks to queue
[2024-07-02 20:00:14,126] {logging_mixin.py:104} INFO - [2024-07-02 20:00:14,126] {dagbag.py:451} INFO - Filling up the DagBag from /home/airflow/.local/lib/python3.6/site-packages/airflow/example_dags/example_kubernetes_executor_config.py
[2024-07-02 20:00:14,135] {scheduler_job.py:639} INFO - DAG(s) dict_keys(['example_kubernetes_executor_config']) retrieved from /home/airflow/.local/lib/python3.6/site-packages/airflow/example_dags/example_kubernetes_executor_config.py
[2024-07-02 20:00:14,151] {logging_mixin.py:104} INFO - [2024-07-02 20:00:14,151] {dag.py:1824} INFO - Sync 1 DAGs
[2024-07-02 20:00:14,161] {logging_mixin.py:104} INFO - [2024-07-02 20:00:14,161] {dag.py:2280} INFO - Setting next_dagrun for example_kubernetes_executor_config to None
[2024-07-02 20:00:14,176] {scheduler_job.py:190} INFO - Processing /home/airflow/.local/lib/python3.6/site-packages/airflow/example_dags/example_kubernetes_executor_config.py took 0.053 seconds
[2024-07-02 20:00:45,146] {scheduler_job.py:182} INFO - Started process (PID=288) to work on /home/airflow/.local/lib/python3.6/site-packages/airflow/example_dags/example_kubernetes_executor_config.py
[2024-07-02 20:00:45,147] {scheduler_job.py:629} INFO - Processing file /home/airflow/.local/lib/python3.6/site-packages/airflow/example_dags/example_kubernetes_executor_config.py for tasks to queue
[2024-07-02 20:00:45,147] {logging_mixin.py:104} INFO - [2024-07-02 20:00:45,147] {dagbag.py:451} INFO - Filling up the DagBag from /home/airflow/.local/lib/python3.6/site-packages/airflow/example_dags/example_kubernetes_executor_config.py
[2024-07-02 20:00:45,157] {scheduler_job.py:639} INFO - DAG(s) dict_keys(['example_kubernetes_executor_config']) retrieved from /home/airflow/.local/lib/python3.6/site-packages/airflow/example_dags/example_kubernetes_executor_config.py
[2024-07-02 20:00:45,176] {logging_mixin.py:104} INFO - [2024-07-02 20:00:45,176] {dag.py:1824} INFO - Sync 1 DAGs
[2024-07-02 20:00:45,189] {logging_mixin.py:104} INFO - [2024-07-02 20:00:45,189] {dag.py:2280} INFO - Setting next_dagrun for example_kubernetes_executor_config to None
[2024-07-02 20:00:45,201] {scheduler_job.py:190} INFO - Processing /home/airflow/.local/lib/python3.6/site-packages/airflow/example_dags/example_kubernetes_executor_config.py took 0.057 seconds
[2024-07-02 20:01:16,169] {scheduler_job.py:182} INFO - Started process (PID=314) to work on /home/airflow/.local/lib/python3.6/site-packages/airflow/example_dags/example_kubernetes_executor_config.py
[2024-07-02 20:01:16,169] {scheduler_job.py:629} INFO - Processing file /home/airflow/.local/lib/python3.6/site-packages/airflow/example_dags/example_kubernetes_executor_config.py for tasks to queue
[2024-07-02 20:01:16,170] {logging_mixin.py:104} INFO - [2024-07-02 20:01:16,169] {dagbag.py:451} INFO - Filling up the DagBag from /home/airflow/.local/lib/python3.6/site-packages/airflow/example_dags/example_kubernetes_executor_config.py
[2024-07-02 20:01:16,179] {scheduler_job.py:639} INFO - DAG(s) dict_keys(['example_kubernetes_executor_config']) retrieved from /home/airflow/.local/lib/python3.6/site-packages/airflow/example_dags/example_kubernetes_executor_config.py
[2024-07-02 20:01:16,195] {logging_mixin.py:104} INFO - [2024-07-02 20:01:16,195] {dag.py:1824} INFO - Sync 1 DAGs
[2024-07-02 20:01:16,205] {logging_mixin.py:104} INFO - [2024-07-02 20:01:16,205] {dag.py:2280} INFO - Setting next_dagrun for example_kubernetes_executor_config to None
[2024-07-02 20:01:16,216] {scheduler_job.py:190} INFO - Processing /home/airflow/.local/lib/python3.6/site-packages/airflow/example_dags/example_kubernetes_executor_config.py took 0.049 seconds
[2024-07-02 20:01:47,174] {scheduler_job.py:182} INFO - Started process (PID=340) to work on /home/airflow/.local/lib/python3.6/site-packages/airflow/example_dags/example_kubernetes_executor_config.py
[2024-07-02 20:01:47,174] {scheduler_job.py:629} INFO - Processing file /home/airflow/.local/lib/python3.6/site-packages/airflow/example_dags/example_kubernetes_executor_config.py for tasks to queue
[2024-07-02 20:01:47,175] {logging_mixin.py:104} INFO - [2024-07-02 20:01:47,175] {dagbag.py:451} INFO - Filling up the DagBag from /home/airflow/.local/lib/python3.6/site-packages/airflow/example_dags/example_kubernetes_executor_config.py
[2024-07-02 20:01:47,184] {scheduler_job.py:639} INFO - DAG(s) dict_keys(['example_kubernetes_executor_config']) retrieved from /home/airflow/.local/lib/python3.6/site-packages/airflow/example_dags/example_kubernetes_executor_config.py
[2024-07-02 20:01:47,200] {logging_mixin.py:104} INFO - [2024-07-02 20:01:47,200] {dag.py:1824} INFO - Sync 1 DAGs
[2024-07-02 20:01:47,211] {logging_mixin.py:104} INFO - [2024-07-02 20:01:47,211] {dag.py:2280} INFO - Setting next_dagrun for example_kubernetes_executor_config to None
[2024-07-02 20:01:47,221] {scheduler_job.py:190} INFO - Processing /home/airflow/.local/lib/python3.6/site-packages/airflow/example_dags/example_kubernetes_executor_config.py took 0.049 seconds
[2024-07-02 20:02:17,254] {scheduler_job.py:182} INFO - Started process (PID=364) to work on /home/airflow/.local/lib/python3.6/site-packages/airflow/example_dags/example_kubernetes_executor_config.py
[2024-07-02 20:02:17,255] {scheduler_job.py:629} INFO - Processing file /home/airflow/.local/lib/python3.6/site-packages/airflow/example_dags/example_kubernetes_executor_config.py for tasks to queue
[2024-07-02 20:02:17,255] {logging_mixin.py:104} INFO - [2024-07-02 20:02:17,255] {dagbag.py:451} INFO - Filling up the DagBag from /home/airflow/.local/lib/python3.6/site-packages/airflow/example_dags/example_kubernetes_executor_config.py
[2024-07-02 20:02:17,267] {scheduler_job.py:639} INFO - DAG(s) dict_keys(['example_kubernetes_executor_config']) retrieved from /home/airflow/.local/lib/python3.6/site-packages/airflow/example_dags/example_kubernetes_executor_config.py
[2024-07-02 20:02:17,286] {logging_mixin.py:104} INFO - [2024-07-02 20:02:17,286] {dag.py:1824} INFO - Sync 1 DAGs
[2024-07-02 20:02:17,298] {logging_mixin.py:104} INFO - [2024-07-02 20:02:17,298] {dag.py:2280} INFO - Setting next_dagrun for example_kubernetes_executor_config to None
[2024-07-02 20:02:17,311] {scheduler_job.py:190} INFO - Processing /home/airflow/.local/lib/python3.6/site-packages/airflow/example_dags/example_kubernetes_executor_config.py took 0.060 seconds
[2024-07-02 20:02:47,381] {scheduler_job.py:182} INFO - Started process (PID=390) to work on /home/airflow/.local/lib/python3.6/site-packages/airflow/example_dags/example_kubernetes_executor_config.py
[2024-07-02 20:02:47,381] {scheduler_job.py:629} INFO - Processing file /home/airflow/.local/lib/python3.6/site-packages/airflow/example_dags/example_kubernetes_executor_config.py for tasks to queue
[2024-07-02 20:02:47,382] {logging_mixin.py:104} INFO - [2024-07-02 20:02:47,382] {dagbag.py:451} INFO - Filling up the DagBag from /home/airflow/.local/lib/python3.6/site-packages/airflow/example_dags/example_kubernetes_executor_config.py
[2024-07-02 20:02:47,392] {scheduler_job.py:639} INFO - DAG(s) dict_keys(['example_kubernetes_executor_config']) retrieved from /home/airflow/.local/lib/python3.6/site-packages/airflow/example_dags/example_kubernetes_executor_config.py
[2024-07-02 20:02:47,408] {logging_mixin.py:104} INFO - [2024-07-02 20:02:47,408] {dag.py:1824} INFO - Sync 1 DAGs
[2024-07-02 20:02:47,418] {logging_mixin.py:104} INFO - [2024-07-02 20:02:47,418] {dag.py:2280} INFO - Setting next_dagrun for example_kubernetes_executor_config to None
[2024-07-02 20:02:47,430] {scheduler_job.py:190} INFO - Processing /home/airflow/.local/lib/python3.6/site-packages/airflow/example_dags/example_kubernetes_executor_config.py took 0.051 seconds
[2024-07-02 20:03:17,486] {scheduler_job.py:182} INFO - Started process (PID=416) to work on /home/airflow/.local/lib/python3.6/site-packages/airflow/example_dags/example_kubernetes_executor_config.py
[2024-07-02 20:03:17,487] {scheduler_job.py:629} INFO - Processing file /home/airflow/.local/lib/python3.6/site-packages/airflow/example_dags/example_kubernetes_executor_config.py for tasks to queue
[2024-07-02 20:03:17,487] {logging_mixin.py:104} INFO - [2024-07-02 20:03:17,487] {dagbag.py:451} INFO - Filling up the DagBag from /home/airflow/.local/lib/python3.6/site-packages/airflow/example_dags/example_kubernetes_executor_config.py
[2024-07-02 20:03:17,501] {scheduler_job.py:639} INFO - DAG(s) dict_keys(['example_kubernetes_executor_config']) retrieved from /home/airflow/.local/lib/python3.6/site-packages/airflow/example_dags/example_kubernetes_executor_config.py
[2024-07-02 20:03:17,518] {logging_mixin.py:104} INFO - [2024-07-02 20:03:17,518] {dag.py:1824} INFO - Sync 1 DAGs
[2024-07-02 20:03:17,529] {logging_mixin.py:104} INFO - [2024-07-02 20:03:17,528] {dag.py:2280} INFO - Setting next_dagrun for example_kubernetes_executor_config to None
[2024-07-02 20:03:17,540] {scheduler_job.py:190} INFO - Processing /home/airflow/.local/lib/python3.6/site-packages/airflow/example_dags/example_kubernetes_executor_config.py took 0.057 seconds
[2024-07-02 20:03:47,627] {scheduler_job.py:182} INFO - Started process (PID=442) to work on /home/airflow/.local/lib/python3.6/site-packages/airflow/example_dags/example_kubernetes_executor_config.py
[2024-07-02 20:03:47,628] {scheduler_job.py:629} INFO - Processing file /home/airflow/.local/lib/python3.6/site-packages/airflow/example_dags/example_kubernetes_executor_config.py for tasks to queue
[2024-07-02 20:03:47,628] {logging_mixin.py:104} INFO - [2024-07-02 20:03:47,628] {dagbag.py:451} INFO - Filling up the DagBag from /home/airflow/.local/lib/python3.6/site-packages/airflow/example_dags/example_kubernetes_executor_config.py
[2024-07-02 20:03:47,640] {scheduler_job.py:639} INFO - DAG(s) dict_keys(['example_kubernetes_executor_config']) retrieved from /home/airflow/.local/lib/python3.6/site-packages/airflow/example_dags/example_kubernetes_executor_config.py
[2024-07-02 20:03:47,658] {logging_mixin.py:104} INFO - [2024-07-02 20:03:47,658] {dag.py:1824} INFO - Sync 1 DAGs
[2024-07-02 20:03:47,671] {logging_mixin.py:104} INFO - [2024-07-02 20:03:47,671] {dag.py:2280} INFO - Setting next_dagrun for example_kubernetes_executor_config to None
[2024-07-02 20:03:47,683] {scheduler_job.py:190} INFO - Processing /home/airflow/.local/lib/python3.6/site-packages/airflow/example_dags/example_kubernetes_executor_config.py took 0.059 seconds
[2024-07-02 20:04:17,739] {scheduler_job.py:182} INFO - Started process (PID=468) to work on /home/airflow/.local/lib/python3.6/site-packages/airflow/example_dags/example_kubernetes_executor_config.py
[2024-07-02 20:04:17,739] {scheduler_job.py:629} INFO - Processing file /home/airflow/.local/lib/python3.6/site-packages/airflow/example_dags/example_kubernetes_executor_config.py for tasks to queue
[2024-07-02 20:04:17,740] {logging_mixin.py:104} INFO - [2024-07-02 20:04:17,740] {dagbag.py:451} INFO - Filling up the DagBag from /home/airflow/.local/lib/python3.6/site-packages/airflow/example_dags/example_kubernetes_executor_config.py
[2024-07-02 20:04:17,750] {scheduler_job.py:639} INFO - DAG(s) dict_keys(['example_kubernetes_executor_config']) retrieved from /home/airflow/.local/lib/python3.6/site-packages/airflow/example_dags/example_kubernetes_executor_config.py
[2024-07-02 20:04:17,766] {logging_mixin.py:104} INFO - [2024-07-02 20:04:17,766] {dag.py:1824} INFO - Sync 1 DAGs
[2024-07-02 20:04:17,777] {logging_mixin.py:104} INFO - [2024-07-02 20:04:17,777] {dag.py:2280} INFO - Setting next_dagrun for example_kubernetes_executor_config to None
[2024-07-02 20:04:17,787] {scheduler_job.py:190} INFO - Processing /home/airflow/.local/lib/python3.6/site-packages/airflow/example_dags/example_kubernetes_executor_config.py took 0.050 seconds
[2024-07-02 20:04:47,884] {scheduler_job.py:182} INFO - Started process (PID=494) to work on /home/airflow/.local/lib/python3.6/site-packages/airflow/example_dags/example_kubernetes_executor_config.py
[2024-07-02 20:04:47,884] {scheduler_job.py:629} INFO - Processing file /home/airflow/.local/lib/python3.6/site-packages/airflow/example_dags/example_kubernetes_executor_config.py for tasks to queue
[2024-07-02 20:04:47,885] {logging_mixin.py:104} INFO - [2024-07-02 20:04:47,885] {dagbag.py:451} INFO - Filling up the DagBag from /home/airflow/.local/lib/python3.6/site-packages/airflow/example_dags/example_kubernetes_executor_config.py
[2024-07-02 20:04:47,894] {scheduler_job.py:639} INFO - DAG(s) dict_keys(['example_kubernetes_executor_config']) retrieved from /home/airflow/.local/lib/python3.6/site-packages/airflow/example_dags/example_kubernetes_executor_config.py
[2024-07-02 20:04:47,909] {logging_mixin.py:104} INFO - [2024-07-02 20:04:47,909] {dag.py:1824} INFO - Sync 1 DAGs
[2024-07-02 20:04:47,921] {logging_mixin.py:104} INFO - [2024-07-02 20:04:47,921] {dag.py:2280} INFO - Setting next_dagrun for example_kubernetes_executor_config to None
[2024-07-02 20:04:47,930] {scheduler_job.py:190} INFO - Processing /home/airflow/.local/lib/python3.6/site-packages/airflow/example_dags/example_kubernetes_executor_config.py took 0.048 seconds
[2024-07-02 20:05:18,972] {scheduler_job.py:182} INFO - Started process (PID=522) to work on /home/airflow/.local/lib/python3.6/site-packages/airflow/example_dags/example_kubernetes_executor_config.py
[2024-07-02 20:05:18,973] {scheduler_job.py:629} INFO - Processing file /home/airflow/.local/lib/python3.6/site-packages/airflow/example_dags/example_kubernetes_executor_config.py for tasks to queue
[2024-07-02 20:05:18,973] {logging_mixin.py:104} INFO - [2024-07-02 20:05:18,973] {dagbag.py:451} INFO - Filling up the DagBag from /home/airflow/.local/lib/python3.6/site-packages/airflow/example_dags/example_kubernetes_executor_config.py
[2024-07-02 20:05:18,983] {scheduler_job.py:639} INFO - DAG(s) dict_keys(['example_kubernetes_executor_config']) retrieved from /home/airflow/.local/lib/python3.6/site-packages/airflow/example_dags/example_kubernetes_executor_config.py
[2024-07-02 20:05:18,998] {logging_mixin.py:104} INFO - [2024-07-02 20:05:18,998] {dag.py:1824} INFO - Sync 1 DAGs
[2024-07-02 20:05:19,009] {logging_mixin.py:104} INFO - [2024-07-02 20:05:19,009] {dag.py:2280} INFO - Setting next_dagrun for example_kubernetes_executor_config to None
[2024-07-02 20:05:19,018] {scheduler_job.py:190} INFO - Processing /home/airflow/.local/lib/python3.6/site-packages/airflow/example_dags/example_kubernetes_executor_config.py took 0.048 seconds
[2024-07-02 20:05:49,892] {scheduler_job.py:182} INFO - Started process (PID=548) to work on /home/airflow/.local/lib/python3.6/site-packages/airflow/example_dags/example_kubernetes_executor_config.py
[2024-07-02 20:05:49,892] {scheduler_job.py:629} INFO - Processing file /home/airflow/.local/lib/python3.6/site-packages/airflow/example_dags/example_kubernetes_executor_config.py for tasks to queue
[2024-07-02 20:05:49,893] {logging_mixin.py:104} INFO - [2024-07-02 20:05:49,893] {dagbag.py:451} INFO - Filling up the DagBag from /home/airflow/.local/lib/python3.6/site-packages/airflow/example_dags/example_kubernetes_executor_config.py
[2024-07-02 20:05:49,902] {scheduler_job.py:639} INFO - DAG(s) dict_keys(['example_kubernetes_executor_config']) retrieved from /home/airflow/.local/lib/python3.6/site-packages/airflow/example_dags/example_kubernetes_executor_config.py
[2024-07-02 20:05:49,918] {logging_mixin.py:104} INFO - [2024-07-02 20:05:49,918] {dag.py:1824} INFO - Sync 1 DAGs
[2024-07-02 20:05:49,929] {logging_mixin.py:104} INFO - [2024-07-02 20:05:49,929] {dag.py:2280} INFO - Setting next_dagrun for example_kubernetes_executor_config to None
[2024-07-02 20:05:49,940] {scheduler_job.py:190} INFO - Processing /home/airflow/.local/lib/python3.6/site-packages/airflow/example_dags/example_kubernetes_executor_config.py took 0.051 seconds
[2024-07-02 20:06:20,804] {scheduler_job.py:182} INFO - Started process (PID=574) to work on /home/airflow/.local/lib/python3.6/site-packages/airflow/example_dags/example_kubernetes_executor_config.py
[2024-07-02 20:06:20,805] {scheduler_job.py:629} INFO - Processing file /home/airflow/.local/lib/python3.6/site-packages/airflow/example_dags/example_kubernetes_executor_config.py for tasks to queue
[2024-07-02 20:06:20,805] {logging_mixin.py:104} INFO - [2024-07-02 20:06:20,805] {dagbag.py:451} INFO - Filling up the DagBag from /home/airflow/.local/lib/python3.6/site-packages/airflow/example_dags/example_kubernetes_executor_config.py
[2024-07-02 20:06:20,815] {scheduler_job.py:639} INFO - DAG(s) dict_keys(['example_kubernetes_executor_config']) retrieved from /home/airflow/.local/lib/python3.6/site-packages/airflow/example_dags/example_kubernetes_executor_config.py
[2024-07-02 20:06:20,831] {logging_mixin.py:104} INFO - [2024-07-02 20:06:20,831] {dag.py:1824} INFO - Sync 1 DAGs
[2024-07-02 20:06:20,841] {logging_mixin.py:104} INFO - [2024-07-02 20:06:20,841] {dag.py:2280} INFO - Setting next_dagrun for example_kubernetes_executor_config to None
[2024-07-02 20:06:20,850] {scheduler_job.py:190} INFO - Processing /home/airflow/.local/lib/python3.6/site-packages/airflow/example_dags/example_kubernetes_executor_config.py took 0.048 seconds
[2024-07-02 20:06:51,870] {scheduler_job.py:182} INFO - Started process (PID=600) to work on /home/airflow/.local/lib/python3.6/site-packages/airflow/example_dags/example_kubernetes_executor_config.py
[2024-07-02 20:06:51,871] {scheduler_job.py:629} INFO - Processing file /home/airflow/.local/lib/python3.6/site-packages/airflow/example_dags/example_kubernetes_executor_config.py for tasks to queue
[2024-07-02 20:06:51,871] {logging_mixin.py:104} INFO - [2024-07-02 20:06:51,871] {dagbag.py:451} INFO - Filling up the DagBag from /home/airflow/.local/lib/python3.6/site-packages/airflow/example_dags/example_kubernetes_executor_config.py
[2024-07-02 20:06:51,882] {scheduler_job.py:639} INFO - DAG(s) dict_keys(['example_kubernetes_executor_config']) retrieved from /home/airflow/.local/lib/python3.6/site-packages/airflow/example_dags/example_kubernetes_executor_config.py
[2024-07-02 20:06:51,898] {logging_mixin.py:104} INFO - [2024-07-02 20:06:51,898] {dag.py:1824} INFO - Sync 1 DAGs
[2024-07-02 20:06:51,909] {logging_mixin.py:104} INFO - [2024-07-02 20:06:51,909] {dag.py:2280} INFO - Setting next_dagrun for example_kubernetes_executor_config to None
[2024-07-02 20:06:51,920] {scheduler_job.py:190} INFO - Processing /home/airflow/.local/lib/python3.6/site-packages/airflow/example_dags/example_kubernetes_executor_config.py took 0.052 seconds
[2024-07-02 20:07:22,903] {scheduler_job.py:182} INFO - Started process (PID=626) to work on /home/airflow/.local/lib/python3.6/site-packages/airflow/example_dags/example_kubernetes_executor_config.py
[2024-07-02 20:07:22,904] {scheduler_job.py:629} INFO - Processing file /home/airflow/.local/lib/python3.6/site-packages/airflow/example_dags/example_kubernetes_executor_config.py for tasks to queue
[2024-07-02 20:07:22,904] {logging_mixin.py:104} INFO - [2024-07-02 20:07:22,904] {dagbag.py:451} INFO - Filling up the DagBag from /home/airflow/.local/lib/python3.6/site-packages/airflow/example_dags/example_kubernetes_executor_config.py
[2024-07-02 20:07:22,914] {scheduler_job.py:639} INFO - DAG(s) dict_keys(['example_kubernetes_executor_config']) retrieved from /home/airflow/.local/lib/python3.6/site-packages/airflow/example_dags/example_kubernetes_executor_config.py
[2024-07-02 20:07:22,933] {logging_mixin.py:104} INFO - [2024-07-02 20:07:22,932] {dag.py:1824} INFO - Sync 1 DAGs
[2024-07-02 20:07:22,944] {logging_mixin.py:104} INFO - [2024-07-02 20:07:22,944] {dag.py:2280} INFO - Setting next_dagrun for example_kubernetes_executor_config to None
[2024-07-02 20:07:22,954] {scheduler_job.py:190} INFO - Processing /home/airflow/.local/lib/python3.6/site-packages/airflow/example_dags/example_kubernetes_executor_config.py took 0.052 seconds
