[2024-07-02 19:52:34,023] {scheduler_job.py:182} INFO - Started process (PID=44) to work on /home/airflow/.local/lib/python3.6/site-packages/airflow/example_dags/example_skip_dag.py
[2024-07-02 19:52:34,025] {scheduler_job.py:629} INFO - Processing file /home/airflow/.local/lib/python3.6/site-packages/airflow/example_dags/example_skip_dag.py for tasks to queue
[2024-07-02 19:52:34,026] {logging_mixin.py:104} INFO - [2024-07-02 19:52:34,025] {dagbag.py:451} INFO - Filling up the DagBag from /home/airflow/.local/lib/python3.6/site-packages/airflow/example_dags/example_skip_dag.py
[2024-07-02 19:52:34,042] {scheduler_job.py:639} INFO - DAG(s) dict_keys(['example_skip_dag']) retrieved from /home/airflow/.local/lib/python3.6/site-packages/airflow/example_dags/example_skip_dag.py
[2024-07-02 19:52:34,076] {logging_mixin.py:104} INFO - [2024-07-02 19:52:34,076] {dag.py:1824} INFO - Sync 1 DAGs
[2024-07-02 19:52:34,091] {logging_mixin.py:104} INFO - [2024-07-02 19:52:34,091] {dag.py:1843} INFO - Creating ORM DAG for example_skip_dag
[2024-07-02 19:52:34,099] {logging_mixin.py:104} INFO - [2024-07-02 19:52:34,099] {dag.py:2280} INFO - Setting next_dagrun for example_skip_dag to 2024-06-30 00:00:00+00:00
[2024-07-02 19:52:34,119] {scheduler_job.py:190} INFO - Processing /home/airflow/.local/lib/python3.6/site-packages/airflow/example_dags/example_skip_dag.py took 0.100 seconds
[2024-07-02 19:53:04,422] {scheduler_job.py:182} INFO - Started process (PID=69) to work on /home/airflow/.local/lib/python3.6/site-packages/airflow/example_dags/example_skip_dag.py
[2024-07-02 19:53:04,422] {scheduler_job.py:629} INFO - Processing file /home/airflow/.local/lib/python3.6/site-packages/airflow/example_dags/example_skip_dag.py for tasks to queue
[2024-07-02 19:53:04,423] {logging_mixin.py:104} INFO - [2024-07-02 19:53:04,423] {dagbag.py:451} INFO - Filling up the DagBag from /home/airflow/.local/lib/python3.6/site-packages/airflow/example_dags/example_skip_dag.py
[2024-07-02 19:53:04,430] {scheduler_job.py:639} INFO - DAG(s) dict_keys(['example_skip_dag']) retrieved from /home/airflow/.local/lib/python3.6/site-packages/airflow/example_dags/example_skip_dag.py
[2024-07-02 19:53:04,446] {logging_mixin.py:104} INFO - [2024-07-02 19:53:04,446] {dag.py:1824} INFO - Sync 1 DAGs
[2024-07-02 19:53:04,457] {logging_mixin.py:104} INFO - [2024-07-02 19:53:04,457] {dag.py:2280} INFO - Setting next_dagrun for example_skip_dag to 2024-06-30 00:00:00+00:00
[2024-07-02 19:53:04,465] {scheduler_job.py:190} INFO - Processing /home/airflow/.local/lib/python3.6/site-packages/airflow/example_dags/example_skip_dag.py took 0.045 seconds
[2024-07-02 19:53:35,376] {scheduler_job.py:182} INFO - Started process (PID=96) to work on /home/airflow/.local/lib/python3.6/site-packages/airflow/example_dags/example_skip_dag.py
[2024-07-02 19:53:35,377] {scheduler_job.py:629} INFO - Processing file /home/airflow/.local/lib/python3.6/site-packages/airflow/example_dags/example_skip_dag.py for tasks to queue
[2024-07-02 19:53:35,377] {logging_mixin.py:104} INFO - [2024-07-02 19:53:35,377] {dagbag.py:451} INFO - Filling up the DagBag from /home/airflow/.local/lib/python3.6/site-packages/airflow/example_dags/example_skip_dag.py
[2024-07-02 19:53:35,384] {scheduler_job.py:639} INFO - DAG(s) dict_keys(['example_skip_dag']) retrieved from /home/airflow/.local/lib/python3.6/site-packages/airflow/example_dags/example_skip_dag.py
[2024-07-02 19:53:35,399] {logging_mixin.py:104} INFO - [2024-07-02 19:53:35,399] {dag.py:1824} INFO - Sync 1 DAGs
[2024-07-02 19:53:35,410] {logging_mixin.py:104} INFO - [2024-07-02 19:53:35,410] {dag.py:2280} INFO - Setting next_dagrun for example_skip_dag to 2024-06-30 00:00:00+00:00
[2024-07-02 19:53:35,418] {scheduler_job.py:190} INFO - Processing /home/airflow/.local/lib/python3.6/site-packages/airflow/example_dags/example_skip_dag.py took 0.043 seconds
[2024-07-02 19:54:06,335] {scheduler_job.py:182} INFO - Started process (PID=122) to work on /home/airflow/.local/lib/python3.6/site-packages/airflow/example_dags/example_skip_dag.py
[2024-07-02 19:54:06,335] {scheduler_job.py:629} INFO - Processing file /home/airflow/.local/lib/python3.6/site-packages/airflow/example_dags/example_skip_dag.py for tasks to queue
[2024-07-02 19:54:06,336] {logging_mixin.py:104} INFO - [2024-07-02 19:54:06,336] {dagbag.py:451} INFO - Filling up the DagBag from /home/airflow/.local/lib/python3.6/site-packages/airflow/example_dags/example_skip_dag.py
[2024-07-02 19:54:06,344] {scheduler_job.py:639} INFO - DAG(s) dict_keys(['example_skip_dag']) retrieved from /home/airflow/.local/lib/python3.6/site-packages/airflow/example_dags/example_skip_dag.py
[2024-07-02 19:54:06,359] {logging_mixin.py:104} INFO - [2024-07-02 19:54:06,359] {dag.py:1824} INFO - Sync 1 DAGs
[2024-07-02 19:54:06,372] {logging_mixin.py:104} INFO - [2024-07-02 19:54:06,372] {dag.py:2280} INFO - Setting next_dagrun for example_skip_dag to 2024-06-30 00:00:00+00:00
[2024-07-02 19:54:06,381] {scheduler_job.py:190} INFO - Processing /home/airflow/.local/lib/python3.6/site-packages/airflow/example_dags/example_skip_dag.py took 0.049 seconds
[2024-07-02 19:54:37,346] {scheduler_job.py:182} INFO - Started process (PID=148) to work on /home/airflow/.local/lib/python3.6/site-packages/airflow/example_dags/example_skip_dag.py
[2024-07-02 19:54:37,346] {scheduler_job.py:629} INFO - Processing file /home/airflow/.local/lib/python3.6/site-packages/airflow/example_dags/example_skip_dag.py for tasks to queue
[2024-07-02 19:54:37,347] {logging_mixin.py:104} INFO - [2024-07-02 19:54:37,347] {dagbag.py:451} INFO - Filling up the DagBag from /home/airflow/.local/lib/python3.6/site-packages/airflow/example_dags/example_skip_dag.py
[2024-07-02 19:54:37,354] {scheduler_job.py:639} INFO - DAG(s) dict_keys(['example_skip_dag']) retrieved from /home/airflow/.local/lib/python3.6/site-packages/airflow/example_dags/example_skip_dag.py
[2024-07-02 19:54:37,370] {logging_mixin.py:104} INFO - [2024-07-02 19:54:37,370] {dag.py:1824} INFO - Sync 1 DAGs
[2024-07-02 19:54:37,381] {logging_mixin.py:104} INFO - [2024-07-02 19:54:37,381] {dag.py:2280} INFO - Setting next_dagrun for example_skip_dag to 2024-06-30 00:00:00+00:00
[2024-07-02 19:54:37,388] {scheduler_job.py:190} INFO - Processing /home/airflow/.local/lib/python3.6/site-packages/airflow/example_dags/example_skip_dag.py took 0.044 seconds
[2024-07-02 19:55:08,350] {scheduler_job.py:182} INFO - Started process (PID=174) to work on /home/airflow/.local/lib/python3.6/site-packages/airflow/example_dags/example_skip_dag.py
[2024-07-02 19:55:08,350] {scheduler_job.py:629} INFO - Processing file /home/airflow/.local/lib/python3.6/site-packages/airflow/example_dags/example_skip_dag.py for tasks to queue
[2024-07-02 19:55:08,351] {logging_mixin.py:104} INFO - [2024-07-02 19:55:08,351] {dagbag.py:451} INFO - Filling up the DagBag from /home/airflow/.local/lib/python3.6/site-packages/airflow/example_dags/example_skip_dag.py
[2024-07-02 19:55:08,358] {scheduler_job.py:639} INFO - DAG(s) dict_keys(['example_skip_dag']) retrieved from /home/airflow/.local/lib/python3.6/site-packages/airflow/example_dags/example_skip_dag.py
[2024-07-02 19:55:08,373] {logging_mixin.py:104} INFO - [2024-07-02 19:55:08,373] {dag.py:1824} INFO - Sync 1 DAGs
[2024-07-02 19:55:08,384] {logging_mixin.py:104} INFO - [2024-07-02 19:55:08,384] {dag.py:2280} INFO - Setting next_dagrun for example_skip_dag to 2024-06-30 00:00:00+00:00
[2024-07-02 19:55:08,395] {scheduler_job.py:190} INFO - Processing /home/airflow/.local/lib/python3.6/site-packages/airflow/example_dags/example_skip_dag.py took 0.047 seconds
[2024-07-02 19:56:06,104] {scheduler_job.py:182} INFO - Started process (PID=35) to work on /home/airflow/.local/lib/python3.6/site-packages/airflow/example_dags/example_skip_dag.py
[2024-07-02 19:56:06,105] {scheduler_job.py:629} INFO - Processing file /home/airflow/.local/lib/python3.6/site-packages/airflow/example_dags/example_skip_dag.py for tasks to queue
[2024-07-02 19:56:06,105] {logging_mixin.py:104} INFO - [2024-07-02 19:56:06,105] {dagbag.py:451} INFO - Filling up the DagBag from /home/airflow/.local/lib/python3.6/site-packages/airflow/example_dags/example_skip_dag.py
[2024-07-02 19:56:06,112] {scheduler_job.py:639} INFO - DAG(s) dict_keys(['example_skip_dag']) retrieved from /home/airflow/.local/lib/python3.6/site-packages/airflow/example_dags/example_skip_dag.py
[2024-07-02 19:56:06,131] {logging_mixin.py:104} INFO - [2024-07-02 19:56:06,130] {dag.py:1824} INFO - Sync 1 DAGs
[2024-07-02 19:56:06,146] {logging_mixin.py:104} INFO - [2024-07-02 19:56:06,146] {dag.py:2280} INFO - Setting next_dagrun for example_skip_dag to 2024-06-30 00:00:00+00:00
[2024-07-02 19:56:06,156] {scheduler_job.py:190} INFO - Processing /home/airflow/.local/lib/python3.6/site-packages/airflow/example_dags/example_skip_dag.py took 0.054 seconds
[2024-07-02 19:56:36,277] {scheduler_job.py:182} INFO - Started process (PID=57) to work on /home/airflow/.local/lib/python3.6/site-packages/airflow/example_dags/example_skip_dag.py
[2024-07-02 19:56:36,278] {scheduler_job.py:629} INFO - Processing file /home/airflow/.local/lib/python3.6/site-packages/airflow/example_dags/example_skip_dag.py for tasks to queue
[2024-07-02 19:56:36,280] {logging_mixin.py:104} INFO - [2024-07-02 19:56:36,279] {dagbag.py:451} INFO - Filling up the DagBag from /home/airflow/.local/lib/python3.6/site-packages/airflow/example_dags/example_skip_dag.py
[2024-07-02 19:56:36,292] {scheduler_job.py:639} INFO - DAG(s) dict_keys(['example_skip_dag']) retrieved from /home/airflow/.local/lib/python3.6/site-packages/airflow/example_dags/example_skip_dag.py
[2024-07-02 19:56:36,310] {logging_mixin.py:104} INFO - [2024-07-02 19:56:36,310] {dag.py:1824} INFO - Sync 1 DAGs
[2024-07-02 19:56:36,323] {logging_mixin.py:104} INFO - [2024-07-02 19:56:36,323] {dag.py:2280} INFO - Setting next_dagrun for example_skip_dag to 2024-06-30 00:00:00+00:00
[2024-07-02 19:56:36,331] {scheduler_job.py:190} INFO - Processing /home/airflow/.local/lib/python3.6/site-packages/airflow/example_dags/example_skip_dag.py took 0.058 seconds
[2024-07-02 19:57:06,385] {scheduler_job.py:182} INFO - Started process (PID=83) to work on /home/airflow/.local/lib/python3.6/site-packages/airflow/example_dags/example_skip_dag.py
[2024-07-02 19:57:06,386] {scheduler_job.py:629} INFO - Processing file /home/airflow/.local/lib/python3.6/site-packages/airflow/example_dags/example_skip_dag.py for tasks to queue
[2024-07-02 19:57:06,387] {logging_mixin.py:104} INFO - [2024-07-02 19:57:06,387] {dagbag.py:451} INFO - Filling up the DagBag from /home/airflow/.local/lib/python3.6/site-packages/airflow/example_dags/example_skip_dag.py
[2024-07-02 19:57:06,397] {scheduler_job.py:639} INFO - DAG(s) dict_keys(['example_skip_dag']) retrieved from /home/airflow/.local/lib/python3.6/site-packages/airflow/example_dags/example_skip_dag.py
[2024-07-02 19:57:06,415] {logging_mixin.py:104} INFO - [2024-07-02 19:57:06,415] {dag.py:1824} INFO - Sync 1 DAGs
[2024-07-02 19:57:06,427] {logging_mixin.py:104} INFO - [2024-07-02 19:57:06,427] {dag.py:2280} INFO - Setting next_dagrun for example_skip_dag to 2024-06-30 00:00:00+00:00
[2024-07-02 19:57:06,442] {scheduler_job.py:190} INFO - Processing /home/airflow/.local/lib/python3.6/site-packages/airflow/example_dags/example_skip_dag.py took 0.060 seconds
[2024-07-02 19:57:36,530] {scheduler_job.py:182} INFO - Started process (PID=109) to work on /home/airflow/.local/lib/python3.6/site-packages/airflow/example_dags/example_skip_dag.py
[2024-07-02 19:57:36,532] {scheduler_job.py:629} INFO - Processing file /home/airflow/.local/lib/python3.6/site-packages/airflow/example_dags/example_skip_dag.py for tasks to queue
[2024-07-02 19:57:36,533] {logging_mixin.py:104} INFO - [2024-07-02 19:57:36,532] {dagbag.py:451} INFO - Filling up the DagBag from /home/airflow/.local/lib/python3.6/site-packages/airflow/example_dags/example_skip_dag.py
[2024-07-02 19:57:36,549] {scheduler_job.py:639} INFO - DAG(s) dict_keys(['example_skip_dag']) retrieved from /home/airflow/.local/lib/python3.6/site-packages/airflow/example_dags/example_skip_dag.py
[2024-07-02 19:57:36,568] {logging_mixin.py:104} INFO - [2024-07-02 19:57:36,568] {dag.py:1824} INFO - Sync 1 DAGs
[2024-07-02 19:57:36,579] {logging_mixin.py:104} INFO - [2024-07-02 19:57:36,579] {dag.py:2280} INFO - Setting next_dagrun for example_skip_dag to 2024-06-30 00:00:00+00:00
[2024-07-02 19:57:36,595] {scheduler_job.py:190} INFO - Processing /home/airflow/.local/lib/python3.6/site-packages/airflow/example_dags/example_skip_dag.py took 0.072 seconds
[2024-07-02 19:58:07,589] {scheduler_job.py:182} INFO - Started process (PID=139) to work on /home/airflow/.local/lib/python3.6/site-packages/airflow/example_dags/example_skip_dag.py
[2024-07-02 19:58:07,589] {scheduler_job.py:629} INFO - Processing file /home/airflow/.local/lib/python3.6/site-packages/airflow/example_dags/example_skip_dag.py for tasks to queue
[2024-07-02 19:58:07,590] {logging_mixin.py:104} INFO - [2024-07-02 19:58:07,590] {dagbag.py:451} INFO - Filling up the DagBag from /home/airflow/.local/lib/python3.6/site-packages/airflow/example_dags/example_skip_dag.py
[2024-07-02 19:58:07,597] {scheduler_job.py:639} INFO - DAG(s) dict_keys(['example_skip_dag']) retrieved from /home/airflow/.local/lib/python3.6/site-packages/airflow/example_dags/example_skip_dag.py
[2024-07-02 19:58:07,611] {logging_mixin.py:104} INFO - [2024-07-02 19:58:07,611] {dag.py:1824} INFO - Sync 1 DAGs
[2024-07-02 19:58:07,622] {logging_mixin.py:104} INFO - [2024-07-02 19:58:07,622] {dag.py:2280} INFO - Setting next_dagrun for example_skip_dag to 2024-06-30 00:00:00+00:00
[2024-07-02 19:58:07,630] {scheduler_job.py:190} INFO - Processing /home/airflow/.local/lib/python3.6/site-packages/airflow/example_dags/example_skip_dag.py took 0.044 seconds
[2024-07-02 19:58:38,554] {scheduler_job.py:182} INFO - Started process (PID=165) to work on /home/airflow/.local/lib/python3.6/site-packages/airflow/example_dags/example_skip_dag.py
[2024-07-02 19:58:38,556] {scheduler_job.py:629} INFO - Processing file /home/airflow/.local/lib/python3.6/site-packages/airflow/example_dags/example_skip_dag.py for tasks to queue
[2024-07-02 19:58:38,556] {logging_mixin.py:104} INFO - [2024-07-02 19:58:38,556] {dagbag.py:451} INFO - Filling up the DagBag from /home/airflow/.local/lib/python3.6/site-packages/airflow/example_dags/example_skip_dag.py
[2024-07-02 19:58:38,564] {scheduler_job.py:639} INFO - DAG(s) dict_keys(['example_skip_dag']) retrieved from /home/airflow/.local/lib/python3.6/site-packages/airflow/example_dags/example_skip_dag.py
[2024-07-02 19:58:38,581] {logging_mixin.py:104} INFO - [2024-07-02 19:58:38,581] {dag.py:1824} INFO - Sync 1 DAGs
[2024-07-02 19:58:38,593] {logging_mixin.py:104} INFO - [2024-07-02 19:58:38,593] {dag.py:2280} INFO - Setting next_dagrun for example_skip_dag to 2024-06-30 00:00:00+00:00
[2024-07-02 19:58:38,602] {scheduler_job.py:190} INFO - Processing /home/airflow/.local/lib/python3.6/site-packages/airflow/example_dags/example_skip_dag.py took 0.049 seconds
[2024-07-02 19:59:09,514] {scheduler_job.py:182} INFO - Started process (PID=191) to work on /home/airflow/.local/lib/python3.6/site-packages/airflow/example_dags/example_skip_dag.py
[2024-07-02 19:59:09,515] {scheduler_job.py:629} INFO - Processing file /home/airflow/.local/lib/python3.6/site-packages/airflow/example_dags/example_skip_dag.py for tasks to queue
[2024-07-02 19:59:09,515] {logging_mixin.py:104} INFO - [2024-07-02 19:59:09,515] {dagbag.py:451} INFO - Filling up the DagBag from /home/airflow/.local/lib/python3.6/site-packages/airflow/example_dags/example_skip_dag.py
[2024-07-02 19:59:09,522] {scheduler_job.py:639} INFO - DAG(s) dict_keys(['example_skip_dag']) retrieved from /home/airflow/.local/lib/python3.6/site-packages/airflow/example_dags/example_skip_dag.py
[2024-07-02 19:59:09,541] {logging_mixin.py:104} INFO - [2024-07-02 19:59:09,541] {dag.py:1824} INFO - Sync 1 DAGs
[2024-07-02 19:59:09,554] {logging_mixin.py:104} INFO - [2024-07-02 19:59:09,554] {dag.py:2280} INFO - Setting next_dagrun for example_skip_dag to 2024-06-30 00:00:00+00:00
[2024-07-02 19:59:09,563] {scheduler_job.py:190} INFO - Processing /home/airflow/.local/lib/python3.6/site-packages/airflow/example_dags/example_skip_dag.py took 0.051 seconds
[2024-07-02 19:59:40,473] {scheduler_job.py:182} INFO - Started process (PID=217) to work on /home/airflow/.local/lib/python3.6/site-packages/airflow/example_dags/example_skip_dag.py
[2024-07-02 19:59:40,474] {scheduler_job.py:629} INFO - Processing file /home/airflow/.local/lib/python3.6/site-packages/airflow/example_dags/example_skip_dag.py for tasks to queue
[2024-07-02 19:59:40,474] {logging_mixin.py:104} INFO - [2024-07-02 19:59:40,474] {dagbag.py:451} INFO - Filling up the DagBag from /home/airflow/.local/lib/python3.6/site-packages/airflow/example_dags/example_skip_dag.py
[2024-07-02 19:59:40,481] {scheduler_job.py:639} INFO - DAG(s) dict_keys(['example_skip_dag']) retrieved from /home/airflow/.local/lib/python3.6/site-packages/airflow/example_dags/example_skip_dag.py
[2024-07-02 19:59:40,496] {logging_mixin.py:104} INFO - [2024-07-02 19:59:40,496] {dag.py:1824} INFO - Sync 1 DAGs
[2024-07-02 19:59:40,508] {logging_mixin.py:104} INFO - [2024-07-02 19:59:40,508] {dag.py:2280} INFO - Setting next_dagrun for example_skip_dag to 2024-06-30 00:00:00+00:00
[2024-07-02 19:59:40,518] {scheduler_job.py:190} INFO - Processing /home/airflow/.local/lib/python3.6/site-packages/airflow/example_dags/example_skip_dag.py took 0.047 seconds
[2024-07-02 20:00:11,463] {scheduler_job.py:182} INFO - Started process (PID=243) to work on /home/airflow/.local/lib/python3.6/site-packages/airflow/example_dags/example_skip_dag.py
[2024-07-02 20:00:11,465] {scheduler_job.py:629} INFO - Processing file /home/airflow/.local/lib/python3.6/site-packages/airflow/example_dags/example_skip_dag.py for tasks to queue
[2024-07-02 20:00:11,465] {logging_mixin.py:104} INFO - [2024-07-02 20:00:11,465] {dagbag.py:451} INFO - Filling up the DagBag from /home/airflow/.local/lib/python3.6/site-packages/airflow/example_dags/example_skip_dag.py
[2024-07-02 20:00:11,475] {scheduler_job.py:639} INFO - DAG(s) dict_keys(['example_skip_dag']) retrieved from /home/airflow/.local/lib/python3.6/site-packages/airflow/example_dags/example_skip_dag.py
[2024-07-02 20:00:11,499] {logging_mixin.py:104} INFO - [2024-07-02 20:00:11,498] {dag.py:1824} INFO - Sync 1 DAGs
[2024-07-02 20:00:11,514] {logging_mixin.py:104} INFO - [2024-07-02 20:00:11,514] {dag.py:2280} INFO - Setting next_dagrun for example_skip_dag to 2024-06-30 00:00:00+00:00
[2024-07-02 20:00:11,525] {scheduler_job.py:190} INFO - Processing /home/airflow/.local/lib/python3.6/site-packages/airflow/example_dags/example_skip_dag.py took 0.065 seconds
[2024-07-02 20:00:42,527] {scheduler_job.py:182} INFO - Started process (PID=269) to work on /home/airflow/.local/lib/python3.6/site-packages/airflow/example_dags/example_skip_dag.py
[2024-07-02 20:00:42,528] {scheduler_job.py:629} INFO - Processing file /home/airflow/.local/lib/python3.6/site-packages/airflow/example_dags/example_skip_dag.py for tasks to queue
[2024-07-02 20:00:42,528] {logging_mixin.py:104} INFO - [2024-07-02 20:00:42,528] {dagbag.py:451} INFO - Filling up the DagBag from /home/airflow/.local/lib/python3.6/site-packages/airflow/example_dags/example_skip_dag.py
[2024-07-02 20:00:42,536] {scheduler_job.py:639} INFO - DAG(s) dict_keys(['example_skip_dag']) retrieved from /home/airflow/.local/lib/python3.6/site-packages/airflow/example_dags/example_skip_dag.py
[2024-07-02 20:00:42,552] {logging_mixin.py:104} INFO - [2024-07-02 20:00:42,552] {dag.py:1824} INFO - Sync 1 DAGs
[2024-07-02 20:00:42,563] {logging_mixin.py:104} INFO - [2024-07-02 20:00:42,563] {dag.py:2280} INFO - Setting next_dagrun for example_skip_dag to 2024-06-30 00:00:00+00:00
[2024-07-02 20:00:42,573] {scheduler_job.py:190} INFO - Processing /home/airflow/.local/lib/python3.6/site-packages/airflow/example_dags/example_skip_dag.py took 0.048 seconds
[2024-07-02 20:01:13,569] {scheduler_job.py:182} INFO - Started process (PID=295) to work on /home/airflow/.local/lib/python3.6/site-packages/airflow/example_dags/example_skip_dag.py
[2024-07-02 20:01:13,569] {scheduler_job.py:629} INFO - Processing file /home/airflow/.local/lib/python3.6/site-packages/airflow/example_dags/example_skip_dag.py for tasks to queue
[2024-07-02 20:01:13,570] {logging_mixin.py:104} INFO - [2024-07-02 20:01:13,570] {dagbag.py:451} INFO - Filling up the DagBag from /home/airflow/.local/lib/python3.6/site-packages/airflow/example_dags/example_skip_dag.py
[2024-07-02 20:01:13,577] {scheduler_job.py:639} INFO - DAG(s) dict_keys(['example_skip_dag']) retrieved from /home/airflow/.local/lib/python3.6/site-packages/airflow/example_dags/example_skip_dag.py
[2024-07-02 20:01:13,592] {logging_mixin.py:104} INFO - [2024-07-02 20:01:13,592] {dag.py:1824} INFO - Sync 1 DAGs
[2024-07-02 20:01:13,603] {logging_mixin.py:104} INFO - [2024-07-02 20:01:13,603] {dag.py:2280} INFO - Setting next_dagrun for example_skip_dag to 2024-06-30 00:00:00+00:00
[2024-07-02 20:01:13,615] {scheduler_job.py:190} INFO - Processing /home/airflow/.local/lib/python3.6/site-packages/airflow/example_dags/example_skip_dag.py took 0.048 seconds
[2024-07-02 20:01:44,545] {scheduler_job.py:182} INFO - Started process (PID=321) to work on /home/airflow/.local/lib/python3.6/site-packages/airflow/example_dags/example_skip_dag.py
[2024-07-02 20:01:44,545] {scheduler_job.py:629} INFO - Processing file /home/airflow/.local/lib/python3.6/site-packages/airflow/example_dags/example_skip_dag.py for tasks to queue
[2024-07-02 20:01:44,546] {logging_mixin.py:104} INFO - [2024-07-02 20:01:44,546] {dagbag.py:451} INFO - Filling up the DagBag from /home/airflow/.local/lib/python3.6/site-packages/airflow/example_dags/example_skip_dag.py
[2024-07-02 20:01:44,553] {scheduler_job.py:639} INFO - DAG(s) dict_keys(['example_skip_dag']) retrieved from /home/airflow/.local/lib/python3.6/site-packages/airflow/example_dags/example_skip_dag.py
[2024-07-02 20:01:44,568] {logging_mixin.py:104} INFO - [2024-07-02 20:01:44,568] {dag.py:1824} INFO - Sync 1 DAGs
[2024-07-02 20:01:44,579] {logging_mixin.py:104} INFO - [2024-07-02 20:01:44,579] {dag.py:2280} INFO - Setting next_dagrun for example_skip_dag to 2024-06-30 00:00:00+00:00
[2024-07-02 20:01:44,592] {scheduler_job.py:190} INFO - Processing /home/airflow/.local/lib/python3.6/site-packages/airflow/example_dags/example_skip_dag.py took 0.050 seconds
[2024-07-02 20:02:15,595] {scheduler_job.py:182} INFO - Started process (PID=347) to work on /home/airflow/.local/lib/python3.6/site-packages/airflow/example_dags/example_skip_dag.py
[2024-07-02 20:02:15,596] {scheduler_job.py:629} INFO - Processing file /home/airflow/.local/lib/python3.6/site-packages/airflow/example_dags/example_skip_dag.py for tasks to queue
[2024-07-02 20:02:15,597] {logging_mixin.py:104} INFO - [2024-07-02 20:02:15,597] {dagbag.py:451} INFO - Filling up the DagBag from /home/airflow/.local/lib/python3.6/site-packages/airflow/example_dags/example_skip_dag.py
[2024-07-02 20:02:15,609] {scheduler_job.py:639} INFO - DAG(s) dict_keys(['example_skip_dag']) retrieved from /home/airflow/.local/lib/python3.6/site-packages/airflow/example_dags/example_skip_dag.py
[2024-07-02 20:02:15,627] {logging_mixin.py:104} INFO - [2024-07-02 20:02:15,627] {dag.py:1824} INFO - Sync 1 DAGs
[2024-07-02 20:02:15,641] {logging_mixin.py:104} INFO - [2024-07-02 20:02:15,641] {dag.py:2280} INFO - Setting next_dagrun for example_skip_dag to 2024-06-30 00:00:00+00:00
[2024-07-02 20:02:15,657] {scheduler_job.py:190} INFO - Processing /home/airflow/.local/lib/python3.6/site-packages/airflow/example_dags/example_skip_dag.py took 0.067 seconds
[2024-07-02 20:02:45,674] {scheduler_job.py:182} INFO - Started process (PID=372) to work on /home/airflow/.local/lib/python3.6/site-packages/airflow/example_dags/example_skip_dag.py
[2024-07-02 20:02:45,674] {scheduler_job.py:629} INFO - Processing file /home/airflow/.local/lib/python3.6/site-packages/airflow/example_dags/example_skip_dag.py for tasks to queue
[2024-07-02 20:02:45,675] {logging_mixin.py:104} INFO - [2024-07-02 20:02:45,675] {dagbag.py:451} INFO - Filling up the DagBag from /home/airflow/.local/lib/python3.6/site-packages/airflow/example_dags/example_skip_dag.py
[2024-07-02 20:02:45,684] {scheduler_job.py:639} INFO - DAG(s) dict_keys(['example_skip_dag']) retrieved from /home/airflow/.local/lib/python3.6/site-packages/airflow/example_dags/example_skip_dag.py
[2024-07-02 20:02:45,701] {logging_mixin.py:104} INFO - [2024-07-02 20:02:45,700] {dag.py:1824} INFO - Sync 1 DAGs
[2024-07-02 20:02:45,715] {logging_mixin.py:104} INFO - [2024-07-02 20:02:45,715] {dag.py:2280} INFO - Setting next_dagrun for example_skip_dag to 2024-06-30 00:00:00+00:00
[2024-07-02 20:02:45,726] {scheduler_job.py:190} INFO - Processing /home/airflow/.local/lib/python3.6/site-packages/airflow/example_dags/example_skip_dag.py took 0.055 seconds
[2024-07-02 20:03:15,775] {scheduler_job.py:182} INFO - Started process (PID=397) to work on /home/airflow/.local/lib/python3.6/site-packages/airflow/example_dags/example_skip_dag.py
[2024-07-02 20:03:15,776] {scheduler_job.py:629} INFO - Processing file /home/airflow/.local/lib/python3.6/site-packages/airflow/example_dags/example_skip_dag.py for tasks to queue
[2024-07-02 20:03:15,776] {logging_mixin.py:104} INFO - [2024-07-02 20:03:15,776] {dagbag.py:451} INFO - Filling up the DagBag from /home/airflow/.local/lib/python3.6/site-packages/airflow/example_dags/example_skip_dag.py
[2024-07-02 20:03:15,783] {scheduler_job.py:639} INFO - DAG(s) dict_keys(['example_skip_dag']) retrieved from /home/airflow/.local/lib/python3.6/site-packages/airflow/example_dags/example_skip_dag.py
[2024-07-02 20:03:15,798] {logging_mixin.py:104} INFO - [2024-07-02 20:03:15,798] {dag.py:1824} INFO - Sync 1 DAGs
[2024-07-02 20:03:15,809] {logging_mixin.py:104} INFO - [2024-07-02 20:03:15,808] {dag.py:2280} INFO - Setting next_dagrun for example_skip_dag to 2024-06-30 00:00:00+00:00
[2024-07-02 20:03:15,818] {scheduler_job.py:190} INFO - Processing /home/airflow/.local/lib/python3.6/site-packages/airflow/example_dags/example_skip_dag.py took 0.045 seconds
[2024-07-02 20:03:45,869] {scheduler_job.py:182} INFO - Started process (PID=423) to work on /home/airflow/.local/lib/python3.6/site-packages/airflow/example_dags/example_skip_dag.py
[2024-07-02 20:03:45,870] {scheduler_job.py:629} INFO - Processing file /home/airflow/.local/lib/python3.6/site-packages/airflow/example_dags/example_skip_dag.py for tasks to queue
[2024-07-02 20:03:45,870] {logging_mixin.py:104} INFO - [2024-07-02 20:03:45,870] {dagbag.py:451} INFO - Filling up the DagBag from /home/airflow/.local/lib/python3.6/site-packages/airflow/example_dags/example_skip_dag.py
[2024-07-02 20:03:45,878] {scheduler_job.py:639} INFO - DAG(s) dict_keys(['example_skip_dag']) retrieved from /home/airflow/.local/lib/python3.6/site-packages/airflow/example_dags/example_skip_dag.py
[2024-07-02 20:03:45,895] {logging_mixin.py:104} INFO - [2024-07-02 20:03:45,894] {dag.py:1824} INFO - Sync 1 DAGs
[2024-07-02 20:03:45,906] {logging_mixin.py:104} INFO - [2024-07-02 20:03:45,906] {dag.py:2280} INFO - Setting next_dagrun for example_skip_dag to 2024-06-30 00:00:00+00:00
[2024-07-02 20:03:45,919] {scheduler_job.py:190} INFO - Processing /home/airflow/.local/lib/python3.6/site-packages/airflow/example_dags/example_skip_dag.py took 0.052 seconds
[2024-07-02 20:04:16,017] {scheduler_job.py:182} INFO - Started process (PID=449) to work on /home/airflow/.local/lib/python3.6/site-packages/airflow/example_dags/example_skip_dag.py
[2024-07-02 20:04:16,018] {scheduler_job.py:629} INFO - Processing file /home/airflow/.local/lib/python3.6/site-packages/airflow/example_dags/example_skip_dag.py for tasks to queue
[2024-07-02 20:04:16,018] {logging_mixin.py:104} INFO - [2024-07-02 20:04:16,018] {dagbag.py:451} INFO - Filling up the DagBag from /home/airflow/.local/lib/python3.6/site-packages/airflow/example_dags/example_skip_dag.py
[2024-07-02 20:04:16,025] {scheduler_job.py:639} INFO - DAG(s) dict_keys(['example_skip_dag']) retrieved from /home/airflow/.local/lib/python3.6/site-packages/airflow/example_dags/example_skip_dag.py
[2024-07-02 20:04:16,041] {logging_mixin.py:104} INFO - [2024-07-02 20:04:16,041] {dag.py:1824} INFO - Sync 1 DAGs
[2024-07-02 20:04:16,052] {logging_mixin.py:104} INFO - [2024-07-02 20:04:16,052] {dag.py:2280} INFO - Setting next_dagrun for example_skip_dag to 2024-06-30 00:00:00+00:00
[2024-07-02 20:04:16,061] {scheduler_job.py:190} INFO - Processing /home/airflow/.local/lib/python3.6/site-packages/airflow/example_dags/example_skip_dag.py took 0.046 seconds
[2024-07-02 20:04:46,127] {scheduler_job.py:182} INFO - Started process (PID=474) to work on /home/airflow/.local/lib/python3.6/site-packages/airflow/example_dags/example_skip_dag.py
[2024-07-02 20:04:46,128] {scheduler_job.py:629} INFO - Processing file /home/airflow/.local/lib/python3.6/site-packages/airflow/example_dags/example_skip_dag.py for tasks to queue
[2024-07-02 20:04:46,128] {logging_mixin.py:104} INFO - [2024-07-02 20:04:46,128] {dagbag.py:451} INFO - Filling up the DagBag from /home/airflow/.local/lib/python3.6/site-packages/airflow/example_dags/example_skip_dag.py
[2024-07-02 20:04:46,136] {scheduler_job.py:639} INFO - DAG(s) dict_keys(['example_skip_dag']) retrieved from /home/airflow/.local/lib/python3.6/site-packages/airflow/example_dags/example_skip_dag.py
[2024-07-02 20:04:46,151] {logging_mixin.py:104} INFO - [2024-07-02 20:04:46,150] {dag.py:1824} INFO - Sync 1 DAGs
[2024-07-02 20:04:46,161] {logging_mixin.py:104} INFO - [2024-07-02 20:04:46,161] {dag.py:2280} INFO - Setting next_dagrun for example_skip_dag to 2024-06-30 00:00:00+00:00
[2024-07-02 20:04:46,171] {scheduler_job.py:190} INFO - Processing /home/airflow/.local/lib/python3.6/site-packages/airflow/example_dags/example_skip_dag.py took 0.046 seconds
[2024-07-02 20:05:16,207] {scheduler_job.py:182} INFO - Started process (PID=500) to work on /home/airflow/.local/lib/python3.6/site-packages/airflow/example_dags/example_skip_dag.py
[2024-07-02 20:05:16,208] {scheduler_job.py:629} INFO - Processing file /home/airflow/.local/lib/python3.6/site-packages/airflow/example_dags/example_skip_dag.py for tasks to queue
[2024-07-02 20:05:16,209] {logging_mixin.py:104} INFO - [2024-07-02 20:05:16,209] {dagbag.py:451} INFO - Filling up the DagBag from /home/airflow/.local/lib/python3.6/site-packages/airflow/example_dags/example_skip_dag.py
[2024-07-02 20:05:16,220] {scheduler_job.py:639} INFO - DAG(s) dict_keys(['example_skip_dag']) retrieved from /home/airflow/.local/lib/python3.6/site-packages/airflow/example_dags/example_skip_dag.py
[2024-07-02 20:05:16,236] {logging_mixin.py:104} INFO - [2024-07-02 20:05:16,236] {dag.py:1824} INFO - Sync 1 DAGs
[2024-07-02 20:05:16,255] {logging_mixin.py:104} INFO - [2024-07-02 20:05:16,254] {dag.py:2280} INFO - Setting next_dagrun for example_skip_dag to 2024-06-30 00:00:00+00:00
[2024-07-02 20:05:16,264] {scheduler_job.py:190} INFO - Processing /home/airflow/.local/lib/python3.6/site-packages/airflow/example_dags/example_skip_dag.py took 0.060 seconds
[2024-07-02 20:05:47,361] {scheduler_job.py:182} INFO - Started process (PID=529) to work on /home/airflow/.local/lib/python3.6/site-packages/airflow/example_dags/example_skip_dag.py
[2024-07-02 20:05:47,361] {scheduler_job.py:629} INFO - Processing file /home/airflow/.local/lib/python3.6/site-packages/airflow/example_dags/example_skip_dag.py for tasks to queue
[2024-07-02 20:05:47,362] {logging_mixin.py:104} INFO - [2024-07-02 20:05:47,362] {dagbag.py:451} INFO - Filling up the DagBag from /home/airflow/.local/lib/python3.6/site-packages/airflow/example_dags/example_skip_dag.py
[2024-07-02 20:05:47,369] {scheduler_job.py:639} INFO - DAG(s) dict_keys(['example_skip_dag']) retrieved from /home/airflow/.local/lib/python3.6/site-packages/airflow/example_dags/example_skip_dag.py
[2024-07-02 20:05:47,384] {logging_mixin.py:104} INFO - [2024-07-02 20:05:47,384] {dag.py:1824} INFO - Sync 1 DAGs
[2024-07-02 20:05:47,395] {logging_mixin.py:104} INFO - [2024-07-02 20:05:47,395] {dag.py:2280} INFO - Setting next_dagrun for example_skip_dag to 2024-06-30 00:00:00+00:00
[2024-07-02 20:05:47,408] {scheduler_job.py:190} INFO - Processing /home/airflow/.local/lib/python3.6/site-packages/airflow/example_dags/example_skip_dag.py took 0.050 seconds
[2024-07-02 20:06:18,232] {scheduler_job.py:182} INFO - Started process (PID=555) to work on /home/airflow/.local/lib/python3.6/site-packages/airflow/example_dags/example_skip_dag.py
[2024-07-02 20:06:18,232] {scheduler_job.py:629} INFO - Processing file /home/airflow/.local/lib/python3.6/site-packages/airflow/example_dags/example_skip_dag.py for tasks to queue
[2024-07-02 20:06:18,233] {logging_mixin.py:104} INFO - [2024-07-02 20:06:18,233] {dagbag.py:451} INFO - Filling up the DagBag from /home/airflow/.local/lib/python3.6/site-packages/airflow/example_dags/example_skip_dag.py
[2024-07-02 20:06:18,240] {scheduler_job.py:639} INFO - DAG(s) dict_keys(['example_skip_dag']) retrieved from /home/airflow/.local/lib/python3.6/site-packages/airflow/example_dags/example_skip_dag.py
[2024-07-02 20:06:18,255] {logging_mixin.py:104} INFO - [2024-07-02 20:06:18,255] {dag.py:1824} INFO - Sync 1 DAGs
[2024-07-02 20:06:18,267] {logging_mixin.py:104} INFO - [2024-07-02 20:06:18,266] {dag.py:2280} INFO - Setting next_dagrun for example_skip_dag to 2024-06-30 00:00:00+00:00
[2024-07-02 20:06:18,276] {scheduler_job.py:190} INFO - Processing /home/airflow/.local/lib/python3.6/site-packages/airflow/example_dags/example_skip_dag.py took 0.046 seconds
[2024-07-02 20:06:49,175] {scheduler_job.py:182} INFO - Started process (PID=581) to work on /home/airflow/.local/lib/python3.6/site-packages/airflow/example_dags/example_skip_dag.py
[2024-07-02 20:06:49,175] {scheduler_job.py:629} INFO - Processing file /home/airflow/.local/lib/python3.6/site-packages/airflow/example_dags/example_skip_dag.py for tasks to queue
[2024-07-02 20:06:49,176] {logging_mixin.py:104} INFO - [2024-07-02 20:06:49,176] {dagbag.py:451} INFO - Filling up the DagBag from /home/airflow/.local/lib/python3.6/site-packages/airflow/example_dags/example_skip_dag.py
[2024-07-02 20:06:49,184] {scheduler_job.py:639} INFO - DAG(s) dict_keys(['example_skip_dag']) retrieved from /home/airflow/.local/lib/python3.6/site-packages/airflow/example_dags/example_skip_dag.py
[2024-07-02 20:06:49,202] {logging_mixin.py:104} INFO - [2024-07-02 20:06:49,202] {dag.py:1824} INFO - Sync 1 DAGs
[2024-07-02 20:06:49,216] {logging_mixin.py:104} INFO - [2024-07-02 20:06:49,216] {dag.py:2280} INFO - Setting next_dagrun for example_skip_dag to 2024-06-30 00:00:00+00:00
[2024-07-02 20:06:49,228] {scheduler_job.py:190} INFO - Processing /home/airflow/.local/lib/python3.6/site-packages/airflow/example_dags/example_skip_dag.py took 0.056 seconds
[2024-07-02 20:07:20,285] {scheduler_job.py:182} INFO - Started process (PID=607) to work on /home/airflow/.local/lib/python3.6/site-packages/airflow/example_dags/example_skip_dag.py
[2024-07-02 20:07:20,285] {scheduler_job.py:629} INFO - Processing file /home/airflow/.local/lib/python3.6/site-packages/airflow/example_dags/example_skip_dag.py for tasks to queue
[2024-07-02 20:07:20,286] {logging_mixin.py:104} INFO - [2024-07-02 20:07:20,286] {dagbag.py:451} INFO - Filling up the DagBag from /home/airflow/.local/lib/python3.6/site-packages/airflow/example_dags/example_skip_dag.py
[2024-07-02 20:07:20,294] {scheduler_job.py:639} INFO - DAG(s) dict_keys(['example_skip_dag']) retrieved from /home/airflow/.local/lib/python3.6/site-packages/airflow/example_dags/example_skip_dag.py
[2024-07-02 20:07:20,310] {logging_mixin.py:104} INFO - [2024-07-02 20:07:20,310] {dag.py:1824} INFO - Sync 1 DAGs
[2024-07-02 20:07:20,323] {logging_mixin.py:104} INFO - [2024-07-02 20:07:20,323] {dag.py:2280} INFO - Setting next_dagrun for example_skip_dag to 2024-06-30 00:00:00+00:00
[2024-07-02 20:07:20,333] {scheduler_job.py:190} INFO - Processing /home/airflow/.local/lib/python3.6/site-packages/airflow/example_dags/example_skip_dag.py took 0.050 seconds
