[2024-07-02 19:52:33,660] {scheduler_job.py:182} INFO - Started process (PID=39) to work on /home/airflow/.local/lib/python3.6/site-packages/airflow/example_dags/example_branch_operator.py
[2024-07-02 19:52:33,661] {scheduler_job.py:629} INFO - Processing file /home/airflow/.local/lib/python3.6/site-packages/airflow/example_dags/example_branch_operator.py for tasks to queue
[2024-07-02 19:52:33,662] {logging_mixin.py:104} INFO - [2024-07-02 19:52:33,662] {dagbag.py:451} INFO - Filling up the DagBag from /home/airflow/.local/lib/python3.6/site-packages/airflow/example_dags/example_branch_operator.py
[2024-07-02 19:52:33,688] {scheduler_job.py:639} INFO - DAG(s) dict_keys(['example_branch_operator']) retrieved from /home/airflow/.local/lib/python3.6/site-packages/airflow/example_dags/example_branch_operator.py
[2024-07-02 19:52:33,724] {logging_mixin.py:104} INFO - [2024-07-02 19:52:33,724] {dag.py:1824} INFO - Sync 1 DAGs
[2024-07-02 19:52:33,740] {logging_mixin.py:104} INFO - [2024-07-02 19:52:33,740] {dag.py:1843} INFO - Creating ORM DAG for example_branch_operator
[2024-07-02 19:52:33,761] {logging_mixin.py:104} INFO - [2024-07-02 19:52:33,761] {dag.py:2280} INFO - Setting next_dagrun for example_branch_operator to 2024-06-30 00:00:00+00:00
[2024-07-02 19:52:33,784] {scheduler_job.py:190} INFO - Processing /home/airflow/.local/lib/python3.6/site-packages/airflow/example_dags/example_branch_operator.py took 0.128 seconds
[2024-07-02 19:53:04,357] {scheduler_job.py:182} INFO - Started process (PID=67) to work on /home/airflow/.local/lib/python3.6/site-packages/airflow/example_dags/example_branch_operator.py
[2024-07-02 19:53:04,357] {scheduler_job.py:629} INFO - Processing file /home/airflow/.local/lib/python3.6/site-packages/airflow/example_dags/example_branch_operator.py for tasks to queue
[2024-07-02 19:53:04,358] {logging_mixin.py:104} INFO - [2024-07-02 19:53:04,358] {dagbag.py:451} INFO - Filling up the DagBag from /home/airflow/.local/lib/python3.6/site-packages/airflow/example_dags/example_branch_operator.py
[2024-07-02 19:53:04,370] {scheduler_job.py:639} INFO - DAG(s) dict_keys(['example_branch_operator']) retrieved from /home/airflow/.local/lib/python3.6/site-packages/airflow/example_dags/example_branch_operator.py
[2024-07-02 19:53:04,385] {logging_mixin.py:104} INFO - [2024-07-02 19:53:04,385] {dag.py:1824} INFO - Sync 1 DAGs
[2024-07-02 19:53:04,401] {logging_mixin.py:104} INFO - [2024-07-02 19:53:04,401] {dag.py:2280} INFO - Setting next_dagrun for example_branch_operator to 2024-06-30 00:00:00+00:00
[2024-07-02 19:53:04,409] {scheduler_job.py:190} INFO - Processing /home/airflow/.local/lib/python3.6/site-packages/airflow/example_dags/example_branch_operator.py took 0.054 seconds
[2024-07-02 19:53:35,221] {scheduler_job.py:182} INFO - Started process (PID=91) to work on /home/airflow/.local/lib/python3.6/site-packages/airflow/example_dags/example_branch_operator.py
[2024-07-02 19:53:35,222] {scheduler_job.py:629} INFO - Processing file /home/airflow/.local/lib/python3.6/site-packages/airflow/example_dags/example_branch_operator.py for tasks to queue
[2024-07-02 19:53:35,222] {logging_mixin.py:104} INFO - [2024-07-02 19:53:35,222] {dagbag.py:451} INFO - Filling up the DagBag from /home/airflow/.local/lib/python3.6/site-packages/airflow/example_dags/example_branch_operator.py
[2024-07-02 19:53:35,233] {scheduler_job.py:639} INFO - DAG(s) dict_keys(['example_branch_operator']) retrieved from /home/airflow/.local/lib/python3.6/site-packages/airflow/example_dags/example_branch_operator.py
[2024-07-02 19:53:35,247] {logging_mixin.py:104} INFO - [2024-07-02 19:53:35,247] {dag.py:1824} INFO - Sync 1 DAGs
[2024-07-02 19:53:35,263] {logging_mixin.py:104} INFO - [2024-07-02 19:53:35,263] {dag.py:2280} INFO - Setting next_dagrun for example_branch_operator to 2024-06-30 00:00:00+00:00
[2024-07-02 19:53:35,270] {scheduler_job.py:190} INFO - Processing /home/airflow/.local/lib/python3.6/site-packages/airflow/example_dags/example_branch_operator.py took 0.052 seconds
[2024-07-02 19:54:06,173] {scheduler_job.py:182} INFO - Started process (PID=117) to work on /home/airflow/.local/lib/python3.6/site-packages/airflow/example_dags/example_branch_operator.py
[2024-07-02 19:54:06,174] {scheduler_job.py:629} INFO - Processing file /home/airflow/.local/lib/python3.6/site-packages/airflow/example_dags/example_branch_operator.py for tasks to queue
[2024-07-02 19:54:06,174] {logging_mixin.py:104} INFO - [2024-07-02 19:54:06,174] {dagbag.py:451} INFO - Filling up the DagBag from /home/airflow/.local/lib/python3.6/site-packages/airflow/example_dags/example_branch_operator.py
[2024-07-02 19:54:06,186] {scheduler_job.py:639} INFO - DAG(s) dict_keys(['example_branch_operator']) retrieved from /home/airflow/.local/lib/python3.6/site-packages/airflow/example_dags/example_branch_operator.py
[2024-07-02 19:54:06,202] {logging_mixin.py:104} INFO - [2024-07-02 19:54:06,202] {dag.py:1824} INFO - Sync 1 DAGs
[2024-07-02 19:54:06,219] {logging_mixin.py:104} INFO - [2024-07-02 19:54:06,219] {dag.py:2280} INFO - Setting next_dagrun for example_branch_operator to 2024-06-30 00:00:00+00:00
[2024-07-02 19:54:06,227] {scheduler_job.py:190} INFO - Processing /home/airflow/.local/lib/python3.6/site-packages/airflow/example_dags/example_branch_operator.py took 0.055 seconds
[2024-07-02 19:54:37,179] {scheduler_job.py:182} INFO - Started process (PID=143) to work on /home/airflow/.local/lib/python3.6/site-packages/airflow/example_dags/example_branch_operator.py
[2024-07-02 19:54:37,180] {scheduler_job.py:629} INFO - Processing file /home/airflow/.local/lib/python3.6/site-packages/airflow/example_dags/example_branch_operator.py for tasks to queue
[2024-07-02 19:54:37,181] {logging_mixin.py:104} INFO - [2024-07-02 19:54:37,180] {dagbag.py:451} INFO - Filling up the DagBag from /home/airflow/.local/lib/python3.6/site-packages/airflow/example_dags/example_branch_operator.py
[2024-07-02 19:54:37,193] {scheduler_job.py:639} INFO - DAG(s) dict_keys(['example_branch_operator']) retrieved from /home/airflow/.local/lib/python3.6/site-packages/airflow/example_dags/example_branch_operator.py
[2024-07-02 19:54:37,210] {logging_mixin.py:104} INFO - [2024-07-02 19:54:37,210] {dag.py:1824} INFO - Sync 1 DAGs
[2024-07-02 19:54:37,228] {logging_mixin.py:104} INFO - [2024-07-02 19:54:37,228] {dag.py:2280} INFO - Setting next_dagrun for example_branch_operator to 2024-06-30 00:00:00+00:00
[2024-07-02 19:54:37,236] {scheduler_job.py:190} INFO - Processing /home/airflow/.local/lib/python3.6/site-packages/airflow/example_dags/example_branch_operator.py took 0.059 seconds
[2024-07-02 19:55:08,186] {scheduler_job.py:182} INFO - Started process (PID=169) to work on /home/airflow/.local/lib/python3.6/site-packages/airflow/example_dags/example_branch_operator.py
[2024-07-02 19:55:08,186] {scheduler_job.py:629} INFO - Processing file /home/airflow/.local/lib/python3.6/site-packages/airflow/example_dags/example_branch_operator.py for tasks to queue
[2024-07-02 19:55:08,187] {logging_mixin.py:104} INFO - [2024-07-02 19:55:08,187] {dagbag.py:451} INFO - Filling up the DagBag from /home/airflow/.local/lib/python3.6/site-packages/airflow/example_dags/example_branch_operator.py
[2024-07-02 19:55:08,197] {scheduler_job.py:639} INFO - DAG(s) dict_keys(['example_branch_operator']) retrieved from /home/airflow/.local/lib/python3.6/site-packages/airflow/example_dags/example_branch_operator.py
[2024-07-02 19:55:08,212] {logging_mixin.py:104} INFO - [2024-07-02 19:55:08,212] {dag.py:1824} INFO - Sync 1 DAGs
[2024-07-02 19:55:08,228] {logging_mixin.py:104} INFO - [2024-07-02 19:55:08,228] {dag.py:2280} INFO - Setting next_dagrun for example_branch_operator to 2024-06-30 00:00:00+00:00
[2024-07-02 19:55:08,236] {scheduler_job.py:190} INFO - Processing /home/airflow/.local/lib/python3.6/site-packages/airflow/example_dags/example_branch_operator.py took 0.052 seconds
[2024-07-02 19:56:06,820] {scheduler_job.py:182} INFO - Started process (PID=49) to work on /home/airflow/.local/lib/python3.6/site-packages/airflow/example_dags/example_branch_operator.py
[2024-07-02 19:56:06,821] {scheduler_job.py:629} INFO - Processing file /home/airflow/.local/lib/python3.6/site-packages/airflow/example_dags/example_branch_operator.py for tasks to queue
[2024-07-02 19:56:06,822] {logging_mixin.py:104} INFO - [2024-07-02 19:56:06,822] {dagbag.py:451} INFO - Filling up the DagBag from /home/airflow/.local/lib/python3.6/site-packages/airflow/example_dags/example_branch_operator.py
[2024-07-02 19:56:06,842] {scheduler_job.py:639} INFO - DAG(s) dict_keys(['example_branch_operator']) retrieved from /home/airflow/.local/lib/python3.6/site-packages/airflow/example_dags/example_branch_operator.py
[2024-07-02 19:56:06,867] {logging_mixin.py:104} INFO - [2024-07-02 19:56:06,867] {dag.py:1824} INFO - Sync 1 DAGs
[2024-07-02 19:56:06,898] {logging_mixin.py:104} INFO - [2024-07-02 19:56:06,898] {dag.py:2280} INFO - Setting next_dagrun for example_branch_operator to 2024-06-30 00:00:00+00:00
[2024-07-02 19:56:06,911] {scheduler_job.py:190} INFO - Processing /home/airflow/.local/lib/python3.6/site-packages/airflow/example_dags/example_branch_operator.py took 0.094 seconds
[2024-07-02 19:56:37,918] {scheduler_job.py:182} INFO - Started process (PID=75) to work on /home/airflow/.local/lib/python3.6/site-packages/airflow/example_dags/example_branch_operator.py
[2024-07-02 19:56:37,919] {scheduler_job.py:629} INFO - Processing file /home/airflow/.local/lib/python3.6/site-packages/airflow/example_dags/example_branch_operator.py for tasks to queue
[2024-07-02 19:56:37,919] {logging_mixin.py:104} INFO - [2024-07-02 19:56:37,919] {dagbag.py:451} INFO - Filling up the DagBag from /home/airflow/.local/lib/python3.6/site-packages/airflow/example_dags/example_branch_operator.py
[2024-07-02 19:56:37,937] {scheduler_job.py:639} INFO - DAG(s) dict_keys(['example_branch_operator']) retrieved from /home/airflow/.local/lib/python3.6/site-packages/airflow/example_dags/example_branch_operator.py
[2024-07-02 19:56:37,956] {logging_mixin.py:104} INFO - [2024-07-02 19:56:37,956] {dag.py:1824} INFO - Sync 1 DAGs
[2024-07-02 19:56:37,978] {logging_mixin.py:104} INFO - [2024-07-02 19:56:37,978] {dag.py:2280} INFO - Setting next_dagrun for example_branch_operator to 2024-06-30 00:00:00+00:00
[2024-07-02 19:56:37,994] {scheduler_job.py:190} INFO - Processing /home/airflow/.local/lib/python3.6/site-packages/airflow/example_dags/example_branch_operator.py took 0.079 seconds
[2024-07-02 19:57:08,079] {scheduler_job.py:182} INFO - Started process (PID=101) to work on /home/airflow/.local/lib/python3.6/site-packages/airflow/example_dags/example_branch_operator.py
[2024-07-02 19:57:08,081] {scheduler_job.py:629} INFO - Processing file /home/airflow/.local/lib/python3.6/site-packages/airflow/example_dags/example_branch_operator.py for tasks to queue
[2024-07-02 19:57:08,082] {logging_mixin.py:104} INFO - [2024-07-02 19:57:08,082] {dagbag.py:451} INFO - Filling up the DagBag from /home/airflow/.local/lib/python3.6/site-packages/airflow/example_dags/example_branch_operator.py
[2024-07-02 19:57:08,103] {scheduler_job.py:639} INFO - DAG(s) dict_keys(['example_branch_operator']) retrieved from /home/airflow/.local/lib/python3.6/site-packages/airflow/example_dags/example_branch_operator.py
[2024-07-02 19:57:08,123] {logging_mixin.py:104} INFO - [2024-07-02 19:57:08,123] {dag.py:1824} INFO - Sync 1 DAGs
[2024-07-02 19:57:08,145] {logging_mixin.py:104} INFO - [2024-07-02 19:57:08,145] {dag.py:2280} INFO - Setting next_dagrun for example_branch_operator to 2024-06-30 00:00:00+00:00
[2024-07-02 19:57:08,161] {scheduler_job.py:190} INFO - Processing /home/airflow/.local/lib/python3.6/site-packages/airflow/example_dags/example_branch_operator.py took 0.087 seconds
[2024-07-02 19:57:39,144] {scheduler_job.py:182} INFO - Started process (PID=127) to work on /home/airflow/.local/lib/python3.6/site-packages/airflow/example_dags/example_branch_operator.py
[2024-07-02 19:57:39,144] {scheduler_job.py:629} INFO - Processing file /home/airflow/.local/lib/python3.6/site-packages/airflow/example_dags/example_branch_operator.py for tasks to queue
[2024-07-02 19:57:39,145] {logging_mixin.py:104} INFO - [2024-07-02 19:57:39,145] {dagbag.py:451} INFO - Filling up the DagBag from /home/airflow/.local/lib/python3.6/site-packages/airflow/example_dags/example_branch_operator.py
[2024-07-02 19:57:39,155] {scheduler_job.py:639} INFO - DAG(s) dict_keys(['example_branch_operator']) retrieved from /home/airflow/.local/lib/python3.6/site-packages/airflow/example_dags/example_branch_operator.py
[2024-07-02 19:57:39,170] {logging_mixin.py:104} INFO - [2024-07-02 19:57:39,170] {dag.py:1824} INFO - Sync 1 DAGs
[2024-07-02 19:57:39,185] {logging_mixin.py:104} INFO - [2024-07-02 19:57:39,185] {dag.py:2280} INFO - Setting next_dagrun for example_branch_operator to 2024-06-30 00:00:00+00:00
[2024-07-02 19:57:39,194] {scheduler_job.py:190} INFO - Processing /home/airflow/.local/lib/python3.6/site-packages/airflow/example_dags/example_branch_operator.py took 0.053 seconds
[2024-07-02 19:58:10,005] {scheduler_job.py:182} INFO - Started process (PID=153) to work on /home/airflow/.local/lib/python3.6/site-packages/airflow/example_dags/example_branch_operator.py
[2024-07-02 19:58:10,008] {scheduler_job.py:629} INFO - Processing file /home/airflow/.local/lib/python3.6/site-packages/airflow/example_dags/example_branch_operator.py for tasks to queue
[2024-07-02 19:58:10,010] {logging_mixin.py:104} INFO - [2024-07-02 19:58:10,009] {dagbag.py:451} INFO - Filling up the DagBag from /home/airflow/.local/lib/python3.6/site-packages/airflow/example_dags/example_branch_operator.py
[2024-07-02 19:58:10,033] {scheduler_job.py:639} INFO - DAG(s) dict_keys(['example_branch_operator']) retrieved from /home/airflow/.local/lib/python3.6/site-packages/airflow/example_dags/example_branch_operator.py
[2024-07-02 19:58:10,050] {logging_mixin.py:104} INFO - [2024-07-02 19:58:10,050] {dag.py:1824} INFO - Sync 1 DAGs
[2024-07-02 19:58:10,068] {logging_mixin.py:104} INFO - [2024-07-02 19:58:10,068] {dag.py:2280} INFO - Setting next_dagrun for example_branch_operator to 2024-06-30 00:00:00+00:00
[2024-07-02 19:58:10,077] {scheduler_job.py:190} INFO - Processing /home/airflow/.local/lib/python3.6/site-packages/airflow/example_dags/example_branch_operator.py took 0.080 seconds
[2024-07-02 19:58:40,991] {scheduler_job.py:182} INFO - Started process (PID=179) to work on /home/airflow/.local/lib/python3.6/site-packages/airflow/example_dags/example_branch_operator.py
[2024-07-02 19:58:40,992] {scheduler_job.py:629} INFO - Processing file /home/airflow/.local/lib/python3.6/site-packages/airflow/example_dags/example_branch_operator.py for tasks to queue
[2024-07-02 19:58:40,993] {logging_mixin.py:104} INFO - [2024-07-02 19:58:40,993] {dagbag.py:451} INFO - Filling up the DagBag from /home/airflow/.local/lib/python3.6/site-packages/airflow/example_dags/example_branch_operator.py
[2024-07-02 19:58:41,008] {scheduler_job.py:639} INFO - DAG(s) dict_keys(['example_branch_operator']) retrieved from /home/airflow/.local/lib/python3.6/site-packages/airflow/example_dags/example_branch_operator.py
[2024-07-02 19:58:41,028] {logging_mixin.py:104} INFO - [2024-07-02 19:58:41,028] {dag.py:1824} INFO - Sync 1 DAGs
[2024-07-02 19:58:41,046] {logging_mixin.py:104} INFO - [2024-07-02 19:58:41,046] {dag.py:2280} INFO - Setting next_dagrun for example_branch_operator to 2024-06-30 00:00:00+00:00
[2024-07-02 19:58:41,056] {scheduler_job.py:190} INFO - Processing /home/airflow/.local/lib/python3.6/site-packages/airflow/example_dags/example_branch_operator.py took 0.068 seconds
[2024-07-02 19:59:11,949] {scheduler_job.py:182} INFO - Started process (PID=205) to work on /home/airflow/.local/lib/python3.6/site-packages/airflow/example_dags/example_branch_operator.py
[2024-07-02 19:59:11,949] {scheduler_job.py:629} INFO - Processing file /home/airflow/.local/lib/python3.6/site-packages/airflow/example_dags/example_branch_operator.py for tasks to queue
[2024-07-02 19:59:11,950] {logging_mixin.py:104} INFO - [2024-07-02 19:59:11,950] {dagbag.py:451} INFO - Filling up the DagBag from /home/airflow/.local/lib/python3.6/site-packages/airflow/example_dags/example_branch_operator.py
[2024-07-02 19:59:11,963] {scheduler_job.py:639} INFO - DAG(s) dict_keys(['example_branch_operator']) retrieved from /home/airflow/.local/lib/python3.6/site-packages/airflow/example_dags/example_branch_operator.py
[2024-07-02 19:59:11,980] {logging_mixin.py:104} INFO - [2024-07-02 19:59:11,980] {dag.py:1824} INFO - Sync 1 DAGs
[2024-07-02 19:59:11,996] {logging_mixin.py:104} INFO - [2024-07-02 19:59:11,996] {dag.py:2280} INFO - Setting next_dagrun for example_branch_operator to 2024-06-30 00:00:00+00:00
[2024-07-02 19:59:12,013] {scheduler_job.py:190} INFO - Processing /home/airflow/.local/lib/python3.6/site-packages/airflow/example_dags/example_branch_operator.py took 0.067 seconds
[2024-07-02 19:59:42,915] {scheduler_job.py:182} INFO - Started process (PID=231) to work on /home/airflow/.local/lib/python3.6/site-packages/airflow/example_dags/example_branch_operator.py
[2024-07-02 19:59:42,918] {scheduler_job.py:629} INFO - Processing file /home/airflow/.local/lib/python3.6/site-packages/airflow/example_dags/example_branch_operator.py for tasks to queue
[2024-07-02 19:59:42,920] {logging_mixin.py:104} INFO - [2024-07-02 19:59:42,920] {dagbag.py:451} INFO - Filling up the DagBag from /home/airflow/.local/lib/python3.6/site-packages/airflow/example_dags/example_branch_operator.py
[2024-07-02 19:59:42,949] {scheduler_job.py:639} INFO - DAG(s) dict_keys(['example_branch_operator']) retrieved from /home/airflow/.local/lib/python3.6/site-packages/airflow/example_dags/example_branch_operator.py
[2024-07-02 19:59:42,970] {logging_mixin.py:104} INFO - [2024-07-02 19:59:42,970] {dag.py:1824} INFO - Sync 1 DAGs
[2024-07-02 19:59:42,993] {logging_mixin.py:104} INFO - [2024-07-02 19:59:42,993] {dag.py:2280} INFO - Setting next_dagrun for example_branch_operator to 2024-06-30 00:00:00+00:00
[2024-07-02 19:59:43,012] {scheduler_job.py:190} INFO - Processing /home/airflow/.local/lib/python3.6/site-packages/airflow/example_dags/example_branch_operator.py took 0.105 seconds
[2024-07-02 20:00:13,973] {scheduler_job.py:182} INFO - Started process (PID=257) to work on /home/airflow/.local/lib/python3.6/site-packages/airflow/example_dags/example_branch_operator.py
[2024-07-02 20:00:13,976] {scheduler_job.py:629} INFO - Processing file /home/airflow/.local/lib/python3.6/site-packages/airflow/example_dags/example_branch_operator.py for tasks to queue
[2024-07-02 20:00:13,978] {logging_mixin.py:104} INFO - [2024-07-02 20:00:13,977] {dagbag.py:451} INFO - Filling up the DagBag from /home/airflow/.local/lib/python3.6/site-packages/airflow/example_dags/example_branch_operator.py
[2024-07-02 20:00:14,000] {scheduler_job.py:639} INFO - DAG(s) dict_keys(['example_branch_operator']) retrieved from /home/airflow/.local/lib/python3.6/site-packages/airflow/example_dags/example_branch_operator.py
[2024-07-02 20:00:14,019] {logging_mixin.py:104} INFO - [2024-07-02 20:00:14,018] {dag.py:1824} INFO - Sync 1 DAGs
[2024-07-02 20:00:14,037] {logging_mixin.py:104} INFO - [2024-07-02 20:00:14,037] {dag.py:2280} INFO - Setting next_dagrun for example_branch_operator to 2024-06-30 00:00:00+00:00
[2024-07-02 20:00:14,046] {scheduler_job.py:190} INFO - Processing /home/airflow/.local/lib/python3.6/site-packages/airflow/example_dags/example_branch_operator.py took 0.081 seconds
[2024-07-02 20:00:44,978] {scheduler_job.py:182} INFO - Started process (PID=283) to work on /home/airflow/.local/lib/python3.6/site-packages/airflow/example_dags/example_branch_operator.py
[2024-07-02 20:00:44,980] {scheduler_job.py:629} INFO - Processing file /home/airflow/.local/lib/python3.6/site-packages/airflow/example_dags/example_branch_operator.py for tasks to queue
[2024-07-02 20:00:44,981] {logging_mixin.py:104} INFO - [2024-07-02 20:00:44,981] {dagbag.py:451} INFO - Filling up the DagBag from /home/airflow/.local/lib/python3.6/site-packages/airflow/example_dags/example_branch_operator.py
[2024-07-02 20:00:44,999] {scheduler_job.py:639} INFO - DAG(s) dict_keys(['example_branch_operator']) retrieved from /home/airflow/.local/lib/python3.6/site-packages/airflow/example_dags/example_branch_operator.py
[2024-07-02 20:00:45,018] {logging_mixin.py:104} INFO - [2024-07-02 20:00:45,018] {dag.py:1824} INFO - Sync 1 DAGs
[2024-07-02 20:00:45,036] {logging_mixin.py:104} INFO - [2024-07-02 20:00:45,036] {dag.py:2280} INFO - Setting next_dagrun for example_branch_operator to 2024-06-30 00:00:00+00:00
[2024-07-02 20:00:45,056] {scheduler_job.py:190} INFO - Processing /home/airflow/.local/lib/python3.6/site-packages/airflow/example_dags/example_branch_operator.py took 0.085 seconds
[2024-07-02 20:01:16,004] {scheduler_job.py:182} INFO - Started process (PID=309) to work on /home/airflow/.local/lib/python3.6/site-packages/airflow/example_dags/example_branch_operator.py
[2024-07-02 20:01:16,006] {scheduler_job.py:629} INFO - Processing file /home/airflow/.local/lib/python3.6/site-packages/airflow/example_dags/example_branch_operator.py for tasks to queue
[2024-07-02 20:01:16,007] {logging_mixin.py:104} INFO - [2024-07-02 20:01:16,007] {dagbag.py:451} INFO - Filling up the DagBag from /home/airflow/.local/lib/python3.6/site-packages/airflow/example_dags/example_branch_operator.py
[2024-07-02 20:01:16,036] {scheduler_job.py:639} INFO - DAG(s) dict_keys(['example_branch_operator']) retrieved from /home/airflow/.local/lib/python3.6/site-packages/airflow/example_dags/example_branch_operator.py
[2024-07-02 20:01:16,053] {logging_mixin.py:104} INFO - [2024-07-02 20:01:16,053] {dag.py:1824} INFO - Sync 1 DAGs
[2024-07-02 20:01:16,070] {logging_mixin.py:104} INFO - [2024-07-02 20:01:16,070] {dag.py:2280} INFO - Setting next_dagrun for example_branch_operator to 2024-06-30 00:00:00+00:00
[2024-07-02 20:01:16,087] {scheduler_job.py:190} INFO - Processing /home/airflow/.local/lib/python3.6/site-packages/airflow/example_dags/example_branch_operator.py took 0.089 seconds
[2024-07-02 20:01:47,027] {scheduler_job.py:182} INFO - Started process (PID=335) to work on /home/airflow/.local/lib/python3.6/site-packages/airflow/example_dags/example_branch_operator.py
[2024-07-02 20:01:47,028] {scheduler_job.py:629} INFO - Processing file /home/airflow/.local/lib/python3.6/site-packages/airflow/example_dags/example_branch_operator.py for tasks to queue
[2024-07-02 20:01:47,028] {logging_mixin.py:104} INFO - [2024-07-02 20:01:47,028] {dagbag.py:451} INFO - Filling up the DagBag from /home/airflow/.local/lib/python3.6/site-packages/airflow/example_dags/example_branch_operator.py
[2024-07-02 20:01:47,042] {scheduler_job.py:639} INFO - DAG(s) dict_keys(['example_branch_operator']) retrieved from /home/airflow/.local/lib/python3.6/site-packages/airflow/example_dags/example_branch_operator.py
[2024-07-02 20:01:47,060] {logging_mixin.py:104} INFO - [2024-07-02 20:01:47,060] {dag.py:1824} INFO - Sync 1 DAGs
[2024-07-02 20:01:47,077] {logging_mixin.py:104} INFO - [2024-07-02 20:01:47,076] {dag.py:2280} INFO - Setting next_dagrun for example_branch_operator to 2024-06-30 00:00:00+00:00
[2024-07-02 20:01:47,092] {scheduler_job.py:190} INFO - Processing /home/airflow/.local/lib/python3.6/site-packages/airflow/example_dags/example_branch_operator.py took 0.068 seconds
[2024-07-02 20:02:17,143] {scheduler_job.py:182} INFO - Started process (PID=361) to work on /home/airflow/.local/lib/python3.6/site-packages/airflow/example_dags/example_branch_operator.py
[2024-07-02 20:02:17,145] {scheduler_job.py:629} INFO - Processing file /home/airflow/.local/lib/python3.6/site-packages/airflow/example_dags/example_branch_operator.py for tasks to queue
[2024-07-02 20:02:17,152] {logging_mixin.py:104} INFO - [2024-07-02 20:02:17,151] {dagbag.py:451} INFO - Filling up the DagBag from /home/airflow/.local/lib/python3.6/site-packages/airflow/example_dags/example_branch_operator.py
[2024-07-02 20:02:17,168] {scheduler_job.py:639} INFO - DAG(s) dict_keys(['example_branch_operator']) retrieved from /home/airflow/.local/lib/python3.6/site-packages/airflow/example_dags/example_branch_operator.py
[2024-07-02 20:02:17,187] {logging_mixin.py:104} INFO - [2024-07-02 20:02:17,187] {dag.py:1824} INFO - Sync 1 DAGs
[2024-07-02 20:02:17,207] {logging_mixin.py:104} INFO - [2024-07-02 20:02:17,207] {dag.py:2280} INFO - Setting next_dagrun for example_branch_operator to 2024-06-30 00:00:00+00:00
[2024-07-02 20:02:17,221] {scheduler_job.py:190} INFO - Processing /home/airflow/.local/lib/python3.6/site-packages/airflow/example_dags/example_branch_operator.py took 0.085 seconds
[2024-07-02 20:02:47,282] {scheduler_job.py:182} INFO - Started process (PID=387) to work on /home/airflow/.local/lib/python3.6/site-packages/airflow/example_dags/example_branch_operator.py
[2024-07-02 20:02:47,285] {scheduler_job.py:629} INFO - Processing file /home/airflow/.local/lib/python3.6/site-packages/airflow/example_dags/example_branch_operator.py for tasks to queue
[2024-07-02 20:02:47,287] {logging_mixin.py:104} INFO - [2024-07-02 20:02:47,286] {dagbag.py:451} INFO - Filling up the DagBag from /home/airflow/.local/lib/python3.6/site-packages/airflow/example_dags/example_branch_operator.py
[2024-07-02 20:02:47,309] {scheduler_job.py:639} INFO - DAG(s) dict_keys(['example_branch_operator']) retrieved from /home/airflow/.local/lib/python3.6/site-packages/airflow/example_dags/example_branch_operator.py
[2024-07-02 20:02:47,328] {logging_mixin.py:104} INFO - [2024-07-02 20:02:47,328] {dag.py:1824} INFO - Sync 1 DAGs
[2024-07-02 20:02:47,345] {logging_mixin.py:104} INFO - [2024-07-02 20:02:47,345] {dag.py:2280} INFO - Setting next_dagrun for example_branch_operator to 2024-06-30 00:00:00+00:00
[2024-07-02 20:02:47,355] {scheduler_job.py:190} INFO - Processing /home/airflow/.local/lib/python3.6/site-packages/airflow/example_dags/example_branch_operator.py took 0.081 seconds
[2024-07-02 20:03:17,392] {scheduler_job.py:182} INFO - Started process (PID=413) to work on /home/airflow/.local/lib/python3.6/site-packages/airflow/example_dags/example_branch_operator.py
[2024-07-02 20:03:17,394] {scheduler_job.py:629} INFO - Processing file /home/airflow/.local/lib/python3.6/site-packages/airflow/example_dags/example_branch_operator.py for tasks to queue
[2024-07-02 20:03:17,394] {logging_mixin.py:104} INFO - [2024-07-02 20:03:17,394] {dagbag.py:451} INFO - Filling up the DagBag from /home/airflow/.local/lib/python3.6/site-packages/airflow/example_dags/example_branch_operator.py
[2024-07-02 20:03:17,411] {scheduler_job.py:639} INFO - DAG(s) dict_keys(['example_branch_operator']) retrieved from /home/airflow/.local/lib/python3.6/site-packages/airflow/example_dags/example_branch_operator.py
[2024-07-02 20:03:17,428] {logging_mixin.py:104} INFO - [2024-07-02 20:03:17,428] {dag.py:1824} INFO - Sync 1 DAGs
[2024-07-02 20:03:17,445] {logging_mixin.py:104} INFO - [2024-07-02 20:03:17,444] {dag.py:2280} INFO - Setting next_dagrun for example_branch_operator to 2024-06-30 00:00:00+00:00
[2024-07-02 20:03:17,459] {scheduler_job.py:190} INFO - Processing /home/airflow/.local/lib/python3.6/site-packages/airflow/example_dags/example_branch_operator.py took 0.069 seconds
[2024-07-02 20:03:47,512] {scheduler_job.py:182} INFO - Started process (PID=439) to work on /home/airflow/.local/lib/python3.6/site-packages/airflow/example_dags/example_branch_operator.py
[2024-07-02 20:03:47,513] {scheduler_job.py:629} INFO - Processing file /home/airflow/.local/lib/python3.6/site-packages/airflow/example_dags/example_branch_operator.py for tasks to queue
[2024-07-02 20:03:47,514] {logging_mixin.py:104} INFO - [2024-07-02 20:03:47,514] {dagbag.py:451} INFO - Filling up the DagBag from /home/airflow/.local/lib/python3.6/site-packages/airflow/example_dags/example_branch_operator.py
[2024-07-02 20:03:47,530] {scheduler_job.py:639} INFO - DAG(s) dict_keys(['example_branch_operator']) retrieved from /home/airflow/.local/lib/python3.6/site-packages/airflow/example_dags/example_branch_operator.py
[2024-07-02 20:03:47,548] {logging_mixin.py:104} INFO - [2024-07-02 20:03:47,548] {dag.py:1824} INFO - Sync 1 DAGs
[2024-07-02 20:03:47,566] {logging_mixin.py:104} INFO - [2024-07-02 20:03:47,566] {dag.py:2280} INFO - Setting next_dagrun for example_branch_operator to 2024-06-30 00:00:00+00:00
[2024-07-02 20:03:47,588] {scheduler_job.py:190} INFO - Processing /home/airflow/.local/lib/python3.6/site-packages/airflow/example_dags/example_branch_operator.py took 0.079 seconds
[2024-07-02 20:04:17,636] {scheduler_job.py:182} INFO - Started process (PID=465) to work on /home/airflow/.local/lib/python3.6/site-packages/airflow/example_dags/example_branch_operator.py
[2024-07-02 20:04:17,637] {scheduler_job.py:629} INFO - Processing file /home/airflow/.local/lib/python3.6/site-packages/airflow/example_dags/example_branch_operator.py for tasks to queue
[2024-07-02 20:04:17,638] {logging_mixin.py:104} INFO - [2024-07-02 20:04:17,638] {dagbag.py:451} INFO - Filling up the DagBag from /home/airflow/.local/lib/python3.6/site-packages/airflow/example_dags/example_branch_operator.py
[2024-07-02 20:04:17,655] {scheduler_job.py:639} INFO - DAG(s) dict_keys(['example_branch_operator']) retrieved from /home/airflow/.local/lib/python3.6/site-packages/airflow/example_dags/example_branch_operator.py
[2024-07-02 20:04:17,675] {logging_mixin.py:104} INFO - [2024-07-02 20:04:17,675] {dag.py:1824} INFO - Sync 1 DAGs
[2024-07-02 20:04:17,691] {logging_mixin.py:104} INFO - [2024-07-02 20:04:17,691] {dag.py:2280} INFO - Setting next_dagrun for example_branch_operator to 2024-06-30 00:00:00+00:00
[2024-07-02 20:04:17,706] {scheduler_job.py:190} INFO - Processing /home/airflow/.local/lib/python3.6/site-packages/airflow/example_dags/example_branch_operator.py took 0.073 seconds
[2024-07-02 20:04:47,739] {scheduler_job.py:182} INFO - Started process (PID=491) to work on /home/airflow/.local/lib/python3.6/site-packages/airflow/example_dags/example_branch_operator.py
[2024-07-02 20:04:47,740] {scheduler_job.py:629} INFO - Processing file /home/airflow/.local/lib/python3.6/site-packages/airflow/example_dags/example_branch_operator.py for tasks to queue
[2024-07-02 20:04:47,740] {logging_mixin.py:104} INFO - [2024-07-02 20:04:47,740] {dagbag.py:451} INFO - Filling up the DagBag from /home/airflow/.local/lib/python3.6/site-packages/airflow/example_dags/example_branch_operator.py
[2024-07-02 20:04:47,754] {scheduler_job.py:639} INFO - DAG(s) dict_keys(['example_branch_operator']) retrieved from /home/airflow/.local/lib/python3.6/site-packages/airflow/example_dags/example_branch_operator.py
[2024-07-02 20:04:47,771] {logging_mixin.py:104} INFO - [2024-07-02 20:04:47,771] {dag.py:1824} INFO - Sync 1 DAGs
[2024-07-02 20:04:47,790] {logging_mixin.py:104} INFO - [2024-07-02 20:04:47,790] {dag.py:2280} INFO - Setting next_dagrun for example_branch_operator to 2024-06-30 00:00:00+00:00
[2024-07-02 20:04:47,808] {scheduler_job.py:190} INFO - Processing /home/airflow/.local/lib/python3.6/site-packages/airflow/example_dags/example_branch_operator.py took 0.072 seconds
[2024-07-02 20:05:18,818] {scheduler_job.py:182} INFO - Started process (PID=517) to work on /home/airflow/.local/lib/python3.6/site-packages/airflow/example_dags/example_branch_operator.py
[2024-07-02 20:05:18,819] {scheduler_job.py:629} INFO - Processing file /home/airflow/.local/lib/python3.6/site-packages/airflow/example_dags/example_branch_operator.py for tasks to queue
[2024-07-02 20:05:18,819] {logging_mixin.py:104} INFO - [2024-07-02 20:05:18,819] {dagbag.py:451} INFO - Filling up the DagBag from /home/airflow/.local/lib/python3.6/site-packages/airflow/example_dags/example_branch_operator.py
[2024-07-02 20:05:18,834] {scheduler_job.py:639} INFO - DAG(s) dict_keys(['example_branch_operator']) retrieved from /home/airflow/.local/lib/python3.6/site-packages/airflow/example_dags/example_branch_operator.py
[2024-07-02 20:05:18,856] {logging_mixin.py:104} INFO - [2024-07-02 20:05:18,856] {dag.py:1824} INFO - Sync 1 DAGs
[2024-07-02 20:05:18,877] {logging_mixin.py:104} INFO - [2024-07-02 20:05:18,877] {dag.py:2280} INFO - Setting next_dagrun for example_branch_operator to 2024-06-30 00:00:00+00:00
[2024-07-02 20:05:18,891] {scheduler_job.py:190} INFO - Processing /home/airflow/.local/lib/python3.6/site-packages/airflow/example_dags/example_branch_operator.py took 0.076 seconds
[2024-07-02 20:05:49,744] {scheduler_job.py:182} INFO - Started process (PID=543) to work on /home/airflow/.local/lib/python3.6/site-packages/airflow/example_dags/example_branch_operator.py
[2024-07-02 20:05:49,745] {scheduler_job.py:629} INFO - Processing file /home/airflow/.local/lib/python3.6/site-packages/airflow/example_dags/example_branch_operator.py for tasks to queue
[2024-07-02 20:05:49,746] {logging_mixin.py:104} INFO - [2024-07-02 20:05:49,746] {dagbag.py:451} INFO - Filling up the DagBag from /home/airflow/.local/lib/python3.6/site-packages/airflow/example_dags/example_branch_operator.py
[2024-07-02 20:05:49,759] {scheduler_job.py:639} INFO - DAG(s) dict_keys(['example_branch_operator']) retrieved from /home/airflow/.local/lib/python3.6/site-packages/airflow/example_dags/example_branch_operator.py
[2024-07-02 20:05:49,777] {logging_mixin.py:104} INFO - [2024-07-02 20:05:49,777] {dag.py:1824} INFO - Sync 1 DAGs
[2024-07-02 20:05:49,794] {logging_mixin.py:104} INFO - [2024-07-02 20:05:49,794] {dag.py:2280} INFO - Setting next_dagrun for example_branch_operator to 2024-06-30 00:00:00+00:00
[2024-07-02 20:05:49,812] {scheduler_job.py:190} INFO - Processing /home/airflow/.local/lib/python3.6/site-packages/airflow/example_dags/example_branch_operator.py took 0.070 seconds
[2024-07-02 20:06:20,637] {scheduler_job.py:182} INFO - Started process (PID=569) to work on /home/airflow/.local/lib/python3.6/site-packages/airflow/example_dags/example_branch_operator.py
[2024-07-02 20:06:20,640] {scheduler_job.py:629} INFO - Processing file /home/airflow/.local/lib/python3.6/site-packages/airflow/example_dags/example_branch_operator.py for tasks to queue
[2024-07-02 20:06:20,641] {logging_mixin.py:104} INFO - [2024-07-02 20:06:20,641] {dagbag.py:451} INFO - Filling up the DagBag from /home/airflow/.local/lib/python3.6/site-packages/airflow/example_dags/example_branch_operator.py
[2024-07-02 20:06:20,667] {scheduler_job.py:639} INFO - DAG(s) dict_keys(['example_branch_operator']) retrieved from /home/airflow/.local/lib/python3.6/site-packages/airflow/example_dags/example_branch_operator.py
[2024-07-02 20:06:20,685] {logging_mixin.py:104} INFO - [2024-07-02 20:06:20,685] {dag.py:1824} INFO - Sync 1 DAGs
[2024-07-02 20:06:20,702] {logging_mixin.py:104} INFO - [2024-07-02 20:06:20,702] {dag.py:2280} INFO - Setting next_dagrun for example_branch_operator to 2024-06-30 00:00:00+00:00
[2024-07-02 20:06:20,719] {scheduler_job.py:190} INFO - Processing /home/airflow/.local/lib/python3.6/site-packages/airflow/example_dags/example_branch_operator.py took 0.090 seconds
[2024-07-02 20:06:51,701] {scheduler_job.py:182} INFO - Started process (PID=595) to work on /home/airflow/.local/lib/python3.6/site-packages/airflow/example_dags/example_branch_operator.py
[2024-07-02 20:06:51,704] {scheduler_job.py:629} INFO - Processing file /home/airflow/.local/lib/python3.6/site-packages/airflow/example_dags/example_branch_operator.py for tasks to queue
[2024-07-02 20:06:51,707] {logging_mixin.py:104} INFO - [2024-07-02 20:06:51,706] {dagbag.py:451} INFO - Filling up the DagBag from /home/airflow/.local/lib/python3.6/site-packages/airflow/example_dags/example_branch_operator.py
[2024-07-02 20:06:51,735] {scheduler_job.py:639} INFO - DAG(s) dict_keys(['example_branch_operator']) retrieved from /home/airflow/.local/lib/python3.6/site-packages/airflow/example_dags/example_branch_operator.py
[2024-07-02 20:06:51,752] {logging_mixin.py:104} INFO - [2024-07-02 20:06:51,752] {dag.py:1824} INFO - Sync 1 DAGs
[2024-07-02 20:06:51,768] {logging_mixin.py:104} INFO - [2024-07-02 20:06:51,768] {dag.py:2280} INFO - Setting next_dagrun for example_branch_operator to 2024-06-30 00:00:00+00:00
[2024-07-02 20:06:51,779] {scheduler_job.py:190} INFO - Processing /home/airflow/.local/lib/python3.6/site-packages/airflow/example_dags/example_branch_operator.py took 0.085 seconds
[2024-07-02 20:07:22,763] {scheduler_job.py:182} INFO - Started process (PID=621) to work on /home/airflow/.local/lib/python3.6/site-packages/airflow/example_dags/example_branch_operator.py
[2024-07-02 20:07:22,764] {scheduler_job.py:629} INFO - Processing file /home/airflow/.local/lib/python3.6/site-packages/airflow/example_dags/example_branch_operator.py for tasks to queue
[2024-07-02 20:07:22,765] {logging_mixin.py:104} INFO - [2024-07-02 20:07:22,764] {dagbag.py:451} INFO - Filling up the DagBag from /home/airflow/.local/lib/python3.6/site-packages/airflow/example_dags/example_branch_operator.py
[2024-07-02 20:07:22,778] {scheduler_job.py:639} INFO - DAG(s) dict_keys(['example_branch_operator']) retrieved from /home/airflow/.local/lib/python3.6/site-packages/airflow/example_dags/example_branch_operator.py
[2024-07-02 20:07:22,795] {logging_mixin.py:104} INFO - [2024-07-02 20:07:22,795] {dag.py:1824} INFO - Sync 1 DAGs
[2024-07-02 20:07:22,814] {logging_mixin.py:104} INFO - [2024-07-02 20:07:22,814] {dag.py:2280} INFO - Setting next_dagrun for example_branch_operator to 2024-06-30 00:00:00+00:00
[2024-07-02 20:07:22,826] {scheduler_job.py:190} INFO - Processing /home/airflow/.local/lib/python3.6/site-packages/airflow/example_dags/example_branch_operator.py took 0.065 seconds
