[2024-07-02 19:52:33,634] {scheduler_job.py:182} INFO - Started process (PID=38) to work on /home/airflow/.local/lib/python3.6/site-packages/airflow/example_dags/example_xcomargs.py
[2024-07-02 19:52:33,635] {scheduler_job.py:629} INFO - Processing file /home/airflow/.local/lib/python3.6/site-packages/airflow/example_dags/example_xcomargs.py for tasks to queue
[2024-07-02 19:52:33,636] {logging_mixin.py:104} INFO - [2024-07-02 19:52:33,636] {dagbag.py:451} INFO - Filling up the DagBag from /home/airflow/.local/lib/python3.6/site-packages/airflow/example_dags/example_xcomargs.py
[2024-07-02 19:52:33,659] {scheduler_job.py:639} INFO - DAG(s) dict_keys(['example_xcom_args', 'example_xcom_args_with_operators']) retrieved from /home/airflow/.local/lib/python3.6/site-packages/airflow/example_dags/example_xcomargs.py
[2024-07-02 19:52:33,700] {logging_mixin.py:104} INFO - [2024-07-02 19:52:33,699] {dag.py:1824} INFO - Sync 2 DAGs
[2024-07-02 19:52:33,714] {logging_mixin.py:104} INFO - [2024-07-02 19:52:33,714] {dag.py:1843} INFO - Creating ORM DAG for example_xcom_args
[2024-07-02 19:52:33,715] {logging_mixin.py:104} INFO - [2024-07-02 19:52:33,715] {dag.py:1843} INFO - Creating ORM DAG for example_xcom_args_with_operators
[2024-07-02 19:52:33,723] {logging_mixin.py:104} INFO - [2024-07-02 19:52:33,723] {dag.py:2280} INFO - Setting next_dagrun for example_xcom_args to None
[2024-07-02 19:52:33,724] {logging_mixin.py:104} INFO - [2024-07-02 19:52:33,724] {dag.py:2280} INFO - Setting next_dagrun for example_xcom_args_with_operators to None
[2024-07-02 19:52:33,746] {scheduler_job.py:190} INFO - Processing /home/airflow/.local/lib/python3.6/site-packages/airflow/example_dags/example_xcomargs.py took 0.117 seconds
[2024-07-02 19:53:04,350] {scheduler_job.py:182} INFO - Started process (PID=66) to work on /home/airflow/.local/lib/python3.6/site-packages/airflow/example_dags/example_xcomargs.py
[2024-07-02 19:53:04,351] {scheduler_job.py:629} INFO - Processing file /home/airflow/.local/lib/python3.6/site-packages/airflow/example_dags/example_xcomargs.py for tasks to queue
[2024-07-02 19:53:04,351] {logging_mixin.py:104} INFO - [2024-07-02 19:53:04,351] {dagbag.py:451} INFO - Filling up the DagBag from /home/airflow/.local/lib/python3.6/site-packages/airflow/example_dags/example_xcomargs.py
[2024-07-02 19:53:04,362] {scheduler_job.py:639} INFO - DAG(s) dict_keys(['example_xcom_args', 'example_xcom_args_with_operators']) retrieved from /home/airflow/.local/lib/python3.6/site-packages/airflow/example_dags/example_xcomargs.py
[2024-07-02 19:53:04,380] {logging_mixin.py:104} INFO - [2024-07-02 19:53:04,380] {dag.py:1824} INFO - Sync 2 DAGs
[2024-07-02 19:53:04,390] {logging_mixin.py:104} INFO - [2024-07-02 19:53:04,390] {dag.py:2280} INFO - Setting next_dagrun for example_xcom_args to None
[2024-07-02 19:53:04,391] {logging_mixin.py:104} INFO - [2024-07-02 19:53:04,391] {dag.py:2280} INFO - Setting next_dagrun for example_xcom_args_with_operators to None
[2024-07-02 19:53:04,400] {scheduler_job.py:190} INFO - Processing /home/airflow/.local/lib/python3.6/site-packages/airflow/example_dags/example_xcomargs.py took 0.052 seconds
[2024-07-02 19:53:35,200] {scheduler_job.py:182} INFO - Started process (PID=90) to work on /home/airflow/.local/lib/python3.6/site-packages/airflow/example_dags/example_xcomargs.py
[2024-07-02 19:53:35,201] {scheduler_job.py:629} INFO - Processing file /home/airflow/.local/lib/python3.6/site-packages/airflow/example_dags/example_xcomargs.py for tasks to queue
[2024-07-02 19:53:35,201] {logging_mixin.py:104} INFO - [2024-07-02 19:53:35,201] {dagbag.py:451} INFO - Filling up the DagBag from /home/airflow/.local/lib/python3.6/site-packages/airflow/example_dags/example_xcomargs.py
[2024-07-02 19:53:35,211] {scheduler_job.py:639} INFO - DAG(s) dict_keys(['example_xcom_args', 'example_xcom_args_with_operators']) retrieved from /home/airflow/.local/lib/python3.6/site-packages/airflow/example_dags/example_xcomargs.py
[2024-07-02 19:53:35,230] {logging_mixin.py:104} INFO - [2024-07-02 19:53:35,230] {dag.py:1824} INFO - Sync 2 DAGs
[2024-07-02 19:53:35,241] {logging_mixin.py:104} INFO - [2024-07-02 19:53:35,241] {dag.py:2280} INFO - Setting next_dagrun for example_xcom_args to None
[2024-07-02 19:53:35,241] {logging_mixin.py:104} INFO - [2024-07-02 19:53:35,241] {dag.py:2280} INFO - Setting next_dagrun for example_xcom_args_with_operators to None
[2024-07-02 19:53:35,249] {scheduler_job.py:190} INFO - Processing /home/airflow/.local/lib/python3.6/site-packages/airflow/example_dags/example_xcomargs.py took 0.052 seconds
[2024-07-02 19:54:06,159] {scheduler_job.py:182} INFO - Started process (PID=116) to work on /home/airflow/.local/lib/python3.6/site-packages/airflow/example_dags/example_xcomargs.py
[2024-07-02 19:54:06,159] {scheduler_job.py:629} INFO - Processing file /home/airflow/.local/lib/python3.6/site-packages/airflow/example_dags/example_xcomargs.py for tasks to queue
[2024-07-02 19:54:06,160] {logging_mixin.py:104} INFO - [2024-07-02 19:54:06,160] {dagbag.py:451} INFO - Filling up the DagBag from /home/airflow/.local/lib/python3.6/site-packages/airflow/example_dags/example_xcomargs.py
[2024-07-02 19:54:06,170] {scheduler_job.py:639} INFO - DAG(s) dict_keys(['example_xcom_args', 'example_xcom_args_with_operators']) retrieved from /home/airflow/.local/lib/python3.6/site-packages/airflow/example_dags/example_xcomargs.py
[2024-07-02 19:54:06,190] {logging_mixin.py:104} INFO - [2024-07-02 19:54:06,190] {dag.py:1824} INFO - Sync 2 DAGs
[2024-07-02 19:54:06,201] {logging_mixin.py:104} INFO - [2024-07-02 19:54:06,201] {dag.py:2280} INFO - Setting next_dagrun for example_xcom_args to None
[2024-07-02 19:54:06,202] {logging_mixin.py:104} INFO - [2024-07-02 19:54:06,202] {dag.py:2280} INFO - Setting next_dagrun for example_xcom_args_with_operators to None
[2024-07-02 19:54:06,211] {scheduler_job.py:190} INFO - Processing /home/airflow/.local/lib/python3.6/site-packages/airflow/example_dags/example_xcomargs.py took 0.054 seconds
[2024-07-02 19:54:37,159] {scheduler_job.py:182} INFO - Started process (PID=142) to work on /home/airflow/.local/lib/python3.6/site-packages/airflow/example_dags/example_xcomargs.py
[2024-07-02 19:54:37,160] {scheduler_job.py:629} INFO - Processing file /home/airflow/.local/lib/python3.6/site-packages/airflow/example_dags/example_xcomargs.py for tasks to queue
[2024-07-02 19:54:37,160] {logging_mixin.py:104} INFO - [2024-07-02 19:54:37,160] {dagbag.py:451} INFO - Filling up the DagBag from /home/airflow/.local/lib/python3.6/site-packages/airflow/example_dags/example_xcomargs.py
[2024-07-02 19:54:37,173] {scheduler_job.py:639} INFO - DAG(s) dict_keys(['example_xcom_args', 'example_xcom_args_with_operators']) retrieved from /home/airflow/.local/lib/python3.6/site-packages/airflow/example_dags/example_xcomargs.py
[2024-07-02 19:54:37,195] {logging_mixin.py:104} INFO - [2024-07-02 19:54:37,195] {dag.py:1824} INFO - Sync 2 DAGs
[2024-07-02 19:54:37,208] {logging_mixin.py:104} INFO - [2024-07-02 19:54:37,207] {dag.py:2280} INFO - Setting next_dagrun for example_xcom_args to None
[2024-07-02 19:54:37,208] {logging_mixin.py:104} INFO - [2024-07-02 19:54:37,208] {dag.py:2280} INFO - Setting next_dagrun for example_xcom_args_with_operators to None
[2024-07-02 19:54:37,219] {scheduler_job.py:190} INFO - Processing /home/airflow/.local/lib/python3.6/site-packages/airflow/example_dags/example_xcomargs.py took 0.064 seconds
[2024-07-02 19:55:08,161] {scheduler_job.py:182} INFO - Started process (PID=168) to work on /home/airflow/.local/lib/python3.6/site-packages/airflow/example_dags/example_xcomargs.py
[2024-07-02 19:55:08,162] {scheduler_job.py:629} INFO - Processing file /home/airflow/.local/lib/python3.6/site-packages/airflow/example_dags/example_xcomargs.py for tasks to queue
[2024-07-02 19:55:08,162] {logging_mixin.py:104} INFO - [2024-07-02 19:55:08,162] {dagbag.py:451} INFO - Filling up the DagBag from /home/airflow/.local/lib/python3.6/site-packages/airflow/example_dags/example_xcomargs.py
[2024-07-02 19:55:08,173] {scheduler_job.py:639} INFO - DAG(s) dict_keys(['example_xcom_args', 'example_xcom_args_with_operators']) retrieved from /home/airflow/.local/lib/python3.6/site-packages/airflow/example_dags/example_xcomargs.py
[2024-07-02 19:55:08,197] {logging_mixin.py:104} INFO - [2024-07-02 19:55:08,197] {dag.py:1824} INFO - Sync 2 DAGs
[2024-07-02 19:55:08,212] {logging_mixin.py:104} INFO - [2024-07-02 19:55:08,212] {dag.py:2280} INFO - Setting next_dagrun for example_xcom_args to None
[2024-07-02 19:55:08,212] {logging_mixin.py:104} INFO - [2024-07-02 19:55:08,212] {dag.py:2280} INFO - Setting next_dagrun for example_xcom_args_with_operators to None
[2024-07-02 19:55:08,224] {scheduler_job.py:190} INFO - Processing /home/airflow/.local/lib/python3.6/site-packages/airflow/example_dags/example_xcomargs.py took 0.064 seconds
[2024-07-02 19:56:06,020] {scheduler_job.py:182} INFO - Started process (PID=34) to work on /home/airflow/.local/lib/python3.6/site-packages/airflow/example_dags/example_xcomargs.py
[2024-07-02 19:56:06,021] {scheduler_job.py:629} INFO - Processing file /home/airflow/.local/lib/python3.6/site-packages/airflow/example_dags/example_xcomargs.py for tasks to queue
[2024-07-02 19:56:06,022] {logging_mixin.py:104} INFO - [2024-07-02 19:56:06,022] {dagbag.py:451} INFO - Filling up the DagBag from /home/airflow/.local/lib/python3.6/site-packages/airflow/example_dags/example_xcomargs.py
[2024-07-02 19:56:06,037] {scheduler_job.py:639} INFO - DAG(s) dict_keys(['example_xcom_args', 'example_xcom_args_with_operators']) retrieved from /home/airflow/.local/lib/python3.6/site-packages/airflow/example_dags/example_xcomargs.py
[2024-07-02 19:56:06,066] {logging_mixin.py:104} INFO - [2024-07-02 19:56:06,066] {dag.py:1824} INFO - Sync 2 DAGs
[2024-07-02 19:56:06,082] {logging_mixin.py:104} INFO - [2024-07-02 19:56:06,082] {dag.py:2280} INFO - Setting next_dagrun for example_xcom_args to None
[2024-07-02 19:56:06,082] {logging_mixin.py:104} INFO - [2024-07-02 19:56:06,082] {dag.py:2280} INFO - Setting next_dagrun for example_xcom_args_with_operators to None
[2024-07-02 19:56:06,092] {scheduler_job.py:190} INFO - Processing /home/airflow/.local/lib/python3.6/site-packages/airflow/example_dags/example_xcomargs.py took 0.074 seconds
[2024-07-02 19:56:36,526] {scheduler_job.py:182} INFO - Started process (PID=63) to work on /home/airflow/.local/lib/python3.6/site-packages/airflow/example_dags/example_xcomargs.py
[2024-07-02 19:56:36,526] {scheduler_job.py:629} INFO - Processing file /home/airflow/.local/lib/python3.6/site-packages/airflow/example_dags/example_xcomargs.py for tasks to queue
[2024-07-02 19:56:36,527] {logging_mixin.py:104} INFO - [2024-07-02 19:56:36,527] {dagbag.py:451} INFO - Filling up the DagBag from /home/airflow/.local/lib/python3.6/site-packages/airflow/example_dags/example_xcomargs.py
[2024-07-02 19:56:36,537] {scheduler_job.py:639} INFO - DAG(s) dict_keys(['example_xcom_args', 'example_xcom_args_with_operators']) retrieved from /home/airflow/.local/lib/python3.6/site-packages/airflow/example_dags/example_xcomargs.py
[2024-07-02 19:56:36,555] {logging_mixin.py:104} INFO - [2024-07-02 19:56:36,555] {dag.py:1824} INFO - Sync 2 DAGs
[2024-07-02 19:56:36,566] {logging_mixin.py:104} INFO - [2024-07-02 19:56:36,566] {dag.py:2280} INFO - Setting next_dagrun for example_xcom_args to None
[2024-07-02 19:56:36,567] {logging_mixin.py:104} INFO - [2024-07-02 19:56:36,567] {dag.py:2280} INFO - Setting next_dagrun for example_xcom_args_with_operators to None
[2024-07-02 19:56:36,577] {scheduler_job.py:190} INFO - Processing /home/airflow/.local/lib/python3.6/site-packages/airflow/example_dags/example_xcomargs.py took 0.053 seconds
[2024-07-02 19:57:06,628] {scheduler_job.py:182} INFO - Started process (PID=89) to work on /home/airflow/.local/lib/python3.6/site-packages/airflow/example_dags/example_xcomargs.py
[2024-07-02 19:57:06,629] {scheduler_job.py:629} INFO - Processing file /home/airflow/.local/lib/python3.6/site-packages/airflow/example_dags/example_xcomargs.py for tasks to queue
[2024-07-02 19:57:06,629] {logging_mixin.py:104} INFO - [2024-07-02 19:57:06,629] {dagbag.py:451} INFO - Filling up the DagBag from /home/airflow/.local/lib/python3.6/site-packages/airflow/example_dags/example_xcomargs.py
[2024-07-02 19:57:06,641] {scheduler_job.py:639} INFO - DAG(s) dict_keys(['example_xcom_args', 'example_xcom_args_with_operators']) retrieved from /home/airflow/.local/lib/python3.6/site-packages/airflow/example_dags/example_xcomargs.py
[2024-07-02 19:57:06,665] {logging_mixin.py:104} INFO - [2024-07-02 19:57:06,665] {dag.py:1824} INFO - Sync 2 DAGs
[2024-07-02 19:57:06,678] {logging_mixin.py:104} INFO - [2024-07-02 19:57:06,678] {dag.py:2280} INFO - Setting next_dagrun for example_xcom_args to None
[2024-07-02 19:57:06,679] {logging_mixin.py:104} INFO - [2024-07-02 19:57:06,679] {dag.py:2280} INFO - Setting next_dagrun for example_xcom_args_with_operators to None
[2024-07-02 19:57:06,689] {scheduler_job.py:190} INFO - Processing /home/airflow/.local/lib/python3.6/site-packages/airflow/example_dags/example_xcomargs.py took 0.063 seconds
[2024-07-02 19:57:36,733] {scheduler_job.py:182} INFO - Started process (PID=114) to work on /home/airflow/.local/lib/python3.6/site-packages/airflow/example_dags/example_xcomargs.py
[2024-07-02 19:57:36,734] {scheduler_job.py:629} INFO - Processing file /home/airflow/.local/lib/python3.6/site-packages/airflow/example_dags/example_xcomargs.py for tasks to queue
[2024-07-02 19:57:36,734] {logging_mixin.py:104} INFO - [2024-07-02 19:57:36,734] {dagbag.py:451} INFO - Filling up the DagBag from /home/airflow/.local/lib/python3.6/site-packages/airflow/example_dags/example_xcomargs.py
[2024-07-02 19:57:36,744] {scheduler_job.py:639} INFO - DAG(s) dict_keys(['example_xcom_args', 'example_xcom_args_with_operators']) retrieved from /home/airflow/.local/lib/python3.6/site-packages/airflow/example_dags/example_xcomargs.py
[2024-07-02 19:57:36,763] {logging_mixin.py:104} INFO - [2024-07-02 19:57:36,763] {dag.py:1824} INFO - Sync 2 DAGs
[2024-07-02 19:57:36,773] {logging_mixin.py:104} INFO - [2024-07-02 19:57:36,773] {dag.py:2280} INFO - Setting next_dagrun for example_xcom_args to None
[2024-07-02 19:57:36,774] {logging_mixin.py:104} INFO - [2024-07-02 19:57:36,774] {dag.py:2280} INFO - Setting next_dagrun for example_xcom_args_with_operators to None
[2024-07-02 19:57:36,783] {scheduler_job.py:190} INFO - Processing /home/airflow/.local/lib/python3.6/site-packages/airflow/example_dags/example_xcomargs.py took 0.052 seconds
[2024-07-02 19:58:07,586] {scheduler_job.py:182} INFO - Started process (PID=138) to work on /home/airflow/.local/lib/python3.6/site-packages/airflow/example_dags/example_xcomargs.py
[2024-07-02 19:58:07,587] {scheduler_job.py:629} INFO - Processing file /home/airflow/.local/lib/python3.6/site-packages/airflow/example_dags/example_xcomargs.py for tasks to queue
[2024-07-02 19:58:07,587] {logging_mixin.py:104} INFO - [2024-07-02 19:58:07,587] {dagbag.py:451} INFO - Filling up the DagBag from /home/airflow/.local/lib/python3.6/site-packages/airflow/example_dags/example_xcomargs.py
[2024-07-02 19:58:07,597] {scheduler_job.py:639} INFO - DAG(s) dict_keys(['example_xcom_args', 'example_xcom_args_with_operators']) retrieved from /home/airflow/.local/lib/python3.6/site-packages/airflow/example_dags/example_xcomargs.py
[2024-07-02 19:58:07,616] {logging_mixin.py:104} INFO - [2024-07-02 19:58:07,616] {dag.py:1824} INFO - Sync 2 DAGs
[2024-07-02 19:58:07,627] {logging_mixin.py:104} INFO - [2024-07-02 19:58:07,627] {dag.py:2280} INFO - Setting next_dagrun for example_xcom_args to None
[2024-07-02 19:58:07,628] {logging_mixin.py:104} INFO - [2024-07-02 19:58:07,628] {dag.py:2280} INFO - Setting next_dagrun for example_xcom_args_with_operators to None
[2024-07-02 19:58:07,637] {scheduler_job.py:190} INFO - Processing /home/airflow/.local/lib/python3.6/site-packages/airflow/example_dags/example_xcomargs.py took 0.053 seconds
[2024-07-02 19:58:38,514] {scheduler_job.py:182} INFO - Started process (PID=164) to work on /home/airflow/.local/lib/python3.6/site-packages/airflow/example_dags/example_xcomargs.py
[2024-07-02 19:58:38,516] {scheduler_job.py:629} INFO - Processing file /home/airflow/.local/lib/python3.6/site-packages/airflow/example_dags/example_xcomargs.py for tasks to queue
[2024-07-02 19:58:38,516] {logging_mixin.py:104} INFO - [2024-07-02 19:58:38,516] {dagbag.py:451} INFO - Filling up the DagBag from /home/airflow/.local/lib/python3.6/site-packages/airflow/example_dags/example_xcomargs.py
[2024-07-02 19:58:38,527] {scheduler_job.py:639} INFO - DAG(s) dict_keys(['example_xcom_args', 'example_xcom_args_with_operators']) retrieved from /home/airflow/.local/lib/python3.6/site-packages/airflow/example_dags/example_xcomargs.py
[2024-07-02 19:58:38,549] {logging_mixin.py:104} INFO - [2024-07-02 19:58:38,549] {dag.py:1824} INFO - Sync 2 DAGs
[2024-07-02 19:58:38,561] {logging_mixin.py:104} INFO - [2024-07-02 19:58:38,561] {dag.py:2280} INFO - Setting next_dagrun for example_xcom_args to None
[2024-07-02 19:58:38,562] {logging_mixin.py:104} INFO - [2024-07-02 19:58:38,562] {dag.py:2280} INFO - Setting next_dagrun for example_xcom_args_with_operators to None
[2024-07-02 19:58:38,572] {scheduler_job.py:190} INFO - Processing /home/airflow/.local/lib/python3.6/site-packages/airflow/example_dags/example_xcomargs.py took 0.061 seconds
[2024-07-02 19:59:09,464] {scheduler_job.py:182} INFO - Started process (PID=190) to work on /home/airflow/.local/lib/python3.6/site-packages/airflow/example_dags/example_xcomargs.py
[2024-07-02 19:59:09,465] {scheduler_job.py:629} INFO - Processing file /home/airflow/.local/lib/python3.6/site-packages/airflow/example_dags/example_xcomargs.py for tasks to queue
[2024-07-02 19:59:09,465] {logging_mixin.py:104} INFO - [2024-07-02 19:59:09,465] {dagbag.py:451} INFO - Filling up the DagBag from /home/airflow/.local/lib/python3.6/site-packages/airflow/example_dags/example_xcomargs.py
[2024-07-02 19:59:09,475] {scheduler_job.py:639} INFO - DAG(s) dict_keys(['example_xcom_args', 'example_xcom_args_with_operators']) retrieved from /home/airflow/.local/lib/python3.6/site-packages/airflow/example_dags/example_xcomargs.py
[2024-07-02 19:59:09,494] {logging_mixin.py:104} INFO - [2024-07-02 19:59:09,494] {dag.py:1824} INFO - Sync 2 DAGs
[2024-07-02 19:59:09,505] {logging_mixin.py:104} INFO - [2024-07-02 19:59:09,505] {dag.py:2280} INFO - Setting next_dagrun for example_xcom_args to None
[2024-07-02 19:59:09,506] {logging_mixin.py:104} INFO - [2024-07-02 19:59:09,506] {dag.py:2280} INFO - Setting next_dagrun for example_xcom_args_with_operators to None
[2024-07-02 19:59:09,517] {scheduler_job.py:190} INFO - Processing /home/airflow/.local/lib/python3.6/site-packages/airflow/example_dags/example_xcomargs.py took 0.055 seconds
[2024-07-02 19:59:40,470] {scheduler_job.py:182} INFO - Started process (PID=216) to work on /home/airflow/.local/lib/python3.6/site-packages/airflow/example_dags/example_xcomargs.py
[2024-07-02 19:59:40,471] {scheduler_job.py:629} INFO - Processing file /home/airflow/.local/lib/python3.6/site-packages/airflow/example_dags/example_xcomargs.py for tasks to queue
[2024-07-02 19:59:40,471] {logging_mixin.py:104} INFO - [2024-07-02 19:59:40,471] {dagbag.py:451} INFO - Filling up the DagBag from /home/airflow/.local/lib/python3.6/site-packages/airflow/example_dags/example_xcomargs.py
[2024-07-02 19:59:40,481] {scheduler_job.py:639} INFO - DAG(s) dict_keys(['example_xcom_args', 'example_xcom_args_with_operators']) retrieved from /home/airflow/.local/lib/python3.6/site-packages/airflow/example_dags/example_xcomargs.py
[2024-07-02 19:59:40,501] {logging_mixin.py:104} INFO - [2024-07-02 19:59:40,501] {dag.py:1824} INFO - Sync 2 DAGs
[2024-07-02 19:59:40,512] {logging_mixin.py:104} INFO - [2024-07-02 19:59:40,512] {dag.py:2280} INFO - Setting next_dagrun for example_xcom_args to None
[2024-07-02 19:59:40,513] {logging_mixin.py:104} INFO - [2024-07-02 19:59:40,512] {dag.py:2280} INFO - Setting next_dagrun for example_xcom_args_with_operators to None
[2024-07-02 19:59:40,523] {scheduler_job.py:190} INFO - Processing /home/airflow/.local/lib/python3.6/site-packages/airflow/example_dags/example_xcomargs.py took 0.055 seconds
[2024-07-02 20:00:11,460] {scheduler_job.py:182} INFO - Started process (PID=242) to work on /home/airflow/.local/lib/python3.6/site-packages/airflow/example_dags/example_xcomargs.py
[2024-07-02 20:00:11,460] {scheduler_job.py:629} INFO - Processing file /home/airflow/.local/lib/python3.6/site-packages/airflow/example_dags/example_xcomargs.py for tasks to queue
[2024-07-02 20:00:11,461] {logging_mixin.py:104} INFO - [2024-07-02 20:00:11,461] {dagbag.py:451} INFO - Filling up the DagBag from /home/airflow/.local/lib/python3.6/site-packages/airflow/example_dags/example_xcomargs.py
[2024-07-02 20:00:11,474] {scheduler_job.py:639} INFO - DAG(s) dict_keys(['example_xcom_args', 'example_xcom_args_with_operators']) retrieved from /home/airflow/.local/lib/python3.6/site-packages/airflow/example_dags/example_xcomargs.py
[2024-07-02 20:00:11,510] {logging_mixin.py:104} INFO - [2024-07-02 20:00:11,510] {dag.py:1824} INFO - Sync 2 DAGs
[2024-07-02 20:00:11,528] {logging_mixin.py:104} INFO - [2024-07-02 20:00:11,528] {dag.py:2280} INFO - Setting next_dagrun for example_xcom_args to None
[2024-07-02 20:00:11,529] {logging_mixin.py:104} INFO - [2024-07-02 20:00:11,529] {dag.py:2280} INFO - Setting next_dagrun for example_xcom_args_with_operators to None
[2024-07-02 20:00:11,544] {scheduler_job.py:190} INFO - Processing /home/airflow/.local/lib/python3.6/site-packages/airflow/example_dags/example_xcomargs.py took 0.086 seconds
[2024-07-02 20:00:42,476] {scheduler_job.py:182} INFO - Started process (PID=268) to work on /home/airflow/.local/lib/python3.6/site-packages/airflow/example_dags/example_xcomargs.py
[2024-07-02 20:00:42,476] {scheduler_job.py:629} INFO - Processing file /home/airflow/.local/lib/python3.6/site-packages/airflow/example_dags/example_xcomargs.py for tasks to queue
[2024-07-02 20:00:42,477] {logging_mixin.py:104} INFO - [2024-07-02 20:00:42,477] {dagbag.py:451} INFO - Filling up the DagBag from /home/airflow/.local/lib/python3.6/site-packages/airflow/example_dags/example_xcomargs.py
[2024-07-02 20:00:42,488] {scheduler_job.py:639} INFO - DAG(s) dict_keys(['example_xcom_args', 'example_xcom_args_with_operators']) retrieved from /home/airflow/.local/lib/python3.6/site-packages/airflow/example_dags/example_xcomargs.py
[2024-07-02 20:00:42,508] {logging_mixin.py:104} INFO - [2024-07-02 20:00:42,508] {dag.py:1824} INFO - Sync 2 DAGs
[2024-07-02 20:00:42,519] {logging_mixin.py:104} INFO - [2024-07-02 20:00:42,519] {dag.py:2280} INFO - Setting next_dagrun for example_xcom_args to None
[2024-07-02 20:00:42,520] {logging_mixin.py:104} INFO - [2024-07-02 20:00:42,520] {dag.py:2280} INFO - Setting next_dagrun for example_xcom_args_with_operators to None
[2024-07-02 20:00:42,531] {scheduler_job.py:190} INFO - Processing /home/airflow/.local/lib/python3.6/site-packages/airflow/example_dags/example_xcomargs.py took 0.057 seconds
[2024-07-02 20:01:13,566] {scheduler_job.py:182} INFO - Started process (PID=294) to work on /home/airflow/.local/lib/python3.6/site-packages/airflow/example_dags/example_xcomargs.py
[2024-07-02 20:01:13,566] {scheduler_job.py:629} INFO - Processing file /home/airflow/.local/lib/python3.6/site-packages/airflow/example_dags/example_xcomargs.py for tasks to queue
[2024-07-02 20:01:13,567] {logging_mixin.py:104} INFO - [2024-07-02 20:01:13,567] {dagbag.py:451} INFO - Filling up the DagBag from /home/airflow/.local/lib/python3.6/site-packages/airflow/example_dags/example_xcomargs.py
[2024-07-02 20:01:13,577] {scheduler_job.py:639} INFO - DAG(s) dict_keys(['example_xcom_args', 'example_xcom_args_with_operators']) retrieved from /home/airflow/.local/lib/python3.6/site-packages/airflow/example_dags/example_xcomargs.py
[2024-07-02 20:01:13,596] {logging_mixin.py:104} INFO - [2024-07-02 20:01:13,596] {dag.py:1824} INFO - Sync 2 DAGs
[2024-07-02 20:01:13,607] {logging_mixin.py:104} INFO - [2024-07-02 20:01:13,607] {dag.py:2280} INFO - Setting next_dagrun for example_xcom_args to None
[2024-07-02 20:01:13,608] {logging_mixin.py:104} INFO - [2024-07-02 20:01:13,607] {dag.py:2280} INFO - Setting next_dagrun for example_xcom_args_with_operators to None
[2024-07-02 20:01:13,619] {scheduler_job.py:190} INFO - Processing /home/airflow/.local/lib/python3.6/site-packages/airflow/example_dags/example_xcomargs.py took 0.056 seconds
[2024-07-02 20:01:44,542] {scheduler_job.py:182} INFO - Started process (PID=320) to work on /home/airflow/.local/lib/python3.6/site-packages/airflow/example_dags/example_xcomargs.py
[2024-07-02 20:01:44,542] {scheduler_job.py:629} INFO - Processing file /home/airflow/.local/lib/python3.6/site-packages/airflow/example_dags/example_xcomargs.py for tasks to queue
[2024-07-02 20:01:44,543] {logging_mixin.py:104} INFO - [2024-07-02 20:01:44,543] {dagbag.py:451} INFO - Filling up the DagBag from /home/airflow/.local/lib/python3.6/site-packages/airflow/example_dags/example_xcomargs.py
[2024-07-02 20:01:44,553] {scheduler_job.py:639} INFO - DAG(s) dict_keys(['example_xcom_args', 'example_xcom_args_with_operators']) retrieved from /home/airflow/.local/lib/python3.6/site-packages/airflow/example_dags/example_xcomargs.py
[2024-07-02 20:01:44,572] {logging_mixin.py:104} INFO - [2024-07-02 20:01:44,572] {dag.py:1824} INFO - Sync 2 DAGs
[2024-07-02 20:01:44,584] {logging_mixin.py:104} INFO - [2024-07-02 20:01:44,583] {dag.py:2280} INFO - Setting next_dagrun for example_xcom_args to None
[2024-07-02 20:01:44,584] {logging_mixin.py:104} INFO - [2024-07-02 20:01:44,584] {dag.py:2280} INFO - Setting next_dagrun for example_xcom_args_with_operators to None
[2024-07-02 20:01:44,596] {scheduler_job.py:190} INFO - Processing /home/airflow/.local/lib/python3.6/site-packages/airflow/example_dags/example_xcomargs.py took 0.056 seconds
[2024-07-02 20:02:15,589] {scheduler_job.py:182} INFO - Started process (PID=346) to work on /home/airflow/.local/lib/python3.6/site-packages/airflow/example_dags/example_xcomargs.py
[2024-07-02 20:02:15,591] {scheduler_job.py:629} INFO - Processing file /home/airflow/.local/lib/python3.6/site-packages/airflow/example_dags/example_xcomargs.py for tasks to queue
[2024-07-02 20:02:15,592] {logging_mixin.py:104} INFO - [2024-07-02 20:02:15,592] {dagbag.py:451} INFO - Filling up the DagBag from /home/airflow/.local/lib/python3.6/site-packages/airflow/example_dags/example_xcomargs.py
[2024-07-02 20:02:15,610] {scheduler_job.py:639} INFO - DAG(s) dict_keys(['example_xcom_args', 'example_xcom_args_with_operators']) retrieved from /home/airflow/.local/lib/python3.6/site-packages/airflow/example_dags/example_xcomargs.py
[2024-07-02 20:02:15,634] {logging_mixin.py:104} INFO - [2024-07-02 20:02:15,634] {dag.py:1824} INFO - Sync 2 DAGs
[2024-07-02 20:02:15,646] {logging_mixin.py:104} INFO - [2024-07-02 20:02:15,646] {dag.py:2280} INFO - Setting next_dagrun for example_xcom_args to None
[2024-07-02 20:02:15,647] {logging_mixin.py:104} INFO - [2024-07-02 20:02:15,647] {dag.py:2280} INFO - Setting next_dagrun for example_xcom_args_with_operators to None
[2024-07-02 20:02:15,660] {scheduler_job.py:190} INFO - Processing /home/airflow/.local/lib/python3.6/site-packages/airflow/example_dags/example_xcomargs.py took 0.076 seconds
[2024-07-02 20:02:45,734] {scheduler_job.py:182} INFO - Started process (PID=373) to work on /home/airflow/.local/lib/python3.6/site-packages/airflow/example_dags/example_xcomargs.py
[2024-07-02 20:02:45,735] {scheduler_job.py:629} INFO - Processing file /home/airflow/.local/lib/python3.6/site-packages/airflow/example_dags/example_xcomargs.py for tasks to queue
[2024-07-02 20:02:45,736] {logging_mixin.py:104} INFO - [2024-07-02 20:02:45,736] {dagbag.py:451} INFO - Filling up the DagBag from /home/airflow/.local/lib/python3.6/site-packages/airflow/example_dags/example_xcomargs.py
[2024-07-02 20:02:45,757] {scheduler_job.py:639} INFO - DAG(s) dict_keys(['example_xcom_args', 'example_xcom_args_with_operators']) retrieved from /home/airflow/.local/lib/python3.6/site-packages/airflow/example_dags/example_xcomargs.py
[2024-07-02 20:02:45,791] {logging_mixin.py:104} INFO - [2024-07-02 20:02:45,791] {dag.py:1824} INFO - Sync 2 DAGs
[2024-07-02 20:02:45,808] {logging_mixin.py:104} INFO - [2024-07-02 20:02:45,808] {dag.py:2280} INFO - Setting next_dagrun for example_xcom_args to None
[2024-07-02 20:02:45,809] {logging_mixin.py:104} INFO - [2024-07-02 20:02:45,808] {dag.py:2280} INFO - Setting next_dagrun for example_xcom_args_with_operators to None
[2024-07-02 20:02:45,825] {scheduler_job.py:190} INFO - Processing /home/airflow/.local/lib/python3.6/site-packages/airflow/example_dags/example_xcomargs.py took 0.094 seconds
[2024-07-02 20:03:15,885] {scheduler_job.py:182} INFO - Started process (PID=399) to work on /home/airflow/.local/lib/python3.6/site-packages/airflow/example_dags/example_xcomargs.py
[2024-07-02 20:03:15,886] {scheduler_job.py:629} INFO - Processing file /home/airflow/.local/lib/python3.6/site-packages/airflow/example_dags/example_xcomargs.py for tasks to queue
[2024-07-02 20:03:15,886] {logging_mixin.py:104} INFO - [2024-07-02 20:03:15,886] {dagbag.py:451} INFO - Filling up the DagBag from /home/airflow/.local/lib/python3.6/site-packages/airflow/example_dags/example_xcomargs.py
[2024-07-02 20:03:15,896] {scheduler_job.py:639} INFO - DAG(s) dict_keys(['example_xcom_args', 'example_xcom_args_with_operators']) retrieved from /home/airflow/.local/lib/python3.6/site-packages/airflow/example_dags/example_xcomargs.py
[2024-07-02 20:03:15,915] {logging_mixin.py:104} INFO - [2024-07-02 20:03:15,915] {dag.py:1824} INFO - Sync 2 DAGs
[2024-07-02 20:03:15,926] {logging_mixin.py:104} INFO - [2024-07-02 20:03:15,925] {dag.py:2280} INFO - Setting next_dagrun for example_xcom_args to None
[2024-07-02 20:03:15,926] {logging_mixin.py:104} INFO - [2024-07-02 20:03:15,926] {dag.py:2280} INFO - Setting next_dagrun for example_xcom_args_with_operators to None
[2024-07-02 20:03:15,940] {scheduler_job.py:190} INFO - Processing /home/airflow/.local/lib/python3.6/site-packages/airflow/example_dags/example_xcomargs.py took 0.057 seconds
[2024-07-02 20:03:46,009] {scheduler_job.py:182} INFO - Started process (PID=426) to work on /home/airflow/.local/lib/python3.6/site-packages/airflow/example_dags/example_xcomargs.py
[2024-07-02 20:03:46,010] {scheduler_job.py:629} INFO - Processing file /home/airflow/.local/lib/python3.6/site-packages/airflow/example_dags/example_xcomargs.py for tasks to queue
[2024-07-02 20:03:46,010] {logging_mixin.py:104} INFO - [2024-07-02 20:03:46,010] {dagbag.py:451} INFO - Filling up the DagBag from /home/airflow/.local/lib/python3.6/site-packages/airflow/example_dags/example_xcomargs.py
[2024-07-02 20:03:46,020] {scheduler_job.py:639} INFO - DAG(s) dict_keys(['example_xcom_args', 'example_xcom_args_with_operators']) retrieved from /home/airflow/.local/lib/python3.6/site-packages/airflow/example_dags/example_xcomargs.py
[2024-07-02 20:03:46,040] {logging_mixin.py:104} INFO - [2024-07-02 20:03:46,040] {dag.py:1824} INFO - Sync 2 DAGs
[2024-07-02 20:03:46,052] {logging_mixin.py:104} INFO - [2024-07-02 20:03:46,052] {dag.py:2280} INFO - Setting next_dagrun for example_xcom_args to None
[2024-07-02 20:03:46,053] {logging_mixin.py:104} INFO - [2024-07-02 20:03:46,053] {dag.py:2280} INFO - Setting next_dagrun for example_xcom_args_with_operators to None
[2024-07-02 20:03:46,066] {scheduler_job.py:190} INFO - Processing /home/airflow/.local/lib/python3.6/site-packages/airflow/example_dags/example_xcomargs.py took 0.060 seconds
[2024-07-02 20:04:16,131] {scheduler_job.py:182} INFO - Started process (PID=452) to work on /home/airflow/.local/lib/python3.6/site-packages/airflow/example_dags/example_xcomargs.py
[2024-07-02 20:04:16,131] {scheduler_job.py:629} INFO - Processing file /home/airflow/.local/lib/python3.6/site-packages/airflow/example_dags/example_xcomargs.py for tasks to queue
[2024-07-02 20:04:16,132] {logging_mixin.py:104} INFO - [2024-07-02 20:04:16,132] {dagbag.py:451} INFO - Filling up the DagBag from /home/airflow/.local/lib/python3.6/site-packages/airflow/example_dags/example_xcomargs.py
[2024-07-02 20:04:16,141] {scheduler_job.py:639} INFO - DAG(s) dict_keys(['example_xcom_args', 'example_xcom_args_with_operators']) retrieved from /home/airflow/.local/lib/python3.6/site-packages/airflow/example_dags/example_xcomargs.py
[2024-07-02 20:04:16,160] {logging_mixin.py:104} INFO - [2024-07-02 20:04:16,160] {dag.py:1824} INFO - Sync 2 DAGs
[2024-07-02 20:04:16,171] {logging_mixin.py:104} INFO - [2024-07-02 20:04:16,171] {dag.py:2280} INFO - Setting next_dagrun for example_xcom_args to None
[2024-07-02 20:04:16,172] {logging_mixin.py:104} INFO - [2024-07-02 20:04:16,172] {dag.py:2280} INFO - Setting next_dagrun for example_xcom_args_with_operators to None
[2024-07-02 20:04:16,183] {scheduler_job.py:190} INFO - Processing /home/airflow/.local/lib/python3.6/site-packages/airflow/example_dags/example_xcomargs.py took 0.055 seconds
[2024-07-02 20:04:46,237] {scheduler_job.py:182} INFO - Started process (PID=478) to work on /home/airflow/.local/lib/python3.6/site-packages/airflow/example_dags/example_xcomargs.py
[2024-07-02 20:04:46,238] {scheduler_job.py:629} INFO - Processing file /home/airflow/.local/lib/python3.6/site-packages/airflow/example_dags/example_xcomargs.py for tasks to queue
[2024-07-02 20:04:46,238] {logging_mixin.py:104} INFO - [2024-07-02 20:04:46,238] {dagbag.py:451} INFO - Filling up the DagBag from /home/airflow/.local/lib/python3.6/site-packages/airflow/example_dags/example_xcomargs.py
[2024-07-02 20:04:46,248] {scheduler_job.py:639} INFO - DAG(s) dict_keys(['example_xcom_args', 'example_xcom_args_with_operators']) retrieved from /home/airflow/.local/lib/python3.6/site-packages/airflow/example_dags/example_xcomargs.py
[2024-07-02 20:04:46,269] {logging_mixin.py:104} INFO - [2024-07-02 20:04:46,269] {dag.py:1824} INFO - Sync 2 DAGs
[2024-07-02 20:04:46,281] {logging_mixin.py:104} INFO - [2024-07-02 20:04:46,281] {dag.py:2280} INFO - Setting next_dagrun for example_xcom_args to None
[2024-07-02 20:04:46,281] {logging_mixin.py:104} INFO - [2024-07-02 20:04:46,281] {dag.py:2280} INFO - Setting next_dagrun for example_xcom_args_with_operators to None
[2024-07-02 20:04:46,292] {scheduler_job.py:190} INFO - Processing /home/airflow/.local/lib/python3.6/site-packages/airflow/example_dags/example_xcomargs.py took 0.057 seconds
[2024-07-02 20:05:16,365] {scheduler_job.py:182} INFO - Started process (PID=505) to work on /home/airflow/.local/lib/python3.6/site-packages/airflow/example_dags/example_xcomargs.py
[2024-07-02 20:05:16,365] {scheduler_job.py:629} INFO - Processing file /home/airflow/.local/lib/python3.6/site-packages/airflow/example_dags/example_xcomargs.py for tasks to queue
[2024-07-02 20:05:16,366] {logging_mixin.py:104} INFO - [2024-07-02 20:05:16,366] {dagbag.py:451} INFO - Filling up the DagBag from /home/airflow/.local/lib/python3.6/site-packages/airflow/example_dags/example_xcomargs.py
[2024-07-02 20:05:16,377] {scheduler_job.py:639} INFO - DAG(s) dict_keys(['example_xcom_args', 'example_xcom_args_with_operators']) retrieved from /home/airflow/.local/lib/python3.6/site-packages/airflow/example_dags/example_xcomargs.py
[2024-07-02 20:05:16,402] {logging_mixin.py:104} INFO - [2024-07-02 20:05:16,402] {dag.py:1824} INFO - Sync 2 DAGs
[2024-07-02 20:05:16,417] {logging_mixin.py:104} INFO - [2024-07-02 20:05:16,417] {dag.py:2280} INFO - Setting next_dagrun for example_xcom_args to None
[2024-07-02 20:05:16,418] {logging_mixin.py:104} INFO - [2024-07-02 20:05:16,418] {dag.py:2280} INFO - Setting next_dagrun for example_xcom_args_with_operators to None
[2024-07-02 20:05:16,429] {scheduler_job.py:190} INFO - Processing /home/airflow/.local/lib/python3.6/site-packages/airflow/example_dags/example_xcomargs.py took 0.066 seconds
[2024-07-02 20:05:47,311] {scheduler_job.py:182} INFO - Started process (PID=528) to work on /home/airflow/.local/lib/python3.6/site-packages/airflow/example_dags/example_xcomargs.py
[2024-07-02 20:05:47,312] {scheduler_job.py:629} INFO - Processing file /home/airflow/.local/lib/python3.6/site-packages/airflow/example_dags/example_xcomargs.py for tasks to queue
[2024-07-02 20:05:47,312] {logging_mixin.py:104} INFO - [2024-07-02 20:05:47,312] {dagbag.py:451} INFO - Filling up the DagBag from /home/airflow/.local/lib/python3.6/site-packages/airflow/example_dags/example_xcomargs.py
[2024-07-02 20:05:47,322] {scheduler_job.py:639} INFO - DAG(s) dict_keys(['example_xcom_args', 'example_xcom_args_with_operators']) retrieved from /home/airflow/.local/lib/python3.6/site-packages/airflow/example_dags/example_xcomargs.py
[2024-07-02 20:05:47,341] {logging_mixin.py:104} INFO - [2024-07-02 20:05:47,341] {dag.py:1824} INFO - Sync 2 DAGs
[2024-07-02 20:05:47,353] {logging_mixin.py:104} INFO - [2024-07-02 20:05:47,353] {dag.py:2280} INFO - Setting next_dagrun for example_xcom_args to None
[2024-07-02 20:05:47,353] {logging_mixin.py:104} INFO - [2024-07-02 20:05:47,353] {dag.py:2280} INFO - Setting next_dagrun for example_xcom_args_with_operators to None
[2024-07-02 20:05:47,364] {scheduler_job.py:190} INFO - Processing /home/airflow/.local/lib/python3.6/site-packages/airflow/example_dags/example_xcomargs.py took 0.055 seconds
[2024-07-02 20:06:18,182] {scheduler_job.py:182} INFO - Started process (PID=554) to work on /home/airflow/.local/lib/python3.6/site-packages/airflow/example_dags/example_xcomargs.py
[2024-07-02 20:06:18,183] {scheduler_job.py:629} INFO - Processing file /home/airflow/.local/lib/python3.6/site-packages/airflow/example_dags/example_xcomargs.py for tasks to queue
[2024-07-02 20:06:18,183] {logging_mixin.py:104} INFO - [2024-07-02 20:06:18,183] {dagbag.py:451} INFO - Filling up the DagBag from /home/airflow/.local/lib/python3.6/site-packages/airflow/example_dags/example_xcomargs.py
[2024-07-02 20:06:18,193] {scheduler_job.py:639} INFO - DAG(s) dict_keys(['example_xcom_args', 'example_xcom_args_with_operators']) retrieved from /home/airflow/.local/lib/python3.6/site-packages/airflow/example_dags/example_xcomargs.py
[2024-07-02 20:06:18,213] {logging_mixin.py:104} INFO - [2024-07-02 20:06:18,212] {dag.py:1824} INFO - Sync 2 DAGs
[2024-07-02 20:06:18,223] {logging_mixin.py:104} INFO - [2024-07-02 20:06:18,223] {dag.py:2280} INFO - Setting next_dagrun for example_xcom_args to None
[2024-07-02 20:06:18,224] {logging_mixin.py:104} INFO - [2024-07-02 20:06:18,224] {dag.py:2280} INFO - Setting next_dagrun for example_xcom_args_with_operators to None
[2024-07-02 20:06:18,236] {scheduler_job.py:190} INFO - Processing /home/airflow/.local/lib/python3.6/site-packages/airflow/example_dags/example_xcomargs.py took 0.056 seconds
[2024-07-02 20:06:49,118] {scheduler_job.py:182} INFO - Started process (PID=580) to work on /home/airflow/.local/lib/python3.6/site-packages/airflow/example_dags/example_xcomargs.py
[2024-07-02 20:06:49,119] {scheduler_job.py:629} INFO - Processing file /home/airflow/.local/lib/python3.6/site-packages/airflow/example_dags/example_xcomargs.py for tasks to queue
[2024-07-02 20:06:49,119] {logging_mixin.py:104} INFO - [2024-07-02 20:06:49,119] {dagbag.py:451} INFO - Filling up the DagBag from /home/airflow/.local/lib/python3.6/site-packages/airflow/example_dags/example_xcomargs.py
[2024-07-02 20:06:49,131] {scheduler_job.py:639} INFO - DAG(s) dict_keys(['example_xcom_args', 'example_xcom_args_with_operators']) retrieved from /home/airflow/.local/lib/python3.6/site-packages/airflow/example_dags/example_xcomargs.py
[2024-07-02 20:06:49,153] {logging_mixin.py:104} INFO - [2024-07-02 20:06:49,153] {dag.py:1824} INFO - Sync 2 DAGs
[2024-07-02 20:06:49,164] {logging_mixin.py:104} INFO - [2024-07-02 20:06:49,164] {dag.py:2280} INFO - Setting next_dagrun for example_xcom_args to None
[2024-07-02 20:06:49,165] {logging_mixin.py:104} INFO - [2024-07-02 20:06:49,165] {dag.py:2280} INFO - Setting next_dagrun for example_xcom_args_with_operators to None
[2024-07-02 20:06:49,179] {scheduler_job.py:190} INFO - Processing /home/airflow/.local/lib/python3.6/site-packages/airflow/example_dags/example_xcomargs.py took 0.063 seconds
[2024-07-02 20:07:20,225] {scheduler_job.py:182} INFO - Started process (PID=606) to work on /home/airflow/.local/lib/python3.6/site-packages/airflow/example_dags/example_xcomargs.py
[2024-07-02 20:07:20,226] {scheduler_job.py:629} INFO - Processing file /home/airflow/.local/lib/python3.6/site-packages/airflow/example_dags/example_xcomargs.py for tasks to queue
[2024-07-02 20:07:20,226] {logging_mixin.py:104} INFO - [2024-07-02 20:07:20,226] {dagbag.py:451} INFO - Filling up the DagBag from /home/airflow/.local/lib/python3.6/site-packages/airflow/example_dags/example_xcomargs.py
[2024-07-02 20:07:20,238] {scheduler_job.py:639} INFO - DAG(s) dict_keys(['example_xcom_args', 'example_xcom_args_with_operators']) retrieved from /home/airflow/.local/lib/python3.6/site-packages/airflow/example_dags/example_xcomargs.py
[2024-07-02 20:07:20,261] {logging_mixin.py:104} INFO - [2024-07-02 20:07:20,261] {dag.py:1824} INFO - Sync 2 DAGs
[2024-07-02 20:07:20,273] {logging_mixin.py:104} INFO - [2024-07-02 20:07:20,272] {dag.py:2280} INFO - Setting next_dagrun for example_xcom_args to None
[2024-07-02 20:07:20,273] {logging_mixin.py:104} INFO - [2024-07-02 20:07:20,273] {dag.py:2280} INFO - Setting next_dagrun for example_xcom_args_with_operators to None
[2024-07-02 20:07:20,285] {scheduler_job.py:190} INFO - Processing /home/airflow/.local/lib/python3.6/site-packages/airflow/example_dags/example_xcomargs.py took 0.062 seconds
