[2024-07-02 19:52:33,764] {scheduler_job.py:182} INFO - Started process (PID=40) to work on /home/airflow/.local/lib/python3.6/site-packages/airflow/example_dags/example_bash_operator.py
[2024-07-02 19:52:33,765] {scheduler_job.py:629} INFO - Processing file /home/airflow/.local/lib/python3.6/site-packages/airflow/example_dags/example_bash_operator.py for tasks to queue
[2024-07-02 19:52:33,766] {logging_mixin.py:104} INFO - [2024-07-02 19:52:33,766] {dagbag.py:451} INFO - Filling up the DagBag from /home/airflow/.local/lib/python3.6/site-packages/airflow/example_dags/example_bash_operator.py
[2024-07-02 19:52:33,787] {scheduler_job.py:639} INFO - DAG(s) dict_keys(['example_bash_operator']) retrieved from /home/airflow/.local/lib/python3.6/site-packages/airflow/example_dags/example_bash_operator.py
[2024-07-02 19:52:33,828] {logging_mixin.py:104} INFO - [2024-07-02 19:52:33,828] {dag.py:1824} INFO - Sync 1 DAGs
[2024-07-02 19:52:33,842] {logging_mixin.py:104} INFO - [2024-07-02 19:52:33,842] {dag.py:1843} INFO - Creating ORM DAG for example_bash_operator
[2024-07-02 19:52:33,857] {logging_mixin.py:104} INFO - [2024-07-02 19:52:33,856] {dag.py:2280} INFO - Setting next_dagrun for example_bash_operator to 2024-06-30 00:00:00+00:00
[2024-07-02 19:52:33,872] {scheduler_job.py:190} INFO - Processing /home/airflow/.local/lib/python3.6/site-packages/airflow/example_dags/example_bash_operator.py took 0.111 seconds
[2024-07-02 19:53:04,412] {scheduler_job.py:182} INFO - Started process (PID=68) to work on /home/airflow/.local/lib/python3.6/site-packages/airflow/example_dags/example_bash_operator.py
[2024-07-02 19:53:04,412] {scheduler_job.py:629} INFO - Processing file /home/airflow/.local/lib/python3.6/site-packages/airflow/example_dags/example_bash_operator.py for tasks to queue
[2024-07-02 19:53:04,413] {logging_mixin.py:104} INFO - [2024-07-02 19:53:04,413] {dagbag.py:451} INFO - Filling up the DagBag from /home/airflow/.local/lib/python3.6/site-packages/airflow/example_dags/example_bash_operator.py
[2024-07-02 19:53:04,422] {scheduler_job.py:639} INFO - DAG(s) dict_keys(['example_bash_operator']) retrieved from /home/airflow/.local/lib/python3.6/site-packages/airflow/example_dags/example_bash_operator.py
[2024-07-02 19:53:04,437] {logging_mixin.py:104} INFO - [2024-07-02 19:53:04,437] {dag.py:1824} INFO - Sync 1 DAGs
[2024-07-02 19:53:04,453] {logging_mixin.py:104} INFO - [2024-07-02 19:53:04,453] {dag.py:2280} INFO - Setting next_dagrun for example_bash_operator to 2024-06-30 00:00:00+00:00
[2024-07-02 19:53:04,462] {scheduler_job.py:190} INFO - Processing /home/airflow/.local/lib/python3.6/site-packages/airflow/example_dags/example_bash_operator.py took 0.052 seconds
[2024-07-02 19:53:35,261] {scheduler_job.py:182} INFO - Started process (PID=92) to work on /home/airflow/.local/lib/python3.6/site-packages/airflow/example_dags/example_bash_operator.py
[2024-07-02 19:53:35,262] {scheduler_job.py:629} INFO - Processing file /home/airflow/.local/lib/python3.6/site-packages/airflow/example_dags/example_bash_operator.py for tasks to queue
[2024-07-02 19:53:35,262] {logging_mixin.py:104} INFO - [2024-07-02 19:53:35,262] {dagbag.py:451} INFO - Filling up the DagBag from /home/airflow/.local/lib/python3.6/site-packages/airflow/example_dags/example_bash_operator.py
[2024-07-02 19:53:35,271] {scheduler_job.py:639} INFO - DAG(s) dict_keys(['example_bash_operator']) retrieved from /home/airflow/.local/lib/python3.6/site-packages/airflow/example_dags/example_bash_operator.py
[2024-07-02 19:53:35,286] {logging_mixin.py:104} INFO - [2024-07-02 19:53:35,286] {dag.py:1824} INFO - Sync 1 DAGs
[2024-07-02 19:53:35,302] {logging_mixin.py:104} INFO - [2024-07-02 19:53:35,302] {dag.py:2280} INFO - Setting next_dagrun for example_bash_operator to 2024-06-30 00:00:00+00:00
[2024-07-02 19:53:35,309] {scheduler_job.py:190} INFO - Processing /home/airflow/.local/lib/python3.6/site-packages/airflow/example_dags/example_bash_operator.py took 0.051 seconds
[2024-07-02 19:54:06,221] {scheduler_job.py:182} INFO - Started process (PID=118) to work on /home/airflow/.local/lib/python3.6/site-packages/airflow/example_dags/example_bash_operator.py
[2024-07-02 19:54:06,222] {scheduler_job.py:629} INFO - Processing file /home/airflow/.local/lib/python3.6/site-packages/airflow/example_dags/example_bash_operator.py for tasks to queue
[2024-07-02 19:54:06,222] {logging_mixin.py:104} INFO - [2024-07-02 19:54:06,222] {dagbag.py:451} INFO - Filling up the DagBag from /home/airflow/.local/lib/python3.6/site-packages/airflow/example_dags/example_bash_operator.py
[2024-07-02 19:54:06,231] {scheduler_job.py:639} INFO - DAG(s) dict_keys(['example_bash_operator']) retrieved from /home/airflow/.local/lib/python3.6/site-packages/airflow/example_dags/example_bash_operator.py
[2024-07-02 19:54:06,246] {logging_mixin.py:104} INFO - [2024-07-02 19:54:06,246] {dag.py:1824} INFO - Sync 1 DAGs
[2024-07-02 19:54:06,262] {logging_mixin.py:104} INFO - [2024-07-02 19:54:06,261] {dag.py:2280} INFO - Setting next_dagrun for example_bash_operator to 2024-06-30 00:00:00+00:00
[2024-07-02 19:54:06,269] {scheduler_job.py:190} INFO - Processing /home/airflow/.local/lib/python3.6/site-packages/airflow/example_dags/example_bash_operator.py took 0.049 seconds
[2024-07-02 19:54:37,230] {scheduler_job.py:182} INFO - Started process (PID=144) to work on /home/airflow/.local/lib/python3.6/site-packages/airflow/example_dags/example_bash_operator.py
[2024-07-02 19:54:37,231] {scheduler_job.py:629} INFO - Processing file /home/airflow/.local/lib/python3.6/site-packages/airflow/example_dags/example_bash_operator.py for tasks to queue
[2024-07-02 19:54:37,231] {logging_mixin.py:104} INFO - [2024-07-02 19:54:37,231] {dagbag.py:451} INFO - Filling up the DagBag from /home/airflow/.local/lib/python3.6/site-packages/airflow/example_dags/example_bash_operator.py
[2024-07-02 19:54:37,241] {scheduler_job.py:639} INFO - DAG(s) dict_keys(['example_bash_operator']) retrieved from /home/airflow/.local/lib/python3.6/site-packages/airflow/example_dags/example_bash_operator.py
[2024-07-02 19:54:37,256] {logging_mixin.py:104} INFO - [2024-07-02 19:54:37,256] {dag.py:1824} INFO - Sync 1 DAGs
[2024-07-02 19:54:37,272] {logging_mixin.py:104} INFO - [2024-07-02 19:54:37,272] {dag.py:2280} INFO - Setting next_dagrun for example_bash_operator to 2024-06-30 00:00:00+00:00
[2024-07-02 19:54:37,280] {scheduler_job.py:190} INFO - Processing /home/airflow/.local/lib/python3.6/site-packages/airflow/example_dags/example_bash_operator.py took 0.052 seconds
[2024-07-02 19:55:08,236] {scheduler_job.py:182} INFO - Started process (PID=170) to work on /home/airflow/.local/lib/python3.6/site-packages/airflow/example_dags/example_bash_operator.py
[2024-07-02 19:55:08,236] {scheduler_job.py:629} INFO - Processing file /home/airflow/.local/lib/python3.6/site-packages/airflow/example_dags/example_bash_operator.py for tasks to queue
[2024-07-02 19:55:08,237] {logging_mixin.py:104} INFO - [2024-07-02 19:55:08,236] {dagbag.py:451} INFO - Filling up the DagBag from /home/airflow/.local/lib/python3.6/site-packages/airflow/example_dags/example_bash_operator.py
[2024-07-02 19:55:08,245] {scheduler_job.py:639} INFO - DAG(s) dict_keys(['example_bash_operator']) retrieved from /home/airflow/.local/lib/python3.6/site-packages/airflow/example_dags/example_bash_operator.py
[2024-07-02 19:55:08,260] {logging_mixin.py:104} INFO - [2024-07-02 19:55:08,260] {dag.py:1824} INFO - Sync 1 DAGs
[2024-07-02 19:55:08,276] {logging_mixin.py:104} INFO - [2024-07-02 19:55:08,276] {dag.py:2280} INFO - Setting next_dagrun for example_bash_operator to 2024-06-30 00:00:00+00:00
[2024-07-02 19:55:08,284] {scheduler_job.py:190} INFO - Processing /home/airflow/.local/lib/python3.6/site-packages/airflow/example_dags/example_bash_operator.py took 0.050 seconds
[2024-07-02 19:56:06,359] {scheduler_job.py:182} INFO - Started process (PID=41) to work on /home/airflow/.local/lib/python3.6/site-packages/airflow/example_dags/example_bash_operator.py
[2024-07-02 19:56:06,360] {scheduler_job.py:629} INFO - Processing file /home/airflow/.local/lib/python3.6/site-packages/airflow/example_dags/example_bash_operator.py for tasks to queue
[2024-07-02 19:56:06,360] {logging_mixin.py:104} INFO - [2024-07-02 19:56:06,360] {dagbag.py:451} INFO - Filling up the DagBag from /home/airflow/.local/lib/python3.6/site-packages/airflow/example_dags/example_bash_operator.py
[2024-07-02 19:56:06,373] {scheduler_job.py:639} INFO - DAG(s) dict_keys(['example_bash_operator']) retrieved from /home/airflow/.local/lib/python3.6/site-packages/airflow/example_dags/example_bash_operator.py
[2024-07-02 19:56:06,390] {logging_mixin.py:104} INFO - [2024-07-02 19:56:06,390] {dag.py:1824} INFO - Sync 1 DAGs
[2024-07-02 19:56:06,413] {logging_mixin.py:104} INFO - [2024-07-02 19:56:06,413] {dag.py:2280} INFO - Setting next_dagrun for example_bash_operator to 2024-06-30 00:00:00+00:00
[2024-07-02 19:56:06,424] {scheduler_job.py:190} INFO - Processing /home/airflow/.local/lib/python3.6/site-packages/airflow/example_dags/example_bash_operator.py took 0.068 seconds
[2024-07-02 19:56:36,587] {scheduler_job.py:182} INFO - Started process (PID=64) to work on /home/airflow/.local/lib/python3.6/site-packages/airflow/example_dags/example_bash_operator.py
[2024-07-02 19:56:36,588] {scheduler_job.py:629} INFO - Processing file /home/airflow/.local/lib/python3.6/site-packages/airflow/example_dags/example_bash_operator.py for tasks to queue
[2024-07-02 19:56:36,588] {logging_mixin.py:104} INFO - [2024-07-02 19:56:36,588] {dagbag.py:451} INFO - Filling up the DagBag from /home/airflow/.local/lib/python3.6/site-packages/airflow/example_dags/example_bash_operator.py
[2024-07-02 19:56:36,597] {scheduler_job.py:639} INFO - DAG(s) dict_keys(['example_bash_operator']) retrieved from /home/airflow/.local/lib/python3.6/site-packages/airflow/example_dags/example_bash_operator.py
[2024-07-02 19:56:36,612] {logging_mixin.py:104} INFO - [2024-07-02 19:56:36,612] {dag.py:1824} INFO - Sync 1 DAGs
[2024-07-02 19:56:36,629] {logging_mixin.py:104} INFO - [2024-07-02 19:56:36,629] {dag.py:2280} INFO - Setting next_dagrun for example_bash_operator to 2024-06-30 00:00:00+00:00
[2024-07-02 19:56:36,637] {scheduler_job.py:190} INFO - Processing /home/airflow/.local/lib/python3.6/site-packages/airflow/example_dags/example_bash_operator.py took 0.052 seconds
[2024-07-02 19:57:06,702] {scheduler_job.py:182} INFO - Started process (PID=90) to work on /home/airflow/.local/lib/python3.6/site-packages/airflow/example_dags/example_bash_operator.py
[2024-07-02 19:57:06,703] {scheduler_job.py:629} INFO - Processing file /home/airflow/.local/lib/python3.6/site-packages/airflow/example_dags/example_bash_operator.py for tasks to queue
[2024-07-02 19:57:06,703] {logging_mixin.py:104} INFO - [2024-07-02 19:57:06,703] {dagbag.py:451} INFO - Filling up the DagBag from /home/airflow/.local/lib/python3.6/site-packages/airflow/example_dags/example_bash_operator.py
[2024-07-02 19:57:06,714] {scheduler_job.py:639} INFO - DAG(s) dict_keys(['example_bash_operator']) retrieved from /home/airflow/.local/lib/python3.6/site-packages/airflow/example_dags/example_bash_operator.py
[2024-07-02 19:57:06,731] {logging_mixin.py:104} INFO - [2024-07-02 19:57:06,731] {dag.py:1824} INFO - Sync 1 DAGs
[2024-07-02 19:57:06,748] {logging_mixin.py:104} INFO - [2024-07-02 19:57:06,748] {dag.py:2280} INFO - Setting next_dagrun for example_bash_operator to 2024-06-30 00:00:00+00:00
[2024-07-02 19:57:06,755] {scheduler_job.py:190} INFO - Processing /home/airflow/.local/lib/python3.6/site-packages/airflow/example_dags/example_bash_operator.py took 0.056 seconds
[2024-07-02 19:57:36,785] {scheduler_job.py:182} INFO - Started process (PID=116) to work on /home/airflow/.local/lib/python3.6/site-packages/airflow/example_dags/example_bash_operator.py
[2024-07-02 19:57:36,786] {scheduler_job.py:629} INFO - Processing file /home/airflow/.local/lib/python3.6/site-packages/airflow/example_dags/example_bash_operator.py for tasks to queue
[2024-07-02 19:57:36,787] {logging_mixin.py:104} INFO - [2024-07-02 19:57:36,786] {dagbag.py:451} INFO - Filling up the DagBag from /home/airflow/.local/lib/python3.6/site-packages/airflow/example_dags/example_bash_operator.py
[2024-07-02 19:57:36,795] {scheduler_job.py:639} INFO - DAG(s) dict_keys(['example_bash_operator']) retrieved from /home/airflow/.local/lib/python3.6/site-packages/airflow/example_dags/example_bash_operator.py
[2024-07-02 19:57:36,811] {logging_mixin.py:104} INFO - [2024-07-02 19:57:36,811] {dag.py:1824} INFO - Sync 1 DAGs
[2024-07-02 19:57:36,826] {logging_mixin.py:104} INFO - [2024-07-02 19:57:36,826] {dag.py:2280} INFO - Setting next_dagrun for example_bash_operator to 2024-06-30 00:00:00+00:00
[2024-07-02 19:57:36,834] {scheduler_job.py:190} INFO - Processing /home/airflow/.local/lib/python3.6/site-packages/airflow/example_dags/example_bash_operator.py took 0.051 seconds
[2024-07-02 19:58:07,751] {scheduler_job.py:182} INFO - Started process (PID=145) to work on /home/airflow/.local/lib/python3.6/site-packages/airflow/example_dags/example_bash_operator.py
[2024-07-02 19:58:07,752] {scheduler_job.py:629} INFO - Processing file /home/airflow/.local/lib/python3.6/site-packages/airflow/example_dags/example_bash_operator.py for tasks to queue
[2024-07-02 19:58:07,752] {logging_mixin.py:104} INFO - [2024-07-02 19:58:07,752] {dagbag.py:451} INFO - Filling up the DagBag from /home/airflow/.local/lib/python3.6/site-packages/airflow/example_dags/example_bash_operator.py
[2024-07-02 19:58:07,761] {scheduler_job.py:639} INFO - DAG(s) dict_keys(['example_bash_operator']) retrieved from /home/airflow/.local/lib/python3.6/site-packages/airflow/example_dags/example_bash_operator.py
[2024-07-02 19:58:07,776] {logging_mixin.py:104} INFO - [2024-07-02 19:58:07,776] {dag.py:1824} INFO - Sync 1 DAGs
[2024-07-02 19:58:07,792] {logging_mixin.py:104} INFO - [2024-07-02 19:58:07,792] {dag.py:2280} INFO - Setting next_dagrun for example_bash_operator to 2024-06-30 00:00:00+00:00
[2024-07-02 19:58:07,800] {scheduler_job.py:190} INFO - Processing /home/airflow/.local/lib/python3.6/site-packages/airflow/example_dags/example_bash_operator.py took 0.051 seconds
[2024-07-02 19:58:38,737] {scheduler_job.py:182} INFO - Started process (PID=171) to work on /home/airflow/.local/lib/python3.6/site-packages/airflow/example_dags/example_bash_operator.py
[2024-07-02 19:58:38,738] {scheduler_job.py:629} INFO - Processing file /home/airflow/.local/lib/python3.6/site-packages/airflow/example_dags/example_bash_operator.py for tasks to queue
[2024-07-02 19:58:38,739] {logging_mixin.py:104} INFO - [2024-07-02 19:58:38,739] {dagbag.py:451} INFO - Filling up the DagBag from /home/airflow/.local/lib/python3.6/site-packages/airflow/example_dags/example_bash_operator.py
[2024-07-02 19:58:38,749] {scheduler_job.py:639} INFO - DAG(s) dict_keys(['example_bash_operator']) retrieved from /home/airflow/.local/lib/python3.6/site-packages/airflow/example_dags/example_bash_operator.py
[2024-07-02 19:58:38,766] {logging_mixin.py:104} INFO - [2024-07-02 19:58:38,766] {dag.py:1824} INFO - Sync 1 DAGs
[2024-07-02 19:58:38,785] {logging_mixin.py:104} INFO - [2024-07-02 19:58:38,785] {dag.py:2280} INFO - Setting next_dagrun for example_bash_operator to 2024-06-30 00:00:00+00:00
[2024-07-02 19:58:38,793] {scheduler_job.py:190} INFO - Processing /home/airflow/.local/lib/python3.6/site-packages/airflow/example_dags/example_bash_operator.py took 0.058 seconds
[2024-07-02 19:59:09,683] {scheduler_job.py:182} INFO - Started process (PID=197) to work on /home/airflow/.local/lib/python3.6/site-packages/airflow/example_dags/example_bash_operator.py
[2024-07-02 19:59:09,684] {scheduler_job.py:629} INFO - Processing file /home/airflow/.local/lib/python3.6/site-packages/airflow/example_dags/example_bash_operator.py for tasks to queue
[2024-07-02 19:59:09,684] {logging_mixin.py:104} INFO - [2024-07-02 19:59:09,684] {dagbag.py:451} INFO - Filling up the DagBag from /home/airflow/.local/lib/python3.6/site-packages/airflow/example_dags/example_bash_operator.py
[2024-07-02 19:59:09,693] {scheduler_job.py:639} INFO - DAG(s) dict_keys(['example_bash_operator']) retrieved from /home/airflow/.local/lib/python3.6/site-packages/airflow/example_dags/example_bash_operator.py
[2024-07-02 19:59:09,709] {logging_mixin.py:104} INFO - [2024-07-02 19:59:09,708] {dag.py:1824} INFO - Sync 1 DAGs
[2024-07-02 19:59:09,725] {logging_mixin.py:104} INFO - [2024-07-02 19:59:09,725] {dag.py:2280} INFO - Setting next_dagrun for example_bash_operator to 2024-06-30 00:00:00+00:00
[2024-07-02 19:59:09,736] {scheduler_job.py:190} INFO - Processing /home/airflow/.local/lib/python3.6/site-packages/airflow/example_dags/example_bash_operator.py took 0.055 seconds
[2024-07-02 19:59:40,644] {scheduler_job.py:182} INFO - Started process (PID=223) to work on /home/airflow/.local/lib/python3.6/site-packages/airflow/example_dags/example_bash_operator.py
[2024-07-02 19:59:40,644] {scheduler_job.py:629} INFO - Processing file /home/airflow/.local/lib/python3.6/site-packages/airflow/example_dags/example_bash_operator.py for tasks to queue
[2024-07-02 19:59:40,645] {logging_mixin.py:104} INFO - [2024-07-02 19:59:40,645] {dagbag.py:451} INFO - Filling up the DagBag from /home/airflow/.local/lib/python3.6/site-packages/airflow/example_dags/example_bash_operator.py
[2024-07-02 19:59:40,654] {scheduler_job.py:639} INFO - DAG(s) dict_keys(['example_bash_operator']) retrieved from /home/airflow/.local/lib/python3.6/site-packages/airflow/example_dags/example_bash_operator.py
[2024-07-02 19:59:40,670] {logging_mixin.py:104} INFO - [2024-07-02 19:59:40,670] {dag.py:1824} INFO - Sync 1 DAGs
[2024-07-02 19:59:40,686] {logging_mixin.py:104} INFO - [2024-07-02 19:59:40,685] {dag.py:2280} INFO - Setting next_dagrun for example_bash_operator to 2024-06-30 00:00:00+00:00
[2024-07-02 19:59:40,694] {scheduler_job.py:190} INFO - Processing /home/airflow/.local/lib/python3.6/site-packages/airflow/example_dags/example_bash_operator.py took 0.053 seconds
[2024-07-02 20:00:11,694] {scheduler_job.py:182} INFO - Started process (PID=249) to work on /home/airflow/.local/lib/python3.6/site-packages/airflow/example_dags/example_bash_operator.py
[2024-07-02 20:00:11,695] {scheduler_job.py:629} INFO - Processing file /home/airflow/.local/lib/python3.6/site-packages/airflow/example_dags/example_bash_operator.py for tasks to queue
[2024-07-02 20:00:11,696] {logging_mixin.py:104} INFO - [2024-07-02 20:00:11,696] {dagbag.py:451} INFO - Filling up the DagBag from /home/airflow/.local/lib/python3.6/site-packages/airflow/example_dags/example_bash_operator.py
[2024-07-02 20:00:11,706] {scheduler_job.py:639} INFO - DAG(s) dict_keys(['example_bash_operator']) retrieved from /home/airflow/.local/lib/python3.6/site-packages/airflow/example_dags/example_bash_operator.py
[2024-07-02 20:00:11,723] {logging_mixin.py:104} INFO - [2024-07-02 20:00:11,722] {dag.py:1824} INFO - Sync 1 DAGs
[2024-07-02 20:00:11,740] {logging_mixin.py:104} INFO - [2024-07-02 20:00:11,740] {dag.py:2280} INFO - Setting next_dagrun for example_bash_operator to 2024-06-30 00:00:00+00:00
[2024-07-02 20:00:11,752] {scheduler_job.py:190} INFO - Processing /home/airflow/.local/lib/python3.6/site-packages/airflow/example_dags/example_bash_operator.py took 0.060 seconds
[2024-07-02 20:00:42,699] {scheduler_job.py:182} INFO - Started process (PID=275) to work on /home/airflow/.local/lib/python3.6/site-packages/airflow/example_dags/example_bash_operator.py
[2024-07-02 20:00:42,700] {scheduler_job.py:629} INFO - Processing file /home/airflow/.local/lib/python3.6/site-packages/airflow/example_dags/example_bash_operator.py for tasks to queue
[2024-07-02 20:00:42,700] {logging_mixin.py:104} INFO - [2024-07-02 20:00:42,700] {dagbag.py:451} INFO - Filling up the DagBag from /home/airflow/.local/lib/python3.6/site-packages/airflow/example_dags/example_bash_operator.py
[2024-07-02 20:00:42,711] {scheduler_job.py:639} INFO - DAG(s) dict_keys(['example_bash_operator']) retrieved from /home/airflow/.local/lib/python3.6/site-packages/airflow/example_dags/example_bash_operator.py
[2024-07-02 20:00:42,728] {logging_mixin.py:104} INFO - [2024-07-02 20:00:42,728] {dag.py:1824} INFO - Sync 1 DAGs
[2024-07-02 20:00:42,745] {logging_mixin.py:104} INFO - [2024-07-02 20:00:42,745] {dag.py:2280} INFO - Setting next_dagrun for example_bash_operator to 2024-06-30 00:00:00+00:00
[2024-07-02 20:00:42,755] {scheduler_job.py:190} INFO - Processing /home/airflow/.local/lib/python3.6/site-packages/airflow/example_dags/example_bash_operator.py took 0.059 seconds
[2024-07-02 20:01:13,739] {scheduler_job.py:182} INFO - Started process (PID=301) to work on /home/airflow/.local/lib/python3.6/site-packages/airflow/example_dags/example_bash_operator.py
[2024-07-02 20:01:13,740] {scheduler_job.py:629} INFO - Processing file /home/airflow/.local/lib/python3.6/site-packages/airflow/example_dags/example_bash_operator.py for tasks to queue
[2024-07-02 20:01:13,740] {logging_mixin.py:104} INFO - [2024-07-02 20:01:13,740] {dagbag.py:451} INFO - Filling up the DagBag from /home/airflow/.local/lib/python3.6/site-packages/airflow/example_dags/example_bash_operator.py
[2024-07-02 20:01:13,749] {scheduler_job.py:639} INFO - DAG(s) dict_keys(['example_bash_operator']) retrieved from /home/airflow/.local/lib/python3.6/site-packages/airflow/example_dags/example_bash_operator.py
[2024-07-02 20:01:13,765] {logging_mixin.py:104} INFO - [2024-07-02 20:01:13,765] {dag.py:1824} INFO - Sync 1 DAGs
[2024-07-02 20:01:13,780] {logging_mixin.py:104} INFO - [2024-07-02 20:01:13,780] {dag.py:2280} INFO - Setting next_dagrun for example_bash_operator to 2024-06-30 00:00:00+00:00
[2024-07-02 20:01:13,790] {scheduler_job.py:190} INFO - Processing /home/airflow/.local/lib/python3.6/site-packages/airflow/example_dags/example_bash_operator.py took 0.053 seconds
[2024-07-02 20:01:44,767] {scheduler_job.py:182} INFO - Started process (PID=327) to work on /home/airflow/.local/lib/python3.6/site-packages/airflow/example_dags/example_bash_operator.py
[2024-07-02 20:01:44,768] {scheduler_job.py:629} INFO - Processing file /home/airflow/.local/lib/python3.6/site-packages/airflow/example_dags/example_bash_operator.py for tasks to queue
[2024-07-02 20:01:44,769] {logging_mixin.py:104} INFO - [2024-07-02 20:01:44,768] {dagbag.py:451} INFO - Filling up the DagBag from /home/airflow/.local/lib/python3.6/site-packages/airflow/example_dags/example_bash_operator.py
[2024-07-02 20:01:44,777] {scheduler_job.py:639} INFO - DAG(s) dict_keys(['example_bash_operator']) retrieved from /home/airflow/.local/lib/python3.6/site-packages/airflow/example_dags/example_bash_operator.py
[2024-07-02 20:01:44,793] {logging_mixin.py:104} INFO - [2024-07-02 20:01:44,792] {dag.py:1824} INFO - Sync 1 DAGs
[2024-07-02 20:01:44,808] {logging_mixin.py:104} INFO - [2024-07-02 20:01:44,808] {dag.py:2280} INFO - Setting next_dagrun for example_bash_operator to 2024-06-30 00:00:00+00:00
[2024-07-02 20:01:44,817] {scheduler_job.py:190} INFO - Processing /home/airflow/.local/lib/python3.6/site-packages/airflow/example_dags/example_bash_operator.py took 0.051 seconds
[2024-07-02 20:02:15,862] {scheduler_job.py:182} INFO - Started process (PID=353) to work on /home/airflow/.local/lib/python3.6/site-packages/airflow/example_dags/example_bash_operator.py
[2024-07-02 20:02:15,864] {scheduler_job.py:629} INFO - Processing file /home/airflow/.local/lib/python3.6/site-packages/airflow/example_dags/example_bash_operator.py for tasks to queue
[2024-07-02 20:02:15,864] {logging_mixin.py:104} INFO - [2024-07-02 20:02:15,864] {dagbag.py:451} INFO - Filling up the DagBag from /home/airflow/.local/lib/python3.6/site-packages/airflow/example_dags/example_bash_operator.py
[2024-07-02 20:02:15,875] {scheduler_job.py:639} INFO - DAG(s) dict_keys(['example_bash_operator']) retrieved from /home/airflow/.local/lib/python3.6/site-packages/airflow/example_dags/example_bash_operator.py
[2024-07-02 20:02:15,894] {logging_mixin.py:104} INFO - [2024-07-02 20:02:15,893] {dag.py:1824} INFO - Sync 1 DAGs
[2024-07-02 20:02:15,913] {logging_mixin.py:104} INFO - [2024-07-02 20:02:15,913] {dag.py:2280} INFO - Setting next_dagrun for example_bash_operator to 2024-06-30 00:00:00+00:00
[2024-07-02 20:02:15,923] {scheduler_job.py:190} INFO - Processing /home/airflow/.local/lib/python3.6/site-packages/airflow/example_dags/example_bash_operator.py took 0.064 seconds
[2024-07-02 20:02:45,961] {scheduler_job.py:182} INFO - Started process (PID=379) to work on /home/airflow/.local/lib/python3.6/site-packages/airflow/example_dags/example_bash_operator.py
[2024-07-02 20:02:45,961] {scheduler_job.py:629} INFO - Processing file /home/airflow/.local/lib/python3.6/site-packages/airflow/example_dags/example_bash_operator.py for tasks to queue
[2024-07-02 20:02:45,962] {logging_mixin.py:104} INFO - [2024-07-02 20:02:45,962] {dagbag.py:451} INFO - Filling up the DagBag from /home/airflow/.local/lib/python3.6/site-packages/airflow/example_dags/example_bash_operator.py
[2024-07-02 20:02:45,972] {scheduler_job.py:639} INFO - DAG(s) dict_keys(['example_bash_operator']) retrieved from /home/airflow/.local/lib/python3.6/site-packages/airflow/example_dags/example_bash_operator.py
[2024-07-02 20:02:45,992] {logging_mixin.py:104} INFO - [2024-07-02 20:02:45,992] {dag.py:1824} INFO - Sync 1 DAGs
[2024-07-02 20:02:46,010] {logging_mixin.py:104} INFO - [2024-07-02 20:02:46,010] {dag.py:2280} INFO - Setting next_dagrun for example_bash_operator to 2024-06-30 00:00:00+00:00
[2024-07-02 20:02:46,019] {scheduler_job.py:190} INFO - Processing /home/airflow/.local/lib/python3.6/site-packages/airflow/example_dags/example_bash_operator.py took 0.060 seconds
[2024-07-02 20:03:16,078] {scheduler_job.py:182} INFO - Started process (PID=406) to work on /home/airflow/.local/lib/python3.6/site-packages/airflow/example_dags/example_bash_operator.py
[2024-07-02 20:03:16,079] {scheduler_job.py:629} INFO - Processing file /home/airflow/.local/lib/python3.6/site-packages/airflow/example_dags/example_bash_operator.py for tasks to queue
[2024-07-02 20:03:16,080] {logging_mixin.py:104} INFO - [2024-07-02 20:03:16,080] {dagbag.py:451} INFO - Filling up the DagBag from /home/airflow/.local/lib/python3.6/site-packages/airflow/example_dags/example_bash_operator.py
[2024-07-02 20:03:16,089] {scheduler_job.py:639} INFO - DAG(s) dict_keys(['example_bash_operator']) retrieved from /home/airflow/.local/lib/python3.6/site-packages/airflow/example_dags/example_bash_operator.py
[2024-07-02 20:03:16,104] {logging_mixin.py:104} INFO - [2024-07-02 20:03:16,104] {dag.py:1824} INFO - Sync 1 DAGs
[2024-07-02 20:03:16,120] {logging_mixin.py:104} INFO - [2024-07-02 20:03:16,120] {dag.py:2280} INFO - Setting next_dagrun for example_bash_operator to 2024-06-30 00:00:00+00:00
[2024-07-02 20:03:16,131] {scheduler_job.py:190} INFO - Processing /home/airflow/.local/lib/python3.6/site-packages/airflow/example_dags/example_bash_operator.py took 0.055 seconds
[2024-07-02 20:03:46,208] {scheduler_job.py:182} INFO - Started process (PID=432) to work on /home/airflow/.local/lib/python3.6/site-packages/airflow/example_dags/example_bash_operator.py
[2024-07-02 20:03:46,209] {scheduler_job.py:629} INFO - Processing file /home/airflow/.local/lib/python3.6/site-packages/airflow/example_dags/example_bash_operator.py for tasks to queue
[2024-07-02 20:03:46,209] {logging_mixin.py:104} INFO - [2024-07-02 20:03:46,209] {dagbag.py:451} INFO - Filling up the DagBag from /home/airflow/.local/lib/python3.6/site-packages/airflow/example_dags/example_bash_operator.py
[2024-07-02 20:03:46,223] {scheduler_job.py:639} INFO - DAG(s) dict_keys(['example_bash_operator']) retrieved from /home/airflow/.local/lib/python3.6/site-packages/airflow/example_dags/example_bash_operator.py
[2024-07-02 20:03:46,241] {logging_mixin.py:104} INFO - [2024-07-02 20:03:46,241] {dag.py:1824} INFO - Sync 1 DAGs
[2024-07-02 20:03:46,260] {logging_mixin.py:104} INFO - [2024-07-02 20:03:46,260] {dag.py:2280} INFO - Setting next_dagrun for example_bash_operator to 2024-06-30 00:00:00+00:00
[2024-07-02 20:03:46,274] {scheduler_job.py:190} INFO - Processing /home/airflow/.local/lib/python3.6/site-packages/airflow/example_dags/example_bash_operator.py took 0.068 seconds
[2024-07-02 20:04:16,329] {scheduler_job.py:182} INFO - Started process (PID=458) to work on /home/airflow/.local/lib/python3.6/site-packages/airflow/example_dags/example_bash_operator.py
[2024-07-02 20:04:16,329] {scheduler_job.py:629} INFO - Processing file /home/airflow/.local/lib/python3.6/site-packages/airflow/example_dags/example_bash_operator.py for tasks to queue
[2024-07-02 20:04:16,330] {logging_mixin.py:104} INFO - [2024-07-02 20:04:16,330] {dagbag.py:451} INFO - Filling up the DagBag from /home/airflow/.local/lib/python3.6/site-packages/airflow/example_dags/example_bash_operator.py
[2024-07-02 20:04:16,339] {scheduler_job.py:639} INFO - DAG(s) dict_keys(['example_bash_operator']) retrieved from /home/airflow/.local/lib/python3.6/site-packages/airflow/example_dags/example_bash_operator.py
[2024-07-02 20:04:16,354] {logging_mixin.py:104} INFO - [2024-07-02 20:04:16,354] {dag.py:1824} INFO - Sync 1 DAGs
[2024-07-02 20:04:16,370] {logging_mixin.py:104} INFO - [2024-07-02 20:04:16,370] {dag.py:2280} INFO - Setting next_dagrun for example_bash_operator to 2024-06-30 00:00:00+00:00
[2024-07-02 20:04:16,380] {scheduler_job.py:190} INFO - Processing /home/airflow/.local/lib/python3.6/site-packages/airflow/example_dags/example_bash_operator.py took 0.053 seconds
[2024-07-02 20:04:46,432] {scheduler_job.py:182} INFO - Started process (PID=484) to work on /home/airflow/.local/lib/python3.6/site-packages/airflow/example_dags/example_bash_operator.py
[2024-07-02 20:04:46,433] {scheduler_job.py:629} INFO - Processing file /home/airflow/.local/lib/python3.6/site-packages/airflow/example_dags/example_bash_operator.py for tasks to queue
[2024-07-02 20:04:46,433] {logging_mixin.py:104} INFO - [2024-07-02 20:04:46,433] {dagbag.py:451} INFO - Filling up the DagBag from /home/airflow/.local/lib/python3.6/site-packages/airflow/example_dags/example_bash_operator.py
[2024-07-02 20:04:46,442] {scheduler_job.py:639} INFO - DAG(s) dict_keys(['example_bash_operator']) retrieved from /home/airflow/.local/lib/python3.6/site-packages/airflow/example_dags/example_bash_operator.py
[2024-07-02 20:04:46,457] {logging_mixin.py:104} INFO - [2024-07-02 20:04:46,457] {dag.py:1824} INFO - Sync 1 DAGs
[2024-07-02 20:04:46,473] {logging_mixin.py:104} INFO - [2024-07-02 20:04:46,473] {dag.py:2280} INFO - Setting next_dagrun for example_bash_operator to 2024-06-30 00:00:00+00:00
[2024-07-02 20:04:46,487] {scheduler_job.py:190} INFO - Processing /home/airflow/.local/lib/python3.6/site-packages/airflow/example_dags/example_bash_operator.py took 0.057 seconds
[2024-07-02 20:05:16,539] {scheduler_job.py:182} INFO - Started process (PID=511) to work on /home/airflow/.local/lib/python3.6/site-packages/airflow/example_dags/example_bash_operator.py
[2024-07-02 20:05:16,540] {scheduler_job.py:629} INFO - Processing file /home/airflow/.local/lib/python3.6/site-packages/airflow/example_dags/example_bash_operator.py for tasks to queue
[2024-07-02 20:05:16,540] {logging_mixin.py:104} INFO - [2024-07-02 20:05:16,540] {dagbag.py:451} INFO - Filling up the DagBag from /home/airflow/.local/lib/python3.6/site-packages/airflow/example_dags/example_bash_operator.py
[2024-07-02 20:05:16,549] {scheduler_job.py:639} INFO - DAG(s) dict_keys(['example_bash_operator']) retrieved from /home/airflow/.local/lib/python3.6/site-packages/airflow/example_dags/example_bash_operator.py
[2024-07-02 20:05:16,564] {logging_mixin.py:104} INFO - [2024-07-02 20:05:16,564] {dag.py:1824} INFO - Sync 1 DAGs
[2024-07-02 20:05:16,580] {logging_mixin.py:104} INFO - [2024-07-02 20:05:16,580] {dag.py:2280} INFO - Setting next_dagrun for example_bash_operator to 2024-06-30 00:00:00+00:00
[2024-07-02 20:05:16,590] {scheduler_job.py:190} INFO - Processing /home/airflow/.local/lib/python3.6/site-packages/airflow/example_dags/example_bash_operator.py took 0.053 seconds
[2024-07-02 20:05:47,532] {scheduler_job.py:182} INFO - Started process (PID=535) to work on /home/airflow/.local/lib/python3.6/site-packages/airflow/example_dags/example_bash_operator.py
[2024-07-02 20:05:47,533] {scheduler_job.py:629} INFO - Processing file /home/airflow/.local/lib/python3.6/site-packages/airflow/example_dags/example_bash_operator.py for tasks to queue
[2024-07-02 20:05:47,534] {logging_mixin.py:104} INFO - [2024-07-02 20:05:47,533] {dagbag.py:451} INFO - Filling up the DagBag from /home/airflow/.local/lib/python3.6/site-packages/airflow/example_dags/example_bash_operator.py
[2024-07-02 20:05:47,542] {scheduler_job.py:639} INFO - DAG(s) dict_keys(['example_bash_operator']) retrieved from /home/airflow/.local/lib/python3.6/site-packages/airflow/example_dags/example_bash_operator.py
[2024-07-02 20:05:47,558] {logging_mixin.py:104} INFO - [2024-07-02 20:05:47,558] {dag.py:1824} INFO - Sync 1 DAGs
[2024-07-02 20:05:47,573] {logging_mixin.py:104} INFO - [2024-07-02 20:05:47,573] {dag.py:2280} INFO - Setting next_dagrun for example_bash_operator to 2024-06-30 00:00:00+00:00
[2024-07-02 20:05:47,585] {scheduler_job.py:190} INFO - Processing /home/airflow/.local/lib/python3.6/site-packages/airflow/example_dags/example_bash_operator.py took 0.054 seconds
[2024-07-02 20:06:18,394] {scheduler_job.py:182} INFO - Started process (PID=561) to work on /home/airflow/.local/lib/python3.6/site-packages/airflow/example_dags/example_bash_operator.py
[2024-07-02 20:06:18,395] {scheduler_job.py:629} INFO - Processing file /home/airflow/.local/lib/python3.6/site-packages/airflow/example_dags/example_bash_operator.py for tasks to queue
[2024-07-02 20:06:18,395] {logging_mixin.py:104} INFO - [2024-07-02 20:06:18,395] {dagbag.py:451} INFO - Filling up the DagBag from /home/airflow/.local/lib/python3.6/site-packages/airflow/example_dags/example_bash_operator.py
[2024-07-02 20:06:18,404] {scheduler_job.py:639} INFO - DAG(s) dict_keys(['example_bash_operator']) retrieved from /home/airflow/.local/lib/python3.6/site-packages/airflow/example_dags/example_bash_operator.py
[2024-07-02 20:06:18,419] {logging_mixin.py:104} INFO - [2024-07-02 20:06:18,419] {dag.py:1824} INFO - Sync 1 DAGs
[2024-07-02 20:06:18,436] {logging_mixin.py:104} INFO - [2024-07-02 20:06:18,436] {dag.py:2280} INFO - Setting next_dagrun for example_bash_operator to 2024-06-30 00:00:00+00:00
[2024-07-02 20:06:18,445] {scheduler_job.py:190} INFO - Processing /home/airflow/.local/lib/python3.6/site-packages/airflow/example_dags/example_bash_operator.py took 0.053 seconds
[2024-07-02 20:06:49,385] {scheduler_job.py:182} INFO - Started process (PID=587) to work on /home/airflow/.local/lib/python3.6/site-packages/airflow/example_dags/example_bash_operator.py
[2024-07-02 20:06:49,386] {scheduler_job.py:629} INFO - Processing file /home/airflow/.local/lib/python3.6/site-packages/airflow/example_dags/example_bash_operator.py for tasks to queue
[2024-07-02 20:06:49,387] {logging_mixin.py:104} INFO - [2024-07-02 20:06:49,387] {dagbag.py:451} INFO - Filling up the DagBag from /home/airflow/.local/lib/python3.6/site-packages/airflow/example_dags/example_bash_operator.py
[2024-07-02 20:06:49,398] {scheduler_job.py:639} INFO - DAG(s) dict_keys(['example_bash_operator']) retrieved from /home/airflow/.local/lib/python3.6/site-packages/airflow/example_dags/example_bash_operator.py
[2024-07-02 20:06:49,415] {logging_mixin.py:104} INFO - [2024-07-02 20:06:49,415] {dag.py:1824} INFO - Sync 1 DAGs
[2024-07-02 20:06:49,434] {logging_mixin.py:104} INFO - [2024-07-02 20:06:49,434] {dag.py:2280} INFO - Setting next_dagrun for example_bash_operator to 2024-06-30 00:00:00+00:00
[2024-07-02 20:06:49,446] {scheduler_job.py:190} INFO - Processing /home/airflow/.local/lib/python3.6/site-packages/airflow/example_dags/example_bash_operator.py took 0.064 seconds
[2024-07-02 20:07:20,472] {scheduler_job.py:182} INFO - Started process (PID=613) to work on /home/airflow/.local/lib/python3.6/site-packages/airflow/example_dags/example_bash_operator.py
[2024-07-02 20:07:20,473] {scheduler_job.py:629} INFO - Processing file /home/airflow/.local/lib/python3.6/site-packages/airflow/example_dags/example_bash_operator.py for tasks to queue
[2024-07-02 20:07:20,473] {logging_mixin.py:104} INFO - [2024-07-02 20:07:20,473] {dagbag.py:451} INFO - Filling up the DagBag from /home/airflow/.local/lib/python3.6/site-packages/airflow/example_dags/example_bash_operator.py
[2024-07-02 20:07:20,484] {scheduler_job.py:639} INFO - DAG(s) dict_keys(['example_bash_operator']) retrieved from /home/airflow/.local/lib/python3.6/site-packages/airflow/example_dags/example_bash_operator.py
[2024-07-02 20:07:20,501] {logging_mixin.py:104} INFO - [2024-07-02 20:07:20,501] {dag.py:1824} INFO - Sync 1 DAGs
[2024-07-02 20:07:20,519] {logging_mixin.py:104} INFO - [2024-07-02 20:07:20,519] {dag.py:2280} INFO - Setting next_dagrun for example_bash_operator to 2024-06-30 00:00:00+00:00
[2024-07-02 20:07:20,528] {scheduler_job.py:190} INFO - Processing /home/airflow/.local/lib/python3.6/site-packages/airflow/example_dags/example_bash_operator.py took 0.058 seconds
