[2024-07-02 19:52:34,536] {scheduler_job.py:182} INFO - Started process (PID=52) to work on /home/airflow/.local/lib/python3.6/site-packages/airflow/example_dags/example_dag_decorator.py
[2024-07-02 19:52:34,537] {scheduler_job.py:629} INFO - Processing file /home/airflow/.local/lib/python3.6/site-packages/airflow/example_dags/example_dag_decorator.py for tasks to queue
[2024-07-02 19:52:34,538] {logging_mixin.py:104} INFO - [2024-07-02 19:52:34,538] {dagbag.py:451} INFO - Filling up the DagBag from /home/airflow/.local/lib/python3.6/site-packages/airflow/example_dags/example_dag_decorator.py
[2024-07-02 19:52:34,571] {scheduler_job.py:639} INFO - DAG(s) dict_keys(['example_dag_decorator']) retrieved from /home/airflow/.local/lib/python3.6/site-packages/airflow/example_dags/example_dag_decorator.py
[2024-07-02 19:52:34,603] {logging_mixin.py:104} INFO - [2024-07-02 19:52:34,603] {dag.py:1824} INFO - Sync 1 DAGs
[2024-07-02 19:52:34,617] {logging_mixin.py:104} INFO - [2024-07-02 19:52:34,617] {dag.py:1843} INFO - Creating ORM DAG for example_dag_decorator
[2024-07-02 19:52:34,627] {logging_mixin.py:104} INFO - [2024-07-02 19:52:34,626] {dag.py:2280} INFO - Setting next_dagrun for example_dag_decorator to None
[2024-07-02 19:52:34,648] {scheduler_job.py:190} INFO - Processing /home/airflow/.local/lib/python3.6/site-packages/airflow/example_dags/example_dag_decorator.py took 0.115 seconds
[2024-07-02 19:53:04,715] {scheduler_job.py:182} INFO - Started process (PID=78) to work on /home/airflow/.local/lib/python3.6/site-packages/airflow/example_dags/example_dag_decorator.py
[2024-07-02 19:53:04,716] {scheduler_job.py:629} INFO - Processing file /home/airflow/.local/lib/python3.6/site-packages/airflow/example_dags/example_dag_decorator.py for tasks to queue
[2024-07-02 19:53:04,716] {logging_mixin.py:104} INFO - [2024-07-02 19:53:04,716] {dagbag.py:451} INFO - Filling up the DagBag from /home/airflow/.local/lib/python3.6/site-packages/airflow/example_dags/example_dag_decorator.py
[2024-07-02 19:53:04,727] {scheduler_job.py:639} INFO - DAG(s) dict_keys(['example_dag_decorator']) retrieved from /home/airflow/.local/lib/python3.6/site-packages/airflow/example_dags/example_dag_decorator.py
[2024-07-02 19:53:04,744] {logging_mixin.py:104} INFO - [2024-07-02 19:53:04,744] {dag.py:1824} INFO - Sync 1 DAGs
[2024-07-02 19:53:04,755] {logging_mixin.py:104} INFO - [2024-07-02 19:53:04,755] {dag.py:2280} INFO - Setting next_dagrun for example_dag_decorator to None
[2024-07-02 19:53:04,764] {scheduler_job.py:190} INFO - Processing /home/airflow/.local/lib/python3.6/site-packages/airflow/example_dags/example_dag_decorator.py took 0.052 seconds
[2024-07-02 19:53:35,666] {scheduler_job.py:182} INFO - Started process (PID=104) to work on /home/airflow/.local/lib/python3.6/site-packages/airflow/example_dags/example_dag_decorator.py
[2024-07-02 19:53:35,668] {scheduler_job.py:629} INFO - Processing file /home/airflow/.local/lib/python3.6/site-packages/airflow/example_dags/example_dag_decorator.py for tasks to queue
[2024-07-02 19:53:35,668] {logging_mixin.py:104} INFO - [2024-07-02 19:53:35,668] {dagbag.py:451} INFO - Filling up the DagBag from /home/airflow/.local/lib/python3.6/site-packages/airflow/example_dags/example_dag_decorator.py
[2024-07-02 19:53:35,683] {scheduler_job.py:639} INFO - DAG(s) dict_keys(['example_dag_decorator']) retrieved from /home/airflow/.local/lib/python3.6/site-packages/airflow/example_dags/example_dag_decorator.py
[2024-07-02 19:53:35,705] {logging_mixin.py:104} INFO - [2024-07-02 19:53:35,705] {dag.py:1824} INFO - Sync 1 DAGs
[2024-07-02 19:53:35,719] {logging_mixin.py:104} INFO - [2024-07-02 19:53:35,719] {dag.py:2280} INFO - Setting next_dagrun for example_dag_decorator to None
[2024-07-02 19:53:35,731] {scheduler_job.py:190} INFO - Processing /home/airflow/.local/lib/python3.6/site-packages/airflow/example_dags/example_dag_decorator.py took 0.067 seconds
[2024-07-02 19:54:06,598] {scheduler_job.py:182} INFO - Started process (PID=130) to work on /home/airflow/.local/lib/python3.6/site-packages/airflow/example_dags/example_dag_decorator.py
[2024-07-02 19:54:06,599] {scheduler_job.py:629} INFO - Processing file /home/airflow/.local/lib/python3.6/site-packages/airflow/example_dags/example_dag_decorator.py for tasks to queue
[2024-07-02 19:54:06,599] {logging_mixin.py:104} INFO - [2024-07-02 19:54:06,599] {dagbag.py:451} INFO - Filling up the DagBag from /home/airflow/.local/lib/python3.6/site-packages/airflow/example_dags/example_dag_decorator.py
[2024-07-02 19:54:06,611] {scheduler_job.py:639} INFO - DAG(s) dict_keys(['example_dag_decorator']) retrieved from /home/airflow/.local/lib/python3.6/site-packages/airflow/example_dags/example_dag_decorator.py
[2024-07-02 19:54:06,632] {logging_mixin.py:104} INFO - [2024-07-02 19:54:06,632] {dag.py:1824} INFO - Sync 1 DAGs
[2024-07-02 19:54:06,642] {logging_mixin.py:104} INFO - [2024-07-02 19:54:06,642] {dag.py:2280} INFO - Setting next_dagrun for example_dag_decorator to None
[2024-07-02 19:54:06,651] {scheduler_job.py:190} INFO - Processing /home/airflow/.local/lib/python3.6/site-packages/airflow/example_dags/example_dag_decorator.py took 0.055 seconds
[2024-07-02 19:54:37,645] {scheduler_job.py:182} INFO - Started process (PID=156) to work on /home/airflow/.local/lib/python3.6/site-packages/airflow/example_dags/example_dag_decorator.py
[2024-07-02 19:54:37,646] {scheduler_job.py:629} INFO - Processing file /home/airflow/.local/lib/python3.6/site-packages/airflow/example_dags/example_dag_decorator.py for tasks to queue
[2024-07-02 19:54:37,646] {logging_mixin.py:104} INFO - [2024-07-02 19:54:37,646] {dagbag.py:451} INFO - Filling up the DagBag from /home/airflow/.local/lib/python3.6/site-packages/airflow/example_dags/example_dag_decorator.py
[2024-07-02 19:54:37,657] {scheduler_job.py:639} INFO - DAG(s) dict_keys(['example_dag_decorator']) retrieved from /home/airflow/.local/lib/python3.6/site-packages/airflow/example_dags/example_dag_decorator.py
[2024-07-02 19:54:37,673] {logging_mixin.py:104} INFO - [2024-07-02 19:54:37,673] {dag.py:1824} INFO - Sync 1 DAGs
[2024-07-02 19:54:37,683] {logging_mixin.py:104} INFO - [2024-07-02 19:54:37,683] {dag.py:2280} INFO - Setting next_dagrun for example_dag_decorator to None
[2024-07-02 19:54:37,693] {scheduler_job.py:190} INFO - Processing /home/airflow/.local/lib/python3.6/site-packages/airflow/example_dags/example_dag_decorator.py took 0.049 seconds
[2024-07-02 19:55:08,569] {scheduler_job.py:182} INFO - Started process (PID=182) to work on /home/airflow/.local/lib/python3.6/site-packages/airflow/example_dags/example_dag_decorator.py
[2024-07-02 19:55:08,569] {scheduler_job.py:629} INFO - Processing file /home/airflow/.local/lib/python3.6/site-packages/airflow/example_dags/example_dag_decorator.py for tasks to queue
[2024-07-02 19:55:08,570] {logging_mixin.py:104} INFO - [2024-07-02 19:55:08,569] {dagbag.py:451} INFO - Filling up the DagBag from /home/airflow/.local/lib/python3.6/site-packages/airflow/example_dags/example_dag_decorator.py
[2024-07-02 19:55:08,580] {scheduler_job.py:639} INFO - DAG(s) dict_keys(['example_dag_decorator']) retrieved from /home/airflow/.local/lib/python3.6/site-packages/airflow/example_dags/example_dag_decorator.py
[2024-07-02 19:55:08,601] {logging_mixin.py:104} INFO - [2024-07-02 19:55:08,600] {dag.py:1824} INFO - Sync 1 DAGs
[2024-07-02 19:55:08,616] {logging_mixin.py:104} INFO - [2024-07-02 19:55:08,616] {dag.py:2280} INFO - Setting next_dagrun for example_dag_decorator to None
[2024-07-02 19:55:08,627] {scheduler_job.py:190} INFO - Processing /home/airflow/.local/lib/python3.6/site-packages/airflow/example_dags/example_dag_decorator.py took 0.060 seconds
[2024-07-02 19:56:06,008] {scheduler_job.py:182} INFO - Started process (PID=33) to work on /home/airflow/.local/lib/python3.6/site-packages/airflow/example_dags/example_dag_decorator.py
[2024-07-02 19:56:06,009] {scheduler_job.py:629} INFO - Processing file /home/airflow/.local/lib/python3.6/site-packages/airflow/example_dags/example_dag_decorator.py for tasks to queue
[2024-07-02 19:56:06,010] {logging_mixin.py:104} INFO - [2024-07-02 19:56:06,009] {dagbag.py:451} INFO - Filling up the DagBag from /home/airflow/.local/lib/python3.6/site-packages/airflow/example_dags/example_dag_decorator.py
[2024-07-02 19:56:06,041] {scheduler_job.py:639} INFO - DAG(s) dict_keys(['example_dag_decorator']) retrieved from /home/airflow/.local/lib/python3.6/site-packages/airflow/example_dags/example_dag_decorator.py
[2024-07-02 19:56:06,062] {logging_mixin.py:104} INFO - [2024-07-02 19:56:06,062] {dag.py:1824} INFO - Sync 1 DAGs
[2024-07-02 19:56:06,079] {logging_mixin.py:104} INFO - [2024-07-02 19:56:06,079] {dag.py:2280} INFO - Setting next_dagrun for example_dag_decorator to None
[2024-07-02 19:56:06,091] {scheduler_job.py:190} INFO - Processing /home/airflow/.local/lib/python3.6/site-packages/airflow/example_dags/example_dag_decorator.py took 0.086 seconds
[2024-07-02 19:56:36,414] {scheduler_job.py:182} INFO - Started process (PID=60) to work on /home/airflow/.local/lib/python3.6/site-packages/airflow/example_dags/example_dag_decorator.py
[2024-07-02 19:56:36,415] {scheduler_job.py:629} INFO - Processing file /home/airflow/.local/lib/python3.6/site-packages/airflow/example_dags/example_dag_decorator.py for tasks to queue
[2024-07-02 19:56:36,415] {logging_mixin.py:104} INFO - [2024-07-02 19:56:36,415] {dagbag.py:451} INFO - Filling up the DagBag from /home/airflow/.local/lib/python3.6/site-packages/airflow/example_dags/example_dag_decorator.py
[2024-07-02 19:56:36,427] {scheduler_job.py:639} INFO - DAG(s) dict_keys(['example_dag_decorator']) retrieved from /home/airflow/.local/lib/python3.6/site-packages/airflow/example_dags/example_dag_decorator.py
[2024-07-02 19:56:36,444] {logging_mixin.py:104} INFO - [2024-07-02 19:56:36,444] {dag.py:1824} INFO - Sync 1 DAGs
[2024-07-02 19:56:36,456] {logging_mixin.py:104} INFO - [2024-07-02 19:56:36,456] {dag.py:2280} INFO - Setting next_dagrun for example_dag_decorator to None
[2024-07-02 19:56:36,467] {scheduler_job.py:190} INFO - Processing /home/airflow/.local/lib/python3.6/site-packages/airflow/example_dags/example_dag_decorator.py took 0.055 seconds
[2024-07-02 19:57:06,525] {scheduler_job.py:182} INFO - Started process (PID=87) to work on /home/airflow/.local/lib/python3.6/site-packages/airflow/example_dags/example_dag_decorator.py
[2024-07-02 19:57:06,525] {scheduler_job.py:629} INFO - Processing file /home/airflow/.local/lib/python3.6/site-packages/airflow/example_dags/example_dag_decorator.py for tasks to queue
[2024-07-02 19:57:06,526] {logging_mixin.py:104} INFO - [2024-07-02 19:57:06,525] {dagbag.py:451} INFO - Filling up the DagBag from /home/airflow/.local/lib/python3.6/site-packages/airflow/example_dags/example_dag_decorator.py
[2024-07-02 19:57:06,536] {scheduler_job.py:639} INFO - DAG(s) dict_keys(['example_dag_decorator']) retrieved from /home/airflow/.local/lib/python3.6/site-packages/airflow/example_dags/example_dag_decorator.py
[2024-07-02 19:57:06,552] {logging_mixin.py:104} INFO - [2024-07-02 19:57:06,552] {dag.py:1824} INFO - Sync 1 DAGs
[2024-07-02 19:57:06,562] {logging_mixin.py:104} INFO - [2024-07-02 19:57:06,562] {dag.py:2280} INFO - Setting next_dagrun for example_dag_decorator to None
[2024-07-02 19:57:06,572] {scheduler_job.py:190} INFO - Processing /home/airflow/.local/lib/python3.6/site-packages/airflow/example_dags/example_dag_decorator.py took 0.050 seconds
[2024-07-02 19:57:36,674] {scheduler_job.py:182} INFO - Started process (PID=113) to work on /home/airflow/.local/lib/python3.6/site-packages/airflow/example_dags/example_dag_decorator.py
[2024-07-02 19:57:36,675] {scheduler_job.py:629} INFO - Processing file /home/airflow/.local/lib/python3.6/site-packages/airflow/example_dags/example_dag_decorator.py for tasks to queue
[2024-07-02 19:57:36,675] {logging_mixin.py:104} INFO - [2024-07-02 19:57:36,675] {dagbag.py:451} INFO - Filling up the DagBag from /home/airflow/.local/lib/python3.6/site-packages/airflow/example_dags/example_dag_decorator.py
[2024-07-02 19:57:36,686] {scheduler_job.py:639} INFO - DAG(s) dict_keys(['example_dag_decorator']) retrieved from /home/airflow/.local/lib/python3.6/site-packages/airflow/example_dags/example_dag_decorator.py
[2024-07-02 19:57:36,702] {logging_mixin.py:104} INFO - [2024-07-02 19:57:36,702] {dag.py:1824} INFO - Sync 1 DAGs
[2024-07-02 19:57:36,712] {logging_mixin.py:104} INFO - [2024-07-02 19:57:36,712] {dag.py:2280} INFO - Setting next_dagrun for example_dag_decorator to None
[2024-07-02 19:57:36,721] {scheduler_job.py:190} INFO - Processing /home/airflow/.local/lib/python3.6/site-packages/airflow/example_dags/example_dag_decorator.py took 0.049 seconds
[2024-07-02 19:58:07,477] {scheduler_job.py:182} INFO - Started process (PID=136) to work on /home/airflow/.local/lib/python3.6/site-packages/airflow/example_dags/example_dag_decorator.py
[2024-07-02 19:58:07,478] {scheduler_job.py:629} INFO - Processing file /home/airflow/.local/lib/python3.6/site-packages/airflow/example_dags/example_dag_decorator.py for tasks to queue
[2024-07-02 19:58:07,479] {logging_mixin.py:104} INFO - [2024-07-02 19:58:07,479] {dagbag.py:451} INFO - Filling up the DagBag from /home/airflow/.local/lib/python3.6/site-packages/airflow/example_dags/example_dag_decorator.py
[2024-07-02 19:58:07,489] {scheduler_job.py:639} INFO - DAG(s) dict_keys(['example_dag_decorator']) retrieved from /home/airflow/.local/lib/python3.6/site-packages/airflow/example_dags/example_dag_decorator.py
[2024-07-02 19:58:07,506] {logging_mixin.py:104} INFO - [2024-07-02 19:58:07,506] {dag.py:1824} INFO - Sync 1 DAGs
[2024-07-02 19:58:07,516] {logging_mixin.py:104} INFO - [2024-07-02 19:58:07,516] {dag.py:2280} INFO - Setting next_dagrun for example_dag_decorator to None
[2024-07-02 19:58:07,525] {scheduler_job.py:190} INFO - Processing /home/airflow/.local/lib/python3.6/site-packages/airflow/example_dags/example_dag_decorator.py took 0.050 seconds
[2024-07-02 19:58:38,421] {scheduler_job.py:182} INFO - Started process (PID=162) to work on /home/airflow/.local/lib/python3.6/site-packages/airflow/example_dags/example_dag_decorator.py
[2024-07-02 19:58:38,425] {scheduler_job.py:629} INFO - Processing file /home/airflow/.local/lib/python3.6/site-packages/airflow/example_dags/example_dag_decorator.py for tasks to queue
[2024-07-02 19:58:38,426] {logging_mixin.py:104} INFO - [2024-07-02 19:58:38,426] {dagbag.py:451} INFO - Filling up the DagBag from /home/airflow/.local/lib/python3.6/site-packages/airflow/example_dags/example_dag_decorator.py
[2024-07-02 19:58:38,442] {scheduler_job.py:639} INFO - DAG(s) dict_keys(['example_dag_decorator']) retrieved from /home/airflow/.local/lib/python3.6/site-packages/airflow/example_dags/example_dag_decorator.py
[2024-07-02 19:58:38,460] {logging_mixin.py:104} INFO - [2024-07-02 19:58:38,460] {dag.py:1824} INFO - Sync 1 DAGs
[2024-07-02 19:58:38,472] {logging_mixin.py:104} INFO - [2024-07-02 19:58:38,472] {dag.py:2280} INFO - Setting next_dagrun for example_dag_decorator to None
[2024-07-02 19:58:38,481] {scheduler_job.py:190} INFO - Processing /home/airflow/.local/lib/python3.6/site-packages/airflow/example_dags/example_dag_decorator.py took 0.063 seconds
[2024-07-02 19:59:09,388] {scheduler_job.py:182} INFO - Started process (PID=188) to work on /home/airflow/.local/lib/python3.6/site-packages/airflow/example_dags/example_dag_decorator.py
[2024-07-02 19:59:09,389] {scheduler_job.py:629} INFO - Processing file /home/airflow/.local/lib/python3.6/site-packages/airflow/example_dags/example_dag_decorator.py for tasks to queue
[2024-07-02 19:59:09,390] {logging_mixin.py:104} INFO - [2024-07-02 19:59:09,390] {dagbag.py:451} INFO - Filling up the DagBag from /home/airflow/.local/lib/python3.6/site-packages/airflow/example_dags/example_dag_decorator.py
[2024-07-02 19:59:09,405] {scheduler_job.py:639} INFO - DAG(s) dict_keys(['example_dag_decorator']) retrieved from /home/airflow/.local/lib/python3.6/site-packages/airflow/example_dags/example_dag_decorator.py
[2024-07-02 19:59:09,425] {logging_mixin.py:104} INFO - [2024-07-02 19:59:09,425] {dag.py:1824} INFO - Sync 1 DAGs
[2024-07-02 19:59:09,436] {logging_mixin.py:104} INFO - [2024-07-02 19:59:09,436] {dag.py:2280} INFO - Setting next_dagrun for example_dag_decorator to None
[2024-07-02 19:59:09,449] {scheduler_job.py:190} INFO - Processing /home/airflow/.local/lib/python3.6/site-packages/airflow/example_dags/example_dag_decorator.py took 0.063 seconds
[2024-07-02 19:59:40,347] {scheduler_job.py:182} INFO - Started process (PID=214) to work on /home/airflow/.local/lib/python3.6/site-packages/airflow/example_dags/example_dag_decorator.py
[2024-07-02 19:59:40,349] {scheduler_job.py:629} INFO - Processing file /home/airflow/.local/lib/python3.6/site-packages/airflow/example_dags/example_dag_decorator.py for tasks to queue
[2024-07-02 19:59:40,350] {logging_mixin.py:104} INFO - [2024-07-02 19:59:40,349] {dagbag.py:451} INFO - Filling up the DagBag from /home/airflow/.local/lib/python3.6/site-packages/airflow/example_dags/example_dag_decorator.py
[2024-07-02 19:59:40,366] {scheduler_job.py:639} INFO - DAG(s) dict_keys(['example_dag_decorator']) retrieved from /home/airflow/.local/lib/python3.6/site-packages/airflow/example_dags/example_dag_decorator.py
[2024-07-02 19:59:40,385] {logging_mixin.py:104} INFO - [2024-07-02 19:59:40,385] {dag.py:1824} INFO - Sync 1 DAGs
[2024-07-02 19:59:40,395] {logging_mixin.py:104} INFO - [2024-07-02 19:59:40,395] {dag.py:2280} INFO - Setting next_dagrun for example_dag_decorator to None
[2024-07-02 19:59:40,407] {scheduler_job.py:190} INFO - Processing /home/airflow/.local/lib/python3.6/site-packages/airflow/example_dags/example_dag_decorator.py took 0.066 seconds
[2024-07-02 20:00:11,312] {scheduler_job.py:182} INFO - Started process (PID=240) to work on /home/airflow/.local/lib/python3.6/site-packages/airflow/example_dags/example_dag_decorator.py
[2024-07-02 20:00:11,313] {scheduler_job.py:629} INFO - Processing file /home/airflow/.local/lib/python3.6/site-packages/airflow/example_dags/example_dag_decorator.py for tasks to queue
[2024-07-02 20:00:11,314] {logging_mixin.py:104} INFO - [2024-07-02 20:00:11,314] {dagbag.py:451} INFO - Filling up the DagBag from /home/airflow/.local/lib/python3.6/site-packages/airflow/example_dags/example_dag_decorator.py
[2024-07-02 20:00:11,327] {scheduler_job.py:639} INFO - DAG(s) dict_keys(['example_dag_decorator']) retrieved from /home/airflow/.local/lib/python3.6/site-packages/airflow/example_dags/example_dag_decorator.py
[2024-07-02 20:00:11,348] {logging_mixin.py:104} INFO - [2024-07-02 20:00:11,347] {dag.py:1824} INFO - Sync 1 DAGs
[2024-07-02 20:00:11,360] {logging_mixin.py:104} INFO - [2024-07-02 20:00:11,360] {dag.py:2280} INFO - Setting next_dagrun for example_dag_decorator to None
[2024-07-02 20:00:11,381] {scheduler_job.py:190} INFO - Processing /home/airflow/.local/lib/python3.6/site-packages/airflow/example_dags/example_dag_decorator.py took 0.072 seconds
[2024-07-02 20:00:42,389] {scheduler_job.py:182} INFO - Started process (PID=266) to work on /home/airflow/.local/lib/python3.6/site-packages/airflow/example_dags/example_dag_decorator.py
[2024-07-02 20:00:42,390] {scheduler_job.py:629} INFO - Processing file /home/airflow/.local/lib/python3.6/site-packages/airflow/example_dags/example_dag_decorator.py for tasks to queue
[2024-07-02 20:00:42,390] {logging_mixin.py:104} INFO - [2024-07-02 20:00:42,390] {dagbag.py:451} INFO - Filling up the DagBag from /home/airflow/.local/lib/python3.6/site-packages/airflow/example_dags/example_dag_decorator.py
[2024-07-02 20:00:42,406] {scheduler_job.py:639} INFO - DAG(s) dict_keys(['example_dag_decorator']) retrieved from /home/airflow/.local/lib/python3.6/site-packages/airflow/example_dags/example_dag_decorator.py
[2024-07-02 20:00:42,428] {logging_mixin.py:104} INFO - [2024-07-02 20:00:42,428] {dag.py:1824} INFO - Sync 1 DAGs
[2024-07-02 20:00:42,443] {logging_mixin.py:104} INFO - [2024-07-02 20:00:42,442] {dag.py:2280} INFO - Setting next_dagrun for example_dag_decorator to None
[2024-07-02 20:00:42,460] {scheduler_job.py:190} INFO - Processing /home/airflow/.local/lib/python3.6/site-packages/airflow/example_dags/example_dag_decorator.py took 0.075 seconds
[2024-07-02 20:01:13,435] {scheduler_job.py:182} INFO - Started process (PID=292) to work on /home/airflow/.local/lib/python3.6/site-packages/airflow/example_dags/example_dag_decorator.py
[2024-07-02 20:01:13,436] {scheduler_job.py:629} INFO - Processing file /home/airflow/.local/lib/python3.6/site-packages/airflow/example_dags/example_dag_decorator.py for tasks to queue
[2024-07-02 20:01:13,436] {logging_mixin.py:104} INFO - [2024-07-02 20:01:13,436] {dagbag.py:451} INFO - Filling up the DagBag from /home/airflow/.local/lib/python3.6/site-packages/airflow/example_dags/example_dag_decorator.py
[2024-07-02 20:01:13,450] {scheduler_job.py:639} INFO - DAG(s) dict_keys(['example_dag_decorator']) retrieved from /home/airflow/.local/lib/python3.6/site-packages/airflow/example_dags/example_dag_decorator.py
[2024-07-02 20:01:13,469] {logging_mixin.py:104} INFO - [2024-07-02 20:01:13,468] {dag.py:1824} INFO - Sync 1 DAGs
[2024-07-02 20:01:13,480] {logging_mixin.py:104} INFO - [2024-07-02 20:01:13,480] {dag.py:2280} INFO - Setting next_dagrun for example_dag_decorator to None
[2024-07-02 20:01:13,499] {scheduler_job.py:190} INFO - Processing /home/airflow/.local/lib/python3.6/site-packages/airflow/example_dags/example_dag_decorator.py took 0.066 seconds
[2024-07-02 20:01:44,406] {scheduler_job.py:182} INFO - Started process (PID=318) to work on /home/airflow/.local/lib/python3.6/site-packages/airflow/example_dags/example_dag_decorator.py
[2024-07-02 20:01:44,407] {scheduler_job.py:629} INFO - Processing file /home/airflow/.local/lib/python3.6/site-packages/airflow/example_dags/example_dag_decorator.py for tasks to queue
[2024-07-02 20:01:44,407] {logging_mixin.py:104} INFO - [2024-07-02 20:01:44,407] {dagbag.py:451} INFO - Filling up the DagBag from /home/airflow/.local/lib/python3.6/site-packages/airflow/example_dags/example_dag_decorator.py
[2024-07-02 20:01:44,427] {scheduler_job.py:639} INFO - DAG(s) dict_keys(['example_dag_decorator']) retrieved from /home/airflow/.local/lib/python3.6/site-packages/airflow/example_dags/example_dag_decorator.py
[2024-07-02 20:01:44,445] {logging_mixin.py:104} INFO - [2024-07-02 20:01:44,445] {dag.py:1824} INFO - Sync 1 DAGs
[2024-07-02 20:01:44,456] {logging_mixin.py:104} INFO - [2024-07-02 20:01:44,456] {dag.py:2280} INFO - Setting next_dagrun for example_dag_decorator to None
[2024-07-02 20:01:44,476] {scheduler_job.py:190} INFO - Processing /home/airflow/.local/lib/python3.6/site-packages/airflow/example_dags/example_dag_decorator.py took 0.075 seconds
[2024-07-02 20:02:15,407] {scheduler_job.py:182} INFO - Started process (PID=344) to work on /home/airflow/.local/lib/python3.6/site-packages/airflow/example_dags/example_dag_decorator.py
[2024-07-02 20:02:15,408] {scheduler_job.py:629} INFO - Processing file /home/airflow/.local/lib/python3.6/site-packages/airflow/example_dags/example_dag_decorator.py for tasks to queue
[2024-07-02 20:02:15,409] {logging_mixin.py:104} INFO - [2024-07-02 20:02:15,409] {dagbag.py:451} INFO - Filling up the DagBag from /home/airflow/.local/lib/python3.6/site-packages/airflow/example_dags/example_dag_decorator.py
[2024-07-02 20:02:15,427] {scheduler_job.py:639} INFO - DAG(s) dict_keys(['example_dag_decorator']) retrieved from /home/airflow/.local/lib/python3.6/site-packages/airflow/example_dags/example_dag_decorator.py
[2024-07-02 20:02:15,448] {logging_mixin.py:104} INFO - [2024-07-02 20:02:15,448] {dag.py:1824} INFO - Sync 1 DAGs
[2024-07-02 20:02:15,460] {logging_mixin.py:104} INFO - [2024-07-02 20:02:15,460] {dag.py:2280} INFO - Setting next_dagrun for example_dag_decorator to None
[2024-07-02 20:02:15,482] {scheduler_job.py:190} INFO - Processing /home/airflow/.local/lib/python3.6/site-packages/airflow/example_dags/example_dag_decorator.py took 0.080 seconds
[2024-07-02 20:02:45,570] {scheduler_job.py:182} INFO - Started process (PID=370) to work on /home/airflow/.local/lib/python3.6/site-packages/airflow/example_dags/example_dag_decorator.py
[2024-07-02 20:02:45,571] {scheduler_job.py:629} INFO - Processing file /home/airflow/.local/lib/python3.6/site-packages/airflow/example_dags/example_dag_decorator.py for tasks to queue
[2024-07-02 20:02:45,572] {logging_mixin.py:104} INFO - [2024-07-02 20:02:45,571] {dagbag.py:451} INFO - Filling up the DagBag from /home/airflow/.local/lib/python3.6/site-packages/airflow/example_dags/example_dag_decorator.py
[2024-07-02 20:02:45,587] {scheduler_job.py:639} INFO - DAG(s) dict_keys(['example_dag_decorator']) retrieved from /home/airflow/.local/lib/python3.6/site-packages/airflow/example_dags/example_dag_decorator.py
[2024-07-02 20:02:45,610] {logging_mixin.py:104} INFO - [2024-07-02 20:02:45,610] {dag.py:1824} INFO - Sync 1 DAGs
[2024-07-02 20:02:45,631] {logging_mixin.py:104} INFO - [2024-07-02 20:02:45,631] {dag.py:2280} INFO - Setting next_dagrun for example_dag_decorator to None
[2024-07-02 20:02:45,656] {scheduler_job.py:190} INFO - Processing /home/airflow/.local/lib/python3.6/site-packages/airflow/example_dags/example_dag_decorator.py took 0.089 seconds
[2024-07-02 20:03:15,698] {scheduler_job.py:182} INFO - Started process (PID=396) to work on /home/airflow/.local/lib/python3.6/site-packages/airflow/example_dags/example_dag_decorator.py
[2024-07-02 20:03:15,700] {scheduler_job.py:629} INFO - Processing file /home/airflow/.local/lib/python3.6/site-packages/airflow/example_dags/example_dag_decorator.py for tasks to queue
[2024-07-02 20:03:15,701] {logging_mixin.py:104} INFO - [2024-07-02 20:03:15,701] {dagbag.py:451} INFO - Filling up the DagBag from /home/airflow/.local/lib/python3.6/site-packages/airflow/example_dags/example_dag_decorator.py
[2024-07-02 20:03:15,716] {scheduler_job.py:639} INFO - DAG(s) dict_keys(['example_dag_decorator']) retrieved from /home/airflow/.local/lib/python3.6/site-packages/airflow/example_dags/example_dag_decorator.py
[2024-07-02 20:03:15,736] {logging_mixin.py:104} INFO - [2024-07-02 20:03:15,735] {dag.py:1824} INFO - Sync 1 DAGs
[2024-07-02 20:03:15,749] {logging_mixin.py:104} INFO - [2024-07-02 20:03:15,748] {dag.py:2280} INFO - Setting next_dagrun for example_dag_decorator to None
[2024-07-02 20:03:15,764] {scheduler_job.py:190} INFO - Processing /home/airflow/.local/lib/python3.6/site-packages/airflow/example_dags/example_dag_decorator.py took 0.070 seconds
[2024-07-02 20:03:45,794] {scheduler_job.py:182} INFO - Started process (PID=422) to work on /home/airflow/.local/lib/python3.6/site-packages/airflow/example_dags/example_dag_decorator.py
[2024-07-02 20:03:45,794] {scheduler_job.py:629} INFO - Processing file /home/airflow/.local/lib/python3.6/site-packages/airflow/example_dags/example_dag_decorator.py for tasks to queue
[2024-07-02 20:03:45,795] {logging_mixin.py:104} INFO - [2024-07-02 20:03:45,795] {dagbag.py:451} INFO - Filling up the DagBag from /home/airflow/.local/lib/python3.6/site-packages/airflow/example_dags/example_dag_decorator.py
[2024-07-02 20:03:45,808] {scheduler_job.py:639} INFO - DAG(s) dict_keys(['example_dag_decorator']) retrieved from /home/airflow/.local/lib/python3.6/site-packages/airflow/example_dags/example_dag_decorator.py
[2024-07-02 20:03:45,827] {logging_mixin.py:104} INFO - [2024-07-02 20:03:45,827] {dag.py:1824} INFO - Sync 1 DAGs
[2024-07-02 20:03:45,838] {logging_mixin.py:104} INFO - [2024-07-02 20:03:45,838] {dag.py:2280} INFO - Setting next_dagrun for example_dag_decorator to None
[2024-07-02 20:03:45,858] {scheduler_job.py:190} INFO - Processing /home/airflow/.local/lib/python3.6/site-packages/airflow/example_dags/example_dag_decorator.py took 0.067 seconds
[2024-07-02 20:04:15,932] {scheduler_job.py:182} INFO - Started process (PID=448) to work on /home/airflow/.local/lib/python3.6/site-packages/airflow/example_dags/example_dag_decorator.py
[2024-07-02 20:04:15,933] {scheduler_job.py:629} INFO - Processing file /home/airflow/.local/lib/python3.6/site-packages/airflow/example_dags/example_dag_decorator.py for tasks to queue
[2024-07-02 20:04:15,934] {logging_mixin.py:104} INFO - [2024-07-02 20:04:15,934] {dagbag.py:451} INFO - Filling up the DagBag from /home/airflow/.local/lib/python3.6/site-packages/airflow/example_dags/example_dag_decorator.py
[2024-07-02 20:04:15,949] {scheduler_job.py:639} INFO - DAG(s) dict_keys(['example_dag_decorator']) retrieved from /home/airflow/.local/lib/python3.6/site-packages/airflow/example_dags/example_dag_decorator.py
[2024-07-02 20:04:15,971] {logging_mixin.py:104} INFO - [2024-07-02 20:04:15,971] {dag.py:1824} INFO - Sync 1 DAGs
[2024-07-02 20:04:15,984] {logging_mixin.py:104} INFO - [2024-07-02 20:04:15,984] {dag.py:2280} INFO - Setting next_dagrun for example_dag_decorator to None
[2024-07-02 20:04:16,005] {scheduler_job.py:190} INFO - Processing /home/airflow/.local/lib/python3.6/site-packages/airflow/example_dags/example_dag_decorator.py took 0.076 seconds
[2024-07-02 20:04:46,034] {scheduler_job.py:182} INFO - Started process (PID=473) to work on /home/airflow/.local/lib/python3.6/site-packages/airflow/example_dags/example_dag_decorator.py
[2024-07-02 20:04:46,037] {scheduler_job.py:629} INFO - Processing file /home/airflow/.local/lib/python3.6/site-packages/airflow/example_dags/example_dag_decorator.py for tasks to queue
[2024-07-02 20:04:46,038] {logging_mixin.py:104} INFO - [2024-07-02 20:04:46,038] {dagbag.py:451} INFO - Filling up the DagBag from /home/airflow/.local/lib/python3.6/site-packages/airflow/example_dags/example_dag_decorator.py
[2024-07-02 20:04:46,067] {scheduler_job.py:639} INFO - DAG(s) dict_keys(['example_dag_decorator']) retrieved from /home/airflow/.local/lib/python3.6/site-packages/airflow/example_dags/example_dag_decorator.py
[2024-07-02 20:04:46,085] {logging_mixin.py:104} INFO - [2024-07-02 20:04:46,085] {dag.py:1824} INFO - Sync 1 DAGs
[2024-07-02 20:04:46,097] {logging_mixin.py:104} INFO - [2024-07-02 20:04:46,096] {dag.py:2280} INFO - Setting next_dagrun for example_dag_decorator to None
[2024-07-02 20:04:46,116] {scheduler_job.py:190} INFO - Processing /home/airflow/.local/lib/python3.6/site-packages/airflow/example_dags/example_dag_decorator.py took 0.089 seconds
[2024-07-02 20:05:16,132] {scheduler_job.py:182} INFO - Started process (PID=499) to work on /home/airflow/.local/lib/python3.6/site-packages/airflow/example_dags/example_dag_decorator.py
[2024-07-02 20:05:16,133] {scheduler_job.py:629} INFO - Processing file /home/airflow/.local/lib/python3.6/site-packages/airflow/example_dags/example_dag_decorator.py for tasks to queue
[2024-07-02 20:05:16,134] {logging_mixin.py:104} INFO - [2024-07-02 20:05:16,134] {dagbag.py:451} INFO - Filling up the DagBag from /home/airflow/.local/lib/python3.6/site-packages/airflow/example_dags/example_dag_decorator.py
[2024-07-02 20:05:16,147] {scheduler_job.py:639} INFO - DAG(s) dict_keys(['example_dag_decorator']) retrieved from /home/airflow/.local/lib/python3.6/site-packages/airflow/example_dags/example_dag_decorator.py
[2024-07-02 20:05:16,166] {logging_mixin.py:104} INFO - [2024-07-02 20:05:16,166] {dag.py:1824} INFO - Sync 1 DAGs
[2024-07-02 20:05:16,179] {logging_mixin.py:104} INFO - [2024-07-02 20:05:16,179] {dag.py:2280} INFO - Setting next_dagrun for example_dag_decorator to None
[2024-07-02 20:05:16,194] {scheduler_job.py:190} INFO - Processing /home/airflow/.local/lib/python3.6/site-packages/airflow/example_dags/example_dag_decorator.py took 0.065 seconds
[2024-07-02 20:05:47,228] {scheduler_job.py:182} INFO - Started process (PID=526) to work on /home/airflow/.local/lib/python3.6/site-packages/airflow/example_dags/example_dag_decorator.py
[2024-07-02 20:05:47,230] {scheduler_job.py:629} INFO - Processing file /home/airflow/.local/lib/python3.6/site-packages/airflow/example_dags/example_dag_decorator.py for tasks to queue
[2024-07-02 20:05:47,231] {logging_mixin.py:104} INFO - [2024-07-02 20:05:47,231] {dagbag.py:451} INFO - Filling up the DagBag from /home/airflow/.local/lib/python3.6/site-packages/airflow/example_dags/example_dag_decorator.py
[2024-07-02 20:05:47,248] {scheduler_job.py:639} INFO - DAG(s) dict_keys(['example_dag_decorator']) retrieved from /home/airflow/.local/lib/python3.6/site-packages/airflow/example_dags/example_dag_decorator.py
[2024-07-02 20:05:47,266] {logging_mixin.py:104} INFO - [2024-07-02 20:05:47,266] {dag.py:1824} INFO - Sync 1 DAGs
[2024-07-02 20:05:47,277] {logging_mixin.py:104} INFO - [2024-07-02 20:05:47,277] {dag.py:2280} INFO - Setting next_dagrun for example_dag_decorator to None
[2024-07-02 20:05:47,294] {scheduler_job.py:190} INFO - Processing /home/airflow/.local/lib/python3.6/site-packages/airflow/example_dags/example_dag_decorator.py took 0.074 seconds
[2024-07-02 20:06:18,114] {scheduler_job.py:182} INFO - Started process (PID=552) to work on /home/airflow/.local/lib/python3.6/site-packages/airflow/example_dags/example_dag_decorator.py
[2024-07-02 20:06:18,115] {scheduler_job.py:629} INFO - Processing file /home/airflow/.local/lib/python3.6/site-packages/airflow/example_dags/example_dag_decorator.py for tasks to queue
[2024-07-02 20:06:18,115] {logging_mixin.py:104} INFO - [2024-07-02 20:06:18,115] {dagbag.py:451} INFO - Filling up the DagBag from /home/airflow/.local/lib/python3.6/site-packages/airflow/example_dags/example_dag_decorator.py
[2024-07-02 20:06:18,126] {scheduler_job.py:639} INFO - DAG(s) dict_keys(['example_dag_decorator']) retrieved from /home/airflow/.local/lib/python3.6/site-packages/airflow/example_dags/example_dag_decorator.py
[2024-07-02 20:06:18,143] {logging_mixin.py:104} INFO - [2024-07-02 20:06:18,142] {dag.py:1824} INFO - Sync 1 DAGs
[2024-07-02 20:06:18,153] {logging_mixin.py:104} INFO - [2024-07-02 20:06:18,152] {dag.py:2280} INFO - Setting next_dagrun for example_dag_decorator to None
[2024-07-02 20:06:18,167] {scheduler_job.py:190} INFO - Processing /home/airflow/.local/lib/python3.6/site-packages/airflow/example_dags/example_dag_decorator.py took 0.055 seconds
[2024-07-02 20:06:49,026] {scheduler_job.py:182} INFO - Started process (PID=578) to work on /home/airflow/.local/lib/python3.6/site-packages/airflow/example_dags/example_dag_decorator.py
[2024-07-02 20:06:49,027] {scheduler_job.py:629} INFO - Processing file /home/airflow/.local/lib/python3.6/site-packages/airflow/example_dags/example_dag_decorator.py for tasks to queue
[2024-07-02 20:06:49,027] {logging_mixin.py:104} INFO - [2024-07-02 20:06:49,027] {dagbag.py:451} INFO - Filling up the DagBag from /home/airflow/.local/lib/python3.6/site-packages/airflow/example_dags/example_dag_decorator.py
[2024-07-02 20:06:49,039] {scheduler_job.py:639} INFO - DAG(s) dict_keys(['example_dag_decorator']) retrieved from /home/airflow/.local/lib/python3.6/site-packages/airflow/example_dags/example_dag_decorator.py
[2024-07-02 20:06:49,061] {logging_mixin.py:104} INFO - [2024-07-02 20:06:49,061] {dag.py:1824} INFO - Sync 1 DAGs
[2024-07-02 20:06:49,084] {logging_mixin.py:104} INFO - [2024-07-02 20:06:49,084] {dag.py:2280} INFO - Setting next_dagrun for example_dag_decorator to None
[2024-07-02 20:06:49,099] {scheduler_job.py:190} INFO - Processing /home/airflow/.local/lib/python3.6/site-packages/airflow/example_dags/example_dag_decorator.py took 0.076 seconds
[2024-07-02 20:07:20,133] {scheduler_job.py:182} INFO - Started process (PID=604) to work on /home/airflow/.local/lib/python3.6/site-packages/airflow/example_dags/example_dag_decorator.py
[2024-07-02 20:07:20,135] {scheduler_job.py:629} INFO - Processing file /home/airflow/.local/lib/python3.6/site-packages/airflow/example_dags/example_dag_decorator.py for tasks to queue
[2024-07-02 20:07:20,136] {logging_mixin.py:104} INFO - [2024-07-02 20:07:20,136] {dagbag.py:451} INFO - Filling up the DagBag from /home/airflow/.local/lib/python3.6/site-packages/airflow/example_dags/example_dag_decorator.py
[2024-07-02 20:07:20,157] {scheduler_job.py:639} INFO - DAG(s) dict_keys(['example_dag_decorator']) retrieved from /home/airflow/.local/lib/python3.6/site-packages/airflow/example_dags/example_dag_decorator.py
[2024-07-02 20:07:20,180] {logging_mixin.py:104} INFO - [2024-07-02 20:07:20,179] {dag.py:1824} INFO - Sync 1 DAGs
[2024-07-02 20:07:20,192] {logging_mixin.py:104} INFO - [2024-07-02 20:07:20,192] {dag.py:2280} INFO - Setting next_dagrun for example_dag_decorator to None
[2024-07-02 20:07:20,205] {scheduler_job.py:190} INFO - Processing /home/airflow/.local/lib/python3.6/site-packages/airflow/example_dags/example_dag_decorator.py took 0.080 seconds
