[2024-07-02 19:52:34,116] {scheduler_job.py:182} INFO - Started process (PID=45) to work on /home/airflow/.local/lib/python3.6/site-packages/airflow/example_dags/example_python_operator.py
[2024-07-02 19:52:34,117] {scheduler_job.py:629} INFO - Processing file /home/airflow/.local/lib/python3.6/site-packages/airflow/example_dags/example_python_operator.py for tasks to queue
[2024-07-02 19:52:34,118] {logging_mixin.py:104} INFO - [2024-07-02 19:52:34,118] {dagbag.py:451} INFO - Filling up the DagBag from /home/airflow/.local/lib/python3.6/site-packages/airflow/example_dags/example_python_operator.py
[2024-07-02 19:52:34,139] {scheduler_job.py:639} INFO - DAG(s) dict_keys(['example_python_operator']) retrieved from /home/airflow/.local/lib/python3.6/site-packages/airflow/example_dags/example_python_operator.py
[2024-07-02 19:52:34,176] {logging_mixin.py:104} INFO - [2024-07-02 19:52:34,176] {dag.py:1824} INFO - Sync 1 DAGs
[2024-07-02 19:52:34,191] {logging_mixin.py:104} INFO - [2024-07-02 19:52:34,191] {dag.py:1843} INFO - Creating ORM DAG for example_python_operator
[2024-07-02 19:52:34,200] {logging_mixin.py:104} INFO - [2024-07-02 19:52:34,199] {dag.py:2280} INFO - Setting next_dagrun for example_python_operator to None
[2024-07-02 19:52:34,221] {scheduler_job.py:190} INFO - Processing /home/airflow/.local/lib/python3.6/site-packages/airflow/example_dags/example_python_operator.py took 0.109 seconds
[2024-07-02 19:53:04,473] {scheduler_job.py:182} INFO - Started process (PID=70) to work on /home/airflow/.local/lib/python3.6/site-packages/airflow/example_dags/example_python_operator.py
[2024-07-02 19:53:04,473] {scheduler_job.py:629} INFO - Processing file /home/airflow/.local/lib/python3.6/site-packages/airflow/example_dags/example_python_operator.py for tasks to queue
[2024-07-02 19:53:04,474] {logging_mixin.py:104} INFO - [2024-07-02 19:53:04,474] {dagbag.py:451} INFO - Filling up the DagBag from /home/airflow/.local/lib/python3.6/site-packages/airflow/example_dags/example_python_operator.py
[2024-07-02 19:53:04,482] {scheduler_job.py:639} INFO - DAG(s) dict_keys(['example_python_operator']) retrieved from /home/airflow/.local/lib/python3.6/site-packages/airflow/example_dags/example_python_operator.py
[2024-07-02 19:53:04,498] {logging_mixin.py:104} INFO - [2024-07-02 19:53:04,498] {dag.py:1824} INFO - Sync 1 DAGs
[2024-07-02 19:53:04,508] {logging_mixin.py:104} INFO - [2024-07-02 19:53:04,508] {dag.py:2280} INFO - Setting next_dagrun for example_python_operator to None
[2024-07-02 19:53:04,515] {scheduler_job.py:190} INFO - Processing /home/airflow/.local/lib/python3.6/site-packages/airflow/example_dags/example_python_operator.py took 0.044 seconds
[2024-07-02 19:53:35,418] {scheduler_job.py:182} INFO - Started process (PID=97) to work on /home/airflow/.local/lib/python3.6/site-packages/airflow/example_dags/example_python_operator.py
[2024-07-02 19:53:35,419] {scheduler_job.py:629} INFO - Processing file /home/airflow/.local/lib/python3.6/site-packages/airflow/example_dags/example_python_operator.py for tasks to queue
[2024-07-02 19:53:35,419] {logging_mixin.py:104} INFO - [2024-07-02 19:53:35,419] {dagbag.py:451} INFO - Filling up the DagBag from /home/airflow/.local/lib/python3.6/site-packages/airflow/example_dags/example_python_operator.py
[2024-07-02 19:53:35,428] {scheduler_job.py:639} INFO - DAG(s) dict_keys(['example_python_operator']) retrieved from /home/airflow/.local/lib/python3.6/site-packages/airflow/example_dags/example_python_operator.py
[2024-07-02 19:53:35,444] {logging_mixin.py:104} INFO - [2024-07-02 19:53:35,444] {dag.py:1824} INFO - Sync 1 DAGs
[2024-07-02 19:53:35,455] {logging_mixin.py:104} INFO - [2024-07-02 19:53:35,455] {dag.py:2280} INFO - Setting next_dagrun for example_python_operator to None
[2024-07-02 19:53:35,462] {scheduler_job.py:190} INFO - Processing /home/airflow/.local/lib/python3.6/site-packages/airflow/example_dags/example_python_operator.py took 0.046 seconds
[2024-07-02 19:54:06,374] {scheduler_job.py:182} INFO - Started process (PID=123) to work on /home/airflow/.local/lib/python3.6/site-packages/airflow/example_dags/example_python_operator.py
[2024-07-02 19:54:06,375] {scheduler_job.py:629} INFO - Processing file /home/airflow/.local/lib/python3.6/site-packages/airflow/example_dags/example_python_operator.py for tasks to queue
[2024-07-02 19:54:06,375] {logging_mixin.py:104} INFO - [2024-07-02 19:54:06,375] {dagbag.py:451} INFO - Filling up the DagBag from /home/airflow/.local/lib/python3.6/site-packages/airflow/example_dags/example_python_operator.py
[2024-07-02 19:54:06,387] {scheduler_job.py:639} INFO - DAG(s) dict_keys(['example_python_operator']) retrieved from /home/airflow/.local/lib/python3.6/site-packages/airflow/example_dags/example_python_operator.py
[2024-07-02 19:54:06,406] {logging_mixin.py:104} INFO - [2024-07-02 19:54:06,406] {dag.py:1824} INFO - Sync 1 DAGs
[2024-07-02 19:54:06,420] {logging_mixin.py:104} INFO - [2024-07-02 19:54:06,420] {dag.py:2280} INFO - Setting next_dagrun for example_python_operator to None
[2024-07-02 19:54:06,430] {scheduler_job.py:190} INFO - Processing /home/airflow/.local/lib/python3.6/site-packages/airflow/example_dags/example_python_operator.py took 0.058 seconds
[2024-07-02 19:54:37,397] {scheduler_job.py:182} INFO - Started process (PID=149) to work on /home/airflow/.local/lib/python3.6/site-packages/airflow/example_dags/example_python_operator.py
[2024-07-02 19:54:37,398] {scheduler_job.py:629} INFO - Processing file /home/airflow/.local/lib/python3.6/site-packages/airflow/example_dags/example_python_operator.py for tasks to queue
[2024-07-02 19:54:37,398] {logging_mixin.py:104} INFO - [2024-07-02 19:54:37,398] {dagbag.py:451} INFO - Filling up the DagBag from /home/airflow/.local/lib/python3.6/site-packages/airflow/example_dags/example_python_operator.py
[2024-07-02 19:54:37,407] {scheduler_job.py:639} INFO - DAG(s) dict_keys(['example_python_operator']) retrieved from /home/airflow/.local/lib/python3.6/site-packages/airflow/example_dags/example_python_operator.py
[2024-07-02 19:54:37,422] {logging_mixin.py:104} INFO - [2024-07-02 19:54:37,422] {dag.py:1824} INFO - Sync 1 DAGs
[2024-07-02 19:54:37,433] {logging_mixin.py:104} INFO - [2024-07-02 19:54:37,433] {dag.py:2280} INFO - Setting next_dagrun for example_python_operator to None
[2024-07-02 19:54:37,442] {scheduler_job.py:190} INFO - Processing /home/airflow/.local/lib/python3.6/site-packages/airflow/example_dags/example_python_operator.py took 0.047 seconds
[2024-07-02 19:55:08,370] {scheduler_job.py:182} INFO - Started process (PID=175) to work on /home/airflow/.local/lib/python3.6/site-packages/airflow/example_dags/example_python_operator.py
[2024-07-02 19:55:08,370] {scheduler_job.py:629} INFO - Processing file /home/airflow/.local/lib/python3.6/site-packages/airflow/example_dags/example_python_operator.py for tasks to queue
[2024-07-02 19:55:08,371] {logging_mixin.py:104} INFO - [2024-07-02 19:55:08,371] {dagbag.py:451} INFO - Filling up the DagBag from /home/airflow/.local/lib/python3.6/site-packages/airflow/example_dags/example_python_operator.py
[2024-07-02 19:55:08,380] {scheduler_job.py:639} INFO - DAG(s) dict_keys(['example_python_operator']) retrieved from /home/airflow/.local/lib/python3.6/site-packages/airflow/example_dags/example_python_operator.py
[2024-07-02 19:55:08,395] {logging_mixin.py:104} INFO - [2024-07-02 19:55:08,395] {dag.py:1824} INFO - Sync 1 DAGs
[2024-07-02 19:55:08,406] {logging_mixin.py:104} INFO - [2024-07-02 19:55:08,406] {dag.py:2280} INFO - Setting next_dagrun for example_python_operator to None
[2024-07-02 19:55:08,414] {scheduler_job.py:190} INFO - Processing /home/airflow/.local/lib/python3.6/site-packages/airflow/example_dags/example_python_operator.py took 0.046 seconds
[2024-07-02 19:56:06,929] {scheduler_job.py:182} INFO - Started process (PID=51) to work on /home/airflow/.local/lib/python3.6/site-packages/airflow/example_dags/example_python_operator.py
[2024-07-02 19:56:06,930] {scheduler_job.py:629} INFO - Processing file /home/airflow/.local/lib/python3.6/site-packages/airflow/example_dags/example_python_operator.py for tasks to queue
[2024-07-02 19:56:06,931] {logging_mixin.py:104} INFO - [2024-07-02 19:56:06,931] {dagbag.py:451} INFO - Filling up the DagBag from /home/airflow/.local/lib/python3.6/site-packages/airflow/example_dags/example_python_operator.py
[2024-07-02 19:56:06,947] {scheduler_job.py:639} INFO - DAG(s) dict_keys(['example_python_operator']) retrieved from /home/airflow/.local/lib/python3.6/site-packages/airflow/example_dags/example_python_operator.py
[2024-07-02 19:56:06,971] {logging_mixin.py:104} INFO - [2024-07-02 19:56:06,971] {dag.py:1824} INFO - Sync 1 DAGs
[2024-07-02 19:56:06,989] {logging_mixin.py:104} INFO - [2024-07-02 19:56:06,989] {dag.py:2280} INFO - Setting next_dagrun for example_python_operator to None
[2024-07-02 19:56:07,002] {scheduler_job.py:190} INFO - Processing /home/airflow/.local/lib/python3.6/site-packages/airflow/example_dags/example_python_operator.py took 0.077 seconds
[2024-07-02 19:56:38,005] {scheduler_job.py:182} INFO - Started process (PID=77) to work on /home/airflow/.local/lib/python3.6/site-packages/airflow/example_dags/example_python_operator.py
[2024-07-02 19:56:38,006] {scheduler_job.py:629} INFO - Processing file /home/airflow/.local/lib/python3.6/site-packages/airflow/example_dags/example_python_operator.py for tasks to queue
[2024-07-02 19:56:38,007] {logging_mixin.py:104} INFO - [2024-07-02 19:56:38,006] {dagbag.py:451} INFO - Filling up the DagBag from /home/airflow/.local/lib/python3.6/site-packages/airflow/example_dags/example_python_operator.py
[2024-07-02 19:56:38,016] {scheduler_job.py:639} INFO - DAG(s) dict_keys(['example_python_operator']) retrieved from /home/airflow/.local/lib/python3.6/site-packages/airflow/example_dags/example_python_operator.py
[2024-07-02 19:56:38,031] {logging_mixin.py:104} INFO - [2024-07-02 19:56:38,031] {dag.py:1824} INFO - Sync 1 DAGs
[2024-07-02 19:56:38,043] {logging_mixin.py:104} INFO - [2024-07-02 19:56:38,042] {dag.py:2280} INFO - Setting next_dagrun for example_python_operator to None
[2024-07-02 19:56:38,050] {scheduler_job.py:190} INFO - Processing /home/airflow/.local/lib/python3.6/site-packages/airflow/example_dags/example_python_operator.py took 0.047 seconds
[2024-07-02 19:57:08,179] {scheduler_job.py:182} INFO - Started process (PID=103) to work on /home/airflow/.local/lib/python3.6/site-packages/airflow/example_dags/example_python_operator.py
[2024-07-02 19:57:08,180] {scheduler_job.py:629} INFO - Processing file /home/airflow/.local/lib/python3.6/site-packages/airflow/example_dags/example_python_operator.py for tasks to queue
[2024-07-02 19:57:08,181] {logging_mixin.py:104} INFO - [2024-07-02 19:57:08,181] {dagbag.py:451} INFO - Filling up the DagBag from /home/airflow/.local/lib/python3.6/site-packages/airflow/example_dags/example_python_operator.py
[2024-07-02 19:57:08,191] {scheduler_job.py:639} INFO - DAG(s) dict_keys(['example_python_operator']) retrieved from /home/airflow/.local/lib/python3.6/site-packages/airflow/example_dags/example_python_operator.py
[2024-07-02 19:57:08,207] {logging_mixin.py:104} INFO - [2024-07-02 19:57:08,207] {dag.py:1824} INFO - Sync 1 DAGs
[2024-07-02 19:57:08,217] {logging_mixin.py:104} INFO - [2024-07-02 19:57:08,217] {dag.py:2280} INFO - Setting next_dagrun for example_python_operator to None
[2024-07-02 19:57:08,225] {scheduler_job.py:190} INFO - Processing /home/airflow/.local/lib/python3.6/site-packages/airflow/example_dags/example_python_operator.py took 0.048 seconds
[2024-07-02 19:57:39,205] {scheduler_job.py:182} INFO - Started process (PID=129) to work on /home/airflow/.local/lib/python3.6/site-packages/airflow/example_dags/example_python_operator.py
[2024-07-02 19:57:39,205] {scheduler_job.py:629} INFO - Processing file /home/airflow/.local/lib/python3.6/site-packages/airflow/example_dags/example_python_operator.py for tasks to queue
[2024-07-02 19:57:39,206] {logging_mixin.py:104} INFO - [2024-07-02 19:57:39,206] {dagbag.py:451} INFO - Filling up the DagBag from /home/airflow/.local/lib/python3.6/site-packages/airflow/example_dags/example_python_operator.py
[2024-07-02 19:57:39,215] {scheduler_job.py:639} INFO - DAG(s) dict_keys(['example_python_operator']) retrieved from /home/airflow/.local/lib/python3.6/site-packages/airflow/example_dags/example_python_operator.py
[2024-07-02 19:57:39,230] {logging_mixin.py:104} INFO - [2024-07-02 19:57:39,230] {dag.py:1824} INFO - Sync 1 DAGs
[2024-07-02 19:57:39,241] {logging_mixin.py:104} INFO - [2024-07-02 19:57:39,241] {dag.py:2280} INFO - Setting next_dagrun for example_python_operator to None
[2024-07-02 19:57:39,249] {scheduler_job.py:190} INFO - Processing /home/airflow/.local/lib/python3.6/site-packages/airflow/example_dags/example_python_operator.py took 0.046 seconds
[2024-07-02 19:58:10,089] {scheduler_job.py:182} INFO - Started process (PID=155) to work on /home/airflow/.local/lib/python3.6/site-packages/airflow/example_dags/example_python_operator.py
[2024-07-02 19:58:10,090] {scheduler_job.py:629} INFO - Processing file /home/airflow/.local/lib/python3.6/site-packages/airflow/example_dags/example_python_operator.py for tasks to queue
[2024-07-02 19:58:10,090] {logging_mixin.py:104} INFO - [2024-07-02 19:58:10,090] {dagbag.py:451} INFO - Filling up the DagBag from /home/airflow/.local/lib/python3.6/site-packages/airflow/example_dags/example_python_operator.py
[2024-07-02 19:58:10,101] {scheduler_job.py:639} INFO - DAG(s) dict_keys(['example_python_operator']) retrieved from /home/airflow/.local/lib/python3.6/site-packages/airflow/example_dags/example_python_operator.py
[2024-07-02 19:58:10,117] {logging_mixin.py:104} INFO - [2024-07-02 19:58:10,117] {dag.py:1824} INFO - Sync 1 DAGs
[2024-07-02 19:58:10,129] {logging_mixin.py:104} INFO - [2024-07-02 19:58:10,129] {dag.py:2280} INFO - Setting next_dagrun for example_python_operator to None
[2024-07-02 19:58:10,137] {scheduler_job.py:190} INFO - Processing /home/airflow/.local/lib/python3.6/site-packages/airflow/example_dags/example_python_operator.py took 0.050 seconds
[2024-07-02 19:58:41,068] {scheduler_job.py:182} INFO - Started process (PID=181) to work on /home/airflow/.local/lib/python3.6/site-packages/airflow/example_dags/example_python_operator.py
[2024-07-02 19:58:41,069] {scheduler_job.py:629} INFO - Processing file /home/airflow/.local/lib/python3.6/site-packages/airflow/example_dags/example_python_operator.py for tasks to queue
[2024-07-02 19:58:41,069] {logging_mixin.py:104} INFO - [2024-07-02 19:58:41,069] {dagbag.py:451} INFO - Filling up the DagBag from /home/airflow/.local/lib/python3.6/site-packages/airflow/example_dags/example_python_operator.py
[2024-07-02 19:58:41,079] {scheduler_job.py:639} INFO - DAG(s) dict_keys(['example_python_operator']) retrieved from /home/airflow/.local/lib/python3.6/site-packages/airflow/example_dags/example_python_operator.py
[2024-07-02 19:58:41,096] {logging_mixin.py:104} INFO - [2024-07-02 19:58:41,096] {dag.py:1824} INFO - Sync 1 DAGs
[2024-07-02 19:58:41,108] {logging_mixin.py:104} INFO - [2024-07-02 19:58:41,108] {dag.py:2280} INFO - Setting next_dagrun for example_python_operator to None
[2024-07-02 19:58:41,116] {scheduler_job.py:190} INFO - Processing /home/airflow/.local/lib/python3.6/site-packages/airflow/example_dags/example_python_operator.py took 0.051 seconds
[2024-07-02 19:59:12,024] {scheduler_job.py:182} INFO - Started process (PID=207) to work on /home/airflow/.local/lib/python3.6/site-packages/airflow/example_dags/example_python_operator.py
[2024-07-02 19:59:12,024] {scheduler_job.py:629} INFO - Processing file /home/airflow/.local/lib/python3.6/site-packages/airflow/example_dags/example_python_operator.py for tasks to queue
[2024-07-02 19:59:12,025] {logging_mixin.py:104} INFO - [2024-07-02 19:59:12,024] {dagbag.py:451} INFO - Filling up the DagBag from /home/airflow/.local/lib/python3.6/site-packages/airflow/example_dags/example_python_operator.py
[2024-07-02 19:59:12,033] {scheduler_job.py:639} INFO - DAG(s) dict_keys(['example_python_operator']) retrieved from /home/airflow/.local/lib/python3.6/site-packages/airflow/example_dags/example_python_operator.py
[2024-07-02 19:59:12,049] {logging_mixin.py:104} INFO - [2024-07-02 19:59:12,048] {dag.py:1824} INFO - Sync 1 DAGs
[2024-07-02 19:59:12,061] {logging_mixin.py:104} INFO - [2024-07-02 19:59:12,061] {dag.py:2280} INFO - Setting next_dagrun for example_python_operator to None
[2024-07-02 19:59:12,070] {scheduler_job.py:190} INFO - Processing /home/airflow/.local/lib/python3.6/site-packages/airflow/example_dags/example_python_operator.py took 0.048 seconds
[2024-07-02 19:59:43,024] {scheduler_job.py:182} INFO - Started process (PID=233) to work on /home/airflow/.local/lib/python3.6/site-packages/airflow/example_dags/example_python_operator.py
[2024-07-02 19:59:43,025] {scheduler_job.py:629} INFO - Processing file /home/airflow/.local/lib/python3.6/site-packages/airflow/example_dags/example_python_operator.py for tasks to queue
[2024-07-02 19:59:43,025] {logging_mixin.py:104} INFO - [2024-07-02 19:59:43,025] {dagbag.py:451} INFO - Filling up the DagBag from /home/airflow/.local/lib/python3.6/site-packages/airflow/example_dags/example_python_operator.py
[2024-07-02 19:59:43,035] {scheduler_job.py:639} INFO - DAG(s) dict_keys(['example_python_operator']) retrieved from /home/airflow/.local/lib/python3.6/site-packages/airflow/example_dags/example_python_operator.py
[2024-07-02 19:59:43,051] {logging_mixin.py:104} INFO - [2024-07-02 19:59:43,051] {dag.py:1824} INFO - Sync 1 DAGs
[2024-07-02 19:59:43,062] {logging_mixin.py:104} INFO - [2024-07-02 19:59:43,062] {dag.py:2280} INFO - Setting next_dagrun for example_python_operator to None
[2024-07-02 19:59:43,073] {scheduler_job.py:190} INFO - Processing /home/airflow/.local/lib/python3.6/site-packages/airflow/example_dags/example_python_operator.py took 0.052 seconds
[2024-07-02 20:00:14,058] {scheduler_job.py:182} INFO - Started process (PID=259) to work on /home/airflow/.local/lib/python3.6/site-packages/airflow/example_dags/example_python_operator.py
[2024-07-02 20:00:14,058] {scheduler_job.py:629} INFO - Processing file /home/airflow/.local/lib/python3.6/site-packages/airflow/example_dags/example_python_operator.py for tasks to queue
[2024-07-02 20:00:14,059] {logging_mixin.py:104} INFO - [2024-07-02 20:00:14,059] {dagbag.py:451} INFO - Filling up the DagBag from /home/airflow/.local/lib/python3.6/site-packages/airflow/example_dags/example_python_operator.py
[2024-07-02 20:00:14,069] {scheduler_job.py:639} INFO - DAG(s) dict_keys(['example_python_operator']) retrieved from /home/airflow/.local/lib/python3.6/site-packages/airflow/example_dags/example_python_operator.py
[2024-07-02 20:00:14,085] {logging_mixin.py:104} INFO - [2024-07-02 20:00:14,085] {dag.py:1824} INFO - Sync 1 DAGs
[2024-07-02 20:00:14,096] {logging_mixin.py:104} INFO - [2024-07-02 20:00:14,096] {dag.py:2280} INFO - Setting next_dagrun for example_python_operator to None
[2024-07-02 20:00:14,105] {scheduler_job.py:190} INFO - Processing /home/airflow/.local/lib/python3.6/site-packages/airflow/example_dags/example_python_operator.py took 0.050 seconds
[2024-07-02 20:00:45,067] {scheduler_job.py:182} INFO - Started process (PID=285) to work on /home/airflow/.local/lib/python3.6/site-packages/airflow/example_dags/example_python_operator.py
[2024-07-02 20:00:45,068] {scheduler_job.py:629} INFO - Processing file /home/airflow/.local/lib/python3.6/site-packages/airflow/example_dags/example_python_operator.py for tasks to queue
[2024-07-02 20:00:45,068] {logging_mixin.py:104} INFO - [2024-07-02 20:00:45,068] {dagbag.py:451} INFO - Filling up the DagBag from /home/airflow/.local/lib/python3.6/site-packages/airflow/example_dags/example_python_operator.py
[2024-07-02 20:00:45,078] {scheduler_job.py:639} INFO - DAG(s) dict_keys(['example_python_operator']) retrieved from /home/airflow/.local/lib/python3.6/site-packages/airflow/example_dags/example_python_operator.py
[2024-07-02 20:00:45,099] {logging_mixin.py:104} INFO - [2024-07-02 20:00:45,099] {dag.py:1824} INFO - Sync 1 DAGs
[2024-07-02 20:00:45,111] {logging_mixin.py:104} INFO - [2024-07-02 20:00:45,111] {dag.py:2280} INFO - Setting next_dagrun for example_python_operator to None
[2024-07-02 20:00:45,122] {scheduler_job.py:190} INFO - Processing /home/airflow/.local/lib/python3.6/site-packages/airflow/example_dags/example_python_operator.py took 0.057 seconds
[2024-07-02 20:01:16,098] {scheduler_job.py:182} INFO - Started process (PID=311) to work on /home/airflow/.local/lib/python3.6/site-packages/airflow/example_dags/example_python_operator.py
[2024-07-02 20:01:16,098] {scheduler_job.py:629} INFO - Processing file /home/airflow/.local/lib/python3.6/site-packages/airflow/example_dags/example_python_operator.py for tasks to queue
[2024-07-02 20:01:16,099] {logging_mixin.py:104} INFO - [2024-07-02 20:01:16,099] {dagbag.py:451} INFO - Filling up the DagBag from /home/airflow/.local/lib/python3.6/site-packages/airflow/example_dags/example_python_operator.py
[2024-07-02 20:01:16,108] {scheduler_job.py:639} INFO - DAG(s) dict_keys(['example_python_operator']) retrieved from /home/airflow/.local/lib/python3.6/site-packages/airflow/example_dags/example_python_operator.py
[2024-07-02 20:01:16,123] {logging_mixin.py:104} INFO - [2024-07-02 20:01:16,123] {dag.py:1824} INFO - Sync 1 DAGs
[2024-07-02 20:01:16,134] {logging_mixin.py:104} INFO - [2024-07-02 20:01:16,134] {dag.py:2280} INFO - Setting next_dagrun for example_python_operator to None
[2024-07-02 20:01:16,143] {scheduler_job.py:190} INFO - Processing /home/airflow/.local/lib/python3.6/site-packages/airflow/example_dags/example_python_operator.py took 0.048 seconds
[2024-07-02 20:01:47,103] {scheduler_job.py:182} INFO - Started process (PID=337) to work on /home/airflow/.local/lib/python3.6/site-packages/airflow/example_dags/example_python_operator.py
[2024-07-02 20:01:47,104] {scheduler_job.py:629} INFO - Processing file /home/airflow/.local/lib/python3.6/site-packages/airflow/example_dags/example_python_operator.py for tasks to queue
[2024-07-02 20:01:47,104] {logging_mixin.py:104} INFO - [2024-07-02 20:01:47,104] {dagbag.py:451} INFO - Filling up the DagBag from /home/airflow/.local/lib/python3.6/site-packages/airflow/example_dags/example_python_operator.py
[2024-07-02 20:01:47,114] {scheduler_job.py:639} INFO - DAG(s) dict_keys(['example_python_operator']) retrieved from /home/airflow/.local/lib/python3.6/site-packages/airflow/example_dags/example_python_operator.py
[2024-07-02 20:01:47,130] {logging_mixin.py:104} INFO - [2024-07-02 20:01:47,130] {dag.py:1824} INFO - Sync 1 DAGs
[2024-07-02 20:01:47,141] {logging_mixin.py:104} INFO - [2024-07-02 20:01:47,140] {dag.py:2280} INFO - Setting next_dagrun for example_python_operator to None
[2024-07-02 20:01:47,149] {scheduler_job.py:190} INFO - Processing /home/airflow/.local/lib/python3.6/site-packages/airflow/example_dags/example_python_operator.py took 0.048 seconds
[2024-07-02 20:02:17,241] {scheduler_job.py:182} INFO - Started process (PID=363) to work on /home/airflow/.local/lib/python3.6/site-packages/airflow/example_dags/example_python_operator.py
[2024-07-02 20:02:17,242] {scheduler_job.py:629} INFO - Processing file /home/airflow/.local/lib/python3.6/site-packages/airflow/example_dags/example_python_operator.py for tasks to queue
[2024-07-02 20:02:17,242] {logging_mixin.py:104} INFO - [2024-07-02 20:02:17,242] {dagbag.py:451} INFO - Filling up the DagBag from /home/airflow/.local/lib/python3.6/site-packages/airflow/example_dags/example_python_operator.py
[2024-07-02 20:02:17,253] {scheduler_job.py:639} INFO - DAG(s) dict_keys(['example_python_operator']) retrieved from /home/airflow/.local/lib/python3.6/site-packages/airflow/example_dags/example_python_operator.py
[2024-07-02 20:02:17,271] {logging_mixin.py:104} INFO - [2024-07-02 20:02:17,271] {dag.py:1824} INFO - Sync 1 DAGs
[2024-07-02 20:02:17,285] {logging_mixin.py:104} INFO - [2024-07-02 20:02:17,285] {dag.py:2280} INFO - Setting next_dagrun for example_python_operator to None
[2024-07-02 20:02:17,299] {scheduler_job.py:190} INFO - Processing /home/airflow/.local/lib/python3.6/site-packages/airflow/example_dags/example_python_operator.py took 0.061 seconds
[2024-07-02 20:02:47,366] {scheduler_job.py:182} INFO - Started process (PID=389) to work on /home/airflow/.local/lib/python3.6/site-packages/airflow/example_dags/example_python_operator.py
[2024-07-02 20:02:47,366] {scheduler_job.py:629} INFO - Processing file /home/airflow/.local/lib/python3.6/site-packages/airflow/example_dags/example_python_operator.py for tasks to queue
[2024-07-02 20:02:47,367] {logging_mixin.py:104} INFO - [2024-07-02 20:02:47,367] {dagbag.py:451} INFO - Filling up the DagBag from /home/airflow/.local/lib/python3.6/site-packages/airflow/example_dags/example_python_operator.py
[2024-07-02 20:02:47,376] {scheduler_job.py:639} INFO - DAG(s) dict_keys(['example_python_operator']) retrieved from /home/airflow/.local/lib/python3.6/site-packages/airflow/example_dags/example_python_operator.py
[2024-07-02 20:02:47,391] {logging_mixin.py:104} INFO - [2024-07-02 20:02:47,391] {dag.py:1824} INFO - Sync 1 DAGs
[2024-07-02 20:02:47,402] {logging_mixin.py:104} INFO - [2024-07-02 20:02:47,402] {dag.py:2280} INFO - Setting next_dagrun for example_python_operator to None
[2024-07-02 20:02:47,411] {scheduler_job.py:190} INFO - Processing /home/airflow/.local/lib/python3.6/site-packages/airflow/example_dags/example_python_operator.py took 0.048 seconds
[2024-07-02 20:03:17,470] {scheduler_job.py:182} INFO - Started process (PID=415) to work on /home/airflow/.local/lib/python3.6/site-packages/airflow/example_dags/example_python_operator.py
[2024-07-02 20:03:17,471] {scheduler_job.py:629} INFO - Processing file /home/airflow/.local/lib/python3.6/site-packages/airflow/example_dags/example_python_operator.py for tasks to queue
[2024-07-02 20:03:17,472] {logging_mixin.py:104} INFO - [2024-07-02 20:03:17,471] {dagbag.py:451} INFO - Filling up the DagBag from /home/airflow/.local/lib/python3.6/site-packages/airflow/example_dags/example_python_operator.py
[2024-07-02 20:03:17,481] {scheduler_job.py:639} INFO - DAG(s) dict_keys(['example_python_operator']) retrieved from /home/airflow/.local/lib/python3.6/site-packages/airflow/example_dags/example_python_operator.py
[2024-07-02 20:03:17,501] {logging_mixin.py:104} INFO - [2024-07-02 20:03:17,501] {dag.py:1824} INFO - Sync 1 DAGs
[2024-07-02 20:03:17,514] {logging_mixin.py:104} INFO - [2024-07-02 20:03:17,514] {dag.py:2280} INFO - Setting next_dagrun for example_python_operator to None
[2024-07-02 20:03:17,524] {scheduler_job.py:190} INFO - Processing /home/airflow/.local/lib/python3.6/site-packages/airflow/example_dags/example_python_operator.py took 0.056 seconds
[2024-07-02 20:03:47,611] {scheduler_job.py:182} INFO - Started process (PID=441) to work on /home/airflow/.local/lib/python3.6/site-packages/airflow/example_dags/example_python_operator.py
[2024-07-02 20:03:47,612] {scheduler_job.py:629} INFO - Processing file /home/airflow/.local/lib/python3.6/site-packages/airflow/example_dags/example_python_operator.py for tasks to queue
[2024-07-02 20:03:47,613] {logging_mixin.py:104} INFO - [2024-07-02 20:03:47,613] {dagbag.py:451} INFO - Filling up the DagBag from /home/airflow/.local/lib/python3.6/site-packages/airflow/example_dags/example_python_operator.py
[2024-07-02 20:03:47,625] {scheduler_job.py:639} INFO - DAG(s) dict_keys(['example_python_operator']) retrieved from /home/airflow/.local/lib/python3.6/site-packages/airflow/example_dags/example_python_operator.py
[2024-07-02 20:03:47,643] {logging_mixin.py:104} INFO - [2024-07-02 20:03:47,643] {dag.py:1824} INFO - Sync 1 DAGs
[2024-07-02 20:03:47,655] {logging_mixin.py:104} INFO - [2024-07-02 20:03:47,655] {dag.py:2280} INFO - Setting next_dagrun for example_python_operator to None
[2024-07-02 20:03:47,668] {scheduler_job.py:190} INFO - Processing /home/airflow/.local/lib/python3.6/site-packages/airflow/example_dags/example_python_operator.py took 0.060 seconds
[2024-07-02 20:04:17,722] {scheduler_job.py:182} INFO - Started process (PID=467) to work on /home/airflow/.local/lib/python3.6/site-packages/airflow/example_dags/example_python_operator.py
[2024-07-02 20:04:17,723] {scheduler_job.py:629} INFO - Processing file /home/airflow/.local/lib/python3.6/site-packages/airflow/example_dags/example_python_operator.py for tasks to queue
[2024-07-02 20:04:17,724] {logging_mixin.py:104} INFO - [2024-07-02 20:04:17,724] {dagbag.py:451} INFO - Filling up the DagBag from /home/airflow/.local/lib/python3.6/site-packages/airflow/example_dags/example_python_operator.py
[2024-07-02 20:04:17,735] {scheduler_job.py:639} INFO - DAG(s) dict_keys(['example_python_operator']) retrieved from /home/airflow/.local/lib/python3.6/site-packages/airflow/example_dags/example_python_operator.py
[2024-07-02 20:04:17,751] {logging_mixin.py:104} INFO - [2024-07-02 20:04:17,751] {dag.py:1824} INFO - Sync 1 DAGs
[2024-07-02 20:04:17,762] {logging_mixin.py:104} INFO - [2024-07-02 20:04:17,762] {dag.py:2280} INFO - Setting next_dagrun for example_python_operator to None
[2024-07-02 20:04:17,773] {scheduler_job.py:190} INFO - Processing /home/airflow/.local/lib/python3.6/site-packages/airflow/example_dags/example_python_operator.py took 0.054 seconds
[2024-07-02 20:04:47,819] {scheduler_job.py:182} INFO - Started process (PID=492) to work on /home/airflow/.local/lib/python3.6/site-packages/airflow/example_dags/example_python_operator.py
[2024-07-02 20:04:47,820] {scheduler_job.py:629} INFO - Processing file /home/airflow/.local/lib/python3.6/site-packages/airflow/example_dags/example_python_operator.py for tasks to queue
[2024-07-02 20:04:47,820] {logging_mixin.py:104} INFO - [2024-07-02 20:04:47,820] {dagbag.py:451} INFO - Filling up the DagBag from /home/airflow/.local/lib/python3.6/site-packages/airflow/example_dags/example_python_operator.py
[2024-07-02 20:04:47,829] {scheduler_job.py:639} INFO - DAG(s) dict_keys(['example_python_operator']) retrieved from /home/airflow/.local/lib/python3.6/site-packages/airflow/example_dags/example_python_operator.py
[2024-07-02 20:04:47,847] {logging_mixin.py:104} INFO - [2024-07-02 20:04:47,847] {dag.py:1824} INFO - Sync 1 DAGs
[2024-07-02 20:04:47,861] {logging_mixin.py:104} INFO - [2024-07-02 20:04:47,861] {dag.py:2280} INFO - Setting next_dagrun for example_python_operator to None
[2024-07-02 20:04:47,873] {scheduler_job.py:190} INFO - Processing /home/airflow/.local/lib/python3.6/site-packages/airflow/example_dags/example_python_operator.py took 0.056 seconds
[2024-07-02 20:05:18,901] {scheduler_job.py:182} INFO - Started process (PID=519) to work on /home/airflow/.local/lib/python3.6/site-packages/airflow/example_dags/example_python_operator.py
[2024-07-02 20:05:18,902] {scheduler_job.py:629} INFO - Processing file /home/airflow/.local/lib/python3.6/site-packages/airflow/example_dags/example_python_operator.py for tasks to queue
[2024-07-02 20:05:18,902] {logging_mixin.py:104} INFO - [2024-07-02 20:05:18,902] {dagbag.py:451} INFO - Filling up the DagBag from /home/airflow/.local/lib/python3.6/site-packages/airflow/example_dags/example_python_operator.py
[2024-07-02 20:05:18,911] {scheduler_job.py:639} INFO - DAG(s) dict_keys(['example_python_operator']) retrieved from /home/airflow/.local/lib/python3.6/site-packages/airflow/example_dags/example_python_operator.py
[2024-07-02 20:05:18,926] {logging_mixin.py:104} INFO - [2024-07-02 20:05:18,926] {dag.py:1824} INFO - Sync 1 DAGs
[2024-07-02 20:05:18,938] {logging_mixin.py:104} INFO - [2024-07-02 20:05:18,938] {dag.py:2280} INFO - Setting next_dagrun for example_python_operator to None
[2024-07-02 20:05:18,947] {scheduler_job.py:190} INFO - Processing /home/airflow/.local/lib/python3.6/site-packages/airflow/example_dags/example_python_operator.py took 0.048 seconds
[2024-07-02 20:05:49,823] {scheduler_job.py:182} INFO - Started process (PID=545) to work on /home/airflow/.local/lib/python3.6/site-packages/airflow/example_dags/example_python_operator.py
[2024-07-02 20:05:49,824] {scheduler_job.py:629} INFO - Processing file /home/airflow/.local/lib/python3.6/site-packages/airflow/example_dags/example_python_operator.py for tasks to queue
[2024-07-02 20:05:49,824] {logging_mixin.py:104} INFO - [2024-07-02 20:05:49,824] {dagbag.py:451} INFO - Filling up the DagBag from /home/airflow/.local/lib/python3.6/site-packages/airflow/example_dags/example_python_operator.py
[2024-07-02 20:05:49,833] {scheduler_job.py:639} INFO - DAG(s) dict_keys(['example_python_operator']) retrieved from /home/airflow/.local/lib/python3.6/site-packages/airflow/example_dags/example_python_operator.py
[2024-07-02 20:05:49,848] {logging_mixin.py:104} INFO - [2024-07-02 20:05:49,848] {dag.py:1824} INFO - Sync 1 DAGs
[2024-07-02 20:05:49,860] {logging_mixin.py:104} INFO - [2024-07-02 20:05:49,860] {dag.py:2280} INFO - Setting next_dagrun for example_python_operator to None
[2024-07-02 20:05:49,870] {scheduler_job.py:190} INFO - Processing /home/airflow/.local/lib/python3.6/site-packages/airflow/example_dags/example_python_operator.py took 0.049 seconds
[2024-07-02 20:06:20,730] {scheduler_job.py:182} INFO - Started process (PID=571) to work on /home/airflow/.local/lib/python3.6/site-packages/airflow/example_dags/example_python_operator.py
[2024-07-02 20:06:20,730] {scheduler_job.py:629} INFO - Processing file /home/airflow/.local/lib/python3.6/site-packages/airflow/example_dags/example_python_operator.py for tasks to queue
[2024-07-02 20:06:20,731] {logging_mixin.py:104} INFO - [2024-07-02 20:06:20,731] {dagbag.py:451} INFO - Filling up the DagBag from /home/airflow/.local/lib/python3.6/site-packages/airflow/example_dags/example_python_operator.py
[2024-07-02 20:06:20,740] {scheduler_job.py:639} INFO - DAG(s) dict_keys(['example_python_operator']) retrieved from /home/airflow/.local/lib/python3.6/site-packages/airflow/example_dags/example_python_operator.py
[2024-07-02 20:06:20,756] {logging_mixin.py:104} INFO - [2024-07-02 20:06:20,756] {dag.py:1824} INFO - Sync 1 DAGs
[2024-07-02 20:06:20,767] {logging_mixin.py:104} INFO - [2024-07-02 20:06:20,767] {dag.py:2280} INFO - Setting next_dagrun for example_python_operator to None
[2024-07-02 20:06:20,777] {scheduler_job.py:190} INFO - Processing /home/airflow/.local/lib/python3.6/site-packages/airflow/example_dags/example_python_operator.py took 0.049 seconds
[2024-07-02 20:06:51,790] {scheduler_job.py:182} INFO - Started process (PID=597) to work on /home/airflow/.local/lib/python3.6/site-packages/airflow/example_dags/example_python_operator.py
[2024-07-02 20:06:51,791] {scheduler_job.py:629} INFO - Processing file /home/airflow/.local/lib/python3.6/site-packages/airflow/example_dags/example_python_operator.py for tasks to queue
[2024-07-02 20:06:51,792] {logging_mixin.py:104} INFO - [2024-07-02 20:06:51,792] {dagbag.py:451} INFO - Filling up the DagBag from /home/airflow/.local/lib/python3.6/site-packages/airflow/example_dags/example_python_operator.py
[2024-07-02 20:06:51,804] {scheduler_job.py:639} INFO - DAG(s) dict_keys(['example_python_operator']) retrieved from /home/airflow/.local/lib/python3.6/site-packages/airflow/example_dags/example_python_operator.py
[2024-07-02 20:06:51,821] {logging_mixin.py:104} INFO - [2024-07-02 20:06:51,821] {dag.py:1824} INFO - Sync 1 DAGs
[2024-07-02 20:06:51,833] {logging_mixin.py:104} INFO - [2024-07-02 20:06:51,833] {dag.py:2280} INFO - Setting next_dagrun for example_python_operator to None
[2024-07-02 20:06:51,844] {scheduler_job.py:190} INFO - Processing /home/airflow/.local/lib/python3.6/site-packages/airflow/example_dags/example_python_operator.py took 0.056 seconds
[2024-07-02 20:07:22,837] {scheduler_job.py:182} INFO - Started process (PID=623) to work on /home/airflow/.local/lib/python3.6/site-packages/airflow/example_dags/example_python_operator.py
[2024-07-02 20:07:22,837] {scheduler_job.py:629} INFO - Processing file /home/airflow/.local/lib/python3.6/site-packages/airflow/example_dags/example_python_operator.py for tasks to queue
[2024-07-02 20:07:22,838] {logging_mixin.py:104} INFO - [2024-07-02 20:07:22,838] {dagbag.py:451} INFO - Filling up the DagBag from /home/airflow/.local/lib/python3.6/site-packages/airflow/example_dags/example_python_operator.py
[2024-07-02 20:07:22,847] {scheduler_job.py:639} INFO - DAG(s) dict_keys(['example_python_operator']) retrieved from /home/airflow/.local/lib/python3.6/site-packages/airflow/example_dags/example_python_operator.py
[2024-07-02 20:07:22,862] {logging_mixin.py:104} INFO - [2024-07-02 20:07:22,862] {dag.py:1824} INFO - Sync 1 DAGs
[2024-07-02 20:07:22,873] {logging_mixin.py:104} INFO - [2024-07-02 20:07:22,873] {dag.py:2280} INFO - Setting next_dagrun for example_python_operator to None
[2024-07-02 20:07:22,882] {scheduler_job.py:190} INFO - Processing /home/airflow/.local/lib/python3.6/site-packages/airflow/example_dags/example_python_operator.py took 0.048 seconds
