[2024-07-02 19:52:33,362] {scheduler_job.py:182} INFO - Started process (PID=33) to work on /home/airflow/.local/lib/python3.6/site-packages/airflow/example_dags/example_latest_only_with_trigger.py
[2024-07-02 19:52:33,364] {scheduler_job.py:629} INFO - Processing file /home/airflow/.local/lib/python3.6/site-packages/airflow/example_dags/example_latest_only_with_trigger.py for tasks to queue
[2024-07-02 19:52:33,364] {logging_mixin.py:104} INFO - [2024-07-02 19:52:33,364] {dagbag.py:451} INFO - Filling up the DagBag from /home/airflow/.local/lib/python3.6/site-packages/airflow/example_dags/example_latest_only_with_trigger.py
[2024-07-02 19:52:33,390] {scheduler_job.py:639} INFO - DAG(s) dict_keys(['latest_only_with_trigger']) retrieved from /home/airflow/.local/lib/python3.6/site-packages/airflow/example_dags/example_latest_only_with_trigger.py
[2024-07-02 19:52:33,421] {logging_mixin.py:104} INFO - [2024-07-02 19:52:33,421] {dag.py:1824} INFO - Sync 1 DAGs
[2024-07-02 19:52:33,435] {logging_mixin.py:104} INFO - [2024-07-02 19:52:33,434] {dag.py:1843} INFO - Creating ORM DAG for latest_only_with_trigger
[2024-07-02 19:52:33,443] {logging_mixin.py:104} INFO - [2024-07-02 19:52:33,442] {dag.py:2280} INFO - Setting next_dagrun for latest_only_with_trigger to 2024-06-30 00:00:00+00:00
[2024-07-02 19:52:33,461] {scheduler_job.py:190} INFO - Processing /home/airflow/.local/lib/python3.6/site-packages/airflow/example_dags/example_latest_only_with_trigger.py took 0.103 seconds
[2024-07-02 19:53:04,195] {scheduler_job.py:182} INFO - Started process (PID=60) to work on /home/airflow/.local/lib/python3.6/site-packages/airflow/example_dags/example_latest_only_with_trigger.py
[2024-07-02 19:53:04,196] {scheduler_job.py:629} INFO - Processing file /home/airflow/.local/lib/python3.6/site-packages/airflow/example_dags/example_latest_only_with_trigger.py for tasks to queue
[2024-07-02 19:53:04,196] {logging_mixin.py:104} INFO - [2024-07-02 19:53:04,196] {dagbag.py:451} INFO - Filling up the DagBag from /home/airflow/.local/lib/python3.6/site-packages/airflow/example_dags/example_latest_only_with_trigger.py
[2024-07-02 19:53:04,204] {scheduler_job.py:639} INFO - DAG(s) dict_keys(['latest_only_with_trigger']) retrieved from /home/airflow/.local/lib/python3.6/site-packages/airflow/example_dags/example_latest_only_with_trigger.py
[2024-07-02 19:53:04,219] {logging_mixin.py:104} INFO - [2024-07-02 19:53:04,219] {dag.py:1824} INFO - Sync 1 DAGs
[2024-07-02 19:53:04,230] {logging_mixin.py:104} INFO - [2024-07-02 19:53:04,230] {dag.py:2280} INFO - Setting next_dagrun for latest_only_with_trigger to 2024-06-30 00:00:00+00:00
[2024-07-02 19:53:04,238] {scheduler_job.py:190} INFO - Processing /home/airflow/.local/lib/python3.6/site-packages/airflow/example_dags/example_latest_only_with_trigger.py took 0.045 seconds
[2024-07-02 19:53:35,062] {scheduler_job.py:182} INFO - Started process (PID=85) to work on /home/airflow/.local/lib/python3.6/site-packages/airflow/example_dags/example_latest_only_with_trigger.py
[2024-07-02 19:53:35,063] {scheduler_job.py:629} INFO - Processing file /home/airflow/.local/lib/python3.6/site-packages/airflow/example_dags/example_latest_only_with_trigger.py for tasks to queue
[2024-07-02 19:53:35,063] {logging_mixin.py:104} INFO - [2024-07-02 19:53:35,063] {dagbag.py:451} INFO - Filling up the DagBag from /home/airflow/.local/lib/python3.6/site-packages/airflow/example_dags/example_latest_only_with_trigger.py
[2024-07-02 19:53:35,070] {scheduler_job.py:639} INFO - DAG(s) dict_keys(['latest_only_with_trigger']) retrieved from /home/airflow/.local/lib/python3.6/site-packages/airflow/example_dags/example_latest_only_with_trigger.py
[2024-07-02 19:53:35,085] {logging_mixin.py:104} INFO - [2024-07-02 19:53:35,085] {dag.py:1824} INFO - Sync 1 DAGs
[2024-07-02 19:53:35,096] {logging_mixin.py:104} INFO - [2024-07-02 19:53:35,095] {dag.py:2280} INFO - Setting next_dagrun for latest_only_with_trigger to 2024-06-30 00:00:00+00:00
[2024-07-02 19:53:35,103] {scheduler_job.py:190} INFO - Processing /home/airflow/.local/lib/python3.6/site-packages/airflow/example_dags/example_latest_only_with_trigger.py took 0.043 seconds
[2024-07-02 19:54:06,017] {scheduler_job.py:182} INFO - Started process (PID=111) to work on /home/airflow/.local/lib/python3.6/site-packages/airflow/example_dags/example_latest_only_with_trigger.py
[2024-07-02 19:54:06,018] {scheduler_job.py:629} INFO - Processing file /home/airflow/.local/lib/python3.6/site-packages/airflow/example_dags/example_latest_only_with_trigger.py for tasks to queue
[2024-07-02 19:54:06,018] {logging_mixin.py:104} INFO - [2024-07-02 19:54:06,018] {dagbag.py:451} INFO - Filling up the DagBag from /home/airflow/.local/lib/python3.6/site-packages/airflow/example_dags/example_latest_only_with_trigger.py
[2024-07-02 19:54:06,026] {scheduler_job.py:639} INFO - DAG(s) dict_keys(['latest_only_with_trigger']) retrieved from /home/airflow/.local/lib/python3.6/site-packages/airflow/example_dags/example_latest_only_with_trigger.py
[2024-07-02 19:54:06,040] {logging_mixin.py:104} INFO - [2024-07-02 19:54:06,040] {dag.py:1824} INFO - Sync 1 DAGs
[2024-07-02 19:54:06,050] {logging_mixin.py:104} INFO - [2024-07-02 19:54:06,050] {dag.py:2280} INFO - Setting next_dagrun for latest_only_with_trigger to 2024-06-30 00:00:00+00:00
[2024-07-02 19:54:06,057] {scheduler_job.py:190} INFO - Processing /home/airflow/.local/lib/python3.6/site-packages/airflow/example_dags/example_latest_only_with_trigger.py took 0.042 seconds
[2024-07-02 19:54:36,994] {scheduler_job.py:182} INFO - Started process (PID=137) to work on /home/airflow/.local/lib/python3.6/site-packages/airflow/example_dags/example_latest_only_with_trigger.py
[2024-07-02 19:54:36,995] {scheduler_job.py:629} INFO - Processing file /home/airflow/.local/lib/python3.6/site-packages/airflow/example_dags/example_latest_only_with_trigger.py for tasks to queue
[2024-07-02 19:54:36,996] {logging_mixin.py:104} INFO - [2024-07-02 19:54:36,996] {dagbag.py:451} INFO - Filling up the DagBag from /home/airflow/.local/lib/python3.6/site-packages/airflow/example_dags/example_latest_only_with_trigger.py
[2024-07-02 19:54:37,008] {scheduler_job.py:639} INFO - DAG(s) dict_keys(['latest_only_with_trigger']) retrieved from /home/airflow/.local/lib/python3.6/site-packages/airflow/example_dags/example_latest_only_with_trigger.py
[2024-07-02 19:54:37,026] {logging_mixin.py:104} INFO - [2024-07-02 19:54:37,026] {dag.py:1824} INFO - Sync 1 DAGs
[2024-07-02 19:54:37,042] {logging_mixin.py:104} INFO - [2024-07-02 19:54:37,041] {dag.py:2280} INFO - Setting next_dagrun for latest_only_with_trigger to 2024-06-30 00:00:00+00:00
[2024-07-02 19:54:37,051] {scheduler_job.py:190} INFO - Processing /home/airflow/.local/lib/python3.6/site-packages/airflow/example_dags/example_latest_only_with_trigger.py took 0.059 seconds
[2024-07-02 19:55:08,022] {scheduler_job.py:182} INFO - Started process (PID=163) to work on /home/airflow/.local/lib/python3.6/site-packages/airflow/example_dags/example_latest_only_with_trigger.py
[2024-07-02 19:55:08,023] {scheduler_job.py:629} INFO - Processing file /home/airflow/.local/lib/python3.6/site-packages/airflow/example_dags/example_latest_only_with_trigger.py for tasks to queue
[2024-07-02 19:55:08,023] {logging_mixin.py:104} INFO - [2024-07-02 19:55:08,023] {dagbag.py:451} INFO - Filling up the DagBag from /home/airflow/.local/lib/python3.6/site-packages/airflow/example_dags/example_latest_only_with_trigger.py
[2024-07-02 19:55:08,031] {scheduler_job.py:639} INFO - DAG(s) dict_keys(['latest_only_with_trigger']) retrieved from /home/airflow/.local/lib/python3.6/site-packages/airflow/example_dags/example_latest_only_with_trigger.py
[2024-07-02 19:55:08,048] {logging_mixin.py:104} INFO - [2024-07-02 19:55:08,048] {dag.py:1824} INFO - Sync 1 DAGs
[2024-07-02 19:55:08,060] {logging_mixin.py:104} INFO - [2024-07-02 19:55:08,059] {dag.py:2280} INFO - Setting next_dagrun for latest_only_with_trigger to 2024-06-30 00:00:00+00:00
[2024-07-02 19:55:08,067] {scheduler_job.py:190} INFO - Processing /home/airflow/.local/lib/python3.6/site-packages/airflow/example_dags/example_latest_only_with_trigger.py took 0.047 seconds
[2024-07-02 19:56:07,120] {scheduler_job.py:182} INFO - Started process (PID=56) to work on /home/airflow/.local/lib/python3.6/site-packages/airflow/example_dags/example_latest_only_with_trigger.py
[2024-07-02 19:56:07,121] {scheduler_job.py:629} INFO - Processing file /home/airflow/.local/lib/python3.6/site-packages/airflow/example_dags/example_latest_only_with_trigger.py for tasks to queue
[2024-07-02 19:56:07,122] {logging_mixin.py:104} INFO - [2024-07-02 19:56:07,121] {dagbag.py:451} INFO - Filling up the DagBag from /home/airflow/.local/lib/python3.6/site-packages/airflow/example_dags/example_latest_only_with_trigger.py
[2024-07-02 19:56:07,132] {scheduler_job.py:639} INFO - DAG(s) dict_keys(['latest_only_with_trigger']) retrieved from /home/airflow/.local/lib/python3.6/site-packages/airflow/example_dags/example_latest_only_with_trigger.py
[2024-07-02 19:56:07,156] {logging_mixin.py:104} INFO - [2024-07-02 19:56:07,155] {dag.py:1824} INFO - Sync 1 DAGs
[2024-07-02 19:56:07,173] {logging_mixin.py:104} INFO - [2024-07-02 19:56:07,173] {dag.py:2280} INFO - Setting next_dagrun for latest_only_with_trigger to 2024-06-30 00:00:00+00:00
[2024-07-02 19:56:07,182] {scheduler_job.py:190} INFO - Processing /home/airflow/.local/lib/python3.6/site-packages/airflow/example_dags/example_latest_only_with_trigger.py took 0.066 seconds
[2024-07-02 19:56:38,281] {scheduler_job.py:182} INFO - Started process (PID=82) to work on /home/airflow/.local/lib/python3.6/site-packages/airflow/example_dags/example_latest_only_with_trigger.py
[2024-07-02 19:56:38,282] {scheduler_job.py:629} INFO - Processing file /home/airflow/.local/lib/python3.6/site-packages/airflow/example_dags/example_latest_only_with_trigger.py for tasks to queue
[2024-07-02 19:56:38,283] {logging_mixin.py:104} INFO - [2024-07-02 19:56:38,283] {dagbag.py:451} INFO - Filling up the DagBag from /home/airflow/.local/lib/python3.6/site-packages/airflow/example_dags/example_latest_only_with_trigger.py
[2024-07-02 19:56:38,298] {scheduler_job.py:639} INFO - DAG(s) dict_keys(['latest_only_with_trigger']) retrieved from /home/airflow/.local/lib/python3.6/site-packages/airflow/example_dags/example_latest_only_with_trigger.py
[2024-07-02 19:56:38,324] {logging_mixin.py:104} INFO - [2024-07-02 19:56:38,324] {dag.py:1824} INFO - Sync 1 DAGs
[2024-07-02 19:56:38,340] {logging_mixin.py:104} INFO - [2024-07-02 19:56:38,340] {dag.py:2280} INFO - Setting next_dagrun for latest_only_with_trigger to 2024-06-30 00:00:00+00:00
[2024-07-02 19:56:38,351] {scheduler_job.py:190} INFO - Processing /home/airflow/.local/lib/python3.6/site-packages/airflow/example_dags/example_latest_only_with_trigger.py took 0.073 seconds
[2024-07-02 19:57:09,318] {scheduler_job.py:182} INFO - Started process (PID=108) to work on /home/airflow/.local/lib/python3.6/site-packages/airflow/example_dags/example_latest_only_with_trigger.py
[2024-07-02 19:57:09,320] {scheduler_job.py:629} INFO - Processing file /home/airflow/.local/lib/python3.6/site-packages/airflow/example_dags/example_latest_only_with_trigger.py for tasks to queue
[2024-07-02 19:57:09,320] {logging_mixin.py:104} INFO - [2024-07-02 19:57:09,320] {dagbag.py:451} INFO - Filling up the DagBag from /home/airflow/.local/lib/python3.6/site-packages/airflow/example_dags/example_latest_only_with_trigger.py
[2024-07-02 19:57:09,338] {scheduler_job.py:639} INFO - DAG(s) dict_keys(['latest_only_with_trigger']) retrieved from /home/airflow/.local/lib/python3.6/site-packages/airflow/example_dags/example_latest_only_with_trigger.py
[2024-07-02 19:57:09,372] {logging_mixin.py:104} INFO - [2024-07-02 19:57:09,372] {dag.py:1824} INFO - Sync 1 DAGs
[2024-07-02 19:57:09,395] {logging_mixin.py:104} INFO - [2024-07-02 19:57:09,395] {dag.py:2280} INFO - Setting next_dagrun for latest_only_with_trigger to 2024-06-30 00:00:00+00:00
[2024-07-02 19:57:09,412] {scheduler_job.py:190} INFO - Processing /home/airflow/.local/lib/python3.6/site-packages/airflow/example_dags/example_latest_only_with_trigger.py took 0.097 seconds
[2024-07-02 19:57:40,340] {scheduler_job.py:182} INFO - Started process (PID=134) to work on /home/airflow/.local/lib/python3.6/site-packages/airflow/example_dags/example_latest_only_with_trigger.py
[2024-07-02 19:57:40,341] {scheduler_job.py:629} INFO - Processing file /home/airflow/.local/lib/python3.6/site-packages/airflow/example_dags/example_latest_only_with_trigger.py for tasks to queue
[2024-07-02 19:57:40,342] {logging_mixin.py:104} INFO - [2024-07-02 19:57:40,341] {dagbag.py:451} INFO - Filling up the DagBag from /home/airflow/.local/lib/python3.6/site-packages/airflow/example_dags/example_latest_only_with_trigger.py
[2024-07-02 19:57:40,351] {scheduler_job.py:639} INFO - DAG(s) dict_keys(['latest_only_with_trigger']) retrieved from /home/airflow/.local/lib/python3.6/site-packages/airflow/example_dags/example_latest_only_with_trigger.py
[2024-07-02 19:57:40,368] {logging_mixin.py:104} INFO - [2024-07-02 19:57:40,368] {dag.py:1824} INFO - Sync 1 DAGs
[2024-07-02 19:57:40,380] {logging_mixin.py:104} INFO - [2024-07-02 19:57:40,380] {dag.py:2280} INFO - Setting next_dagrun for latest_only_with_trigger to 2024-06-30 00:00:00+00:00
[2024-07-02 19:57:40,399] {scheduler_job.py:190} INFO - Processing /home/airflow/.local/lib/python3.6/site-packages/airflow/example_dags/example_latest_only_with_trigger.py took 0.061 seconds
[2024-07-02 19:58:11,221] {scheduler_job.py:182} INFO - Started process (PID=160) to work on /home/airflow/.local/lib/python3.6/site-packages/airflow/example_dags/example_latest_only_with_trigger.py
[2024-07-02 19:58:11,221] {scheduler_job.py:629} INFO - Processing file /home/airflow/.local/lib/python3.6/site-packages/airflow/example_dags/example_latest_only_with_trigger.py for tasks to queue
[2024-07-02 19:58:11,222] {logging_mixin.py:104} INFO - [2024-07-02 19:58:11,222] {dagbag.py:451} INFO - Filling up the DagBag from /home/airflow/.local/lib/python3.6/site-packages/airflow/example_dags/example_latest_only_with_trigger.py
[2024-07-02 19:58:11,229] {scheduler_job.py:639} INFO - DAG(s) dict_keys(['latest_only_with_trigger']) retrieved from /home/airflow/.local/lib/python3.6/site-packages/airflow/example_dags/example_latest_only_with_trigger.py
[2024-07-02 19:58:11,246] {logging_mixin.py:104} INFO - [2024-07-02 19:58:11,246] {dag.py:1824} INFO - Sync 1 DAGs
[2024-07-02 19:58:11,257] {logging_mixin.py:104} INFO - [2024-07-02 19:58:11,257] {dag.py:2280} INFO - Setting next_dagrun for latest_only_with_trigger to 2024-06-30 00:00:00+00:00
[2024-07-02 19:58:11,271] {scheduler_job.py:190} INFO - Processing /home/airflow/.local/lib/python3.6/site-packages/airflow/example_dags/example_latest_only_with_trigger.py took 0.053 seconds
[2024-07-02 19:58:42,221] {scheduler_job.py:182} INFO - Started process (PID=186) to work on /home/airflow/.local/lib/python3.6/site-packages/airflow/example_dags/example_latest_only_with_trigger.py
[2024-07-02 19:58:42,225] {scheduler_job.py:629} INFO - Processing file /home/airflow/.local/lib/python3.6/site-packages/airflow/example_dags/example_latest_only_with_trigger.py for tasks to queue
[2024-07-02 19:58:42,226] {logging_mixin.py:104} INFO - [2024-07-02 19:58:42,226] {dagbag.py:451} INFO - Filling up the DagBag from /home/airflow/.local/lib/python3.6/site-packages/airflow/example_dags/example_latest_only_with_trigger.py
[2024-07-02 19:58:42,246] {scheduler_job.py:639} INFO - DAG(s) dict_keys(['latest_only_with_trigger']) retrieved from /home/airflow/.local/lib/python3.6/site-packages/airflow/example_dags/example_latest_only_with_trigger.py
[2024-07-02 19:58:42,265] {logging_mixin.py:104} INFO - [2024-07-02 19:58:42,264] {dag.py:1824} INFO - Sync 1 DAGs
[2024-07-02 19:58:42,277] {logging_mixin.py:104} INFO - [2024-07-02 19:58:42,277] {dag.py:2280} INFO - Setting next_dagrun for latest_only_with_trigger to 2024-06-30 00:00:00+00:00
[2024-07-02 19:58:42,285] {scheduler_job.py:190} INFO - Processing /home/airflow/.local/lib/python3.6/site-packages/airflow/example_dags/example_latest_only_with_trigger.py took 0.073 seconds
[2024-07-02 19:59:13,160] {scheduler_job.py:182} INFO - Started process (PID=212) to work on /home/airflow/.local/lib/python3.6/site-packages/airflow/example_dags/example_latest_only_with_trigger.py
[2024-07-02 19:59:13,162] {scheduler_job.py:629} INFO - Processing file /home/airflow/.local/lib/python3.6/site-packages/airflow/example_dags/example_latest_only_with_trigger.py for tasks to queue
[2024-07-02 19:59:13,162] {logging_mixin.py:104} INFO - [2024-07-02 19:59:13,162] {dagbag.py:451} INFO - Filling up the DagBag from /home/airflow/.local/lib/python3.6/site-packages/airflow/example_dags/example_latest_only_with_trigger.py
[2024-07-02 19:59:13,176] {scheduler_job.py:639} INFO - DAG(s) dict_keys(['latest_only_with_trigger']) retrieved from /home/airflow/.local/lib/python3.6/site-packages/airflow/example_dags/example_latest_only_with_trigger.py
[2024-07-02 19:59:13,200] {logging_mixin.py:104} INFO - [2024-07-02 19:59:13,200] {dag.py:1824} INFO - Sync 1 DAGs
[2024-07-02 19:59:13,218] {logging_mixin.py:104} INFO - [2024-07-02 19:59:13,218] {dag.py:2280} INFO - Setting next_dagrun for latest_only_with_trigger to 2024-06-30 00:00:00+00:00
[2024-07-02 19:59:13,231] {scheduler_job.py:190} INFO - Processing /home/airflow/.local/lib/python3.6/site-packages/airflow/example_dags/example_latest_only_with_trigger.py took 0.075 seconds
[2024-07-02 19:59:44,161] {scheduler_job.py:182} INFO - Started process (PID=238) to work on /home/airflow/.local/lib/python3.6/site-packages/airflow/example_dags/example_latest_only_with_trigger.py
[2024-07-02 19:59:44,162] {scheduler_job.py:629} INFO - Processing file /home/airflow/.local/lib/python3.6/site-packages/airflow/example_dags/example_latest_only_with_trigger.py for tasks to queue
[2024-07-02 19:59:44,163] {logging_mixin.py:104} INFO - [2024-07-02 19:59:44,163] {dagbag.py:451} INFO - Filling up the DagBag from /home/airflow/.local/lib/python3.6/site-packages/airflow/example_dags/example_latest_only_with_trigger.py
[2024-07-02 19:59:44,173] {scheduler_job.py:639} INFO - DAG(s) dict_keys(['latest_only_with_trigger']) retrieved from /home/airflow/.local/lib/python3.6/site-packages/airflow/example_dags/example_latest_only_with_trigger.py
[2024-07-02 19:59:44,192] {logging_mixin.py:104} INFO - [2024-07-02 19:59:44,192] {dag.py:1824} INFO - Sync 1 DAGs
[2024-07-02 19:59:44,205] {logging_mixin.py:104} INFO - [2024-07-02 19:59:44,205] {dag.py:2280} INFO - Setting next_dagrun for latest_only_with_trigger to 2024-06-30 00:00:00+00:00
[2024-07-02 19:59:44,222] {scheduler_job.py:190} INFO - Processing /home/airflow/.local/lib/python3.6/site-packages/airflow/example_dags/example_latest_only_with_trigger.py took 0.064 seconds
[2024-07-02 20:00:14,237] {scheduler_job.py:182} INFO - Started process (PID=264) to work on /home/airflow/.local/lib/python3.6/site-packages/airflow/example_dags/example_latest_only_with_trigger.py
[2024-07-02 20:00:14,238] {scheduler_job.py:629} INFO - Processing file /home/airflow/.local/lib/python3.6/site-packages/airflow/example_dags/example_latest_only_with_trigger.py for tasks to queue
[2024-07-02 20:00:14,238] {logging_mixin.py:104} INFO - [2024-07-02 20:00:14,238] {dagbag.py:451} INFO - Filling up the DagBag from /home/airflow/.local/lib/python3.6/site-packages/airflow/example_dags/example_latest_only_with_trigger.py
[2024-07-02 20:00:14,245] {scheduler_job.py:639} INFO - DAG(s) dict_keys(['latest_only_with_trigger']) retrieved from /home/airflow/.local/lib/python3.6/site-packages/airflow/example_dags/example_latest_only_with_trigger.py
[2024-07-02 20:00:14,260] {logging_mixin.py:104} INFO - [2024-07-02 20:00:14,260] {dag.py:1824} INFO - Sync 1 DAGs
[2024-07-02 20:00:14,271] {logging_mixin.py:104} INFO - [2024-07-02 20:00:14,271] {dag.py:2280} INFO - Setting next_dagrun for latest_only_with_trigger to 2024-06-30 00:00:00+00:00
[2024-07-02 20:00:14,279] {scheduler_job.py:190} INFO - Processing /home/airflow/.local/lib/python3.6/site-packages/airflow/example_dags/example_latest_only_with_trigger.py took 0.044 seconds
[2024-07-02 20:00:45,285] {scheduler_job.py:182} INFO - Started process (PID=290) to work on /home/airflow/.local/lib/python3.6/site-packages/airflow/example_dags/example_latest_only_with_trigger.py
[2024-07-02 20:00:45,285] {scheduler_job.py:629} INFO - Processing file /home/airflow/.local/lib/python3.6/site-packages/airflow/example_dags/example_latest_only_with_trigger.py for tasks to queue
[2024-07-02 20:00:45,286] {logging_mixin.py:104} INFO - [2024-07-02 20:00:45,286] {dagbag.py:451} INFO - Filling up the DagBag from /home/airflow/.local/lib/python3.6/site-packages/airflow/example_dags/example_latest_only_with_trigger.py
[2024-07-02 20:00:45,293] {scheduler_job.py:639} INFO - DAG(s) dict_keys(['latest_only_with_trigger']) retrieved from /home/airflow/.local/lib/python3.6/site-packages/airflow/example_dags/example_latest_only_with_trigger.py
[2024-07-02 20:00:45,308] {logging_mixin.py:104} INFO - [2024-07-02 20:00:45,308] {dag.py:1824} INFO - Sync 1 DAGs
[2024-07-02 20:00:45,320] {logging_mixin.py:104} INFO - [2024-07-02 20:00:45,319] {dag.py:2280} INFO - Setting next_dagrun for latest_only_with_trigger to 2024-06-30 00:00:00+00:00
[2024-07-02 20:00:45,330] {scheduler_job.py:190} INFO - Processing /home/airflow/.local/lib/python3.6/site-packages/airflow/example_dags/example_latest_only_with_trigger.py took 0.047 seconds
[2024-07-02 20:01:16,228] {scheduler_job.py:182} INFO - Started process (PID=316) to work on /home/airflow/.local/lib/python3.6/site-packages/airflow/example_dags/example_latest_only_with_trigger.py
[2024-07-02 20:01:16,228] {scheduler_job.py:629} INFO - Processing file /home/airflow/.local/lib/python3.6/site-packages/airflow/example_dags/example_latest_only_with_trigger.py for tasks to queue
[2024-07-02 20:01:16,229] {logging_mixin.py:104} INFO - [2024-07-02 20:01:16,229] {dagbag.py:451} INFO - Filling up the DagBag from /home/airflow/.local/lib/python3.6/site-packages/airflow/example_dags/example_latest_only_with_trigger.py
[2024-07-02 20:01:16,237] {scheduler_job.py:639} INFO - DAG(s) dict_keys(['latest_only_with_trigger']) retrieved from /home/airflow/.local/lib/python3.6/site-packages/airflow/example_dags/example_latest_only_with_trigger.py
[2024-07-02 20:01:16,252] {logging_mixin.py:104} INFO - [2024-07-02 20:01:16,252] {dag.py:1824} INFO - Sync 1 DAGs
[2024-07-02 20:01:16,262] {logging_mixin.py:104} INFO - [2024-07-02 20:01:16,262] {dag.py:2280} INFO - Setting next_dagrun for latest_only_with_trigger to 2024-06-30 00:00:00+00:00
[2024-07-02 20:01:16,273] {scheduler_job.py:190} INFO - Processing /home/airflow/.local/lib/python3.6/site-packages/airflow/example_dags/example_latest_only_with_trigger.py took 0.048 seconds
[2024-07-02 20:01:47,283] {scheduler_job.py:182} INFO - Started process (PID=342) to work on /home/airflow/.local/lib/python3.6/site-packages/airflow/example_dags/example_latest_only_with_trigger.py
[2024-07-02 20:01:47,284] {scheduler_job.py:629} INFO - Processing file /home/airflow/.local/lib/python3.6/site-packages/airflow/example_dags/example_latest_only_with_trigger.py for tasks to queue
[2024-07-02 20:01:47,284] {logging_mixin.py:104} INFO - [2024-07-02 20:01:47,284] {dagbag.py:451} INFO - Filling up the DagBag from /home/airflow/.local/lib/python3.6/site-packages/airflow/example_dags/example_latest_only_with_trigger.py
[2024-07-02 20:01:47,291] {scheduler_job.py:639} INFO - DAG(s) dict_keys(['latest_only_with_trigger']) retrieved from /home/airflow/.local/lib/python3.6/site-packages/airflow/example_dags/example_latest_only_with_trigger.py
[2024-07-02 20:01:47,306] {logging_mixin.py:104} INFO - [2024-07-02 20:01:47,306] {dag.py:1824} INFO - Sync 1 DAGs
[2024-07-02 20:01:47,317] {logging_mixin.py:104} INFO - [2024-07-02 20:01:47,316] {dag.py:2280} INFO - Setting next_dagrun for latest_only_with_trigger to 2024-06-30 00:00:00+00:00
[2024-07-02 20:01:47,325] {scheduler_job.py:190} INFO - Processing /home/airflow/.local/lib/python3.6/site-packages/airflow/example_dags/example_latest_only_with_trigger.py took 0.044 seconds
[2024-07-02 20:02:17,398] {scheduler_job.py:182} INFO - Started process (PID=368) to work on /home/airflow/.local/lib/python3.6/site-packages/airflow/example_dags/example_latest_only_with_trigger.py
[2024-07-02 20:02:17,399] {scheduler_job.py:629} INFO - Processing file /home/airflow/.local/lib/python3.6/site-packages/airflow/example_dags/example_latest_only_with_trigger.py for tasks to queue
[2024-07-02 20:02:17,399] {logging_mixin.py:104} INFO - [2024-07-02 20:02:17,399] {dagbag.py:451} INFO - Filling up the DagBag from /home/airflow/.local/lib/python3.6/site-packages/airflow/example_dags/example_latest_only_with_trigger.py
[2024-07-02 20:02:17,407] {scheduler_job.py:639} INFO - DAG(s) dict_keys(['latest_only_with_trigger']) retrieved from /home/airflow/.local/lib/python3.6/site-packages/airflow/example_dags/example_latest_only_with_trigger.py
[2024-07-02 20:02:17,422] {logging_mixin.py:104} INFO - [2024-07-02 20:02:17,422] {dag.py:1824} INFO - Sync 1 DAGs
[2024-07-02 20:02:17,433] {logging_mixin.py:104} INFO - [2024-07-02 20:02:17,433] {dag.py:2280} INFO - Setting next_dagrun for latest_only_with_trigger to 2024-06-30 00:00:00+00:00
[2024-07-02 20:02:17,443] {scheduler_job.py:190} INFO - Processing /home/airflow/.local/lib/python3.6/site-packages/airflow/example_dags/example_latest_only_with_trigger.py took 0.047 seconds
[2024-07-02 20:02:47,517] {scheduler_job.py:182} INFO - Started process (PID=394) to work on /home/airflow/.local/lib/python3.6/site-packages/airflow/example_dags/example_latest_only_with_trigger.py
[2024-07-02 20:02:47,517] {scheduler_job.py:629} INFO - Processing file /home/airflow/.local/lib/python3.6/site-packages/airflow/example_dags/example_latest_only_with_trigger.py for tasks to queue
[2024-07-02 20:02:47,518] {logging_mixin.py:104} INFO - [2024-07-02 20:02:47,518] {dagbag.py:451} INFO - Filling up the DagBag from /home/airflow/.local/lib/python3.6/site-packages/airflow/example_dags/example_latest_only_with_trigger.py
[2024-07-02 20:02:47,526] {scheduler_job.py:639} INFO - DAG(s) dict_keys(['latest_only_with_trigger']) retrieved from /home/airflow/.local/lib/python3.6/site-packages/airflow/example_dags/example_latest_only_with_trigger.py
[2024-07-02 20:02:47,541] {logging_mixin.py:104} INFO - [2024-07-02 20:02:47,541] {dag.py:1824} INFO - Sync 1 DAGs
[2024-07-02 20:02:47,551] {logging_mixin.py:104} INFO - [2024-07-02 20:02:47,551] {dag.py:2280} INFO - Setting next_dagrun for latest_only_with_trigger to 2024-06-30 00:00:00+00:00
[2024-07-02 20:02:47,561] {scheduler_job.py:190} INFO - Processing /home/airflow/.local/lib/python3.6/site-packages/airflow/example_dags/example_latest_only_with_trigger.py took 0.046 seconds
[2024-07-02 20:03:17,624] {scheduler_job.py:182} INFO - Started process (PID=420) to work on /home/airflow/.local/lib/python3.6/site-packages/airflow/example_dags/example_latest_only_with_trigger.py
[2024-07-02 20:03:17,625] {scheduler_job.py:629} INFO - Processing file /home/airflow/.local/lib/python3.6/site-packages/airflow/example_dags/example_latest_only_with_trigger.py for tasks to queue
[2024-07-02 20:03:17,625] {logging_mixin.py:104} INFO - [2024-07-02 20:03:17,625] {dagbag.py:451} INFO - Filling up the DagBag from /home/airflow/.local/lib/python3.6/site-packages/airflow/example_dags/example_latest_only_with_trigger.py
[2024-07-02 20:03:17,633] {scheduler_job.py:639} INFO - DAG(s) dict_keys(['latest_only_with_trigger']) retrieved from /home/airflow/.local/lib/python3.6/site-packages/airflow/example_dags/example_latest_only_with_trigger.py
[2024-07-02 20:03:17,652] {logging_mixin.py:104} INFO - [2024-07-02 20:03:17,652] {dag.py:1824} INFO - Sync 1 DAGs
[2024-07-02 20:03:17,668] {logging_mixin.py:104} INFO - [2024-07-02 20:03:17,667] {dag.py:2280} INFO - Setting next_dagrun for latest_only_with_trigger to 2024-06-30 00:00:00+00:00
[2024-07-02 20:03:17,679] {scheduler_job.py:190} INFO - Processing /home/airflow/.local/lib/python3.6/site-packages/airflow/example_dags/example_latest_only_with_trigger.py took 0.058 seconds
[2024-07-02 20:03:47,765] {scheduler_job.py:182} INFO - Started process (PID=446) to work on /home/airflow/.local/lib/python3.6/site-packages/airflow/example_dags/example_latest_only_with_trigger.py
[2024-07-02 20:03:47,765] {scheduler_job.py:629} INFO - Processing file /home/airflow/.local/lib/python3.6/site-packages/airflow/example_dags/example_latest_only_with_trigger.py for tasks to queue
[2024-07-02 20:03:47,766] {logging_mixin.py:104} INFO - [2024-07-02 20:03:47,766] {dagbag.py:451} INFO - Filling up the DagBag from /home/airflow/.local/lib/python3.6/site-packages/airflow/example_dags/example_latest_only_with_trigger.py
[2024-07-02 20:03:47,774] {scheduler_job.py:639} INFO - DAG(s) dict_keys(['latest_only_with_trigger']) retrieved from /home/airflow/.local/lib/python3.6/site-packages/airflow/example_dags/example_latest_only_with_trigger.py
[2024-07-02 20:03:47,789] {logging_mixin.py:104} INFO - [2024-07-02 20:03:47,789] {dag.py:1824} INFO - Sync 1 DAGs
[2024-07-02 20:03:47,802] {logging_mixin.py:104} INFO - [2024-07-02 20:03:47,801] {dag.py:2280} INFO - Setting next_dagrun for latest_only_with_trigger to 2024-06-30 00:00:00+00:00
[2024-07-02 20:03:47,812] {scheduler_job.py:190} INFO - Processing /home/airflow/.local/lib/python3.6/site-packages/airflow/example_dags/example_latest_only_with_trigger.py took 0.050 seconds
[2024-07-02 20:04:17,866] {scheduler_job.py:182} INFO - Started process (PID=472) to work on /home/airflow/.local/lib/python3.6/site-packages/airflow/example_dags/example_latest_only_with_trigger.py
[2024-07-02 20:04:17,866] {scheduler_job.py:629} INFO - Processing file /home/airflow/.local/lib/python3.6/site-packages/airflow/example_dags/example_latest_only_with_trigger.py for tasks to queue
[2024-07-02 20:04:17,867] {logging_mixin.py:104} INFO - [2024-07-02 20:04:17,867] {dagbag.py:451} INFO - Filling up the DagBag from /home/airflow/.local/lib/python3.6/site-packages/airflow/example_dags/example_latest_only_with_trigger.py
[2024-07-02 20:04:17,874] {scheduler_job.py:639} INFO - DAG(s) dict_keys(['latest_only_with_trigger']) retrieved from /home/airflow/.local/lib/python3.6/site-packages/airflow/example_dags/example_latest_only_with_trigger.py
[2024-07-02 20:04:17,889] {logging_mixin.py:104} INFO - [2024-07-02 20:04:17,889] {dag.py:1824} INFO - Sync 1 DAGs
[2024-07-02 20:04:17,899] {logging_mixin.py:104} INFO - [2024-07-02 20:04:17,899] {dag.py:2280} INFO - Setting next_dagrun for latest_only_with_trigger to 2024-06-30 00:00:00+00:00
[2024-07-02 20:04:17,908] {scheduler_job.py:190} INFO - Processing /home/airflow/.local/lib/python3.6/site-packages/airflow/example_dags/example_latest_only_with_trigger.py took 0.044 seconds
[2024-07-02 20:04:47,998] {scheduler_job.py:182} INFO - Started process (PID=498) to work on /home/airflow/.local/lib/python3.6/site-packages/airflow/example_dags/example_latest_only_with_trigger.py
[2024-07-02 20:04:47,999] {scheduler_job.py:629} INFO - Processing file /home/airflow/.local/lib/python3.6/site-packages/airflow/example_dags/example_latest_only_with_trigger.py for tasks to queue
[2024-07-02 20:04:47,999] {logging_mixin.py:104} INFO - [2024-07-02 20:04:47,999] {dagbag.py:451} INFO - Filling up the DagBag from /home/airflow/.local/lib/python3.6/site-packages/airflow/example_dags/example_latest_only_with_trigger.py
[2024-07-02 20:04:48,007] {scheduler_job.py:639} INFO - DAG(s) dict_keys(['latest_only_with_trigger']) retrieved from /home/airflow/.local/lib/python3.6/site-packages/airflow/example_dags/example_latest_only_with_trigger.py
[2024-07-02 20:04:48,021] {logging_mixin.py:104} INFO - [2024-07-02 20:04:48,021] {dag.py:1824} INFO - Sync 1 DAGs
[2024-07-02 20:04:48,032] {logging_mixin.py:104} INFO - [2024-07-02 20:04:48,032] {dag.py:2280} INFO - Setting next_dagrun for latest_only_with_trigger to 2024-06-30 00:00:00+00:00
[2024-07-02 20:04:48,044] {scheduler_job.py:190} INFO - Processing /home/airflow/.local/lib/python3.6/site-packages/airflow/example_dags/example_latest_only_with_trigger.py took 0.048 seconds
[2024-07-02 20:05:19,029] {scheduler_job.py:182} INFO - Started process (PID=524) to work on /home/airflow/.local/lib/python3.6/site-packages/airflow/example_dags/example_latest_only_with_trigger.py
[2024-07-02 20:05:19,030] {scheduler_job.py:629} INFO - Processing file /home/airflow/.local/lib/python3.6/site-packages/airflow/example_dags/example_latest_only_with_trigger.py for tasks to queue
[2024-07-02 20:05:19,030] {logging_mixin.py:104} INFO - [2024-07-02 20:05:19,030] {dagbag.py:451} INFO - Filling up the DagBag from /home/airflow/.local/lib/python3.6/site-packages/airflow/example_dags/example_latest_only_with_trigger.py
[2024-07-02 20:05:19,037] {scheduler_job.py:639} INFO - DAG(s) dict_keys(['latest_only_with_trigger']) retrieved from /home/airflow/.local/lib/python3.6/site-packages/airflow/example_dags/example_latest_only_with_trigger.py
[2024-07-02 20:05:19,053] {logging_mixin.py:104} INFO - [2024-07-02 20:05:19,052] {dag.py:1824} INFO - Sync 1 DAGs
[2024-07-02 20:05:19,063] {logging_mixin.py:104} INFO - [2024-07-02 20:05:19,063] {dag.py:2280} INFO - Setting next_dagrun for latest_only_with_trigger to 2024-06-30 00:00:00+00:00
[2024-07-02 20:05:19,073] {scheduler_job.py:190} INFO - Processing /home/airflow/.local/lib/python3.6/site-packages/airflow/example_dags/example_latest_only_with_trigger.py took 0.046 seconds
[2024-07-02 20:05:49,951] {scheduler_job.py:182} INFO - Started process (PID=550) to work on /home/airflow/.local/lib/python3.6/site-packages/airflow/example_dags/example_latest_only_with_trigger.py
[2024-07-02 20:05:49,952] {scheduler_job.py:629} INFO - Processing file /home/airflow/.local/lib/python3.6/site-packages/airflow/example_dags/example_latest_only_with_trigger.py for tasks to queue
[2024-07-02 20:05:49,953] {logging_mixin.py:104} INFO - [2024-07-02 20:05:49,952] {dagbag.py:451} INFO - Filling up the DagBag from /home/airflow/.local/lib/python3.6/site-packages/airflow/example_dags/example_latest_only_with_trigger.py
[2024-07-02 20:05:49,960] {scheduler_job.py:639} INFO - DAG(s) dict_keys(['latest_only_with_trigger']) retrieved from /home/airflow/.local/lib/python3.6/site-packages/airflow/example_dags/example_latest_only_with_trigger.py
[2024-07-02 20:05:49,975] {logging_mixin.py:104} INFO - [2024-07-02 20:05:49,975] {dag.py:1824} INFO - Sync 1 DAGs
[2024-07-02 20:05:49,987] {logging_mixin.py:104} INFO - [2024-07-02 20:05:49,987] {dag.py:2280} INFO - Setting next_dagrun for latest_only_with_trigger to 2024-06-30 00:00:00+00:00
[2024-07-02 20:05:49,999] {scheduler_job.py:190} INFO - Processing /home/airflow/.local/lib/python3.6/site-packages/airflow/example_dags/example_latest_only_with_trigger.py took 0.050 seconds
[2024-07-02 20:06:20,862] {scheduler_job.py:182} INFO - Started process (PID=576) to work on /home/airflow/.local/lib/python3.6/site-packages/airflow/example_dags/example_latest_only_with_trigger.py
[2024-07-02 20:06:20,862] {scheduler_job.py:629} INFO - Processing file /home/airflow/.local/lib/python3.6/site-packages/airflow/example_dags/example_latest_only_with_trigger.py for tasks to queue
[2024-07-02 20:06:20,863] {logging_mixin.py:104} INFO - [2024-07-02 20:06:20,863] {dagbag.py:451} INFO - Filling up the DagBag from /home/airflow/.local/lib/python3.6/site-packages/airflow/example_dags/example_latest_only_with_trigger.py
[2024-07-02 20:06:20,871] {scheduler_job.py:639} INFO - DAG(s) dict_keys(['latest_only_with_trigger']) retrieved from /home/airflow/.local/lib/python3.6/site-packages/airflow/example_dags/example_latest_only_with_trigger.py
[2024-07-02 20:06:20,886] {logging_mixin.py:104} INFO - [2024-07-02 20:06:20,886] {dag.py:1824} INFO - Sync 1 DAGs
[2024-07-02 20:06:20,897] {logging_mixin.py:104} INFO - [2024-07-02 20:06:20,897] {dag.py:2280} INFO - Setting next_dagrun for latest_only_with_trigger to 2024-06-30 00:00:00+00:00
[2024-07-02 20:06:20,906] {scheduler_job.py:190} INFO - Processing /home/airflow/.local/lib/python3.6/site-packages/airflow/example_dags/example_latest_only_with_trigger.py took 0.047 seconds
[2024-07-02 20:06:51,932] {scheduler_job.py:182} INFO - Started process (PID=602) to work on /home/airflow/.local/lib/python3.6/site-packages/airflow/example_dags/example_latest_only_with_trigger.py
[2024-07-02 20:06:51,932] {scheduler_job.py:629} INFO - Processing file /home/airflow/.local/lib/python3.6/site-packages/airflow/example_dags/example_latest_only_with_trigger.py for tasks to queue
[2024-07-02 20:06:51,933] {logging_mixin.py:104} INFO - [2024-07-02 20:06:51,933] {dagbag.py:451} INFO - Filling up the DagBag from /home/airflow/.local/lib/python3.6/site-packages/airflow/example_dags/example_latest_only_with_trigger.py
[2024-07-02 20:06:51,940] {scheduler_job.py:639} INFO - DAG(s) dict_keys(['latest_only_with_trigger']) retrieved from /home/airflow/.local/lib/python3.6/site-packages/airflow/example_dags/example_latest_only_with_trigger.py
[2024-07-02 20:06:51,955] {logging_mixin.py:104} INFO - [2024-07-02 20:06:51,955] {dag.py:1824} INFO - Sync 1 DAGs
[2024-07-02 20:06:51,966] {logging_mixin.py:104} INFO - [2024-07-02 20:06:51,966] {dag.py:2280} INFO - Setting next_dagrun for latest_only_with_trigger to 2024-06-30 00:00:00+00:00
[2024-07-02 20:06:51,976] {scheduler_job.py:190} INFO - Processing /home/airflow/.local/lib/python3.6/site-packages/airflow/example_dags/example_latest_only_with_trigger.py took 0.046 seconds
[2024-07-02 20:07:23,023] {scheduler_job.py:182} INFO - Started process (PID=628) to work on /home/airflow/.local/lib/python3.6/site-packages/airflow/example_dags/example_latest_only_with_trigger.py
[2024-07-02 20:07:23,024] {scheduler_job.py:629} INFO - Processing file /home/airflow/.local/lib/python3.6/site-packages/airflow/example_dags/example_latest_only_with_trigger.py for tasks to queue
[2024-07-02 20:07:23,024] {logging_mixin.py:104} INFO - [2024-07-02 20:07:23,024] {dagbag.py:451} INFO - Filling up the DagBag from /home/airflow/.local/lib/python3.6/site-packages/airflow/example_dags/example_latest_only_with_trigger.py
[2024-07-02 20:07:23,032] {scheduler_job.py:639} INFO - DAG(s) dict_keys(['latest_only_with_trigger']) retrieved from /home/airflow/.local/lib/python3.6/site-packages/airflow/example_dags/example_latest_only_with_trigger.py
[2024-07-02 20:07:23,047] {logging_mixin.py:104} INFO - [2024-07-02 20:07:23,047] {dag.py:1824} INFO - Sync 1 DAGs
[2024-07-02 20:07:23,058] {logging_mixin.py:104} INFO - [2024-07-02 20:07:23,058] {dag.py:2280} INFO - Setting next_dagrun for latest_only_with_trigger to 2024-06-30 00:00:00+00:00
[2024-07-02 20:07:23,068] {scheduler_job.py:190} INFO - Processing /home/airflow/.local/lib/python3.6/site-packages/airflow/example_dags/example_latest_only_with_trigger.py took 0.046 seconds
