[2024-07-02 19:52:34,969] {scheduler_job.py:182} INFO - Started process (PID=56) to work on /home/airflow/.local/lib/python3.6/site-packages/airflow/example_dags/example_external_task_marker_dag.py
[2024-07-02 19:52:34,970] {scheduler_job.py:629} INFO - Processing file /home/airflow/.local/lib/python3.6/site-packages/airflow/example_dags/example_external_task_marker_dag.py for tasks to queue
[2024-07-02 19:52:34,971] {logging_mixin.py:104} INFO - [2024-07-02 19:52:34,971] {dagbag.py:451} INFO - Filling up the DagBag from /home/airflow/.local/lib/python3.6/site-packages/airflow/example_dags/example_external_task_marker_dag.py
[2024-07-02 19:52:34,992] {scheduler_job.py:639} INFO - DAG(s) dict_keys(['example_external_task_marker_parent', 'example_external_task_marker_child']) retrieved from /home/airflow/.local/lib/python3.6/site-packages/airflow/example_dags/example_external_task_marker_dag.py
[2024-07-02 19:52:35,025] {logging_mixin.py:104} INFO - [2024-07-02 19:52:35,024] {dag.py:1824} INFO - Sync 2 DAGs
[2024-07-02 19:52:35,035] {logging_mixin.py:104} INFO - [2024-07-02 19:52:35,035] {dag.py:1843} INFO - Creating ORM DAG for example_external_task_marker_parent
[2024-07-02 19:52:35,036] {logging_mixin.py:104} INFO - [2024-07-02 19:52:35,036] {dag.py:1843} INFO - Creating ORM DAG for example_external_task_marker_child
[2024-07-02 19:52:35,041] {logging_mixin.py:104} INFO - [2024-07-02 19:52:35,041] {dag.py:2280} INFO - Setting next_dagrun for example_external_task_marker_child to None
[2024-07-02 19:52:35,042] {logging_mixin.py:104} INFO - [2024-07-02 19:52:35,042] {dag.py:2280} INFO - Setting next_dagrun for example_external_task_marker_parent to None
[2024-07-02 19:52:35,057] {scheduler_job.py:190} INFO - Processing /home/airflow/.local/lib/python3.6/site-packages/airflow/example_dags/example_external_task_marker_dag.py took 0.091 seconds
[2024-07-02 19:53:05,845] {scheduler_job.py:182} INFO - Started process (PID=81) to work on /home/airflow/.local/lib/python3.6/site-packages/airflow/example_dags/example_external_task_marker_dag.py
[2024-07-02 19:53:05,846] {scheduler_job.py:629} INFO - Processing file /home/airflow/.local/lib/python3.6/site-packages/airflow/example_dags/example_external_task_marker_dag.py for tasks to queue
[2024-07-02 19:53:05,846] {logging_mixin.py:104} INFO - [2024-07-02 19:53:05,846] {dagbag.py:451} INFO - Filling up the DagBag from /home/airflow/.local/lib/python3.6/site-packages/airflow/example_dags/example_external_task_marker_dag.py
[2024-07-02 19:53:05,854] {scheduler_job.py:639} INFO - DAG(s) dict_keys(['example_external_task_marker_parent', 'example_external_task_marker_child']) retrieved from /home/airflow/.local/lib/python3.6/site-packages/airflow/example_dags/example_external_task_marker_dag.py
[2024-07-02 19:53:05,878] {logging_mixin.py:104} INFO - [2024-07-02 19:53:05,878] {dag.py:1824} INFO - Sync 2 DAGs
[2024-07-02 19:53:05,889] {logging_mixin.py:104} INFO - [2024-07-02 19:53:05,889] {dag.py:2280} INFO - Setting next_dagrun for example_external_task_marker_child to None
[2024-07-02 19:53:05,890] {logging_mixin.py:104} INFO - [2024-07-02 19:53:05,890] {dag.py:2280} INFO - Setting next_dagrun for example_external_task_marker_parent to None
[2024-07-02 19:53:05,900] {scheduler_job.py:190} INFO - Processing /home/airflow/.local/lib/python3.6/site-packages/airflow/example_dags/example_external_task_marker_dag.py took 0.057 seconds
[2024-07-02 19:53:36,779] {scheduler_job.py:182} INFO - Started process (PID=107) to work on /home/airflow/.local/lib/python3.6/site-packages/airflow/example_dags/example_external_task_marker_dag.py
[2024-07-02 19:53:36,780] {scheduler_job.py:629} INFO - Processing file /home/airflow/.local/lib/python3.6/site-packages/airflow/example_dags/example_external_task_marker_dag.py for tasks to queue
[2024-07-02 19:53:36,781] {logging_mixin.py:104} INFO - [2024-07-02 19:53:36,781] {dagbag.py:451} INFO - Filling up the DagBag from /home/airflow/.local/lib/python3.6/site-packages/airflow/example_dags/example_external_task_marker_dag.py
[2024-07-02 19:53:36,790] {scheduler_job.py:639} INFO - DAG(s) dict_keys(['example_external_task_marker_parent', 'example_external_task_marker_child']) retrieved from /home/airflow/.local/lib/python3.6/site-packages/airflow/example_dags/example_external_task_marker_dag.py
[2024-07-02 19:53:36,814] {logging_mixin.py:104} INFO - [2024-07-02 19:53:36,814] {dag.py:1824} INFO - Sync 2 DAGs
[2024-07-02 19:53:36,828] {logging_mixin.py:104} INFO - [2024-07-02 19:53:36,828] {dag.py:2280} INFO - Setting next_dagrun for example_external_task_marker_child to None
[2024-07-02 19:53:36,829] {logging_mixin.py:104} INFO - [2024-07-02 19:53:36,829] {dag.py:2280} INFO - Setting next_dagrun for example_external_task_marker_parent to None
[2024-07-02 19:53:36,841] {scheduler_job.py:190} INFO - Processing /home/airflow/.local/lib/python3.6/site-packages/airflow/example_dags/example_external_task_marker_dag.py took 0.065 seconds
[2024-07-02 19:54:07,754] {scheduler_job.py:182} INFO - Started process (PID=133) to work on /home/airflow/.local/lib/python3.6/site-packages/airflow/example_dags/example_external_task_marker_dag.py
[2024-07-02 19:54:07,755] {scheduler_job.py:629} INFO - Processing file /home/airflow/.local/lib/python3.6/site-packages/airflow/example_dags/example_external_task_marker_dag.py for tasks to queue
[2024-07-02 19:54:07,756] {logging_mixin.py:104} INFO - [2024-07-02 19:54:07,756] {dagbag.py:451} INFO - Filling up the DagBag from /home/airflow/.local/lib/python3.6/site-packages/airflow/example_dags/example_external_task_marker_dag.py
[2024-07-02 19:54:07,767] {scheduler_job.py:639} INFO - DAG(s) dict_keys(['example_external_task_marker_parent', 'example_external_task_marker_child']) retrieved from /home/airflow/.local/lib/python3.6/site-packages/airflow/example_dags/example_external_task_marker_dag.py
[2024-07-02 19:54:07,795] {logging_mixin.py:104} INFO - [2024-07-02 19:54:07,794] {dag.py:1824} INFO - Sync 2 DAGs
[2024-07-02 19:54:07,810] {logging_mixin.py:104} INFO - [2024-07-02 19:54:07,810] {dag.py:2280} INFO - Setting next_dagrun for example_external_task_marker_child to None
[2024-07-02 19:54:07,811] {logging_mixin.py:104} INFO - [2024-07-02 19:54:07,811] {dag.py:2280} INFO - Setting next_dagrun for example_external_task_marker_parent to None
[2024-07-02 19:54:07,824] {scheduler_job.py:190} INFO - Processing /home/airflow/.local/lib/python3.6/site-packages/airflow/example_dags/example_external_task_marker_dag.py took 0.073 seconds
[2024-07-02 19:54:38,773] {scheduler_job.py:182} INFO - Started process (PID=159) to work on /home/airflow/.local/lib/python3.6/site-packages/airflow/example_dags/example_external_task_marker_dag.py
[2024-07-02 19:54:38,774] {scheduler_job.py:629} INFO - Processing file /home/airflow/.local/lib/python3.6/site-packages/airflow/example_dags/example_external_task_marker_dag.py for tasks to queue
[2024-07-02 19:54:38,774] {logging_mixin.py:104} INFO - [2024-07-02 19:54:38,774] {dagbag.py:451} INFO - Filling up the DagBag from /home/airflow/.local/lib/python3.6/site-packages/airflow/example_dags/example_external_task_marker_dag.py
[2024-07-02 19:54:38,782] {scheduler_job.py:639} INFO - DAG(s) dict_keys(['example_external_task_marker_parent', 'example_external_task_marker_child']) retrieved from /home/airflow/.local/lib/python3.6/site-packages/airflow/example_dags/example_external_task_marker_dag.py
[2024-07-02 19:54:38,801] {logging_mixin.py:104} INFO - [2024-07-02 19:54:38,801] {dag.py:1824} INFO - Sync 2 DAGs
[2024-07-02 19:54:38,812] {logging_mixin.py:104} INFO - [2024-07-02 19:54:38,812] {dag.py:2280} INFO - Setting next_dagrun for example_external_task_marker_child to None
[2024-07-02 19:54:38,812] {logging_mixin.py:104} INFO - [2024-07-02 19:54:38,812] {dag.py:2280} INFO - Setting next_dagrun for example_external_task_marker_parent to None
[2024-07-02 19:54:38,822] {scheduler_job.py:190} INFO - Processing /home/airflow/.local/lib/python3.6/site-packages/airflow/example_dags/example_external_task_marker_dag.py took 0.051 seconds
[2024-07-02 19:55:09,720] {scheduler_job.py:182} INFO - Started process (PID=185) to work on /home/airflow/.local/lib/python3.6/site-packages/airflow/example_dags/example_external_task_marker_dag.py
[2024-07-02 19:55:09,721] {scheduler_job.py:629} INFO - Processing file /home/airflow/.local/lib/python3.6/site-packages/airflow/example_dags/example_external_task_marker_dag.py for tasks to queue
[2024-07-02 19:55:09,721] {logging_mixin.py:104} INFO - [2024-07-02 19:55:09,721] {dagbag.py:451} INFO - Filling up the DagBag from /home/airflow/.local/lib/python3.6/site-packages/airflow/example_dags/example_external_task_marker_dag.py
[2024-07-02 19:55:09,728] {scheduler_job.py:639} INFO - DAG(s) dict_keys(['example_external_task_marker_parent', 'example_external_task_marker_child']) retrieved from /home/airflow/.local/lib/python3.6/site-packages/airflow/example_dags/example_external_task_marker_dag.py
[2024-07-02 19:55:09,747] {logging_mixin.py:104} INFO - [2024-07-02 19:55:09,747] {dag.py:1824} INFO - Sync 2 DAGs
[2024-07-02 19:55:09,757] {logging_mixin.py:104} INFO - [2024-07-02 19:55:09,757] {dag.py:2280} INFO - Setting next_dagrun for example_external_task_marker_child to None
[2024-07-02 19:55:09,758] {logging_mixin.py:104} INFO - [2024-07-02 19:55:09,758] {dag.py:2280} INFO - Setting next_dagrun for example_external_task_marker_parent to None
[2024-07-02 19:55:09,768] {scheduler_job.py:190} INFO - Processing /home/airflow/.local/lib/python3.6/site-packages/airflow/example_dags/example_external_task_marker_dag.py took 0.050 seconds
[2024-07-02 19:56:06,723] {scheduler_job.py:182} INFO - Started process (PID=48) to work on /home/airflow/.local/lib/python3.6/site-packages/airflow/example_dags/example_external_task_marker_dag.py
[2024-07-02 19:56:06,724] {scheduler_job.py:629} INFO - Processing file /home/airflow/.local/lib/python3.6/site-packages/airflow/example_dags/example_external_task_marker_dag.py for tasks to queue
[2024-07-02 19:56:06,724] {logging_mixin.py:104} INFO - [2024-07-02 19:56:06,724] {dagbag.py:451} INFO - Filling up the DagBag from /home/airflow/.local/lib/python3.6/site-packages/airflow/example_dags/example_external_task_marker_dag.py
[2024-07-02 19:56:06,739] {scheduler_job.py:639} INFO - DAG(s) dict_keys(['example_external_task_marker_parent', 'example_external_task_marker_child']) retrieved from /home/airflow/.local/lib/python3.6/site-packages/airflow/example_dags/example_external_task_marker_dag.py
[2024-07-02 19:56:06,774] {logging_mixin.py:104} INFO - [2024-07-02 19:56:06,773] {dag.py:1824} INFO - Sync 2 DAGs
[2024-07-02 19:56:06,795] {logging_mixin.py:104} INFO - [2024-07-02 19:56:06,794] {dag.py:2280} INFO - Setting next_dagrun for example_external_task_marker_child to None
[2024-07-02 19:56:06,796] {logging_mixin.py:104} INFO - [2024-07-02 19:56:06,796] {dag.py:2280} INFO - Setting next_dagrun for example_external_task_marker_parent to None
[2024-07-02 19:56:06,810] {scheduler_job.py:190} INFO - Processing /home/airflow/.local/lib/python3.6/site-packages/airflow/example_dags/example_external_task_marker_dag.py took 0.091 seconds
[2024-07-02 19:56:36,843] {scheduler_job.py:182} INFO - Started process (PID=74) to work on /home/airflow/.local/lib/python3.6/site-packages/airflow/example_dags/example_external_task_marker_dag.py
[2024-07-02 19:56:36,844] {scheduler_job.py:629} INFO - Processing file /home/airflow/.local/lib/python3.6/site-packages/airflow/example_dags/example_external_task_marker_dag.py for tasks to queue
[2024-07-02 19:56:36,844] {logging_mixin.py:104} INFO - [2024-07-02 19:56:36,844] {dagbag.py:451} INFO - Filling up the DagBag from /home/airflow/.local/lib/python3.6/site-packages/airflow/example_dags/example_external_task_marker_dag.py
[2024-07-02 19:56:36,852] {scheduler_job.py:639} INFO - DAG(s) dict_keys(['example_external_task_marker_parent', 'example_external_task_marker_child']) retrieved from /home/airflow/.local/lib/python3.6/site-packages/airflow/example_dags/example_external_task_marker_dag.py
[2024-07-02 19:56:36,874] {logging_mixin.py:104} INFO - [2024-07-02 19:56:36,874] {dag.py:1824} INFO - Sync 2 DAGs
[2024-07-02 19:56:36,889] {logging_mixin.py:104} INFO - [2024-07-02 19:56:36,889] {dag.py:2280} INFO - Setting next_dagrun for example_external_task_marker_child to None
[2024-07-02 19:56:36,889] {logging_mixin.py:104} INFO - [2024-07-02 19:56:36,889] {dag.py:2280} INFO - Setting next_dagrun for example_external_task_marker_parent to None
[2024-07-02 19:56:36,900] {scheduler_job.py:190} INFO - Processing /home/airflow/.local/lib/python3.6/site-packages/airflow/example_dags/example_external_task_marker_dag.py took 0.059 seconds
[2024-07-02 19:57:07,001] {scheduler_job.py:182} INFO - Started process (PID=100) to work on /home/airflow/.local/lib/python3.6/site-packages/airflow/example_dags/example_external_task_marker_dag.py
[2024-07-02 19:57:07,002] {scheduler_job.py:629} INFO - Processing file /home/airflow/.local/lib/python3.6/site-packages/airflow/example_dags/example_external_task_marker_dag.py for tasks to queue
[2024-07-02 19:57:07,002] {logging_mixin.py:104} INFO - [2024-07-02 19:57:07,002] {dagbag.py:451} INFO - Filling up the DagBag from /home/airflow/.local/lib/python3.6/site-packages/airflow/example_dags/example_external_task_marker_dag.py
[2024-07-02 19:57:07,010] {scheduler_job.py:639} INFO - DAG(s) dict_keys(['example_external_task_marker_parent', 'example_external_task_marker_child']) retrieved from /home/airflow/.local/lib/python3.6/site-packages/airflow/example_dags/example_external_task_marker_dag.py
[2024-07-02 19:57:07,029] {logging_mixin.py:104} INFO - [2024-07-02 19:57:07,029] {dag.py:1824} INFO - Sync 2 DAGs
[2024-07-02 19:57:07,041] {logging_mixin.py:104} INFO - [2024-07-02 19:57:07,041] {dag.py:2280} INFO - Setting next_dagrun for example_external_task_marker_child to None
[2024-07-02 19:57:07,041] {logging_mixin.py:104} INFO - [2024-07-02 19:57:07,041] {dag.py:2280} INFO - Setting next_dagrun for example_external_task_marker_parent to None
[2024-07-02 19:57:07,050] {scheduler_job.py:190} INFO - Processing /home/airflow/.local/lib/python3.6/site-packages/airflow/example_dags/example_external_task_marker_dag.py took 0.051 seconds
[2024-07-02 19:57:37,092] {scheduler_job.py:182} INFO - Started process (PID=126) to work on /home/airflow/.local/lib/python3.6/site-packages/airflow/example_dags/example_external_task_marker_dag.py
[2024-07-02 19:57:37,093] {scheduler_job.py:629} INFO - Processing file /home/airflow/.local/lib/python3.6/site-packages/airflow/example_dags/example_external_task_marker_dag.py for tasks to queue
[2024-07-02 19:57:37,094] {logging_mixin.py:104} INFO - [2024-07-02 19:57:37,094] {dagbag.py:451} INFO - Filling up the DagBag from /home/airflow/.local/lib/python3.6/site-packages/airflow/example_dags/example_external_task_marker_dag.py
[2024-07-02 19:57:37,102] {scheduler_job.py:639} INFO - DAG(s) dict_keys(['example_external_task_marker_parent', 'example_external_task_marker_child']) retrieved from /home/airflow/.local/lib/python3.6/site-packages/airflow/example_dags/example_external_task_marker_dag.py
[2024-07-02 19:57:37,120] {logging_mixin.py:104} INFO - [2024-07-02 19:57:37,120] {dag.py:1824} INFO - Sync 2 DAGs
[2024-07-02 19:57:37,132] {logging_mixin.py:104} INFO - [2024-07-02 19:57:37,132] {dag.py:2280} INFO - Setting next_dagrun for example_external_task_marker_child to None
[2024-07-02 19:57:37,132] {logging_mixin.py:104} INFO - [2024-07-02 19:57:37,132] {dag.py:2280} INFO - Setting next_dagrun for example_external_task_marker_parent to None
[2024-07-02 19:57:37,140] {scheduler_job.py:190} INFO - Processing /home/airflow/.local/lib/python3.6/site-packages/airflow/example_dags/example_external_task_marker_dag.py took 0.050 seconds
[2024-07-02 19:58:07,943] {scheduler_job.py:182} INFO - Started process (PID=152) to work on /home/airflow/.local/lib/python3.6/site-packages/airflow/example_dags/example_external_task_marker_dag.py
[2024-07-02 19:58:07,943] {scheduler_job.py:629} INFO - Processing file /home/airflow/.local/lib/python3.6/site-packages/airflow/example_dags/example_external_task_marker_dag.py for tasks to queue
[2024-07-02 19:58:07,944] {logging_mixin.py:104} INFO - [2024-07-02 19:58:07,944] {dagbag.py:451} INFO - Filling up the DagBag from /home/airflow/.local/lib/python3.6/site-packages/airflow/example_dags/example_external_task_marker_dag.py
[2024-07-02 19:58:07,951] {scheduler_job.py:639} INFO - DAG(s) dict_keys(['example_external_task_marker_parent', 'example_external_task_marker_child']) retrieved from /home/airflow/.local/lib/python3.6/site-packages/airflow/example_dags/example_external_task_marker_dag.py
[2024-07-02 19:58:07,973] {logging_mixin.py:104} INFO - [2024-07-02 19:58:07,973] {dag.py:1824} INFO - Sync 2 DAGs
[2024-07-02 19:58:07,984] {logging_mixin.py:104} INFO - [2024-07-02 19:58:07,984] {dag.py:2280} INFO - Setting next_dagrun for example_external_task_marker_child to None
[2024-07-02 19:58:07,984] {logging_mixin.py:104} INFO - [2024-07-02 19:58:07,984] {dag.py:2280} INFO - Setting next_dagrun for example_external_task_marker_parent to None
[2024-07-02 19:58:07,993] {scheduler_job.py:190} INFO - Processing /home/airflow/.local/lib/python3.6/site-packages/airflow/example_dags/example_external_task_marker_dag.py took 0.052 seconds
[2024-07-02 19:58:38,956] {scheduler_job.py:182} INFO - Started process (PID=178) to work on /home/airflow/.local/lib/python3.6/site-packages/airflow/example_dags/example_external_task_marker_dag.py
[2024-07-02 19:58:38,957] {scheduler_job.py:629} INFO - Processing file /home/airflow/.local/lib/python3.6/site-packages/airflow/example_dags/example_external_task_marker_dag.py for tasks to queue
[2024-07-02 19:58:38,958] {logging_mixin.py:104} INFO - [2024-07-02 19:58:38,957] {dagbag.py:451} INFO - Filling up the DagBag from /home/airflow/.local/lib/python3.6/site-packages/airflow/example_dags/example_external_task_marker_dag.py
[2024-07-02 19:58:38,966] {scheduler_job.py:639} INFO - DAG(s) dict_keys(['example_external_task_marker_parent', 'example_external_task_marker_child']) retrieved from /home/airflow/.local/lib/python3.6/site-packages/airflow/example_dags/example_external_task_marker_dag.py
[2024-07-02 19:58:38,986] {logging_mixin.py:104} INFO - [2024-07-02 19:58:38,985] {dag.py:1824} INFO - Sync 2 DAGs
[2024-07-02 19:58:38,996] {logging_mixin.py:104} INFO - [2024-07-02 19:58:38,996] {dag.py:2280} INFO - Setting next_dagrun for example_external_task_marker_child to None
[2024-07-02 19:58:38,996] {logging_mixin.py:104} INFO - [2024-07-02 19:58:38,996] {dag.py:2280} INFO - Setting next_dagrun for example_external_task_marker_parent to None
[2024-07-02 19:58:39,006] {scheduler_job.py:190} INFO - Processing /home/airflow/.local/lib/python3.6/site-packages/airflow/example_dags/example_external_task_marker_dag.py took 0.052 seconds
[2024-07-02 19:59:09,879] {scheduler_job.py:182} INFO - Started process (PID=204) to work on /home/airflow/.local/lib/python3.6/site-packages/airflow/example_dags/example_external_task_marker_dag.py
[2024-07-02 19:59:09,879] {scheduler_job.py:629} INFO - Processing file /home/airflow/.local/lib/python3.6/site-packages/airflow/example_dags/example_external_task_marker_dag.py for tasks to queue
[2024-07-02 19:59:09,880] {logging_mixin.py:104} INFO - [2024-07-02 19:59:09,880] {dagbag.py:451} INFO - Filling up the DagBag from /home/airflow/.local/lib/python3.6/site-packages/airflow/example_dags/example_external_task_marker_dag.py
[2024-07-02 19:59:09,887] {scheduler_job.py:639} INFO - DAG(s) dict_keys(['example_external_task_marker_parent', 'example_external_task_marker_child']) retrieved from /home/airflow/.local/lib/python3.6/site-packages/airflow/example_dags/example_external_task_marker_dag.py
[2024-07-02 19:59:09,906] {logging_mixin.py:104} INFO - [2024-07-02 19:59:09,906] {dag.py:1824} INFO - Sync 2 DAGs
[2024-07-02 19:59:09,918] {logging_mixin.py:104} INFO - [2024-07-02 19:59:09,918] {dag.py:2280} INFO - Setting next_dagrun for example_external_task_marker_child to None
[2024-07-02 19:59:09,918] {logging_mixin.py:104} INFO - [2024-07-02 19:59:09,918] {dag.py:2280} INFO - Setting next_dagrun for example_external_task_marker_parent to None
[2024-07-02 19:59:09,931] {scheduler_job.py:190} INFO - Processing /home/airflow/.local/lib/python3.6/site-packages/airflow/example_dags/example_external_task_marker_dag.py took 0.055 seconds
[2024-07-02 19:59:40,840] {scheduler_job.py:182} INFO - Started process (PID=230) to work on /home/airflow/.local/lib/python3.6/site-packages/airflow/example_dags/example_external_task_marker_dag.py
[2024-07-02 19:59:40,841] {scheduler_job.py:629} INFO - Processing file /home/airflow/.local/lib/python3.6/site-packages/airflow/example_dags/example_external_task_marker_dag.py for tasks to queue
[2024-07-02 19:59:40,841] {logging_mixin.py:104} INFO - [2024-07-02 19:59:40,841] {dagbag.py:451} INFO - Filling up the DagBag from /home/airflow/.local/lib/python3.6/site-packages/airflow/example_dags/example_external_task_marker_dag.py
[2024-07-02 19:59:40,849] {scheduler_job.py:639} INFO - DAG(s) dict_keys(['example_external_task_marker_parent', 'example_external_task_marker_child']) retrieved from /home/airflow/.local/lib/python3.6/site-packages/airflow/example_dags/example_external_task_marker_dag.py
[2024-07-02 19:59:40,868] {logging_mixin.py:104} INFO - [2024-07-02 19:59:40,868] {dag.py:1824} INFO - Sync 2 DAGs
[2024-07-02 19:59:40,879] {logging_mixin.py:104} INFO - [2024-07-02 19:59:40,879] {dag.py:2280} INFO - Setting next_dagrun for example_external_task_marker_child to None
[2024-07-02 19:59:40,880] {logging_mixin.py:104} INFO - [2024-07-02 19:59:40,880] {dag.py:2280} INFO - Setting next_dagrun for example_external_task_marker_parent to None
[2024-07-02 19:59:40,891] {scheduler_job.py:190} INFO - Processing /home/airflow/.local/lib/python3.6/site-packages/airflow/example_dags/example_external_task_marker_dag.py took 0.053 seconds
[2024-07-02 20:00:11,906] {scheduler_job.py:182} INFO - Started process (PID=256) to work on /home/airflow/.local/lib/python3.6/site-packages/airflow/example_dags/example_external_task_marker_dag.py
[2024-07-02 20:00:11,907] {scheduler_job.py:629} INFO - Processing file /home/airflow/.local/lib/python3.6/site-packages/airflow/example_dags/example_external_task_marker_dag.py for tasks to queue
[2024-07-02 20:00:11,907] {logging_mixin.py:104} INFO - [2024-07-02 20:00:11,907] {dagbag.py:451} INFO - Filling up the DagBag from /home/airflow/.local/lib/python3.6/site-packages/airflow/example_dags/example_external_task_marker_dag.py
[2024-07-02 20:00:11,915] {scheduler_job.py:639} INFO - DAG(s) dict_keys(['example_external_task_marker_parent', 'example_external_task_marker_child']) retrieved from /home/airflow/.local/lib/python3.6/site-packages/airflow/example_dags/example_external_task_marker_dag.py
[2024-07-02 20:00:11,936] {logging_mixin.py:104} INFO - [2024-07-02 20:00:11,936] {dag.py:1824} INFO - Sync 2 DAGs
[2024-07-02 20:00:11,950] {logging_mixin.py:104} INFO - [2024-07-02 20:00:11,950] {dag.py:2280} INFO - Setting next_dagrun for example_external_task_marker_child to None
[2024-07-02 20:00:11,950] {logging_mixin.py:104} INFO - [2024-07-02 20:00:11,950] {dag.py:2280} INFO - Setting next_dagrun for example_external_task_marker_parent to None
[2024-07-02 20:00:11,967] {scheduler_job.py:190} INFO - Processing /home/airflow/.local/lib/python3.6/site-packages/airflow/example_dags/example_external_task_marker_dag.py took 0.062 seconds
[2024-07-02 20:00:42,934] {scheduler_job.py:182} INFO - Started process (PID=282) to work on /home/airflow/.local/lib/python3.6/site-packages/airflow/example_dags/example_external_task_marker_dag.py
[2024-07-02 20:00:42,935] {scheduler_job.py:629} INFO - Processing file /home/airflow/.local/lib/python3.6/site-packages/airflow/example_dags/example_external_task_marker_dag.py for tasks to queue
[2024-07-02 20:00:42,936] {logging_mixin.py:104} INFO - [2024-07-02 20:00:42,936] {dagbag.py:451} INFO - Filling up the DagBag from /home/airflow/.local/lib/python3.6/site-packages/airflow/example_dags/example_external_task_marker_dag.py
[2024-07-02 20:00:42,944] {scheduler_job.py:639} INFO - DAG(s) dict_keys(['example_external_task_marker_parent', 'example_external_task_marker_child']) retrieved from /home/airflow/.local/lib/python3.6/site-packages/airflow/example_dags/example_external_task_marker_dag.py
[2024-07-02 20:00:42,964] {logging_mixin.py:104} INFO - [2024-07-02 20:00:42,964] {dag.py:1824} INFO - Sync 2 DAGs
[2024-07-02 20:00:42,976] {logging_mixin.py:104} INFO - [2024-07-02 20:00:42,976] {dag.py:2280} INFO - Setting next_dagrun for example_external_task_marker_child to None
[2024-07-02 20:00:42,977] {logging_mixin.py:104} INFO - [2024-07-02 20:00:42,977] {dag.py:2280} INFO - Setting next_dagrun for example_external_task_marker_parent to None
[2024-07-02 20:00:42,988] {scheduler_job.py:190} INFO - Processing /home/airflow/.local/lib/python3.6/site-packages/airflow/example_dags/example_external_task_marker_dag.py took 0.057 seconds
[2024-07-02 20:01:13,937] {scheduler_job.py:182} INFO - Started process (PID=308) to work on /home/airflow/.local/lib/python3.6/site-packages/airflow/example_dags/example_external_task_marker_dag.py
[2024-07-02 20:01:13,938] {scheduler_job.py:629} INFO - Processing file /home/airflow/.local/lib/python3.6/site-packages/airflow/example_dags/example_external_task_marker_dag.py for tasks to queue
[2024-07-02 20:01:13,938] {logging_mixin.py:104} INFO - [2024-07-02 20:01:13,938] {dagbag.py:451} INFO - Filling up the DagBag from /home/airflow/.local/lib/python3.6/site-packages/airflow/example_dags/example_external_task_marker_dag.py
[2024-07-02 20:01:13,947] {scheduler_job.py:639} INFO - DAG(s) dict_keys(['example_external_task_marker_parent', 'example_external_task_marker_child']) retrieved from /home/airflow/.local/lib/python3.6/site-packages/airflow/example_dags/example_external_task_marker_dag.py
[2024-07-02 20:01:13,965] {logging_mixin.py:104} INFO - [2024-07-02 20:01:13,965] {dag.py:1824} INFO - Sync 2 DAGs
[2024-07-02 20:01:13,976] {logging_mixin.py:104} INFO - [2024-07-02 20:01:13,976] {dag.py:2280} INFO - Setting next_dagrun for example_external_task_marker_child to None
[2024-07-02 20:01:13,977] {logging_mixin.py:104} INFO - [2024-07-02 20:01:13,977] {dag.py:2280} INFO - Setting next_dagrun for example_external_task_marker_parent to None
[2024-07-02 20:01:13,988] {scheduler_job.py:190} INFO - Processing /home/airflow/.local/lib/python3.6/site-packages/airflow/example_dags/example_external_task_marker_dag.py took 0.052 seconds
[2024-07-02 20:01:44,959] {scheduler_job.py:182} INFO - Started process (PID=334) to work on /home/airflow/.local/lib/python3.6/site-packages/airflow/example_dags/example_external_task_marker_dag.py
[2024-07-02 20:01:44,960] {scheduler_job.py:629} INFO - Processing file /home/airflow/.local/lib/python3.6/site-packages/airflow/example_dags/example_external_task_marker_dag.py for tasks to queue
[2024-07-02 20:01:44,960] {logging_mixin.py:104} INFO - [2024-07-02 20:01:44,960] {dagbag.py:451} INFO - Filling up the DagBag from /home/airflow/.local/lib/python3.6/site-packages/airflow/example_dags/example_external_task_marker_dag.py
[2024-07-02 20:01:44,968] {scheduler_job.py:639} INFO - DAG(s) dict_keys(['example_external_task_marker_parent', 'example_external_task_marker_child']) retrieved from /home/airflow/.local/lib/python3.6/site-packages/airflow/example_dags/example_external_task_marker_dag.py
[2024-07-02 20:01:44,985] {logging_mixin.py:104} INFO - [2024-07-02 20:01:44,985] {dag.py:1824} INFO - Sync 2 DAGs
[2024-07-02 20:01:44,996] {logging_mixin.py:104} INFO - [2024-07-02 20:01:44,996] {dag.py:2280} INFO - Setting next_dagrun for example_external_task_marker_child to None
[2024-07-02 20:01:44,997] {logging_mixin.py:104} INFO - [2024-07-02 20:01:44,996] {dag.py:2280} INFO - Setting next_dagrun for example_external_task_marker_parent to None
[2024-07-02 20:01:45,010] {scheduler_job.py:190} INFO - Processing /home/airflow/.local/lib/python3.6/site-packages/airflow/example_dags/example_external_task_marker_dag.py took 0.053 seconds
[2024-07-02 20:02:16,101] {scheduler_job.py:182} INFO - Started process (PID=360) to work on /home/airflow/.local/lib/python3.6/site-packages/airflow/example_dags/example_external_task_marker_dag.py
[2024-07-02 20:02:16,102] {scheduler_job.py:629} INFO - Processing file /home/airflow/.local/lib/python3.6/site-packages/airflow/example_dags/example_external_task_marker_dag.py for tasks to queue
[2024-07-02 20:02:16,103] {logging_mixin.py:104} INFO - [2024-07-02 20:02:16,102] {dagbag.py:451} INFO - Filling up the DagBag from /home/airflow/.local/lib/python3.6/site-packages/airflow/example_dags/example_external_task_marker_dag.py
[2024-07-02 20:02:16,112] {scheduler_job.py:639} INFO - DAG(s) dict_keys(['example_external_task_marker_parent', 'example_external_task_marker_child']) retrieved from /home/airflow/.local/lib/python3.6/site-packages/airflow/example_dags/example_external_task_marker_dag.py
[2024-07-02 20:02:16,133] {logging_mixin.py:104} INFO - [2024-07-02 20:02:16,133] {dag.py:1824} INFO - Sync 2 DAGs
[2024-07-02 20:02:16,144] {logging_mixin.py:104} INFO - [2024-07-02 20:02:16,144] {dag.py:2280} INFO - Setting next_dagrun for example_external_task_marker_child to None
[2024-07-02 20:02:16,145] {logging_mixin.py:104} INFO - [2024-07-02 20:02:16,145] {dag.py:2280} INFO - Setting next_dagrun for example_external_task_marker_parent to None
[2024-07-02 20:02:16,156] {scheduler_job.py:190} INFO - Processing /home/airflow/.local/lib/python3.6/site-packages/airflow/example_dags/example_external_task_marker_dag.py took 0.057 seconds
[2024-07-02 20:02:46,199] {scheduler_job.py:182} INFO - Started process (PID=386) to work on /home/airflow/.local/lib/python3.6/site-packages/airflow/example_dags/example_external_task_marker_dag.py
[2024-07-02 20:02:46,199] {scheduler_job.py:629} INFO - Processing file /home/airflow/.local/lib/python3.6/site-packages/airflow/example_dags/example_external_task_marker_dag.py for tasks to queue
[2024-07-02 20:02:46,200] {logging_mixin.py:104} INFO - [2024-07-02 20:02:46,200] {dagbag.py:451} INFO - Filling up the DagBag from /home/airflow/.local/lib/python3.6/site-packages/airflow/example_dags/example_external_task_marker_dag.py
[2024-07-02 20:02:46,208] {scheduler_job.py:639} INFO - DAG(s) dict_keys(['example_external_task_marker_parent', 'example_external_task_marker_child']) retrieved from /home/airflow/.local/lib/python3.6/site-packages/airflow/example_dags/example_external_task_marker_dag.py
[2024-07-02 20:02:46,225] {logging_mixin.py:104} INFO - [2024-07-02 20:02:46,225] {dag.py:1824} INFO - Sync 2 DAGs
[2024-07-02 20:02:46,236] {logging_mixin.py:104} INFO - [2024-07-02 20:02:46,236] {dag.py:2280} INFO - Setting next_dagrun for example_external_task_marker_child to None
[2024-07-02 20:02:46,237] {logging_mixin.py:104} INFO - [2024-07-02 20:02:46,237] {dag.py:2280} INFO - Setting next_dagrun for example_external_task_marker_parent to None
[2024-07-02 20:02:46,251] {scheduler_job.py:190} INFO - Processing /home/airflow/.local/lib/python3.6/site-packages/airflow/example_dags/example_external_task_marker_dag.py took 0.054 seconds
[2024-07-02 20:03:16,375] {scheduler_job.py:182} INFO - Started process (PID=412) to work on /home/airflow/.local/lib/python3.6/site-packages/airflow/example_dags/example_external_task_marker_dag.py
[2024-07-02 20:03:16,376] {scheduler_job.py:629} INFO - Processing file /home/airflow/.local/lib/python3.6/site-packages/airflow/example_dags/example_external_task_marker_dag.py for tasks to queue
[2024-07-02 20:03:16,377] {logging_mixin.py:104} INFO - [2024-07-02 20:03:16,377] {dagbag.py:451} INFO - Filling up the DagBag from /home/airflow/.local/lib/python3.6/site-packages/airflow/example_dags/example_external_task_marker_dag.py
[2024-07-02 20:03:16,387] {scheduler_job.py:639} INFO - DAG(s) dict_keys(['example_external_task_marker_parent', 'example_external_task_marker_child']) retrieved from /home/airflow/.local/lib/python3.6/site-packages/airflow/example_dags/example_external_task_marker_dag.py
[2024-07-02 20:03:16,407] {logging_mixin.py:104} INFO - [2024-07-02 20:03:16,407] {dag.py:1824} INFO - Sync 2 DAGs
[2024-07-02 20:03:16,418] {logging_mixin.py:104} INFO - [2024-07-02 20:03:16,417] {dag.py:2280} INFO - Setting next_dagrun for example_external_task_marker_child to None
[2024-07-02 20:03:16,418] {logging_mixin.py:104} INFO - [2024-07-02 20:03:16,418] {dag.py:2280} INFO - Setting next_dagrun for example_external_task_marker_parent to None
[2024-07-02 20:03:16,434] {scheduler_job.py:190} INFO - Processing /home/airflow/.local/lib/python3.6/site-packages/airflow/example_dags/example_external_task_marker_dag.py took 0.061 seconds
[2024-07-02 20:03:46,485] {scheduler_job.py:182} INFO - Started process (PID=438) to work on /home/airflow/.local/lib/python3.6/site-packages/airflow/example_dags/example_external_task_marker_dag.py
[2024-07-02 20:03:46,485] {scheduler_job.py:629} INFO - Processing file /home/airflow/.local/lib/python3.6/site-packages/airflow/example_dags/example_external_task_marker_dag.py for tasks to queue
[2024-07-02 20:03:46,486] {logging_mixin.py:104} INFO - [2024-07-02 20:03:46,486] {dagbag.py:451} INFO - Filling up the DagBag from /home/airflow/.local/lib/python3.6/site-packages/airflow/example_dags/example_external_task_marker_dag.py
[2024-07-02 20:03:46,494] {scheduler_job.py:639} INFO - DAG(s) dict_keys(['example_external_task_marker_parent', 'example_external_task_marker_child']) retrieved from /home/airflow/.local/lib/python3.6/site-packages/airflow/example_dags/example_external_task_marker_dag.py
[2024-07-02 20:03:46,512] {logging_mixin.py:104} INFO - [2024-07-02 20:03:46,512] {dag.py:1824} INFO - Sync 2 DAGs
[2024-07-02 20:03:46,523] {logging_mixin.py:104} INFO - [2024-07-02 20:03:46,523] {dag.py:2280} INFO - Setting next_dagrun for example_external_task_marker_child to None
[2024-07-02 20:03:46,523] {logging_mixin.py:104} INFO - [2024-07-02 20:03:46,523] {dag.py:2280} INFO - Setting next_dagrun for example_external_task_marker_parent to None
[2024-07-02 20:03:46,535] {scheduler_job.py:190} INFO - Processing /home/airflow/.local/lib/python3.6/site-packages/airflow/example_dags/example_external_task_marker_dag.py took 0.052 seconds
[2024-07-02 20:04:16,571] {scheduler_job.py:182} INFO - Started process (PID=464) to work on /home/airflow/.local/lib/python3.6/site-packages/airflow/example_dags/example_external_task_marker_dag.py
[2024-07-02 20:04:16,572] {scheduler_job.py:629} INFO - Processing file /home/airflow/.local/lib/python3.6/site-packages/airflow/example_dags/example_external_task_marker_dag.py for tasks to queue
[2024-07-02 20:04:16,572] {logging_mixin.py:104} INFO - [2024-07-02 20:04:16,572] {dagbag.py:451} INFO - Filling up the DagBag from /home/airflow/.local/lib/python3.6/site-packages/airflow/example_dags/example_external_task_marker_dag.py
[2024-07-02 20:04:16,580] {scheduler_job.py:639} INFO - DAG(s) dict_keys(['example_external_task_marker_parent', 'example_external_task_marker_child']) retrieved from /home/airflow/.local/lib/python3.6/site-packages/airflow/example_dags/example_external_task_marker_dag.py
[2024-07-02 20:04:16,598] {logging_mixin.py:104} INFO - [2024-07-02 20:04:16,598] {dag.py:1824} INFO - Sync 2 DAGs
[2024-07-02 20:04:16,610] {logging_mixin.py:104} INFO - [2024-07-02 20:04:16,610] {dag.py:2280} INFO - Setting next_dagrun for example_external_task_marker_child to None
[2024-07-02 20:04:16,611] {logging_mixin.py:104} INFO - [2024-07-02 20:04:16,611] {dag.py:2280} INFO - Setting next_dagrun for example_external_task_marker_parent to None
[2024-07-02 20:04:16,622] {scheduler_job.py:190} INFO - Processing /home/airflow/.local/lib/python3.6/site-packages/airflow/example_dags/example_external_task_marker_dag.py took 0.052 seconds
[2024-07-02 20:04:46,668] {scheduler_job.py:182} INFO - Started process (PID=490) to work on /home/airflow/.local/lib/python3.6/site-packages/airflow/example_dags/example_external_task_marker_dag.py
[2024-07-02 20:04:46,669] {scheduler_job.py:629} INFO - Processing file /home/airflow/.local/lib/python3.6/site-packages/airflow/example_dags/example_external_task_marker_dag.py for tasks to queue
[2024-07-02 20:04:46,669] {logging_mixin.py:104} INFO - [2024-07-02 20:04:46,669] {dagbag.py:451} INFO - Filling up the DagBag from /home/airflow/.local/lib/python3.6/site-packages/airflow/example_dags/example_external_task_marker_dag.py
[2024-07-02 20:04:46,677] {scheduler_job.py:639} INFO - DAG(s) dict_keys(['example_external_task_marker_parent', 'example_external_task_marker_child']) retrieved from /home/airflow/.local/lib/python3.6/site-packages/airflow/example_dags/example_external_task_marker_dag.py
[2024-07-02 20:04:46,694] {logging_mixin.py:104} INFO - [2024-07-02 20:04:46,693] {dag.py:1824} INFO - Sync 2 DAGs
[2024-07-02 20:04:46,705] {logging_mixin.py:104} INFO - [2024-07-02 20:04:46,705] {dag.py:2280} INFO - Setting next_dagrun for example_external_task_marker_child to None
[2024-07-02 20:04:46,705] {logging_mixin.py:104} INFO - [2024-07-02 20:04:46,705] {dag.py:2280} INFO - Setting next_dagrun for example_external_task_marker_parent to None
[2024-07-02 20:04:46,717] {scheduler_job.py:190} INFO - Processing /home/airflow/.local/lib/python3.6/site-packages/airflow/example_dags/example_external_task_marker_dag.py took 0.050 seconds
[2024-07-02 20:05:16,729] {scheduler_job.py:182} INFO - Started process (PID=516) to work on /home/airflow/.local/lib/python3.6/site-packages/airflow/example_dags/example_external_task_marker_dag.py
[2024-07-02 20:05:16,730] {scheduler_job.py:629} INFO - Processing file /home/airflow/.local/lib/python3.6/site-packages/airflow/example_dags/example_external_task_marker_dag.py for tasks to queue
[2024-07-02 20:05:16,730] {logging_mixin.py:104} INFO - [2024-07-02 20:05:16,730] {dagbag.py:451} INFO - Filling up the DagBag from /home/airflow/.local/lib/python3.6/site-packages/airflow/example_dags/example_external_task_marker_dag.py
[2024-07-02 20:05:16,738] {scheduler_job.py:639} INFO - DAG(s) dict_keys(['example_external_task_marker_parent', 'example_external_task_marker_child']) retrieved from /home/airflow/.local/lib/python3.6/site-packages/airflow/example_dags/example_external_task_marker_dag.py
[2024-07-02 20:05:16,757] {logging_mixin.py:104} INFO - [2024-07-02 20:05:16,757] {dag.py:1824} INFO - Sync 2 DAGs
[2024-07-02 20:05:16,772] {logging_mixin.py:104} INFO - [2024-07-02 20:05:16,772] {dag.py:2280} INFO - Setting next_dagrun for example_external_task_marker_child to None
[2024-07-02 20:05:16,773] {logging_mixin.py:104} INFO - [2024-07-02 20:05:16,773] {dag.py:2280} INFO - Setting next_dagrun for example_external_task_marker_parent to None
[2024-07-02 20:05:16,789] {scheduler_job.py:190} INFO - Processing /home/airflow/.local/lib/python3.6/site-packages/airflow/example_dags/example_external_task_marker_dag.py took 0.062 seconds
[2024-07-02 20:05:47,725] {scheduler_job.py:182} INFO - Started process (PID=542) to work on /home/airflow/.local/lib/python3.6/site-packages/airflow/example_dags/example_external_task_marker_dag.py
[2024-07-02 20:05:47,725] {scheduler_job.py:629} INFO - Processing file /home/airflow/.local/lib/python3.6/site-packages/airflow/example_dags/example_external_task_marker_dag.py for tasks to queue
[2024-07-02 20:05:47,726] {logging_mixin.py:104} INFO - [2024-07-02 20:05:47,725] {dagbag.py:451} INFO - Filling up the DagBag from /home/airflow/.local/lib/python3.6/site-packages/airflow/example_dags/example_external_task_marker_dag.py
[2024-07-02 20:05:47,733] {scheduler_job.py:639} INFO - DAG(s) dict_keys(['example_external_task_marker_parent', 'example_external_task_marker_child']) retrieved from /home/airflow/.local/lib/python3.6/site-packages/airflow/example_dags/example_external_task_marker_dag.py
[2024-07-02 20:05:47,752] {logging_mixin.py:104} INFO - [2024-07-02 20:05:47,751] {dag.py:1824} INFO - Sync 2 DAGs
[2024-07-02 20:05:47,763] {logging_mixin.py:104} INFO - [2024-07-02 20:05:47,763] {dag.py:2280} INFO - Setting next_dagrun for example_external_task_marker_child to None
[2024-07-02 20:05:47,763] {logging_mixin.py:104} INFO - [2024-07-02 20:05:47,763] {dag.py:2280} INFO - Setting next_dagrun for example_external_task_marker_parent to None
[2024-07-02 20:05:47,773] {scheduler_job.py:190} INFO - Processing /home/airflow/.local/lib/python3.6/site-packages/airflow/example_dags/example_external_task_marker_dag.py took 0.051 seconds
[2024-07-02 20:06:18,600] {scheduler_job.py:182} INFO - Started process (PID=568) to work on /home/airflow/.local/lib/python3.6/site-packages/airflow/example_dags/example_external_task_marker_dag.py
[2024-07-02 20:06:18,601] {scheduler_job.py:629} INFO - Processing file /home/airflow/.local/lib/python3.6/site-packages/airflow/example_dags/example_external_task_marker_dag.py for tasks to queue
[2024-07-02 20:06:18,601] {logging_mixin.py:104} INFO - [2024-07-02 20:06:18,601] {dagbag.py:451} INFO - Filling up the DagBag from /home/airflow/.local/lib/python3.6/site-packages/airflow/example_dags/example_external_task_marker_dag.py
[2024-07-02 20:06:18,609] {scheduler_job.py:639} INFO - DAG(s) dict_keys(['example_external_task_marker_parent', 'example_external_task_marker_child']) retrieved from /home/airflow/.local/lib/python3.6/site-packages/airflow/example_dags/example_external_task_marker_dag.py
[2024-07-02 20:06:18,625] {logging_mixin.py:104} INFO - [2024-07-02 20:06:18,625] {dag.py:1824} INFO - Sync 2 DAGs
[2024-07-02 20:06:18,637] {logging_mixin.py:104} INFO - [2024-07-02 20:06:18,637] {dag.py:2280} INFO - Setting next_dagrun for example_external_task_marker_child to None
[2024-07-02 20:06:18,638] {logging_mixin.py:104} INFO - [2024-07-02 20:06:18,638] {dag.py:2280} INFO - Setting next_dagrun for example_external_task_marker_parent to None
[2024-07-02 20:06:18,646] {scheduler_job.py:190} INFO - Processing /home/airflow/.local/lib/python3.6/site-packages/airflow/example_dags/example_external_task_marker_dag.py took 0.048 seconds
[2024-07-02 20:06:49,607] {scheduler_job.py:182} INFO - Started process (PID=594) to work on /home/airflow/.local/lib/python3.6/site-packages/airflow/example_dags/example_external_task_marker_dag.py
[2024-07-02 20:06:49,608] {scheduler_job.py:629} INFO - Processing file /home/airflow/.local/lib/python3.6/site-packages/airflow/example_dags/example_external_task_marker_dag.py for tasks to queue
[2024-07-02 20:06:49,608] {logging_mixin.py:104} INFO - [2024-07-02 20:06:49,608] {dagbag.py:451} INFO - Filling up the DagBag from /home/airflow/.local/lib/python3.6/site-packages/airflow/example_dags/example_external_task_marker_dag.py
[2024-07-02 20:06:49,616] {scheduler_job.py:639} INFO - DAG(s) dict_keys(['example_external_task_marker_parent', 'example_external_task_marker_child']) retrieved from /home/airflow/.local/lib/python3.6/site-packages/airflow/example_dags/example_external_task_marker_dag.py
[2024-07-02 20:06:49,635] {logging_mixin.py:104} INFO - [2024-07-02 20:06:49,635] {dag.py:1824} INFO - Sync 2 DAGs
[2024-07-02 20:06:49,646] {logging_mixin.py:104} INFO - [2024-07-02 20:06:49,646] {dag.py:2280} INFO - Setting next_dagrun for example_external_task_marker_child to None
[2024-07-02 20:06:49,647] {logging_mixin.py:104} INFO - [2024-07-02 20:06:49,647] {dag.py:2280} INFO - Setting next_dagrun for example_external_task_marker_parent to None
[2024-07-02 20:06:49,668] {scheduler_job.py:190} INFO - Processing /home/airflow/.local/lib/python3.6/site-packages/airflow/example_dags/example_external_task_marker_dag.py took 0.063 seconds
[2024-07-02 20:07:20,686] {scheduler_job.py:182} INFO - Started process (PID=620) to work on /home/airflow/.local/lib/python3.6/site-packages/airflow/example_dags/example_external_task_marker_dag.py
[2024-07-02 20:07:20,687] {scheduler_job.py:629} INFO - Processing file /home/airflow/.local/lib/python3.6/site-packages/airflow/example_dags/example_external_task_marker_dag.py for tasks to queue
[2024-07-02 20:07:20,687] {logging_mixin.py:104} INFO - [2024-07-02 20:07:20,687] {dagbag.py:451} INFO - Filling up the DagBag from /home/airflow/.local/lib/python3.6/site-packages/airflow/example_dags/example_external_task_marker_dag.py
[2024-07-02 20:07:20,696] {scheduler_job.py:639} INFO - DAG(s) dict_keys(['example_external_task_marker_parent', 'example_external_task_marker_child']) retrieved from /home/airflow/.local/lib/python3.6/site-packages/airflow/example_dags/example_external_task_marker_dag.py
[2024-07-02 20:07:20,714] {logging_mixin.py:104} INFO - [2024-07-02 20:07:20,714] {dag.py:1824} INFO - Sync 2 DAGs
[2024-07-02 20:07:20,726] {logging_mixin.py:104} INFO - [2024-07-02 20:07:20,726] {dag.py:2280} INFO - Setting next_dagrun for example_external_task_marker_child to None
[2024-07-02 20:07:20,726] {logging_mixin.py:104} INFO - [2024-07-02 20:07:20,726] {dag.py:2280} INFO - Setting next_dagrun for example_external_task_marker_parent to None
[2024-07-02 20:07:20,745] {scheduler_job.py:190} INFO - Processing /home/airflow/.local/lib/python3.6/site-packages/airflow/example_dags/example_external_task_marker_dag.py took 0.061 seconds
