[2024-07-02 19:52:34,145] {scheduler_job.py:182} INFO - Started process (PID=46) to work on /home/airflow/.local/lib/python3.6/site-packages/airflow/example_dags/example_kubernetes_executor.py
[2024-07-02 19:52:34,146] {scheduler_job.py:629} INFO - Processing file /home/airflow/.local/lib/python3.6/site-packages/airflow/example_dags/example_kubernetes_executor.py for tasks to queue
[2024-07-02 19:52:34,147] {logging_mixin.py:104} INFO - [2024-07-02 19:52:34,147] {dagbag.py:451} INFO - Filling up the DagBag from /home/airflow/.local/lib/python3.6/site-packages/airflow/example_dags/example_kubernetes_executor.py
[2024-07-02 19:52:34,168] {scheduler_job.py:639} INFO - DAG(s) dict_keys(['example_kubernetes_executor']) retrieved from /home/airflow/.local/lib/python3.6/site-packages/airflow/example_dags/example_kubernetes_executor.py
[2024-07-02 19:52:34,203] {logging_mixin.py:104} INFO - [2024-07-02 19:52:34,203] {dag.py:1824} INFO - Sync 1 DAGs
[2024-07-02 19:52:34,218] {logging_mixin.py:104} INFO - [2024-07-02 19:52:34,218] {dag.py:1843} INFO - Creating ORM DAG for example_kubernetes_executor
[2024-07-02 19:52:34,229] {logging_mixin.py:104} INFO - [2024-07-02 19:52:34,228] {dag.py:2280} INFO - Setting next_dagrun for example_kubernetes_executor to None
[2024-07-02 19:52:34,259] {scheduler_job.py:190} INFO - Processing /home/airflow/.local/lib/python3.6/site-packages/airflow/example_dags/example_kubernetes_executor.py took 0.118 seconds
[2024-07-02 19:53:04,529] {scheduler_job.py:182} INFO - Started process (PID=72) to work on /home/airflow/.local/lib/python3.6/site-packages/airflow/example_dags/example_kubernetes_executor.py
[2024-07-02 19:53:04,530] {scheduler_job.py:629} INFO - Processing file /home/airflow/.local/lib/python3.6/site-packages/airflow/example_dags/example_kubernetes_executor.py for tasks to queue
[2024-07-02 19:53:04,530] {logging_mixin.py:104} INFO - [2024-07-02 19:53:04,530] {dagbag.py:451} INFO - Filling up the DagBag from /home/airflow/.local/lib/python3.6/site-packages/airflow/example_dags/example_kubernetes_executor.py
[2024-07-02 19:53:04,539] {scheduler_job.py:639} INFO - DAG(s) dict_keys(['example_kubernetes_executor']) retrieved from /home/airflow/.local/lib/python3.6/site-packages/airflow/example_dags/example_kubernetes_executor.py
[2024-07-02 19:53:04,556] {logging_mixin.py:104} INFO - [2024-07-02 19:53:04,556] {dag.py:1824} INFO - Sync 1 DAGs
[2024-07-02 19:53:04,567] {logging_mixin.py:104} INFO - [2024-07-02 19:53:04,567] {dag.py:2280} INFO - Setting next_dagrun for example_kubernetes_executor to None
[2024-07-02 19:53:04,575] {scheduler_job.py:190} INFO - Processing /home/airflow/.local/lib/python3.6/site-packages/airflow/example_dags/example_kubernetes_executor.py took 0.048 seconds
[2024-07-02 19:53:35,428] {scheduler_job.py:182} INFO - Started process (PID=98) to work on /home/airflow/.local/lib/python3.6/site-packages/airflow/example_dags/example_kubernetes_executor.py
[2024-07-02 19:53:35,429] {scheduler_job.py:629} INFO - Processing file /home/airflow/.local/lib/python3.6/site-packages/airflow/example_dags/example_kubernetes_executor.py for tasks to queue
[2024-07-02 19:53:35,429] {logging_mixin.py:104} INFO - [2024-07-02 19:53:35,429] {dagbag.py:451} INFO - Filling up the DagBag from /home/airflow/.local/lib/python3.6/site-packages/airflow/example_dags/example_kubernetes_executor.py
[2024-07-02 19:53:35,439] {scheduler_job.py:639} INFO - DAG(s) dict_keys(['example_kubernetes_executor']) retrieved from /home/airflow/.local/lib/python3.6/site-packages/airflow/example_dags/example_kubernetes_executor.py
[2024-07-02 19:53:35,455] {logging_mixin.py:104} INFO - [2024-07-02 19:53:35,455] {dag.py:1824} INFO - Sync 1 DAGs
[2024-07-02 19:53:35,466] {logging_mixin.py:104} INFO - [2024-07-02 19:53:35,466] {dag.py:2280} INFO - Setting next_dagrun for example_kubernetes_executor to None
[2024-07-02 19:53:35,474] {scheduler_job.py:190} INFO - Processing /home/airflow/.local/lib/python3.6/site-packages/airflow/example_dags/example_kubernetes_executor.py took 0.048 seconds
[2024-07-02 19:54:06,396] {scheduler_job.py:182} INFO - Started process (PID=124) to work on /home/airflow/.local/lib/python3.6/site-packages/airflow/example_dags/example_kubernetes_executor.py
[2024-07-02 19:54:06,397] {scheduler_job.py:629} INFO - Processing file /home/airflow/.local/lib/python3.6/site-packages/airflow/example_dags/example_kubernetes_executor.py for tasks to queue
[2024-07-02 19:54:06,398] {logging_mixin.py:104} INFO - [2024-07-02 19:54:06,398] {dagbag.py:451} INFO - Filling up the DagBag from /home/airflow/.local/lib/python3.6/site-packages/airflow/example_dags/example_kubernetes_executor.py
[2024-07-02 19:54:06,409] {scheduler_job.py:639} INFO - DAG(s) dict_keys(['example_kubernetes_executor']) retrieved from /home/airflow/.local/lib/python3.6/site-packages/airflow/example_dags/example_kubernetes_executor.py
[2024-07-02 19:54:06,433] {logging_mixin.py:104} INFO - [2024-07-02 19:54:06,432] {dag.py:1824} INFO - Sync 1 DAGs
[2024-07-02 19:54:06,452] {logging_mixin.py:104} INFO - [2024-07-02 19:54:06,452] {dag.py:2280} INFO - Setting next_dagrun for example_kubernetes_executor to None
[2024-07-02 19:54:06,463] {scheduler_job.py:190} INFO - Processing /home/airflow/.local/lib/python3.6/site-packages/airflow/example_dags/example_kubernetes_executor.py took 0.069 seconds
[2024-07-02 19:54:37,452] {scheduler_job.py:182} INFO - Started process (PID=150) to work on /home/airflow/.local/lib/python3.6/site-packages/airflow/example_dags/example_kubernetes_executor.py
[2024-07-02 19:54:37,453] {scheduler_job.py:629} INFO - Processing file /home/airflow/.local/lib/python3.6/site-packages/airflow/example_dags/example_kubernetes_executor.py for tasks to queue
[2024-07-02 19:54:37,453] {logging_mixin.py:104} INFO - [2024-07-02 19:54:37,453] {dagbag.py:451} INFO - Filling up the DagBag from /home/airflow/.local/lib/python3.6/site-packages/airflow/example_dags/example_kubernetes_executor.py
[2024-07-02 19:54:37,462] {scheduler_job.py:639} INFO - DAG(s) dict_keys(['example_kubernetes_executor']) retrieved from /home/airflow/.local/lib/python3.6/site-packages/airflow/example_dags/example_kubernetes_executor.py
[2024-07-02 19:54:37,476] {logging_mixin.py:104} INFO - [2024-07-02 19:54:37,476] {dag.py:1824} INFO - Sync 1 DAGs
[2024-07-02 19:54:37,487] {logging_mixin.py:104} INFO - [2024-07-02 19:54:37,487] {dag.py:2280} INFO - Setting next_dagrun for example_kubernetes_executor to None
[2024-07-02 19:54:37,495] {scheduler_job.py:190} INFO - Processing /home/airflow/.local/lib/python3.6/site-packages/airflow/example_dags/example_kubernetes_executor.py took 0.045 seconds
[2024-07-02 19:55:08,406] {scheduler_job.py:182} INFO - Started process (PID=176) to work on /home/airflow/.local/lib/python3.6/site-packages/airflow/example_dags/example_kubernetes_executor.py
[2024-07-02 19:55:08,407] {scheduler_job.py:629} INFO - Processing file /home/airflow/.local/lib/python3.6/site-packages/airflow/example_dags/example_kubernetes_executor.py for tasks to queue
[2024-07-02 19:55:08,407] {logging_mixin.py:104} INFO - [2024-07-02 19:55:08,407] {dagbag.py:451} INFO - Filling up the DagBag from /home/airflow/.local/lib/python3.6/site-packages/airflow/example_dags/example_kubernetes_executor.py
[2024-07-02 19:55:08,416] {scheduler_job.py:639} INFO - DAG(s) dict_keys(['example_kubernetes_executor']) retrieved from /home/airflow/.local/lib/python3.6/site-packages/airflow/example_dags/example_kubernetes_executor.py
[2024-07-02 19:55:08,431] {logging_mixin.py:104} INFO - [2024-07-02 19:55:08,430] {dag.py:1824} INFO - Sync 1 DAGs
[2024-07-02 19:55:08,441] {logging_mixin.py:104} INFO - [2024-07-02 19:55:08,441] {dag.py:2280} INFO - Setting next_dagrun for example_kubernetes_executor to None
[2024-07-02 19:55:08,449] {scheduler_job.py:190} INFO - Processing /home/airflow/.local/lib/python3.6/site-packages/airflow/example_dags/example_kubernetes_executor.py took 0.044 seconds
[2024-07-02 19:56:06,512] {scheduler_job.py:182} INFO - Started process (PID=43) to work on /home/airflow/.local/lib/python3.6/site-packages/airflow/example_dags/example_kubernetes_executor.py
[2024-07-02 19:56:06,513] {scheduler_job.py:629} INFO - Processing file /home/airflow/.local/lib/python3.6/site-packages/airflow/example_dags/example_kubernetes_executor.py for tasks to queue
[2024-07-02 19:56:06,514] {logging_mixin.py:104} INFO - [2024-07-02 19:56:06,514] {dagbag.py:451} INFO - Filling up the DagBag from /home/airflow/.local/lib/python3.6/site-packages/airflow/example_dags/example_kubernetes_executor.py
[2024-07-02 19:56:06,531] {scheduler_job.py:639} INFO - DAG(s) dict_keys(['example_kubernetes_executor']) retrieved from /home/airflow/.local/lib/python3.6/site-packages/airflow/example_dags/example_kubernetes_executor.py
[2024-07-02 19:56:06,557] {logging_mixin.py:104} INFO - [2024-07-02 19:56:06,557] {dag.py:1824} INFO - Sync 1 DAGs
[2024-07-02 19:56:06,578] {logging_mixin.py:104} INFO - [2024-07-02 19:56:06,577] {dag.py:2280} INFO - Setting next_dagrun for example_kubernetes_executor to None
[2024-07-02 19:56:06,590] {scheduler_job.py:190} INFO - Processing /home/airflow/.local/lib/python3.6/site-packages/airflow/example_dags/example_kubernetes_executor.py took 0.082 seconds
[2024-07-02 19:56:36,788] {scheduler_job.py:182} INFO - Started process (PID=72) to work on /home/airflow/.local/lib/python3.6/site-packages/airflow/example_dags/example_kubernetes_executor.py
[2024-07-02 19:56:36,788] {scheduler_job.py:629} INFO - Processing file /home/airflow/.local/lib/python3.6/site-packages/airflow/example_dags/example_kubernetes_executor.py for tasks to queue
[2024-07-02 19:56:36,789] {logging_mixin.py:104} INFO - [2024-07-02 19:56:36,789] {dagbag.py:451} INFO - Filling up the DagBag from /home/airflow/.local/lib/python3.6/site-packages/airflow/example_dags/example_kubernetes_executor.py
[2024-07-02 19:56:36,797] {scheduler_job.py:639} INFO - DAG(s) dict_keys(['example_kubernetes_executor']) retrieved from /home/airflow/.local/lib/python3.6/site-packages/airflow/example_dags/example_kubernetes_executor.py
[2024-07-02 19:56:36,811] {logging_mixin.py:104} INFO - [2024-07-02 19:56:36,811] {dag.py:1824} INFO - Sync 1 DAGs
[2024-07-02 19:56:36,822] {logging_mixin.py:104} INFO - [2024-07-02 19:56:36,822] {dag.py:2280} INFO - Setting next_dagrun for example_kubernetes_executor to None
[2024-07-02 19:56:36,830] {scheduler_job.py:190} INFO - Processing /home/airflow/.local/lib/python3.6/site-packages/airflow/example_dags/example_kubernetes_executor.py took 0.044 seconds
[2024-07-02 19:57:06,942] {scheduler_job.py:182} INFO - Started process (PID=98) to work on /home/airflow/.local/lib/python3.6/site-packages/airflow/example_dags/example_kubernetes_executor.py
[2024-07-02 19:57:06,943] {scheduler_job.py:629} INFO - Processing file /home/airflow/.local/lib/python3.6/site-packages/airflow/example_dags/example_kubernetes_executor.py for tasks to queue
[2024-07-02 19:57:06,943] {logging_mixin.py:104} INFO - [2024-07-02 19:57:06,943] {dagbag.py:451} INFO - Filling up the DagBag from /home/airflow/.local/lib/python3.6/site-packages/airflow/example_dags/example_kubernetes_executor.py
[2024-07-02 19:57:06,953] {scheduler_job.py:639} INFO - DAG(s) dict_keys(['example_kubernetes_executor']) retrieved from /home/airflow/.local/lib/python3.6/site-packages/airflow/example_dags/example_kubernetes_executor.py
[2024-07-02 19:57:06,970] {logging_mixin.py:104} INFO - [2024-07-02 19:57:06,970] {dag.py:1824} INFO - Sync 1 DAGs
[2024-07-02 19:57:06,981] {logging_mixin.py:104} INFO - [2024-07-02 19:57:06,980] {dag.py:2280} INFO - Setting next_dagrun for example_kubernetes_executor to None
[2024-07-02 19:57:06,988] {scheduler_job.py:190} INFO - Processing /home/airflow/.local/lib/python3.6/site-packages/airflow/example_dags/example_kubernetes_executor.py took 0.048 seconds
[2024-07-02 19:57:37,037] {scheduler_job.py:182} INFO - Started process (PID=124) to work on /home/airflow/.local/lib/python3.6/site-packages/airflow/example_dags/example_kubernetes_executor.py
[2024-07-02 19:57:37,038] {scheduler_job.py:629} INFO - Processing file /home/airflow/.local/lib/python3.6/site-packages/airflow/example_dags/example_kubernetes_executor.py for tasks to queue
[2024-07-02 19:57:37,038] {logging_mixin.py:104} INFO - [2024-07-02 19:57:37,038] {dagbag.py:451} INFO - Filling up the DagBag from /home/airflow/.local/lib/python3.6/site-packages/airflow/example_dags/example_kubernetes_executor.py
[2024-07-02 19:57:37,048] {scheduler_job.py:639} INFO - DAG(s) dict_keys(['example_kubernetes_executor']) retrieved from /home/airflow/.local/lib/python3.6/site-packages/airflow/example_dags/example_kubernetes_executor.py
[2024-07-02 19:57:37,063] {logging_mixin.py:104} INFO - [2024-07-02 19:57:37,063] {dag.py:1824} INFO - Sync 1 DAGs
[2024-07-02 19:57:37,074] {logging_mixin.py:104} INFO - [2024-07-02 19:57:37,074] {dag.py:2280} INFO - Setting next_dagrun for example_kubernetes_executor to None
[2024-07-02 19:57:37,082] {scheduler_job.py:190} INFO - Processing /home/airflow/.local/lib/python3.6/site-packages/airflow/example_dags/example_kubernetes_executor.py took 0.047 seconds
[2024-07-02 19:58:07,811] {scheduler_job.py:182} INFO - Started process (PID=147) to work on /home/airflow/.local/lib/python3.6/site-packages/airflow/example_dags/example_kubernetes_executor.py
[2024-07-02 19:58:07,812] {scheduler_job.py:629} INFO - Processing file /home/airflow/.local/lib/python3.6/site-packages/airflow/example_dags/example_kubernetes_executor.py for tasks to queue
[2024-07-02 19:58:07,812] {logging_mixin.py:104} INFO - [2024-07-02 19:58:07,812] {dagbag.py:451} INFO - Filling up the DagBag from /home/airflow/.local/lib/python3.6/site-packages/airflow/example_dags/example_kubernetes_executor.py
[2024-07-02 19:58:07,821] {scheduler_job.py:639} INFO - DAG(s) dict_keys(['example_kubernetes_executor']) retrieved from /home/airflow/.local/lib/python3.6/site-packages/airflow/example_dags/example_kubernetes_executor.py
[2024-07-02 19:58:07,838] {logging_mixin.py:104} INFO - [2024-07-02 19:58:07,838] {dag.py:1824} INFO - Sync 1 DAGs
[2024-07-02 19:58:07,849] {logging_mixin.py:104} INFO - [2024-07-02 19:58:07,849] {dag.py:2280} INFO - Setting next_dagrun for example_kubernetes_executor to None
[2024-07-02 19:58:07,857] {scheduler_job.py:190} INFO - Processing /home/airflow/.local/lib/python3.6/site-packages/airflow/example_dags/example_kubernetes_executor.py took 0.048 seconds
[2024-07-02 19:58:38,806] {scheduler_job.py:182} INFO - Started process (PID=173) to work on /home/airflow/.local/lib/python3.6/site-packages/airflow/example_dags/example_kubernetes_executor.py
[2024-07-02 19:58:38,807] {scheduler_job.py:629} INFO - Processing file /home/airflow/.local/lib/python3.6/site-packages/airflow/example_dags/example_kubernetes_executor.py for tasks to queue
[2024-07-02 19:58:38,808] {logging_mixin.py:104} INFO - [2024-07-02 19:58:38,808] {dagbag.py:451} INFO - Filling up the DagBag from /home/airflow/.local/lib/python3.6/site-packages/airflow/example_dags/example_kubernetes_executor.py
[2024-07-02 19:58:38,819] {scheduler_job.py:639} INFO - DAG(s) dict_keys(['example_kubernetes_executor']) retrieved from /home/airflow/.local/lib/python3.6/site-packages/airflow/example_dags/example_kubernetes_executor.py
[2024-07-02 19:58:38,837] {logging_mixin.py:104} INFO - [2024-07-02 19:58:38,836] {dag.py:1824} INFO - Sync 1 DAGs
[2024-07-02 19:58:38,850] {logging_mixin.py:104} INFO - [2024-07-02 19:58:38,850] {dag.py:2280} INFO - Setting next_dagrun for example_kubernetes_executor to None
[2024-07-02 19:58:38,859] {scheduler_job.py:190} INFO - Processing /home/airflow/.local/lib/python3.6/site-packages/airflow/example_dags/example_kubernetes_executor.py took 0.056 seconds
[2024-07-02 19:59:09,747] {scheduler_job.py:182} INFO - Started process (PID=199) to work on /home/airflow/.local/lib/python3.6/site-packages/airflow/example_dags/example_kubernetes_executor.py
[2024-07-02 19:59:09,747] {scheduler_job.py:629} INFO - Processing file /home/airflow/.local/lib/python3.6/site-packages/airflow/example_dags/example_kubernetes_executor.py for tasks to queue
[2024-07-02 19:59:09,748] {logging_mixin.py:104} INFO - [2024-07-02 19:59:09,748] {dagbag.py:451} INFO - Filling up the DagBag from /home/airflow/.local/lib/python3.6/site-packages/airflow/example_dags/example_kubernetes_executor.py
[2024-07-02 19:59:09,756] {scheduler_job.py:639} INFO - DAG(s) dict_keys(['example_kubernetes_executor']) retrieved from /home/airflow/.local/lib/python3.6/site-packages/airflow/example_dags/example_kubernetes_executor.py
[2024-07-02 19:59:09,770] {logging_mixin.py:104} INFO - [2024-07-02 19:59:09,770] {dag.py:1824} INFO - Sync 1 DAGs
[2024-07-02 19:59:09,781] {logging_mixin.py:104} INFO - [2024-07-02 19:59:09,781] {dag.py:2280} INFO - Setting next_dagrun for example_kubernetes_executor to None
[2024-07-02 19:59:09,789] {scheduler_job.py:190} INFO - Processing /home/airflow/.local/lib/python3.6/site-packages/airflow/example_dags/example_kubernetes_executor.py took 0.045 seconds
[2024-07-02 19:59:40,706] {scheduler_job.py:182} INFO - Started process (PID=225) to work on /home/airflow/.local/lib/python3.6/site-packages/airflow/example_dags/example_kubernetes_executor.py
[2024-07-02 19:59:40,707] {scheduler_job.py:629} INFO - Processing file /home/airflow/.local/lib/python3.6/site-packages/airflow/example_dags/example_kubernetes_executor.py for tasks to queue
[2024-07-02 19:59:40,707] {logging_mixin.py:104} INFO - [2024-07-02 19:59:40,707] {dagbag.py:451} INFO - Filling up the DagBag from /home/airflow/.local/lib/python3.6/site-packages/airflow/example_dags/example_kubernetes_executor.py
[2024-07-02 19:59:40,716] {scheduler_job.py:639} INFO - DAG(s) dict_keys(['example_kubernetes_executor']) retrieved from /home/airflow/.local/lib/python3.6/site-packages/airflow/example_dags/example_kubernetes_executor.py
[2024-07-02 19:59:40,731] {logging_mixin.py:104} INFO - [2024-07-02 19:59:40,731] {dag.py:1824} INFO - Sync 1 DAGs
[2024-07-02 19:59:40,742] {logging_mixin.py:104} INFO - [2024-07-02 19:59:40,741] {dag.py:2280} INFO - Setting next_dagrun for example_kubernetes_executor to None
[2024-07-02 19:59:40,751] {scheduler_job.py:190} INFO - Processing /home/airflow/.local/lib/python3.6/site-packages/airflow/example_dags/example_kubernetes_executor.py took 0.047 seconds
[2024-07-02 20:00:11,767] {scheduler_job.py:182} INFO - Started process (PID=251) to work on /home/airflow/.local/lib/python3.6/site-packages/airflow/example_dags/example_kubernetes_executor.py
[2024-07-02 20:00:11,767] {scheduler_job.py:629} INFO - Processing file /home/airflow/.local/lib/python3.6/site-packages/airflow/example_dags/example_kubernetes_executor.py for tasks to queue
[2024-07-02 20:00:11,768] {logging_mixin.py:104} INFO - [2024-07-02 20:00:11,768] {dagbag.py:451} INFO - Filling up the DagBag from /home/airflow/.local/lib/python3.6/site-packages/airflow/example_dags/example_kubernetes_executor.py
[2024-07-02 20:00:11,777] {scheduler_job.py:639} INFO - DAG(s) dict_keys(['example_kubernetes_executor']) retrieved from /home/airflow/.local/lib/python3.6/site-packages/airflow/example_dags/example_kubernetes_executor.py
[2024-07-02 20:00:11,793] {logging_mixin.py:104} INFO - [2024-07-02 20:00:11,793] {dag.py:1824} INFO - Sync 1 DAGs
[2024-07-02 20:00:11,806] {logging_mixin.py:104} INFO - [2024-07-02 20:00:11,806] {dag.py:2280} INFO - Setting next_dagrun for example_kubernetes_executor to None
[2024-07-02 20:00:11,817] {scheduler_job.py:190} INFO - Processing /home/airflow/.local/lib/python3.6/site-packages/airflow/example_dags/example_kubernetes_executor.py took 0.052 seconds
[2024-07-02 20:00:42,768] {scheduler_job.py:182} INFO - Started process (PID=277) to work on /home/airflow/.local/lib/python3.6/site-packages/airflow/example_dags/example_kubernetes_executor.py
[2024-07-02 20:00:42,769] {scheduler_job.py:629} INFO - Processing file /home/airflow/.local/lib/python3.6/site-packages/airflow/example_dags/example_kubernetes_executor.py for tasks to queue
[2024-07-02 20:00:42,770] {logging_mixin.py:104} INFO - [2024-07-02 20:00:42,770] {dagbag.py:451} INFO - Filling up the DagBag from /home/airflow/.local/lib/python3.6/site-packages/airflow/example_dags/example_kubernetes_executor.py
[2024-07-02 20:00:42,783] {scheduler_job.py:639} INFO - DAG(s) dict_keys(['example_kubernetes_executor']) retrieved from /home/airflow/.local/lib/python3.6/site-packages/airflow/example_dags/example_kubernetes_executor.py
[2024-07-02 20:00:42,802] {logging_mixin.py:104} INFO - [2024-07-02 20:00:42,801] {dag.py:1824} INFO - Sync 1 DAGs
[2024-07-02 20:00:42,814] {logging_mixin.py:104} INFO - [2024-07-02 20:00:42,814] {dag.py:2280} INFO - Setting next_dagrun for example_kubernetes_executor to None
[2024-07-02 20:00:42,825] {scheduler_job.py:190} INFO - Processing /home/airflow/.local/lib/python3.6/site-packages/airflow/example_dags/example_kubernetes_executor.py took 0.059 seconds
[2024-07-02 20:01:13,801] {scheduler_job.py:182} INFO - Started process (PID=303) to work on /home/airflow/.local/lib/python3.6/site-packages/airflow/example_dags/example_kubernetes_executor.py
[2024-07-02 20:01:13,802] {scheduler_job.py:629} INFO - Processing file /home/airflow/.local/lib/python3.6/site-packages/airflow/example_dags/example_kubernetes_executor.py for tasks to queue
[2024-07-02 20:01:13,803] {logging_mixin.py:104} INFO - [2024-07-02 20:01:13,802] {dagbag.py:451} INFO - Filling up the DagBag from /home/airflow/.local/lib/python3.6/site-packages/airflow/example_dags/example_kubernetes_executor.py
[2024-07-02 20:01:13,811] {scheduler_job.py:639} INFO - DAG(s) dict_keys(['example_kubernetes_executor']) retrieved from /home/airflow/.local/lib/python3.6/site-packages/airflow/example_dags/example_kubernetes_executor.py
[2024-07-02 20:01:13,826] {logging_mixin.py:104} INFO - [2024-07-02 20:01:13,826] {dag.py:1824} INFO - Sync 1 DAGs
[2024-07-02 20:01:13,837] {logging_mixin.py:104} INFO - [2024-07-02 20:01:13,836] {dag.py:2280} INFO - Setting next_dagrun for example_kubernetes_executor to None
[2024-07-02 20:01:13,846] {scheduler_job.py:190} INFO - Processing /home/airflow/.local/lib/python3.6/site-packages/airflow/example_dags/example_kubernetes_executor.py took 0.047 seconds
[2024-07-02 20:01:44,828] {scheduler_job.py:182} INFO - Started process (PID=329) to work on /home/airflow/.local/lib/python3.6/site-packages/airflow/example_dags/example_kubernetes_executor.py
[2024-07-02 20:01:44,829] {scheduler_job.py:629} INFO - Processing file /home/airflow/.local/lib/python3.6/site-packages/airflow/example_dags/example_kubernetes_executor.py for tasks to queue
[2024-07-02 20:01:44,829] {logging_mixin.py:104} INFO - [2024-07-02 20:01:44,829] {dagbag.py:451} INFO - Filling up the DagBag from /home/airflow/.local/lib/python3.6/site-packages/airflow/example_dags/example_kubernetes_executor.py
[2024-07-02 20:01:44,838] {scheduler_job.py:639} INFO - DAG(s) dict_keys(['example_kubernetes_executor']) retrieved from /home/airflow/.local/lib/python3.6/site-packages/airflow/example_dags/example_kubernetes_executor.py
[2024-07-02 20:01:44,852] {logging_mixin.py:104} INFO - [2024-07-02 20:01:44,852] {dag.py:1824} INFO - Sync 1 DAGs
[2024-07-02 20:01:44,864] {logging_mixin.py:104} INFO - [2024-07-02 20:01:44,864] {dag.py:2280} INFO - Setting next_dagrun for example_kubernetes_executor to None
[2024-07-02 20:01:44,872] {scheduler_job.py:190} INFO - Processing /home/airflow/.local/lib/python3.6/site-packages/airflow/example_dags/example_kubernetes_executor.py took 0.047 seconds
[2024-07-02 20:02:15,936] {scheduler_job.py:182} INFO - Started process (PID=355) to work on /home/airflow/.local/lib/python3.6/site-packages/airflow/example_dags/example_kubernetes_executor.py
[2024-07-02 20:02:15,937] {scheduler_job.py:629} INFO - Processing file /home/airflow/.local/lib/python3.6/site-packages/airflow/example_dags/example_kubernetes_executor.py for tasks to queue
[2024-07-02 20:02:15,937] {logging_mixin.py:104} INFO - [2024-07-02 20:02:15,937] {dagbag.py:451} INFO - Filling up the DagBag from /home/airflow/.local/lib/python3.6/site-packages/airflow/example_dags/example_kubernetes_executor.py
[2024-07-02 20:02:15,948] {scheduler_job.py:639} INFO - DAG(s) dict_keys(['example_kubernetes_executor']) retrieved from /home/airflow/.local/lib/python3.6/site-packages/airflow/example_dags/example_kubernetes_executor.py
[2024-07-02 20:02:15,969] {logging_mixin.py:104} INFO - [2024-07-02 20:02:15,969] {dag.py:1824} INFO - Sync 1 DAGs
[2024-07-02 20:02:15,985] {logging_mixin.py:104} INFO - [2024-07-02 20:02:15,985] {dag.py:2280} INFO - Setting next_dagrun for example_kubernetes_executor to None
[2024-07-02 20:02:15,995] {scheduler_job.py:190} INFO - Processing /home/airflow/.local/lib/python3.6/site-packages/airflow/example_dags/example_kubernetes_executor.py took 0.061 seconds
[2024-07-02 20:02:46,030] {scheduler_job.py:182} INFO - Started process (PID=381) to work on /home/airflow/.local/lib/python3.6/site-packages/airflow/example_dags/example_kubernetes_executor.py
[2024-07-02 20:02:46,031] {scheduler_job.py:629} INFO - Processing file /home/airflow/.local/lib/python3.6/site-packages/airflow/example_dags/example_kubernetes_executor.py for tasks to queue
[2024-07-02 20:02:46,031] {logging_mixin.py:104} INFO - [2024-07-02 20:02:46,031] {dagbag.py:451} INFO - Filling up the DagBag from /home/airflow/.local/lib/python3.6/site-packages/airflow/example_dags/example_kubernetes_executor.py
[2024-07-02 20:02:46,040] {scheduler_job.py:639} INFO - DAG(s) dict_keys(['example_kubernetes_executor']) retrieved from /home/airflow/.local/lib/python3.6/site-packages/airflow/example_dags/example_kubernetes_executor.py
[2024-07-02 20:02:46,055] {logging_mixin.py:104} INFO - [2024-07-02 20:02:46,055] {dag.py:1824} INFO - Sync 1 DAGs
[2024-07-02 20:02:46,066] {logging_mixin.py:104} INFO - [2024-07-02 20:02:46,066] {dag.py:2280} INFO - Setting next_dagrun for example_kubernetes_executor to None
[2024-07-02 20:02:46,079] {scheduler_job.py:190} INFO - Processing /home/airflow/.local/lib/python3.6/site-packages/airflow/example_dags/example_kubernetes_executor.py took 0.051 seconds
[2024-07-02 20:03:16,234] {scheduler_job.py:182} INFO - Started process (PID=409) to work on /home/airflow/.local/lib/python3.6/site-packages/airflow/example_dags/example_kubernetes_executor.py
[2024-07-02 20:03:16,236] {scheduler_job.py:629} INFO - Processing file /home/airflow/.local/lib/python3.6/site-packages/airflow/example_dags/example_kubernetes_executor.py for tasks to queue
[2024-07-02 20:03:16,236] {logging_mixin.py:104} INFO - [2024-07-02 20:03:16,236] {dagbag.py:451} INFO - Filling up the DagBag from /home/airflow/.local/lib/python3.6/site-packages/airflow/example_dags/example_kubernetes_executor.py
[2024-07-02 20:03:16,253] {scheduler_job.py:639} INFO - DAG(s) dict_keys(['example_kubernetes_executor']) retrieved from /home/airflow/.local/lib/python3.6/site-packages/airflow/example_dags/example_kubernetes_executor.py
[2024-07-02 20:03:16,273] {logging_mixin.py:104} INFO - [2024-07-02 20:03:16,273] {dag.py:1824} INFO - Sync 1 DAGs
[2024-07-02 20:03:16,285] {logging_mixin.py:104} INFO - [2024-07-02 20:03:16,284] {dag.py:2280} INFO - Setting next_dagrun for example_kubernetes_executor to None
[2024-07-02 20:03:16,297] {scheduler_job.py:190} INFO - Processing /home/airflow/.local/lib/python3.6/site-packages/airflow/example_dags/example_kubernetes_executor.py took 0.067 seconds
[2024-07-02 20:03:46,364] {scheduler_job.py:182} INFO - Started process (PID=435) to work on /home/airflow/.local/lib/python3.6/site-packages/airflow/example_dags/example_kubernetes_executor.py
[2024-07-02 20:03:46,365] {scheduler_job.py:629} INFO - Processing file /home/airflow/.local/lib/python3.6/site-packages/airflow/example_dags/example_kubernetes_executor.py for tasks to queue
[2024-07-02 20:03:46,366] {logging_mixin.py:104} INFO - [2024-07-02 20:03:46,366] {dagbag.py:451} INFO - Filling up the DagBag from /home/airflow/.local/lib/python3.6/site-packages/airflow/example_dags/example_kubernetes_executor.py
[2024-07-02 20:03:46,375] {scheduler_job.py:639} INFO - DAG(s) dict_keys(['example_kubernetes_executor']) retrieved from /home/airflow/.local/lib/python3.6/site-packages/airflow/example_dags/example_kubernetes_executor.py
[2024-07-02 20:03:46,390] {logging_mixin.py:104} INFO - [2024-07-02 20:03:46,390] {dag.py:1824} INFO - Sync 1 DAGs
[2024-07-02 20:03:46,402] {logging_mixin.py:104} INFO - [2024-07-02 20:03:46,402] {dag.py:2280} INFO - Setting next_dagrun for example_kubernetes_executor to None
[2024-07-02 20:03:46,414] {scheduler_job.py:190} INFO - Processing /home/airflow/.local/lib/python3.6/site-packages/airflow/example_dags/example_kubernetes_executor.py took 0.052 seconds
[2024-07-02 20:04:16,459] {scheduler_job.py:182} INFO - Started process (PID=461) to work on /home/airflow/.local/lib/python3.6/site-packages/airflow/example_dags/example_kubernetes_executor.py
[2024-07-02 20:04:16,460] {scheduler_job.py:629} INFO - Processing file /home/airflow/.local/lib/python3.6/site-packages/airflow/example_dags/example_kubernetes_executor.py for tasks to queue
[2024-07-02 20:04:16,460] {logging_mixin.py:104} INFO - [2024-07-02 20:04:16,460] {dagbag.py:451} INFO - Filling up the DagBag from /home/airflow/.local/lib/python3.6/site-packages/airflow/example_dags/example_kubernetes_executor.py
[2024-07-02 20:04:16,468] {scheduler_job.py:639} INFO - DAG(s) dict_keys(['example_kubernetes_executor']) retrieved from /home/airflow/.local/lib/python3.6/site-packages/airflow/example_dags/example_kubernetes_executor.py
[2024-07-02 20:04:16,484] {logging_mixin.py:104} INFO - [2024-07-02 20:04:16,484] {dag.py:1824} INFO - Sync 1 DAGs
[2024-07-02 20:04:16,494] {logging_mixin.py:104} INFO - [2024-07-02 20:04:16,494] {dag.py:2280} INFO - Setting next_dagrun for example_kubernetes_executor to None
[2024-07-02 20:04:16,508] {scheduler_job.py:190} INFO - Processing /home/airflow/.local/lib/python3.6/site-packages/airflow/example_dags/example_kubernetes_executor.py took 0.051 seconds
[2024-07-02 20:04:46,562] {scheduler_job.py:182} INFO - Started process (PID=487) to work on /home/airflow/.local/lib/python3.6/site-packages/airflow/example_dags/example_kubernetes_executor.py
[2024-07-02 20:04:46,563] {scheduler_job.py:629} INFO - Processing file /home/airflow/.local/lib/python3.6/site-packages/airflow/example_dags/example_kubernetes_executor.py for tasks to queue
[2024-07-02 20:04:46,563] {logging_mixin.py:104} INFO - [2024-07-02 20:04:46,563] {dagbag.py:451} INFO - Filling up the DagBag from /home/airflow/.local/lib/python3.6/site-packages/airflow/example_dags/example_kubernetes_executor.py
[2024-07-02 20:04:46,571] {scheduler_job.py:639} INFO - DAG(s) dict_keys(['example_kubernetes_executor']) retrieved from /home/airflow/.local/lib/python3.6/site-packages/airflow/example_dags/example_kubernetes_executor.py
[2024-07-02 20:04:46,585] {logging_mixin.py:104} INFO - [2024-07-02 20:04:46,585] {dag.py:1824} INFO - Sync 1 DAGs
[2024-07-02 20:04:46,595] {logging_mixin.py:104} INFO - [2024-07-02 20:04:46,595] {dag.py:2280} INFO - Setting next_dagrun for example_kubernetes_executor to None
[2024-07-02 20:04:46,605] {scheduler_job.py:190} INFO - Processing /home/airflow/.local/lib/python3.6/site-packages/airflow/example_dags/example_kubernetes_executor.py took 0.045 seconds
[2024-07-02 20:05:16,672] {scheduler_job.py:182} INFO - Started process (PID=514) to work on /home/airflow/.local/lib/python3.6/site-packages/airflow/example_dags/example_kubernetes_executor.py
[2024-07-02 20:05:16,672] {scheduler_job.py:629} INFO - Processing file /home/airflow/.local/lib/python3.6/site-packages/airflow/example_dags/example_kubernetes_executor.py for tasks to queue
[2024-07-02 20:05:16,673] {logging_mixin.py:104} INFO - [2024-07-02 20:05:16,673] {dagbag.py:451} INFO - Filling up the DagBag from /home/airflow/.local/lib/python3.6/site-packages/airflow/example_dags/example_kubernetes_executor.py
[2024-07-02 20:05:16,682] {scheduler_job.py:639} INFO - DAG(s) dict_keys(['example_kubernetes_executor']) retrieved from /home/airflow/.local/lib/python3.6/site-packages/airflow/example_dags/example_kubernetes_executor.py
[2024-07-02 20:05:16,697] {logging_mixin.py:104} INFO - [2024-07-02 20:05:16,696] {dag.py:1824} INFO - Sync 1 DAGs
[2024-07-02 20:05:16,709] {logging_mixin.py:104} INFO - [2024-07-02 20:05:16,709] {dag.py:2280} INFO - Setting next_dagrun for example_kubernetes_executor to None
[2024-07-02 20:05:16,718] {scheduler_job.py:190} INFO - Processing /home/airflow/.local/lib/python3.6/site-packages/airflow/example_dags/example_kubernetes_executor.py took 0.049 seconds
[2024-07-02 20:05:47,595] {scheduler_job.py:182} INFO - Started process (PID=537) to work on /home/airflow/.local/lib/python3.6/site-packages/airflow/example_dags/example_kubernetes_executor.py
[2024-07-02 20:05:47,596] {scheduler_job.py:629} INFO - Processing file /home/airflow/.local/lib/python3.6/site-packages/airflow/example_dags/example_kubernetes_executor.py for tasks to queue
[2024-07-02 20:05:47,596] {logging_mixin.py:104} INFO - [2024-07-02 20:05:47,596] {dagbag.py:451} INFO - Filling up the DagBag from /home/airflow/.local/lib/python3.6/site-packages/airflow/example_dags/example_kubernetes_executor.py
[2024-07-02 20:05:47,605] {scheduler_job.py:639} INFO - DAG(s) dict_keys(['example_kubernetes_executor']) retrieved from /home/airflow/.local/lib/python3.6/site-packages/airflow/example_dags/example_kubernetes_executor.py
[2024-07-02 20:05:47,620] {logging_mixin.py:104} INFO - [2024-07-02 20:05:47,619] {dag.py:1824} INFO - Sync 1 DAGs
[2024-07-02 20:05:47,631] {logging_mixin.py:104} INFO - [2024-07-02 20:05:47,631] {dag.py:2280} INFO - Setting next_dagrun for example_kubernetes_executor to None
[2024-07-02 20:05:47,640] {scheduler_job.py:190} INFO - Processing /home/airflow/.local/lib/python3.6/site-packages/airflow/example_dags/example_kubernetes_executor.py took 0.047 seconds
[2024-07-02 20:06:18,457] {scheduler_job.py:182} INFO - Started process (PID=563) to work on /home/airflow/.local/lib/python3.6/site-packages/airflow/example_dags/example_kubernetes_executor.py
[2024-07-02 20:06:18,458] {scheduler_job.py:629} INFO - Processing file /home/airflow/.local/lib/python3.6/site-packages/airflow/example_dags/example_kubernetes_executor.py for tasks to queue
[2024-07-02 20:06:18,459] {logging_mixin.py:104} INFO - [2024-07-02 20:06:18,459] {dagbag.py:451} INFO - Filling up the DagBag from /home/airflow/.local/lib/python3.6/site-packages/airflow/example_dags/example_kubernetes_executor.py
[2024-07-02 20:06:18,469] {scheduler_job.py:639} INFO - DAG(s) dict_keys(['example_kubernetes_executor']) retrieved from /home/airflow/.local/lib/python3.6/site-packages/airflow/example_dags/example_kubernetes_executor.py
[2024-07-02 20:06:18,485] {logging_mixin.py:104} INFO - [2024-07-02 20:06:18,485] {dag.py:1824} INFO - Sync 1 DAGs
[2024-07-02 20:06:18,496] {logging_mixin.py:104} INFO - [2024-07-02 20:06:18,496] {dag.py:2280} INFO - Setting next_dagrun for example_kubernetes_executor to None
[2024-07-02 20:06:18,505] {scheduler_job.py:190} INFO - Processing /home/airflow/.local/lib/python3.6/site-packages/airflow/example_dags/example_kubernetes_executor.py took 0.051 seconds
[2024-07-02 20:06:49,460] {scheduler_job.py:182} INFO - Started process (PID=589) to work on /home/airflow/.local/lib/python3.6/site-packages/airflow/example_dags/example_kubernetes_executor.py
[2024-07-02 20:06:49,460] {scheduler_job.py:629} INFO - Processing file /home/airflow/.local/lib/python3.6/site-packages/airflow/example_dags/example_kubernetes_executor.py for tasks to queue
[2024-07-02 20:06:49,461] {logging_mixin.py:104} INFO - [2024-07-02 20:06:49,461] {dagbag.py:451} INFO - Filling up the DagBag from /home/airflow/.local/lib/python3.6/site-packages/airflow/example_dags/example_kubernetes_executor.py
[2024-07-02 20:06:49,471] {scheduler_job.py:639} INFO - DAG(s) dict_keys(['example_kubernetes_executor']) retrieved from /home/airflow/.local/lib/python3.6/site-packages/airflow/example_dags/example_kubernetes_executor.py
[2024-07-02 20:06:49,488] {logging_mixin.py:104} INFO - [2024-07-02 20:06:49,488] {dag.py:1824} INFO - Sync 1 DAGs
[2024-07-02 20:06:49,501] {logging_mixin.py:104} INFO - [2024-07-02 20:06:49,500] {dag.py:2280} INFO - Setting next_dagrun for example_kubernetes_executor to None
[2024-07-02 20:06:49,512] {scheduler_job.py:190} INFO - Processing /home/airflow/.local/lib/python3.6/site-packages/airflow/example_dags/example_kubernetes_executor.py took 0.055 seconds
[2024-07-02 20:07:20,540] {scheduler_job.py:182} INFO - Started process (PID=615) to work on /home/airflow/.local/lib/python3.6/site-packages/airflow/example_dags/example_kubernetes_executor.py
[2024-07-02 20:07:20,541] {scheduler_job.py:629} INFO - Processing file /home/airflow/.local/lib/python3.6/site-packages/airflow/example_dags/example_kubernetes_executor.py for tasks to queue
[2024-07-02 20:07:20,541] {logging_mixin.py:104} INFO - [2024-07-02 20:07:20,541] {dagbag.py:451} INFO - Filling up the DagBag from /home/airflow/.local/lib/python3.6/site-packages/airflow/example_dags/example_kubernetes_executor.py
[2024-07-02 20:07:20,550] {scheduler_job.py:639} INFO - DAG(s) dict_keys(['example_kubernetes_executor']) retrieved from /home/airflow/.local/lib/python3.6/site-packages/airflow/example_dags/example_kubernetes_executor.py
[2024-07-02 20:07:20,566] {logging_mixin.py:104} INFO - [2024-07-02 20:07:20,566] {dag.py:1824} INFO - Sync 1 DAGs
[2024-07-02 20:07:20,582] {logging_mixin.py:104} INFO - [2024-07-02 20:07:20,582] {dag.py:2280} INFO - Setting next_dagrun for example_kubernetes_executor to None
[2024-07-02 20:07:20,595] {scheduler_job.py:190} INFO - Processing /home/airflow/.local/lib/python3.6/site-packages/airflow/example_dags/example_kubernetes_executor.py took 0.057 seconds
