[2024-07-04T17:38:53.443+0000] {processor.py:161} INFO - Started process (PID=106) to work on /home/airflow/.local/lib/python3.12/site-packages/airflow/example_dags/example_branch_python_dop_operator_3.py
[2024-07-04T17:38:53.444+0000] {processor.py:830} INFO - Processing file /home/airflow/.local/lib/python3.12/site-packages/airflow/example_dags/example_branch_python_dop_operator_3.py for tasks to queue
[2024-07-04T17:38:53.446+0000] {logging_mixin.py:188} INFO - [2024-07-04T17:38:53.445+0000] {dagbag.py:545} INFO - Filling up the DagBag from /home/airflow/.local/lib/python3.12/site-packages/airflow/example_dags/example_branch_python_dop_operator_3.py
[2024-07-04T17:38:53.458+0000] {processor.py:840} INFO - DAG(s) 'example_branch_dop_operator_v3' retrieved from /home/airflow/.local/lib/python3.12/site-packages/airflow/example_dags/example_branch_python_dop_operator_3.py
[2024-07-04T17:38:53.575+0000] {logging_mixin.py:188} INFO - [2024-07-04T17:38:53.574+0000] {override.py:1829} INFO - Created Permission View: can read on DAG:example_branch_dop_operator_v3
[2024-07-04T17:38:53.591+0000] {logging_mixin.py:188} INFO - [2024-07-04T17:38:53.591+0000] {override.py:1829} INFO - Created Permission View: can edit on DAG:example_branch_dop_operator_v3
[2024-07-04T17:38:53.601+0000] {logging_mixin.py:188} INFO - [2024-07-04T17:38:53.601+0000] {override.py:1829} INFO - Created Permission View: can delete on DAG:example_branch_dop_operator_v3
[2024-07-04T17:38:53.602+0000] {logging_mixin.py:188} INFO - [2024-07-04T17:38:53.601+0000] {dag.py:3096} INFO - Sync 1 DAGs
[2024-07-04T17:38:53.618+0000] {logging_mixin.py:188} INFO - [2024-07-04T17:38:53.618+0000] {dag.py:3118} INFO - Creating ORM DAG for example_branch_dop_operator_v3
[2024-07-04T17:38:53.640+0000] {logging_mixin.py:188} INFO - [2024-07-04T17:38:53.640+0000] {dag.py:3954} INFO - Setting next_dagrun for example_branch_dop_operator_v3 to 2024-07-04 17:37:00+00:00, run_after=2024-07-04 17:38:00+00:00
[2024-07-04T17:38:53.664+0000] {processor.py:183} INFO - Processing /home/airflow/.local/lib/python3.12/site-packages/airflow/example_dags/example_branch_python_dop_operator_3.py took 0.229 seconds
[2024-07-04T17:39:24.631+0000] {processor.py:161} INFO - Started process (PID=164) to work on /home/airflow/.local/lib/python3.12/site-packages/airflow/example_dags/example_branch_python_dop_operator_3.py
[2024-07-04T17:39:24.639+0000] {processor.py:830} INFO - Processing file /home/airflow/.local/lib/python3.12/site-packages/airflow/example_dags/example_branch_python_dop_operator_3.py for tasks to queue
[2024-07-04T17:39:24.642+0000] {logging_mixin.py:188} INFO - [2024-07-04T17:39:24.641+0000] {dagbag.py:545} INFO - Filling up the DagBag from /home/airflow/.local/lib/python3.12/site-packages/airflow/example_dags/example_branch_python_dop_operator_3.py
[2024-07-04T17:39:24.656+0000] {processor.py:840} INFO - DAG(s) 'example_branch_dop_operator_v3' retrieved from /home/airflow/.local/lib/python3.12/site-packages/airflow/example_dags/example_branch_python_dop_operator_3.py
[2024-07-04T17:39:24.679+0000] {logging_mixin.py:188} INFO - [2024-07-04T17:39:24.678+0000] {dag.py:3096} INFO - Sync 1 DAGs
[2024-07-04T17:39:24.705+0000] {logging_mixin.py:188} INFO - [2024-07-04T17:39:24.705+0000] {dag.py:3954} INFO - Setting next_dagrun for example_branch_dop_operator_v3 to 2024-07-04 17:38:00+00:00, run_after=2024-07-04 17:39:00+00:00
[2024-07-04T17:39:24.726+0000] {processor.py:183} INFO - Processing /home/airflow/.local/lib/python3.12/site-packages/airflow/example_dags/example_branch_python_dop_operator_3.py took 0.106 seconds
[2024-07-04T17:45:02.368+0000] {processor.py:161} INFO - Started process (PID=105) to work on /home/airflow/.local/lib/python3.12/site-packages/airflow/example_dags/example_branch_python_dop_operator_3.py
[2024-07-04T17:45:02.369+0000] {processor.py:830} INFO - Processing file /home/airflow/.local/lib/python3.12/site-packages/airflow/example_dags/example_branch_python_dop_operator_3.py for tasks to queue
[2024-07-04T17:45:02.370+0000] {logging_mixin.py:188} INFO - [2024-07-04T17:45:02.370+0000] {dagbag.py:545} INFO - Filling up the DagBag from /home/airflow/.local/lib/python3.12/site-packages/airflow/example_dags/example_branch_python_dop_operator_3.py
[2024-07-04T17:45:02.383+0000] {processor.py:840} INFO - DAG(s) 'example_branch_dop_operator_v3' retrieved from /home/airflow/.local/lib/python3.12/site-packages/airflow/example_dags/example_branch_python_dop_operator_3.py
[2024-07-04T17:45:02.566+0000] {logging_mixin.py:188} INFO - [2024-07-04T17:45:02.566+0000] {dag.py:3096} INFO - Sync 1 DAGs
[2024-07-04T17:45:02.612+0000] {logging_mixin.py:188} INFO - [2024-07-04T17:45:02.611+0000] {dag.py:3954} INFO - Setting next_dagrun for example_branch_dop_operator_v3 to 2024-07-04 17:44:00+00:00, run_after=2024-07-04 17:45:00+00:00
[2024-07-04T17:45:02.651+0000] {processor.py:183} INFO - Processing /home/airflow/.local/lib/python3.12/site-packages/airflow/example_dags/example_branch_python_dop_operator_3.py took 0.288 seconds
[2024-07-04T17:45:32.840+0000] {processor.py:161} INFO - Started process (PID=163) to work on /home/airflow/.local/lib/python3.12/site-packages/airflow/example_dags/example_branch_python_dop_operator_3.py
[2024-07-04T17:45:32.841+0000] {processor.py:830} INFO - Processing file /home/airflow/.local/lib/python3.12/site-packages/airflow/example_dags/example_branch_python_dop_operator_3.py for tasks to queue
[2024-07-04T17:45:32.842+0000] {logging_mixin.py:188} INFO - [2024-07-04T17:45:32.842+0000] {dagbag.py:545} INFO - Filling up the DagBag from /home/airflow/.local/lib/python3.12/site-packages/airflow/example_dags/example_branch_python_dop_operator_3.py
[2024-07-04T17:45:32.850+0000] {processor.py:840} INFO - DAG(s) 'example_branch_dop_operator_v3' retrieved from /home/airflow/.local/lib/python3.12/site-packages/airflow/example_dags/example_branch_python_dop_operator_3.py
[2024-07-04T17:45:32.870+0000] {logging_mixin.py:188} INFO - [2024-07-04T17:45:32.869+0000] {dag.py:3096} INFO - Sync 1 DAGs
[2024-07-04T17:45:32.910+0000] {logging_mixin.py:188} INFO - [2024-07-04T17:45:32.910+0000] {dag.py:3954} INFO - Setting next_dagrun for example_branch_dop_operator_v3 to 2024-07-04 17:44:00+00:00, run_after=2024-07-04 17:45:00+00:00
[2024-07-04T17:45:32.939+0000] {processor.py:183} INFO - Processing /home/airflow/.local/lib/python3.12/site-packages/airflow/example_dags/example_branch_python_dop_operator_3.py took 0.106 seconds
[2024-07-04T17:46:03.072+0000] {processor.py:161} INFO - Started process (PID=221) to work on /home/airflow/.local/lib/python3.12/site-packages/airflow/example_dags/example_branch_python_dop_operator_3.py
[2024-07-04T17:46:03.073+0000] {processor.py:830} INFO - Processing file /home/airflow/.local/lib/python3.12/site-packages/airflow/example_dags/example_branch_python_dop_operator_3.py for tasks to queue
[2024-07-04T17:46:03.074+0000] {logging_mixin.py:188} INFO - [2024-07-04T17:46:03.074+0000] {dagbag.py:545} INFO - Filling up the DagBag from /home/airflow/.local/lib/python3.12/site-packages/airflow/example_dags/example_branch_python_dop_operator_3.py
[2024-07-04T17:46:03.083+0000] {processor.py:840} INFO - DAG(s) 'example_branch_dop_operator_v3' retrieved from /home/airflow/.local/lib/python3.12/site-packages/airflow/example_dags/example_branch_python_dop_operator_3.py
[2024-07-04T17:46:03.105+0000] {logging_mixin.py:188} INFO - [2024-07-04T17:46:03.104+0000] {dag.py:3096} INFO - Sync 1 DAGs
[2024-07-04T17:46:03.134+0000] {logging_mixin.py:188} INFO - [2024-07-04T17:46:03.134+0000] {dag.py:3954} INFO - Setting next_dagrun for example_branch_dop_operator_v3 to 2024-07-04 17:45:00+00:00, run_after=2024-07-04 17:46:00+00:00
[2024-07-04T17:46:03.155+0000] {processor.py:183} INFO - Processing /home/airflow/.local/lib/python3.12/site-packages/airflow/example_dags/example_branch_python_dop_operator_3.py took 0.089 seconds
[2024-07-04T17:46:33.196+0000] {processor.py:161} INFO - Started process (PID=281) to work on /home/airflow/.local/lib/python3.12/site-packages/airflow/example_dags/example_branch_python_dop_operator_3.py
[2024-07-04T17:46:33.196+0000] {processor.py:830} INFO - Processing file /home/airflow/.local/lib/python3.12/site-packages/airflow/example_dags/example_branch_python_dop_operator_3.py for tasks to queue
[2024-07-04T17:46:33.198+0000] {logging_mixin.py:188} INFO - [2024-07-04T17:46:33.198+0000] {dagbag.py:545} INFO - Filling up the DagBag from /home/airflow/.local/lib/python3.12/site-packages/airflow/example_dags/example_branch_python_dop_operator_3.py
[2024-07-04T17:46:33.205+0000] {processor.py:840} INFO - DAG(s) 'example_branch_dop_operator_v3' retrieved from /home/airflow/.local/lib/python3.12/site-packages/airflow/example_dags/example_branch_python_dop_operator_3.py
[2024-07-04T17:46:33.222+0000] {logging_mixin.py:188} INFO - [2024-07-04T17:46:33.221+0000] {dag.py:3096} INFO - Sync 1 DAGs
[2024-07-04T17:46:33.245+0000] {logging_mixin.py:188} INFO - [2024-07-04T17:46:33.245+0000] {dag.py:3954} INFO - Setting next_dagrun for example_branch_dop_operator_v3 to 2024-07-04 17:45:00+00:00, run_after=2024-07-04 17:46:00+00:00
[2024-07-04T17:46:33.263+0000] {processor.py:183} INFO - Processing /home/airflow/.local/lib/python3.12/site-packages/airflow/example_dags/example_branch_python_dop_operator_3.py took 0.072 seconds
[2024-07-04T18:04:04.292+0000] {processor.py:161} INFO - Started process (PID=105) to work on /home/airflow/.local/lib/python3.12/site-packages/airflow/example_dags/example_branch_python_dop_operator_3.py
[2024-07-04T18:04:04.293+0000] {processor.py:830} INFO - Processing file /home/airflow/.local/lib/python3.12/site-packages/airflow/example_dags/example_branch_python_dop_operator_3.py for tasks to queue
[2024-07-04T18:04:04.296+0000] {logging_mixin.py:188} INFO - [2024-07-04T18:04:04.295+0000] {dagbag.py:545} INFO - Filling up the DagBag from /home/airflow/.local/lib/python3.12/site-packages/airflow/example_dags/example_branch_python_dop_operator_3.py
[2024-07-04T18:04:04.306+0000] {processor.py:840} INFO - DAG(s) 'example_branch_dop_operator_v3' retrieved from /home/airflow/.local/lib/python3.12/site-packages/airflow/example_dags/example_branch_python_dop_operator_3.py
[2024-07-04T18:04:04.431+0000] {logging_mixin.py:188} INFO - [2024-07-04T18:04:04.431+0000] {dag.py:3096} INFO - Sync 1 DAGs
[2024-07-04T18:04:04.458+0000] {logging_mixin.py:188} INFO - [2024-07-04T18:04:04.458+0000] {dag.py:3954} INFO - Setting next_dagrun for example_branch_dop_operator_v3 to 2024-07-04 18:03:00+00:00, run_after=2024-07-04 18:04:00+00:00
[2024-07-04T18:04:04.483+0000] {processor.py:183} INFO - Processing /home/airflow/.local/lib/python3.12/site-packages/airflow/example_dags/example_branch_python_dop_operator_3.py took 0.197 seconds
[2024-07-04T18:04:35.368+0000] {processor.py:161} INFO - Started process (PID=162) to work on /home/airflow/.local/lib/python3.12/site-packages/airflow/example_dags/example_branch_python_dop_operator_3.py
[2024-07-04T18:04:35.368+0000] {processor.py:830} INFO - Processing file /home/airflow/.local/lib/python3.12/site-packages/airflow/example_dags/example_branch_python_dop_operator_3.py for tasks to queue
[2024-07-04T18:04:35.370+0000] {logging_mixin.py:188} INFO - [2024-07-04T18:04:35.369+0000] {dagbag.py:545} INFO - Filling up the DagBag from /home/airflow/.local/lib/python3.12/site-packages/airflow/example_dags/example_branch_python_dop_operator_3.py
[2024-07-04T18:04:35.378+0000] {processor.py:840} INFO - DAG(s) 'example_branch_dop_operator_v3' retrieved from /home/airflow/.local/lib/python3.12/site-packages/airflow/example_dags/example_branch_python_dop_operator_3.py
[2024-07-04T18:04:35.398+0000] {logging_mixin.py:188} INFO - [2024-07-04T18:04:35.397+0000] {dag.py:3096} INFO - Sync 1 DAGs
[2024-07-04T18:04:35.422+0000] {logging_mixin.py:188} INFO - [2024-07-04T18:04:35.422+0000] {dag.py:3954} INFO - Setting next_dagrun for example_branch_dop_operator_v3 to 2024-07-04 18:03:00+00:00, run_after=2024-07-04 18:04:00+00:00
[2024-07-04T18:04:35.443+0000] {processor.py:183} INFO - Processing /home/airflow/.local/lib/python3.12/site-packages/airflow/example_dags/example_branch_python_dop_operator_3.py took 0.081 seconds
[2024-07-04T18:05:06.111+0000] {processor.py:161} INFO - Started process (PID=220) to work on /home/airflow/.local/lib/python3.12/site-packages/airflow/example_dags/example_branch_python_dop_operator_3.py
[2024-07-04T18:05:06.112+0000] {processor.py:830} INFO - Processing file /home/airflow/.local/lib/python3.12/site-packages/airflow/example_dags/example_branch_python_dop_operator_3.py for tasks to queue
[2024-07-04T18:05:06.114+0000] {logging_mixin.py:188} INFO - [2024-07-04T18:05:06.113+0000] {dagbag.py:545} INFO - Filling up the DagBag from /home/airflow/.local/lib/python3.12/site-packages/airflow/example_dags/example_branch_python_dop_operator_3.py
[2024-07-04T18:05:06.122+0000] {processor.py:840} INFO - DAG(s) 'example_branch_dop_operator_v3' retrieved from /home/airflow/.local/lib/python3.12/site-packages/airflow/example_dags/example_branch_python_dop_operator_3.py
[2024-07-04T18:05:06.139+0000] {logging_mixin.py:188} INFO - [2024-07-04T18:05:06.139+0000] {dag.py:3096} INFO - Sync 1 DAGs
[2024-07-04T18:05:06.163+0000] {logging_mixin.py:188} INFO - [2024-07-04T18:05:06.163+0000] {dag.py:3954} INFO - Setting next_dagrun for example_branch_dop_operator_v3 to 2024-07-04 18:04:00+00:00, run_after=2024-07-04 18:05:00+00:00
[2024-07-04T18:05:06.181+0000] {processor.py:183} INFO - Processing /home/airflow/.local/lib/python3.12/site-packages/airflow/example_dags/example_branch_python_dop_operator_3.py took 0.075 seconds
[2024-07-04T18:05:36.552+0000] {processor.py:161} INFO - Started process (PID=279) to work on /home/airflow/.local/lib/python3.12/site-packages/airflow/example_dags/example_branch_python_dop_operator_3.py
[2024-07-04T18:05:36.553+0000] {processor.py:830} INFO - Processing file /home/airflow/.local/lib/python3.12/site-packages/airflow/example_dags/example_branch_python_dop_operator_3.py for tasks to queue
[2024-07-04T18:05:36.555+0000] {logging_mixin.py:188} INFO - [2024-07-04T18:05:36.554+0000] {dagbag.py:545} INFO - Filling up the DagBag from /home/airflow/.local/lib/python3.12/site-packages/airflow/example_dags/example_branch_python_dop_operator_3.py
[2024-07-04T18:05:36.564+0000] {processor.py:840} INFO - DAG(s) 'example_branch_dop_operator_v3' retrieved from /home/airflow/.local/lib/python3.12/site-packages/airflow/example_dags/example_branch_python_dop_operator_3.py
[2024-07-04T18:05:36.584+0000] {logging_mixin.py:188} INFO - [2024-07-04T18:05:36.584+0000] {dag.py:3096} INFO - Sync 1 DAGs
[2024-07-04T18:05:36.609+0000] {logging_mixin.py:188} INFO - [2024-07-04T18:05:36.609+0000] {dag.py:3954} INFO - Setting next_dagrun for example_branch_dop_operator_v3 to 2024-07-04 18:04:00+00:00, run_after=2024-07-04 18:05:00+00:00
[2024-07-04T18:05:36.627+0000] {processor.py:183} INFO - Processing /home/airflow/.local/lib/python3.12/site-packages/airflow/example_dags/example_branch_python_dop_operator_3.py took 0.083 seconds
[2024-07-04T18:06:06.985+0000] {processor.py:161} INFO - Started process (PID=338) to work on /home/airflow/.local/lib/python3.12/site-packages/airflow/example_dags/example_branch_python_dop_operator_3.py
[2024-07-04T18:06:06.988+0000] {processor.py:830} INFO - Processing file /home/airflow/.local/lib/python3.12/site-packages/airflow/example_dags/example_branch_python_dop_operator_3.py for tasks to queue
[2024-07-04T18:06:06.990+0000] {logging_mixin.py:188} INFO - [2024-07-04T18:06:06.989+0000] {dagbag.py:545} INFO - Filling up the DagBag from /home/airflow/.local/lib/python3.12/site-packages/airflow/example_dags/example_branch_python_dop_operator_3.py
[2024-07-04T18:06:06.997+0000] {processor.py:840} INFO - DAG(s) 'example_branch_dop_operator_v3' retrieved from /home/airflow/.local/lib/python3.12/site-packages/airflow/example_dags/example_branch_python_dop_operator_3.py
[2024-07-04T18:06:07.014+0000] {logging_mixin.py:188} INFO - [2024-07-04T18:06:07.014+0000] {dag.py:3096} INFO - Sync 1 DAGs
[2024-07-04T18:06:07.039+0000] {logging_mixin.py:188} INFO - [2024-07-04T18:06:07.038+0000] {dag.py:3954} INFO - Setting next_dagrun for example_branch_dop_operator_v3 to 2024-07-04 18:05:00+00:00, run_after=2024-07-04 18:06:00+00:00
[2024-07-04T18:06:07.060+0000] {processor.py:183} INFO - Processing /home/airflow/.local/lib/python3.12/site-packages/airflow/example_dags/example_branch_python_dop_operator_3.py took 0.079 seconds
[2024-07-04T18:06:37.320+0000] {processor.py:161} INFO - Started process (PID=396) to work on /home/airflow/.local/lib/python3.12/site-packages/airflow/example_dags/example_branch_python_dop_operator_3.py
[2024-07-04T18:06:37.321+0000] {processor.py:830} INFO - Processing file /home/airflow/.local/lib/python3.12/site-packages/airflow/example_dags/example_branch_python_dop_operator_3.py for tasks to queue
[2024-07-04T18:06:37.323+0000] {logging_mixin.py:188} INFO - [2024-07-04T18:06:37.323+0000] {dagbag.py:545} INFO - Filling up the DagBag from /home/airflow/.local/lib/python3.12/site-packages/airflow/example_dags/example_branch_python_dop_operator_3.py
[2024-07-04T18:06:37.334+0000] {processor.py:840} INFO - DAG(s) 'example_branch_dop_operator_v3' retrieved from /home/airflow/.local/lib/python3.12/site-packages/airflow/example_dags/example_branch_python_dop_operator_3.py
[2024-07-04T18:06:37.355+0000] {logging_mixin.py:188} INFO - [2024-07-04T18:06:37.355+0000] {dag.py:3096} INFO - Sync 1 DAGs
[2024-07-04T18:06:37.384+0000] {logging_mixin.py:188} INFO - [2024-07-04T18:06:37.384+0000] {dag.py:3954} INFO - Setting next_dagrun for example_branch_dop_operator_v3 to 2024-07-04 18:05:00+00:00, run_after=2024-07-04 18:06:00+00:00
[2024-07-04T18:06:37.405+0000] {processor.py:183} INFO - Processing /home/airflow/.local/lib/python3.12/site-packages/airflow/example_dags/example_branch_python_dop_operator_3.py took 0.093 seconds
[2024-07-04T18:07:07.705+0000] {processor.py:161} INFO - Started process (PID=455) to work on /home/airflow/.local/lib/python3.12/site-packages/airflow/example_dags/example_branch_python_dop_operator_3.py
[2024-07-04T18:07:07.706+0000] {processor.py:830} INFO - Processing file /home/airflow/.local/lib/python3.12/site-packages/airflow/example_dags/example_branch_python_dop_operator_3.py for tasks to queue
[2024-07-04T18:07:07.709+0000] {logging_mixin.py:188} INFO - [2024-07-04T18:07:07.708+0000] {dagbag.py:545} INFO - Filling up the DagBag from /home/airflow/.local/lib/python3.12/site-packages/airflow/example_dags/example_branch_python_dop_operator_3.py
[2024-07-04T18:07:07.722+0000] {processor.py:840} INFO - DAG(s) 'example_branch_dop_operator_v3' retrieved from /home/airflow/.local/lib/python3.12/site-packages/airflow/example_dags/example_branch_python_dop_operator_3.py
[2024-07-04T18:07:07.742+0000] {logging_mixin.py:188} INFO - [2024-07-04T18:07:07.742+0000] {dag.py:3096} INFO - Sync 1 DAGs
[2024-07-04T18:07:07.767+0000] {logging_mixin.py:188} INFO - [2024-07-04T18:07:07.767+0000] {dag.py:3954} INFO - Setting next_dagrun for example_branch_dop_operator_v3 to 2024-07-04 18:06:00+00:00, run_after=2024-07-04 18:07:00+00:00
[2024-07-04T18:07:07.789+0000] {processor.py:183} INFO - Processing /home/airflow/.local/lib/python3.12/site-packages/airflow/example_dags/example_branch_python_dop_operator_3.py took 0.093 seconds
[2024-07-04T18:07:38.246+0000] {processor.py:161} INFO - Started process (PID=512) to work on /home/airflow/.local/lib/python3.12/site-packages/airflow/example_dags/example_branch_python_dop_operator_3.py
[2024-07-04T18:07:38.247+0000] {processor.py:830} INFO - Processing file /home/airflow/.local/lib/python3.12/site-packages/airflow/example_dags/example_branch_python_dop_operator_3.py for tasks to queue
[2024-07-04T18:07:38.249+0000] {logging_mixin.py:188} INFO - [2024-07-04T18:07:38.248+0000] {dagbag.py:545} INFO - Filling up the DagBag from /home/airflow/.local/lib/python3.12/site-packages/airflow/example_dags/example_branch_python_dop_operator_3.py
[2024-07-04T18:07:38.259+0000] {processor.py:840} INFO - DAG(s) 'example_branch_dop_operator_v3' retrieved from /home/airflow/.local/lib/python3.12/site-packages/airflow/example_dags/example_branch_python_dop_operator_3.py
[2024-07-04T18:07:38.279+0000] {logging_mixin.py:188} INFO - [2024-07-04T18:07:38.279+0000] {dag.py:3096} INFO - Sync 1 DAGs
[2024-07-04T18:07:38.305+0000] {logging_mixin.py:188} INFO - [2024-07-04T18:07:38.305+0000] {dag.py:3954} INFO - Setting next_dagrun for example_branch_dop_operator_v3 to 2024-07-04 18:06:00+00:00, run_after=2024-07-04 18:07:00+00:00
[2024-07-04T18:07:38.337+0000] {processor.py:183} INFO - Processing /home/airflow/.local/lib/python3.12/site-packages/airflow/example_dags/example_branch_python_dop_operator_3.py took 0.097 seconds
[2024-07-04T18:08:08.506+0000] {processor.py:161} INFO - Started process (PID=570) to work on /home/airflow/.local/lib/python3.12/site-packages/airflow/example_dags/example_branch_python_dop_operator_3.py
[2024-07-04T18:08:08.512+0000] {processor.py:830} INFO - Processing file /home/airflow/.local/lib/python3.12/site-packages/airflow/example_dags/example_branch_python_dop_operator_3.py for tasks to queue
[2024-07-04T18:08:08.514+0000] {logging_mixin.py:188} INFO - [2024-07-04T18:08:08.514+0000] {dagbag.py:545} INFO - Filling up the DagBag from /home/airflow/.local/lib/python3.12/site-packages/airflow/example_dags/example_branch_python_dop_operator_3.py
[2024-07-04T18:08:08.522+0000] {processor.py:840} INFO - DAG(s) 'example_branch_dop_operator_v3' retrieved from /home/airflow/.local/lib/python3.12/site-packages/airflow/example_dags/example_branch_python_dop_operator_3.py
[2024-07-04T18:08:08.542+0000] {logging_mixin.py:188} INFO - [2024-07-04T18:08:08.541+0000] {dag.py:3096} INFO - Sync 1 DAGs
[2024-07-04T18:08:08.568+0000] {logging_mixin.py:188} INFO - [2024-07-04T18:08:08.567+0000] {dag.py:3954} INFO - Setting next_dagrun for example_branch_dop_operator_v3 to 2024-07-04 18:07:00+00:00, run_after=2024-07-04 18:08:00+00:00
[2024-07-04T18:08:08.591+0000] {processor.py:183} INFO - Processing /home/airflow/.local/lib/python3.12/site-packages/airflow/example_dags/example_branch_python_dop_operator_3.py took 0.092 seconds
[2024-07-04T18:08:39.193+0000] {processor.py:161} INFO - Started process (PID=628) to work on /home/airflow/.local/lib/python3.12/site-packages/airflow/example_dags/example_branch_python_dop_operator_3.py
[2024-07-04T18:08:39.194+0000] {processor.py:830} INFO - Processing file /home/airflow/.local/lib/python3.12/site-packages/airflow/example_dags/example_branch_python_dop_operator_3.py for tasks to queue
[2024-07-04T18:08:39.196+0000] {logging_mixin.py:188} INFO - [2024-07-04T18:08:39.195+0000] {dagbag.py:545} INFO - Filling up the DagBag from /home/airflow/.local/lib/python3.12/site-packages/airflow/example_dags/example_branch_python_dop_operator_3.py
[2024-07-04T18:08:39.203+0000] {processor.py:840} INFO - DAG(s) 'example_branch_dop_operator_v3' retrieved from /home/airflow/.local/lib/python3.12/site-packages/airflow/example_dags/example_branch_python_dop_operator_3.py
[2024-07-04T18:08:39.221+0000] {logging_mixin.py:188} INFO - [2024-07-04T18:08:39.220+0000] {dag.py:3096} INFO - Sync 1 DAGs
[2024-07-04T18:08:39.244+0000] {logging_mixin.py:188} INFO - [2024-07-04T18:08:39.244+0000] {dag.py:3954} INFO - Setting next_dagrun for example_branch_dop_operator_v3 to 2024-07-04 18:07:00+00:00, run_after=2024-07-04 18:08:00+00:00
[2024-07-04T18:08:39.265+0000] {processor.py:183} INFO - Processing /home/airflow/.local/lib/python3.12/site-packages/airflow/example_dags/example_branch_python_dop_operator_3.py took 0.077 seconds
[2024-07-04T18:09:09.886+0000] {processor.py:161} INFO - Started process (PID=685) to work on /home/airflow/.local/lib/python3.12/site-packages/airflow/example_dags/example_branch_python_dop_operator_3.py
[2024-07-04T18:09:09.886+0000] {processor.py:830} INFO - Processing file /home/airflow/.local/lib/python3.12/site-packages/airflow/example_dags/example_branch_python_dop_operator_3.py for tasks to queue
[2024-07-04T18:09:09.888+0000] {logging_mixin.py:188} INFO - [2024-07-04T18:09:09.887+0000] {dagbag.py:545} INFO - Filling up the DagBag from /home/airflow/.local/lib/python3.12/site-packages/airflow/example_dags/example_branch_python_dop_operator_3.py
[2024-07-04T18:09:09.895+0000] {processor.py:840} INFO - DAG(s) 'example_branch_dop_operator_v3' retrieved from /home/airflow/.local/lib/python3.12/site-packages/airflow/example_dags/example_branch_python_dop_operator_3.py
[2024-07-04T18:09:09.912+0000] {logging_mixin.py:188} INFO - [2024-07-04T18:09:09.912+0000] {dag.py:3096} INFO - Sync 1 DAGs
[2024-07-04T18:09:09.936+0000] {logging_mixin.py:188} INFO - [2024-07-04T18:09:09.936+0000] {dag.py:3954} INFO - Setting next_dagrun for example_branch_dop_operator_v3 to 2024-07-04 18:08:00+00:00, run_after=2024-07-04 18:09:00+00:00
[2024-07-04T18:09:09.955+0000] {processor.py:183} INFO - Processing /home/airflow/.local/lib/python3.12/site-packages/airflow/example_dags/example_branch_python_dop_operator_3.py took 0.074 seconds
[2024-07-04T18:09:40.325+0000] {processor.py:161} INFO - Started process (PID=743) to work on /home/airflow/.local/lib/python3.12/site-packages/airflow/example_dags/example_branch_python_dop_operator_3.py
[2024-07-04T18:09:40.325+0000] {processor.py:830} INFO - Processing file /home/airflow/.local/lib/python3.12/site-packages/airflow/example_dags/example_branch_python_dop_operator_3.py for tasks to queue
[2024-07-04T18:09:40.327+0000] {logging_mixin.py:188} INFO - [2024-07-04T18:09:40.326+0000] {dagbag.py:545} INFO - Filling up the DagBag from /home/airflow/.local/lib/python3.12/site-packages/airflow/example_dags/example_branch_python_dop_operator_3.py
[2024-07-04T18:09:40.334+0000] {processor.py:840} INFO - DAG(s) 'example_branch_dop_operator_v3' retrieved from /home/airflow/.local/lib/python3.12/site-packages/airflow/example_dags/example_branch_python_dop_operator_3.py
[2024-07-04T18:09:40.356+0000] {logging_mixin.py:188} INFO - [2024-07-04T18:09:40.356+0000] {dag.py:3096} INFO - Sync 1 DAGs
[2024-07-04T18:09:40.383+0000] {logging_mixin.py:188} INFO - [2024-07-04T18:09:40.383+0000] {dag.py:3954} INFO - Setting next_dagrun for example_branch_dop_operator_v3 to 2024-07-04 18:08:00+00:00, run_after=2024-07-04 18:09:00+00:00
[2024-07-04T18:09:40.402+0000] {processor.py:183} INFO - Processing /home/airflow/.local/lib/python3.12/site-packages/airflow/example_dags/example_branch_python_dop_operator_3.py took 0.082 seconds
[2024-07-04T18:10:10.505+0000] {processor.py:161} INFO - Started process (PID=802) to work on /home/airflow/.local/lib/python3.12/site-packages/airflow/example_dags/example_branch_python_dop_operator_3.py
[2024-07-04T18:10:10.505+0000] {processor.py:830} INFO - Processing file /home/airflow/.local/lib/python3.12/site-packages/airflow/example_dags/example_branch_python_dop_operator_3.py for tasks to queue
[2024-07-04T18:10:10.507+0000] {logging_mixin.py:188} INFO - [2024-07-04T18:10:10.507+0000] {dagbag.py:545} INFO - Filling up the DagBag from /home/airflow/.local/lib/python3.12/site-packages/airflow/example_dags/example_branch_python_dop_operator_3.py
[2024-07-04T18:10:10.515+0000] {processor.py:840} INFO - DAG(s) 'example_branch_dop_operator_v3' retrieved from /home/airflow/.local/lib/python3.12/site-packages/airflow/example_dags/example_branch_python_dop_operator_3.py
[2024-07-04T18:10:10.533+0000] {logging_mixin.py:188} INFO - [2024-07-04T18:10:10.533+0000] {dag.py:3096} INFO - Sync 1 DAGs
[2024-07-04T18:10:10.557+0000] {logging_mixin.py:188} INFO - [2024-07-04T18:10:10.556+0000] {dag.py:3954} INFO - Setting next_dagrun for example_branch_dop_operator_v3 to 2024-07-04 18:09:00+00:00, run_after=2024-07-04 18:10:00+00:00
[2024-07-04T18:10:10.577+0000] {processor.py:183} INFO - Processing /home/airflow/.local/lib/python3.12/site-packages/airflow/example_dags/example_branch_python_dop_operator_3.py took 0.078 seconds
