[2024-07-04T17:38:46.743+0000] {processor.py:161} INFO - Started process (PID=69) to work on /home/airflow/.local/lib/python3.12/site-packages/airflow/example_dags/example_latest_only_with_trigger.py
[2024-07-04T17:38:46.827+0000] {processor.py:830} INFO - Processing file /home/airflow/.local/lib/python3.12/site-packages/airflow/example_dags/example_latest_only_with_trigger.py for tasks to queue
[2024-07-04T17:38:46.866+0000] {logging_mixin.py:188} INFO - [2024-07-04T17:38:46.865+0000] {dagbag.py:545} INFO - Filling up the DagBag from /home/airflow/.local/lib/python3.12/site-packages/airflow/example_dags/example_latest_only_with_trigger.py
[2024-07-04T17:38:46.904+0000] {processor.py:840} INFO - DAG(s) 'latest_only_with_trigger' retrieved from /home/airflow/.local/lib/python3.12/site-packages/airflow/example_dags/example_latest_only_with_trigger.py
[2024-07-04T17:38:47.182+0000] {logging_mixin.py:188} INFO - [2024-07-04T17:38:47.180+0000] {override.py:1829} INFO - Created Permission View: can read on DAG:latest_only_with_trigger
[2024-07-04T17:38:47.239+0000] {logging_mixin.py:188} INFO - [2024-07-04T17:38:47.238+0000] {override.py:1829} INFO - Created Permission View: can edit on DAG:latest_only_with_trigger
[2024-07-04T17:38:47.258+0000] {logging_mixin.py:188} INFO - [2024-07-04T17:38:47.258+0000] {override.py:1829} INFO - Created Permission View: can delete on DAG:latest_only_with_trigger
[2024-07-04T17:38:47.259+0000] {logging_mixin.py:188} INFO - [2024-07-04T17:38:47.259+0000] {dag.py:3096} INFO - Sync 1 DAGs
[2024-07-04T17:38:47.280+0000] {logging_mixin.py:188} INFO - [2024-07-04T17:38:47.280+0000] {dag.py:3118} INFO - Creating ORM DAG for latest_only_with_trigger
[2024-07-04T17:38:47.368+0000] {logging_mixin.py:188} INFO - [2024-07-04T17:38:47.368+0000] {dag.py:3954} INFO - Setting next_dagrun for latest_only_with_trigger to 2024-07-04 12:00:00+00:00, run_after=2024-07-04 16:00:00+00:00
[2024-07-04T17:38:47.433+0000] {processor.py:183} INFO - Processing /home/airflow/.local/lib/python3.12/site-packages/airflow/example_dags/example_latest_only_with_trigger.py took 0.704 seconds
[2024-07-04T17:39:17.780+0000] {processor.py:161} INFO - Started process (PID=127) to work on /home/airflow/.local/lib/python3.12/site-packages/airflow/example_dags/example_latest_only_with_trigger.py
[2024-07-04T17:39:17.782+0000] {processor.py:830} INFO - Processing file /home/airflow/.local/lib/python3.12/site-packages/airflow/example_dags/example_latest_only_with_trigger.py for tasks to queue
[2024-07-04T17:39:17.784+0000] {logging_mixin.py:188} INFO - [2024-07-04T17:39:17.784+0000] {dagbag.py:545} INFO - Filling up the DagBag from /home/airflow/.local/lib/python3.12/site-packages/airflow/example_dags/example_latest_only_with_trigger.py
[2024-07-04T17:39:17.789+0000] {processor.py:840} INFO - DAG(s) 'latest_only_with_trigger' retrieved from /home/airflow/.local/lib/python3.12/site-packages/airflow/example_dags/example_latest_only_with_trigger.py
[2024-07-04T17:39:17.811+0000] {logging_mixin.py:188} INFO - [2024-07-04T17:39:17.811+0000] {dag.py:3096} INFO - Sync 1 DAGs
[2024-07-04T17:39:17.832+0000] {logging_mixin.py:188} INFO - [2024-07-04T17:39:17.832+0000] {dag.py:3954} INFO - Setting next_dagrun for latest_only_with_trigger to 2024-07-04 12:00:00+00:00, run_after=2024-07-04 16:00:00+00:00
[2024-07-04T17:39:17.852+0000] {processor.py:183} INFO - Processing /home/airflow/.local/lib/python3.12/site-packages/airflow/example_dags/example_latest_only_with_trigger.py took 0.078 seconds
[2024-07-04T17:44:56.677+0000] {processor.py:161} INFO - Started process (PID=62) to work on /home/airflow/.local/lib/python3.12/site-packages/airflow/example_dags/example_latest_only_with_trigger.py
[2024-07-04T17:44:56.682+0000] {processor.py:830} INFO - Processing file /home/airflow/.local/lib/python3.12/site-packages/airflow/example_dags/example_latest_only_with_trigger.py for tasks to queue
[2024-07-04T17:44:56.685+0000] {logging_mixin.py:188} INFO - [2024-07-04T17:44:56.684+0000] {dagbag.py:545} INFO - Filling up the DagBag from /home/airflow/.local/lib/python3.12/site-packages/airflow/example_dags/example_latest_only_with_trigger.py
[2024-07-04T17:44:56.697+0000] {processor.py:840} INFO - DAG(s) 'latest_only_with_trigger' retrieved from /home/airflow/.local/lib/python3.12/site-packages/airflow/example_dags/example_latest_only_with_trigger.py
[2024-07-04T17:44:56.845+0000] {logging_mixin.py:188} INFO - [2024-07-04T17:44:56.845+0000] {dag.py:3096} INFO - Sync 1 DAGs
[2024-07-04T17:44:56.869+0000] {logging_mixin.py:188} INFO - [2024-07-04T17:44:56.868+0000] {dag.py:3954} INFO - Setting next_dagrun for latest_only_with_trigger to 2024-07-04 12:00:00+00:00, run_after=2024-07-04 16:00:00+00:00
[2024-07-04T17:44:56.899+0000] {processor.py:183} INFO - Processing /home/airflow/.local/lib/python3.12/site-packages/airflow/example_dags/example_latest_only_with_trigger.py took 0.229 seconds
[2024-07-04T17:45:27.595+0000] {processor.py:161} INFO - Started process (PID=120) to work on /home/airflow/.local/lib/python3.12/site-packages/airflow/example_dags/example_latest_only_with_trigger.py
[2024-07-04T17:45:27.596+0000] {processor.py:830} INFO - Processing file /home/airflow/.local/lib/python3.12/site-packages/airflow/example_dags/example_latest_only_with_trigger.py for tasks to queue
[2024-07-04T17:45:27.597+0000] {logging_mixin.py:188} INFO - [2024-07-04T17:45:27.597+0000] {dagbag.py:545} INFO - Filling up the DagBag from /home/airflow/.local/lib/python3.12/site-packages/airflow/example_dags/example_latest_only_with_trigger.py
[2024-07-04T17:45:27.603+0000] {processor.py:840} INFO - DAG(s) 'latest_only_with_trigger' retrieved from /home/airflow/.local/lib/python3.12/site-packages/airflow/example_dags/example_latest_only_with_trigger.py
[2024-07-04T17:45:27.623+0000] {logging_mixin.py:188} INFO - [2024-07-04T17:45:27.623+0000] {dag.py:3096} INFO - Sync 1 DAGs
[2024-07-04T17:45:27.645+0000] {logging_mixin.py:188} INFO - [2024-07-04T17:45:27.645+0000] {dag.py:3954} INFO - Setting next_dagrun for latest_only_with_trigger to 2024-07-04 12:00:00+00:00, run_after=2024-07-04 16:00:00+00:00
[2024-07-04T17:45:27.665+0000] {processor.py:183} INFO - Processing /home/airflow/.local/lib/python3.12/site-packages/airflow/example_dags/example_latest_only_with_trigger.py took 0.075 seconds
[2024-07-04T17:45:57.718+0000] {processor.py:161} INFO - Started process (PID=178) to work on /home/airflow/.local/lib/python3.12/site-packages/airflow/example_dags/example_latest_only_with_trigger.py
[2024-07-04T17:45:57.719+0000] {processor.py:830} INFO - Processing file /home/airflow/.local/lib/python3.12/site-packages/airflow/example_dags/example_latest_only_with_trigger.py for tasks to queue
[2024-07-04T17:45:57.720+0000] {logging_mixin.py:188} INFO - [2024-07-04T17:45:57.720+0000] {dagbag.py:545} INFO - Filling up the DagBag from /home/airflow/.local/lib/python3.12/site-packages/airflow/example_dags/example_latest_only_with_trigger.py
[2024-07-04T17:45:57.725+0000] {processor.py:840} INFO - DAG(s) 'latest_only_with_trigger' retrieved from /home/airflow/.local/lib/python3.12/site-packages/airflow/example_dags/example_latest_only_with_trigger.py
[2024-07-04T17:45:57.746+0000] {logging_mixin.py:188} INFO - [2024-07-04T17:45:57.746+0000] {dag.py:3096} INFO - Sync 1 DAGs
[2024-07-04T17:45:57.769+0000] {logging_mixin.py:188} INFO - [2024-07-04T17:45:57.769+0000] {dag.py:3954} INFO - Setting next_dagrun for latest_only_with_trigger to 2024-07-04 12:00:00+00:00, run_after=2024-07-04 16:00:00+00:00
[2024-07-04T17:45:57.790+0000] {processor.py:183} INFO - Processing /home/airflow/.local/lib/python3.12/site-packages/airflow/example_dags/example_latest_only_with_trigger.py took 0.077 seconds
[2024-07-04T17:46:28.089+0000] {processor.py:161} INFO - Started process (PID=236) to work on /home/airflow/.local/lib/python3.12/site-packages/airflow/example_dags/example_latest_only_with_trigger.py
[2024-07-04T17:46:28.089+0000] {processor.py:830} INFO - Processing file /home/airflow/.local/lib/python3.12/site-packages/airflow/example_dags/example_latest_only_with_trigger.py for tasks to queue
[2024-07-04T17:46:28.092+0000] {logging_mixin.py:188} INFO - [2024-07-04T17:46:28.091+0000] {dagbag.py:545} INFO - Filling up the DagBag from /home/airflow/.local/lib/python3.12/site-packages/airflow/example_dags/example_latest_only_with_trigger.py
[2024-07-04T17:46:28.097+0000] {processor.py:840} INFO - DAG(s) 'latest_only_with_trigger' retrieved from /home/airflow/.local/lib/python3.12/site-packages/airflow/example_dags/example_latest_only_with_trigger.py
[2024-07-04T17:46:28.117+0000] {logging_mixin.py:188} INFO - [2024-07-04T17:46:28.117+0000] {dag.py:3096} INFO - Sync 1 DAGs
[2024-07-04T17:46:28.139+0000] {logging_mixin.py:188} INFO - [2024-07-04T17:46:28.139+0000] {dag.py:3954} INFO - Setting next_dagrun for latest_only_with_trigger to 2024-07-04 12:00:00+00:00, run_after=2024-07-04 16:00:00+00:00
[2024-07-04T17:46:28.160+0000] {processor.py:183} INFO - Processing /home/airflow/.local/lib/python3.12/site-packages/airflow/example_dags/example_latest_only_with_trigger.py took 0.078 seconds
[2024-07-04T18:03:57.970+0000] {processor.py:161} INFO - Started process (PID=62) to work on /home/airflow/.local/lib/python3.12/site-packages/airflow/example_dags/example_latest_only_with_trigger.py
[2024-07-04T18:03:57.971+0000] {processor.py:830} INFO - Processing file /home/airflow/.local/lib/python3.12/site-packages/airflow/example_dags/example_latest_only_with_trigger.py for tasks to queue
[2024-07-04T18:03:57.973+0000] {logging_mixin.py:188} INFO - [2024-07-04T18:03:57.973+0000] {dagbag.py:545} INFO - Filling up the DagBag from /home/airflow/.local/lib/python3.12/site-packages/airflow/example_dags/example_latest_only_with_trigger.py
[2024-07-04T18:03:57.983+0000] {processor.py:840} INFO - DAG(s) 'latest_only_with_trigger' retrieved from /home/airflow/.local/lib/python3.12/site-packages/airflow/example_dags/example_latest_only_with_trigger.py
[2024-07-04T18:03:58.186+0000] {logging_mixin.py:188} INFO - [2024-07-04T18:03:58.186+0000] {dag.py:3096} INFO - Sync 1 DAGs
[2024-07-04T18:03:58.215+0000] {logging_mixin.py:188} INFO - [2024-07-04T18:03:58.215+0000] {dag.py:3954} INFO - Setting next_dagrun for latest_only_with_trigger to 2024-07-04 12:00:00+00:00, run_after=2024-07-04 16:00:00+00:00
[2024-07-04T18:03:58.248+0000] {processor.py:183} INFO - Processing /home/airflow/.local/lib/python3.12/site-packages/airflow/example_dags/example_latest_only_with_trigger.py took 0.285 seconds
[2024-07-04T18:04:28.446+0000] {processor.py:161} INFO - Started process (PID=120) to work on /home/airflow/.local/lib/python3.12/site-packages/airflow/example_dags/example_latest_only_with_trigger.py
[2024-07-04T18:04:28.446+0000] {processor.py:830} INFO - Processing file /home/airflow/.local/lib/python3.12/site-packages/airflow/example_dags/example_latest_only_with_trigger.py for tasks to queue
[2024-07-04T18:04:28.448+0000] {logging_mixin.py:188} INFO - [2024-07-04T18:04:28.447+0000] {dagbag.py:545} INFO - Filling up the DagBag from /home/airflow/.local/lib/python3.12/site-packages/airflow/example_dags/example_latest_only_with_trigger.py
[2024-07-04T18:04:28.453+0000] {processor.py:840} INFO - DAG(s) 'latest_only_with_trigger' retrieved from /home/airflow/.local/lib/python3.12/site-packages/airflow/example_dags/example_latest_only_with_trigger.py
[2024-07-04T18:04:28.471+0000] {logging_mixin.py:188} INFO - [2024-07-04T18:04:28.471+0000] {dag.py:3096} INFO - Sync 1 DAGs
[2024-07-04T18:04:28.491+0000] {logging_mixin.py:188} INFO - [2024-07-04T18:04:28.491+0000] {dag.py:3954} INFO - Setting next_dagrun for latest_only_with_trigger to 2024-07-04 12:00:00+00:00, run_after=2024-07-04 16:00:00+00:00
[2024-07-04T18:04:28.510+0000] {processor.py:183} INFO - Processing /home/airflow/.local/lib/python3.12/site-packages/airflow/example_dags/example_latest_only_with_trigger.py took 0.069 seconds
[2024-07-04T18:04:59.193+0000] {processor.py:161} INFO - Started process (PID=177) to work on /home/airflow/.local/lib/python3.12/site-packages/airflow/example_dags/example_latest_only_with_trigger.py
[2024-07-04T18:04:59.193+0000] {processor.py:830} INFO - Processing file /home/airflow/.local/lib/python3.12/site-packages/airflow/example_dags/example_latest_only_with_trigger.py for tasks to queue
[2024-07-04T18:04:59.195+0000] {logging_mixin.py:188} INFO - [2024-07-04T18:04:59.195+0000] {dagbag.py:545} INFO - Filling up the DagBag from /home/airflow/.local/lib/python3.12/site-packages/airflow/example_dags/example_latest_only_with_trigger.py
[2024-07-04T18:04:59.200+0000] {processor.py:840} INFO - DAG(s) 'latest_only_with_trigger' retrieved from /home/airflow/.local/lib/python3.12/site-packages/airflow/example_dags/example_latest_only_with_trigger.py
[2024-07-04T18:04:59.218+0000] {logging_mixin.py:188} INFO - [2024-07-04T18:04:59.218+0000] {dag.py:3096} INFO - Sync 1 DAGs
[2024-07-04T18:04:59.239+0000] {logging_mixin.py:188} INFO - [2024-07-04T18:04:59.238+0000] {dag.py:3954} INFO - Setting next_dagrun for latest_only_with_trigger to 2024-07-04 12:00:00+00:00, run_after=2024-07-04 16:00:00+00:00
[2024-07-04T18:04:59.260+0000] {processor.py:183} INFO - Processing /home/airflow/.local/lib/python3.12/site-packages/airflow/example_dags/example_latest_only_with_trigger.py took 0.072 seconds
[2024-07-04T18:05:29.509+0000] {processor.py:161} INFO - Started process (PID=235) to work on /home/airflow/.local/lib/python3.12/site-packages/airflow/example_dags/example_latest_only_with_trigger.py
[2024-07-04T18:05:29.509+0000] {processor.py:830} INFO - Processing file /home/airflow/.local/lib/python3.12/site-packages/airflow/example_dags/example_latest_only_with_trigger.py for tasks to queue
[2024-07-04T18:05:29.511+0000] {logging_mixin.py:188} INFO - [2024-07-04T18:05:29.511+0000] {dagbag.py:545} INFO - Filling up the DagBag from /home/airflow/.local/lib/python3.12/site-packages/airflow/example_dags/example_latest_only_with_trigger.py
[2024-07-04T18:05:29.516+0000] {processor.py:840} INFO - DAG(s) 'latest_only_with_trigger' retrieved from /home/airflow/.local/lib/python3.12/site-packages/airflow/example_dags/example_latest_only_with_trigger.py
[2024-07-04T18:05:29.536+0000] {logging_mixin.py:188} INFO - [2024-07-04T18:05:29.535+0000] {dag.py:3096} INFO - Sync 1 DAGs
[2024-07-04T18:05:29.557+0000] {logging_mixin.py:188} INFO - [2024-07-04T18:05:29.557+0000] {dag.py:3954} INFO - Setting next_dagrun for latest_only_with_trigger to 2024-07-04 12:00:00+00:00, run_after=2024-07-04 16:00:00+00:00
[2024-07-04T18:05:29.578+0000] {processor.py:183} INFO - Processing /home/airflow/.local/lib/python3.12/site-packages/airflow/example_dags/example_latest_only_with_trigger.py took 0.074 seconds
[2024-07-04T18:06:00.010+0000] {processor.py:161} INFO - Started process (PID=294) to work on /home/airflow/.local/lib/python3.12/site-packages/airflow/example_dags/example_latest_only_with_trigger.py
[2024-07-04T18:06:00.011+0000] {processor.py:830} INFO - Processing file /home/airflow/.local/lib/python3.12/site-packages/airflow/example_dags/example_latest_only_with_trigger.py for tasks to queue
[2024-07-04T18:06:00.013+0000] {logging_mixin.py:188} INFO - [2024-07-04T18:06:00.012+0000] {dagbag.py:545} INFO - Filling up the DagBag from /home/airflow/.local/lib/python3.12/site-packages/airflow/example_dags/example_latest_only_with_trigger.py
[2024-07-04T18:06:00.017+0000] {processor.py:840} INFO - DAG(s) 'latest_only_with_trigger' retrieved from /home/airflow/.local/lib/python3.12/site-packages/airflow/example_dags/example_latest_only_with_trigger.py
[2024-07-04T18:06:00.036+0000] {logging_mixin.py:188} INFO - [2024-07-04T18:06:00.036+0000] {dag.py:3096} INFO - Sync 1 DAGs
[2024-07-04T18:06:00.057+0000] {logging_mixin.py:188} INFO - [2024-07-04T18:06:00.057+0000] {dag.py:3954} INFO - Setting next_dagrun for latest_only_with_trigger to 2024-07-04 12:00:00+00:00, run_after=2024-07-04 16:00:00+00:00
[2024-07-04T18:06:00.079+0000] {processor.py:183} INFO - Processing /home/airflow/.local/lib/python3.12/site-packages/airflow/example_dags/example_latest_only_with_trigger.py took 0.074 seconds
[2024-07-04T18:06:30.318+0000] {processor.py:161} INFO - Started process (PID=359) to work on /home/airflow/.local/lib/python3.12/site-packages/airflow/example_dags/example_latest_only_with_trigger.py
[2024-07-04T18:06:30.319+0000] {processor.py:830} INFO - Processing file /home/airflow/.local/lib/python3.12/site-packages/airflow/example_dags/example_latest_only_with_trigger.py for tasks to queue
[2024-07-04T18:06:30.320+0000] {logging_mixin.py:188} INFO - [2024-07-04T18:06:30.320+0000] {dagbag.py:545} INFO - Filling up the DagBag from /home/airflow/.local/lib/python3.12/site-packages/airflow/example_dags/example_latest_only_with_trigger.py
[2024-07-04T18:06:30.326+0000] {processor.py:840} INFO - DAG(s) 'latest_only_with_trigger' retrieved from /home/airflow/.local/lib/python3.12/site-packages/airflow/example_dags/example_latest_only_with_trigger.py
[2024-07-04T18:06:30.348+0000] {logging_mixin.py:188} INFO - [2024-07-04T18:06:30.347+0000] {dag.py:3096} INFO - Sync 1 DAGs
[2024-07-04T18:06:30.372+0000] {logging_mixin.py:188} INFO - [2024-07-04T18:06:30.372+0000] {dag.py:3954} INFO - Setting next_dagrun for latest_only_with_trigger to 2024-07-04 12:00:00+00:00, run_after=2024-07-04 16:00:00+00:00
[2024-07-04T18:06:30.396+0000] {processor.py:183} INFO - Processing /home/airflow/.local/lib/python3.12/site-packages/airflow/example_dags/example_latest_only_with_trigger.py took 0.083 seconds
[2024-07-04T18:07:00.730+0000] {processor.py:161} INFO - Started process (PID=418) to work on /home/airflow/.local/lib/python3.12/site-packages/airflow/example_dags/example_latest_only_with_trigger.py
[2024-07-04T18:07:00.730+0000] {processor.py:830} INFO - Processing file /home/airflow/.local/lib/python3.12/site-packages/airflow/example_dags/example_latest_only_with_trigger.py for tasks to queue
[2024-07-04T18:07:00.732+0000] {logging_mixin.py:188} INFO - [2024-07-04T18:07:00.732+0000] {dagbag.py:545} INFO - Filling up the DagBag from /home/airflow/.local/lib/python3.12/site-packages/airflow/example_dags/example_latest_only_with_trigger.py
[2024-07-04T18:07:00.738+0000] {processor.py:840} INFO - DAG(s) 'latest_only_with_trigger' retrieved from /home/airflow/.local/lib/python3.12/site-packages/airflow/example_dags/example_latest_only_with_trigger.py
[2024-07-04T18:07:00.758+0000] {logging_mixin.py:188} INFO - [2024-07-04T18:07:00.758+0000] {dag.py:3096} INFO - Sync 1 DAGs
[2024-07-04T18:07:00.780+0000] {logging_mixin.py:188} INFO - [2024-07-04T18:07:00.779+0000] {dag.py:3954} INFO - Setting next_dagrun for latest_only_with_trigger to 2024-07-04 12:00:00+00:00, run_after=2024-07-04 16:00:00+00:00
[2024-07-04T18:07:00.806+0000] {processor.py:183} INFO - Processing /home/airflow/.local/lib/python3.12/site-packages/airflow/example_dags/example_latest_only_with_trigger.py took 0.083 seconds
[2024-07-04T18:07:31.180+0000] {processor.py:161} INFO - Started process (PID=475) to work on /home/airflow/.local/lib/python3.12/site-packages/airflow/example_dags/example_latest_only_with_trigger.py
[2024-07-04T18:07:31.181+0000] {processor.py:830} INFO - Processing file /home/airflow/.local/lib/python3.12/site-packages/airflow/example_dags/example_latest_only_with_trigger.py for tasks to queue
[2024-07-04T18:07:31.183+0000] {logging_mixin.py:188} INFO - [2024-07-04T18:07:31.183+0000] {dagbag.py:545} INFO - Filling up the DagBag from /home/airflow/.local/lib/python3.12/site-packages/airflow/example_dags/example_latest_only_with_trigger.py
[2024-07-04T18:07:31.192+0000] {processor.py:840} INFO - DAG(s) 'latest_only_with_trigger' retrieved from /home/airflow/.local/lib/python3.12/site-packages/airflow/example_dags/example_latest_only_with_trigger.py
[2024-07-04T18:07:31.220+0000] {logging_mixin.py:188} INFO - [2024-07-04T18:07:31.220+0000] {dag.py:3096} INFO - Sync 1 DAGs
[2024-07-04T18:07:31.253+0000] {logging_mixin.py:188} INFO - [2024-07-04T18:07:31.253+0000] {dag.py:3954} INFO - Setting next_dagrun for latest_only_with_trigger to 2024-07-04 12:00:00+00:00, run_after=2024-07-04 16:00:00+00:00
[2024-07-04T18:07:31.277+0000] {processor.py:183} INFO - Processing /home/airflow/.local/lib/python3.12/site-packages/airflow/example_dags/example_latest_only_with_trigger.py took 0.103 seconds
[2024-07-04T18:08:01.699+0000] {processor.py:161} INFO - Started process (PID=533) to work on /home/airflow/.local/lib/python3.12/site-packages/airflow/example_dags/example_latest_only_with_trigger.py
[2024-07-04T18:08:01.700+0000] {processor.py:830} INFO - Processing file /home/airflow/.local/lib/python3.12/site-packages/airflow/example_dags/example_latest_only_with_trigger.py for tasks to queue
[2024-07-04T18:08:01.703+0000] {logging_mixin.py:188} INFO - [2024-07-04T18:08:01.702+0000] {dagbag.py:545} INFO - Filling up the DagBag from /home/airflow/.local/lib/python3.12/site-packages/airflow/example_dags/example_latest_only_with_trigger.py
[2024-07-04T18:08:01.708+0000] {processor.py:840} INFO - DAG(s) 'latest_only_with_trigger' retrieved from /home/airflow/.local/lib/python3.12/site-packages/airflow/example_dags/example_latest_only_with_trigger.py
[2024-07-04T18:08:01.725+0000] {logging_mixin.py:188} INFO - [2024-07-04T18:08:01.725+0000] {dag.py:3096} INFO - Sync 1 DAGs
[2024-07-04T18:08:01.744+0000] {logging_mixin.py:188} INFO - [2024-07-04T18:08:01.744+0000] {dag.py:3954} INFO - Setting next_dagrun for latest_only_with_trigger to 2024-07-04 12:00:00+00:00, run_after=2024-07-04 16:00:00+00:00
[2024-07-04T18:08:01.766+0000] {processor.py:183} INFO - Processing /home/airflow/.local/lib/python3.12/site-packages/airflow/example_dags/example_latest_only_with_trigger.py took 0.073 seconds
[2024-07-04T18:08:32.307+0000] {processor.py:161} INFO - Started process (PID=591) to work on /home/airflow/.local/lib/python3.12/site-packages/airflow/example_dags/example_latest_only_with_trigger.py
[2024-07-04T18:08:32.308+0000] {processor.py:830} INFO - Processing file /home/airflow/.local/lib/python3.12/site-packages/airflow/example_dags/example_latest_only_with_trigger.py for tasks to queue
[2024-07-04T18:08:32.310+0000] {logging_mixin.py:188} INFO - [2024-07-04T18:08:32.310+0000] {dagbag.py:545} INFO - Filling up the DagBag from /home/airflow/.local/lib/python3.12/site-packages/airflow/example_dags/example_latest_only_with_trigger.py
[2024-07-04T18:08:32.315+0000] {processor.py:840} INFO - DAG(s) 'latest_only_with_trigger' retrieved from /home/airflow/.local/lib/python3.12/site-packages/airflow/example_dags/example_latest_only_with_trigger.py
[2024-07-04T18:08:32.333+0000] {logging_mixin.py:188} INFO - [2024-07-04T18:08:32.333+0000] {dag.py:3096} INFO - Sync 1 DAGs
[2024-07-04T18:08:32.353+0000] {logging_mixin.py:188} INFO - [2024-07-04T18:08:32.353+0000] {dag.py:3954} INFO - Setting next_dagrun for latest_only_with_trigger to 2024-07-04 12:00:00+00:00, run_after=2024-07-04 16:00:00+00:00
[2024-07-04T18:08:32.375+0000] {processor.py:183} INFO - Processing /home/airflow/.local/lib/python3.12/site-packages/airflow/example_dags/example_latest_only_with_trigger.py took 0.073 seconds
[2024-07-04T18:09:03.014+0000] {processor.py:161} INFO - Started process (PID=648) to work on /home/airflow/.local/lib/python3.12/site-packages/airflow/example_dags/example_latest_only_with_trigger.py
[2024-07-04T18:09:03.015+0000] {processor.py:830} INFO - Processing file /home/airflow/.local/lib/python3.12/site-packages/airflow/example_dags/example_latest_only_with_trigger.py for tasks to queue
[2024-07-04T18:09:03.017+0000] {logging_mixin.py:188} INFO - [2024-07-04T18:09:03.016+0000] {dagbag.py:545} INFO - Filling up the DagBag from /home/airflow/.local/lib/python3.12/site-packages/airflow/example_dags/example_latest_only_with_trigger.py
[2024-07-04T18:09:03.021+0000] {processor.py:840} INFO - DAG(s) 'latest_only_with_trigger' retrieved from /home/airflow/.local/lib/python3.12/site-packages/airflow/example_dags/example_latest_only_with_trigger.py
[2024-07-04T18:09:03.039+0000] {logging_mixin.py:188} INFO - [2024-07-04T18:09:03.038+0000] {dag.py:3096} INFO - Sync 1 DAGs
[2024-07-04T18:09:03.058+0000] {logging_mixin.py:188} INFO - [2024-07-04T18:09:03.058+0000] {dag.py:3954} INFO - Setting next_dagrun for latest_only_with_trigger to 2024-07-04 12:00:00+00:00, run_after=2024-07-04 16:00:00+00:00
[2024-07-04T18:09:03.077+0000] {processor.py:183} INFO - Processing /home/airflow/.local/lib/python3.12/site-packages/airflow/example_dags/example_latest_only_with_trigger.py took 0.068 seconds
[2024-07-04T18:09:33.205+0000] {processor.py:161} INFO - Started process (PID=706) to work on /home/airflow/.local/lib/python3.12/site-packages/airflow/example_dags/example_latest_only_with_trigger.py
[2024-07-04T18:09:33.206+0000] {processor.py:830} INFO - Processing file /home/airflow/.local/lib/python3.12/site-packages/airflow/example_dags/example_latest_only_with_trigger.py for tasks to queue
[2024-07-04T18:09:33.208+0000] {logging_mixin.py:188} INFO - [2024-07-04T18:09:33.208+0000] {dagbag.py:545} INFO - Filling up the DagBag from /home/airflow/.local/lib/python3.12/site-packages/airflow/example_dags/example_latest_only_with_trigger.py
[2024-07-04T18:09:33.213+0000] {processor.py:840} INFO - DAG(s) 'latest_only_with_trigger' retrieved from /home/airflow/.local/lib/python3.12/site-packages/airflow/example_dags/example_latest_only_with_trigger.py
[2024-07-04T18:09:33.232+0000] {logging_mixin.py:188} INFO - [2024-07-04T18:09:33.232+0000] {dag.py:3096} INFO - Sync 1 DAGs
[2024-07-04T18:09:33.253+0000] {logging_mixin.py:188} INFO - [2024-07-04T18:09:33.253+0000] {dag.py:3954} INFO - Setting next_dagrun for latest_only_with_trigger to 2024-07-04 12:00:00+00:00, run_after=2024-07-04 16:00:00+00:00
[2024-07-04T18:09:33.274+0000] {processor.py:183} INFO - Processing /home/airflow/.local/lib/python3.12/site-packages/airflow/example_dags/example_latest_only_with_trigger.py took 0.075 seconds
[2024-07-04T18:10:03.441+0000] {processor.py:161} INFO - Started process (PID=763) to work on /home/airflow/.local/lib/python3.12/site-packages/airflow/example_dags/example_latest_only_with_trigger.py
[2024-07-04T18:10:03.441+0000] {processor.py:830} INFO - Processing file /home/airflow/.local/lib/python3.12/site-packages/airflow/example_dags/example_latest_only_with_trigger.py for tasks to queue
[2024-07-04T18:10:03.443+0000] {logging_mixin.py:188} INFO - [2024-07-04T18:10:03.442+0000] {dagbag.py:545} INFO - Filling up the DagBag from /home/airflow/.local/lib/python3.12/site-packages/airflow/example_dags/example_latest_only_with_trigger.py
[2024-07-04T18:10:03.447+0000] {processor.py:840} INFO - DAG(s) 'latest_only_with_trigger' retrieved from /home/airflow/.local/lib/python3.12/site-packages/airflow/example_dags/example_latest_only_with_trigger.py
[2024-07-04T18:10:03.470+0000] {logging_mixin.py:188} INFO - [2024-07-04T18:10:03.469+0000] {dag.py:3096} INFO - Sync 1 DAGs
[2024-07-04T18:10:03.492+0000] {logging_mixin.py:188} INFO - [2024-07-04T18:10:03.492+0000] {dag.py:3954} INFO - Setting next_dagrun for latest_only_with_trigger to 2024-07-04 12:00:00+00:00, run_after=2024-07-04 16:00:00+00:00
[2024-07-04T18:10:03.522+0000] {processor.py:183} INFO - Processing /home/airflow/.local/lib/python3.12/site-packages/airflow/example_dags/example_latest_only_with_trigger.py took 0.086 seconds
