[2024-07-04T17:38:45.896+0000] {processor.py:161} INFO - Started process (PID=60) to work on /home/airflow/.local/lib/python3.12/site-packages/airflow/example_dags/example_task_group_decorator.py
[2024-07-04T17:38:45.897+0000] {processor.py:830} INFO - Processing file /home/airflow/.local/lib/python3.12/site-packages/airflow/example_dags/example_task_group_decorator.py for tasks to queue
[2024-07-04T17:38:45.899+0000] {logging_mixin.py:188} INFO - [2024-07-04T17:38:45.899+0000] {dagbag.py:545} INFO - Filling up the DagBag from /home/airflow/.local/lib/python3.12/site-packages/airflow/example_dags/example_task_group_decorator.py
[2024-07-04T17:38:45.919+0000] {processor.py:840} INFO - DAG(s) 'example_task_group_decorator' retrieved from /home/airflow/.local/lib/python3.12/site-packages/airflow/example_dags/example_task_group_decorator.py
[2024-07-04T17:38:46.187+0000] {logging_mixin.py:188} INFO - [2024-07-04T17:38:46.186+0000] {override.py:1829} INFO - Created Permission View: can read on DAG:example_task_group_decorator
[2024-07-04T17:38:46.285+0000] {logging_mixin.py:188} INFO - [2024-07-04T17:38:46.283+0000] {override.py:1829} INFO - Created Permission View: can edit on DAG:example_task_group_decorator
[2024-07-04T17:38:46.336+0000] {logging_mixin.py:188} INFO - [2024-07-04T17:38:46.334+0000] {override.py:1829} INFO - Created Permission View: can delete on DAG:example_task_group_decorator
[2024-07-04T17:38:46.338+0000] {logging_mixin.py:188} INFO - [2024-07-04T17:38:46.337+0000] {dag.py:3096} INFO - Sync 1 DAGs
[2024-07-04T17:38:46.416+0000] {logging_mixin.py:188} INFO - [2024-07-04T17:38:46.416+0000] {dag.py:3118} INFO - Creating ORM DAG for example_task_group_decorator
[2024-07-04T17:38:46.427+0000] {logging_mixin.py:188} INFO - [2024-07-04T17:38:46.427+0000] {dag.py:3954} INFO - Setting next_dagrun for example_task_group_decorator to 2024-07-03 00:00:00+00:00, run_after=2024-07-04 00:00:00+00:00
[2024-07-04T17:38:46.470+0000] {processor.py:183} INFO - Processing /home/airflow/.local/lib/python3.12/site-packages/airflow/example_dags/example_task_group_decorator.py took 0.580 seconds
[2024-07-04T17:39:16.657+0000] {processor.py:161} INFO - Started process (PID=124) to work on /home/airflow/.local/lib/python3.12/site-packages/airflow/example_dags/example_task_group_decorator.py
[2024-07-04T17:39:16.657+0000] {processor.py:830} INFO - Processing file /home/airflow/.local/lib/python3.12/site-packages/airflow/example_dags/example_task_group_decorator.py for tasks to queue
[2024-07-04T17:39:16.658+0000] {logging_mixin.py:188} INFO - [2024-07-04T17:39:16.658+0000] {dagbag.py:545} INFO - Filling up the DagBag from /home/airflow/.local/lib/python3.12/site-packages/airflow/example_dags/example_task_group_decorator.py
[2024-07-04T17:39:16.671+0000] {processor.py:840} INFO - DAG(s) 'example_task_group_decorator' retrieved from /home/airflow/.local/lib/python3.12/site-packages/airflow/example_dags/example_task_group_decorator.py
[2024-07-04T17:39:16.696+0000] {logging_mixin.py:188} INFO - [2024-07-04T17:39:16.695+0000] {dag.py:3096} INFO - Sync 1 DAGs
[2024-07-04T17:39:16.716+0000] {logging_mixin.py:188} INFO - [2024-07-04T17:39:16.716+0000] {dag.py:3954} INFO - Setting next_dagrun for example_task_group_decorator to 2024-07-03 00:00:00+00:00, run_after=2024-07-04 00:00:00+00:00
[2024-07-04T17:39:16.736+0000] {processor.py:183} INFO - Processing /home/airflow/.local/lib/python3.12/site-packages/airflow/example_dags/example_task_group_decorator.py took 0.084 seconds
[2024-07-04T17:44:56.080+0000] {processor.py:161} INFO - Started process (PID=59) to work on /home/airflow/.local/lib/python3.12/site-packages/airflow/example_dags/example_task_group_decorator.py
[2024-07-04T17:44:56.081+0000] {processor.py:830} INFO - Processing file /home/airflow/.local/lib/python3.12/site-packages/airflow/example_dags/example_task_group_decorator.py for tasks to queue
[2024-07-04T17:44:56.083+0000] {logging_mixin.py:188} INFO - [2024-07-04T17:44:56.083+0000] {dagbag.py:545} INFO - Filling up the DagBag from /home/airflow/.local/lib/python3.12/site-packages/airflow/example_dags/example_task_group_decorator.py
[2024-07-04T17:44:56.106+0000] {processor.py:840} INFO - DAG(s) 'example_task_group_decorator' retrieved from /home/airflow/.local/lib/python3.12/site-packages/airflow/example_dags/example_task_group_decorator.py
[2024-07-04T17:44:56.355+0000] {logging_mixin.py:188} INFO - [2024-07-04T17:44:56.354+0000] {dag.py:3096} INFO - Sync 1 DAGs
[2024-07-04T17:44:56.387+0000] {logging_mixin.py:188} INFO - [2024-07-04T17:44:56.387+0000] {dag.py:3954} INFO - Setting next_dagrun for example_task_group_decorator to 2024-07-03 00:00:00+00:00, run_after=2024-07-04 00:00:00+00:00
[2024-07-04T17:44:56.414+0000] {processor.py:183} INFO - Processing /home/airflow/.local/lib/python3.12/site-packages/airflow/example_dags/example_task_group_decorator.py took 0.340 seconds
[2024-07-04T17:45:26.499+0000] {processor.py:161} INFO - Started process (PID=117) to work on /home/airflow/.local/lib/python3.12/site-packages/airflow/example_dags/example_task_group_decorator.py
[2024-07-04T17:45:26.500+0000] {processor.py:830} INFO - Processing file /home/airflow/.local/lib/python3.12/site-packages/airflow/example_dags/example_task_group_decorator.py for tasks to queue
[2024-07-04T17:45:26.502+0000] {logging_mixin.py:188} INFO - [2024-07-04T17:45:26.502+0000] {dagbag.py:545} INFO - Filling up the DagBag from /home/airflow/.local/lib/python3.12/site-packages/airflow/example_dags/example_task_group_decorator.py
[2024-07-04T17:45:26.519+0000] {processor.py:840} INFO - DAG(s) 'example_task_group_decorator' retrieved from /home/airflow/.local/lib/python3.12/site-packages/airflow/example_dags/example_task_group_decorator.py
[2024-07-04T17:45:26.547+0000] {logging_mixin.py:188} INFO - [2024-07-04T17:45:26.547+0000] {dag.py:3096} INFO - Sync 1 DAGs
[2024-07-04T17:45:26.571+0000] {logging_mixin.py:188} INFO - [2024-07-04T17:45:26.571+0000] {dag.py:3954} INFO - Setting next_dagrun for example_task_group_decorator to 2024-07-03 00:00:00+00:00, run_after=2024-07-04 00:00:00+00:00
[2024-07-04T17:45:26.600+0000] {processor.py:183} INFO - Processing /home/airflow/.local/lib/python3.12/site-packages/airflow/example_dags/example_task_group_decorator.py took 0.107 seconds
[2024-07-04T17:45:57.485+0000] {processor.py:161} INFO - Started process (PID=175) to work on /home/airflow/.local/lib/python3.12/site-packages/airflow/example_dags/example_task_group_decorator.py
[2024-07-04T17:45:57.486+0000] {processor.py:830} INFO - Processing file /home/airflow/.local/lib/python3.12/site-packages/airflow/example_dags/example_task_group_decorator.py for tasks to queue
[2024-07-04T17:45:57.487+0000] {logging_mixin.py:188} INFO - [2024-07-04T17:45:57.487+0000] {dagbag.py:545} INFO - Filling up the DagBag from /home/airflow/.local/lib/python3.12/site-packages/airflow/example_dags/example_task_group_decorator.py
[2024-07-04T17:45:57.502+0000] {processor.py:840} INFO - DAG(s) 'example_task_group_decorator' retrieved from /home/airflow/.local/lib/python3.12/site-packages/airflow/example_dags/example_task_group_decorator.py
[2024-07-04T17:45:57.536+0000] {logging_mixin.py:188} INFO - [2024-07-04T17:45:57.535+0000] {dag.py:3096} INFO - Sync 1 DAGs
[2024-07-04T17:45:57.565+0000] {logging_mixin.py:188} INFO - [2024-07-04T17:45:57.565+0000] {dag.py:3954} INFO - Setting next_dagrun for example_task_group_decorator to 2024-07-03 00:00:00+00:00, run_after=2024-07-04 00:00:00+00:00
[2024-07-04T17:45:57.585+0000] {processor.py:183} INFO - Processing /home/airflow/.local/lib/python3.12/site-packages/airflow/example_dags/example_task_group_decorator.py took 0.105 seconds
[2024-07-04T17:46:27.898+0000] {processor.py:161} INFO - Started process (PID=233) to work on /home/airflow/.local/lib/python3.12/site-packages/airflow/example_dags/example_task_group_decorator.py
[2024-07-04T17:46:27.899+0000] {processor.py:830} INFO - Processing file /home/airflow/.local/lib/python3.12/site-packages/airflow/example_dags/example_task_group_decorator.py for tasks to queue
[2024-07-04T17:46:27.900+0000] {logging_mixin.py:188} INFO - [2024-07-04T17:46:27.900+0000] {dagbag.py:545} INFO - Filling up the DagBag from /home/airflow/.local/lib/python3.12/site-packages/airflow/example_dags/example_task_group_decorator.py
[2024-07-04T17:46:27.914+0000] {processor.py:840} INFO - DAG(s) 'example_task_group_decorator' retrieved from /home/airflow/.local/lib/python3.12/site-packages/airflow/example_dags/example_task_group_decorator.py
[2024-07-04T17:46:27.939+0000] {logging_mixin.py:188} INFO - [2024-07-04T17:46:27.938+0000] {dag.py:3096} INFO - Sync 1 DAGs
[2024-07-04T17:46:27.959+0000] {logging_mixin.py:188} INFO - [2024-07-04T17:46:27.959+0000] {dag.py:3954} INFO - Setting next_dagrun for example_task_group_decorator to 2024-07-03 00:00:00+00:00, run_after=2024-07-04 00:00:00+00:00
[2024-07-04T17:46:27.982+0000] {processor.py:183} INFO - Processing /home/airflow/.local/lib/python3.12/site-packages/airflow/example_dags/example_task_group_decorator.py took 0.088 seconds
[2024-07-04T18:03:57.591+0000] {processor.py:161} INFO - Started process (PID=59) to work on /home/airflow/.local/lib/python3.12/site-packages/airflow/example_dags/example_task_group_decorator.py
[2024-07-04T18:03:57.592+0000] {processor.py:830} INFO - Processing file /home/airflow/.local/lib/python3.12/site-packages/airflow/example_dags/example_task_group_decorator.py for tasks to queue
[2024-07-04T18:03:57.594+0000] {logging_mixin.py:188} INFO - [2024-07-04T18:03:57.594+0000] {dagbag.py:545} INFO - Filling up the DagBag from /home/airflow/.local/lib/python3.12/site-packages/airflow/example_dags/example_task_group_decorator.py
[2024-07-04T18:03:57.617+0000] {processor.py:840} INFO - DAG(s) 'example_task_group_decorator' retrieved from /home/airflow/.local/lib/python3.12/site-packages/airflow/example_dags/example_task_group_decorator.py
[2024-07-04T18:03:57.862+0000] {logging_mixin.py:188} INFO - [2024-07-04T18:03:57.862+0000] {dag.py:3096} INFO - Sync 1 DAGs
[2024-07-04T18:03:57.902+0000] {logging_mixin.py:188} INFO - [2024-07-04T18:03:57.901+0000] {dag.py:3954} INFO - Setting next_dagrun for example_task_group_decorator to 2024-07-03 00:00:00+00:00, run_after=2024-07-04 00:00:00+00:00
[2024-07-04T18:03:57.938+0000] {processor.py:183} INFO - Processing /home/airflow/.local/lib/python3.12/site-packages/airflow/example_dags/example_task_group_decorator.py took 0.355 seconds
[2024-07-04T18:04:28.325+0000] {processor.py:161} INFO - Started process (PID=117) to work on /home/airflow/.local/lib/python3.12/site-packages/airflow/example_dags/example_task_group_decorator.py
[2024-07-04T18:04:28.326+0000] {processor.py:830} INFO - Processing file /home/airflow/.local/lib/python3.12/site-packages/airflow/example_dags/example_task_group_decorator.py for tasks to queue
[2024-07-04T18:04:28.328+0000] {logging_mixin.py:188} INFO - [2024-07-04T18:04:28.327+0000] {dagbag.py:545} INFO - Filling up the DagBag from /home/airflow/.local/lib/python3.12/site-packages/airflow/example_dags/example_task_group_decorator.py
[2024-07-04T18:04:28.344+0000] {processor.py:840} INFO - DAG(s) 'example_task_group_decorator' retrieved from /home/airflow/.local/lib/python3.12/site-packages/airflow/example_dags/example_task_group_decorator.py
[2024-07-04T18:04:28.375+0000] {logging_mixin.py:188} INFO - [2024-07-04T18:04:28.375+0000] {dag.py:3096} INFO - Sync 1 DAGs
[2024-07-04T18:04:28.403+0000] {logging_mixin.py:188} INFO - [2024-07-04T18:04:28.402+0000] {dag.py:3954} INFO - Setting next_dagrun for example_task_group_decorator to 2024-07-03 00:00:00+00:00, run_after=2024-07-04 00:00:00+00:00
[2024-07-04T18:04:28.423+0000] {processor.py:183} INFO - Processing /home/airflow/.local/lib/python3.12/site-packages/airflow/example_dags/example_task_group_decorator.py took 0.103 seconds
[2024-07-04T18:04:59.051+0000] {processor.py:161} INFO - Started process (PID=174) to work on /home/airflow/.local/lib/python3.12/site-packages/airflow/example_dags/example_task_group_decorator.py
[2024-07-04T18:04:59.052+0000] {processor.py:830} INFO - Processing file /home/airflow/.local/lib/python3.12/site-packages/airflow/example_dags/example_task_group_decorator.py for tasks to queue
[2024-07-04T18:04:59.053+0000] {logging_mixin.py:188} INFO - [2024-07-04T18:04:59.053+0000] {dagbag.py:545} INFO - Filling up the DagBag from /home/airflow/.local/lib/python3.12/site-packages/airflow/example_dags/example_task_group_decorator.py
[2024-07-04T18:04:59.067+0000] {processor.py:840} INFO - DAG(s) 'example_task_group_decorator' retrieved from /home/airflow/.local/lib/python3.12/site-packages/airflow/example_dags/example_task_group_decorator.py
[2024-07-04T18:04:59.090+0000] {logging_mixin.py:188} INFO - [2024-07-04T18:04:59.090+0000] {dag.py:3096} INFO - Sync 1 DAGs
[2024-07-04T18:04:59.111+0000] {logging_mixin.py:188} INFO - [2024-07-04T18:04:59.111+0000] {dag.py:3954} INFO - Setting next_dagrun for example_task_group_decorator to 2024-07-03 00:00:00+00:00, run_after=2024-07-04 00:00:00+00:00
[2024-07-04T18:04:59.131+0000] {processor.py:183} INFO - Processing /home/airflow/.local/lib/python3.12/site-packages/airflow/example_dags/example_task_group_decorator.py took 0.084 seconds
[2024-07-04T18:05:29.222+0000] {processor.py:161} INFO - Started process (PID=232) to work on /home/airflow/.local/lib/python3.12/site-packages/airflow/example_dags/example_task_group_decorator.py
[2024-07-04T18:05:29.223+0000] {processor.py:830} INFO - Processing file /home/airflow/.local/lib/python3.12/site-packages/airflow/example_dags/example_task_group_decorator.py for tasks to queue
[2024-07-04T18:05:29.224+0000] {logging_mixin.py:188} INFO - [2024-07-04T18:05:29.224+0000] {dagbag.py:545} INFO - Filling up the DagBag from /home/airflow/.local/lib/python3.12/site-packages/airflow/example_dags/example_task_group_decorator.py
[2024-07-04T18:05:29.237+0000] {processor.py:840} INFO - DAG(s) 'example_task_group_decorator' retrieved from /home/airflow/.local/lib/python3.12/site-packages/airflow/example_dags/example_task_group_decorator.py
[2024-07-04T18:05:29.262+0000] {logging_mixin.py:188} INFO - [2024-07-04T18:05:29.261+0000] {dag.py:3096} INFO - Sync 1 DAGs
[2024-07-04T18:05:29.284+0000] {logging_mixin.py:188} INFO - [2024-07-04T18:05:29.284+0000] {dag.py:3954} INFO - Setting next_dagrun for example_task_group_decorator to 2024-07-03 00:00:00+00:00, run_after=2024-07-04 00:00:00+00:00
[2024-07-04T18:05:29.303+0000] {processor.py:183} INFO - Processing /home/airflow/.local/lib/python3.12/site-packages/airflow/example_dags/example_task_group_decorator.py took 0.085 seconds
[2024-07-04T18:05:59.728+0000] {processor.py:161} INFO - Started process (PID=291) to work on /home/airflow/.local/lib/python3.12/site-packages/airflow/example_dags/example_task_group_decorator.py
[2024-07-04T18:05:59.728+0000] {processor.py:830} INFO - Processing file /home/airflow/.local/lib/python3.12/site-packages/airflow/example_dags/example_task_group_decorator.py for tasks to queue
[2024-07-04T18:05:59.730+0000] {logging_mixin.py:188} INFO - [2024-07-04T18:05:59.729+0000] {dagbag.py:545} INFO - Filling up the DagBag from /home/airflow/.local/lib/python3.12/site-packages/airflow/example_dags/example_task_group_decorator.py
[2024-07-04T18:05:59.744+0000] {processor.py:840} INFO - DAG(s) 'example_task_group_decorator' retrieved from /home/airflow/.local/lib/python3.12/site-packages/airflow/example_dags/example_task_group_decorator.py
[2024-07-04T18:05:59.768+0000] {logging_mixin.py:188} INFO - [2024-07-04T18:05:59.768+0000] {dag.py:3096} INFO - Sync 1 DAGs
[2024-07-04T18:05:59.789+0000] {logging_mixin.py:188} INFO - [2024-07-04T18:05:59.789+0000] {dag.py:3954} INFO - Setting next_dagrun for example_task_group_decorator to 2024-07-03 00:00:00+00:00, run_after=2024-07-04 00:00:00+00:00
[2024-07-04T18:05:59.808+0000] {processor.py:183} INFO - Processing /home/airflow/.local/lib/python3.12/site-packages/airflow/example_dags/example_task_group_decorator.py took 0.085 seconds
[2024-07-04T18:06:30.110+0000] {processor.py:161} INFO - Started process (PID=350) to work on /home/airflow/.local/lib/python3.12/site-packages/airflow/example_dags/example_task_group_decorator.py
[2024-07-04T18:06:30.111+0000] {processor.py:830} INFO - Processing file /home/airflow/.local/lib/python3.12/site-packages/airflow/example_dags/example_task_group_decorator.py for tasks to queue
[2024-07-04T18:06:30.113+0000] {logging_mixin.py:188} INFO - [2024-07-04T18:06:30.112+0000] {dagbag.py:545} INFO - Filling up the DagBag from /home/airflow/.local/lib/python3.12/site-packages/airflow/example_dags/example_task_group_decorator.py
[2024-07-04T18:06:30.127+0000] {processor.py:840} INFO - DAG(s) 'example_task_group_decorator' retrieved from /home/airflow/.local/lib/python3.12/site-packages/airflow/example_dags/example_task_group_decorator.py
[2024-07-04T18:06:30.152+0000] {logging_mixin.py:188} INFO - [2024-07-04T18:06:30.152+0000] {dag.py:3096} INFO - Sync 1 DAGs
[2024-07-04T18:06:30.175+0000] {logging_mixin.py:188} INFO - [2024-07-04T18:06:30.175+0000] {dag.py:3954} INFO - Setting next_dagrun for example_task_group_decorator to 2024-07-03 00:00:00+00:00, run_after=2024-07-04 00:00:00+00:00
[2024-07-04T18:06:30.196+0000] {processor.py:183} INFO - Processing /home/airflow/.local/lib/python3.12/site-packages/airflow/example_dags/example_task_group_decorator.py took 0.090 seconds
[2024-07-04T18:07:00.525+0000] {processor.py:161} INFO - Started process (PID=415) to work on /home/airflow/.local/lib/python3.12/site-packages/airflow/example_dags/example_task_group_decorator.py
[2024-07-04T18:07:00.526+0000] {processor.py:830} INFO - Processing file /home/airflow/.local/lib/python3.12/site-packages/airflow/example_dags/example_task_group_decorator.py for tasks to queue
[2024-07-04T18:07:00.527+0000] {logging_mixin.py:188} INFO - [2024-07-04T18:07:00.527+0000] {dagbag.py:545} INFO - Filling up the DagBag from /home/airflow/.local/lib/python3.12/site-packages/airflow/example_dags/example_task_group_decorator.py
[2024-07-04T18:07:00.541+0000] {processor.py:840} INFO - DAG(s) 'example_task_group_decorator' retrieved from /home/airflow/.local/lib/python3.12/site-packages/airflow/example_dags/example_task_group_decorator.py
[2024-07-04T18:07:00.565+0000] {logging_mixin.py:188} INFO - [2024-07-04T18:07:00.565+0000] {dag.py:3096} INFO - Sync 1 DAGs
[2024-07-04T18:07:00.587+0000] {logging_mixin.py:188} INFO - [2024-07-04T18:07:00.586+0000] {dag.py:3954} INFO - Setting next_dagrun for example_task_group_decorator to 2024-07-03 00:00:00+00:00, run_after=2024-07-04 00:00:00+00:00
[2024-07-04T18:07:00.606+0000] {processor.py:183} INFO - Processing /home/airflow/.local/lib/python3.12/site-packages/airflow/example_dags/example_task_group_decorator.py took 0.086 seconds
[2024-07-04T18:07:30.933+0000] {processor.py:161} INFO - Started process (PID=472) to work on /home/airflow/.local/lib/python3.12/site-packages/airflow/example_dags/example_task_group_decorator.py
[2024-07-04T18:07:30.934+0000] {processor.py:830} INFO - Processing file /home/airflow/.local/lib/python3.12/site-packages/airflow/example_dags/example_task_group_decorator.py for tasks to queue
[2024-07-04T18:07:30.935+0000] {logging_mixin.py:188} INFO - [2024-07-04T18:07:30.935+0000] {dagbag.py:545} INFO - Filling up the DagBag from /home/airflow/.local/lib/python3.12/site-packages/airflow/example_dags/example_task_group_decorator.py
[2024-07-04T18:07:30.949+0000] {processor.py:840} INFO - DAG(s) 'example_task_group_decorator' retrieved from /home/airflow/.local/lib/python3.12/site-packages/airflow/example_dags/example_task_group_decorator.py
[2024-07-04T18:07:30.973+0000] {logging_mixin.py:188} INFO - [2024-07-04T18:07:30.973+0000] {dag.py:3096} INFO - Sync 1 DAGs
[2024-07-04T18:07:30.996+0000] {logging_mixin.py:188} INFO - [2024-07-04T18:07:30.996+0000] {dag.py:3954} INFO - Setting next_dagrun for example_task_group_decorator to 2024-07-03 00:00:00+00:00, run_after=2024-07-04 00:00:00+00:00
[2024-07-04T18:07:31.025+0000] {processor.py:183} INFO - Processing /home/airflow/.local/lib/python3.12/site-packages/airflow/example_dags/example_task_group_decorator.py took 0.098 seconds
[2024-07-04T18:08:01.495+0000] {processor.py:161} INFO - Started process (PID=530) to work on /home/airflow/.local/lib/python3.12/site-packages/airflow/example_dags/example_task_group_decorator.py
[2024-07-04T18:08:01.496+0000] {processor.py:830} INFO - Processing file /home/airflow/.local/lib/python3.12/site-packages/airflow/example_dags/example_task_group_decorator.py for tasks to queue
[2024-07-04T18:08:01.497+0000] {logging_mixin.py:188} INFO - [2024-07-04T18:08:01.497+0000] {dagbag.py:545} INFO - Filling up the DagBag from /home/airflow/.local/lib/python3.12/site-packages/airflow/example_dags/example_task_group_decorator.py
[2024-07-04T18:08:01.512+0000] {processor.py:840} INFO - DAG(s) 'example_task_group_decorator' retrieved from /home/airflow/.local/lib/python3.12/site-packages/airflow/example_dags/example_task_group_decorator.py
[2024-07-04T18:08:01.536+0000] {logging_mixin.py:188} INFO - [2024-07-04T18:08:01.536+0000] {dag.py:3096} INFO - Sync 1 DAGs
[2024-07-04T18:08:01.558+0000] {logging_mixin.py:188} INFO - [2024-07-04T18:08:01.558+0000] {dag.py:3954} INFO - Setting next_dagrun for example_task_group_decorator to 2024-07-03 00:00:00+00:00, run_after=2024-07-04 00:00:00+00:00
[2024-07-04T18:08:01.583+0000] {processor.py:183} INFO - Processing /home/airflow/.local/lib/python3.12/site-packages/airflow/example_dags/example_task_group_decorator.py took 0.093 seconds
[2024-07-04T18:08:32.114+0000] {processor.py:161} INFO - Started process (PID=588) to work on /home/airflow/.local/lib/python3.12/site-packages/airflow/example_dags/example_task_group_decorator.py
[2024-07-04T18:08:32.115+0000] {processor.py:830} INFO - Processing file /home/airflow/.local/lib/python3.12/site-packages/airflow/example_dags/example_task_group_decorator.py for tasks to queue
[2024-07-04T18:08:32.117+0000] {logging_mixin.py:188} INFO - [2024-07-04T18:08:32.116+0000] {dagbag.py:545} INFO - Filling up the DagBag from /home/airflow/.local/lib/python3.12/site-packages/airflow/example_dags/example_task_group_decorator.py
[2024-07-04T18:08:32.131+0000] {processor.py:840} INFO - DAG(s) 'example_task_group_decorator' retrieved from /home/airflow/.local/lib/python3.12/site-packages/airflow/example_dags/example_task_group_decorator.py
[2024-07-04T18:08:32.154+0000] {logging_mixin.py:188} INFO - [2024-07-04T18:08:32.154+0000] {dag.py:3096} INFO - Sync 1 DAGs
[2024-07-04T18:08:32.177+0000] {logging_mixin.py:188} INFO - [2024-07-04T18:08:32.177+0000] {dag.py:3954} INFO - Setting next_dagrun for example_task_group_decorator to 2024-07-03 00:00:00+00:00, run_after=2024-07-04 00:00:00+00:00
[2024-07-04T18:08:32.199+0000] {processor.py:183} INFO - Processing /home/airflow/.local/lib/python3.12/site-packages/airflow/example_dags/example_task_group_decorator.py took 0.089 seconds
[2024-07-04T18:09:02.778+0000] {processor.py:161} INFO - Started process (PID=645) to work on /home/airflow/.local/lib/python3.12/site-packages/airflow/example_dags/example_task_group_decorator.py
[2024-07-04T18:09:02.779+0000] {processor.py:830} INFO - Processing file /home/airflow/.local/lib/python3.12/site-packages/airflow/example_dags/example_task_group_decorator.py for tasks to queue
[2024-07-04T18:09:02.780+0000] {logging_mixin.py:188} INFO - [2024-07-04T18:09:02.780+0000] {dagbag.py:545} INFO - Filling up the DagBag from /home/airflow/.local/lib/python3.12/site-packages/airflow/example_dags/example_task_group_decorator.py
[2024-07-04T18:09:02.794+0000] {processor.py:840} INFO - DAG(s) 'example_task_group_decorator' retrieved from /home/airflow/.local/lib/python3.12/site-packages/airflow/example_dags/example_task_group_decorator.py
[2024-07-04T18:09:02.818+0000] {logging_mixin.py:188} INFO - [2024-07-04T18:09:02.818+0000] {dag.py:3096} INFO - Sync 1 DAGs
[2024-07-04T18:09:02.840+0000] {logging_mixin.py:188} INFO - [2024-07-04T18:09:02.839+0000] {dag.py:3954} INFO - Setting next_dagrun for example_task_group_decorator to 2024-07-03 00:00:00+00:00, run_after=2024-07-04 00:00:00+00:00
[2024-07-04T18:09:02.862+0000] {processor.py:183} INFO - Processing /home/airflow/.local/lib/python3.12/site-packages/airflow/example_dags/example_task_group_decorator.py took 0.088 seconds
[2024-07-04T18:09:32.895+0000] {processor.py:161} INFO - Started process (PID=702) to work on /home/airflow/.local/lib/python3.12/site-packages/airflow/example_dags/example_task_group_decorator.py
[2024-07-04T18:09:32.896+0000] {processor.py:830} INFO - Processing file /home/airflow/.local/lib/python3.12/site-packages/airflow/example_dags/example_task_group_decorator.py for tasks to queue
[2024-07-04T18:09:32.897+0000] {logging_mixin.py:188} INFO - [2024-07-04T18:09:32.897+0000] {dagbag.py:545} INFO - Filling up the DagBag from /home/airflow/.local/lib/python3.12/site-packages/airflow/example_dags/example_task_group_decorator.py
[2024-07-04T18:09:32.912+0000] {processor.py:840} INFO - DAG(s) 'example_task_group_decorator' retrieved from /home/airflow/.local/lib/python3.12/site-packages/airflow/example_dags/example_task_group_decorator.py
[2024-07-04T18:09:32.938+0000] {logging_mixin.py:188} INFO - [2024-07-04T18:09:32.938+0000] {dag.py:3096} INFO - Sync 1 DAGs
[2024-07-04T18:09:32.960+0000] {logging_mixin.py:188} INFO - [2024-07-04T18:09:32.960+0000] {dag.py:3954} INFO - Setting next_dagrun for example_task_group_decorator to 2024-07-03 00:00:00+00:00, run_after=2024-07-04 00:00:00+00:00
[2024-07-04T18:09:32.981+0000] {processor.py:183} INFO - Processing /home/airflow/.local/lib/python3.12/site-packages/airflow/example_dags/example_task_group_decorator.py took 0.091 seconds
[2024-07-04T18:10:03.342+0000] {processor.py:161} INFO - Started process (PID=760) to work on /home/airflow/.local/lib/python3.12/site-packages/airflow/example_dags/example_task_group_decorator.py
[2024-07-04T18:10:03.343+0000] {processor.py:830} INFO - Processing file /home/airflow/.local/lib/python3.12/site-packages/airflow/example_dags/example_task_group_decorator.py for tasks to queue
[2024-07-04T18:10:03.344+0000] {logging_mixin.py:188} INFO - [2024-07-04T18:10:03.344+0000] {dagbag.py:545} INFO - Filling up the DagBag from /home/airflow/.local/lib/python3.12/site-packages/airflow/example_dags/example_task_group_decorator.py
[2024-07-04T18:10:03.358+0000] {processor.py:840} INFO - DAG(s) 'example_task_group_decorator' retrieved from /home/airflow/.local/lib/python3.12/site-packages/airflow/example_dags/example_task_group_decorator.py
[2024-07-04T18:10:03.381+0000] {logging_mixin.py:188} INFO - [2024-07-04T18:10:03.380+0000] {dag.py:3096} INFO - Sync 1 DAGs
[2024-07-04T18:10:03.401+0000] {logging_mixin.py:188} INFO - [2024-07-04T18:10:03.401+0000] {dag.py:3954} INFO - Setting next_dagrun for example_task_group_decorator to 2024-07-03 00:00:00+00:00, run_after=2024-07-04 00:00:00+00:00
[2024-07-04T18:10:03.421+0000] {processor.py:183} INFO - Processing /home/airflow/.local/lib/python3.12/site-packages/airflow/example_dags/example_task_group_decorator.py took 0.083 seconds
