[2024-07-04T17:38:51.836+0000] {processor.py:161} INFO - Started process (PID=95) to work on /home/airflow/.local/lib/python3.12/site-packages/airflow/example_dags/example_latest_only.py
[2024-07-04T17:38:51.836+0000] {processor.py:830} INFO - Processing file /home/airflow/.local/lib/python3.12/site-packages/airflow/example_dags/example_latest_only.py for tasks to queue
[2024-07-04T17:38:51.838+0000] {logging_mixin.py:188} INFO - [2024-07-04T17:38:51.837+0000] {dagbag.py:545} INFO - Filling up the DagBag from /home/airflow/.local/lib/python3.12/site-packages/airflow/example_dags/example_latest_only.py
[2024-07-04T17:38:51.842+0000] {processor.py:840} INFO - DAG(s) 'latest_only' retrieved from /home/airflow/.local/lib/python3.12/site-packages/airflow/example_dags/example_latest_only.py
[2024-07-04T17:38:51.962+0000] {logging_mixin.py:188} INFO - [2024-07-04T17:38:51.961+0000] {override.py:1829} INFO - Created Permission View: can read on DAG:latest_only
[2024-07-04T17:38:51.975+0000] {logging_mixin.py:188} INFO - [2024-07-04T17:38:51.974+0000] {override.py:1829} INFO - Created Permission View: can edit on DAG:latest_only
[2024-07-04T17:38:51.983+0000] {logging_mixin.py:188} INFO - [2024-07-04T17:38:51.983+0000] {override.py:1829} INFO - Created Permission View: can delete on DAG:latest_only
[2024-07-04T17:38:51.984+0000] {logging_mixin.py:188} INFO - [2024-07-04T17:38:51.983+0000] {dag.py:3096} INFO - Sync 1 DAGs
[2024-07-04T17:38:51.995+0000] {logging_mixin.py:188} INFO - [2024-07-04T17:38:51.995+0000] {dag.py:3118} INFO - Creating ORM DAG for latest_only
[2024-07-04T17:38:52.005+0000] {logging_mixin.py:188} INFO - [2024-07-04T17:38:52.005+0000] {dag.py:3954} INFO - Setting next_dagrun for latest_only to 2024-07-04 12:00:00+00:00, run_after=2024-07-04 16:00:00+00:00
[2024-07-04T17:38:52.028+0000] {processor.py:183} INFO - Processing /home/airflow/.local/lib/python3.12/site-packages/airflow/example_dags/example_latest_only.py took 0.198 seconds
[2024-07-04T17:39:22.134+0000] {processor.py:161} INFO - Started process (PID=153) to work on /home/airflow/.local/lib/python3.12/site-packages/airflow/example_dags/example_latest_only.py
[2024-07-04T17:39:22.134+0000] {processor.py:830} INFO - Processing file /home/airflow/.local/lib/python3.12/site-packages/airflow/example_dags/example_latest_only.py for tasks to queue
[2024-07-04T17:39:22.135+0000] {logging_mixin.py:188} INFO - [2024-07-04T17:39:22.135+0000] {dagbag.py:545} INFO - Filling up the DagBag from /home/airflow/.local/lib/python3.12/site-packages/airflow/example_dags/example_latest_only.py
[2024-07-04T17:39:22.139+0000] {processor.py:840} INFO - DAG(s) 'latest_only' retrieved from /home/airflow/.local/lib/python3.12/site-packages/airflow/example_dags/example_latest_only.py
[2024-07-04T17:39:22.156+0000] {logging_mixin.py:188} INFO - [2024-07-04T17:39:22.156+0000] {dag.py:3096} INFO - Sync 1 DAGs
[2024-07-04T17:39:22.177+0000] {logging_mixin.py:188} INFO - [2024-07-04T17:39:22.177+0000] {dag.py:3954} INFO - Setting next_dagrun for latest_only to 2024-07-04 12:00:00+00:00, run_after=2024-07-04 16:00:00+00:00
[2024-07-04T17:39:22.198+0000] {processor.py:183} INFO - Processing /home/airflow/.local/lib/python3.12/site-packages/airflow/example_dags/example_latest_only.py took 0.069 seconds
[2024-07-04T17:45:00.275+0000] {processor.py:161} INFO - Started process (PID=94) to work on /home/airflow/.local/lib/python3.12/site-packages/airflow/example_dags/example_latest_only.py
[2024-07-04T17:45:00.276+0000] {processor.py:830} INFO - Processing file /home/airflow/.local/lib/python3.12/site-packages/airflow/example_dags/example_latest_only.py for tasks to queue
[2024-07-04T17:45:00.278+0000] {logging_mixin.py:188} INFO - [2024-07-04T17:45:00.278+0000] {dagbag.py:545} INFO - Filling up the DagBag from /home/airflow/.local/lib/python3.12/site-packages/airflow/example_dags/example_latest_only.py
[2024-07-04T17:45:00.284+0000] {processor.py:840} INFO - DAG(s) 'latest_only' retrieved from /home/airflow/.local/lib/python3.12/site-packages/airflow/example_dags/example_latest_only.py
[2024-07-04T17:45:00.447+0000] {logging_mixin.py:188} INFO - [2024-07-04T17:45:00.447+0000] {dag.py:3096} INFO - Sync 1 DAGs
[2024-07-04T17:45:00.474+0000] {logging_mixin.py:188} INFO - [2024-07-04T17:45:00.473+0000] {dag.py:3954} INFO - Setting next_dagrun for latest_only to 2024-07-04 12:00:00+00:00, run_after=2024-07-04 16:00:00+00:00
[2024-07-04T17:45:00.503+0000] {processor.py:183} INFO - Processing /home/airflow/.local/lib/python3.12/site-packages/airflow/example_dags/example_latest_only.py took 0.236 seconds
[2024-07-04T17:45:31.270+0000] {processor.py:161} INFO - Started process (PID=152) to work on /home/airflow/.local/lib/python3.12/site-packages/airflow/example_dags/example_latest_only.py
[2024-07-04T17:45:31.271+0000] {processor.py:830} INFO - Processing file /home/airflow/.local/lib/python3.12/site-packages/airflow/example_dags/example_latest_only.py for tasks to queue
[2024-07-04T17:45:31.272+0000] {logging_mixin.py:188} INFO - [2024-07-04T17:45:31.272+0000] {dagbag.py:545} INFO - Filling up the DagBag from /home/airflow/.local/lib/python3.12/site-packages/airflow/example_dags/example_latest_only.py
[2024-07-04T17:45:31.276+0000] {processor.py:840} INFO - DAG(s) 'latest_only' retrieved from /home/airflow/.local/lib/python3.12/site-packages/airflow/example_dags/example_latest_only.py
[2024-07-04T17:45:31.293+0000] {logging_mixin.py:188} INFO - [2024-07-04T17:45:31.293+0000] {dag.py:3096} INFO - Sync 1 DAGs
[2024-07-04T17:45:31.314+0000] {logging_mixin.py:188} INFO - [2024-07-04T17:45:31.314+0000] {dag.py:3954} INFO - Setting next_dagrun for latest_only to 2024-07-04 12:00:00+00:00, run_after=2024-07-04 16:00:00+00:00
[2024-07-04T17:45:31.335+0000] {processor.py:183} INFO - Processing /home/airflow/.local/lib/python3.12/site-packages/airflow/example_dags/example_latest_only.py took 0.069 seconds
[2024-07-04T17:46:01.444+0000] {processor.py:161} INFO - Started process (PID=210) to work on /home/airflow/.local/lib/python3.12/site-packages/airflow/example_dags/example_latest_only.py
[2024-07-04T17:46:01.445+0000] {processor.py:830} INFO - Processing file /home/airflow/.local/lib/python3.12/site-packages/airflow/example_dags/example_latest_only.py for tasks to queue
[2024-07-04T17:46:01.446+0000] {logging_mixin.py:188} INFO - [2024-07-04T17:46:01.446+0000] {dagbag.py:545} INFO - Filling up the DagBag from /home/airflow/.local/lib/python3.12/site-packages/airflow/example_dags/example_latest_only.py
[2024-07-04T17:46:01.450+0000] {processor.py:840} INFO - DAG(s) 'latest_only' retrieved from /home/airflow/.local/lib/python3.12/site-packages/airflow/example_dags/example_latest_only.py
[2024-07-04T17:46:01.470+0000] {logging_mixin.py:188} INFO - [2024-07-04T17:46:01.470+0000] {dag.py:3096} INFO - Sync 1 DAGs
[2024-07-04T17:46:01.491+0000] {logging_mixin.py:188} INFO - [2024-07-04T17:46:01.491+0000] {dag.py:3954} INFO - Setting next_dagrun for latest_only to 2024-07-04 12:00:00+00:00, run_after=2024-07-04 16:00:00+00:00
[2024-07-04T17:46:01.513+0000] {processor.py:183} INFO - Processing /home/airflow/.local/lib/python3.12/site-packages/airflow/example_dags/example_latest_only.py took 0.073 seconds
[2024-07-04T17:46:31.575+0000] {processor.py:161} INFO - Started process (PID=268) to work on /home/airflow/.local/lib/python3.12/site-packages/airflow/example_dags/example_latest_only.py
[2024-07-04T17:46:31.575+0000] {processor.py:830} INFO - Processing file /home/airflow/.local/lib/python3.12/site-packages/airflow/example_dags/example_latest_only.py for tasks to queue
[2024-07-04T17:46:31.577+0000] {logging_mixin.py:188} INFO - [2024-07-04T17:46:31.576+0000] {dagbag.py:545} INFO - Filling up the DagBag from /home/airflow/.local/lib/python3.12/site-packages/airflow/example_dags/example_latest_only.py
[2024-07-04T17:46:31.580+0000] {processor.py:840} INFO - DAG(s) 'latest_only' retrieved from /home/airflow/.local/lib/python3.12/site-packages/airflow/example_dags/example_latest_only.py
[2024-07-04T17:46:31.597+0000] {logging_mixin.py:188} INFO - [2024-07-04T17:46:31.597+0000] {dag.py:3096} INFO - Sync 1 DAGs
[2024-07-04T17:46:31.617+0000] {logging_mixin.py:188} INFO - [2024-07-04T17:46:31.617+0000] {dag.py:3954} INFO - Setting next_dagrun for latest_only to 2024-07-04 12:00:00+00:00, run_after=2024-07-04 16:00:00+00:00
[2024-07-04T17:46:31.636+0000] {processor.py:183} INFO - Processing /home/airflow/.local/lib/python3.12/site-packages/airflow/example_dags/example_latest_only.py took 0.066 seconds
[2024-07-04T18:04:02.424+0000] {processor.py:161} INFO - Started process (PID=94) to work on /home/airflow/.local/lib/python3.12/site-packages/airflow/example_dags/example_latest_only.py
[2024-07-04T18:04:02.425+0000] {processor.py:830} INFO - Processing file /home/airflow/.local/lib/python3.12/site-packages/airflow/example_dags/example_latest_only.py for tasks to queue
[2024-07-04T18:04:02.426+0000] {logging_mixin.py:188} INFO - [2024-07-04T18:04:02.426+0000] {dagbag.py:545} INFO - Filling up the DagBag from /home/airflow/.local/lib/python3.12/site-packages/airflow/example_dags/example_latest_only.py
[2024-07-04T18:04:02.431+0000] {processor.py:840} INFO - DAG(s) 'latest_only' retrieved from /home/airflow/.local/lib/python3.12/site-packages/airflow/example_dags/example_latest_only.py
[2024-07-04T18:04:02.593+0000] {logging_mixin.py:188} INFO - [2024-07-04T18:04:02.593+0000] {dag.py:3096} INFO - Sync 1 DAGs
[2024-07-04T18:04:02.619+0000] {logging_mixin.py:188} INFO - [2024-07-04T18:04:02.619+0000] {dag.py:3954} INFO - Setting next_dagrun for latest_only to 2024-07-04 12:00:00+00:00, run_after=2024-07-04 16:00:00+00:00
[2024-07-04T18:04:02.644+0000] {processor.py:183} INFO - Processing /home/airflow/.local/lib/python3.12/site-packages/airflow/example_dags/example_latest_only.py took 0.227 seconds
[2024-07-04T18:04:32.912+0000] {processor.py:161} INFO - Started process (PID=152) to work on /home/airflow/.local/lib/python3.12/site-packages/airflow/example_dags/example_latest_only.py
[2024-07-04T18:04:32.912+0000] {processor.py:830} INFO - Processing file /home/airflow/.local/lib/python3.12/site-packages/airflow/example_dags/example_latest_only.py for tasks to queue
[2024-07-04T18:04:32.914+0000] {logging_mixin.py:188} INFO - [2024-07-04T18:04:32.914+0000] {dagbag.py:545} INFO - Filling up the DagBag from /home/airflow/.local/lib/python3.12/site-packages/airflow/example_dags/example_latest_only.py
[2024-07-04T18:04:32.918+0000] {processor.py:840} INFO - DAG(s) 'latest_only' retrieved from /home/airflow/.local/lib/python3.12/site-packages/airflow/example_dags/example_latest_only.py
[2024-07-04T18:04:32.938+0000] {logging_mixin.py:188} INFO - [2024-07-04T18:04:32.937+0000] {dag.py:3096} INFO - Sync 1 DAGs
[2024-07-04T18:04:32.961+0000] {logging_mixin.py:188} INFO - [2024-07-04T18:04:32.960+0000] {dag.py:3954} INFO - Setting next_dagrun for latest_only to 2024-07-04 12:00:00+00:00, run_after=2024-07-04 16:00:00+00:00
[2024-07-04T18:04:32.981+0000] {processor.py:183} INFO - Processing /home/airflow/.local/lib/python3.12/site-packages/airflow/example_dags/example_latest_only.py took 0.074 seconds
[2024-07-04T18:05:03.641+0000] {processor.py:161} INFO - Started process (PID=209) to work on /home/airflow/.local/lib/python3.12/site-packages/airflow/example_dags/example_latest_only.py
[2024-07-04T18:05:03.642+0000] {processor.py:830} INFO - Processing file /home/airflow/.local/lib/python3.12/site-packages/airflow/example_dags/example_latest_only.py for tasks to queue
[2024-07-04T18:05:03.643+0000] {logging_mixin.py:188} INFO - [2024-07-04T18:05:03.643+0000] {dagbag.py:545} INFO - Filling up the DagBag from /home/airflow/.local/lib/python3.12/site-packages/airflow/example_dags/example_latest_only.py
[2024-07-04T18:05:03.647+0000] {processor.py:840} INFO - DAG(s) 'latest_only' retrieved from /home/airflow/.local/lib/python3.12/site-packages/airflow/example_dags/example_latest_only.py
[2024-07-04T18:05:03.664+0000] {logging_mixin.py:188} INFO - [2024-07-04T18:05:03.664+0000] {dag.py:3096} INFO - Sync 1 DAGs
[2024-07-04T18:05:03.684+0000] {logging_mixin.py:188} INFO - [2024-07-04T18:05:03.684+0000] {dag.py:3954} INFO - Setting next_dagrun for latest_only to 2024-07-04 12:00:00+00:00, run_after=2024-07-04 16:00:00+00:00
[2024-07-04T18:05:03.704+0000] {processor.py:183} INFO - Processing /home/airflow/.local/lib/python3.12/site-packages/airflow/example_dags/example_latest_only.py took 0.068 seconds
[2024-07-04T18:05:33.898+0000] {processor.py:161} INFO - Started process (PID=268) to work on /home/airflow/.local/lib/python3.12/site-packages/airflow/example_dags/example_latest_only.py
[2024-07-04T18:05:33.898+0000] {processor.py:830} INFO - Processing file /home/airflow/.local/lib/python3.12/site-packages/airflow/example_dags/example_latest_only.py for tasks to queue
[2024-07-04T18:05:33.900+0000] {logging_mixin.py:188} INFO - [2024-07-04T18:05:33.899+0000] {dagbag.py:545} INFO - Filling up the DagBag from /home/airflow/.local/lib/python3.12/site-packages/airflow/example_dags/example_latest_only.py
[2024-07-04T18:05:33.903+0000] {processor.py:840} INFO - DAG(s) 'latest_only' retrieved from /home/airflow/.local/lib/python3.12/site-packages/airflow/example_dags/example_latest_only.py
[2024-07-04T18:05:33.925+0000] {logging_mixin.py:188} INFO - [2024-07-04T18:05:33.925+0000] {dag.py:3096} INFO - Sync 1 DAGs
[2024-07-04T18:05:33.953+0000] {logging_mixin.py:188} INFO - [2024-07-04T18:05:33.952+0000] {dag.py:3954} INFO - Setting next_dagrun for latest_only to 2024-07-04 12:00:00+00:00, run_after=2024-07-04 16:00:00+00:00
[2024-07-04T18:05:33.978+0000] {processor.py:183} INFO - Processing /home/airflow/.local/lib/python3.12/site-packages/airflow/example_dags/example_latest_only.py took 0.086 seconds
[2024-07-04T18:06:04.466+0000] {processor.py:161} INFO - Started process (PID=327) to work on /home/airflow/.local/lib/python3.12/site-packages/airflow/example_dags/example_latest_only.py
[2024-07-04T18:06:04.467+0000] {processor.py:830} INFO - Processing file /home/airflow/.local/lib/python3.12/site-packages/airflow/example_dags/example_latest_only.py for tasks to queue
[2024-07-04T18:06:04.468+0000] {logging_mixin.py:188} INFO - [2024-07-04T18:06:04.468+0000] {dagbag.py:545} INFO - Filling up the DagBag from /home/airflow/.local/lib/python3.12/site-packages/airflow/example_dags/example_latest_only.py
[2024-07-04T18:06:04.473+0000] {processor.py:840} INFO - DAG(s) 'latest_only' retrieved from /home/airflow/.local/lib/python3.12/site-packages/airflow/example_dags/example_latest_only.py
[2024-07-04T18:06:04.498+0000] {logging_mixin.py:188} INFO - [2024-07-04T18:06:04.498+0000] {dag.py:3096} INFO - Sync 1 DAGs
[2024-07-04T18:06:04.521+0000] {logging_mixin.py:188} INFO - [2024-07-04T18:06:04.521+0000] {dag.py:3954} INFO - Setting next_dagrun for latest_only to 2024-07-04 12:00:00+00:00, run_after=2024-07-04 16:00:00+00:00
[2024-07-04T18:06:04.570+0000] {processor.py:183} INFO - Processing /home/airflow/.local/lib/python3.12/site-packages/airflow/example_dags/example_latest_only.py took 0.110 seconds
[2024-07-04T18:06:34.789+0000] {processor.py:161} INFO - Started process (PID=385) to work on /home/airflow/.local/lib/python3.12/site-packages/airflow/example_dags/example_latest_only.py
[2024-07-04T18:06:34.790+0000] {processor.py:830} INFO - Processing file /home/airflow/.local/lib/python3.12/site-packages/airflow/example_dags/example_latest_only.py for tasks to queue
[2024-07-04T18:06:34.791+0000] {logging_mixin.py:188} INFO - [2024-07-04T18:06:34.791+0000] {dagbag.py:545} INFO - Filling up the DagBag from /home/airflow/.local/lib/python3.12/site-packages/airflow/example_dags/example_latest_only.py
[2024-07-04T18:06:34.795+0000] {processor.py:840} INFO - DAG(s) 'latest_only' retrieved from /home/airflow/.local/lib/python3.12/site-packages/airflow/example_dags/example_latest_only.py
[2024-07-04T18:06:34.811+0000] {logging_mixin.py:188} INFO - [2024-07-04T18:06:34.811+0000] {dag.py:3096} INFO - Sync 1 DAGs
[2024-07-04T18:06:34.832+0000] {logging_mixin.py:188} INFO - [2024-07-04T18:06:34.831+0000] {dag.py:3954} INFO - Setting next_dagrun for latest_only to 2024-07-04 12:00:00+00:00, run_after=2024-07-04 16:00:00+00:00
[2024-07-04T18:06:34.853+0000] {processor.py:183} INFO - Processing /home/airflow/.local/lib/python3.12/site-packages/airflow/example_dags/example_latest_only.py took 0.069 seconds
[2024-07-04T18:07:05.150+0000] {processor.py:161} INFO - Started process (PID=444) to work on /home/airflow/.local/lib/python3.12/site-packages/airflow/example_dags/example_latest_only.py
[2024-07-04T18:07:05.151+0000] {processor.py:830} INFO - Processing file /home/airflow/.local/lib/python3.12/site-packages/airflow/example_dags/example_latest_only.py for tasks to queue
[2024-07-04T18:07:05.153+0000] {logging_mixin.py:188} INFO - [2024-07-04T18:07:05.152+0000] {dagbag.py:545} INFO - Filling up the DagBag from /home/airflow/.local/lib/python3.12/site-packages/airflow/example_dags/example_latest_only.py
[2024-07-04T18:07:05.158+0000] {processor.py:840} INFO - DAG(s) 'latest_only' retrieved from /home/airflow/.local/lib/python3.12/site-packages/airflow/example_dags/example_latest_only.py
[2024-07-04T18:07:05.178+0000] {logging_mixin.py:188} INFO - [2024-07-04T18:07:05.178+0000] {dag.py:3096} INFO - Sync 1 DAGs
[2024-07-04T18:07:05.204+0000] {logging_mixin.py:188} INFO - [2024-07-04T18:07:05.204+0000] {dag.py:3954} INFO - Setting next_dagrun for latest_only to 2024-07-04 12:00:00+00:00, run_after=2024-07-04 16:00:00+00:00
[2024-07-04T18:07:05.226+0000] {processor.py:183} INFO - Processing /home/airflow/.local/lib/python3.12/site-packages/airflow/example_dags/example_latest_only.py took 0.082 seconds
[2024-07-04T18:07:35.579+0000] {processor.py:161} INFO - Started process (PID=501) to work on /home/airflow/.local/lib/python3.12/site-packages/airflow/example_dags/example_latest_only.py
[2024-07-04T18:07:35.579+0000] {processor.py:830} INFO - Processing file /home/airflow/.local/lib/python3.12/site-packages/airflow/example_dags/example_latest_only.py for tasks to queue
[2024-07-04T18:07:35.581+0000] {logging_mixin.py:188} INFO - [2024-07-04T18:07:35.581+0000] {dagbag.py:545} INFO - Filling up the DagBag from /home/airflow/.local/lib/python3.12/site-packages/airflow/example_dags/example_latest_only.py
[2024-07-04T18:07:35.585+0000] {processor.py:840} INFO - DAG(s) 'latest_only' retrieved from /home/airflow/.local/lib/python3.12/site-packages/airflow/example_dags/example_latest_only.py
[2024-07-04T18:07:35.603+0000] {logging_mixin.py:188} INFO - [2024-07-04T18:07:35.603+0000] {dag.py:3096} INFO - Sync 1 DAGs
[2024-07-04T18:07:35.627+0000] {logging_mixin.py:188} INFO - [2024-07-04T18:07:35.627+0000] {dag.py:3954} INFO - Setting next_dagrun for latest_only to 2024-07-04 12:00:00+00:00, run_after=2024-07-04 16:00:00+00:00
[2024-07-04T18:07:35.653+0000] {processor.py:183} INFO - Processing /home/airflow/.local/lib/python3.12/site-packages/airflow/example_dags/example_latest_only.py took 0.080 seconds
[2024-07-04T18:08:05.980+0000] {processor.py:161} INFO - Started process (PID=559) to work on /home/airflow/.local/lib/python3.12/site-packages/airflow/example_dags/example_latest_only.py
[2024-07-04T18:08:05.980+0000] {processor.py:830} INFO - Processing file /home/airflow/.local/lib/python3.12/site-packages/airflow/example_dags/example_latest_only.py for tasks to queue
[2024-07-04T18:08:05.982+0000] {logging_mixin.py:188} INFO - [2024-07-04T18:08:05.981+0000] {dagbag.py:545} INFO - Filling up the DagBag from /home/airflow/.local/lib/python3.12/site-packages/airflow/example_dags/example_latest_only.py
[2024-07-04T18:08:05.985+0000] {processor.py:840} INFO - DAG(s) 'latest_only' retrieved from /home/airflow/.local/lib/python3.12/site-packages/airflow/example_dags/example_latest_only.py
[2024-07-04T18:08:06.004+0000] {logging_mixin.py:188} INFO - [2024-07-04T18:08:06.004+0000] {dag.py:3096} INFO - Sync 1 DAGs
[2024-07-04T18:08:06.024+0000] {logging_mixin.py:188} INFO - [2024-07-04T18:08:06.024+0000] {dag.py:3954} INFO - Setting next_dagrun for latest_only to 2024-07-04 12:00:00+00:00, run_after=2024-07-04 16:00:00+00:00
[2024-07-04T18:08:06.046+0000] {processor.py:183} INFO - Processing /home/airflow/.local/lib/python3.12/site-packages/airflow/example_dags/example_latest_only.py took 0.071 seconds
[2024-07-04T18:08:36.647+0000] {processor.py:161} INFO - Started process (PID=617) to work on /home/airflow/.local/lib/python3.12/site-packages/airflow/example_dags/example_latest_only.py
[2024-07-04T18:08:36.647+0000] {processor.py:830} INFO - Processing file /home/airflow/.local/lib/python3.12/site-packages/airflow/example_dags/example_latest_only.py for tasks to queue
[2024-07-04T18:08:36.649+0000] {logging_mixin.py:188} INFO - [2024-07-04T18:08:36.648+0000] {dagbag.py:545} INFO - Filling up the DagBag from /home/airflow/.local/lib/python3.12/site-packages/airflow/example_dags/example_latest_only.py
[2024-07-04T18:08:36.653+0000] {processor.py:840} INFO - DAG(s) 'latest_only' retrieved from /home/airflow/.local/lib/python3.12/site-packages/airflow/example_dags/example_latest_only.py
[2024-07-04T18:08:36.677+0000] {logging_mixin.py:188} INFO - [2024-07-04T18:08:36.676+0000] {dag.py:3096} INFO - Sync 1 DAGs
[2024-07-04T18:08:36.709+0000] {logging_mixin.py:188} INFO - [2024-07-04T18:08:36.709+0000] {dag.py:3954} INFO - Setting next_dagrun for latest_only to 2024-07-04 12:00:00+00:00, run_after=2024-07-04 16:00:00+00:00
[2024-07-04T18:08:36.740+0000] {processor.py:183} INFO - Processing /home/airflow/.local/lib/python3.12/site-packages/airflow/example_dags/example_latest_only.py took 0.099 seconds
[2024-07-04T18:09:07.290+0000] {processor.py:161} INFO - Started process (PID=674) to work on /home/airflow/.local/lib/python3.12/site-packages/airflow/example_dags/example_latest_only.py
[2024-07-04T18:09:07.291+0000] {processor.py:830} INFO - Processing file /home/airflow/.local/lib/python3.12/site-packages/airflow/example_dags/example_latest_only.py for tasks to queue
[2024-07-04T18:09:07.292+0000] {logging_mixin.py:188} INFO - [2024-07-04T18:09:07.292+0000] {dagbag.py:545} INFO - Filling up the DagBag from /home/airflow/.local/lib/python3.12/site-packages/airflow/example_dags/example_latest_only.py
[2024-07-04T18:09:07.296+0000] {processor.py:840} INFO - DAG(s) 'latest_only' retrieved from /home/airflow/.local/lib/python3.12/site-packages/airflow/example_dags/example_latest_only.py
[2024-07-04T18:09:07.313+0000] {logging_mixin.py:188} INFO - [2024-07-04T18:09:07.313+0000] {dag.py:3096} INFO - Sync 1 DAGs
[2024-07-04T18:09:07.335+0000] {logging_mixin.py:188} INFO - [2024-07-04T18:09:07.334+0000] {dag.py:3954} INFO - Setting next_dagrun for latest_only to 2024-07-04 12:00:00+00:00, run_after=2024-07-04 16:00:00+00:00
[2024-07-04T18:09:07.357+0000] {processor.py:183} INFO - Processing /home/airflow/.local/lib/python3.12/site-packages/airflow/example_dags/example_latest_only.py took 0.072 seconds
[2024-07-04T18:09:37.732+0000] {processor.py:161} INFO - Started process (PID=732) to work on /home/airflow/.local/lib/python3.12/site-packages/airflow/example_dags/example_latest_only.py
[2024-07-04T18:09:37.735+0000] {processor.py:830} INFO - Processing file /home/airflow/.local/lib/python3.12/site-packages/airflow/example_dags/example_latest_only.py for tasks to queue
[2024-07-04T18:09:37.737+0000] {logging_mixin.py:188} INFO - [2024-07-04T18:09:37.737+0000] {dagbag.py:545} INFO - Filling up the DagBag from /home/airflow/.local/lib/python3.12/site-packages/airflow/example_dags/example_latest_only.py
[2024-07-04T18:09:37.743+0000] {processor.py:840} INFO - DAG(s) 'latest_only' retrieved from /home/airflow/.local/lib/python3.12/site-packages/airflow/example_dags/example_latest_only.py
[2024-07-04T18:09:37.772+0000] {logging_mixin.py:188} INFO - [2024-07-04T18:09:37.772+0000] {dag.py:3096} INFO - Sync 1 DAGs
[2024-07-04T18:09:37.798+0000] {logging_mixin.py:188} INFO - [2024-07-04T18:09:37.797+0000] {dag.py:3954} INFO - Setting next_dagrun for latest_only to 2024-07-04 12:00:00+00:00, run_after=2024-07-04 16:00:00+00:00
[2024-07-04T18:09:37.819+0000] {processor.py:183} INFO - Processing /home/airflow/.local/lib/python3.12/site-packages/airflow/example_dags/example_latest_only.py took 0.092 seconds
[2024-07-04T18:10:07.916+0000] {processor.py:161} INFO - Started process (PID=790) to work on /home/airflow/.local/lib/python3.12/site-packages/airflow/example_dags/example_latest_only.py
[2024-07-04T18:10:07.917+0000] {processor.py:830} INFO - Processing file /home/airflow/.local/lib/python3.12/site-packages/airflow/example_dags/example_latest_only.py for tasks to queue
[2024-07-04T18:10:07.918+0000] {logging_mixin.py:188} INFO - [2024-07-04T18:10:07.918+0000] {dagbag.py:545} INFO - Filling up the DagBag from /home/airflow/.local/lib/python3.12/site-packages/airflow/example_dags/example_latest_only.py
[2024-07-04T18:10:07.922+0000] {processor.py:840} INFO - DAG(s) 'latest_only' retrieved from /home/airflow/.local/lib/python3.12/site-packages/airflow/example_dags/example_latest_only.py
[2024-07-04T18:10:07.941+0000] {logging_mixin.py:188} INFO - [2024-07-04T18:10:07.941+0000] {dag.py:3096} INFO - Sync 1 DAGs
[2024-07-04T18:10:07.969+0000] {logging_mixin.py:188} INFO - [2024-07-04T18:10:07.968+0000] {dag.py:3954} INFO - Setting next_dagrun for latest_only to 2024-07-04 12:00:00+00:00, run_after=2024-07-04 16:00:00+00:00
[2024-07-04T18:10:07.988+0000] {processor.py:183} INFO - Processing /home/airflow/.local/lib/python3.12/site-packages/airflow/example_dags/example_latest_only.py took 0.077 seconds
