[2024-07-04T17:38:52.472+0000] {processor.py:161} INFO - Started process (PID=99) to work on /home/airflow/.local/lib/python3.12/site-packages/airflow/example_dags/example_sensor_decorator.py
[2024-07-04T17:38:52.473+0000] {processor.py:830} INFO - Processing file /home/airflow/.local/lib/python3.12/site-packages/airflow/example_dags/example_sensor_decorator.py for tasks to queue
[2024-07-04T17:38:52.474+0000] {logging_mixin.py:188} INFO - [2024-07-04T17:38:52.474+0000] {dagbag.py:545} INFO - Filling up the DagBag from /home/airflow/.local/lib/python3.12/site-packages/airflow/example_dags/example_sensor_decorator.py
[2024-07-04T17:38:52.480+0000] {processor.py:840} INFO - DAG(s) 'example_sensor_decorator' retrieved from /home/airflow/.local/lib/python3.12/site-packages/airflow/example_dags/example_sensor_decorator.py
[2024-07-04T17:38:52.609+0000] {logging_mixin.py:188} INFO - [2024-07-04T17:38:52.608+0000] {override.py:1829} INFO - Created Permission View: can read on DAG:example_sensor_decorator
[2024-07-04T17:38:52.629+0000] {logging_mixin.py:188} INFO - [2024-07-04T17:38:52.628+0000] {override.py:1829} INFO - Created Permission View: can edit on DAG:example_sensor_decorator
[2024-07-04T17:38:52.637+0000] {logging_mixin.py:188} INFO - [2024-07-04T17:38:52.637+0000] {override.py:1829} INFO - Created Permission View: can delete on DAG:example_sensor_decorator
[2024-07-04T17:38:52.638+0000] {logging_mixin.py:188} INFO - [2024-07-04T17:38:52.638+0000] {dag.py:3096} INFO - Sync 1 DAGs
[2024-07-04T17:38:52.651+0000] {logging_mixin.py:188} INFO - [2024-07-04T17:38:52.650+0000] {dag.py:3118} INFO - Creating ORM DAG for example_sensor_decorator
[2024-07-04T17:38:52.652+0000] {logging_mixin.py:188} INFO - [2024-07-04T17:38:52.651+0000] {dag.py:3954} INFO - Setting next_dagrun for example_sensor_decorator to None, run_after=None
[2024-07-04T17:38:52.677+0000] {processor.py:183} INFO - Processing /home/airflow/.local/lib/python3.12/site-packages/airflow/example_dags/example_sensor_decorator.py took 0.209 seconds
[2024-07-04T17:39:23.313+0000] {processor.py:161} INFO - Started process (PID=157) to work on /home/airflow/.local/lib/python3.12/site-packages/airflow/example_dags/example_sensor_decorator.py
[2024-07-04T17:39:23.313+0000] {processor.py:830} INFO - Processing file /home/airflow/.local/lib/python3.12/site-packages/airflow/example_dags/example_sensor_decorator.py for tasks to queue
[2024-07-04T17:39:23.315+0000] {logging_mixin.py:188} INFO - [2024-07-04T17:39:23.314+0000] {dagbag.py:545} INFO - Filling up the DagBag from /home/airflow/.local/lib/python3.12/site-packages/airflow/example_dags/example_sensor_decorator.py
[2024-07-04T17:39:23.319+0000] {processor.py:840} INFO - DAG(s) 'example_sensor_decorator' retrieved from /home/airflow/.local/lib/python3.12/site-packages/airflow/example_dags/example_sensor_decorator.py
[2024-07-04T17:39:23.339+0000] {logging_mixin.py:188} INFO - [2024-07-04T17:39:23.339+0000] {dag.py:3096} INFO - Sync 1 DAGs
[2024-07-04T17:39:23.356+0000] {logging_mixin.py:188} INFO - [2024-07-04T17:39:23.356+0000] {dag.py:3954} INFO - Setting next_dagrun for example_sensor_decorator to None, run_after=None
[2024-07-04T17:39:23.382+0000] {processor.py:183} INFO - Processing /home/airflow/.local/lib/python3.12/site-packages/airflow/example_dags/example_sensor_decorator.py took 0.074 seconds
[2024-07-04T17:45:00.998+0000] {processor.py:161} INFO - Started process (PID=98) to work on /home/airflow/.local/lib/python3.12/site-packages/airflow/example_dags/example_sensor_decorator.py
[2024-07-04T17:45:01.000+0000] {processor.py:830} INFO - Processing file /home/airflow/.local/lib/python3.12/site-packages/airflow/example_dags/example_sensor_decorator.py for tasks to queue
[2024-07-04T17:45:01.002+0000] {logging_mixin.py:188} INFO - [2024-07-04T17:45:01.001+0000] {dagbag.py:545} INFO - Filling up the DagBag from /home/airflow/.local/lib/python3.12/site-packages/airflow/example_dags/example_sensor_decorator.py
[2024-07-04T17:45:01.009+0000] {processor.py:840} INFO - DAG(s) 'example_sensor_decorator' retrieved from /home/airflow/.local/lib/python3.12/site-packages/airflow/example_dags/example_sensor_decorator.py
[2024-07-04T17:45:01.162+0000] {logging_mixin.py:188} INFO - [2024-07-04T17:45:01.162+0000] {dag.py:3096} INFO - Sync 1 DAGs
[2024-07-04T17:45:01.177+0000] {logging_mixin.py:188} INFO - [2024-07-04T17:45:01.177+0000] {dag.py:3954} INFO - Setting next_dagrun for example_sensor_decorator to None, run_after=None
[2024-07-04T17:45:01.210+0000] {processor.py:183} INFO - Processing /home/airflow/.local/lib/python3.12/site-packages/airflow/example_dags/example_sensor_decorator.py took 0.220 seconds
[2024-07-04T17:45:31.522+0000] {processor.py:161} INFO - Started process (PID=156) to work on /home/airflow/.local/lib/python3.12/site-packages/airflow/example_dags/example_sensor_decorator.py
[2024-07-04T17:45:31.523+0000] {processor.py:830} INFO - Processing file /home/airflow/.local/lib/python3.12/site-packages/airflow/example_dags/example_sensor_decorator.py for tasks to queue
[2024-07-04T17:45:31.524+0000] {logging_mixin.py:188} INFO - [2024-07-04T17:45:31.524+0000] {dagbag.py:545} INFO - Filling up the DagBag from /home/airflow/.local/lib/python3.12/site-packages/airflow/example_dags/example_sensor_decorator.py
[2024-07-04T17:45:31.530+0000] {processor.py:840} INFO - DAG(s) 'example_sensor_decorator' retrieved from /home/airflow/.local/lib/python3.12/site-packages/airflow/example_dags/example_sensor_decorator.py
[2024-07-04T17:45:31.546+0000] {logging_mixin.py:188} INFO - [2024-07-04T17:45:31.546+0000] {dag.py:3096} INFO - Sync 1 DAGs
[2024-07-04T17:45:31.557+0000] {logging_mixin.py:188} INFO - [2024-07-04T17:45:31.557+0000] {dag.py:3954} INFO - Setting next_dagrun for example_sensor_decorator to None, run_after=None
[2024-07-04T17:45:31.577+0000] {processor.py:183} INFO - Processing /home/airflow/.local/lib/python3.12/site-packages/airflow/example_dags/example_sensor_decorator.py took 0.060 seconds
[2024-07-04T17:46:01.644+0000] {processor.py:161} INFO - Started process (PID=214) to work on /home/airflow/.local/lib/python3.12/site-packages/airflow/example_dags/example_sensor_decorator.py
[2024-07-04T17:46:01.644+0000] {processor.py:830} INFO - Processing file /home/airflow/.local/lib/python3.12/site-packages/airflow/example_dags/example_sensor_decorator.py for tasks to queue
[2024-07-04T17:46:01.646+0000] {logging_mixin.py:188} INFO - [2024-07-04T17:46:01.646+0000] {dagbag.py:545} INFO - Filling up the DagBag from /home/airflow/.local/lib/python3.12/site-packages/airflow/example_dags/example_sensor_decorator.py
[2024-07-04T17:46:01.652+0000] {processor.py:840} INFO - DAG(s) 'example_sensor_decorator' retrieved from /home/airflow/.local/lib/python3.12/site-packages/airflow/example_dags/example_sensor_decorator.py
[2024-07-04T17:46:01.671+0000] {logging_mixin.py:188} INFO - [2024-07-04T17:46:01.671+0000] {dag.py:3096} INFO - Sync 1 DAGs
[2024-07-04T17:46:01.683+0000] {logging_mixin.py:188} INFO - [2024-07-04T17:46:01.683+0000] {dag.py:3954} INFO - Setting next_dagrun for example_sensor_decorator to None, run_after=None
[2024-07-04T17:46:01.710+0000] {processor.py:183} INFO - Processing /home/airflow/.local/lib/python3.12/site-packages/airflow/example_dags/example_sensor_decorator.py took 0.071 seconds
[2024-07-04T17:46:31.746+0000] {processor.py:161} INFO - Started process (PID=272) to work on /home/airflow/.local/lib/python3.12/site-packages/airflow/example_dags/example_sensor_decorator.py
[2024-07-04T17:46:31.746+0000] {processor.py:830} INFO - Processing file /home/airflow/.local/lib/python3.12/site-packages/airflow/example_dags/example_sensor_decorator.py for tasks to queue
[2024-07-04T17:46:31.748+0000] {logging_mixin.py:188} INFO - [2024-07-04T17:46:31.748+0000] {dagbag.py:545} INFO - Filling up the DagBag from /home/airflow/.local/lib/python3.12/site-packages/airflow/example_dags/example_sensor_decorator.py
[2024-07-04T17:46:31.753+0000] {processor.py:840} INFO - DAG(s) 'example_sensor_decorator' retrieved from /home/airflow/.local/lib/python3.12/site-packages/airflow/example_dags/example_sensor_decorator.py
[2024-07-04T17:46:31.770+0000] {logging_mixin.py:188} INFO - [2024-07-04T17:46:31.770+0000] {dag.py:3096} INFO - Sync 1 DAGs
[2024-07-04T17:46:31.782+0000] {logging_mixin.py:188} INFO - [2024-07-04T17:46:31.781+0000] {dag.py:3954} INFO - Setting next_dagrun for example_sensor_decorator to None, run_after=None
[2024-07-04T17:46:31.804+0000] {processor.py:183} INFO - Processing /home/airflow/.local/lib/python3.12/site-packages/airflow/example_dags/example_sensor_decorator.py took 0.063 seconds
[2024-07-04T18:04:03.042+0000] {processor.py:161} INFO - Started process (PID=98) to work on /home/airflow/.local/lib/python3.12/site-packages/airflow/example_dags/example_sensor_decorator.py
[2024-07-04T18:04:03.043+0000] {processor.py:830} INFO - Processing file /home/airflow/.local/lib/python3.12/site-packages/airflow/example_dags/example_sensor_decorator.py for tasks to queue
[2024-07-04T18:04:03.045+0000] {logging_mixin.py:188} INFO - [2024-07-04T18:04:03.044+0000] {dagbag.py:545} INFO - Filling up the DagBag from /home/airflow/.local/lib/python3.12/site-packages/airflow/example_dags/example_sensor_decorator.py
[2024-07-04T18:04:03.051+0000] {processor.py:840} INFO - DAG(s) 'example_sensor_decorator' retrieved from /home/airflow/.local/lib/python3.12/site-packages/airflow/example_dags/example_sensor_decorator.py
[2024-07-04T18:04:03.223+0000] {logging_mixin.py:188} INFO - [2024-07-04T18:04:03.223+0000] {dag.py:3096} INFO - Sync 1 DAGs
[2024-07-04T18:04:03.378+0000] {logging_mixin.py:188} INFO - [2024-07-04T18:04:03.378+0000] {dag.py:3954} INFO - Setting next_dagrun for example_sensor_decorator to None, run_after=None
[2024-07-04T18:04:03.454+0000] {processor.py:183} INFO - Processing /home/airflow/.local/lib/python3.12/site-packages/airflow/example_dags/example_sensor_decorator.py took 0.417 seconds
[2024-07-04T18:04:34.042+0000] {processor.py:161} INFO - Started process (PID=155) to work on /home/airflow/.local/lib/python3.12/site-packages/airflow/example_dags/example_sensor_decorator.py
[2024-07-04T18:04:34.043+0000] {processor.py:830} INFO - Processing file /home/airflow/.local/lib/python3.12/site-packages/airflow/example_dags/example_sensor_decorator.py for tasks to queue
[2024-07-04T18:04:34.045+0000] {logging_mixin.py:188} INFO - [2024-07-04T18:04:34.044+0000] {dagbag.py:545} INFO - Filling up the DagBag from /home/airflow/.local/lib/python3.12/site-packages/airflow/example_dags/example_sensor_decorator.py
[2024-07-04T18:04:34.051+0000] {processor.py:840} INFO - DAG(s) 'example_sensor_decorator' retrieved from /home/airflow/.local/lib/python3.12/site-packages/airflow/example_dags/example_sensor_decorator.py
[2024-07-04T18:04:34.075+0000] {logging_mixin.py:188} INFO - [2024-07-04T18:04:34.075+0000] {dag.py:3096} INFO - Sync 1 DAGs
[2024-07-04T18:04:34.087+0000] {logging_mixin.py:188} INFO - [2024-07-04T18:04:34.087+0000] {dag.py:3954} INFO - Setting next_dagrun for example_sensor_decorator to None, run_after=None
[2024-07-04T18:04:34.111+0000] {processor.py:183} INFO - Processing /home/airflow/.local/lib/python3.12/site-packages/airflow/example_dags/example_sensor_decorator.py took 0.074 seconds
[2024-07-04T18:05:04.838+0000] {processor.py:161} INFO - Started process (PID=213) to work on /home/airflow/.local/lib/python3.12/site-packages/airflow/example_dags/example_sensor_decorator.py
[2024-07-04T18:05:04.838+0000] {processor.py:830} INFO - Processing file /home/airflow/.local/lib/python3.12/site-packages/airflow/example_dags/example_sensor_decorator.py for tasks to queue
[2024-07-04T18:05:04.840+0000] {logging_mixin.py:188} INFO - [2024-07-04T18:05:04.839+0000] {dagbag.py:545} INFO - Filling up the DagBag from /home/airflow/.local/lib/python3.12/site-packages/airflow/example_dags/example_sensor_decorator.py
[2024-07-04T18:05:04.844+0000] {processor.py:840} INFO - DAG(s) 'example_sensor_decorator' retrieved from /home/airflow/.local/lib/python3.12/site-packages/airflow/example_dags/example_sensor_decorator.py
[2024-07-04T18:05:04.865+0000] {logging_mixin.py:188} INFO - [2024-07-04T18:05:04.865+0000] {dag.py:3096} INFO - Sync 1 DAGs
[2024-07-04T18:05:04.878+0000] {logging_mixin.py:188} INFO - [2024-07-04T18:05:04.878+0000] {dag.py:3954} INFO - Setting next_dagrun for example_sensor_decorator to None, run_after=None
[2024-07-04T18:05:04.898+0000] {processor.py:183} INFO - Processing /home/airflow/.local/lib/python3.12/site-packages/airflow/example_dags/example_sensor_decorator.py took 0.065 seconds
[2024-07-04T18:05:35.159+0000] {processor.py:161} INFO - Started process (PID=272) to work on /home/airflow/.local/lib/python3.12/site-packages/airflow/example_dags/example_sensor_decorator.py
[2024-07-04T18:05:35.160+0000] {processor.py:830} INFO - Processing file /home/airflow/.local/lib/python3.12/site-packages/airflow/example_dags/example_sensor_decorator.py for tasks to queue
[2024-07-04T18:05:35.163+0000] {logging_mixin.py:188} INFO - [2024-07-04T18:05:35.162+0000] {dagbag.py:545} INFO - Filling up the DagBag from /home/airflow/.local/lib/python3.12/site-packages/airflow/example_dags/example_sensor_decorator.py
[2024-07-04T18:05:35.172+0000] {processor.py:840} INFO - DAG(s) 'example_sensor_decorator' retrieved from /home/airflow/.local/lib/python3.12/site-packages/airflow/example_dags/example_sensor_decorator.py
[2024-07-04T18:05:35.207+0000] {logging_mixin.py:188} INFO - [2024-07-04T18:05:35.206+0000] {dag.py:3096} INFO - Sync 1 DAGs
[2024-07-04T18:05:35.224+0000] {logging_mixin.py:188} INFO - [2024-07-04T18:05:35.224+0000] {dag.py:3954} INFO - Setting next_dagrun for example_sensor_decorator to None, run_after=None
[2024-07-04T18:05:35.252+0000] {processor.py:183} INFO - Processing /home/airflow/.local/lib/python3.12/site-packages/airflow/example_dags/example_sensor_decorator.py took 0.100 seconds
[2024-07-04T18:06:05.691+0000] {processor.py:161} INFO - Started process (PID=331) to work on /home/airflow/.local/lib/python3.12/site-packages/airflow/example_dags/example_sensor_decorator.py
[2024-07-04T18:06:05.692+0000] {processor.py:830} INFO - Processing file /home/airflow/.local/lib/python3.12/site-packages/airflow/example_dags/example_sensor_decorator.py for tasks to queue
[2024-07-04T18:06:05.693+0000] {logging_mixin.py:188} INFO - [2024-07-04T18:06:05.693+0000] {dagbag.py:545} INFO - Filling up the DagBag from /home/airflow/.local/lib/python3.12/site-packages/airflow/example_dags/example_sensor_decorator.py
[2024-07-04T18:06:05.698+0000] {processor.py:840} INFO - DAG(s) 'example_sensor_decorator' retrieved from /home/airflow/.local/lib/python3.12/site-packages/airflow/example_dags/example_sensor_decorator.py
[2024-07-04T18:06:05.714+0000] {logging_mixin.py:188} INFO - [2024-07-04T18:06:05.713+0000] {dag.py:3096} INFO - Sync 1 DAGs
[2024-07-04T18:06:05.726+0000] {logging_mixin.py:188} INFO - [2024-07-04T18:06:05.726+0000] {dag.py:3954} INFO - Setting next_dagrun for example_sensor_decorator to None, run_after=None
[2024-07-04T18:06:05.744+0000] {processor.py:183} INFO - Processing /home/airflow/.local/lib/python3.12/site-packages/airflow/example_dags/example_sensor_decorator.py took 0.058 seconds
[2024-07-04T18:06:35.983+0000] {processor.py:161} INFO - Started process (PID=389) to work on /home/airflow/.local/lib/python3.12/site-packages/airflow/example_dags/example_sensor_decorator.py
[2024-07-04T18:06:35.984+0000] {processor.py:830} INFO - Processing file /home/airflow/.local/lib/python3.12/site-packages/airflow/example_dags/example_sensor_decorator.py for tasks to queue
[2024-07-04T18:06:35.986+0000] {logging_mixin.py:188} INFO - [2024-07-04T18:06:35.985+0000] {dagbag.py:545} INFO - Filling up the DagBag from /home/airflow/.local/lib/python3.12/site-packages/airflow/example_dags/example_sensor_decorator.py
[2024-07-04T18:06:35.992+0000] {processor.py:840} INFO - DAG(s) 'example_sensor_decorator' retrieved from /home/airflow/.local/lib/python3.12/site-packages/airflow/example_dags/example_sensor_decorator.py
[2024-07-04T18:06:36.018+0000] {logging_mixin.py:188} INFO - [2024-07-04T18:06:36.017+0000] {dag.py:3096} INFO - Sync 1 DAGs
[2024-07-04T18:06:36.036+0000] {logging_mixin.py:188} INFO - [2024-07-04T18:06:36.036+0000] {dag.py:3954} INFO - Setting next_dagrun for example_sensor_decorator to None, run_after=None
[2024-07-04T18:06:36.061+0000] {processor.py:183} INFO - Processing /home/airflow/.local/lib/python3.12/site-packages/airflow/example_dags/example_sensor_decorator.py took 0.083 seconds
[2024-07-04T18:07:06.370+0000] {processor.py:161} INFO - Started process (PID=448) to work on /home/airflow/.local/lib/python3.12/site-packages/airflow/example_dags/example_sensor_decorator.py
[2024-07-04T18:07:06.371+0000] {processor.py:830} INFO - Processing file /home/airflow/.local/lib/python3.12/site-packages/airflow/example_dags/example_sensor_decorator.py for tasks to queue
[2024-07-04T18:07:06.372+0000] {logging_mixin.py:188} INFO - [2024-07-04T18:07:06.372+0000] {dagbag.py:545} INFO - Filling up the DagBag from /home/airflow/.local/lib/python3.12/site-packages/airflow/example_dags/example_sensor_decorator.py
[2024-07-04T18:07:06.378+0000] {processor.py:840} INFO - DAG(s) 'example_sensor_decorator' retrieved from /home/airflow/.local/lib/python3.12/site-packages/airflow/example_dags/example_sensor_decorator.py
[2024-07-04T18:07:06.396+0000] {logging_mixin.py:188} INFO - [2024-07-04T18:07:06.396+0000] {dag.py:3096} INFO - Sync 1 DAGs
[2024-07-04T18:07:06.408+0000] {logging_mixin.py:188} INFO - [2024-07-04T18:07:06.408+0000] {dag.py:3954} INFO - Setting next_dagrun for example_sensor_decorator to None, run_after=None
[2024-07-04T18:07:06.432+0000] {processor.py:183} INFO - Processing /home/airflow/.local/lib/python3.12/site-packages/airflow/example_dags/example_sensor_decorator.py took 0.066 seconds
[2024-07-04T18:07:36.834+0000] {processor.py:161} INFO - Started process (PID=505) to work on /home/airflow/.local/lib/python3.12/site-packages/airflow/example_dags/example_sensor_decorator.py
[2024-07-04T18:07:36.835+0000] {processor.py:830} INFO - Processing file /home/airflow/.local/lib/python3.12/site-packages/airflow/example_dags/example_sensor_decorator.py for tasks to queue
[2024-07-04T18:07:36.837+0000] {logging_mixin.py:188} INFO - [2024-07-04T18:07:36.836+0000] {dagbag.py:545} INFO - Filling up the DagBag from /home/airflow/.local/lib/python3.12/site-packages/airflow/example_dags/example_sensor_decorator.py
[2024-07-04T18:07:36.845+0000] {processor.py:840} INFO - DAG(s) 'example_sensor_decorator' retrieved from /home/airflow/.local/lib/python3.12/site-packages/airflow/example_dags/example_sensor_decorator.py
[2024-07-04T18:07:36.874+0000] {logging_mixin.py:188} INFO - [2024-07-04T18:07:36.873+0000] {dag.py:3096} INFO - Sync 1 DAGs
[2024-07-04T18:07:36.895+0000] {logging_mixin.py:188} INFO - [2024-07-04T18:07:36.895+0000] {dag.py:3954} INFO - Setting next_dagrun for example_sensor_decorator to None, run_after=None
[2024-07-04T18:07:36.931+0000] {processor.py:183} INFO - Processing /home/airflow/.local/lib/python3.12/site-packages/airflow/example_dags/example_sensor_decorator.py took 0.104 seconds
[2024-07-04T18:08:07.189+0000] {processor.py:161} INFO - Started process (PID=563) to work on /home/airflow/.local/lib/python3.12/site-packages/airflow/example_dags/example_sensor_decorator.py
[2024-07-04T18:08:07.190+0000] {processor.py:830} INFO - Processing file /home/airflow/.local/lib/python3.12/site-packages/airflow/example_dags/example_sensor_decorator.py for tasks to queue
[2024-07-04T18:08:07.192+0000] {logging_mixin.py:188} INFO - [2024-07-04T18:08:07.191+0000] {dagbag.py:545} INFO - Filling up the DagBag from /home/airflow/.local/lib/python3.12/site-packages/airflow/example_dags/example_sensor_decorator.py
[2024-07-04T18:08:07.197+0000] {processor.py:840} INFO - DAG(s) 'example_sensor_decorator' retrieved from /home/airflow/.local/lib/python3.12/site-packages/airflow/example_dags/example_sensor_decorator.py
[2024-07-04T18:08:07.217+0000] {logging_mixin.py:188} INFO - [2024-07-04T18:08:07.217+0000] {dag.py:3096} INFO - Sync 1 DAGs
[2024-07-04T18:08:07.230+0000] {logging_mixin.py:188} INFO - [2024-07-04T18:08:07.230+0000] {dag.py:3954} INFO - Setting next_dagrun for example_sensor_decorator to None, run_after=None
[2024-07-04T18:08:07.249+0000] {processor.py:183} INFO - Processing /home/airflow/.local/lib/python3.12/site-packages/airflow/example_dags/example_sensor_decorator.py took 0.065 seconds
[2024-07-04T18:08:37.870+0000] {processor.py:161} INFO - Started process (PID=621) to work on /home/airflow/.local/lib/python3.12/site-packages/airflow/example_dags/example_sensor_decorator.py
[2024-07-04T18:08:37.871+0000] {processor.py:830} INFO - Processing file /home/airflow/.local/lib/python3.12/site-packages/airflow/example_dags/example_sensor_decorator.py for tasks to queue
[2024-07-04T18:08:37.873+0000] {logging_mixin.py:188} INFO - [2024-07-04T18:08:37.872+0000] {dagbag.py:545} INFO - Filling up the DagBag from /home/airflow/.local/lib/python3.12/site-packages/airflow/example_dags/example_sensor_decorator.py
[2024-07-04T18:08:37.877+0000] {processor.py:840} INFO - DAG(s) 'example_sensor_decorator' retrieved from /home/airflow/.local/lib/python3.12/site-packages/airflow/example_dags/example_sensor_decorator.py
[2024-07-04T18:08:37.896+0000] {logging_mixin.py:188} INFO - [2024-07-04T18:08:37.896+0000] {dag.py:3096} INFO - Sync 1 DAGs
[2024-07-04T18:08:37.911+0000] {logging_mixin.py:188} INFO - [2024-07-04T18:08:37.910+0000] {dag.py:3954} INFO - Setting next_dagrun for example_sensor_decorator to None, run_after=None
[2024-07-04T18:08:37.929+0000] {processor.py:183} INFO - Processing /home/airflow/.local/lib/python3.12/site-packages/airflow/example_dags/example_sensor_decorator.py took 0.064 seconds
[2024-07-04T18:09:08.486+0000] {processor.py:161} INFO - Started process (PID=678) to work on /home/airflow/.local/lib/python3.12/site-packages/airflow/example_dags/example_sensor_decorator.py
[2024-07-04T18:09:08.487+0000] {processor.py:830} INFO - Processing file /home/airflow/.local/lib/python3.12/site-packages/airflow/example_dags/example_sensor_decorator.py for tasks to queue
[2024-07-04T18:09:08.488+0000] {logging_mixin.py:188} INFO - [2024-07-04T18:09:08.488+0000] {dagbag.py:545} INFO - Filling up the DagBag from /home/airflow/.local/lib/python3.12/site-packages/airflow/example_dags/example_sensor_decorator.py
[2024-07-04T18:09:08.493+0000] {processor.py:840} INFO - DAG(s) 'example_sensor_decorator' retrieved from /home/airflow/.local/lib/python3.12/site-packages/airflow/example_dags/example_sensor_decorator.py
[2024-07-04T18:09:08.510+0000] {logging_mixin.py:188} INFO - [2024-07-04T18:09:08.510+0000] {dag.py:3096} INFO - Sync 1 DAGs
[2024-07-04T18:09:08.522+0000] {logging_mixin.py:188} INFO - [2024-07-04T18:09:08.521+0000] {dag.py:3954} INFO - Setting next_dagrun for example_sensor_decorator to None, run_after=None
[2024-07-04T18:09:08.549+0000] {processor.py:183} INFO - Processing /home/airflow/.local/lib/python3.12/site-packages/airflow/example_dags/example_sensor_decorator.py took 0.068 seconds
[2024-07-04T18:09:38.961+0000] {processor.py:161} INFO - Started process (PID=736) to work on /home/airflow/.local/lib/python3.12/site-packages/airflow/example_dags/example_sensor_decorator.py
[2024-07-04T18:09:38.962+0000] {processor.py:830} INFO - Processing file /home/airflow/.local/lib/python3.12/site-packages/airflow/example_dags/example_sensor_decorator.py for tasks to queue
[2024-07-04T18:09:38.963+0000] {logging_mixin.py:188} INFO - [2024-07-04T18:09:38.963+0000] {dagbag.py:545} INFO - Filling up the DagBag from /home/airflow/.local/lib/python3.12/site-packages/airflow/example_dags/example_sensor_decorator.py
[2024-07-04T18:09:38.969+0000] {processor.py:840} INFO - DAG(s) 'example_sensor_decorator' retrieved from /home/airflow/.local/lib/python3.12/site-packages/airflow/example_dags/example_sensor_decorator.py
[2024-07-04T18:09:38.989+0000] {logging_mixin.py:188} INFO - [2024-07-04T18:09:38.989+0000] {dag.py:3096} INFO - Sync 1 DAGs
[2024-07-04T18:09:39.002+0000] {logging_mixin.py:188} INFO - [2024-07-04T18:09:39.001+0000] {dag.py:3954} INFO - Setting next_dagrun for example_sensor_decorator to None, run_after=None
[2024-07-04T18:09:39.022+0000] {processor.py:183} INFO - Processing /home/airflow/.local/lib/python3.12/site-packages/airflow/example_dags/example_sensor_decorator.py took 0.066 seconds
[2024-07-04T18:10:09.143+0000] {processor.py:161} INFO - Started process (PID=794) to work on /home/airflow/.local/lib/python3.12/site-packages/airflow/example_dags/example_sensor_decorator.py
[2024-07-04T18:10:09.144+0000] {processor.py:830} INFO - Processing file /home/airflow/.local/lib/python3.12/site-packages/airflow/example_dags/example_sensor_decorator.py for tasks to queue
[2024-07-04T18:10:09.146+0000] {logging_mixin.py:188} INFO - [2024-07-04T18:10:09.145+0000] {dagbag.py:545} INFO - Filling up the DagBag from /home/airflow/.local/lib/python3.12/site-packages/airflow/example_dags/example_sensor_decorator.py
[2024-07-04T18:10:09.153+0000] {processor.py:840} INFO - DAG(s) 'example_sensor_decorator' retrieved from /home/airflow/.local/lib/python3.12/site-packages/airflow/example_dags/example_sensor_decorator.py
[2024-07-04T18:10:09.177+0000] {logging_mixin.py:188} INFO - [2024-07-04T18:10:09.176+0000] {dag.py:3096} INFO - Sync 1 DAGs
[2024-07-04T18:10:09.192+0000] {logging_mixin.py:188} INFO - [2024-07-04T18:10:09.192+0000] {dag.py:3954} INFO - Setting next_dagrun for example_sensor_decorator to None, run_after=None
[2024-07-04T18:10:09.216+0000] {processor.py:183} INFO - Processing /home/airflow/.local/lib/python3.12/site-packages/airflow/example_dags/example_sensor_decorator.py took 0.079 seconds
