[2024-07-04T17:38:50.076+0000] {processor.py:161} INFO - Started process (PID=85) to work on /home/airflow/.local/lib/python3.12/site-packages/airflow/example_dags/example_xcom.py
[2024-07-04T17:38:50.077+0000] {processor.py:830} INFO - Processing file /home/airflow/.local/lib/python3.12/site-packages/airflow/example_dags/example_xcom.py for tasks to queue
[2024-07-04T17:38:50.078+0000] {logging_mixin.py:188} INFO - [2024-07-04T17:38:50.078+0000] {dagbag.py:545} INFO - Filling up the DagBag from /home/airflow/.local/lib/python3.12/site-packages/airflow/example_dags/example_xcom.py
[2024-07-04T17:38:50.085+0000] {processor.py:840} INFO - DAG(s) 'example_xcom' retrieved from /home/airflow/.local/lib/python3.12/site-packages/airflow/example_dags/example_xcom.py
[2024-07-04T17:38:50.220+0000] {logging_mixin.py:188} INFO - [2024-07-04T17:38:50.219+0000] {override.py:1829} INFO - Created Permission View: can read on DAG:example_xcom
[2024-07-04T17:38:50.233+0000] {logging_mixin.py:188} INFO - [2024-07-04T17:38:50.233+0000] {override.py:1829} INFO - Created Permission View: can edit on DAG:example_xcom
[2024-07-04T17:38:50.245+0000] {logging_mixin.py:188} INFO - [2024-07-04T17:38:50.245+0000] {override.py:1829} INFO - Created Permission View: can delete on DAG:example_xcom
[2024-07-04T17:38:50.246+0000] {logging_mixin.py:188} INFO - [2024-07-04T17:38:50.246+0000] {dag.py:3096} INFO - Sync 1 DAGs
[2024-07-04T17:38:50.258+0000] {logging_mixin.py:188} INFO - [2024-07-04T17:38:50.258+0000] {dag.py:3118} INFO - Creating ORM DAG for example_xcom
[2024-07-04T17:38:50.269+0000] {logging_mixin.py:188} INFO - [2024-07-04T17:38:50.269+0000] {dag.py:3954} INFO - Setting next_dagrun for example_xcom to 2021-01-01 00:00:00+00:00, run_after=2021-01-01 00:00:00+00:00
[2024-07-04T17:38:50.290+0000] {processor.py:183} INFO - Processing /home/airflow/.local/lib/python3.12/site-packages/airflow/example_dags/example_xcom.py took 0.219 seconds
[2024-07-04T17:39:20.585+0000] {processor.py:161} INFO - Started process (PID=143) to work on /home/airflow/.local/lib/python3.12/site-packages/airflow/example_dags/example_xcom.py
[2024-07-04T17:39:20.586+0000] {processor.py:830} INFO - Processing file /home/airflow/.local/lib/python3.12/site-packages/airflow/example_dags/example_xcom.py for tasks to queue
[2024-07-04T17:39:20.587+0000] {logging_mixin.py:188} INFO - [2024-07-04T17:39:20.587+0000] {dagbag.py:545} INFO - Filling up the DagBag from /home/airflow/.local/lib/python3.12/site-packages/airflow/example_dags/example_xcom.py
[2024-07-04T17:39:20.594+0000] {processor.py:840} INFO - DAG(s) 'example_xcom' retrieved from /home/airflow/.local/lib/python3.12/site-packages/airflow/example_dags/example_xcom.py
[2024-07-04T17:39:20.613+0000] {logging_mixin.py:188} INFO - [2024-07-04T17:39:20.613+0000] {dag.py:3096} INFO - Sync 1 DAGs
[2024-07-04T17:39:20.633+0000] {logging_mixin.py:188} INFO - [2024-07-04T17:39:20.633+0000] {dag.py:3954} INFO - Setting next_dagrun for example_xcom to 2021-01-01 00:00:00+00:00, run_after=2021-01-01 00:00:00+00:00
[2024-07-04T17:39:20.655+0000] {processor.py:183} INFO - Processing /home/airflow/.local/lib/python3.12/site-packages/airflow/example_dags/example_xcom.py took 0.074 seconds
[2024-07-04T17:44:58.898+0000] {processor.py:161} INFO - Started process (PID=84) to work on /home/airflow/.local/lib/python3.12/site-packages/airflow/example_dags/example_xcom.py
[2024-07-04T17:44:58.899+0000] {processor.py:830} INFO - Processing file /home/airflow/.local/lib/python3.12/site-packages/airflow/example_dags/example_xcom.py for tasks to queue
[2024-07-04T17:44:58.900+0000] {logging_mixin.py:188} INFO - [2024-07-04T17:44:58.900+0000] {dagbag.py:545} INFO - Filling up the DagBag from /home/airflow/.local/lib/python3.12/site-packages/airflow/example_dags/example_xcom.py
[2024-07-04T17:44:58.910+0000] {processor.py:840} INFO - DAG(s) 'example_xcom' retrieved from /home/airflow/.local/lib/python3.12/site-packages/airflow/example_dags/example_xcom.py
[2024-07-04T17:44:59.047+0000] {logging_mixin.py:188} INFO - [2024-07-04T17:44:59.047+0000] {dag.py:3096} INFO - Sync 1 DAGs
[2024-07-04T17:44:59.075+0000] {logging_mixin.py:188} INFO - [2024-07-04T17:44:59.075+0000] {dag.py:3954} INFO - Setting next_dagrun for example_xcom to 2021-01-01 00:00:00+00:00, run_after=2021-01-01 00:00:00+00:00
[2024-07-04T17:44:59.104+0000] {processor.py:183} INFO - Processing /home/airflow/.local/lib/python3.12/site-packages/airflow/example_dags/example_xcom.py took 0.212 seconds
[2024-07-04T17:45:29.518+0000] {processor.py:161} INFO - Started process (PID=142) to work on /home/airflow/.local/lib/python3.12/site-packages/airflow/example_dags/example_xcom.py
[2024-07-04T17:45:29.519+0000] {processor.py:830} INFO - Processing file /home/airflow/.local/lib/python3.12/site-packages/airflow/example_dags/example_xcom.py for tasks to queue
[2024-07-04T17:45:29.520+0000] {logging_mixin.py:188} INFO - [2024-07-04T17:45:29.520+0000] {dagbag.py:545} INFO - Filling up the DagBag from /home/airflow/.local/lib/python3.12/site-packages/airflow/example_dags/example_xcom.py
[2024-07-04T17:45:29.527+0000] {processor.py:840} INFO - DAG(s) 'example_xcom' retrieved from /home/airflow/.local/lib/python3.12/site-packages/airflow/example_dags/example_xcom.py
[2024-07-04T17:45:29.548+0000] {logging_mixin.py:188} INFO - [2024-07-04T17:45:29.547+0000] {dag.py:3096} INFO - Sync 1 DAGs
[2024-07-04T17:45:29.571+0000] {logging_mixin.py:188} INFO - [2024-07-04T17:45:29.570+0000] {dag.py:3954} INFO - Setting next_dagrun for example_xcom to 2021-01-01 00:00:00+00:00, run_after=2021-01-01 00:00:00+00:00
[2024-07-04T17:45:29.592+0000] {processor.py:183} INFO - Processing /home/airflow/.local/lib/python3.12/site-packages/airflow/example_dags/example_xcom.py took 0.079 seconds
[2024-07-04T17:45:59.671+0000] {processor.py:161} INFO - Started process (PID=200) to work on /home/airflow/.local/lib/python3.12/site-packages/airflow/example_dags/example_xcom.py
[2024-07-04T17:45:59.671+0000] {processor.py:830} INFO - Processing file /home/airflow/.local/lib/python3.12/site-packages/airflow/example_dags/example_xcom.py for tasks to queue
[2024-07-04T17:45:59.673+0000] {logging_mixin.py:188} INFO - [2024-07-04T17:45:59.673+0000] {dagbag.py:545} INFO - Filling up the DagBag from /home/airflow/.local/lib/python3.12/site-packages/airflow/example_dags/example_xcom.py
[2024-07-04T17:45:59.680+0000] {processor.py:840} INFO - DAG(s) 'example_xcom' retrieved from /home/airflow/.local/lib/python3.12/site-packages/airflow/example_dags/example_xcom.py
[2024-07-04T17:45:59.698+0000] {logging_mixin.py:188} INFO - [2024-07-04T17:45:59.698+0000] {dag.py:3096} INFO - Sync 1 DAGs
[2024-07-04T17:45:59.720+0000] {logging_mixin.py:188} INFO - [2024-07-04T17:45:59.720+0000] {dag.py:3954} INFO - Setting next_dagrun for example_xcom to 2021-01-01 00:00:00+00:00, run_after=2021-01-01 00:00:00+00:00
[2024-07-04T17:45:59.740+0000] {processor.py:183} INFO - Processing /home/airflow/.local/lib/python3.12/site-packages/airflow/example_dags/example_xcom.py took 0.074 seconds
[2024-07-04T17:46:30.050+0000] {processor.py:161} INFO - Started process (PID=258) to work on /home/airflow/.local/lib/python3.12/site-packages/airflow/example_dags/example_xcom.py
[2024-07-04T17:46:30.050+0000] {processor.py:830} INFO - Processing file /home/airflow/.local/lib/python3.12/site-packages/airflow/example_dags/example_xcom.py for tasks to queue
[2024-07-04T17:46:30.052+0000] {logging_mixin.py:188} INFO - [2024-07-04T17:46:30.052+0000] {dagbag.py:545} INFO - Filling up the DagBag from /home/airflow/.local/lib/python3.12/site-packages/airflow/example_dags/example_xcom.py
[2024-07-04T17:46:30.059+0000] {processor.py:840} INFO - DAG(s) 'example_xcom' retrieved from /home/airflow/.local/lib/python3.12/site-packages/airflow/example_dags/example_xcom.py
[2024-07-04T17:46:30.084+0000] {logging_mixin.py:188} INFO - [2024-07-04T17:46:30.084+0000] {dag.py:3096} INFO - Sync 1 DAGs
[2024-07-04T17:46:30.111+0000] {logging_mixin.py:188} INFO - [2024-07-04T17:46:30.110+0000] {dag.py:3954} INFO - Setting next_dagrun for example_xcom to 2021-01-01 00:00:00+00:00, run_after=2021-01-01 00:00:00+00:00
[2024-07-04T17:46:30.130+0000] {processor.py:183} INFO - Processing /home/airflow/.local/lib/python3.12/site-packages/airflow/example_dags/example_xcom.py took 0.086 seconds
[2024-07-04T18:04:00.749+0000] {processor.py:161} INFO - Started process (PID=84) to work on /home/airflow/.local/lib/python3.12/site-packages/airflow/example_dags/example_xcom.py
[2024-07-04T18:04:00.750+0000] {processor.py:830} INFO - Processing file /home/airflow/.local/lib/python3.12/site-packages/airflow/example_dags/example_xcom.py for tasks to queue
[2024-07-04T18:04:00.752+0000] {logging_mixin.py:188} INFO - [2024-07-04T18:04:00.751+0000] {dagbag.py:545} INFO - Filling up the DagBag from /home/airflow/.local/lib/python3.12/site-packages/airflow/example_dags/example_xcom.py
[2024-07-04T18:04:00.761+0000] {processor.py:840} INFO - DAG(s) 'example_xcom' retrieved from /home/airflow/.local/lib/python3.12/site-packages/airflow/example_dags/example_xcom.py
[2024-07-04T18:04:00.896+0000] {logging_mixin.py:188} INFO - [2024-07-04T18:04:00.896+0000] {dag.py:3096} INFO - Sync 1 DAGs
[2024-07-04T18:04:00.918+0000] {logging_mixin.py:188} INFO - [2024-07-04T18:04:00.918+0000] {dag.py:3954} INFO - Setting next_dagrun for example_xcom to 2021-01-01 00:00:00+00:00, run_after=2021-01-01 00:00:00+00:00
[2024-07-04T18:04:00.945+0000] {processor.py:183} INFO - Processing /home/airflow/.local/lib/python3.12/site-packages/airflow/example_dags/example_xcom.py took 0.202 seconds
[2024-07-04T18:04:31.273+0000] {processor.py:161} INFO - Started process (PID=141) to work on /home/airflow/.local/lib/python3.12/site-packages/airflow/example_dags/example_xcom.py
[2024-07-04T18:04:31.273+0000] {processor.py:830} INFO - Processing file /home/airflow/.local/lib/python3.12/site-packages/airflow/example_dags/example_xcom.py for tasks to queue
[2024-07-04T18:04:31.275+0000] {logging_mixin.py:188} INFO - [2024-07-04T18:04:31.275+0000] {dagbag.py:545} INFO - Filling up the DagBag from /home/airflow/.local/lib/python3.12/site-packages/airflow/example_dags/example_xcom.py
[2024-07-04T18:04:31.282+0000] {processor.py:840} INFO - DAG(s) 'example_xcom' retrieved from /home/airflow/.local/lib/python3.12/site-packages/airflow/example_dags/example_xcom.py
[2024-07-04T18:04:31.301+0000] {logging_mixin.py:188} INFO - [2024-07-04T18:04:31.301+0000] {dag.py:3096} INFO - Sync 1 DAGs
[2024-07-04T18:04:31.323+0000] {logging_mixin.py:188} INFO - [2024-07-04T18:04:31.322+0000] {dag.py:3954} INFO - Setting next_dagrun for example_xcom to 2021-01-01 00:00:00+00:00, run_after=2021-01-01 00:00:00+00:00
[2024-07-04T18:04:31.346+0000] {processor.py:183} INFO - Processing /home/airflow/.local/lib/python3.12/site-packages/airflow/example_dags/example_xcom.py took 0.078 seconds
[2024-07-04T18:05:02.124+0000] {processor.py:161} INFO - Started process (PID=199) to work on /home/airflow/.local/lib/python3.12/site-packages/airflow/example_dags/example_xcom.py
[2024-07-04T18:05:02.125+0000] {processor.py:830} INFO - Processing file /home/airflow/.local/lib/python3.12/site-packages/airflow/example_dags/example_xcom.py for tasks to queue
[2024-07-04T18:05:02.127+0000] {logging_mixin.py:188} INFO - [2024-07-04T18:05:02.126+0000] {dagbag.py:545} INFO - Filling up the DagBag from /home/airflow/.local/lib/python3.12/site-packages/airflow/example_dags/example_xcom.py
[2024-07-04T18:05:02.136+0000] {processor.py:840} INFO - DAG(s) 'example_xcom' retrieved from /home/airflow/.local/lib/python3.12/site-packages/airflow/example_dags/example_xcom.py
[2024-07-04T18:05:02.162+0000] {logging_mixin.py:188} INFO - [2024-07-04T18:05:02.162+0000] {dag.py:3096} INFO - Sync 1 DAGs
[2024-07-04T18:05:02.185+0000] {logging_mixin.py:188} INFO - [2024-07-04T18:05:02.185+0000] {dag.py:3954} INFO - Setting next_dagrun for example_xcom to 2021-01-01 00:00:00+00:00, run_after=2021-01-01 00:00:00+00:00
[2024-07-04T18:05:02.206+0000] {processor.py:183} INFO - Processing /home/airflow/.local/lib/python3.12/site-packages/airflow/example_dags/example_xcom.py took 0.089 seconds
[2024-07-04T18:05:32.382+0000] {processor.py:161} INFO - Started process (PID=258) to work on /home/airflow/.local/lib/python3.12/site-packages/airflow/example_dags/example_xcom.py
[2024-07-04T18:05:32.383+0000] {processor.py:830} INFO - Processing file /home/airflow/.local/lib/python3.12/site-packages/airflow/example_dags/example_xcom.py for tasks to queue
[2024-07-04T18:05:32.385+0000] {logging_mixin.py:188} INFO - [2024-07-04T18:05:32.384+0000] {dagbag.py:545} INFO - Filling up the DagBag from /home/airflow/.local/lib/python3.12/site-packages/airflow/example_dags/example_xcom.py
[2024-07-04T18:05:32.394+0000] {processor.py:840} INFO - DAG(s) 'example_xcom' retrieved from /home/airflow/.local/lib/python3.12/site-packages/airflow/example_dags/example_xcom.py
[2024-07-04T18:05:32.418+0000] {logging_mixin.py:188} INFO - [2024-07-04T18:05:32.418+0000] {dag.py:3096} INFO - Sync 1 DAGs
[2024-07-04T18:05:32.447+0000] {logging_mixin.py:188} INFO - [2024-07-04T18:05:32.447+0000] {dag.py:3954} INFO - Setting next_dagrun for example_xcom to 2021-01-01 00:00:00+00:00, run_after=2021-01-01 00:00:00+00:00
[2024-07-04T18:05:32.473+0000] {processor.py:183} INFO - Processing /home/airflow/.local/lib/python3.12/site-packages/airflow/example_dags/example_xcom.py took 0.097 seconds
[2024-07-04T18:06:02.879+0000] {processor.py:161} INFO - Started process (PID=317) to work on /home/airflow/.local/lib/python3.12/site-packages/airflow/example_dags/example_xcom.py
[2024-07-04T18:06:02.880+0000] {processor.py:830} INFO - Processing file /home/airflow/.local/lib/python3.12/site-packages/airflow/example_dags/example_xcom.py for tasks to queue
[2024-07-04T18:06:02.882+0000] {logging_mixin.py:188} INFO - [2024-07-04T18:06:02.881+0000] {dagbag.py:545} INFO - Filling up the DagBag from /home/airflow/.local/lib/python3.12/site-packages/airflow/example_dags/example_xcom.py
[2024-07-04T18:06:02.889+0000] {processor.py:840} INFO - DAG(s) 'example_xcom' retrieved from /home/airflow/.local/lib/python3.12/site-packages/airflow/example_dags/example_xcom.py
[2024-07-04T18:06:02.916+0000] {logging_mixin.py:188} INFO - [2024-07-04T18:06:02.915+0000] {dag.py:3096} INFO - Sync 1 DAGs
[2024-07-04T18:06:02.944+0000] {logging_mixin.py:188} INFO - [2024-07-04T18:06:02.944+0000] {dag.py:3954} INFO - Setting next_dagrun for example_xcom to 2021-01-01 00:00:00+00:00, run_after=2021-01-01 00:00:00+00:00
[2024-07-04T18:06:02.974+0000] {processor.py:183} INFO - Processing /home/airflow/.local/lib/python3.12/site-packages/airflow/example_dags/example_xcom.py took 0.100 seconds
[2024-07-04T18:06:33.299+0000] {processor.py:161} INFO - Started process (PID=375) to work on /home/airflow/.local/lib/python3.12/site-packages/airflow/example_dags/example_xcom.py
[2024-07-04T18:06:33.299+0000] {processor.py:830} INFO - Processing file /home/airflow/.local/lib/python3.12/site-packages/airflow/example_dags/example_xcom.py for tasks to queue
[2024-07-04T18:06:33.301+0000] {logging_mixin.py:188} INFO - [2024-07-04T18:06:33.300+0000] {dagbag.py:545} INFO - Filling up the DagBag from /home/airflow/.local/lib/python3.12/site-packages/airflow/example_dags/example_xcom.py
[2024-07-04T18:06:33.307+0000] {processor.py:840} INFO - DAG(s) 'example_xcom' retrieved from /home/airflow/.local/lib/python3.12/site-packages/airflow/example_dags/example_xcom.py
[2024-07-04T18:06:33.325+0000] {logging_mixin.py:188} INFO - [2024-07-04T18:06:33.325+0000] {dag.py:3096} INFO - Sync 1 DAGs
[2024-07-04T18:06:33.346+0000] {logging_mixin.py:188} INFO - [2024-07-04T18:06:33.345+0000] {dag.py:3954} INFO - Setting next_dagrun for example_xcom to 2021-01-01 00:00:00+00:00, run_after=2021-01-01 00:00:00+00:00
[2024-07-04T18:06:33.364+0000] {processor.py:183} INFO - Processing /home/airflow/.local/lib/python3.12/site-packages/airflow/example_dags/example_xcom.py took 0.070 seconds
[2024-07-04T18:07:03.636+0000] {processor.py:161} INFO - Started process (PID=434) to work on /home/airflow/.local/lib/python3.12/site-packages/airflow/example_dags/example_xcom.py
[2024-07-04T18:07:03.637+0000] {processor.py:830} INFO - Processing file /home/airflow/.local/lib/python3.12/site-packages/airflow/example_dags/example_xcom.py for tasks to queue
[2024-07-04T18:07:03.638+0000] {logging_mixin.py:188} INFO - [2024-07-04T18:07:03.638+0000] {dagbag.py:545} INFO - Filling up the DagBag from /home/airflow/.local/lib/python3.12/site-packages/airflow/example_dags/example_xcom.py
[2024-07-04T18:07:03.645+0000] {processor.py:840} INFO - DAG(s) 'example_xcom' retrieved from /home/airflow/.local/lib/python3.12/site-packages/airflow/example_dags/example_xcom.py
[2024-07-04T18:07:03.663+0000] {logging_mixin.py:188} INFO - [2024-07-04T18:07:03.663+0000] {dag.py:3096} INFO - Sync 1 DAGs
[2024-07-04T18:07:03.684+0000] {logging_mixin.py:188} INFO - [2024-07-04T18:07:03.684+0000] {dag.py:3954} INFO - Setting next_dagrun for example_xcom to 2021-01-01 00:00:00+00:00, run_after=2021-01-01 00:00:00+00:00
[2024-07-04T18:07:03.704+0000] {processor.py:183} INFO - Processing /home/airflow/.local/lib/python3.12/site-packages/airflow/example_dags/example_xcom.py took 0.072 seconds
[2024-07-04T18:07:34.041+0000] {processor.py:161} INFO - Started process (PID=491) to work on /home/airflow/.local/lib/python3.12/site-packages/airflow/example_dags/example_xcom.py
[2024-07-04T18:07:34.041+0000] {processor.py:830} INFO - Processing file /home/airflow/.local/lib/python3.12/site-packages/airflow/example_dags/example_xcom.py for tasks to queue
[2024-07-04T18:07:34.043+0000] {logging_mixin.py:188} INFO - [2024-07-04T18:07:34.043+0000] {dagbag.py:545} INFO - Filling up the DagBag from /home/airflow/.local/lib/python3.12/site-packages/airflow/example_dags/example_xcom.py
[2024-07-04T18:07:34.052+0000] {processor.py:840} INFO - DAG(s) 'example_xcom' retrieved from /home/airflow/.local/lib/python3.12/site-packages/airflow/example_dags/example_xcom.py
[2024-07-04T18:07:34.071+0000] {logging_mixin.py:188} INFO - [2024-07-04T18:07:34.071+0000] {dag.py:3096} INFO - Sync 1 DAGs
[2024-07-04T18:07:34.093+0000] {logging_mixin.py:188} INFO - [2024-07-04T18:07:34.093+0000] {dag.py:3954} INFO - Setting next_dagrun for example_xcom to 2021-01-01 00:00:00+00:00, run_after=2021-01-01 00:00:00+00:00
[2024-07-04T18:07:34.118+0000] {processor.py:183} INFO - Processing /home/airflow/.local/lib/python3.12/site-packages/airflow/example_dags/example_xcom.py took 0.082 seconds
[2024-07-04T18:08:04.488+0000] {processor.py:161} INFO - Started process (PID=549) to work on /home/airflow/.local/lib/python3.12/site-packages/airflow/example_dags/example_xcom.py
[2024-07-04T18:08:04.489+0000] {processor.py:830} INFO - Processing file /home/airflow/.local/lib/python3.12/site-packages/airflow/example_dags/example_xcom.py for tasks to queue
[2024-07-04T18:08:04.491+0000] {logging_mixin.py:188} INFO - [2024-07-04T18:08:04.490+0000] {dagbag.py:545} INFO - Filling up the DagBag from /home/airflow/.local/lib/python3.12/site-packages/airflow/example_dags/example_xcom.py
[2024-07-04T18:08:04.500+0000] {processor.py:840} INFO - DAG(s) 'example_xcom' retrieved from /home/airflow/.local/lib/python3.12/site-packages/airflow/example_dags/example_xcom.py
[2024-07-04T18:08:04.523+0000] {logging_mixin.py:188} INFO - [2024-07-04T18:08:04.523+0000] {dag.py:3096} INFO - Sync 1 DAGs
[2024-07-04T18:08:04.549+0000] {logging_mixin.py:188} INFO - [2024-07-04T18:08:04.549+0000] {dag.py:3954} INFO - Setting next_dagrun for example_xcom to 2021-01-01 00:00:00+00:00, run_after=2021-01-01 00:00:00+00:00
[2024-07-04T18:08:04.571+0000] {processor.py:183} INFO - Processing /home/airflow/.local/lib/python3.12/site-packages/airflow/example_dags/example_xcom.py took 0.090 seconds
[2024-07-04T18:08:35.098+0000] {processor.py:161} INFO - Started process (PID=607) to work on /home/airflow/.local/lib/python3.12/site-packages/airflow/example_dags/example_xcom.py
[2024-07-04T18:08:35.099+0000] {processor.py:830} INFO - Processing file /home/airflow/.local/lib/python3.12/site-packages/airflow/example_dags/example_xcom.py for tasks to queue
[2024-07-04T18:08:35.100+0000] {logging_mixin.py:188} INFO - [2024-07-04T18:08:35.100+0000] {dagbag.py:545} INFO - Filling up the DagBag from /home/airflow/.local/lib/python3.12/site-packages/airflow/example_dags/example_xcom.py
[2024-07-04T18:08:35.107+0000] {processor.py:840} INFO - DAG(s) 'example_xcom' retrieved from /home/airflow/.local/lib/python3.12/site-packages/airflow/example_dags/example_xcom.py
[2024-07-04T18:08:35.126+0000] {logging_mixin.py:188} INFO - [2024-07-04T18:08:35.126+0000] {dag.py:3096} INFO - Sync 1 DAGs
[2024-07-04T18:08:35.146+0000] {logging_mixin.py:188} INFO - [2024-07-04T18:08:35.146+0000] {dag.py:3954} INFO - Setting next_dagrun for example_xcom to 2021-01-01 00:00:00+00:00, run_after=2021-01-01 00:00:00+00:00
[2024-07-04T18:08:35.168+0000] {processor.py:183} INFO - Processing /home/airflow/.local/lib/python3.12/site-packages/airflow/example_dags/example_xcom.py took 0.075 seconds
[2024-07-04T18:09:05.808+0000] {processor.py:161} INFO - Started process (PID=664) to work on /home/airflow/.local/lib/python3.12/site-packages/airflow/example_dags/example_xcom.py
[2024-07-04T18:09:05.809+0000] {processor.py:830} INFO - Processing file /home/airflow/.local/lib/python3.12/site-packages/airflow/example_dags/example_xcom.py for tasks to queue
[2024-07-04T18:09:05.810+0000] {logging_mixin.py:188} INFO - [2024-07-04T18:09:05.810+0000] {dagbag.py:545} INFO - Filling up the DagBag from /home/airflow/.local/lib/python3.12/site-packages/airflow/example_dags/example_xcom.py
[2024-07-04T18:09:05.816+0000] {processor.py:840} INFO - DAG(s) 'example_xcom' retrieved from /home/airflow/.local/lib/python3.12/site-packages/airflow/example_dags/example_xcom.py
[2024-07-04T18:09:05.836+0000] {logging_mixin.py:188} INFO - [2024-07-04T18:09:05.835+0000] {dag.py:3096} INFO - Sync 1 DAGs
[2024-07-04T18:09:05.862+0000] {logging_mixin.py:188} INFO - [2024-07-04T18:09:05.862+0000] {dag.py:3954} INFO - Setting next_dagrun for example_xcom to 2021-01-01 00:00:00+00:00, run_after=2021-01-01 00:00:00+00:00
[2024-07-04T18:09:05.883+0000] {processor.py:183} INFO - Processing /home/airflow/.local/lib/python3.12/site-packages/airflow/example_dags/example_xcom.py took 0.080 seconds
[2024-07-04T18:09:36.165+0000] {processor.py:161} INFO - Started process (PID=722) to work on /home/airflow/.local/lib/python3.12/site-packages/airflow/example_dags/example_xcom.py
[2024-07-04T18:09:36.166+0000] {processor.py:830} INFO - Processing file /home/airflow/.local/lib/python3.12/site-packages/airflow/example_dags/example_xcom.py for tasks to queue
[2024-07-04T18:09:36.168+0000] {logging_mixin.py:188} INFO - [2024-07-04T18:09:36.167+0000] {dagbag.py:545} INFO - Filling up the DagBag from /home/airflow/.local/lib/python3.12/site-packages/airflow/example_dags/example_xcom.py
[2024-07-04T18:09:36.174+0000] {processor.py:840} INFO - DAG(s) 'example_xcom' retrieved from /home/airflow/.local/lib/python3.12/site-packages/airflow/example_dags/example_xcom.py
[2024-07-04T18:09:36.196+0000] {logging_mixin.py:188} INFO - [2024-07-04T18:09:36.195+0000] {dag.py:3096} INFO - Sync 1 DAGs
[2024-07-04T18:09:36.217+0000] {logging_mixin.py:188} INFO - [2024-07-04T18:09:36.216+0000] {dag.py:3954} INFO - Setting next_dagrun for example_xcom to 2021-01-01 00:00:00+00:00, run_after=2021-01-01 00:00:00+00:00
[2024-07-04T18:09:36.234+0000] {processor.py:183} INFO - Processing /home/airflow/.local/lib/python3.12/site-packages/airflow/example_dags/example_xcom.py took 0.074 seconds
[2024-07-04T18:10:06.317+0000] {processor.py:161} INFO - Started process (PID=780) to work on /home/airflow/.local/lib/python3.12/site-packages/airflow/example_dags/example_xcom.py
[2024-07-04T18:10:06.317+0000] {processor.py:830} INFO - Processing file /home/airflow/.local/lib/python3.12/site-packages/airflow/example_dags/example_xcom.py for tasks to queue
[2024-07-04T18:10:06.319+0000] {logging_mixin.py:188} INFO - [2024-07-04T18:10:06.319+0000] {dagbag.py:545} INFO - Filling up the DagBag from /home/airflow/.local/lib/python3.12/site-packages/airflow/example_dags/example_xcom.py
[2024-07-04T18:10:06.325+0000] {processor.py:840} INFO - DAG(s) 'example_xcom' retrieved from /home/airflow/.local/lib/python3.12/site-packages/airflow/example_dags/example_xcom.py
[2024-07-04T18:10:06.349+0000] {logging_mixin.py:188} INFO - [2024-07-04T18:10:06.348+0000] {dag.py:3096} INFO - Sync 1 DAGs
[2024-07-04T18:10:06.379+0000] {logging_mixin.py:188} INFO - [2024-07-04T18:10:06.379+0000] {dag.py:3954} INFO - Setting next_dagrun for example_xcom to 2021-01-01 00:00:00+00:00, run_after=2021-01-01 00:00:00+00:00
[2024-07-04T18:10:06.401+0000] {processor.py:183} INFO - Processing /home/airflow/.local/lib/python3.12/site-packages/airflow/example_dags/example_xcom.py took 0.089 seconds
