[2024-07-04T17:38:51.547+0000] {processor.py:161} INFO - Started process (PID=93) to work on /home/airflow/.local/lib/python3.12/site-packages/airflow/example_dags/example_complex.py
[2024-07-04T17:38:51.547+0000] {processor.py:830} INFO - Processing file /home/airflow/.local/lib/python3.12/site-packages/airflow/example_dags/example_complex.py for tasks to queue
[2024-07-04T17:38:51.549+0000] {logging_mixin.py:188} INFO - [2024-07-04T17:38:51.548+0000] {dagbag.py:545} INFO - Filling up the DagBag from /home/airflow/.local/lib/python3.12/site-packages/airflow/example_dags/example_complex.py
[2024-07-04T17:38:51.562+0000] {processor.py:840} INFO - DAG(s) 'example_complex' retrieved from /home/airflow/.local/lib/python3.12/site-packages/airflow/example_dags/example_complex.py
[2024-07-04T17:38:51.710+0000] {logging_mixin.py:188} INFO - [2024-07-04T17:38:51.708+0000] {override.py:1829} INFO - Created Permission View: can read on DAG:example_complex
[2024-07-04T17:38:51.745+0000] {logging_mixin.py:188} INFO - [2024-07-04T17:38:51.744+0000] {override.py:1829} INFO - Created Permission View: can edit on DAG:example_complex
[2024-07-04T17:38:51.764+0000] {logging_mixin.py:188} INFO - [2024-07-04T17:38:51.763+0000] {override.py:1829} INFO - Created Permission View: can delete on DAG:example_complex
[2024-07-04T17:38:51.765+0000] {logging_mixin.py:188} INFO - [2024-07-04T17:38:51.764+0000] {dag.py:3096} INFO - Sync 1 DAGs
[2024-07-04T17:38:51.786+0000] {logging_mixin.py:188} INFO - [2024-07-04T17:38:51.786+0000] {dag.py:3118} INFO - Creating ORM DAG for example_complex
[2024-07-04T17:38:51.787+0000] {logging_mixin.py:188} INFO - [2024-07-04T17:38:51.787+0000] {dag.py:3954} INFO - Setting next_dagrun for example_complex to None, run_after=None
[2024-07-04T17:38:51.813+0000] {processor.py:183} INFO - Processing /home/airflow/.local/lib/python3.12/site-packages/airflow/example_dags/example_complex.py took 0.274 seconds
[2024-07-04T17:39:22.038+0000] {processor.py:161} INFO - Started process (PID=151) to work on /home/airflow/.local/lib/python3.12/site-packages/airflow/example_dags/example_complex.py
[2024-07-04T17:39:22.038+0000] {processor.py:830} INFO - Processing file /home/airflow/.local/lib/python3.12/site-packages/airflow/example_dags/example_complex.py for tasks to queue
[2024-07-04T17:39:22.040+0000] {logging_mixin.py:188} INFO - [2024-07-04T17:39:22.039+0000] {dagbag.py:545} INFO - Filling up the DagBag from /home/airflow/.local/lib/python3.12/site-packages/airflow/example_dags/example_complex.py
[2024-07-04T17:39:22.049+0000] {processor.py:840} INFO - DAG(s) 'example_complex' retrieved from /home/airflow/.local/lib/python3.12/site-packages/airflow/example_dags/example_complex.py
[2024-07-04T17:39:22.089+0000] {logging_mixin.py:188} INFO - [2024-07-04T17:39:22.089+0000] {dag.py:3096} INFO - Sync 1 DAGs
[2024-07-04T17:39:22.102+0000] {logging_mixin.py:188} INFO - [2024-07-04T17:39:22.101+0000] {dag.py:3954} INFO - Setting next_dagrun for example_complex to None, run_after=None
[2024-07-04T17:39:22.122+0000] {processor.py:183} INFO - Processing /home/airflow/.local/lib/python3.12/site-packages/airflow/example_dags/example_complex.py took 0.089 seconds
[2024-07-04T17:45:00.011+0000] {processor.py:161} INFO - Started process (PID=92) to work on /home/airflow/.local/lib/python3.12/site-packages/airflow/example_dags/example_complex.py
[2024-07-04T17:45:00.012+0000] {processor.py:830} INFO - Processing file /home/airflow/.local/lib/python3.12/site-packages/airflow/example_dags/example_complex.py for tasks to queue
[2024-07-04T17:45:00.013+0000] {logging_mixin.py:188} INFO - [2024-07-04T17:45:00.013+0000] {dagbag.py:545} INFO - Filling up the DagBag from /home/airflow/.local/lib/python3.12/site-packages/airflow/example_dags/example_complex.py
[2024-07-04T17:45:00.031+0000] {processor.py:840} INFO - DAG(s) 'example_complex' retrieved from /home/airflow/.local/lib/python3.12/site-packages/airflow/example_dags/example_complex.py
[2024-07-04T17:45:00.203+0000] {logging_mixin.py:188} INFO - [2024-07-04T17:45:00.202+0000] {dag.py:3096} INFO - Sync 1 DAGs
[2024-07-04T17:45:00.217+0000] {logging_mixin.py:188} INFO - [2024-07-04T17:45:00.217+0000] {dag.py:3954} INFO - Setting next_dagrun for example_complex to None, run_after=None
[2024-07-04T17:45:00.245+0000] {processor.py:183} INFO - Processing /home/airflow/.local/lib/python3.12/site-packages/airflow/example_dags/example_complex.py took 0.241 seconds
[2024-07-04T17:45:31.172+0000] {processor.py:161} INFO - Started process (PID=150) to work on /home/airflow/.local/lib/python3.12/site-packages/airflow/example_dags/example_complex.py
[2024-07-04T17:45:31.173+0000] {processor.py:830} INFO - Processing file /home/airflow/.local/lib/python3.12/site-packages/airflow/example_dags/example_complex.py for tasks to queue
[2024-07-04T17:45:31.176+0000] {logging_mixin.py:188} INFO - [2024-07-04T17:45:31.175+0000] {dagbag.py:545} INFO - Filling up the DagBag from /home/airflow/.local/lib/python3.12/site-packages/airflow/example_dags/example_complex.py
[2024-07-04T17:45:31.191+0000] {processor.py:840} INFO - DAG(s) 'example_complex' retrieved from /home/airflow/.local/lib/python3.12/site-packages/airflow/example_dags/example_complex.py
[2024-07-04T17:45:31.224+0000] {logging_mixin.py:188} INFO - [2024-07-04T17:45:31.224+0000] {dag.py:3096} INFO - Sync 1 DAGs
[2024-07-04T17:45:31.237+0000] {logging_mixin.py:188} INFO - [2024-07-04T17:45:31.237+0000] {dag.py:3954} INFO - Setting next_dagrun for example_complex to None, run_after=None
[2024-07-04T17:45:31.257+0000] {processor.py:183} INFO - Processing /home/airflow/.local/lib/python3.12/site-packages/airflow/example_dags/example_complex.py took 0.098 seconds
[2024-07-04T17:46:01.341+0000] {processor.py:161} INFO - Started process (PID=208) to work on /home/airflow/.local/lib/python3.12/site-packages/airflow/example_dags/example_complex.py
[2024-07-04T17:46:01.341+0000] {processor.py:830} INFO - Processing file /home/airflow/.local/lib/python3.12/site-packages/airflow/example_dags/example_complex.py for tasks to queue
[2024-07-04T17:46:01.343+0000] {logging_mixin.py:188} INFO - [2024-07-04T17:46:01.343+0000] {dagbag.py:545} INFO - Filling up the DagBag from /home/airflow/.local/lib/python3.12/site-packages/airflow/example_dags/example_complex.py
[2024-07-04T17:46:01.353+0000] {processor.py:840} INFO - DAG(s) 'example_complex' retrieved from /home/airflow/.local/lib/python3.12/site-packages/airflow/example_dags/example_complex.py
[2024-07-04T17:46:01.387+0000] {logging_mixin.py:188} INFO - [2024-07-04T17:46:01.386+0000] {dag.py:3096} INFO - Sync 1 DAGs
[2024-07-04T17:46:01.400+0000] {logging_mixin.py:188} INFO - [2024-07-04T17:46:01.400+0000] {dag.py:3954} INFO - Setting next_dagrun for example_complex to None, run_after=None
[2024-07-04T17:46:01.428+0000] {processor.py:183} INFO - Processing /home/airflow/.local/lib/python3.12/site-packages/airflow/example_dags/example_complex.py took 0.092 seconds
[2024-07-04T17:46:31.480+0000] {processor.py:161} INFO - Started process (PID=266) to work on /home/airflow/.local/lib/python3.12/site-packages/airflow/example_dags/example_complex.py
[2024-07-04T17:46:31.481+0000] {processor.py:830} INFO - Processing file /home/airflow/.local/lib/python3.12/site-packages/airflow/example_dags/example_complex.py for tasks to queue
[2024-07-04T17:46:31.483+0000] {logging_mixin.py:188} INFO - [2024-07-04T17:46:31.482+0000] {dagbag.py:545} INFO - Filling up the DagBag from /home/airflow/.local/lib/python3.12/site-packages/airflow/example_dags/example_complex.py
[2024-07-04T17:46:31.493+0000] {processor.py:840} INFO - DAG(s) 'example_complex' retrieved from /home/airflow/.local/lib/python3.12/site-packages/airflow/example_dags/example_complex.py
[2024-07-04T17:46:31.524+0000] {logging_mixin.py:188} INFO - [2024-07-04T17:46:31.524+0000] {dag.py:3096} INFO - Sync 1 DAGs
[2024-07-04T17:46:31.536+0000] {logging_mixin.py:188} INFO - [2024-07-04T17:46:31.536+0000] {dag.py:3954} INFO - Setting next_dagrun for example_complex to None, run_after=None
[2024-07-04T17:46:31.557+0000] {processor.py:183} INFO - Processing /home/airflow/.local/lib/python3.12/site-packages/airflow/example_dags/example_complex.py took 0.082 seconds
[2024-07-04T18:04:01.976+0000] {processor.py:161} INFO - Started process (PID=92) to work on /home/airflow/.local/lib/python3.12/site-packages/airflow/example_dags/example_complex.py
[2024-07-04T18:04:01.977+0000] {processor.py:830} INFO - Processing file /home/airflow/.local/lib/python3.12/site-packages/airflow/example_dags/example_complex.py for tasks to queue
[2024-07-04T18:04:01.979+0000] {logging_mixin.py:188} INFO - [2024-07-04T18:04:01.978+0000] {dagbag.py:545} INFO - Filling up the DagBag from /home/airflow/.local/lib/python3.12/site-packages/airflow/example_dags/example_complex.py
[2024-07-04T18:04:01.992+0000] {processor.py:840} INFO - DAG(s) 'example_complex' retrieved from /home/airflow/.local/lib/python3.12/site-packages/airflow/example_dags/example_complex.py
[2024-07-04T18:04:02.136+0000] {logging_mixin.py:188} INFO - [2024-07-04T18:04:02.135+0000] {dag.py:3096} INFO - Sync 1 DAGs
[2024-07-04T18:04:02.154+0000] {logging_mixin.py:188} INFO - [2024-07-04T18:04:02.154+0000] {dag.py:3954} INFO - Setting next_dagrun for example_complex to None, run_after=None
[2024-07-04T18:04:02.183+0000] {processor.py:183} INFO - Processing /home/airflow/.local/lib/python3.12/site-packages/airflow/example_dags/example_complex.py took 0.213 seconds
[2024-07-04T18:04:32.707+0000] {processor.py:161} INFO - Started process (PID=149) to work on /home/airflow/.local/lib/python3.12/site-packages/airflow/example_dags/example_complex.py
[2024-07-04T18:04:32.708+0000] {processor.py:830} INFO - Processing file /home/airflow/.local/lib/python3.12/site-packages/airflow/example_dags/example_complex.py for tasks to queue
[2024-07-04T18:04:32.710+0000] {logging_mixin.py:188} INFO - [2024-07-04T18:04:32.710+0000] {dagbag.py:545} INFO - Filling up the DagBag from /home/airflow/.local/lib/python3.12/site-packages/airflow/example_dags/example_complex.py
[2024-07-04T18:04:32.721+0000] {processor.py:840} INFO - DAG(s) 'example_complex' retrieved from /home/airflow/.local/lib/python3.12/site-packages/airflow/example_dags/example_complex.py
[2024-07-04T18:04:32.753+0000] {logging_mixin.py:188} INFO - [2024-07-04T18:04:32.753+0000] {dag.py:3096} INFO - Sync 1 DAGs
[2024-07-04T18:04:32.766+0000] {logging_mixin.py:188} INFO - [2024-07-04T18:04:32.765+0000] {dag.py:3954} INFO - Setting next_dagrun for example_complex to None, run_after=None
[2024-07-04T18:04:32.799+0000] {processor.py:183} INFO - Processing /home/airflow/.local/lib/python3.12/site-packages/airflow/example_dags/example_complex.py took 0.097 seconds
[2024-07-04T18:05:03.550+0000] {processor.py:161} INFO - Started process (PID=207) to work on /home/airflow/.local/lib/python3.12/site-packages/airflow/example_dags/example_complex.py
[2024-07-04T18:05:03.550+0000] {processor.py:830} INFO - Processing file /home/airflow/.local/lib/python3.12/site-packages/airflow/example_dags/example_complex.py for tasks to queue
[2024-07-04T18:05:03.552+0000] {logging_mixin.py:188} INFO - [2024-07-04T18:05:03.551+0000] {dagbag.py:545} INFO - Filling up the DagBag from /home/airflow/.local/lib/python3.12/site-packages/airflow/example_dags/example_complex.py
[2024-07-04T18:05:03.561+0000] {processor.py:840} INFO - DAG(s) 'example_complex' retrieved from /home/airflow/.local/lib/python3.12/site-packages/airflow/example_dags/example_complex.py
[2024-07-04T18:05:03.591+0000] {logging_mixin.py:188} INFO - [2024-07-04T18:05:03.591+0000] {dag.py:3096} INFO - Sync 1 DAGs
[2024-07-04T18:05:03.603+0000] {logging_mixin.py:188} INFO - [2024-07-04T18:05:03.602+0000] {dag.py:3954} INFO - Setting next_dagrun for example_complex to None, run_after=None
[2024-07-04T18:05:03.622+0000] {processor.py:183} INFO - Processing /home/airflow/.local/lib/python3.12/site-packages/airflow/example_dags/example_complex.py took 0.077 seconds
[2024-07-04T18:05:33.796+0000] {processor.py:161} INFO - Started process (PID=266) to work on /home/airflow/.local/lib/python3.12/site-packages/airflow/example_dags/example_complex.py
[2024-07-04T18:05:33.797+0000] {processor.py:830} INFO - Processing file /home/airflow/.local/lib/python3.12/site-packages/airflow/example_dags/example_complex.py for tasks to queue
[2024-07-04T18:05:33.799+0000] {logging_mixin.py:188} INFO - [2024-07-04T18:05:33.799+0000] {dagbag.py:545} INFO - Filling up the DagBag from /home/airflow/.local/lib/python3.12/site-packages/airflow/example_dags/example_complex.py
[2024-07-04T18:05:33.810+0000] {processor.py:840} INFO - DAG(s) 'example_complex' retrieved from /home/airflow/.local/lib/python3.12/site-packages/airflow/example_dags/example_complex.py
[2024-07-04T18:05:33.841+0000] {logging_mixin.py:188} INFO - [2024-07-04T18:05:33.841+0000] {dag.py:3096} INFO - Sync 1 DAGs
[2024-07-04T18:05:33.853+0000] {logging_mixin.py:188} INFO - [2024-07-04T18:05:33.853+0000] {dag.py:3954} INFO - Setting next_dagrun for example_complex to None, run_after=None
[2024-07-04T18:05:33.875+0000] {processor.py:183} INFO - Processing /home/airflow/.local/lib/python3.12/site-packages/airflow/example_dags/example_complex.py took 0.084 seconds
[2024-07-04T18:06:04.349+0000] {processor.py:161} INFO - Started process (PID=325) to work on /home/airflow/.local/lib/python3.12/site-packages/airflow/example_dags/example_complex.py
[2024-07-04T18:06:04.350+0000] {processor.py:830} INFO - Processing file /home/airflow/.local/lib/python3.12/site-packages/airflow/example_dags/example_complex.py for tasks to queue
[2024-07-04T18:06:04.351+0000] {logging_mixin.py:188} INFO - [2024-07-04T18:06:04.351+0000] {dagbag.py:545} INFO - Filling up the DagBag from /home/airflow/.local/lib/python3.12/site-packages/airflow/example_dags/example_complex.py
[2024-07-04T18:06:04.364+0000] {processor.py:840} INFO - DAG(s) 'example_complex' retrieved from /home/airflow/.local/lib/python3.12/site-packages/airflow/example_dags/example_complex.py
[2024-07-04T18:06:04.402+0000] {logging_mixin.py:188} INFO - [2024-07-04T18:06:04.402+0000] {dag.py:3096} INFO - Sync 1 DAGs
[2024-07-04T18:06:04.416+0000] {logging_mixin.py:188} INFO - [2024-07-04T18:06:04.415+0000] {dag.py:3954} INFO - Setting next_dagrun for example_complex to None, run_after=None
[2024-07-04T18:06:04.440+0000] {processor.py:183} INFO - Processing /home/airflow/.local/lib/python3.12/site-packages/airflow/example_dags/example_complex.py took 0.097 seconds
[2024-07-04T18:06:34.695+0000] {processor.py:161} INFO - Started process (PID=383) to work on /home/airflow/.local/lib/python3.12/site-packages/airflow/example_dags/example_complex.py
[2024-07-04T18:06:34.696+0000] {processor.py:830} INFO - Processing file /home/airflow/.local/lib/python3.12/site-packages/airflow/example_dags/example_complex.py for tasks to queue
[2024-07-04T18:06:34.697+0000] {logging_mixin.py:188} INFO - [2024-07-04T18:06:34.697+0000] {dagbag.py:545} INFO - Filling up the DagBag from /home/airflow/.local/lib/python3.12/site-packages/airflow/example_dags/example_complex.py
[2024-07-04T18:06:34.707+0000] {processor.py:840} INFO - DAG(s) 'example_complex' retrieved from /home/airflow/.local/lib/python3.12/site-packages/airflow/example_dags/example_complex.py
[2024-07-04T18:06:34.738+0000] {logging_mixin.py:188} INFO - [2024-07-04T18:06:34.737+0000] {dag.py:3096} INFO - Sync 1 DAGs
[2024-07-04T18:06:34.749+0000] {logging_mixin.py:188} INFO - [2024-07-04T18:06:34.749+0000] {dag.py:3954} INFO - Setting next_dagrun for example_complex to None, run_after=None
[2024-07-04T18:06:34.770+0000] {processor.py:183} INFO - Processing /home/airflow/.local/lib/python3.12/site-packages/airflow/example_dags/example_complex.py took 0.079 seconds
[2024-07-04T18:07:05.042+0000] {processor.py:161} INFO - Started process (PID=442) to work on /home/airflow/.local/lib/python3.12/site-packages/airflow/example_dags/example_complex.py
[2024-07-04T18:07:05.043+0000] {processor.py:830} INFO - Processing file /home/airflow/.local/lib/python3.12/site-packages/airflow/example_dags/example_complex.py for tasks to queue
[2024-07-04T18:07:05.044+0000] {logging_mixin.py:188} INFO - [2024-07-04T18:07:05.044+0000] {dagbag.py:545} INFO - Filling up the DagBag from /home/airflow/.local/lib/python3.12/site-packages/airflow/example_dags/example_complex.py
[2024-07-04T18:07:05.053+0000] {processor.py:840} INFO - DAG(s) 'example_complex' retrieved from /home/airflow/.local/lib/python3.12/site-packages/airflow/example_dags/example_complex.py
[2024-07-04T18:07:05.084+0000] {logging_mixin.py:188} INFO - [2024-07-04T18:07:05.084+0000] {dag.py:3096} INFO - Sync 1 DAGs
[2024-07-04T18:07:05.096+0000] {logging_mixin.py:188} INFO - [2024-07-04T18:07:05.096+0000] {dag.py:3954} INFO - Setting next_dagrun for example_complex to None, run_after=None
[2024-07-04T18:07:05.125+0000] {processor.py:183} INFO - Processing /home/airflow/.local/lib/python3.12/site-packages/airflow/example_dags/example_complex.py took 0.087 seconds
[2024-07-04T18:07:35.469+0000] {processor.py:161} INFO - Started process (PID=499) to work on /home/airflow/.local/lib/python3.12/site-packages/airflow/example_dags/example_complex.py
[2024-07-04T18:07:35.469+0000] {processor.py:830} INFO - Processing file /home/airflow/.local/lib/python3.12/site-packages/airflow/example_dags/example_complex.py for tasks to queue
[2024-07-04T18:07:35.471+0000] {logging_mixin.py:188} INFO - [2024-07-04T18:07:35.470+0000] {dagbag.py:545} INFO - Filling up the DagBag from /home/airflow/.local/lib/python3.12/site-packages/airflow/example_dags/example_complex.py
[2024-07-04T18:07:35.480+0000] {processor.py:840} INFO - DAG(s) 'example_complex' retrieved from /home/airflow/.local/lib/python3.12/site-packages/airflow/example_dags/example_complex.py
[2024-07-04T18:07:35.511+0000] {logging_mixin.py:188} INFO - [2024-07-04T18:07:35.511+0000] {dag.py:3096} INFO - Sync 1 DAGs
[2024-07-04T18:07:35.524+0000] {logging_mixin.py:188} INFO - [2024-07-04T18:07:35.524+0000] {dag.py:3954} INFO - Setting next_dagrun for example_complex to None, run_after=None
[2024-07-04T18:07:35.554+0000] {processor.py:183} INFO - Processing /home/airflow/.local/lib/python3.12/site-packages/airflow/example_dags/example_complex.py took 0.090 seconds
[2024-07-04T18:08:05.883+0000] {processor.py:161} INFO - Started process (PID=557) to work on /home/airflow/.local/lib/python3.12/site-packages/airflow/example_dags/example_complex.py
[2024-07-04T18:08:05.883+0000] {processor.py:830} INFO - Processing file /home/airflow/.local/lib/python3.12/site-packages/airflow/example_dags/example_complex.py for tasks to queue
[2024-07-04T18:08:05.885+0000] {logging_mixin.py:188} INFO - [2024-07-04T18:08:05.884+0000] {dagbag.py:545} INFO - Filling up the DagBag from /home/airflow/.local/lib/python3.12/site-packages/airflow/example_dags/example_complex.py
[2024-07-04T18:08:05.895+0000] {processor.py:840} INFO - DAG(s) 'example_complex' retrieved from /home/airflow/.local/lib/python3.12/site-packages/airflow/example_dags/example_complex.py
[2024-07-04T18:08:05.925+0000] {logging_mixin.py:188} INFO - [2024-07-04T18:08:05.925+0000] {dag.py:3096} INFO - Sync 1 DAGs
[2024-07-04T18:08:05.937+0000] {logging_mixin.py:188} INFO - [2024-07-04T18:08:05.937+0000] {dag.py:3954} INFO - Setting next_dagrun for example_complex to None, run_after=None
[2024-07-04T18:08:05.959+0000] {processor.py:183} INFO - Processing /home/airflow/.local/lib/python3.12/site-packages/airflow/example_dags/example_complex.py took 0.081 seconds
[2024-07-04T18:08:36.520+0000] {processor.py:161} INFO - Started process (PID=615) to work on /home/airflow/.local/lib/python3.12/site-packages/airflow/example_dags/example_complex.py
[2024-07-04T18:08:36.521+0000] {processor.py:830} INFO - Processing file /home/airflow/.local/lib/python3.12/site-packages/airflow/example_dags/example_complex.py for tasks to queue
[2024-07-04T18:08:36.522+0000] {logging_mixin.py:188} INFO - [2024-07-04T18:08:36.522+0000] {dagbag.py:545} INFO - Filling up the DagBag from /home/airflow/.local/lib/python3.12/site-packages/airflow/example_dags/example_complex.py
[2024-07-04T18:08:36.533+0000] {processor.py:840} INFO - DAG(s) 'example_complex' retrieved from /home/airflow/.local/lib/python3.12/site-packages/airflow/example_dags/example_complex.py
[2024-07-04T18:08:36.581+0000] {logging_mixin.py:188} INFO - [2024-07-04T18:08:36.581+0000] {dag.py:3096} INFO - Sync 1 DAGs
[2024-07-04T18:08:36.601+0000] {logging_mixin.py:188} INFO - [2024-07-04T18:08:36.600+0000] {dag.py:3954} INFO - Setting next_dagrun for example_complex to None, run_after=None
[2024-07-04T18:08:36.625+0000] {processor.py:183} INFO - Processing /home/airflow/.local/lib/python3.12/site-packages/airflow/example_dags/example_complex.py took 0.110 seconds
[2024-07-04T18:09:07.193+0000] {processor.py:161} INFO - Started process (PID=672) to work on /home/airflow/.local/lib/python3.12/site-packages/airflow/example_dags/example_complex.py
[2024-07-04T18:09:07.193+0000] {processor.py:830} INFO - Processing file /home/airflow/.local/lib/python3.12/site-packages/airflow/example_dags/example_complex.py for tasks to queue
[2024-07-04T18:09:07.195+0000] {logging_mixin.py:188} INFO - [2024-07-04T18:09:07.194+0000] {dagbag.py:545} INFO - Filling up the DagBag from /home/airflow/.local/lib/python3.12/site-packages/airflow/example_dags/example_complex.py
[2024-07-04T18:09:07.204+0000] {processor.py:840} INFO - DAG(s) 'example_complex' retrieved from /home/airflow/.local/lib/python3.12/site-packages/airflow/example_dags/example_complex.py
[2024-07-04T18:09:07.235+0000] {logging_mixin.py:188} INFO - [2024-07-04T18:09:07.234+0000] {dag.py:3096} INFO - Sync 1 DAGs
[2024-07-04T18:09:07.247+0000] {logging_mixin.py:188} INFO - [2024-07-04T18:09:07.247+0000] {dag.py:3954} INFO - Setting next_dagrun for example_complex to None, run_after=None
[2024-07-04T18:09:07.271+0000] {processor.py:183} INFO - Processing /home/airflow/.local/lib/python3.12/site-packages/airflow/example_dags/example_complex.py took 0.083 seconds
[2024-07-04T18:09:37.622+0000] {processor.py:161} INFO - Started process (PID=730) to work on /home/airflow/.local/lib/python3.12/site-packages/airflow/example_dags/example_complex.py
[2024-07-04T18:09:37.623+0000] {processor.py:830} INFO - Processing file /home/airflow/.local/lib/python3.12/site-packages/airflow/example_dags/example_complex.py for tasks to queue
[2024-07-04T18:09:37.624+0000] {logging_mixin.py:188} INFO - [2024-07-04T18:09:37.624+0000] {dagbag.py:545} INFO - Filling up the DagBag from /home/airflow/.local/lib/python3.12/site-packages/airflow/example_dags/example_complex.py
[2024-07-04T18:09:37.635+0000] {processor.py:840} INFO - DAG(s) 'example_complex' retrieved from /home/airflow/.local/lib/python3.12/site-packages/airflow/example_dags/example_complex.py
[2024-07-04T18:09:37.670+0000] {logging_mixin.py:188} INFO - [2024-07-04T18:09:37.669+0000] {dag.py:3096} INFO - Sync 1 DAGs
[2024-07-04T18:09:37.683+0000] {logging_mixin.py:188} INFO - [2024-07-04T18:09:37.682+0000] {dag.py:3954} INFO - Setting next_dagrun for example_complex to None, run_after=None
[2024-07-04T18:09:37.710+0000] {processor.py:183} INFO - Processing /home/airflow/.local/lib/python3.12/site-packages/airflow/example_dags/example_complex.py took 0.094 seconds
[2024-07-04T18:10:07.742+0000] {processor.py:161} INFO - Started process (PID=788) to work on /home/airflow/.local/lib/python3.12/site-packages/airflow/example_dags/example_complex.py
[2024-07-04T18:10:07.743+0000] {processor.py:830} INFO - Processing file /home/airflow/.local/lib/python3.12/site-packages/airflow/example_dags/example_complex.py for tasks to queue
[2024-07-04T18:10:07.744+0000] {logging_mixin.py:188} INFO - [2024-07-04T18:10:07.744+0000] {dagbag.py:545} INFO - Filling up the DagBag from /home/airflow/.local/lib/python3.12/site-packages/airflow/example_dags/example_complex.py
[2024-07-04T18:10:07.754+0000] {processor.py:840} INFO - DAG(s) 'example_complex' retrieved from /home/airflow/.local/lib/python3.12/site-packages/airflow/example_dags/example_complex.py
[2024-07-04T18:10:07.784+0000] {logging_mixin.py:188} INFO - [2024-07-04T18:10:07.784+0000] {dag.py:3096} INFO - Sync 1 DAGs
[2024-07-04T18:10:07.797+0000] {logging_mixin.py:188} INFO - [2024-07-04T18:10:07.797+0000] {dag.py:3954} INFO - Setting next_dagrun for example_complex to None, run_after=None
[2024-07-04T18:10:07.818+0000] {processor.py:183} INFO - Processing /home/airflow/.local/lib/python3.12/site-packages/airflow/example_dags/example_complex.py took 0.081 seconds
