[2024-07-04T17:38:49.963+0000] {processor.py:161} INFO - Started process (PID=84) to work on /home/airflow/.local/lib/python3.12/site-packages/airflow/example_dags/example_branch_datetime_operator.py
[2024-07-04T17:38:49.964+0000] {processor.py:830} INFO - Processing file /home/airflow/.local/lib/python3.12/site-packages/airflow/example_dags/example_branch_datetime_operator.py for tasks to queue
[2024-07-04T17:38:49.965+0000] {logging_mixin.py:188} INFO - [2024-07-04T17:38:49.965+0000] {dagbag.py:545} INFO - Filling up the DagBag from /home/airflow/.local/lib/python3.12/site-packages/airflow/example_dags/example_branch_datetime_operator.py
[2024-07-04T17:38:49.976+0000] {processor.py:840} INFO - DAG(s) 'example_branch_datetime_operator_2', 'example_branch_datetime_operator', 'example_branch_datetime_operator_3' retrieved from /home/airflow/.local/lib/python3.12/site-packages/airflow/example_dags/example_branch_datetime_operator.py
[2024-07-04T17:38:50.128+0000] {logging_mixin.py:188} INFO - [2024-07-04T17:38:50.127+0000] {override.py:1829} INFO - Created Permission View: can read on DAG:example_branch_datetime_operator_2
[2024-07-04T17:38:50.146+0000] {logging_mixin.py:188} INFO - [2024-07-04T17:38:50.146+0000] {override.py:1829} INFO - Created Permission View: can edit on DAG:example_branch_datetime_operator_2
[2024-07-04T17:38:50.161+0000] {logging_mixin.py:188} INFO - [2024-07-04T17:38:50.160+0000] {override.py:1829} INFO - Created Permission View: can delete on DAG:example_branch_datetime_operator_2
[2024-07-04T17:38:50.184+0000] {logging_mixin.py:188} INFO - [2024-07-04T17:38:50.183+0000] {override.py:1829} INFO - Created Permission View: can read on DAG:example_branch_datetime_operator
[2024-07-04T17:38:50.198+0000] {logging_mixin.py:188} INFO - [2024-07-04T17:38:50.198+0000] {override.py:1829} INFO - Created Permission View: can edit on DAG:example_branch_datetime_operator
[2024-07-04T17:38:50.209+0000] {logging_mixin.py:188} INFO - [2024-07-04T17:38:50.209+0000] {override.py:1829} INFO - Created Permission View: can delete on DAG:example_branch_datetime_operator
[2024-07-04T17:38:50.230+0000] {logging_mixin.py:188} INFO - [2024-07-04T17:38:50.230+0000] {override.py:1829} INFO - Created Permission View: can read on DAG:example_branch_datetime_operator_3
[2024-07-04T17:38:50.242+0000] {logging_mixin.py:188} INFO - [2024-07-04T17:38:50.242+0000] {override.py:1829} INFO - Created Permission View: can edit on DAG:example_branch_datetime_operator_3
[2024-07-04T17:38:50.253+0000] {logging_mixin.py:188} INFO - [2024-07-04T17:38:50.252+0000] {override.py:1829} INFO - Created Permission View: can delete on DAG:example_branch_datetime_operator_3
[2024-07-04T17:38:50.253+0000] {logging_mixin.py:188} INFO - [2024-07-04T17:38:50.253+0000] {dag.py:3096} INFO - Sync 3 DAGs
[2024-07-04T17:38:50.265+0000] {logging_mixin.py:188} INFO - [2024-07-04T17:38:50.265+0000] {dag.py:3118} INFO - Creating ORM DAG for example_branch_datetime_operator_2
[2024-07-04T17:38:50.266+0000] {logging_mixin.py:188} INFO - [2024-07-04T17:38:50.266+0000] {dag.py:3118} INFO - Creating ORM DAG for example_branch_datetime_operator
[2024-07-04T17:38:50.266+0000] {logging_mixin.py:188} INFO - [2024-07-04T17:38:50.266+0000] {dag.py:3118} INFO - Creating ORM DAG for example_branch_datetime_operator_3
[2024-07-04T17:38:50.279+0000] {logging_mixin.py:188} INFO - [2024-07-04T17:38:50.279+0000] {dag.py:3954} INFO - Setting next_dagrun for example_branch_datetime_operator to 2024-07-03 00:00:00+00:00, run_after=2024-07-04 00:00:00+00:00
[2024-07-04T17:38:50.281+0000] {logging_mixin.py:188} INFO - [2024-07-04T17:38:50.281+0000] {dag.py:3954} INFO - Setting next_dagrun for example_branch_datetime_operator_2 to 2024-07-03 00:00:00+00:00, run_after=2024-07-04 00:00:00+00:00
[2024-07-04T17:38:50.283+0000] {logging_mixin.py:188} INFO - [2024-07-04T17:38:50.283+0000] {dag.py:3954} INFO - Setting next_dagrun for example_branch_datetime_operator_3 to 2024-07-03 00:00:00+00:00, run_after=2024-07-04 00:00:00+00:00
[2024-07-04T17:38:50.308+0000] {processor.py:183} INFO - Processing /home/airflow/.local/lib/python3.12/site-packages/airflow/example_dags/example_branch_datetime_operator.py took 0.350 seconds
[2024-07-04T17:39:20.525+0000] {processor.py:161} INFO - Started process (PID=142) to work on /home/airflow/.local/lib/python3.12/site-packages/airflow/example_dags/example_branch_datetime_operator.py
[2024-07-04T17:39:20.525+0000] {processor.py:830} INFO - Processing file /home/airflow/.local/lib/python3.12/site-packages/airflow/example_dags/example_branch_datetime_operator.py for tasks to queue
[2024-07-04T17:39:20.527+0000] {logging_mixin.py:188} INFO - [2024-07-04T17:39:20.526+0000] {dagbag.py:545} INFO - Filling up the DagBag from /home/airflow/.local/lib/python3.12/site-packages/airflow/example_dags/example_branch_datetime_operator.py
[2024-07-04T17:39:20.537+0000] {processor.py:840} INFO - DAG(s) 'example_branch_datetime_operator_2', 'example_branch_datetime_operator', 'example_branch_datetime_operator_3' retrieved from /home/airflow/.local/lib/python3.12/site-packages/airflow/example_dags/example_branch_datetime_operator.py
[2024-07-04T17:39:20.561+0000] {logging_mixin.py:188} INFO - [2024-07-04T17:39:20.561+0000] {dag.py:3096} INFO - Sync 3 DAGs
[2024-07-04T17:39:20.585+0000] {logging_mixin.py:188} INFO - [2024-07-04T17:39:20.584+0000] {dag.py:3954} INFO - Setting next_dagrun for example_branch_datetime_operator to 2024-07-03 00:00:00+00:00, run_after=2024-07-04 00:00:00+00:00
[2024-07-04T17:39:20.590+0000] {logging_mixin.py:188} INFO - [2024-07-04T17:39:20.590+0000] {dag.py:3954} INFO - Setting next_dagrun for example_branch_datetime_operator_2 to 2024-07-03 00:00:00+00:00, run_after=2024-07-04 00:00:00+00:00
[2024-07-04T17:39:20.593+0000] {logging_mixin.py:188} INFO - [2024-07-04T17:39:20.593+0000] {dag.py:3954} INFO - Setting next_dagrun for example_branch_datetime_operator_3 to 2024-07-03 00:00:00+00:00, run_after=2024-07-04 00:00:00+00:00
[2024-07-04T17:39:20.612+0000] {processor.py:183} INFO - Processing /home/airflow/.local/lib/python3.12/site-packages/airflow/example_dags/example_branch_datetime_operator.py took 0.092 seconds
[2024-07-04T17:44:58.738+0000] {processor.py:161} INFO - Started process (PID=83) to work on /home/airflow/.local/lib/python3.12/site-packages/airflow/example_dags/example_branch_datetime_operator.py
[2024-07-04T17:44:58.739+0000] {processor.py:830} INFO - Processing file /home/airflow/.local/lib/python3.12/site-packages/airflow/example_dags/example_branch_datetime_operator.py for tasks to queue
[2024-07-04T17:44:58.740+0000] {logging_mixin.py:188} INFO - [2024-07-04T17:44:58.740+0000] {dagbag.py:545} INFO - Filling up the DagBag from /home/airflow/.local/lib/python3.12/site-packages/airflow/example_dags/example_branch_datetime_operator.py
[2024-07-04T17:44:58.752+0000] {processor.py:840} INFO - DAG(s) 'example_branch_datetime_operator_3', 'example_branch_datetime_operator_2', 'example_branch_datetime_operator' retrieved from /home/airflow/.local/lib/python3.12/site-packages/airflow/example_dags/example_branch_datetime_operator.py
[2024-07-04T17:44:58.933+0000] {logging_mixin.py:188} INFO - [2024-07-04T17:44:58.933+0000] {dag.py:3096} INFO - Sync 3 DAGs
[2024-07-04T17:44:58.961+0000] {logging_mixin.py:188} INFO - [2024-07-04T17:44:58.961+0000] {dag.py:3954} INFO - Setting next_dagrun for example_branch_datetime_operator to 2024-07-03 00:00:00+00:00, run_after=2024-07-04 00:00:00+00:00
[2024-07-04T17:44:58.968+0000] {logging_mixin.py:188} INFO - [2024-07-04T17:44:58.967+0000] {dag.py:3954} INFO - Setting next_dagrun for example_branch_datetime_operator_2 to 2024-07-03 00:00:00+00:00, run_after=2024-07-04 00:00:00+00:00
[2024-07-04T17:44:58.971+0000] {logging_mixin.py:188} INFO - [2024-07-04T17:44:58.971+0000] {dag.py:3954} INFO - Setting next_dagrun for example_branch_datetime_operator_3 to 2024-07-03 00:00:00+00:00, run_after=2024-07-04 00:00:00+00:00
[2024-07-04T17:44:58.997+0000] {processor.py:183} INFO - Processing /home/airflow/.local/lib/python3.12/site-packages/airflow/example_dags/example_branch_datetime_operator.py took 0.265 seconds
[2024-07-04T17:45:29.457+0000] {processor.py:161} INFO - Started process (PID=141) to work on /home/airflow/.local/lib/python3.12/site-packages/airflow/example_dags/example_branch_datetime_operator.py
[2024-07-04T17:45:29.458+0000] {processor.py:830} INFO - Processing file /home/airflow/.local/lib/python3.12/site-packages/airflow/example_dags/example_branch_datetime_operator.py for tasks to queue
[2024-07-04T17:45:29.460+0000] {logging_mixin.py:188} INFO - [2024-07-04T17:45:29.460+0000] {dagbag.py:545} INFO - Filling up the DagBag from /home/airflow/.local/lib/python3.12/site-packages/airflow/example_dags/example_branch_datetime_operator.py
[2024-07-04T17:45:29.474+0000] {processor.py:840} INFO - DAG(s) 'example_branch_datetime_operator_3', 'example_branch_datetime_operator', 'example_branch_datetime_operator_2' retrieved from /home/airflow/.local/lib/python3.12/site-packages/airflow/example_dags/example_branch_datetime_operator.py
[2024-07-04T17:45:29.500+0000] {logging_mixin.py:188} INFO - [2024-07-04T17:45:29.500+0000] {dag.py:3096} INFO - Sync 3 DAGs
[2024-07-04T17:45:29.525+0000] {logging_mixin.py:188} INFO - [2024-07-04T17:45:29.525+0000] {dag.py:3954} INFO - Setting next_dagrun for example_branch_datetime_operator to 2024-07-03 00:00:00+00:00, run_after=2024-07-04 00:00:00+00:00
[2024-07-04T17:45:29.531+0000] {logging_mixin.py:188} INFO - [2024-07-04T17:45:29.530+0000] {dag.py:3954} INFO - Setting next_dagrun for example_branch_datetime_operator_2 to 2024-07-03 00:00:00+00:00, run_after=2024-07-04 00:00:00+00:00
[2024-07-04T17:45:29.534+0000] {logging_mixin.py:188} INFO - [2024-07-04T17:45:29.534+0000] {dag.py:3954} INFO - Setting next_dagrun for example_branch_datetime_operator_3 to 2024-07-03 00:00:00+00:00, run_after=2024-07-04 00:00:00+00:00
[2024-07-04T17:45:29.555+0000] {processor.py:183} INFO - Processing /home/airflow/.local/lib/python3.12/site-packages/airflow/example_dags/example_branch_datetime_operator.py took 0.105 seconds
[2024-07-04T17:45:59.628+0000] {processor.py:161} INFO - Started process (PID=199) to work on /home/airflow/.local/lib/python3.12/site-packages/airflow/example_dags/example_branch_datetime_operator.py
[2024-07-04T17:45:59.629+0000] {processor.py:830} INFO - Processing file /home/airflow/.local/lib/python3.12/site-packages/airflow/example_dags/example_branch_datetime_operator.py for tasks to queue
[2024-07-04T17:45:59.630+0000] {logging_mixin.py:188} INFO - [2024-07-04T17:45:59.630+0000] {dagbag.py:545} INFO - Filling up the DagBag from /home/airflow/.local/lib/python3.12/site-packages/airflow/example_dags/example_branch_datetime_operator.py
[2024-07-04T17:45:59.640+0000] {processor.py:840} INFO - DAG(s) 'example_branch_datetime_operator', 'example_branch_datetime_operator_3', 'example_branch_datetime_operator_2' retrieved from /home/airflow/.local/lib/python3.12/site-packages/airflow/example_dags/example_branch_datetime_operator.py
[2024-07-04T17:45:59.664+0000] {logging_mixin.py:188} INFO - [2024-07-04T17:45:59.663+0000] {dag.py:3096} INFO - Sync 3 DAGs
[2024-07-04T17:45:59.687+0000] {logging_mixin.py:188} INFO - [2024-07-04T17:45:59.687+0000] {dag.py:3954} INFO - Setting next_dagrun for example_branch_datetime_operator to 2024-07-03 00:00:00+00:00, run_after=2024-07-04 00:00:00+00:00
[2024-07-04T17:45:59.692+0000] {logging_mixin.py:188} INFO - [2024-07-04T17:45:59.692+0000] {dag.py:3954} INFO - Setting next_dagrun for example_branch_datetime_operator_2 to 2024-07-03 00:00:00+00:00, run_after=2024-07-04 00:00:00+00:00
[2024-07-04T17:45:59.695+0000] {logging_mixin.py:188} INFO - [2024-07-04T17:45:59.694+0000] {dag.py:3954} INFO - Setting next_dagrun for example_branch_datetime_operator_3 to 2024-07-03 00:00:00+00:00, run_after=2024-07-04 00:00:00+00:00
[2024-07-04T17:45:59.712+0000] {processor.py:183} INFO - Processing /home/airflow/.local/lib/python3.12/site-packages/airflow/example_dags/example_branch_datetime_operator.py took 0.089 seconds
[2024-07-04T17:46:29.951+0000] {processor.py:161} INFO - Started process (PID=257) to work on /home/airflow/.local/lib/python3.12/site-packages/airflow/example_dags/example_branch_datetime_operator.py
[2024-07-04T17:46:29.952+0000] {processor.py:830} INFO - Processing file /home/airflow/.local/lib/python3.12/site-packages/airflow/example_dags/example_branch_datetime_operator.py for tasks to queue
[2024-07-04T17:46:29.954+0000] {logging_mixin.py:188} INFO - [2024-07-04T17:46:29.953+0000] {dagbag.py:545} INFO - Filling up the DagBag from /home/airflow/.local/lib/python3.12/site-packages/airflow/example_dags/example_branch_datetime_operator.py
[2024-07-04T17:46:29.965+0000] {processor.py:840} INFO - DAG(s) 'example_branch_datetime_operator', 'example_branch_datetime_operator_3', 'example_branch_datetime_operator_2' retrieved from /home/airflow/.local/lib/python3.12/site-packages/airflow/example_dags/example_branch_datetime_operator.py
[2024-07-04T17:46:29.994+0000] {logging_mixin.py:188} INFO - [2024-07-04T17:46:29.994+0000] {dag.py:3096} INFO - Sync 3 DAGs
[2024-07-04T17:46:30.018+0000] {logging_mixin.py:188} INFO - [2024-07-04T17:46:30.018+0000] {dag.py:3954} INFO - Setting next_dagrun for example_branch_datetime_operator to 2024-07-03 00:00:00+00:00, run_after=2024-07-04 00:00:00+00:00
[2024-07-04T17:46:30.024+0000] {logging_mixin.py:188} INFO - [2024-07-04T17:46:30.023+0000] {dag.py:3954} INFO - Setting next_dagrun for example_branch_datetime_operator_2 to 2024-07-03 00:00:00+00:00, run_after=2024-07-04 00:00:00+00:00
[2024-07-04T17:46:30.026+0000] {logging_mixin.py:188} INFO - [2024-07-04T17:46:30.026+0000] {dag.py:3954} INFO - Setting next_dagrun for example_branch_datetime_operator_3 to 2024-07-03 00:00:00+00:00, run_after=2024-07-04 00:00:00+00:00
[2024-07-04T17:46:30.045+0000] {processor.py:183} INFO - Processing /home/airflow/.local/lib/python3.12/site-packages/airflow/example_dags/example_branch_datetime_operator.py took 0.102 seconds
[2024-07-04T18:04:00.571+0000] {processor.py:161} INFO - Started process (PID=83) to work on /home/airflow/.local/lib/python3.12/site-packages/airflow/example_dags/example_branch_datetime_operator.py
[2024-07-04T18:04:00.571+0000] {processor.py:830} INFO - Processing file /home/airflow/.local/lib/python3.12/site-packages/airflow/example_dags/example_branch_datetime_operator.py for tasks to queue
[2024-07-04T18:04:00.573+0000] {logging_mixin.py:188} INFO - [2024-07-04T18:04:00.573+0000] {dagbag.py:545} INFO - Filling up the DagBag from /home/airflow/.local/lib/python3.12/site-packages/airflow/example_dags/example_branch_datetime_operator.py
[2024-07-04T18:04:00.586+0000] {processor.py:840} INFO - DAG(s) 'example_branch_datetime_operator_3', 'example_branch_datetime_operator', 'example_branch_datetime_operator_2' retrieved from /home/airflow/.local/lib/python3.12/site-packages/airflow/example_dags/example_branch_datetime_operator.py
[2024-07-04T18:04:00.830+0000] {logging_mixin.py:188} INFO - [2024-07-04T18:04:00.829+0000] {dag.py:3096} INFO - Sync 3 DAGs
[2024-07-04T18:04:00.869+0000] {logging_mixin.py:188} INFO - [2024-07-04T18:04:00.869+0000] {dag.py:3954} INFO - Setting next_dagrun for example_branch_datetime_operator to 2024-07-03 00:00:00+00:00, run_after=2024-07-04 00:00:00+00:00
[2024-07-04T18:04:00.877+0000] {logging_mixin.py:188} INFO - [2024-07-04T18:04:00.877+0000] {dag.py:3954} INFO - Setting next_dagrun for example_branch_datetime_operator_2 to 2024-07-03 00:00:00+00:00, run_after=2024-07-04 00:00:00+00:00
[2024-07-04T18:04:00.883+0000] {logging_mixin.py:188} INFO - [2024-07-04T18:04:00.882+0000] {dag.py:3954} INFO - Setting next_dagrun for example_branch_datetime_operator_3 to 2024-07-03 00:00:00+00:00, run_after=2024-07-04 00:00:00+00:00
[2024-07-04T18:04:00.913+0000] {processor.py:183} INFO - Processing /home/airflow/.local/lib/python3.12/site-packages/airflow/example_dags/example_branch_datetime_operator.py took 0.349 seconds
[2024-07-04T18:04:31.224+0000] {processor.py:161} INFO - Started process (PID=140) to work on /home/airflow/.local/lib/python3.12/site-packages/airflow/example_dags/example_branch_datetime_operator.py
[2024-07-04T18:04:31.225+0000] {processor.py:830} INFO - Processing file /home/airflow/.local/lib/python3.12/site-packages/airflow/example_dags/example_branch_datetime_operator.py for tasks to queue
[2024-07-04T18:04:31.227+0000] {logging_mixin.py:188} INFO - [2024-07-04T18:04:31.227+0000] {dagbag.py:545} INFO - Filling up the DagBag from /home/airflow/.local/lib/python3.12/site-packages/airflow/example_dags/example_branch_datetime_operator.py
[2024-07-04T18:04:31.237+0000] {processor.py:840} INFO - DAG(s) 'example_branch_datetime_operator_3', 'example_branch_datetime_operator', 'example_branch_datetime_operator_2' retrieved from /home/airflow/.local/lib/python3.12/site-packages/airflow/example_dags/example_branch_datetime_operator.py
[2024-07-04T18:04:31.264+0000] {logging_mixin.py:188} INFO - [2024-07-04T18:04:31.264+0000] {dag.py:3096} INFO - Sync 3 DAGs
[2024-07-04T18:04:31.288+0000] {logging_mixin.py:188} INFO - [2024-07-04T18:04:31.288+0000] {dag.py:3954} INFO - Setting next_dagrun for example_branch_datetime_operator to 2024-07-03 00:00:00+00:00, run_after=2024-07-04 00:00:00+00:00
[2024-07-04T18:04:31.293+0000] {logging_mixin.py:188} INFO - [2024-07-04T18:04:31.293+0000] {dag.py:3954} INFO - Setting next_dagrun for example_branch_datetime_operator_2 to 2024-07-03 00:00:00+00:00, run_after=2024-07-04 00:00:00+00:00
[2024-07-04T18:04:31.296+0000] {logging_mixin.py:188} INFO - [2024-07-04T18:04:31.296+0000] {dag.py:3954} INFO - Setting next_dagrun for example_branch_datetime_operator_3 to 2024-07-03 00:00:00+00:00, run_after=2024-07-04 00:00:00+00:00
[2024-07-04T18:04:31.315+0000] {processor.py:183} INFO - Processing /home/airflow/.local/lib/python3.12/site-packages/airflow/example_dags/example_branch_datetime_operator.py took 0.095 seconds
[2024-07-04T18:05:02.068+0000] {processor.py:161} INFO - Started process (PID=198) to work on /home/airflow/.local/lib/python3.12/site-packages/airflow/example_dags/example_branch_datetime_operator.py
[2024-07-04T18:05:02.068+0000] {processor.py:830} INFO - Processing file /home/airflow/.local/lib/python3.12/site-packages/airflow/example_dags/example_branch_datetime_operator.py for tasks to queue
[2024-07-04T18:05:02.070+0000] {logging_mixin.py:188} INFO - [2024-07-04T18:05:02.070+0000] {dagbag.py:545} INFO - Filling up the DagBag from /home/airflow/.local/lib/python3.12/site-packages/airflow/example_dags/example_branch_datetime_operator.py
[2024-07-04T18:05:02.085+0000] {processor.py:840} INFO - DAG(s) 'example_branch_datetime_operator_2', 'example_branch_datetime_operator', 'example_branch_datetime_operator_3' retrieved from /home/airflow/.local/lib/python3.12/site-packages/airflow/example_dags/example_branch_datetime_operator.py
[2024-07-04T18:05:02.123+0000] {logging_mixin.py:188} INFO - [2024-07-04T18:05:02.122+0000] {dag.py:3096} INFO - Sync 3 DAGs
[2024-07-04T18:05:02.157+0000] {logging_mixin.py:188} INFO - [2024-07-04T18:05:02.157+0000] {dag.py:3954} INFO - Setting next_dagrun for example_branch_datetime_operator to 2024-07-03 00:00:00+00:00, run_after=2024-07-04 00:00:00+00:00
[2024-07-04T18:05:02.164+0000] {logging_mixin.py:188} INFO - [2024-07-04T18:05:02.163+0000] {dag.py:3954} INFO - Setting next_dagrun for example_branch_datetime_operator_2 to 2024-07-03 00:00:00+00:00, run_after=2024-07-04 00:00:00+00:00
[2024-07-04T18:05:02.167+0000] {logging_mixin.py:188} INFO - [2024-07-04T18:05:02.167+0000] {dag.py:3954} INFO - Setting next_dagrun for example_branch_datetime_operator_3 to 2024-07-03 00:00:00+00:00, run_after=2024-07-04 00:00:00+00:00
[2024-07-04T18:05:02.186+0000] {processor.py:183} INFO - Processing /home/airflow/.local/lib/python3.12/site-packages/airflow/example_dags/example_branch_datetime_operator.py took 0.126 seconds
[2024-07-04T18:05:32.375+0000] {processor.py:161} INFO - Started process (PID=257) to work on /home/airflow/.local/lib/python3.12/site-packages/airflow/example_dags/example_branch_datetime_operator.py
[2024-07-04T18:05:32.376+0000] {processor.py:830} INFO - Processing file /home/airflow/.local/lib/python3.12/site-packages/airflow/example_dags/example_branch_datetime_operator.py for tasks to queue
[2024-07-04T18:05:32.378+0000] {logging_mixin.py:188} INFO - [2024-07-04T18:05:32.377+0000] {dagbag.py:545} INFO - Filling up the DagBag from /home/airflow/.local/lib/python3.12/site-packages/airflow/example_dags/example_branch_datetime_operator.py
[2024-07-04T18:05:32.389+0000] {processor.py:840} INFO - DAG(s) 'example_branch_datetime_operator', 'example_branch_datetime_operator_3', 'example_branch_datetime_operator_2' retrieved from /home/airflow/.local/lib/python3.12/site-packages/airflow/example_dags/example_branch_datetime_operator.py
[2024-07-04T18:05:32.414+0000] {logging_mixin.py:188} INFO - [2024-07-04T18:05:32.413+0000] {dag.py:3096} INFO - Sync 3 DAGs
[2024-07-04T18:05:32.436+0000] {logging_mixin.py:188} INFO - [2024-07-04T18:05:32.436+0000] {dag.py:3954} INFO - Setting next_dagrun for example_branch_datetime_operator to 2024-07-03 00:00:00+00:00, run_after=2024-07-04 00:00:00+00:00
[2024-07-04T18:05:32.441+0000] {logging_mixin.py:188} INFO - [2024-07-04T18:05:32.441+0000] {dag.py:3954} INFO - Setting next_dagrun for example_branch_datetime_operator_2 to 2024-07-03 00:00:00+00:00, run_after=2024-07-04 00:00:00+00:00
[2024-07-04T18:05:32.443+0000] {logging_mixin.py:188} INFO - [2024-07-04T18:05:32.443+0000] {dag.py:3954} INFO - Setting next_dagrun for example_branch_datetime_operator_3 to 2024-07-03 00:00:00+00:00, run_after=2024-07-04 00:00:00+00:00
[2024-07-04T18:05:32.460+0000] {processor.py:183} INFO - Processing /home/airflow/.local/lib/python3.12/site-packages/airflow/example_dags/example_branch_datetime_operator.py took 0.090 seconds
[2024-07-04T18:06:02.808+0000] {processor.py:161} INFO - Started process (PID=316) to work on /home/airflow/.local/lib/python3.12/site-packages/airflow/example_dags/example_branch_datetime_operator.py
[2024-07-04T18:06:02.808+0000] {processor.py:830} INFO - Processing file /home/airflow/.local/lib/python3.12/site-packages/airflow/example_dags/example_branch_datetime_operator.py for tasks to queue
[2024-07-04T18:06:02.810+0000] {logging_mixin.py:188} INFO - [2024-07-04T18:06:02.809+0000] {dagbag.py:545} INFO - Filling up the DagBag from /home/airflow/.local/lib/python3.12/site-packages/airflow/example_dags/example_branch_datetime_operator.py
[2024-07-04T18:06:02.820+0000] {processor.py:840} INFO - DAG(s) 'example_branch_datetime_operator', 'example_branch_datetime_operator_3', 'example_branch_datetime_operator_2' retrieved from /home/airflow/.local/lib/python3.12/site-packages/airflow/example_dags/example_branch_datetime_operator.py
[2024-07-04T18:06:02.846+0000] {logging_mixin.py:188} INFO - [2024-07-04T18:06:02.846+0000] {dag.py:3096} INFO - Sync 3 DAGs
[2024-07-04T18:06:02.874+0000] {logging_mixin.py:188} INFO - [2024-07-04T18:06:02.873+0000] {dag.py:3954} INFO - Setting next_dagrun for example_branch_datetime_operator to 2024-07-03 00:00:00+00:00, run_after=2024-07-04 00:00:00+00:00
[2024-07-04T18:06:02.880+0000] {logging_mixin.py:188} INFO - [2024-07-04T18:06:02.879+0000] {dag.py:3954} INFO - Setting next_dagrun for example_branch_datetime_operator_2 to 2024-07-03 00:00:00+00:00, run_after=2024-07-04 00:00:00+00:00
[2024-07-04T18:06:02.883+0000] {logging_mixin.py:188} INFO - [2024-07-04T18:06:02.882+0000] {dag.py:3954} INFO - Setting next_dagrun for example_branch_datetime_operator_3 to 2024-07-03 00:00:00+00:00, run_after=2024-07-04 00:00:00+00:00
[2024-07-04T18:06:02.904+0000] {processor.py:183} INFO - Processing /home/airflow/.local/lib/python3.12/site-packages/airflow/example_dags/example_branch_datetime_operator.py took 0.101 seconds
[2024-07-04T18:06:33.223+0000] {processor.py:161} INFO - Started process (PID=374) to work on /home/airflow/.local/lib/python3.12/site-packages/airflow/example_dags/example_branch_datetime_operator.py
[2024-07-04T18:06:33.223+0000] {processor.py:830} INFO - Processing file /home/airflow/.local/lib/python3.12/site-packages/airflow/example_dags/example_branch_datetime_operator.py for tasks to queue
[2024-07-04T18:06:33.225+0000] {logging_mixin.py:188} INFO - [2024-07-04T18:06:33.225+0000] {dagbag.py:545} INFO - Filling up the DagBag from /home/airflow/.local/lib/python3.12/site-packages/airflow/example_dags/example_branch_datetime_operator.py
[2024-07-04T18:06:33.236+0000] {processor.py:840} INFO - DAG(s) 'example_branch_datetime_operator_2', 'example_branch_datetime_operator', 'example_branch_datetime_operator_3' retrieved from /home/airflow/.local/lib/python3.12/site-packages/airflow/example_dags/example_branch_datetime_operator.py
[2024-07-04T18:06:33.271+0000] {logging_mixin.py:188} INFO - [2024-07-04T18:06:33.270+0000] {dag.py:3096} INFO - Sync 3 DAGs
[2024-07-04T18:06:33.301+0000] {logging_mixin.py:188} INFO - [2024-07-04T18:06:33.301+0000] {dag.py:3954} INFO - Setting next_dagrun for example_branch_datetime_operator to 2024-07-03 00:00:00+00:00, run_after=2024-07-04 00:00:00+00:00
[2024-07-04T18:06:33.307+0000] {logging_mixin.py:188} INFO - [2024-07-04T18:06:33.306+0000] {dag.py:3954} INFO - Setting next_dagrun for example_branch_datetime_operator_2 to 2024-07-03 00:00:00+00:00, run_after=2024-07-04 00:00:00+00:00
[2024-07-04T18:06:33.310+0000] {logging_mixin.py:188} INFO - [2024-07-04T18:06:33.309+0000] {dag.py:3954} INFO - Setting next_dagrun for example_branch_datetime_operator_3 to 2024-07-03 00:00:00+00:00, run_after=2024-07-04 00:00:00+00:00
[2024-07-04T18:06:33.328+0000] {processor.py:183} INFO - Processing /home/airflow/.local/lib/python3.12/site-packages/airflow/example_dags/example_branch_datetime_operator.py took 0.111 seconds
[2024-07-04T18:07:03.578+0000] {processor.py:161} INFO - Started process (PID=433) to work on /home/airflow/.local/lib/python3.12/site-packages/airflow/example_dags/example_branch_datetime_operator.py
[2024-07-04T18:07:03.578+0000] {processor.py:830} INFO - Processing file /home/airflow/.local/lib/python3.12/site-packages/airflow/example_dags/example_branch_datetime_operator.py for tasks to queue
[2024-07-04T18:07:03.580+0000] {logging_mixin.py:188} INFO - [2024-07-04T18:07:03.579+0000] {dagbag.py:545} INFO - Filling up the DagBag from /home/airflow/.local/lib/python3.12/site-packages/airflow/example_dags/example_branch_datetime_operator.py
[2024-07-04T18:07:03.589+0000] {processor.py:840} INFO - DAG(s) 'example_branch_datetime_operator_3', 'example_branch_datetime_operator_2', 'example_branch_datetime_operator' retrieved from /home/airflow/.local/lib/python3.12/site-packages/airflow/example_dags/example_branch_datetime_operator.py
[2024-07-04T18:07:03.612+0000] {logging_mixin.py:188} INFO - [2024-07-04T18:07:03.612+0000] {dag.py:3096} INFO - Sync 3 DAGs
[2024-07-04T18:07:03.636+0000] {logging_mixin.py:188} INFO - [2024-07-04T18:07:03.635+0000] {dag.py:3954} INFO - Setting next_dagrun for example_branch_datetime_operator to 2024-07-03 00:00:00+00:00, run_after=2024-07-04 00:00:00+00:00
[2024-07-04T18:07:03.641+0000] {logging_mixin.py:188} INFO - [2024-07-04T18:07:03.641+0000] {dag.py:3954} INFO - Setting next_dagrun for example_branch_datetime_operator_2 to 2024-07-03 00:00:00+00:00, run_after=2024-07-04 00:00:00+00:00
[2024-07-04T18:07:03.644+0000] {logging_mixin.py:188} INFO - [2024-07-04T18:07:03.644+0000] {dag.py:3954} INFO - Setting next_dagrun for example_branch_datetime_operator_3 to 2024-07-03 00:00:00+00:00, run_after=2024-07-04 00:00:00+00:00
[2024-07-04T18:07:03.662+0000] {processor.py:183} INFO - Processing /home/airflow/.local/lib/python3.12/site-packages/airflow/example_dags/example_branch_datetime_operator.py took 0.089 seconds
[2024-07-04T18:07:33.983+0000] {processor.py:161} INFO - Started process (PID=490) to work on /home/airflow/.local/lib/python3.12/site-packages/airflow/example_dags/example_branch_datetime_operator.py
[2024-07-04T18:07:33.983+0000] {processor.py:830} INFO - Processing file /home/airflow/.local/lib/python3.12/site-packages/airflow/example_dags/example_branch_datetime_operator.py for tasks to queue
[2024-07-04T18:07:33.985+0000] {logging_mixin.py:188} INFO - [2024-07-04T18:07:33.984+0000] {dagbag.py:545} INFO - Filling up the DagBag from /home/airflow/.local/lib/python3.12/site-packages/airflow/example_dags/example_branch_datetime_operator.py
[2024-07-04T18:07:33.994+0000] {processor.py:840} INFO - DAG(s) 'example_branch_datetime_operator', 'example_branch_datetime_operator_2', 'example_branch_datetime_operator_3' retrieved from /home/airflow/.local/lib/python3.12/site-packages/airflow/example_dags/example_branch_datetime_operator.py
[2024-07-04T18:07:34.019+0000] {logging_mixin.py:188} INFO - [2024-07-04T18:07:34.019+0000] {dag.py:3096} INFO - Sync 3 DAGs
[2024-07-04T18:07:34.042+0000] {logging_mixin.py:188} INFO - [2024-07-04T18:07:34.042+0000] {dag.py:3954} INFO - Setting next_dagrun for example_branch_datetime_operator to 2024-07-03 00:00:00+00:00, run_after=2024-07-04 00:00:00+00:00
[2024-07-04T18:07:34.048+0000] {logging_mixin.py:188} INFO - [2024-07-04T18:07:34.047+0000] {dag.py:3954} INFO - Setting next_dagrun for example_branch_datetime_operator_2 to 2024-07-03 00:00:00+00:00, run_after=2024-07-04 00:00:00+00:00
[2024-07-04T18:07:34.050+0000] {logging_mixin.py:188} INFO - [2024-07-04T18:07:34.050+0000] {dag.py:3954} INFO - Setting next_dagrun for example_branch_datetime_operator_3 to 2024-07-03 00:00:00+00:00, run_after=2024-07-04 00:00:00+00:00
[2024-07-04T18:07:34.070+0000] {processor.py:183} INFO - Processing /home/airflow/.local/lib/python3.12/site-packages/airflow/example_dags/example_branch_datetime_operator.py took 0.092 seconds
[2024-07-04T18:08:04.415+0000] {processor.py:161} INFO - Started process (PID=548) to work on /home/airflow/.local/lib/python3.12/site-packages/airflow/example_dags/example_branch_datetime_operator.py
[2024-07-04T18:08:04.416+0000] {processor.py:830} INFO - Processing file /home/airflow/.local/lib/python3.12/site-packages/airflow/example_dags/example_branch_datetime_operator.py for tasks to queue
[2024-07-04T18:08:04.418+0000] {logging_mixin.py:188} INFO - [2024-07-04T18:08:04.417+0000] {dagbag.py:545} INFO - Filling up the DagBag from /home/airflow/.local/lib/python3.12/site-packages/airflow/example_dags/example_branch_datetime_operator.py
[2024-07-04T18:08:04.428+0000] {processor.py:840} INFO - DAG(s) 'example_branch_datetime_operator_2', 'example_branch_datetime_operator_3', 'example_branch_datetime_operator' retrieved from /home/airflow/.local/lib/python3.12/site-packages/airflow/example_dags/example_branch_datetime_operator.py
[2024-07-04T18:08:04.455+0000] {logging_mixin.py:188} INFO - [2024-07-04T18:08:04.455+0000] {dag.py:3096} INFO - Sync 3 DAGs
[2024-07-04T18:08:04.482+0000] {logging_mixin.py:188} INFO - [2024-07-04T18:08:04.481+0000] {dag.py:3954} INFO - Setting next_dagrun for example_branch_datetime_operator to 2024-07-03 00:00:00+00:00, run_after=2024-07-04 00:00:00+00:00
[2024-07-04T18:08:04.490+0000] {logging_mixin.py:188} INFO - [2024-07-04T18:08:04.489+0000] {dag.py:3954} INFO - Setting next_dagrun for example_branch_datetime_operator_2 to 2024-07-03 00:00:00+00:00, run_after=2024-07-04 00:00:00+00:00
[2024-07-04T18:08:04.494+0000] {logging_mixin.py:188} INFO - [2024-07-04T18:08:04.493+0000] {dag.py:3954} INFO - Setting next_dagrun for example_branch_datetime_operator_3 to 2024-07-03 00:00:00+00:00, run_after=2024-07-04 00:00:00+00:00
[2024-07-04T18:08:04.519+0000] {processor.py:183} INFO - Processing /home/airflow/.local/lib/python3.12/site-packages/airflow/example_dags/example_branch_datetime_operator.py took 0.108 seconds
[2024-07-04T18:08:35.031+0000] {processor.py:161} INFO - Started process (PID=606) to work on /home/airflow/.local/lib/python3.12/site-packages/airflow/example_dags/example_branch_datetime_operator.py
[2024-07-04T18:08:35.031+0000] {processor.py:830} INFO - Processing file /home/airflow/.local/lib/python3.12/site-packages/airflow/example_dags/example_branch_datetime_operator.py for tasks to queue
[2024-07-04T18:08:35.033+0000] {logging_mixin.py:188} INFO - [2024-07-04T18:08:35.032+0000] {dagbag.py:545} INFO - Filling up the DagBag from /home/airflow/.local/lib/python3.12/site-packages/airflow/example_dags/example_branch_datetime_operator.py
[2024-07-04T18:08:35.042+0000] {processor.py:840} INFO - DAG(s) 'example_branch_datetime_operator_3', 'example_branch_datetime_operator', 'example_branch_datetime_operator_2' retrieved from /home/airflow/.local/lib/python3.12/site-packages/airflow/example_dags/example_branch_datetime_operator.py
[2024-07-04T18:08:35.067+0000] {logging_mixin.py:188} INFO - [2024-07-04T18:08:35.066+0000] {dag.py:3096} INFO - Sync 3 DAGs
[2024-07-04T18:08:35.092+0000] {logging_mixin.py:188} INFO - [2024-07-04T18:08:35.092+0000] {dag.py:3954} INFO - Setting next_dagrun for example_branch_datetime_operator to 2024-07-03 00:00:00+00:00, run_after=2024-07-04 00:00:00+00:00
[2024-07-04T18:08:35.098+0000] {logging_mixin.py:188} INFO - [2024-07-04T18:08:35.098+0000] {dag.py:3954} INFO - Setting next_dagrun for example_branch_datetime_operator_2 to 2024-07-03 00:00:00+00:00, run_after=2024-07-04 00:00:00+00:00
[2024-07-04T18:08:35.101+0000] {logging_mixin.py:188} INFO - [2024-07-04T18:08:35.101+0000] {dag.py:3954} INFO - Setting next_dagrun for example_branch_datetime_operator_3 to 2024-07-03 00:00:00+00:00, run_after=2024-07-04 00:00:00+00:00
[2024-07-04T18:08:35.119+0000] {processor.py:183} INFO - Processing /home/airflow/.local/lib/python3.12/site-packages/airflow/example_dags/example_branch_datetime_operator.py took 0.093 seconds
[2024-07-04T18:09:05.736+0000] {processor.py:161} INFO - Started process (PID=663) to work on /home/airflow/.local/lib/python3.12/site-packages/airflow/example_dags/example_branch_datetime_operator.py
[2024-07-04T18:09:05.736+0000] {processor.py:830} INFO - Processing file /home/airflow/.local/lib/python3.12/site-packages/airflow/example_dags/example_branch_datetime_operator.py for tasks to queue
[2024-07-04T18:09:05.738+0000] {logging_mixin.py:188} INFO - [2024-07-04T18:09:05.737+0000] {dagbag.py:545} INFO - Filling up the DagBag from /home/airflow/.local/lib/python3.12/site-packages/airflow/example_dags/example_branch_datetime_operator.py
[2024-07-04T18:09:05.747+0000] {processor.py:840} INFO - DAG(s) 'example_branch_datetime_operator', 'example_branch_datetime_operator_3', 'example_branch_datetime_operator_2' retrieved from /home/airflow/.local/lib/python3.12/site-packages/airflow/example_dags/example_branch_datetime_operator.py
[2024-07-04T18:09:05.778+0000] {logging_mixin.py:188} INFO - [2024-07-04T18:09:05.778+0000] {dag.py:3096} INFO - Sync 3 DAGs
[2024-07-04T18:09:05.804+0000] {logging_mixin.py:188} INFO - [2024-07-04T18:09:05.804+0000] {dag.py:3954} INFO - Setting next_dagrun for example_branch_datetime_operator to 2024-07-03 00:00:00+00:00, run_after=2024-07-04 00:00:00+00:00
[2024-07-04T18:09:05.809+0000] {logging_mixin.py:188} INFO - [2024-07-04T18:09:05.809+0000] {dag.py:3954} INFO - Setting next_dagrun for example_branch_datetime_operator_2 to 2024-07-03 00:00:00+00:00, run_after=2024-07-04 00:00:00+00:00
[2024-07-04T18:09:05.812+0000] {logging_mixin.py:188} INFO - [2024-07-04T18:09:05.812+0000] {dag.py:3954} INFO - Setting next_dagrun for example_branch_datetime_operator_3 to 2024-07-03 00:00:00+00:00, run_after=2024-07-04 00:00:00+00:00
[2024-07-04T18:09:05.834+0000] {processor.py:183} INFO - Processing /home/airflow/.local/lib/python3.12/site-packages/airflow/example_dags/example_branch_datetime_operator.py took 0.103 seconds
[2024-07-04T18:09:36.160+0000] {processor.py:161} INFO - Started process (PID=721) to work on /home/airflow/.local/lib/python3.12/site-packages/airflow/example_dags/example_branch_datetime_operator.py
[2024-07-04T18:09:36.160+0000] {processor.py:830} INFO - Processing file /home/airflow/.local/lib/python3.12/site-packages/airflow/example_dags/example_branch_datetime_operator.py for tasks to queue
[2024-07-04T18:09:36.162+0000] {logging_mixin.py:188} INFO - [2024-07-04T18:09:36.161+0000] {dagbag.py:545} INFO - Filling up the DagBag from /home/airflow/.local/lib/python3.12/site-packages/airflow/example_dags/example_branch_datetime_operator.py
[2024-07-04T18:09:36.172+0000] {processor.py:840} INFO - DAG(s) 'example_branch_datetime_operator_2', 'example_branch_datetime_operator', 'example_branch_datetime_operator_3' retrieved from /home/airflow/.local/lib/python3.12/site-packages/airflow/example_dags/example_branch_datetime_operator.py
[2024-07-04T18:09:36.205+0000] {logging_mixin.py:188} INFO - [2024-07-04T18:09:36.204+0000] {dag.py:3096} INFO - Sync 3 DAGs
[2024-07-04T18:09:36.226+0000] {logging_mixin.py:188} INFO - [2024-07-04T18:09:36.226+0000] {dag.py:3954} INFO - Setting next_dagrun for example_branch_datetime_operator to 2024-07-03 00:00:00+00:00, run_after=2024-07-04 00:00:00+00:00
[2024-07-04T18:09:36.232+0000] {logging_mixin.py:188} INFO - [2024-07-04T18:09:36.232+0000] {dag.py:3954} INFO - Setting next_dagrun for example_branch_datetime_operator_2 to 2024-07-03 00:00:00+00:00, run_after=2024-07-04 00:00:00+00:00
[2024-07-04T18:09:36.235+0000] {logging_mixin.py:188} INFO - [2024-07-04T18:09:36.235+0000] {dag.py:3954} INFO - Setting next_dagrun for example_branch_datetime_operator_3 to 2024-07-03 00:00:00+00:00, run_after=2024-07-04 00:00:00+00:00
[2024-07-04T18:09:36.252+0000] {processor.py:183} INFO - Processing /home/airflow/.local/lib/python3.12/site-packages/airflow/example_dags/example_branch_datetime_operator.py took 0.098 seconds
[2024-07-04T18:10:06.311+0000] {processor.py:161} INFO - Started process (PID=779) to work on /home/airflow/.local/lib/python3.12/site-packages/airflow/example_dags/example_branch_datetime_operator.py
[2024-07-04T18:10:06.312+0000] {processor.py:830} INFO - Processing file /home/airflow/.local/lib/python3.12/site-packages/airflow/example_dags/example_branch_datetime_operator.py for tasks to queue
[2024-07-04T18:10:06.314+0000] {logging_mixin.py:188} INFO - [2024-07-04T18:10:06.313+0000] {dagbag.py:545} INFO - Filling up the DagBag from /home/airflow/.local/lib/python3.12/site-packages/airflow/example_dags/example_branch_datetime_operator.py
[2024-07-04T18:10:06.324+0000] {processor.py:840} INFO - DAG(s) 'example_branch_datetime_operator_2', 'example_branch_datetime_operator_3', 'example_branch_datetime_operator' retrieved from /home/airflow/.local/lib/python3.12/site-packages/airflow/example_dags/example_branch_datetime_operator.py
[2024-07-04T18:10:06.362+0000] {logging_mixin.py:188} INFO - [2024-07-04T18:10:06.361+0000] {dag.py:3096} INFO - Sync 3 DAGs
[2024-07-04T18:10:06.390+0000] {logging_mixin.py:188} INFO - [2024-07-04T18:10:06.390+0000] {dag.py:3954} INFO - Setting next_dagrun for example_branch_datetime_operator to 2024-07-03 00:00:00+00:00, run_after=2024-07-04 00:00:00+00:00
[2024-07-04T18:10:06.397+0000] {logging_mixin.py:188} INFO - [2024-07-04T18:10:06.396+0000] {dag.py:3954} INFO - Setting next_dagrun for example_branch_datetime_operator_2 to 2024-07-03 00:00:00+00:00, run_after=2024-07-04 00:00:00+00:00
[2024-07-04T18:10:06.400+0000] {logging_mixin.py:188} INFO - [2024-07-04T18:10:06.400+0000] {dag.py:3954} INFO - Setting next_dagrun for example_branch_datetime_operator_3 to 2024-07-03 00:00:00+00:00, run_after=2024-07-04 00:00:00+00:00
[2024-07-04T18:10:06.423+0000] {processor.py:183} INFO - Processing /home/airflow/.local/lib/python3.12/site-packages/airflow/example_dags/example_branch_datetime_operator.py took 0.117 seconds
