[2024-07-04T17:38:52.703+0000] {processor.py:161} INFO - Started process (PID=100) to work on /home/airflow/.local/lib/python3.12/site-packages/airflow/example_dags/example_external_task_marker_dag.py
[2024-07-04T17:38:52.704+0000] {processor.py:830} INFO - Processing file /home/airflow/.local/lib/python3.12/site-packages/airflow/example_dags/example_external_task_marker_dag.py for tasks to queue
[2024-07-04T17:38:52.705+0000] {logging_mixin.py:188} INFO - [2024-07-04T17:38:52.705+0000] {dagbag.py:545} INFO - Filling up the DagBag from /home/airflow/.local/lib/python3.12/site-packages/airflow/example_dags/example_external_task_marker_dag.py
[2024-07-04T17:38:52.713+0000] {processor.py:840} INFO - DAG(s) 'example_external_task_marker_child', 'example_external_task_marker_parent' retrieved from /home/airflow/.local/lib/python3.12/site-packages/airflow/example_dags/example_external_task_marker_dag.py
[2024-07-04T17:38:52.839+0000] {logging_mixin.py:188} INFO - [2024-07-04T17:38:52.838+0000] {override.py:1829} INFO - Created Permission View: can read on DAG:example_external_task_marker_child
[2024-07-04T17:38:52.852+0000] {logging_mixin.py:188} INFO - [2024-07-04T17:38:52.852+0000] {override.py:1829} INFO - Created Permission View: can edit on DAG:example_external_task_marker_child
[2024-07-04T17:38:52.861+0000] {logging_mixin.py:188} INFO - [2024-07-04T17:38:52.861+0000] {override.py:1829} INFO - Created Permission View: can delete on DAG:example_external_task_marker_child
[2024-07-04T17:38:52.879+0000] {logging_mixin.py:188} INFO - [2024-07-04T17:38:52.878+0000] {override.py:1829} INFO - Created Permission View: can read on DAG:example_external_task_marker_parent
[2024-07-04T17:38:52.887+0000] {logging_mixin.py:188} INFO - [2024-07-04T17:38:52.887+0000] {override.py:1829} INFO - Created Permission View: can edit on DAG:example_external_task_marker_parent
[2024-07-04T17:38:52.896+0000] {logging_mixin.py:188} INFO - [2024-07-04T17:38:52.896+0000] {override.py:1829} INFO - Created Permission View: can delete on DAG:example_external_task_marker_parent
[2024-07-04T17:38:52.896+0000] {logging_mixin.py:188} INFO - [2024-07-04T17:38:52.896+0000] {dag.py:3096} INFO - Sync 2 DAGs
[2024-07-04T17:38:52.909+0000] {logging_mixin.py:188} INFO - [2024-07-04T17:38:52.909+0000] {dag.py:3118} INFO - Creating ORM DAG for example_external_task_marker_parent
[2024-07-04T17:38:52.910+0000] {logging_mixin.py:188} INFO - [2024-07-04T17:38:52.910+0000] {dag.py:3118} INFO - Creating ORM DAG for example_external_task_marker_child
[2024-07-04T17:38:52.911+0000] {logging_mixin.py:188} INFO - [2024-07-04T17:38:52.911+0000] {dag.py:3954} INFO - Setting next_dagrun for example_external_task_marker_child to None, run_after=None
[2024-07-04T17:38:52.911+0000] {logging_mixin.py:188} INFO - [2024-07-04T17:38:52.911+0000] {dag.py:3954} INFO - Setting next_dagrun for example_external_task_marker_parent to None, run_after=None
[2024-07-04T17:38:52.934+0000] {processor.py:183} INFO - Processing /home/airflow/.local/lib/python3.12/site-packages/airflow/example_dags/example_external_task_marker_dag.py took 0.237 seconds
[2024-07-04T17:39:23.317+0000] {processor.py:161} INFO - Started process (PID=158) to work on /home/airflow/.local/lib/python3.12/site-packages/airflow/example_dags/example_external_task_marker_dag.py
[2024-07-04T17:39:23.318+0000] {processor.py:830} INFO - Processing file /home/airflow/.local/lib/python3.12/site-packages/airflow/example_dags/example_external_task_marker_dag.py for tasks to queue
[2024-07-04T17:39:23.319+0000] {logging_mixin.py:188} INFO - [2024-07-04T17:39:23.319+0000] {dagbag.py:545} INFO - Filling up the DagBag from /home/airflow/.local/lib/python3.12/site-packages/airflow/example_dags/example_external_task_marker_dag.py
[2024-07-04T17:39:23.325+0000] {processor.py:840} INFO - DAG(s) 'example_external_task_marker_child', 'example_external_task_marker_parent' retrieved from /home/airflow/.local/lib/python3.12/site-packages/airflow/example_dags/example_external_task_marker_dag.py
[2024-07-04T17:39:23.352+0000] {logging_mixin.py:188} INFO - [2024-07-04T17:39:23.351+0000] {dag.py:3096} INFO - Sync 2 DAGs
[2024-07-04T17:39:23.368+0000] {logging_mixin.py:188} INFO - [2024-07-04T17:39:23.368+0000] {dag.py:3954} INFO - Setting next_dagrun for example_external_task_marker_child to None, run_after=None
[2024-07-04T17:39:23.372+0000] {logging_mixin.py:188} INFO - [2024-07-04T17:39:23.372+0000] {dag.py:3954} INFO - Setting next_dagrun for example_external_task_marker_parent to None, run_after=None
[2024-07-04T17:39:23.393+0000] {processor.py:183} INFO - Processing /home/airflow/.local/lib/python3.12/site-packages/airflow/example_dags/example_external_task_marker_dag.py took 0.081 seconds
[2024-07-04T17:45:01.252+0000] {processor.py:161} INFO - Started process (PID=99) to work on /home/airflow/.local/lib/python3.12/site-packages/airflow/example_dags/example_external_task_marker_dag.py
[2024-07-04T17:45:01.258+0000] {processor.py:830} INFO - Processing file /home/airflow/.local/lib/python3.12/site-packages/airflow/example_dags/example_external_task_marker_dag.py for tasks to queue
[2024-07-04T17:45:01.262+0000] {logging_mixin.py:188} INFO - [2024-07-04T17:45:01.262+0000] {dagbag.py:545} INFO - Filling up the DagBag from /home/airflow/.local/lib/python3.12/site-packages/airflow/example_dags/example_external_task_marker_dag.py
[2024-07-04T17:45:01.276+0000] {processor.py:840} INFO - DAG(s) 'example_external_task_marker_parent', 'example_external_task_marker_child' retrieved from /home/airflow/.local/lib/python3.12/site-packages/airflow/example_dags/example_external_task_marker_dag.py
[2024-07-04T17:45:01.536+0000] {logging_mixin.py:188} INFO - [2024-07-04T17:45:01.536+0000] {dag.py:3096} INFO - Sync 2 DAGs
[2024-07-04T17:45:01.558+0000] {logging_mixin.py:188} INFO - [2024-07-04T17:45:01.558+0000] {dag.py:3954} INFO - Setting next_dagrun for example_external_task_marker_child to None, run_after=None
[2024-07-04T17:45:01.563+0000] {logging_mixin.py:188} INFO - [2024-07-04T17:45:01.563+0000] {dag.py:3954} INFO - Setting next_dagrun for example_external_task_marker_parent to None, run_after=None
[2024-07-04T17:45:01.603+0000] {processor.py:183} INFO - Processing /home/airflow/.local/lib/python3.12/site-packages/airflow/example_dags/example_external_task_marker_dag.py took 0.361 seconds
[2024-07-04T17:45:32.533+0000] {processor.py:161} INFO - Started process (PID=157) to work on /home/airflow/.local/lib/python3.12/site-packages/airflow/example_dags/example_external_task_marker_dag.py
[2024-07-04T17:45:32.534+0000] {processor.py:830} INFO - Processing file /home/airflow/.local/lib/python3.12/site-packages/airflow/example_dags/example_external_task_marker_dag.py for tasks to queue
[2024-07-04T17:45:32.536+0000] {logging_mixin.py:188} INFO - [2024-07-04T17:45:32.535+0000] {dagbag.py:545} INFO - Filling up the DagBag from /home/airflow/.local/lib/python3.12/site-packages/airflow/example_dags/example_external_task_marker_dag.py
[2024-07-04T17:45:32.541+0000] {processor.py:840} INFO - DAG(s) 'example_external_task_marker_child', 'example_external_task_marker_parent' retrieved from /home/airflow/.local/lib/python3.12/site-packages/airflow/example_dags/example_external_task_marker_dag.py
[2024-07-04T17:45:32.563+0000] {logging_mixin.py:188} INFO - [2024-07-04T17:45:32.563+0000] {dag.py:3096} INFO - Sync 2 DAGs
[2024-07-04T17:45:32.578+0000] {logging_mixin.py:188} INFO - [2024-07-04T17:45:32.578+0000] {dag.py:3954} INFO - Setting next_dagrun for example_external_task_marker_child to None, run_after=None
[2024-07-04T17:45:32.582+0000] {logging_mixin.py:188} INFO - [2024-07-04T17:45:32.581+0000] {dag.py:3954} INFO - Setting next_dagrun for example_external_task_marker_parent to None, run_after=None
[2024-07-04T17:45:32.600+0000] {processor.py:183} INFO - Processing /home/airflow/.local/lib/python3.12/site-packages/airflow/example_dags/example_external_task_marker_dag.py took 0.072 seconds
[2024-07-04T17:46:02.677+0000] {processor.py:161} INFO - Started process (PID=215) to work on /home/airflow/.local/lib/python3.12/site-packages/airflow/example_dags/example_external_task_marker_dag.py
[2024-07-04T17:46:02.678+0000] {processor.py:830} INFO - Processing file /home/airflow/.local/lib/python3.12/site-packages/airflow/example_dags/example_external_task_marker_dag.py for tasks to queue
[2024-07-04T17:46:02.680+0000] {logging_mixin.py:188} INFO - [2024-07-04T17:46:02.680+0000] {dagbag.py:545} INFO - Filling up the DagBag from /home/airflow/.local/lib/python3.12/site-packages/airflow/example_dags/example_external_task_marker_dag.py
[2024-07-04T17:46:02.687+0000] {processor.py:840} INFO - DAG(s) 'example_external_task_marker_parent', 'example_external_task_marker_child' retrieved from /home/airflow/.local/lib/python3.12/site-packages/airflow/example_dags/example_external_task_marker_dag.py
[2024-07-04T17:46:02.712+0000] {logging_mixin.py:188} INFO - [2024-07-04T17:46:02.712+0000] {dag.py:3096} INFO - Sync 2 DAGs
[2024-07-04T17:46:02.727+0000] {logging_mixin.py:188} INFO - [2024-07-04T17:46:02.726+0000] {dag.py:3954} INFO - Setting next_dagrun for example_external_task_marker_child to None, run_after=None
[2024-07-04T17:46:02.731+0000] {logging_mixin.py:188} INFO - [2024-07-04T17:46:02.731+0000] {dag.py:3954} INFO - Setting next_dagrun for example_external_task_marker_parent to None, run_after=None
[2024-07-04T17:46:02.749+0000] {processor.py:183} INFO - Processing /home/airflow/.local/lib/python3.12/site-packages/airflow/example_dags/example_external_task_marker_dag.py took 0.081 seconds
[2024-07-04T17:46:32.849+0000] {processor.py:161} INFO - Started process (PID=273) to work on /home/airflow/.local/lib/python3.12/site-packages/airflow/example_dags/example_external_task_marker_dag.py
[2024-07-04T17:46:32.857+0000] {processor.py:830} INFO - Processing file /home/airflow/.local/lib/python3.12/site-packages/airflow/example_dags/example_external_task_marker_dag.py for tasks to queue
[2024-07-04T17:46:32.861+0000] {logging_mixin.py:188} INFO - [2024-07-04T17:46:32.860+0000] {dagbag.py:545} INFO - Filling up the DagBag from /home/airflow/.local/lib/python3.12/site-packages/airflow/example_dags/example_external_task_marker_dag.py
[2024-07-04T17:46:32.870+0000] {processor.py:840} INFO - DAG(s) 'example_external_task_marker_child', 'example_external_task_marker_parent' retrieved from /home/airflow/.local/lib/python3.12/site-packages/airflow/example_dags/example_external_task_marker_dag.py
[2024-07-04T17:46:32.895+0000] {logging_mixin.py:188} INFO - [2024-07-04T17:46:32.895+0000] {dag.py:3096} INFO - Sync 2 DAGs
[2024-07-04T17:46:32.907+0000] {logging_mixin.py:188} INFO - [2024-07-04T17:46:32.907+0000] {dag.py:3954} INFO - Setting next_dagrun for example_external_task_marker_child to None, run_after=None
[2024-07-04T17:46:32.910+0000] {logging_mixin.py:188} INFO - [2024-07-04T17:46:32.910+0000] {dag.py:3954} INFO - Setting next_dagrun for example_external_task_marker_parent to None, run_after=None
[2024-07-04T17:46:32.927+0000] {processor.py:183} INFO - Processing /home/airflow/.local/lib/python3.12/site-packages/airflow/example_dags/example_external_task_marker_dag.py took 0.090 seconds
[2024-07-04T18:04:03.485+0000] {processor.py:161} INFO - Started process (PID=99) to work on /home/airflow/.local/lib/python3.12/site-packages/airflow/example_dags/example_external_task_marker_dag.py
[2024-07-04T18:04:03.486+0000] {processor.py:830} INFO - Processing file /home/airflow/.local/lib/python3.12/site-packages/airflow/example_dags/example_external_task_marker_dag.py for tasks to queue
[2024-07-04T18:04:03.488+0000] {logging_mixin.py:188} INFO - [2024-07-04T18:04:03.487+0000] {dagbag.py:545} INFO - Filling up the DagBag from /home/airflow/.local/lib/python3.12/site-packages/airflow/example_dags/example_external_task_marker_dag.py
[2024-07-04T18:04:03.494+0000] {processor.py:840} INFO - DAG(s) 'example_external_task_marker_child', 'example_external_task_marker_parent' retrieved from /home/airflow/.local/lib/python3.12/site-packages/airflow/example_dags/example_external_task_marker_dag.py
[2024-07-04T18:04:03.659+0000] {logging_mixin.py:188} INFO - [2024-07-04T18:04:03.659+0000] {dag.py:3096} INFO - Sync 2 DAGs
[2024-07-04T18:04:03.673+0000] {logging_mixin.py:188} INFO - [2024-07-04T18:04:03.673+0000] {dag.py:3954} INFO - Setting next_dagrun for example_external_task_marker_child to None, run_after=None
[2024-07-04T18:04:03.677+0000] {logging_mixin.py:188} INFO - [2024-07-04T18:04:03.677+0000] {dag.py:3954} INFO - Setting next_dagrun for example_external_task_marker_parent to None, run_after=None
[2024-07-04T18:04:03.703+0000] {processor.py:183} INFO - Processing /home/airflow/.local/lib/python3.12/site-packages/airflow/example_dags/example_external_task_marker_dag.py took 0.224 seconds
[2024-07-04T18:04:34.072+0000] {processor.py:161} INFO - Started process (PID=156) to work on /home/airflow/.local/lib/python3.12/site-packages/airflow/example_dags/example_external_task_marker_dag.py
[2024-07-04T18:04:34.073+0000] {processor.py:830} INFO - Processing file /home/airflow/.local/lib/python3.12/site-packages/airflow/example_dags/example_external_task_marker_dag.py for tasks to queue
[2024-07-04T18:04:34.074+0000] {logging_mixin.py:188} INFO - [2024-07-04T18:04:34.074+0000] {dagbag.py:545} INFO - Filling up the DagBag from /home/airflow/.local/lib/python3.12/site-packages/airflow/example_dags/example_external_task_marker_dag.py
[2024-07-04T18:04:34.080+0000] {processor.py:840} INFO - DAG(s) 'example_external_task_marker_child', 'example_external_task_marker_parent' retrieved from /home/airflow/.local/lib/python3.12/site-packages/airflow/example_dags/example_external_task_marker_dag.py
[2024-07-04T18:04:34.106+0000] {logging_mixin.py:188} INFO - [2024-07-04T18:04:34.106+0000] {dag.py:3096} INFO - Sync 2 DAGs
[2024-07-04T18:04:34.126+0000] {logging_mixin.py:188} INFO - [2024-07-04T18:04:34.126+0000] {dag.py:3954} INFO - Setting next_dagrun for example_external_task_marker_child to None, run_after=None
[2024-07-04T18:04:34.132+0000] {logging_mixin.py:188} INFO - [2024-07-04T18:04:34.131+0000] {dag.py:3954} INFO - Setting next_dagrun for example_external_task_marker_parent to None, run_after=None
[2024-07-04T18:04:34.153+0000] {processor.py:183} INFO - Processing /home/airflow/.local/lib/python3.12/site-packages/airflow/example_dags/example_external_task_marker_dag.py took 0.085 seconds
[2024-07-04T18:05:04.855+0000] {processor.py:161} INFO - Started process (PID=214) to work on /home/airflow/.local/lib/python3.12/site-packages/airflow/example_dags/example_external_task_marker_dag.py
[2024-07-04T18:05:04.856+0000] {processor.py:830} INFO - Processing file /home/airflow/.local/lib/python3.12/site-packages/airflow/example_dags/example_external_task_marker_dag.py for tasks to queue
[2024-07-04T18:05:04.858+0000] {logging_mixin.py:188} INFO - [2024-07-04T18:05:04.857+0000] {dagbag.py:545} INFO - Filling up the DagBag from /home/airflow/.local/lib/python3.12/site-packages/airflow/example_dags/example_external_task_marker_dag.py
[2024-07-04T18:05:04.865+0000] {processor.py:840} INFO - DAG(s) 'example_external_task_marker_child', 'example_external_task_marker_parent' retrieved from /home/airflow/.local/lib/python3.12/site-packages/airflow/example_dags/example_external_task_marker_dag.py
[2024-07-04T18:05:04.886+0000] {logging_mixin.py:188} INFO - [2024-07-04T18:05:04.886+0000] {dag.py:3096} INFO - Sync 2 DAGs
[2024-07-04T18:05:04.898+0000] {logging_mixin.py:188} INFO - [2024-07-04T18:05:04.898+0000] {dag.py:3954} INFO - Setting next_dagrun for example_external_task_marker_child to None, run_after=None
[2024-07-04T18:05:04.902+0000] {logging_mixin.py:188} INFO - [2024-07-04T18:05:04.902+0000] {dag.py:3954} INFO - Setting next_dagrun for example_external_task_marker_parent to None, run_after=None
[2024-07-04T18:05:04.920+0000] {processor.py:183} INFO - Processing /home/airflow/.local/lib/python3.12/site-packages/airflow/example_dags/example_external_task_marker_dag.py took 0.071 seconds
[2024-07-04T18:05:35.176+0000] {processor.py:161} INFO - Started process (PID=273) to work on /home/airflow/.local/lib/python3.12/site-packages/airflow/example_dags/example_external_task_marker_dag.py
[2024-07-04T18:05:35.177+0000] {processor.py:830} INFO - Processing file /home/airflow/.local/lib/python3.12/site-packages/airflow/example_dags/example_external_task_marker_dag.py for tasks to queue
[2024-07-04T18:05:35.180+0000] {logging_mixin.py:188} INFO - [2024-07-04T18:05:35.179+0000] {dagbag.py:545} INFO - Filling up the DagBag from /home/airflow/.local/lib/python3.12/site-packages/airflow/example_dags/example_external_task_marker_dag.py
[2024-07-04T18:05:35.193+0000] {processor.py:840} INFO - DAG(s) 'example_external_task_marker_child', 'example_external_task_marker_parent' retrieved from /home/airflow/.local/lib/python3.12/site-packages/airflow/example_dags/example_external_task_marker_dag.py
[2024-07-04T18:05:35.227+0000] {logging_mixin.py:188} INFO - [2024-07-04T18:05:35.227+0000] {dag.py:3096} INFO - Sync 2 DAGs
[2024-07-04T18:05:35.246+0000] {logging_mixin.py:188} INFO - [2024-07-04T18:05:35.246+0000] {dag.py:3954} INFO - Setting next_dagrun for example_external_task_marker_child to None, run_after=None
[2024-07-04T18:05:35.252+0000] {logging_mixin.py:188} INFO - [2024-07-04T18:05:35.251+0000] {dag.py:3954} INFO - Setting next_dagrun for example_external_task_marker_parent to None, run_after=None
[2024-07-04T18:05:35.278+0000] {processor.py:183} INFO - Processing /home/airflow/.local/lib/python3.12/site-packages/airflow/example_dags/example_external_task_marker_dag.py took 0.111 seconds
[2024-07-04T18:06:05.706+0000] {processor.py:161} INFO - Started process (PID=332) to work on /home/airflow/.local/lib/python3.12/site-packages/airflow/example_dags/example_external_task_marker_dag.py
[2024-07-04T18:06:05.707+0000] {processor.py:830} INFO - Processing file /home/airflow/.local/lib/python3.12/site-packages/airflow/example_dags/example_external_task_marker_dag.py for tasks to queue
[2024-07-04T18:06:05.709+0000] {logging_mixin.py:188} INFO - [2024-07-04T18:06:05.708+0000] {dagbag.py:545} INFO - Filling up the DagBag from /home/airflow/.local/lib/python3.12/site-packages/airflow/example_dags/example_external_task_marker_dag.py
[2024-07-04T18:06:05.714+0000] {processor.py:840} INFO - DAG(s) 'example_external_task_marker_parent', 'example_external_task_marker_child' retrieved from /home/airflow/.local/lib/python3.12/site-packages/airflow/example_dags/example_external_task_marker_dag.py
[2024-07-04T18:06:05.735+0000] {logging_mixin.py:188} INFO - [2024-07-04T18:06:05.735+0000] {dag.py:3096} INFO - Sync 2 DAGs
[2024-07-04T18:06:05.747+0000] {logging_mixin.py:188} INFO - [2024-07-04T18:06:05.747+0000] {dag.py:3954} INFO - Setting next_dagrun for example_external_task_marker_child to None, run_after=None
[2024-07-04T18:06:05.751+0000] {logging_mixin.py:188} INFO - [2024-07-04T18:06:05.751+0000] {dag.py:3954} INFO - Setting next_dagrun for example_external_task_marker_parent to None, run_after=None
[2024-07-04T18:06:05.771+0000] {processor.py:183} INFO - Processing /home/airflow/.local/lib/python3.12/site-packages/airflow/example_dags/example_external_task_marker_dag.py took 0.069 seconds
[2024-07-04T18:06:36.003+0000] {processor.py:161} INFO - Started process (PID=390) to work on /home/airflow/.local/lib/python3.12/site-packages/airflow/example_dags/example_external_task_marker_dag.py
[2024-07-04T18:06:36.004+0000] {processor.py:830} INFO - Processing file /home/airflow/.local/lib/python3.12/site-packages/airflow/example_dags/example_external_task_marker_dag.py for tasks to queue
[2024-07-04T18:06:36.006+0000] {logging_mixin.py:188} INFO - [2024-07-04T18:06:36.005+0000] {dagbag.py:545} INFO - Filling up the DagBag from /home/airflow/.local/lib/python3.12/site-packages/airflow/example_dags/example_external_task_marker_dag.py
[2024-07-04T18:06:36.015+0000] {processor.py:840} INFO - DAG(s) 'example_external_task_marker_child', 'example_external_task_marker_parent' retrieved from /home/airflow/.local/lib/python3.12/site-packages/airflow/example_dags/example_external_task_marker_dag.py
[2024-07-04T18:06:36.045+0000] {logging_mixin.py:188} INFO - [2024-07-04T18:06:36.044+0000] {dag.py:3096} INFO - Sync 2 DAGs
[2024-07-04T18:06:36.062+0000] {logging_mixin.py:188} INFO - [2024-07-04T18:06:36.061+0000] {dag.py:3954} INFO - Setting next_dagrun for example_external_task_marker_child to None, run_after=None
[2024-07-04T18:06:36.068+0000] {logging_mixin.py:188} INFO - [2024-07-04T18:06:36.067+0000] {dag.py:3954} INFO - Setting next_dagrun for example_external_task_marker_parent to None, run_after=None
[2024-07-04T18:06:36.089+0000] {processor.py:183} INFO - Processing /home/airflow/.local/lib/python3.12/site-packages/airflow/example_dags/example_external_task_marker_dag.py took 0.093 seconds
[2024-07-04T18:07:06.454+0000] {processor.py:161} INFO - Started process (PID=449) to work on /home/airflow/.local/lib/python3.12/site-packages/airflow/example_dags/example_external_task_marker_dag.py
[2024-07-04T18:07:06.454+0000] {processor.py:830} INFO - Processing file /home/airflow/.local/lib/python3.12/site-packages/airflow/example_dags/example_external_task_marker_dag.py for tasks to queue
[2024-07-04T18:07:06.456+0000] {logging_mixin.py:188} INFO - [2024-07-04T18:07:06.456+0000] {dagbag.py:545} INFO - Filling up the DagBag from /home/airflow/.local/lib/python3.12/site-packages/airflow/example_dags/example_external_task_marker_dag.py
[2024-07-04T18:07:06.461+0000] {processor.py:840} INFO - DAG(s) 'example_external_task_marker_parent', 'example_external_task_marker_child' retrieved from /home/airflow/.local/lib/python3.12/site-packages/airflow/example_dags/example_external_task_marker_dag.py
[2024-07-04T18:07:06.483+0000] {logging_mixin.py:188} INFO - [2024-07-04T18:07:06.483+0000] {dag.py:3096} INFO - Sync 2 DAGs
[2024-07-04T18:07:06.497+0000] {logging_mixin.py:188} INFO - [2024-07-04T18:07:06.497+0000] {dag.py:3954} INFO - Setting next_dagrun for example_external_task_marker_child to None, run_after=None
[2024-07-04T18:07:06.502+0000] {logging_mixin.py:188} INFO - [2024-07-04T18:07:06.501+0000] {dag.py:3954} INFO - Setting next_dagrun for example_external_task_marker_parent to None, run_after=None
[2024-07-04T18:07:06.520+0000] {processor.py:183} INFO - Processing /home/airflow/.local/lib/python3.12/site-packages/airflow/example_dags/example_external_task_marker_dag.py took 0.072 seconds
[2024-07-04T18:07:36.856+0000] {processor.py:161} INFO - Started process (PID=506) to work on /home/airflow/.local/lib/python3.12/site-packages/airflow/example_dags/example_external_task_marker_dag.py
[2024-07-04T18:07:36.857+0000] {processor.py:830} INFO - Processing file /home/airflow/.local/lib/python3.12/site-packages/airflow/example_dags/example_external_task_marker_dag.py for tasks to queue
[2024-07-04T18:07:36.859+0000] {logging_mixin.py:188} INFO - [2024-07-04T18:07:36.859+0000] {dagbag.py:545} INFO - Filling up the DagBag from /home/airflow/.local/lib/python3.12/site-packages/airflow/example_dags/example_external_task_marker_dag.py
[2024-07-04T18:07:36.866+0000] {processor.py:840} INFO - DAG(s) 'example_external_task_marker_child', 'example_external_task_marker_parent' retrieved from /home/airflow/.local/lib/python3.12/site-packages/airflow/example_dags/example_external_task_marker_dag.py
[2024-07-04T18:07:36.894+0000] {logging_mixin.py:188} INFO - [2024-07-04T18:07:36.893+0000] {dag.py:3096} INFO - Sync 2 DAGs
[2024-07-04T18:07:36.914+0000] {logging_mixin.py:188} INFO - [2024-07-04T18:07:36.914+0000] {dag.py:3954} INFO - Setting next_dagrun for example_external_task_marker_child to None, run_after=None
[2024-07-04T18:07:36.920+0000] {logging_mixin.py:188} INFO - [2024-07-04T18:07:36.920+0000] {dag.py:3954} INFO - Setting next_dagrun for example_external_task_marker_parent to None, run_after=None
[2024-07-04T18:07:36.953+0000] {processor.py:183} INFO - Processing /home/airflow/.local/lib/python3.12/site-packages/airflow/example_dags/example_external_task_marker_dag.py took 0.105 seconds
[2024-07-04T18:08:07.199+0000] {processor.py:161} INFO - Started process (PID=564) to work on /home/airflow/.local/lib/python3.12/site-packages/airflow/example_dags/example_external_task_marker_dag.py
[2024-07-04T18:08:07.200+0000] {processor.py:830} INFO - Processing file /home/airflow/.local/lib/python3.12/site-packages/airflow/example_dags/example_external_task_marker_dag.py for tasks to queue
[2024-07-04T18:08:07.202+0000] {logging_mixin.py:188} INFO - [2024-07-04T18:08:07.201+0000] {dagbag.py:545} INFO - Filling up the DagBag from /home/airflow/.local/lib/python3.12/site-packages/airflow/example_dags/example_external_task_marker_dag.py
[2024-07-04T18:08:07.209+0000] {processor.py:840} INFO - DAG(s) 'example_external_task_marker_parent', 'example_external_task_marker_child' retrieved from /home/airflow/.local/lib/python3.12/site-packages/airflow/example_dags/example_external_task_marker_dag.py
[2024-07-04T18:08:07.231+0000] {logging_mixin.py:188} INFO - [2024-07-04T18:08:07.231+0000] {dag.py:3096} INFO - Sync 2 DAGs
[2024-07-04T18:08:07.244+0000] {logging_mixin.py:188} INFO - [2024-07-04T18:08:07.243+0000] {dag.py:3954} INFO - Setting next_dagrun for example_external_task_marker_child to None, run_after=None
[2024-07-04T18:08:07.247+0000] {logging_mixin.py:188} INFO - [2024-07-04T18:08:07.247+0000] {dag.py:3954} INFO - Setting next_dagrun for example_external_task_marker_parent to None, run_after=None
[2024-07-04T18:08:07.266+0000] {processor.py:183} INFO - Processing /home/airflow/.local/lib/python3.12/site-packages/airflow/example_dags/example_external_task_marker_dag.py took 0.072 seconds
[2024-07-04T18:08:37.887+0000] {processor.py:161} INFO - Started process (PID=622) to work on /home/airflow/.local/lib/python3.12/site-packages/airflow/example_dags/example_external_task_marker_dag.py
[2024-07-04T18:08:37.888+0000] {processor.py:830} INFO - Processing file /home/airflow/.local/lib/python3.12/site-packages/airflow/example_dags/example_external_task_marker_dag.py for tasks to queue
[2024-07-04T18:08:37.889+0000] {logging_mixin.py:188} INFO - [2024-07-04T18:08:37.889+0000] {dagbag.py:545} INFO - Filling up the DagBag from /home/airflow/.local/lib/python3.12/site-packages/airflow/example_dags/example_external_task_marker_dag.py
[2024-07-04T18:08:37.895+0000] {processor.py:840} INFO - DAG(s) 'example_external_task_marker_child', 'example_external_task_marker_parent' retrieved from /home/airflow/.local/lib/python3.12/site-packages/airflow/example_dags/example_external_task_marker_dag.py
[2024-07-04T18:08:37.915+0000] {logging_mixin.py:188} INFO - [2024-07-04T18:08:37.915+0000] {dag.py:3096} INFO - Sync 2 DAGs
[2024-07-04T18:08:37.927+0000] {logging_mixin.py:188} INFO - [2024-07-04T18:08:37.926+0000] {dag.py:3954} INFO - Setting next_dagrun for example_external_task_marker_child to None, run_after=None
[2024-07-04T18:08:37.930+0000] {logging_mixin.py:188} INFO - [2024-07-04T18:08:37.930+0000] {dag.py:3954} INFO - Setting next_dagrun for example_external_task_marker_parent to None, run_after=None
[2024-07-04T18:08:37.951+0000] {processor.py:183} INFO - Processing /home/airflow/.local/lib/python3.12/site-packages/airflow/example_dags/example_external_task_marker_dag.py took 0.068 seconds
[2024-07-04T18:09:08.569+0000] {processor.py:161} INFO - Started process (PID=679) to work on /home/airflow/.local/lib/python3.12/site-packages/airflow/example_dags/example_external_task_marker_dag.py
[2024-07-04T18:09:08.570+0000] {processor.py:830} INFO - Processing file /home/airflow/.local/lib/python3.12/site-packages/airflow/example_dags/example_external_task_marker_dag.py for tasks to queue
[2024-07-04T18:09:08.571+0000] {logging_mixin.py:188} INFO - [2024-07-04T18:09:08.571+0000] {dagbag.py:545} INFO - Filling up the DagBag from /home/airflow/.local/lib/python3.12/site-packages/airflow/example_dags/example_external_task_marker_dag.py
[2024-07-04T18:09:08.576+0000] {processor.py:840} INFO - DAG(s) 'example_external_task_marker_parent', 'example_external_task_marker_child' retrieved from /home/airflow/.local/lib/python3.12/site-packages/airflow/example_dags/example_external_task_marker_dag.py
[2024-07-04T18:09:08.597+0000] {logging_mixin.py:188} INFO - [2024-07-04T18:09:08.596+0000] {dag.py:3096} INFO - Sync 2 DAGs
[2024-07-04T18:09:08.609+0000] {logging_mixin.py:188} INFO - [2024-07-04T18:09:08.609+0000] {dag.py:3954} INFO - Setting next_dagrun for example_external_task_marker_child to None, run_after=None
[2024-07-04T18:09:08.613+0000] {logging_mixin.py:188} INFO - [2024-07-04T18:09:08.613+0000] {dag.py:3954} INFO - Setting next_dagrun for example_external_task_marker_parent to None, run_after=None
[2024-07-04T18:09:08.632+0000] {processor.py:183} INFO - Processing /home/airflow/.local/lib/python3.12/site-packages/airflow/example_dags/example_external_task_marker_dag.py took 0.068 seconds
[2024-07-04T18:09:38.973+0000] {processor.py:161} INFO - Started process (PID=737) to work on /home/airflow/.local/lib/python3.12/site-packages/airflow/example_dags/example_external_task_marker_dag.py
[2024-07-04T18:09:38.974+0000] {processor.py:830} INFO - Processing file /home/airflow/.local/lib/python3.12/site-packages/airflow/example_dags/example_external_task_marker_dag.py for tasks to queue
[2024-07-04T18:09:38.975+0000] {logging_mixin.py:188} INFO - [2024-07-04T18:09:38.975+0000] {dagbag.py:545} INFO - Filling up the DagBag from /home/airflow/.local/lib/python3.12/site-packages/airflow/example_dags/example_external_task_marker_dag.py
[2024-07-04T18:09:38.981+0000] {processor.py:840} INFO - DAG(s) 'example_external_task_marker_parent', 'example_external_task_marker_child' retrieved from /home/airflow/.local/lib/python3.12/site-packages/airflow/example_dags/example_external_task_marker_dag.py
[2024-07-04T18:09:39.004+0000] {logging_mixin.py:188} INFO - [2024-07-04T18:09:39.004+0000] {dag.py:3096} INFO - Sync 2 DAGs
[2024-07-04T18:09:39.017+0000] {logging_mixin.py:188} INFO - [2024-07-04T18:09:39.016+0000] {dag.py:3954} INFO - Setting next_dagrun for example_external_task_marker_child to None, run_after=None
[2024-07-04T18:09:39.020+0000] {logging_mixin.py:188} INFO - [2024-07-04T18:09:39.020+0000] {dag.py:3954} INFO - Setting next_dagrun for example_external_task_marker_parent to None, run_after=None
[2024-07-04T18:09:39.040+0000] {processor.py:183} INFO - Processing /home/airflow/.local/lib/python3.12/site-packages/airflow/example_dags/example_external_task_marker_dag.py took 0.072 seconds
[2024-07-04T18:10:09.157+0000] {processor.py:161} INFO - Started process (PID=795) to work on /home/airflow/.local/lib/python3.12/site-packages/airflow/example_dags/example_external_task_marker_dag.py
[2024-07-04T18:10:09.158+0000] {processor.py:830} INFO - Processing file /home/airflow/.local/lib/python3.12/site-packages/airflow/example_dags/example_external_task_marker_dag.py for tasks to queue
[2024-07-04T18:10:09.161+0000] {logging_mixin.py:188} INFO - [2024-07-04T18:10:09.160+0000] {dagbag.py:545} INFO - Filling up the DagBag from /home/airflow/.local/lib/python3.12/site-packages/airflow/example_dags/example_external_task_marker_dag.py
[2024-07-04T18:10:09.168+0000] {processor.py:840} INFO - DAG(s) 'example_external_task_marker_child', 'example_external_task_marker_parent' retrieved from /home/airflow/.local/lib/python3.12/site-packages/airflow/example_dags/example_external_task_marker_dag.py
[2024-07-04T18:10:09.194+0000] {logging_mixin.py:188} INFO - [2024-07-04T18:10:09.194+0000] {dag.py:3096} INFO - Sync 2 DAGs
[2024-07-04T18:10:09.208+0000] {logging_mixin.py:188} INFO - [2024-07-04T18:10:09.208+0000] {dag.py:3954} INFO - Setting next_dagrun for example_external_task_marker_child to None, run_after=None
[2024-07-04T18:10:09.213+0000] {logging_mixin.py:188} INFO - [2024-07-04T18:10:09.213+0000] {dag.py:3954} INFO - Setting next_dagrun for example_external_task_marker_parent to None, run_after=None
[2024-07-04T18:10:09.236+0000] {processor.py:183} INFO - Processing /home/airflow/.local/lib/python3.12/site-packages/airflow/example_dags/example_external_task_marker_dag.py took 0.085 seconds
