[2024-07-04T17:38:49.205+0000] {processor.py:161} INFO - Started process (PID=78) to work on /home/airflow/.local/lib/python3.12/site-packages/airflow/example_dags/example_subdag_operator.py
[2024-07-04T17:38:49.206+0000] {processor.py:830} INFO - Processing file /home/airflow/.local/lib/python3.12/site-packages/airflow/example_dags/example_subdag_operator.py for tasks to queue
[2024-07-04T17:38:49.207+0000] {logging_mixin.py:188} INFO - [2024-07-04T17:38:49.207+0000] {dagbag.py:545} INFO - Filling up the DagBag from /home/airflow/.local/lib/python3.12/site-packages/airflow/example_dags/example_subdag_operator.py
[2024-07-04T17:38:49.231+0000] {processor.py:840} INFO - DAG(s) 'example_subdag_operator.section-1', 'example_subdag_operator.section-2', 'example_subdag_operator' retrieved from /home/airflow/.local/lib/python3.12/site-packages/airflow/example_dags/example_subdag_operator.py
[2024-07-04T17:38:49.348+0000] {logging_mixin.py:188} INFO - [2024-07-04T17:38:49.347+0000] {override.py:1829} INFO - Created Permission View: can read on DAG:example_subdag_operator
[2024-07-04T17:38:49.360+0000] {logging_mixin.py:188} INFO - [2024-07-04T17:38:49.359+0000] {override.py:1829} INFO - Created Permission View: can edit on DAG:example_subdag_operator
[2024-07-04T17:38:49.370+0000] {logging_mixin.py:188} INFO - [2024-07-04T17:38:49.370+0000] {override.py:1829} INFO - Created Permission View: can delete on DAG:example_subdag_operator
[2024-07-04T17:38:49.371+0000] {logging_mixin.py:188} INFO - [2024-07-04T17:38:49.371+0000] {dag.py:3096} INFO - Sync 3 DAGs
[2024-07-04T17:38:49.383+0000] {logging_mixin.py:188} INFO - [2024-07-04T17:38:49.383+0000] {dag.py:3118} INFO - Creating ORM DAG for example_subdag_operator.section-2
[2024-07-04T17:38:49.384+0000] {logging_mixin.py:188} INFO - [2024-07-04T17:38:49.383+0000] {dag.py:3118} INFO - Creating ORM DAG for example_subdag_operator
[2024-07-04T17:38:49.385+0000] {logging_mixin.py:188} INFO - [2024-07-04T17:38:49.385+0000] {dag.py:3118} INFO - Creating ORM DAG for example_subdag_operator.section-1
[2024-07-04T17:38:49.395+0000] {logging_mixin.py:188} INFO - [2024-07-04T17:38:49.395+0000] {dag.py:3954} INFO - Setting next_dagrun for example_subdag_operator to 2022-01-01 00:00:00+00:00, run_after=2022-01-01 00:00:00+00:00
[2024-07-04T17:38:49.396+0000] {logging_mixin.py:188} INFO - [2024-07-04T17:38:49.396+0000] {dag.py:3954} INFO - Setting next_dagrun for example_subdag_operator.section-1 to None, run_after=None
[2024-07-04T17:38:49.396+0000] {logging_mixin.py:188} INFO - [2024-07-04T17:38:49.396+0000] {dag.py:3954} INFO - Setting next_dagrun for example_subdag_operator.section-2 to None, run_after=None
[2024-07-04T17:38:49.405+0000] {logging_mixin.py:188} INFO - [2024-07-04T17:38:49.405+0000] {dag.py:3096} INFO - Sync 2 DAGs
[2024-07-04T17:38:49.412+0000] {logging_mixin.py:188} INFO - [2024-07-04T17:38:49.411+0000] {dag.py:3954} INFO - Setting next_dagrun for example_subdag_operator.section-1 to None, run_after=None
[2024-07-04T17:38:49.415+0000] {logging_mixin.py:188} INFO - [2024-07-04T17:38:49.415+0000] {dag.py:3954} INFO - Setting next_dagrun for example_subdag_operator.section-2 to None, run_after=None
[2024-07-04T17:38:49.430+0000] {processor.py:183} INFO - Processing /home/airflow/.local/lib/python3.12/site-packages/airflow/example_dags/example_subdag_operator.py took 0.231 seconds
[2024-07-04T17:39:20.229+0000] {processor.py:161} INFO - Started process (PID=136) to work on /home/airflow/.local/lib/python3.12/site-packages/airflow/example_dags/example_subdag_operator.py
[2024-07-04T17:39:20.230+0000] {processor.py:830} INFO - Processing file /home/airflow/.local/lib/python3.12/site-packages/airflow/example_dags/example_subdag_operator.py for tasks to queue
[2024-07-04T17:39:20.231+0000] {logging_mixin.py:188} INFO - [2024-07-04T17:39:20.231+0000] {dagbag.py:545} INFO - Filling up the DagBag from /home/airflow/.local/lib/python3.12/site-packages/airflow/example_dags/example_subdag_operator.py
[2024-07-04T17:39:20.253+0000] {processor.py:840} INFO - DAG(s) 'example_subdag_operator.section-1', 'example_subdag_operator.section-2', 'example_subdag_operator' retrieved from /home/airflow/.local/lib/python3.12/site-packages/airflow/example_dags/example_subdag_operator.py
[2024-07-04T17:39:20.276+0000] {logging_mixin.py:188} INFO - [2024-07-04T17:39:20.275+0000] {dag.py:3096} INFO - Sync 3 DAGs
[2024-07-04T17:39:20.302+0000] {logging_mixin.py:188} INFO - [2024-07-04T17:39:20.302+0000] {dag.py:3954} INFO - Setting next_dagrun for example_subdag_operator to 2022-01-01 00:00:00+00:00, run_after=2022-01-01 00:00:00+00:00
[2024-07-04T17:39:20.307+0000] {logging_mixin.py:188} INFO - [2024-07-04T17:39:20.307+0000] {dag.py:3954} INFO - Setting next_dagrun for example_subdag_operator.section-1 to None, run_after=None
[2024-07-04T17:39:20.309+0000] {logging_mixin.py:188} INFO - [2024-07-04T17:39:20.308+0000] {dag.py:3954} INFO - Setting next_dagrun for example_subdag_operator.section-2 to None, run_after=None
[2024-07-04T17:39:20.317+0000] {logging_mixin.py:188} INFO - [2024-07-04T17:39:20.316+0000] {dag.py:3096} INFO - Sync 2 DAGs
[2024-07-04T17:39:20.322+0000] {logging_mixin.py:188} INFO - [2024-07-04T17:39:20.322+0000] {dag.py:3954} INFO - Setting next_dagrun for example_subdag_operator.section-1 to None, run_after=None
[2024-07-04T17:39:20.322+0000] {logging_mixin.py:188} INFO - [2024-07-04T17:39:20.322+0000] {dag.py:3954} INFO - Setting next_dagrun for example_subdag_operator.section-2 to None, run_after=None
[2024-07-04T17:39:20.335+0000] {processor.py:183} INFO - Processing /home/airflow/.local/lib/python3.12/site-packages/airflow/example_dags/example_subdag_operator.py took 0.111 seconds
[2024-07-04T17:44:57.974+0000] {processor.py:161} INFO - Started process (PID=71) to work on /home/airflow/.local/lib/python3.12/site-packages/airflow/example_dags/example_subdag_operator.py
[2024-07-04T17:44:57.975+0000] {processor.py:830} INFO - Processing file /home/airflow/.local/lib/python3.12/site-packages/airflow/example_dags/example_subdag_operator.py for tasks to queue
[2024-07-04T17:44:57.977+0000] {logging_mixin.py:188} INFO - [2024-07-04T17:44:57.976+0000] {dagbag.py:545} INFO - Filling up the DagBag from /home/airflow/.local/lib/python3.12/site-packages/airflow/example_dags/example_subdag_operator.py
[2024-07-04T17:44:58.006+0000] {processor.py:840} INFO - DAG(s) 'example_subdag_operator.section-1', 'example_subdag_operator.section-2', 'example_subdag_operator' retrieved from /home/airflow/.local/lib/python3.12/site-packages/airflow/example_dags/example_subdag_operator.py
[2024-07-04T17:44:58.199+0000] {logging_mixin.py:188} INFO - [2024-07-04T17:44:58.199+0000] {dag.py:3096} INFO - Sync 3 DAGs
[2024-07-04T17:44:58.232+0000] {logging_mixin.py:188} INFO - [2024-07-04T17:44:58.232+0000] {dag.py:3954} INFO - Setting next_dagrun for example_subdag_operator to 2022-01-01 00:00:00+00:00, run_after=2022-01-01 00:00:00+00:00
[2024-07-04T17:44:58.238+0000] {logging_mixin.py:188} INFO - [2024-07-04T17:44:58.237+0000] {dag.py:3954} INFO - Setting next_dagrun for example_subdag_operator.section-1 to None, run_after=None
[2024-07-04T17:44:58.241+0000] {logging_mixin.py:188} INFO - [2024-07-04T17:44:58.241+0000] {dag.py:3954} INFO - Setting next_dagrun for example_subdag_operator.section-2 to None, run_after=None
[2024-07-04T17:44:58.258+0000] {logging_mixin.py:188} INFO - [2024-07-04T17:44:58.258+0000] {dag.py:3096} INFO - Sync 2 DAGs
[2024-07-04T17:44:58.268+0000] {logging_mixin.py:188} INFO - [2024-07-04T17:44:58.267+0000] {dag.py:3954} INFO - Setting next_dagrun for example_subdag_operator.section-1 to None, run_after=None
[2024-07-04T17:44:58.268+0000] {logging_mixin.py:188} INFO - [2024-07-04T17:44:58.268+0000] {dag.py:3954} INFO - Setting next_dagrun for example_subdag_operator.section-2 to None, run_after=None
[2024-07-04T17:44:58.288+0000] {processor.py:183} INFO - Processing /home/airflow/.local/lib/python3.12/site-packages/airflow/example_dags/example_subdag_operator.py took 0.320 seconds
[2024-07-04T17:45:29.189+0000] {processor.py:161} INFO - Started process (PID=135) to work on /home/airflow/.local/lib/python3.12/site-packages/airflow/example_dags/example_subdag_operator.py
[2024-07-04T17:45:29.190+0000] {processor.py:830} INFO - Processing file /home/airflow/.local/lib/python3.12/site-packages/airflow/example_dags/example_subdag_operator.py for tasks to queue
[2024-07-04T17:45:29.193+0000] {logging_mixin.py:188} INFO - [2024-07-04T17:45:29.193+0000] {dagbag.py:545} INFO - Filling up the DagBag from /home/airflow/.local/lib/python3.12/site-packages/airflow/example_dags/example_subdag_operator.py
[2024-07-04T17:45:29.222+0000] {processor.py:840} INFO - DAG(s) 'example_subdag_operator.section-1', 'example_subdag_operator.section-2', 'example_subdag_operator' retrieved from /home/airflow/.local/lib/python3.12/site-packages/airflow/example_dags/example_subdag_operator.py
[2024-07-04T17:45:29.245+0000] {logging_mixin.py:188} INFO - [2024-07-04T17:45:29.245+0000] {dag.py:3096} INFO - Sync 3 DAGs
[2024-07-04T17:45:29.266+0000] {logging_mixin.py:188} INFO - [2024-07-04T17:45:29.266+0000] {dag.py:3954} INFO - Setting next_dagrun for example_subdag_operator to 2022-01-01 00:00:00+00:00, run_after=2022-01-01 00:00:00+00:00
[2024-07-04T17:45:29.270+0000] {logging_mixin.py:188} INFO - [2024-07-04T17:45:29.269+0000] {dag.py:3954} INFO - Setting next_dagrun for example_subdag_operator.section-1 to None, run_after=None
[2024-07-04T17:45:29.271+0000] {logging_mixin.py:188} INFO - [2024-07-04T17:45:29.271+0000] {dag.py:3954} INFO - Setting next_dagrun for example_subdag_operator.section-2 to None, run_after=None
[2024-07-04T17:45:29.279+0000] {logging_mixin.py:188} INFO - [2024-07-04T17:45:29.279+0000] {dag.py:3096} INFO - Sync 2 DAGs
[2024-07-04T17:45:29.284+0000] {logging_mixin.py:188} INFO - [2024-07-04T17:45:29.284+0000] {dag.py:3954} INFO - Setting next_dagrun for example_subdag_operator.section-1 to None, run_after=None
[2024-07-04T17:45:29.284+0000] {logging_mixin.py:188} INFO - [2024-07-04T17:45:29.284+0000] {dag.py:3954} INFO - Setting next_dagrun for example_subdag_operator.section-2 to None, run_after=None
[2024-07-04T17:45:29.297+0000] {processor.py:183} INFO - Processing /home/airflow/.local/lib/python3.12/site-packages/airflow/example_dags/example_subdag_operator.py took 0.121 seconds
[2024-07-04T17:45:59.348+0000] {processor.py:161} INFO - Started process (PID=193) to work on /home/airflow/.local/lib/python3.12/site-packages/airflow/example_dags/example_subdag_operator.py
[2024-07-04T17:45:59.349+0000] {processor.py:830} INFO - Processing file /home/airflow/.local/lib/python3.12/site-packages/airflow/example_dags/example_subdag_operator.py for tasks to queue
[2024-07-04T17:45:59.352+0000] {logging_mixin.py:188} INFO - [2024-07-04T17:45:59.352+0000] {dagbag.py:545} INFO - Filling up the DagBag from /home/airflow/.local/lib/python3.12/site-packages/airflow/example_dags/example_subdag_operator.py
[2024-07-04T17:45:59.384+0000] {processor.py:840} INFO - DAG(s) 'example_subdag_operator.section-1', 'example_subdag_operator.section-2', 'example_subdag_operator' retrieved from /home/airflow/.local/lib/python3.12/site-packages/airflow/example_dags/example_subdag_operator.py
[2024-07-04T17:45:59.405+0000] {logging_mixin.py:188} INFO - [2024-07-04T17:45:59.405+0000] {dag.py:3096} INFO - Sync 3 DAGs
[2024-07-04T17:45:59.433+0000] {logging_mixin.py:188} INFO - [2024-07-04T17:45:59.432+0000] {dag.py:3954} INFO - Setting next_dagrun for example_subdag_operator to 2022-01-01 00:00:00+00:00, run_after=2022-01-01 00:00:00+00:00
[2024-07-04T17:45:59.438+0000] {logging_mixin.py:188} INFO - [2024-07-04T17:45:59.437+0000] {dag.py:3954} INFO - Setting next_dagrun for example_subdag_operator.section-1 to None, run_after=None
[2024-07-04T17:45:59.439+0000] {logging_mixin.py:188} INFO - [2024-07-04T17:45:59.439+0000] {dag.py:3954} INFO - Setting next_dagrun for example_subdag_operator.section-2 to None, run_after=None
[2024-07-04T17:45:59.449+0000] {logging_mixin.py:188} INFO - [2024-07-04T17:45:59.448+0000] {dag.py:3096} INFO - Sync 2 DAGs
[2024-07-04T17:45:59.456+0000] {logging_mixin.py:188} INFO - [2024-07-04T17:45:59.456+0000] {dag.py:3954} INFO - Setting next_dagrun for example_subdag_operator.section-1 to None, run_after=None
[2024-07-04T17:45:59.456+0000] {logging_mixin.py:188} INFO - [2024-07-04T17:45:59.456+0000] {dag.py:3954} INFO - Setting next_dagrun for example_subdag_operator.section-2 to None, run_after=None
[2024-07-04T17:45:59.471+0000] {processor.py:183} INFO - Processing /home/airflow/.local/lib/python3.12/site-packages/airflow/example_dags/example_subdag_operator.py took 0.131 seconds
[2024-07-04T17:46:29.630+0000] {processor.py:161} INFO - Started process (PID=251) to work on /home/airflow/.local/lib/python3.12/site-packages/airflow/example_dags/example_subdag_operator.py
[2024-07-04T17:46:29.631+0000] {processor.py:830} INFO - Processing file /home/airflow/.local/lib/python3.12/site-packages/airflow/example_dags/example_subdag_operator.py for tasks to queue
[2024-07-04T17:46:29.632+0000] {logging_mixin.py:188} INFO - [2024-07-04T17:46:29.632+0000] {dagbag.py:545} INFO - Filling up the DagBag from /home/airflow/.local/lib/python3.12/site-packages/airflow/example_dags/example_subdag_operator.py
[2024-07-04T17:46:29.653+0000] {processor.py:840} INFO - DAG(s) 'example_subdag_operator.section-1', 'example_subdag_operator.section-2', 'example_subdag_operator' retrieved from /home/airflow/.local/lib/python3.12/site-packages/airflow/example_dags/example_subdag_operator.py
[2024-07-04T17:46:29.668+0000] {logging_mixin.py:188} INFO - [2024-07-04T17:46:29.667+0000] {dag.py:3096} INFO - Sync 3 DAGs
[2024-07-04T17:46:29.688+0000] {logging_mixin.py:188} INFO - [2024-07-04T17:46:29.688+0000] {dag.py:3954} INFO - Setting next_dagrun for example_subdag_operator to 2022-01-01 00:00:00+00:00, run_after=2022-01-01 00:00:00+00:00
[2024-07-04T17:46:29.692+0000] {logging_mixin.py:188} INFO - [2024-07-04T17:46:29.692+0000] {dag.py:3954} INFO - Setting next_dagrun for example_subdag_operator.section-1 to None, run_after=None
[2024-07-04T17:46:29.694+0000] {logging_mixin.py:188} INFO - [2024-07-04T17:46:29.694+0000] {dag.py:3954} INFO - Setting next_dagrun for example_subdag_operator.section-2 to None, run_after=None
[2024-07-04T17:46:29.701+0000] {logging_mixin.py:188} INFO - [2024-07-04T17:46:29.701+0000] {dag.py:3096} INFO - Sync 2 DAGs
[2024-07-04T17:46:29.708+0000] {logging_mixin.py:188} INFO - [2024-07-04T17:46:29.708+0000] {dag.py:3954} INFO - Setting next_dagrun for example_subdag_operator.section-1 to None, run_after=None
[2024-07-04T17:46:29.709+0000] {logging_mixin.py:188} INFO - [2024-07-04T17:46:29.709+0000] {dag.py:3954} INFO - Setting next_dagrun for example_subdag_operator.section-2 to None, run_after=None
[2024-07-04T17:46:29.725+0000] {processor.py:183} INFO - Processing /home/airflow/.local/lib/python3.12/site-packages/airflow/example_dags/example_subdag_operator.py took 0.100 seconds
[2024-07-04T18:03:59.758+0000] {processor.py:161} INFO - Started process (PID=71) to work on /home/airflow/.local/lib/python3.12/site-packages/airflow/example_dags/example_subdag_operator.py
[2024-07-04T18:03:59.777+0000] {processor.py:830} INFO - Processing file /home/airflow/.local/lib/python3.12/site-packages/airflow/example_dags/example_subdag_operator.py for tasks to queue
[2024-07-04T18:03:59.779+0000] {logging_mixin.py:188} INFO - [2024-07-04T18:03:59.778+0000] {dagbag.py:545} INFO - Filling up the DagBag from /home/airflow/.local/lib/python3.12/site-packages/airflow/example_dags/example_subdag_operator.py
[2024-07-04T18:03:59.809+0000] {processor.py:840} INFO - DAG(s) 'example_subdag_operator.section-1', 'example_subdag_operator.section-2', 'example_subdag_operator' retrieved from /home/airflow/.local/lib/python3.12/site-packages/airflow/example_dags/example_subdag_operator.py
[2024-07-04T18:03:59.954+0000] {logging_mixin.py:188} INFO - [2024-07-04T18:03:59.954+0000] {dag.py:3096} INFO - Sync 3 DAGs
[2024-07-04T18:03:59.981+0000] {logging_mixin.py:188} INFO - [2024-07-04T18:03:59.980+0000] {dag.py:3954} INFO - Setting next_dagrun for example_subdag_operator to 2022-01-01 00:00:00+00:00, run_after=2022-01-01 00:00:00+00:00
[2024-07-04T18:03:59.985+0000] {logging_mixin.py:188} INFO - [2024-07-04T18:03:59.985+0000] {dag.py:3954} INFO - Setting next_dagrun for example_subdag_operator.section-1 to None, run_after=None
[2024-07-04T18:03:59.987+0000] {logging_mixin.py:188} INFO - [2024-07-04T18:03:59.987+0000] {dag.py:3954} INFO - Setting next_dagrun for example_subdag_operator.section-2 to None, run_after=None
[2024-07-04T18:04:00.000+0000] {logging_mixin.py:188} INFO - [2024-07-04T18:03:59.999+0000] {dag.py:3096} INFO - Sync 2 DAGs
[2024-07-04T18:04:00.007+0000] {logging_mixin.py:188} INFO - [2024-07-04T18:04:00.007+0000] {dag.py:3954} INFO - Setting next_dagrun for example_subdag_operator.section-1 to None, run_after=None
[2024-07-04T18:04:00.008+0000] {logging_mixin.py:188} INFO - [2024-07-04T18:04:00.007+0000] {dag.py:3954} INFO - Setting next_dagrun for example_subdag_operator.section-2 to None, run_after=None
[2024-07-04T18:04:00.025+0000] {processor.py:183} INFO - Processing /home/airflow/.local/lib/python3.12/site-packages/airflow/example_dags/example_subdag_operator.py took 0.273 seconds
[2024-07-04T18:04:30.886+0000] {processor.py:161} INFO - Started process (PID=134) to work on /home/airflow/.local/lib/python3.12/site-packages/airflow/example_dags/example_subdag_operator.py
[2024-07-04T18:04:30.892+0000] {processor.py:830} INFO - Processing file /home/airflow/.local/lib/python3.12/site-packages/airflow/example_dags/example_subdag_operator.py for tasks to queue
[2024-07-04T18:04:30.894+0000] {logging_mixin.py:188} INFO - [2024-07-04T18:04:30.893+0000] {dagbag.py:545} INFO - Filling up the DagBag from /home/airflow/.local/lib/python3.12/site-packages/airflow/example_dags/example_subdag_operator.py
[2024-07-04T18:04:30.916+0000] {processor.py:840} INFO - DAG(s) 'example_subdag_operator.section-1', 'example_subdag_operator.section-2', 'example_subdag_operator' retrieved from /home/airflow/.local/lib/python3.12/site-packages/airflow/example_dags/example_subdag_operator.py
[2024-07-04T18:04:30.938+0000] {logging_mixin.py:188} INFO - [2024-07-04T18:04:30.938+0000] {dag.py:3096} INFO - Sync 3 DAGs
[2024-07-04T18:04:30.969+0000] {logging_mixin.py:188} INFO - [2024-07-04T18:04:30.969+0000] {dag.py:3954} INFO - Setting next_dagrun for example_subdag_operator to 2022-01-01 00:00:00+00:00, run_after=2022-01-01 00:00:00+00:00
[2024-07-04T18:04:30.975+0000] {logging_mixin.py:188} INFO - [2024-07-04T18:04:30.975+0000] {dag.py:3954} INFO - Setting next_dagrun for example_subdag_operator.section-1 to None, run_after=None
[2024-07-04T18:04:30.977+0000] {logging_mixin.py:188} INFO - [2024-07-04T18:04:30.977+0000] {dag.py:3954} INFO - Setting next_dagrun for example_subdag_operator.section-2 to None, run_after=None
[2024-07-04T18:04:30.987+0000] {logging_mixin.py:188} INFO - [2024-07-04T18:04:30.987+0000] {dag.py:3096} INFO - Sync 2 DAGs
[2024-07-04T18:04:30.995+0000] {logging_mixin.py:188} INFO - [2024-07-04T18:04:30.994+0000] {dag.py:3954} INFO - Setting next_dagrun for example_subdag_operator.section-1 to None, run_after=None
[2024-07-04T18:04:30.995+0000] {logging_mixin.py:188} INFO - [2024-07-04T18:04:30.995+0000] {dag.py:3954} INFO - Setting next_dagrun for example_subdag_operator.section-2 to None, run_after=None
[2024-07-04T18:04:31.012+0000] {processor.py:183} INFO - Processing /home/airflow/.local/lib/python3.12/site-packages/airflow/example_dags/example_subdag_operator.py took 0.133 seconds
[2024-07-04T18:05:01.656+0000] {processor.py:161} INFO - Started process (PID=192) to work on /home/airflow/.local/lib/python3.12/site-packages/airflow/example_dags/example_subdag_operator.py
[2024-07-04T18:05:01.657+0000] {processor.py:830} INFO - Processing file /home/airflow/.local/lib/python3.12/site-packages/airflow/example_dags/example_subdag_operator.py for tasks to queue
[2024-07-04T18:05:01.659+0000] {logging_mixin.py:188} INFO - [2024-07-04T18:05:01.659+0000] {dagbag.py:545} INFO - Filling up the DagBag from /home/airflow/.local/lib/python3.12/site-packages/airflow/example_dags/example_subdag_operator.py
[2024-07-04T18:05:01.684+0000] {processor.py:840} INFO - DAG(s) 'example_subdag_operator.section-1', 'example_subdag_operator.section-2', 'example_subdag_operator' retrieved from /home/airflow/.local/lib/python3.12/site-packages/airflow/example_dags/example_subdag_operator.py
[2024-07-04T18:05:01.701+0000] {logging_mixin.py:188} INFO - [2024-07-04T18:05:01.700+0000] {dag.py:3096} INFO - Sync 3 DAGs
[2024-07-04T18:05:01.721+0000] {logging_mixin.py:188} INFO - [2024-07-04T18:05:01.721+0000] {dag.py:3954} INFO - Setting next_dagrun for example_subdag_operator to 2022-01-01 00:00:00+00:00, run_after=2022-01-01 00:00:00+00:00
[2024-07-04T18:05:01.725+0000] {logging_mixin.py:188} INFO - [2024-07-04T18:05:01.725+0000] {dag.py:3954} INFO - Setting next_dagrun for example_subdag_operator.section-1 to None, run_after=None
[2024-07-04T18:05:01.726+0000] {logging_mixin.py:188} INFO - [2024-07-04T18:05:01.726+0000] {dag.py:3954} INFO - Setting next_dagrun for example_subdag_operator.section-2 to None, run_after=None
[2024-07-04T18:05:01.734+0000] {logging_mixin.py:188} INFO - [2024-07-04T18:05:01.734+0000] {dag.py:3096} INFO - Sync 2 DAGs
[2024-07-04T18:05:01.741+0000] {logging_mixin.py:188} INFO - [2024-07-04T18:05:01.740+0000] {dag.py:3954} INFO - Setting next_dagrun for example_subdag_operator.section-1 to None, run_after=None
[2024-07-04T18:05:01.741+0000] {logging_mixin.py:188} INFO - [2024-07-04T18:05:01.741+0000] {dag.py:3954} INFO - Setting next_dagrun for example_subdag_operator.section-2 to None, run_after=None
[2024-07-04T18:05:01.756+0000] {processor.py:183} INFO - Processing /home/airflow/.local/lib/python3.12/site-packages/airflow/example_dags/example_subdag_operator.py took 0.107 seconds
[2024-07-04T18:05:31.951+0000] {processor.py:161} INFO - Started process (PID=251) to work on /home/airflow/.local/lib/python3.12/site-packages/airflow/example_dags/example_subdag_operator.py
[2024-07-04T18:05:31.953+0000] {processor.py:830} INFO - Processing file /home/airflow/.local/lib/python3.12/site-packages/airflow/example_dags/example_subdag_operator.py for tasks to queue
[2024-07-04T18:05:31.960+0000] {logging_mixin.py:188} INFO - [2024-07-04T18:05:31.958+0000] {dagbag.py:545} INFO - Filling up the DagBag from /home/airflow/.local/lib/python3.12/site-packages/airflow/example_dags/example_subdag_operator.py
[2024-07-04T18:05:32.002+0000] {processor.py:840} INFO - DAG(s) 'example_subdag_operator.section-1', 'example_subdag_operator.section-2', 'example_subdag_operator' retrieved from /home/airflow/.local/lib/python3.12/site-packages/airflow/example_dags/example_subdag_operator.py
[2024-07-04T18:05:32.026+0000] {logging_mixin.py:188} INFO - [2024-07-04T18:05:32.025+0000] {dag.py:3096} INFO - Sync 3 DAGs
[2024-07-04T18:05:32.050+0000] {logging_mixin.py:188} INFO - [2024-07-04T18:05:32.050+0000] {dag.py:3954} INFO - Setting next_dagrun for example_subdag_operator to 2022-01-01 00:00:00+00:00, run_after=2022-01-01 00:00:00+00:00
[2024-07-04T18:05:32.054+0000] {logging_mixin.py:188} INFO - [2024-07-04T18:05:32.054+0000] {dag.py:3954} INFO - Setting next_dagrun for example_subdag_operator.section-1 to None, run_after=None
[2024-07-04T18:05:32.055+0000] {logging_mixin.py:188} INFO - [2024-07-04T18:05:32.055+0000] {dag.py:3954} INFO - Setting next_dagrun for example_subdag_operator.section-2 to None, run_after=None
[2024-07-04T18:05:32.061+0000] {logging_mixin.py:188} INFO - [2024-07-04T18:05:32.060+0000] {dag.py:3096} INFO - Sync 2 DAGs
[2024-07-04T18:05:32.066+0000] {logging_mixin.py:188} INFO - [2024-07-04T18:05:32.066+0000] {dag.py:3954} INFO - Setting next_dagrun for example_subdag_operator.section-1 to None, run_after=None
[2024-07-04T18:05:32.066+0000] {logging_mixin.py:188} INFO - [2024-07-04T18:05:32.066+0000] {dag.py:3954} INFO - Setting next_dagrun for example_subdag_operator.section-2 to None, run_after=None
[2024-07-04T18:05:32.077+0000] {processor.py:183} INFO - Processing /home/airflow/.local/lib/python3.12/site-packages/airflow/example_dags/example_subdag_operator.py took 0.132 seconds
[2024-07-04T18:06:02.450+0000] {processor.py:161} INFO - Started process (PID=310) to work on /home/airflow/.local/lib/python3.12/site-packages/airflow/example_dags/example_subdag_operator.py
[2024-07-04T18:06:02.451+0000] {processor.py:830} INFO - Processing file /home/airflow/.local/lib/python3.12/site-packages/airflow/example_dags/example_subdag_operator.py for tasks to queue
[2024-07-04T18:06:02.452+0000] {logging_mixin.py:188} INFO - [2024-07-04T18:06:02.452+0000] {dagbag.py:545} INFO - Filling up the DagBag from /home/airflow/.local/lib/python3.12/site-packages/airflow/example_dags/example_subdag_operator.py
[2024-07-04T18:06:02.477+0000] {processor.py:840} INFO - DAG(s) 'example_subdag_operator.section-1', 'example_subdag_operator.section-2', 'example_subdag_operator' retrieved from /home/airflow/.local/lib/python3.12/site-packages/airflow/example_dags/example_subdag_operator.py
[2024-07-04T18:06:02.496+0000] {logging_mixin.py:188} INFO - [2024-07-04T18:06:02.495+0000] {dag.py:3096} INFO - Sync 3 DAGs
[2024-07-04T18:06:02.521+0000] {logging_mixin.py:188} INFO - [2024-07-04T18:06:02.520+0000] {dag.py:3954} INFO - Setting next_dagrun for example_subdag_operator to 2022-01-01 00:00:00+00:00, run_after=2022-01-01 00:00:00+00:00
[2024-07-04T18:06:02.526+0000] {logging_mixin.py:188} INFO - [2024-07-04T18:06:02.526+0000] {dag.py:3954} INFO - Setting next_dagrun for example_subdag_operator.section-1 to None, run_after=None
[2024-07-04T18:06:02.529+0000] {logging_mixin.py:188} INFO - [2024-07-04T18:06:02.528+0000] {dag.py:3954} INFO - Setting next_dagrun for example_subdag_operator.section-2 to None, run_after=None
[2024-07-04T18:06:02.537+0000] {logging_mixin.py:188} INFO - [2024-07-04T18:06:02.537+0000] {dag.py:3096} INFO - Sync 2 DAGs
[2024-07-04T18:06:02.544+0000] {logging_mixin.py:188} INFO - [2024-07-04T18:06:02.544+0000] {dag.py:3954} INFO - Setting next_dagrun for example_subdag_operator.section-1 to None, run_after=None
[2024-07-04T18:06:02.545+0000] {logging_mixin.py:188} INFO - [2024-07-04T18:06:02.545+0000] {dag.py:3954} INFO - Setting next_dagrun for example_subdag_operator.section-2 to None, run_after=None
[2024-07-04T18:06:02.563+0000] {processor.py:183} INFO - Processing /home/airflow/.local/lib/python3.12/site-packages/airflow/example_dags/example_subdag_operator.py took 0.119 seconds
[2024-07-04T18:06:32.885+0000] {processor.py:161} INFO - Started process (PID=368) to work on /home/airflow/.local/lib/python3.12/site-packages/airflow/example_dags/example_subdag_operator.py
[2024-07-04T18:06:32.886+0000] {processor.py:830} INFO - Processing file /home/airflow/.local/lib/python3.12/site-packages/airflow/example_dags/example_subdag_operator.py for tasks to queue
[2024-07-04T18:06:32.888+0000] {logging_mixin.py:188} INFO - [2024-07-04T18:06:32.888+0000] {dagbag.py:545} INFO - Filling up the DagBag from /home/airflow/.local/lib/python3.12/site-packages/airflow/example_dags/example_subdag_operator.py
[2024-07-04T18:06:32.914+0000] {processor.py:840} INFO - DAG(s) 'example_subdag_operator.section-1', 'example_subdag_operator.section-2', 'example_subdag_operator' retrieved from /home/airflow/.local/lib/python3.12/site-packages/airflow/example_dags/example_subdag_operator.py
[2024-07-04T18:06:32.936+0000] {logging_mixin.py:188} INFO - [2024-07-04T18:06:32.936+0000] {dag.py:3096} INFO - Sync 3 DAGs
[2024-07-04T18:06:32.966+0000] {logging_mixin.py:188} INFO - [2024-07-04T18:06:32.966+0000] {dag.py:3954} INFO - Setting next_dagrun for example_subdag_operator to 2022-01-01 00:00:00+00:00, run_after=2022-01-01 00:00:00+00:00
[2024-07-04T18:06:32.971+0000] {logging_mixin.py:188} INFO - [2024-07-04T18:06:32.971+0000] {dag.py:3954} INFO - Setting next_dagrun for example_subdag_operator.section-1 to None, run_after=None
[2024-07-04T18:06:32.973+0000] {logging_mixin.py:188} INFO - [2024-07-04T18:06:32.972+0000] {dag.py:3954} INFO - Setting next_dagrun for example_subdag_operator.section-2 to None, run_after=None
[2024-07-04T18:06:32.981+0000] {logging_mixin.py:188} INFO - [2024-07-04T18:06:32.981+0000] {dag.py:3096} INFO - Sync 2 DAGs
[2024-07-04T18:06:32.989+0000] {logging_mixin.py:188} INFO - [2024-07-04T18:06:32.989+0000] {dag.py:3954} INFO - Setting next_dagrun for example_subdag_operator.section-1 to None, run_after=None
[2024-07-04T18:06:32.990+0000] {logging_mixin.py:188} INFO - [2024-07-04T18:06:32.989+0000] {dag.py:3954} INFO - Setting next_dagrun for example_subdag_operator.section-2 to None, run_after=None
[2024-07-04T18:06:33.004+0000] {processor.py:183} INFO - Processing /home/airflow/.local/lib/python3.12/site-packages/airflow/example_dags/example_subdag_operator.py took 0.125 seconds
[2024-07-04T18:07:03.297+0000] {processor.py:161} INFO - Started process (PID=427) to work on /home/airflow/.local/lib/python3.12/site-packages/airflow/example_dags/example_subdag_operator.py
[2024-07-04T18:07:03.298+0000] {processor.py:830} INFO - Processing file /home/airflow/.local/lib/python3.12/site-packages/airflow/example_dags/example_subdag_operator.py for tasks to queue
[2024-07-04T18:07:03.300+0000] {logging_mixin.py:188} INFO - [2024-07-04T18:07:03.300+0000] {dagbag.py:545} INFO - Filling up the DagBag from /home/airflow/.local/lib/python3.12/site-packages/airflow/example_dags/example_subdag_operator.py
[2024-07-04T18:07:03.323+0000] {processor.py:840} INFO - DAG(s) 'example_subdag_operator.section-1', 'example_subdag_operator.section-2', 'example_subdag_operator' retrieved from /home/airflow/.local/lib/python3.12/site-packages/airflow/example_dags/example_subdag_operator.py
[2024-07-04T18:07:03.338+0000] {logging_mixin.py:188} INFO - [2024-07-04T18:07:03.338+0000] {dag.py:3096} INFO - Sync 3 DAGs
[2024-07-04T18:07:03.359+0000] {logging_mixin.py:188} INFO - [2024-07-04T18:07:03.358+0000] {dag.py:3954} INFO - Setting next_dagrun for example_subdag_operator to 2022-01-01 00:00:00+00:00, run_after=2022-01-01 00:00:00+00:00
[2024-07-04T18:07:03.363+0000] {logging_mixin.py:188} INFO - [2024-07-04T18:07:03.362+0000] {dag.py:3954} INFO - Setting next_dagrun for example_subdag_operator.section-1 to None, run_after=None
[2024-07-04T18:07:03.364+0000] {logging_mixin.py:188} INFO - [2024-07-04T18:07:03.364+0000] {dag.py:3954} INFO - Setting next_dagrun for example_subdag_operator.section-2 to None, run_after=None
[2024-07-04T18:07:03.371+0000] {logging_mixin.py:188} INFO - [2024-07-04T18:07:03.371+0000] {dag.py:3096} INFO - Sync 2 DAGs
[2024-07-04T18:07:03.376+0000] {logging_mixin.py:188} INFO - [2024-07-04T18:07:03.376+0000] {dag.py:3954} INFO - Setting next_dagrun for example_subdag_operator.section-1 to None, run_after=None
[2024-07-04T18:07:03.376+0000] {logging_mixin.py:188} INFO - [2024-07-04T18:07:03.376+0000] {dag.py:3954} INFO - Setting next_dagrun for example_subdag_operator.section-2 to None, run_after=None
[2024-07-04T18:07:03.390+0000] {processor.py:183} INFO - Processing /home/airflow/.local/lib/python3.12/site-packages/airflow/example_dags/example_subdag_operator.py took 0.101 seconds
[2024-07-04T18:07:33.683+0000] {processor.py:161} INFO - Started process (PID=484) to work on /home/airflow/.local/lib/python3.12/site-packages/airflow/example_dags/example_subdag_operator.py
[2024-07-04T18:07:33.684+0000] {processor.py:830} INFO - Processing file /home/airflow/.local/lib/python3.12/site-packages/airflow/example_dags/example_subdag_operator.py for tasks to queue
[2024-07-04T18:07:33.686+0000] {logging_mixin.py:188} INFO - [2024-07-04T18:07:33.686+0000] {dagbag.py:545} INFO - Filling up the DagBag from /home/airflow/.local/lib/python3.12/site-packages/airflow/example_dags/example_subdag_operator.py
[2024-07-04T18:07:33.712+0000] {processor.py:840} INFO - DAG(s) 'example_subdag_operator.section-1', 'example_subdag_operator.section-2', 'example_subdag_operator' retrieved from /home/airflow/.local/lib/python3.12/site-packages/airflow/example_dags/example_subdag_operator.py
[2024-07-04T18:07:33.728+0000] {logging_mixin.py:188} INFO - [2024-07-04T18:07:33.728+0000] {dag.py:3096} INFO - Sync 3 DAGs
[2024-07-04T18:07:33.751+0000] {logging_mixin.py:188} INFO - [2024-07-04T18:07:33.751+0000] {dag.py:3954} INFO - Setting next_dagrun for example_subdag_operator to 2022-01-01 00:00:00+00:00, run_after=2022-01-01 00:00:00+00:00
[2024-07-04T18:07:33.755+0000] {logging_mixin.py:188} INFO - [2024-07-04T18:07:33.755+0000] {dag.py:3954} INFO - Setting next_dagrun for example_subdag_operator.section-1 to None, run_after=None
[2024-07-04T18:07:33.756+0000] {logging_mixin.py:188} INFO - [2024-07-04T18:07:33.756+0000] {dag.py:3954} INFO - Setting next_dagrun for example_subdag_operator.section-2 to None, run_after=None
[2024-07-04T18:07:33.764+0000] {logging_mixin.py:188} INFO - [2024-07-04T18:07:33.764+0000] {dag.py:3096} INFO - Sync 2 DAGs
[2024-07-04T18:07:33.770+0000] {logging_mixin.py:188} INFO - [2024-07-04T18:07:33.770+0000] {dag.py:3954} INFO - Setting next_dagrun for example_subdag_operator.section-1 to None, run_after=None
[2024-07-04T18:07:33.771+0000] {logging_mixin.py:188} INFO - [2024-07-04T18:07:33.770+0000] {dag.py:3954} INFO - Setting next_dagrun for example_subdag_operator.section-2 to None, run_after=None
[2024-07-04T18:07:33.786+0000] {processor.py:183} INFO - Processing /home/airflow/.local/lib/python3.12/site-packages/airflow/example_dags/example_subdag_operator.py took 0.111 seconds
[2024-07-04T18:08:04.108+0000] {processor.py:161} INFO - Started process (PID=542) to work on /home/airflow/.local/lib/python3.12/site-packages/airflow/example_dags/example_subdag_operator.py
[2024-07-04T18:08:04.109+0000] {processor.py:830} INFO - Processing file /home/airflow/.local/lib/python3.12/site-packages/airflow/example_dags/example_subdag_operator.py for tasks to queue
[2024-07-04T18:08:04.111+0000] {logging_mixin.py:188} INFO - [2024-07-04T18:08:04.110+0000] {dagbag.py:545} INFO - Filling up the DagBag from /home/airflow/.local/lib/python3.12/site-packages/airflow/example_dags/example_subdag_operator.py
[2024-07-04T18:08:04.135+0000] {processor.py:840} INFO - DAG(s) 'example_subdag_operator.section-1', 'example_subdag_operator.section-2', 'example_subdag_operator' retrieved from /home/airflow/.local/lib/python3.12/site-packages/airflow/example_dags/example_subdag_operator.py
[2024-07-04T18:08:04.150+0000] {logging_mixin.py:188} INFO - [2024-07-04T18:08:04.150+0000] {dag.py:3096} INFO - Sync 3 DAGs
[2024-07-04T18:08:04.170+0000] {logging_mixin.py:188} INFO - [2024-07-04T18:08:04.170+0000] {dag.py:3954} INFO - Setting next_dagrun for example_subdag_operator to 2022-01-01 00:00:00+00:00, run_after=2022-01-01 00:00:00+00:00
[2024-07-04T18:08:04.174+0000] {logging_mixin.py:188} INFO - [2024-07-04T18:08:04.174+0000] {dag.py:3954} INFO - Setting next_dagrun for example_subdag_operator.section-1 to None, run_after=None
[2024-07-04T18:08:04.176+0000] {logging_mixin.py:188} INFO - [2024-07-04T18:08:04.176+0000] {dag.py:3954} INFO - Setting next_dagrun for example_subdag_operator.section-2 to None, run_after=None
[2024-07-04T18:08:04.182+0000] {logging_mixin.py:188} INFO - [2024-07-04T18:08:04.182+0000] {dag.py:3096} INFO - Sync 2 DAGs
[2024-07-04T18:08:04.188+0000] {logging_mixin.py:188} INFO - [2024-07-04T18:08:04.187+0000] {dag.py:3954} INFO - Setting next_dagrun for example_subdag_operator.section-1 to None, run_after=None
[2024-07-04T18:08:04.188+0000] {logging_mixin.py:188} INFO - [2024-07-04T18:08:04.188+0000] {dag.py:3954} INFO - Setting next_dagrun for example_subdag_operator.section-2 to None, run_after=None
[2024-07-04T18:08:04.201+0000] {processor.py:183} INFO - Processing /home/airflow/.local/lib/python3.12/site-packages/airflow/example_dags/example_subdag_operator.py took 0.100 seconds
[2024-07-04T18:08:34.757+0000] {processor.py:161} INFO - Started process (PID=600) to work on /home/airflow/.local/lib/python3.12/site-packages/airflow/example_dags/example_subdag_operator.py
[2024-07-04T18:08:34.759+0000] {processor.py:830} INFO - Processing file /home/airflow/.local/lib/python3.12/site-packages/airflow/example_dags/example_subdag_operator.py for tasks to queue
[2024-07-04T18:08:34.762+0000] {logging_mixin.py:188} INFO - [2024-07-04T18:08:34.761+0000] {dagbag.py:545} INFO - Filling up the DagBag from /home/airflow/.local/lib/python3.12/site-packages/airflow/example_dags/example_subdag_operator.py
[2024-07-04T18:08:34.788+0000] {processor.py:840} INFO - DAG(s) 'example_subdag_operator.section-1', 'example_subdag_operator.section-2', 'example_subdag_operator' retrieved from /home/airflow/.local/lib/python3.12/site-packages/airflow/example_dags/example_subdag_operator.py
[2024-07-04T18:08:34.802+0000] {logging_mixin.py:188} INFO - [2024-07-04T18:08:34.802+0000] {dag.py:3096} INFO - Sync 3 DAGs
[2024-07-04T18:08:34.822+0000] {logging_mixin.py:188} INFO - [2024-07-04T18:08:34.822+0000] {dag.py:3954} INFO - Setting next_dagrun for example_subdag_operator to 2022-01-01 00:00:00+00:00, run_after=2022-01-01 00:00:00+00:00
[2024-07-04T18:08:34.826+0000] {logging_mixin.py:188} INFO - [2024-07-04T18:08:34.826+0000] {dag.py:3954} INFO - Setting next_dagrun for example_subdag_operator.section-1 to None, run_after=None
[2024-07-04T18:08:34.827+0000] {logging_mixin.py:188} INFO - [2024-07-04T18:08:34.827+0000] {dag.py:3954} INFO - Setting next_dagrun for example_subdag_operator.section-2 to None, run_after=None
[2024-07-04T18:08:34.834+0000] {logging_mixin.py:188} INFO - [2024-07-04T18:08:34.834+0000] {dag.py:3096} INFO - Sync 2 DAGs
[2024-07-04T18:08:34.839+0000] {logging_mixin.py:188} INFO - [2024-07-04T18:08:34.839+0000] {dag.py:3954} INFO - Setting next_dagrun for example_subdag_operator.section-1 to None, run_after=None
[2024-07-04T18:08:34.839+0000] {logging_mixin.py:188} INFO - [2024-07-04T18:08:34.839+0000] {dag.py:3954} INFO - Setting next_dagrun for example_subdag_operator.section-2 to None, run_after=None
[2024-07-04T18:08:34.852+0000] {processor.py:183} INFO - Processing /home/airflow/.local/lib/python3.12/site-packages/airflow/example_dags/example_subdag_operator.py took 0.105 seconds
[2024-07-04T18:09:05.468+0000] {processor.py:161} INFO - Started process (PID=657) to work on /home/airflow/.local/lib/python3.12/site-packages/airflow/example_dags/example_subdag_operator.py
[2024-07-04T18:09:05.469+0000] {processor.py:830} INFO - Processing file /home/airflow/.local/lib/python3.12/site-packages/airflow/example_dags/example_subdag_operator.py for tasks to queue
[2024-07-04T18:09:05.470+0000] {logging_mixin.py:188} INFO - [2024-07-04T18:09:05.470+0000] {dagbag.py:545} INFO - Filling up the DagBag from /home/airflow/.local/lib/python3.12/site-packages/airflow/example_dags/example_subdag_operator.py
[2024-07-04T18:09:05.491+0000] {processor.py:840} INFO - DAG(s) 'example_subdag_operator.section-1', 'example_subdag_operator.section-2', 'example_subdag_operator' retrieved from /home/airflow/.local/lib/python3.12/site-packages/airflow/example_dags/example_subdag_operator.py
[2024-07-04T18:09:05.506+0000] {logging_mixin.py:188} INFO - [2024-07-04T18:09:05.506+0000] {dag.py:3096} INFO - Sync 3 DAGs
[2024-07-04T18:09:05.527+0000] {logging_mixin.py:188} INFO - [2024-07-04T18:09:05.526+0000] {dag.py:3954} INFO - Setting next_dagrun for example_subdag_operator to 2022-01-01 00:00:00+00:00, run_after=2022-01-01 00:00:00+00:00
[2024-07-04T18:09:05.530+0000] {logging_mixin.py:188} INFO - [2024-07-04T18:09:05.530+0000] {dag.py:3954} INFO - Setting next_dagrun for example_subdag_operator.section-1 to None, run_after=None
[2024-07-04T18:09:05.532+0000] {logging_mixin.py:188} INFO - [2024-07-04T18:09:05.531+0000] {dag.py:3954} INFO - Setting next_dagrun for example_subdag_operator.section-2 to None, run_after=None
[2024-07-04T18:09:05.538+0000] {logging_mixin.py:188} INFO - [2024-07-04T18:09:05.538+0000] {dag.py:3096} INFO - Sync 2 DAGs
[2024-07-04T18:09:05.544+0000] {logging_mixin.py:188} INFO - [2024-07-04T18:09:05.544+0000] {dag.py:3954} INFO - Setting next_dagrun for example_subdag_operator.section-1 to None, run_after=None
[2024-07-04T18:09:05.545+0000] {logging_mixin.py:188} INFO - [2024-07-04T18:09:05.544+0000] {dag.py:3954} INFO - Setting next_dagrun for example_subdag_operator.section-2 to None, run_after=None
[2024-07-04T18:09:05.557+0000] {processor.py:183} INFO - Processing /home/airflow/.local/lib/python3.12/site-packages/airflow/example_dags/example_subdag_operator.py took 0.094 seconds
[2024-07-04T18:09:35.756+0000] {processor.py:161} INFO - Started process (PID=715) to work on /home/airflow/.local/lib/python3.12/site-packages/airflow/example_dags/example_subdag_operator.py
[2024-07-04T18:09:35.757+0000] {processor.py:830} INFO - Processing file /home/airflow/.local/lib/python3.12/site-packages/airflow/example_dags/example_subdag_operator.py for tasks to queue
[2024-07-04T18:09:35.759+0000] {logging_mixin.py:188} INFO - [2024-07-04T18:09:35.758+0000] {dagbag.py:545} INFO - Filling up the DagBag from /home/airflow/.local/lib/python3.12/site-packages/airflow/example_dags/example_subdag_operator.py
[2024-07-04T18:09:35.787+0000] {processor.py:840} INFO - DAG(s) 'example_subdag_operator.section-1', 'example_subdag_operator.section-2', 'example_subdag_operator' retrieved from /home/airflow/.local/lib/python3.12/site-packages/airflow/example_dags/example_subdag_operator.py
[2024-07-04T18:09:35.804+0000] {logging_mixin.py:188} INFO - [2024-07-04T18:09:35.804+0000] {dag.py:3096} INFO - Sync 3 DAGs
[2024-07-04T18:09:35.827+0000] {logging_mixin.py:188} INFO - [2024-07-04T18:09:35.826+0000] {dag.py:3954} INFO - Setting next_dagrun for example_subdag_operator to 2022-01-01 00:00:00+00:00, run_after=2022-01-01 00:00:00+00:00
[2024-07-04T18:09:35.832+0000] {logging_mixin.py:188} INFO - [2024-07-04T18:09:35.831+0000] {dag.py:3954} INFO - Setting next_dagrun for example_subdag_operator.section-1 to None, run_after=None
[2024-07-04T18:09:35.833+0000] {logging_mixin.py:188} INFO - [2024-07-04T18:09:35.833+0000] {dag.py:3954} INFO - Setting next_dagrun for example_subdag_operator.section-2 to None, run_after=None
[2024-07-04T18:09:35.841+0000] {logging_mixin.py:188} INFO - [2024-07-04T18:09:35.841+0000] {dag.py:3096} INFO - Sync 2 DAGs
[2024-07-04T18:09:35.852+0000] {logging_mixin.py:188} INFO - [2024-07-04T18:09:35.852+0000] {dag.py:3954} INFO - Setting next_dagrun for example_subdag_operator.section-1 to None, run_after=None
[2024-07-04T18:09:35.853+0000] {logging_mixin.py:188} INFO - [2024-07-04T18:09:35.852+0000] {dag.py:3954} INFO - Setting next_dagrun for example_subdag_operator.section-2 to None, run_after=None
[2024-07-04T18:09:35.866+0000] {processor.py:183} INFO - Processing /home/airflow/.local/lib/python3.12/site-packages/airflow/example_dags/example_subdag_operator.py took 0.117 seconds
[2024-07-04T18:10:05.955+0000] {processor.py:161} INFO - Started process (PID=773) to work on /home/airflow/.local/lib/python3.12/site-packages/airflow/example_dags/example_subdag_operator.py
[2024-07-04T18:10:05.957+0000] {processor.py:830} INFO - Processing file /home/airflow/.local/lib/python3.12/site-packages/airflow/example_dags/example_subdag_operator.py for tasks to queue
[2024-07-04T18:10:05.959+0000] {logging_mixin.py:188} INFO - [2024-07-04T18:10:05.959+0000] {dagbag.py:545} INFO - Filling up the DagBag from /home/airflow/.local/lib/python3.12/site-packages/airflow/example_dags/example_subdag_operator.py
[2024-07-04T18:10:05.979+0000] {processor.py:840} INFO - DAG(s) 'example_subdag_operator.section-1', 'example_subdag_operator.section-2', 'example_subdag_operator' retrieved from /home/airflow/.local/lib/python3.12/site-packages/airflow/example_dags/example_subdag_operator.py
[2024-07-04T18:10:05.996+0000] {logging_mixin.py:188} INFO - [2024-07-04T18:10:05.996+0000] {dag.py:3096} INFO - Sync 3 DAGs
[2024-07-04T18:10:06.018+0000] {logging_mixin.py:188} INFO - [2024-07-04T18:10:06.017+0000] {dag.py:3954} INFO - Setting next_dagrun for example_subdag_operator to 2022-01-01 00:00:00+00:00, run_after=2022-01-01 00:00:00+00:00
[2024-07-04T18:10:06.022+0000] {logging_mixin.py:188} INFO - [2024-07-04T18:10:06.022+0000] {dag.py:3954} INFO - Setting next_dagrun for example_subdag_operator.section-1 to None, run_after=None
[2024-07-04T18:10:06.024+0000] {logging_mixin.py:188} INFO - [2024-07-04T18:10:06.024+0000] {dag.py:3954} INFO - Setting next_dagrun for example_subdag_operator.section-2 to None, run_after=None
[2024-07-04T18:10:06.034+0000] {logging_mixin.py:188} INFO - [2024-07-04T18:10:06.033+0000] {dag.py:3096} INFO - Sync 2 DAGs
[2024-07-04T18:10:06.043+0000] {logging_mixin.py:188} INFO - [2024-07-04T18:10:06.043+0000] {dag.py:3954} INFO - Setting next_dagrun for example_subdag_operator.section-1 to None, run_after=None
[2024-07-04T18:10:06.043+0000] {logging_mixin.py:188} INFO - [2024-07-04T18:10:06.043+0000] {dag.py:3954} INFO - Setting next_dagrun for example_subdag_operator.section-2 to None, run_after=None
[2024-07-04T18:10:06.056+0000] {processor.py:183} INFO - Processing /home/airflow/.local/lib/python3.12/site-packages/airflow/example_dags/example_subdag_operator.py took 0.106 seconds
