[2024-07-04T17:38:47.471+0000] {processor.py:161} INFO - Started process (PID=71) to work on /home/airflow/.local/lib/python3.12/site-packages/airflow/example_dags/example_params_ui_tutorial.py
[2024-07-04T17:38:47.472+0000] {processor.py:830} INFO - Processing file /home/airflow/.local/lib/python3.12/site-packages/airflow/example_dags/example_params_ui_tutorial.py for tasks to queue
[2024-07-04T17:38:47.473+0000] {logging_mixin.py:188} INFO - [2024-07-04T17:38:47.473+0000] {dagbag.py:545} INFO - Filling up the DagBag from /home/airflow/.local/lib/python3.12/site-packages/airflow/example_dags/example_params_ui_tutorial.py
[2024-07-04T17:38:47.492+0000] {processor.py:840} INFO - DAG(s) 'example_params_ui_tutorial' retrieved from /home/airflow/.local/lib/python3.12/site-packages/airflow/example_dags/example_params_ui_tutorial.py
[2024-07-04T17:38:48.113+0000] {logging_mixin.py:188} INFO - [2024-07-04T17:38:48.112+0000] {override.py:1829} INFO - Created Permission View: can read on DAG:example_params_ui_tutorial
[2024-07-04T17:38:48.132+0000] {logging_mixin.py:188} INFO - [2024-07-04T17:38:48.131+0000] {override.py:1829} INFO - Created Permission View: can edit on DAG:example_params_ui_tutorial
[2024-07-04T17:38:48.145+0000] {logging_mixin.py:188} INFO - [2024-07-04T17:38:48.144+0000] {override.py:1829} INFO - Created Permission View: can delete on DAG:example_params_ui_tutorial
[2024-07-04T17:38:48.145+0000] {logging_mixin.py:188} INFO - [2024-07-04T17:38:48.145+0000] {dag.py:3096} INFO - Sync 1 DAGs
[2024-07-04T17:38:48.160+0000] {logging_mixin.py:188} INFO - [2024-07-04T17:38:48.160+0000] {dag.py:3118} INFO - Creating ORM DAG for example_params_ui_tutorial
[2024-07-04T17:38:48.161+0000] {logging_mixin.py:188} INFO - [2024-07-04T17:38:48.161+0000] {dag.py:3954} INFO - Setting next_dagrun for example_params_ui_tutorial to None, run_after=None
[2024-07-04T17:38:48.190+0000] {processor.py:183} INFO - Processing /home/airflow/.local/lib/python3.12/site-packages/airflow/example_dags/example_params_ui_tutorial.py took 0.726 seconds
[2024-07-04T17:39:18.893+0000] {processor.py:161} INFO - Started process (PID=129) to work on /home/airflow/.local/lib/python3.12/site-packages/airflow/example_dags/example_params_ui_tutorial.py
[2024-07-04T17:39:18.894+0000] {processor.py:830} INFO - Processing file /home/airflow/.local/lib/python3.12/site-packages/airflow/example_dags/example_params_ui_tutorial.py for tasks to queue
[2024-07-04T17:39:18.895+0000] {logging_mixin.py:188} INFO - [2024-07-04T17:39:18.895+0000] {dagbag.py:545} INFO - Filling up the DagBag from /home/airflow/.local/lib/python3.12/site-packages/airflow/example_dags/example_params_ui_tutorial.py
[2024-07-04T17:39:18.907+0000] {processor.py:840} INFO - DAG(s) 'example_params_ui_tutorial' retrieved from /home/airflow/.local/lib/python3.12/site-packages/airflow/example_dags/example_params_ui_tutorial.py
[2024-07-04T17:39:18.959+0000] {logging_mixin.py:188} INFO - [2024-07-04T17:39:18.958+0000] {dag.py:3096} INFO - Sync 1 DAGs
[2024-07-04T17:39:18.971+0000] {logging_mixin.py:188} INFO - [2024-07-04T17:39:18.970+0000] {dag.py:3954} INFO - Setting next_dagrun for example_params_ui_tutorial to None, run_after=None
[2024-07-04T17:39:18.991+0000] {processor.py:183} INFO - Processing /home/airflow/.local/lib/python3.12/site-packages/airflow/example_dags/example_params_ui_tutorial.py took 0.104 seconds
[2024-07-04T17:44:56.926+0000] {processor.py:161} INFO - Started process (PID=64) to work on /home/airflow/.local/lib/python3.12/site-packages/airflow/example_dags/example_params_ui_tutorial.py
[2024-07-04T17:44:56.927+0000] {processor.py:830} INFO - Processing file /home/airflow/.local/lib/python3.12/site-packages/airflow/example_dags/example_params_ui_tutorial.py for tasks to queue
[2024-07-04T17:44:56.930+0000] {logging_mixin.py:188} INFO - [2024-07-04T17:44:56.929+0000] {dagbag.py:545} INFO - Filling up the DagBag from /home/airflow/.local/lib/python3.12/site-packages/airflow/example_dags/example_params_ui_tutorial.py
[2024-07-04T17:44:56.949+0000] {processor.py:840} INFO - DAG(s) 'example_params_ui_tutorial' retrieved from /home/airflow/.local/lib/python3.12/site-packages/airflow/example_dags/example_params_ui_tutorial.py
[2024-07-04T17:44:57.214+0000] {logging_mixin.py:188} INFO - [2024-07-04T17:44:57.214+0000] {dag.py:3096} INFO - Sync 1 DAGs
[2024-07-04T17:44:57.229+0000] {logging_mixin.py:188} INFO - [2024-07-04T17:44:57.229+0000] {dag.py:3954} INFO - Setting next_dagrun for example_params_ui_tutorial to None, run_after=None
[2024-07-04T17:44:57.254+0000] {processor.py:183} INFO - Processing /home/airflow/.local/lib/python3.12/site-packages/airflow/example_dags/example_params_ui_tutorial.py took 0.336 seconds
[2024-07-04T17:45:27.686+0000] {processor.py:161} INFO - Started process (PID=122) to work on /home/airflow/.local/lib/python3.12/site-packages/airflow/example_dags/example_params_ui_tutorial.py
[2024-07-04T17:45:27.686+0000] {processor.py:830} INFO - Processing file /home/airflow/.local/lib/python3.12/site-packages/airflow/example_dags/example_params_ui_tutorial.py for tasks to queue
[2024-07-04T17:45:27.689+0000] {logging_mixin.py:188} INFO - [2024-07-04T17:45:27.688+0000] {dagbag.py:545} INFO - Filling up the DagBag from /home/airflow/.local/lib/python3.12/site-packages/airflow/example_dags/example_params_ui_tutorial.py
[2024-07-04T17:45:27.709+0000] {processor.py:840} INFO - DAG(s) 'example_params_ui_tutorial' retrieved from /home/airflow/.local/lib/python3.12/site-packages/airflow/example_dags/example_params_ui_tutorial.py
[2024-07-04T17:45:27.782+0000] {logging_mixin.py:188} INFO - [2024-07-04T17:45:27.782+0000] {dag.py:3096} INFO - Sync 1 DAGs
[2024-07-04T17:45:27.795+0000] {logging_mixin.py:188} INFO - [2024-07-04T17:45:27.794+0000] {dag.py:3954} INFO - Setting next_dagrun for example_params_ui_tutorial to None, run_after=None
[2024-07-04T17:45:27.815+0000] {processor.py:183} INFO - Processing /home/airflow/.local/lib/python3.12/site-packages/airflow/example_dags/example_params_ui_tutorial.py took 0.134 seconds
[2024-07-04T17:45:57.932+0000] {processor.py:161} INFO - Started process (PID=180) to work on /home/airflow/.local/lib/python3.12/site-packages/airflow/example_dags/example_params_ui_tutorial.py
[2024-07-04T17:45:57.933+0000] {processor.py:830} INFO - Processing file /home/airflow/.local/lib/python3.12/site-packages/airflow/example_dags/example_params_ui_tutorial.py for tasks to queue
[2024-07-04T17:45:57.935+0000] {logging_mixin.py:188} INFO - [2024-07-04T17:45:57.935+0000] {dagbag.py:545} INFO - Filling up the DagBag from /home/airflow/.local/lib/python3.12/site-packages/airflow/example_dags/example_params_ui_tutorial.py
[2024-07-04T17:45:57.952+0000] {processor.py:840} INFO - DAG(s) 'example_params_ui_tutorial' retrieved from /home/airflow/.local/lib/python3.12/site-packages/airflow/example_dags/example_params_ui_tutorial.py
[2024-07-04T17:45:58.009+0000] {logging_mixin.py:188} INFO - [2024-07-04T17:45:58.009+0000] {dag.py:3096} INFO - Sync 1 DAGs
[2024-07-04T17:45:58.022+0000] {logging_mixin.py:188} INFO - [2024-07-04T17:45:58.022+0000] {dag.py:3954} INFO - Setting next_dagrun for example_params_ui_tutorial to None, run_after=None
[2024-07-04T17:45:58.043+0000] {processor.py:183} INFO - Processing /home/airflow/.local/lib/python3.12/site-packages/airflow/example_dags/example_params_ui_tutorial.py took 0.119 seconds
[2024-07-04T17:46:28.182+0000] {processor.py:161} INFO - Started process (PID=238) to work on /home/airflow/.local/lib/python3.12/site-packages/airflow/example_dags/example_params_ui_tutorial.py
[2024-07-04T17:46:28.183+0000] {processor.py:830} INFO - Processing file /home/airflow/.local/lib/python3.12/site-packages/airflow/example_dags/example_params_ui_tutorial.py for tasks to queue
[2024-07-04T17:46:28.184+0000] {logging_mixin.py:188} INFO - [2024-07-04T17:46:28.184+0000] {dagbag.py:545} INFO - Filling up the DagBag from /home/airflow/.local/lib/python3.12/site-packages/airflow/example_dags/example_params_ui_tutorial.py
[2024-07-04T17:46:28.197+0000] {processor.py:840} INFO - DAG(s) 'example_params_ui_tutorial' retrieved from /home/airflow/.local/lib/python3.12/site-packages/airflow/example_dags/example_params_ui_tutorial.py
[2024-07-04T17:46:28.252+0000] {logging_mixin.py:188} INFO - [2024-07-04T17:46:28.252+0000] {dag.py:3096} INFO - Sync 1 DAGs
[2024-07-04T17:46:28.264+0000] {logging_mixin.py:188} INFO - [2024-07-04T17:46:28.263+0000] {dag.py:3954} INFO - Setting next_dagrun for example_params_ui_tutorial to None, run_after=None
[2024-07-04T17:46:28.286+0000] {processor.py:183} INFO - Processing /home/airflow/.local/lib/python3.12/site-packages/airflow/example_dags/example_params_ui_tutorial.py took 0.108 seconds
[2024-07-04T18:03:58.358+0000] {processor.py:161} INFO - Started process (PID=64) to work on /home/airflow/.local/lib/python3.12/site-packages/airflow/example_dags/example_params_ui_tutorial.py
[2024-07-04T18:03:58.359+0000] {processor.py:830} INFO - Processing file /home/airflow/.local/lib/python3.12/site-packages/airflow/example_dags/example_params_ui_tutorial.py for tasks to queue
[2024-07-04T18:03:58.360+0000] {logging_mixin.py:188} INFO - [2024-07-04T18:03:58.360+0000] {dagbag.py:545} INFO - Filling up the DagBag from /home/airflow/.local/lib/python3.12/site-packages/airflow/example_dags/example_params_ui_tutorial.py
[2024-07-04T18:03:58.385+0000] {processor.py:840} INFO - DAG(s) 'example_params_ui_tutorial' retrieved from /home/airflow/.local/lib/python3.12/site-packages/airflow/example_dags/example_params_ui_tutorial.py
[2024-07-04T18:03:58.719+0000] {logging_mixin.py:188} INFO - [2024-07-04T18:03:58.718+0000] {dag.py:3096} INFO - Sync 1 DAGs
[2024-07-04T18:03:58.739+0000] {logging_mixin.py:188} INFO - [2024-07-04T18:03:58.738+0000] {dag.py:3954} INFO - Setting next_dagrun for example_params_ui_tutorial to None, run_after=None
[2024-07-04T18:03:58.769+0000] {processor.py:183} INFO - Processing /home/airflow/.local/lib/python3.12/site-packages/airflow/example_dags/example_params_ui_tutorial.py took 0.419 seconds
[2024-07-04T18:04:29.497+0000] {processor.py:161} INFO - Started process (PID=122) to work on /home/airflow/.local/lib/python3.12/site-packages/airflow/example_dags/example_params_ui_tutorial.py
[2024-07-04T18:04:29.498+0000] {processor.py:830} INFO - Processing file /home/airflow/.local/lib/python3.12/site-packages/airflow/example_dags/example_params_ui_tutorial.py for tasks to queue
[2024-07-04T18:04:29.500+0000] {logging_mixin.py:188} INFO - [2024-07-04T18:04:29.500+0000] {dagbag.py:545} INFO - Filling up the DagBag from /home/airflow/.local/lib/python3.12/site-packages/airflow/example_dags/example_params_ui_tutorial.py
[2024-07-04T18:04:29.512+0000] {processor.py:840} INFO - DAG(s) 'example_params_ui_tutorial' retrieved from /home/airflow/.local/lib/python3.12/site-packages/airflow/example_dags/example_params_ui_tutorial.py
[2024-07-04T18:04:29.569+0000] {logging_mixin.py:188} INFO - [2024-07-04T18:04:29.569+0000] {dag.py:3096} INFO - Sync 1 DAGs
[2024-07-04T18:04:29.583+0000] {logging_mixin.py:188} INFO - [2024-07-04T18:04:29.583+0000] {dag.py:3954} INFO - Setting next_dagrun for example_params_ui_tutorial to None, run_after=None
[2024-07-04T18:04:29.602+0000] {processor.py:183} INFO - Processing /home/airflow/.local/lib/python3.12/site-packages/airflow/example_dags/example_params_ui_tutorial.py took 0.112 seconds
[2024-07-04T18:05:00.275+0000] {processor.py:161} INFO - Started process (PID=185) to work on /home/airflow/.local/lib/python3.12/site-packages/airflow/example_dags/example_params_ui_tutorial.py
[2024-07-04T18:05:00.276+0000] {processor.py:830} INFO - Processing file /home/airflow/.local/lib/python3.12/site-packages/airflow/example_dags/example_params_ui_tutorial.py for tasks to queue
[2024-07-04T18:05:00.278+0000] {logging_mixin.py:188} INFO - [2024-07-04T18:05:00.278+0000] {dagbag.py:545} INFO - Filling up the DagBag from /home/airflow/.local/lib/python3.12/site-packages/airflow/example_dags/example_params_ui_tutorial.py
[2024-07-04T18:05:00.288+0000] {processor.py:840} INFO - DAG(s) 'example_params_ui_tutorial' retrieved from /home/airflow/.local/lib/python3.12/site-packages/airflow/example_dags/example_params_ui_tutorial.py
[2024-07-04T18:05:00.342+0000] {logging_mixin.py:188} INFO - [2024-07-04T18:05:00.342+0000] {dag.py:3096} INFO - Sync 1 DAGs
[2024-07-04T18:05:00.356+0000] {logging_mixin.py:188} INFO - [2024-07-04T18:05:00.356+0000] {dag.py:3954} INFO - Setting next_dagrun for example_params_ui_tutorial to None, run_after=None
[2024-07-04T18:05:00.378+0000] {processor.py:183} INFO - Processing /home/airflow/.local/lib/python3.12/site-packages/airflow/example_dags/example_params_ui_tutorial.py took 0.108 seconds
[2024-07-04T18:05:30.551+0000] {processor.py:161} INFO - Started process (PID=244) to work on /home/airflow/.local/lib/python3.12/site-packages/airflow/example_dags/example_params_ui_tutorial.py
[2024-07-04T18:05:30.552+0000] {processor.py:830} INFO - Processing file /home/airflow/.local/lib/python3.12/site-packages/airflow/example_dags/example_params_ui_tutorial.py for tasks to queue
[2024-07-04T18:05:30.554+0000] {logging_mixin.py:188} INFO - [2024-07-04T18:05:30.554+0000] {dagbag.py:545} INFO - Filling up the DagBag from /home/airflow/.local/lib/python3.12/site-packages/airflow/example_dags/example_params_ui_tutorial.py
[2024-07-04T18:05:30.567+0000] {processor.py:840} INFO - DAG(s) 'example_params_ui_tutorial' retrieved from /home/airflow/.local/lib/python3.12/site-packages/airflow/example_dags/example_params_ui_tutorial.py
[2024-07-04T18:05:30.622+0000] {logging_mixin.py:188} INFO - [2024-07-04T18:05:30.621+0000] {dag.py:3096} INFO - Sync 1 DAGs
[2024-07-04T18:05:30.634+0000] {logging_mixin.py:188} INFO - [2024-07-04T18:05:30.633+0000] {dag.py:3954} INFO - Setting next_dagrun for example_params_ui_tutorial to None, run_after=None
[2024-07-04T18:05:30.658+0000] {processor.py:183} INFO - Processing /home/airflow/.local/lib/python3.12/site-packages/airflow/example_dags/example_params_ui_tutorial.py took 0.112 seconds
[2024-07-04T18:06:01.025+0000] {processor.py:161} INFO - Started process (PID=303) to work on /home/airflow/.local/lib/python3.12/site-packages/airflow/example_dags/example_params_ui_tutorial.py
[2024-07-04T18:06:01.025+0000] {processor.py:830} INFO - Processing file /home/airflow/.local/lib/python3.12/site-packages/airflow/example_dags/example_params_ui_tutorial.py for tasks to queue
[2024-07-04T18:06:01.027+0000] {logging_mixin.py:188} INFO - [2024-07-04T18:06:01.027+0000] {dagbag.py:545} INFO - Filling up the DagBag from /home/airflow/.local/lib/python3.12/site-packages/airflow/example_dags/example_params_ui_tutorial.py
[2024-07-04T18:06:01.038+0000] {processor.py:840} INFO - DAG(s) 'example_params_ui_tutorial' retrieved from /home/airflow/.local/lib/python3.12/site-packages/airflow/example_dags/example_params_ui_tutorial.py
[2024-07-04T18:06:01.091+0000] {logging_mixin.py:188} INFO - [2024-07-04T18:06:01.090+0000] {dag.py:3096} INFO - Sync 1 DAGs
[2024-07-04T18:06:01.104+0000] {logging_mixin.py:188} INFO - [2024-07-04T18:06:01.104+0000] {dag.py:3954} INFO - Setting next_dagrun for example_params_ui_tutorial to None, run_after=None
[2024-07-04T18:06:01.127+0000] {processor.py:183} INFO - Processing /home/airflow/.local/lib/python3.12/site-packages/airflow/example_dags/example_params_ui_tutorial.py took 0.107 seconds
[2024-07-04T18:06:31.455+0000] {processor.py:161} INFO - Started process (PID=361) to work on /home/airflow/.local/lib/python3.12/site-packages/airflow/example_dags/example_params_ui_tutorial.py
[2024-07-04T18:06:31.456+0000] {processor.py:830} INFO - Processing file /home/airflow/.local/lib/python3.12/site-packages/airflow/example_dags/example_params_ui_tutorial.py for tasks to queue
[2024-07-04T18:06:31.459+0000] {logging_mixin.py:188} INFO - [2024-07-04T18:06:31.458+0000] {dagbag.py:545} INFO - Filling up the DagBag from /home/airflow/.local/lib/python3.12/site-packages/airflow/example_dags/example_params_ui_tutorial.py
[2024-07-04T18:06:31.471+0000] {processor.py:840} INFO - DAG(s) 'example_params_ui_tutorial' retrieved from /home/airflow/.local/lib/python3.12/site-packages/airflow/example_dags/example_params_ui_tutorial.py
[2024-07-04T18:06:31.528+0000] {logging_mixin.py:188} INFO - [2024-07-04T18:06:31.528+0000] {dag.py:3096} INFO - Sync 1 DAGs
[2024-07-04T18:06:31.543+0000] {logging_mixin.py:188} INFO - [2024-07-04T18:06:31.542+0000] {dag.py:3954} INFO - Setting next_dagrun for example_params_ui_tutorial to None, run_after=None
[2024-07-04T18:06:31.570+0000] {processor.py:183} INFO - Processing /home/airflow/.local/lib/python3.12/site-packages/airflow/example_dags/example_params_ui_tutorial.py took 0.121 seconds
[2024-07-04T18:07:01.858+0000] {processor.py:161} INFO - Started process (PID=420) to work on /home/airflow/.local/lib/python3.12/site-packages/airflow/example_dags/example_params_ui_tutorial.py
[2024-07-04T18:07:01.859+0000] {processor.py:830} INFO - Processing file /home/airflow/.local/lib/python3.12/site-packages/airflow/example_dags/example_params_ui_tutorial.py for tasks to queue
[2024-07-04T18:07:01.861+0000] {logging_mixin.py:188} INFO - [2024-07-04T18:07:01.861+0000] {dagbag.py:545} INFO - Filling up the DagBag from /home/airflow/.local/lib/python3.12/site-packages/airflow/example_dags/example_params_ui_tutorial.py
[2024-07-04T18:07:01.873+0000] {processor.py:840} INFO - DAG(s) 'example_params_ui_tutorial' retrieved from /home/airflow/.local/lib/python3.12/site-packages/airflow/example_dags/example_params_ui_tutorial.py
[2024-07-04T18:07:01.938+0000] {logging_mixin.py:188} INFO - [2024-07-04T18:07:01.938+0000] {dag.py:3096} INFO - Sync 1 DAGs
[2024-07-04T18:07:01.950+0000] {logging_mixin.py:188} INFO - [2024-07-04T18:07:01.950+0000] {dag.py:3954} INFO - Setting next_dagrun for example_params_ui_tutorial to None, run_after=None
[2024-07-04T18:07:01.976+0000] {processor.py:183} INFO - Processing /home/airflow/.local/lib/python3.12/site-packages/airflow/example_dags/example_params_ui_tutorial.py took 0.124 seconds
[2024-07-04T18:07:32.246+0000] {processor.py:161} INFO - Started process (PID=477) to work on /home/airflow/.local/lib/python3.12/site-packages/airflow/example_dags/example_params_ui_tutorial.py
[2024-07-04T18:07:32.247+0000] {processor.py:830} INFO - Processing file /home/airflow/.local/lib/python3.12/site-packages/airflow/example_dags/example_params_ui_tutorial.py for tasks to queue
[2024-07-04T18:07:32.249+0000] {logging_mixin.py:188} INFO - [2024-07-04T18:07:32.248+0000] {dagbag.py:545} INFO - Filling up the DagBag from /home/airflow/.local/lib/python3.12/site-packages/airflow/example_dags/example_params_ui_tutorial.py
[2024-07-04T18:07:32.261+0000] {processor.py:840} INFO - DAG(s) 'example_params_ui_tutorial' retrieved from /home/airflow/.local/lib/python3.12/site-packages/airflow/example_dags/example_params_ui_tutorial.py
[2024-07-04T18:07:32.318+0000] {logging_mixin.py:188} INFO - [2024-07-04T18:07:32.318+0000] {dag.py:3096} INFO - Sync 1 DAGs
[2024-07-04T18:07:32.332+0000] {logging_mixin.py:188} INFO - [2024-07-04T18:07:32.331+0000] {dag.py:3954} INFO - Setting next_dagrun for example_params_ui_tutorial to None, run_after=None
[2024-07-04T18:07:32.353+0000] {processor.py:183} INFO - Processing /home/airflow/.local/lib/python3.12/site-packages/airflow/example_dags/example_params_ui_tutorial.py took 0.113 seconds
[2024-07-04T18:08:02.749+0000] {processor.py:161} INFO - Started process (PID=535) to work on /home/airflow/.local/lib/python3.12/site-packages/airflow/example_dags/example_params_ui_tutorial.py
[2024-07-04T18:08:02.750+0000] {processor.py:830} INFO - Processing file /home/airflow/.local/lib/python3.12/site-packages/airflow/example_dags/example_params_ui_tutorial.py for tasks to queue
[2024-07-04T18:08:02.751+0000] {logging_mixin.py:188} INFO - [2024-07-04T18:08:02.751+0000] {dagbag.py:545} INFO - Filling up the DagBag from /home/airflow/.local/lib/python3.12/site-packages/airflow/example_dags/example_params_ui_tutorial.py
[2024-07-04T18:08:02.763+0000] {processor.py:840} INFO - DAG(s) 'example_params_ui_tutorial' retrieved from /home/airflow/.local/lib/python3.12/site-packages/airflow/example_dags/example_params_ui_tutorial.py
[2024-07-04T18:08:02.816+0000] {logging_mixin.py:188} INFO - [2024-07-04T18:08:02.816+0000] {dag.py:3096} INFO - Sync 1 DAGs
[2024-07-04T18:08:02.829+0000] {logging_mixin.py:188} INFO - [2024-07-04T18:08:02.828+0000] {dag.py:3954} INFO - Setting next_dagrun for example_params_ui_tutorial to None, run_after=None
[2024-07-04T18:08:02.852+0000] {processor.py:183} INFO - Processing /home/airflow/.local/lib/python3.12/site-packages/airflow/example_dags/example_params_ui_tutorial.py took 0.109 seconds
[2024-07-04T18:08:33.354+0000] {processor.py:161} INFO - Started process (PID=593) to work on /home/airflow/.local/lib/python3.12/site-packages/airflow/example_dags/example_params_ui_tutorial.py
[2024-07-04T18:08:33.355+0000] {processor.py:830} INFO - Processing file /home/airflow/.local/lib/python3.12/site-packages/airflow/example_dags/example_params_ui_tutorial.py for tasks to queue
[2024-07-04T18:08:33.358+0000] {logging_mixin.py:188} INFO - [2024-07-04T18:08:33.357+0000] {dagbag.py:545} INFO - Filling up the DagBag from /home/airflow/.local/lib/python3.12/site-packages/airflow/example_dags/example_params_ui_tutorial.py
[2024-07-04T18:08:33.371+0000] {processor.py:840} INFO - DAG(s) 'example_params_ui_tutorial' retrieved from /home/airflow/.local/lib/python3.12/site-packages/airflow/example_dags/example_params_ui_tutorial.py
[2024-07-04T18:08:33.424+0000] {logging_mixin.py:188} INFO - [2024-07-04T18:08:33.424+0000] {dag.py:3096} INFO - Sync 1 DAGs
[2024-07-04T18:08:33.436+0000] {logging_mixin.py:188} INFO - [2024-07-04T18:08:33.436+0000] {dag.py:3954} INFO - Setting next_dagrun for example_params_ui_tutorial to None, run_after=None
[2024-07-04T18:08:33.456+0000] {processor.py:183} INFO - Processing /home/airflow/.local/lib/python3.12/site-packages/airflow/example_dags/example_params_ui_tutorial.py took 0.109 seconds
[2024-07-04T18:09:04.099+0000] {processor.py:161} INFO - Started process (PID=650) to work on /home/airflow/.local/lib/python3.12/site-packages/airflow/example_dags/example_params_ui_tutorial.py
[2024-07-04T18:09:04.100+0000] {processor.py:830} INFO - Processing file /home/airflow/.local/lib/python3.12/site-packages/airflow/example_dags/example_params_ui_tutorial.py for tasks to queue
[2024-07-04T18:09:04.101+0000] {logging_mixin.py:188} INFO - [2024-07-04T18:09:04.101+0000] {dagbag.py:545} INFO - Filling up the DagBag from /home/airflow/.local/lib/python3.12/site-packages/airflow/example_dags/example_params_ui_tutorial.py
[2024-07-04T18:09:04.113+0000] {processor.py:840} INFO - DAG(s) 'example_params_ui_tutorial' retrieved from /home/airflow/.local/lib/python3.12/site-packages/airflow/example_dags/example_params_ui_tutorial.py
[2024-07-04T18:09:04.168+0000] {logging_mixin.py:188} INFO - [2024-07-04T18:09:04.168+0000] {dag.py:3096} INFO - Sync 1 DAGs
[2024-07-04T18:09:04.179+0000] {logging_mixin.py:188} INFO - [2024-07-04T18:09:04.179+0000] {dag.py:3954} INFO - Setting next_dagrun for example_params_ui_tutorial to None, run_after=None
[2024-07-04T18:09:04.200+0000] {processor.py:183} INFO - Processing /home/airflow/.local/lib/python3.12/site-packages/airflow/example_dags/example_params_ui_tutorial.py took 0.106 seconds
[2024-07-04T18:09:34.337+0000] {processor.py:161} INFO - Started process (PID=708) to work on /home/airflow/.local/lib/python3.12/site-packages/airflow/example_dags/example_params_ui_tutorial.py
[2024-07-04T18:09:34.338+0000] {processor.py:830} INFO - Processing file /home/airflow/.local/lib/python3.12/site-packages/airflow/example_dags/example_params_ui_tutorial.py for tasks to queue
[2024-07-04T18:09:34.340+0000] {logging_mixin.py:188} INFO - [2024-07-04T18:09:34.340+0000] {dagbag.py:545} INFO - Filling up the DagBag from /home/airflow/.local/lib/python3.12/site-packages/airflow/example_dags/example_params_ui_tutorial.py
[2024-07-04T18:09:34.355+0000] {processor.py:840} INFO - DAG(s) 'example_params_ui_tutorial' retrieved from /home/airflow/.local/lib/python3.12/site-packages/airflow/example_dags/example_params_ui_tutorial.py
[2024-07-04T18:09:34.409+0000] {logging_mixin.py:188} INFO - [2024-07-04T18:09:34.409+0000] {dag.py:3096} INFO - Sync 1 DAGs
[2024-07-04T18:09:34.421+0000] {logging_mixin.py:188} INFO - [2024-07-04T18:09:34.421+0000] {dag.py:3954} INFO - Setting next_dagrun for example_params_ui_tutorial to None, run_after=None
[2024-07-04T18:09:34.447+0000] {processor.py:183} INFO - Processing /home/airflow/.local/lib/python3.12/site-packages/airflow/example_dags/example_params_ui_tutorial.py took 0.117 seconds
[2024-07-04T18:10:04.563+0000] {processor.py:161} INFO - Started process (PID=766) to work on /home/airflow/.local/lib/python3.12/site-packages/airflow/example_dags/example_params_ui_tutorial.py
[2024-07-04T18:10:04.564+0000] {processor.py:830} INFO - Processing file /home/airflow/.local/lib/python3.12/site-packages/airflow/example_dags/example_params_ui_tutorial.py for tasks to queue
[2024-07-04T18:10:04.565+0000] {logging_mixin.py:188} INFO - [2024-07-04T18:10:04.565+0000] {dagbag.py:545} INFO - Filling up the DagBag from /home/airflow/.local/lib/python3.12/site-packages/airflow/example_dags/example_params_ui_tutorial.py
[2024-07-04T18:10:04.576+0000] {processor.py:840} INFO - DAG(s) 'example_params_ui_tutorial' retrieved from /home/airflow/.local/lib/python3.12/site-packages/airflow/example_dags/example_params_ui_tutorial.py
[2024-07-04T18:10:04.629+0000] {logging_mixin.py:188} INFO - [2024-07-04T18:10:04.628+0000] {dag.py:3096} INFO - Sync 1 DAGs
[2024-07-04T18:10:04.641+0000] {logging_mixin.py:188} INFO - [2024-07-04T18:10:04.640+0000] {dag.py:3954} INFO - Setting next_dagrun for example_params_ui_tutorial to None, run_after=None
[2024-07-04T18:10:04.663+0000] {processor.py:183} INFO - Processing /home/airflow/.local/lib/python3.12/site-packages/airflow/example_dags/example_params_ui_tutorial.py took 0.105 seconds
