[2024-07-04T17:38:48.390+0000] {processor.py:161} INFO - Started process (PID=74) to work on /home/airflow/.local/lib/python3.12/site-packages/airflow/example_dags/example_datasets.py
[2024-07-04T17:38:48.391+0000] {processor.py:830} INFO - Processing file /home/airflow/.local/lib/python3.12/site-packages/airflow/example_dags/example_datasets.py for tasks to queue
[2024-07-04T17:38:48.393+0000] {logging_mixin.py:188} INFO - [2024-07-04T17:38:48.392+0000] {dagbag.py:545} INFO - Filling up the DagBag from /home/airflow/.local/lib/python3.12/site-packages/airflow/example_dags/example_datasets.py
[2024-07-04T17:38:48.413+0000] {processor.py:840} INFO - DAG(s) 'conditional_dataset_and_time_based_timetable', 'dataset_consumes_unknown_never_scheduled', 'consume_1_or_2_with_dataset_expressions', 'consume_1_or_both_2_and_3_with_dataset_expressions', 'dataset_produces_2', 'dataset_consumes_1_and_2', 'dataset_consumes_1_never_scheduled', 'dataset_produces_1', 'consume_1_and_2_with_dataset_expressions', 'dataset_consumes_1' retrieved from /home/airflow/.local/lib/python3.12/site-packages/airflow/example_dags/example_datasets.py
[2024-07-04T17:38:48.542+0000] {logging_mixin.py:188} INFO - [2024-07-04T17:38:48.541+0000] {override.py:1829} INFO - Created Permission View: can read on DAG:conditional_dataset_and_time_based_timetable
[2024-07-04T17:38:48.559+0000] {logging_mixin.py:188} INFO - [2024-07-04T17:38:48.558+0000] {override.py:1829} INFO - Created Permission View: can edit on DAG:conditional_dataset_and_time_based_timetable
[2024-07-04T17:38:48.577+0000] {logging_mixin.py:188} INFO - [2024-07-04T17:38:48.577+0000] {override.py:1829} INFO - Created Permission View: can delete on DAG:conditional_dataset_and_time_based_timetable
[2024-07-04T17:38:48.597+0000] {logging_mixin.py:188} INFO - [2024-07-04T17:38:48.596+0000] {override.py:1829} INFO - Created Permission View: can read on DAG:dataset_consumes_unknown_never_scheduled
[2024-07-04T17:38:48.607+0000] {logging_mixin.py:188} INFO - [2024-07-04T17:38:48.606+0000] {override.py:1829} INFO - Created Permission View: can edit on DAG:dataset_consumes_unknown_never_scheduled
[2024-07-04T17:38:48.615+0000] {logging_mixin.py:188} INFO - [2024-07-04T17:38:48.614+0000] {override.py:1829} INFO - Created Permission View: can delete on DAG:dataset_consumes_unknown_never_scheduled
[2024-07-04T17:38:48.634+0000] {logging_mixin.py:188} INFO - [2024-07-04T17:38:48.634+0000] {override.py:1829} INFO - Created Permission View: can read on DAG:consume_1_or_2_with_dataset_expressions
[2024-07-04T17:38:48.647+0000] {logging_mixin.py:188} INFO - [2024-07-04T17:38:48.647+0000] {override.py:1829} INFO - Created Permission View: can edit on DAG:consume_1_or_2_with_dataset_expressions
[2024-07-04T17:38:48.656+0000] {logging_mixin.py:188} INFO - [2024-07-04T17:38:48.656+0000] {override.py:1829} INFO - Created Permission View: can delete on DAG:consume_1_or_2_with_dataset_expressions
[2024-07-04T17:38:48.677+0000] {logging_mixin.py:188} INFO - [2024-07-04T17:38:48.676+0000] {override.py:1829} INFO - Created Permission View: can read on DAG:consume_1_or_both_2_and_3_with_dataset_expressions
[2024-07-04T17:38:48.691+0000] {logging_mixin.py:188} INFO - [2024-07-04T17:38:48.691+0000] {override.py:1829} INFO - Created Permission View: can edit on DAG:consume_1_or_both_2_and_3_with_dataset_expressions
[2024-07-04T17:38:48.703+0000] {logging_mixin.py:188} INFO - [2024-07-04T17:38:48.703+0000] {override.py:1829} INFO - Created Permission View: can delete on DAG:consume_1_or_both_2_and_3_with_dataset_expressions
[2024-07-04T17:38:48.727+0000] {logging_mixin.py:188} INFO - [2024-07-04T17:38:48.727+0000] {override.py:1829} INFO - Created Permission View: can read on DAG:dataset_produces_2
[2024-07-04T17:38:48.735+0000] {logging_mixin.py:188} INFO - [2024-07-04T17:38:48.735+0000] {override.py:1829} INFO - Created Permission View: can edit on DAG:dataset_produces_2
[2024-07-04T17:38:48.745+0000] {logging_mixin.py:188} INFO - [2024-07-04T17:38:48.745+0000] {override.py:1829} INFO - Created Permission View: can delete on DAG:dataset_produces_2
[2024-07-04T17:38:48.770+0000] {logging_mixin.py:188} INFO - [2024-07-04T17:38:48.769+0000] {override.py:1829} INFO - Created Permission View: can read on DAG:dataset_consumes_1_and_2
[2024-07-04T17:38:48.780+0000] {logging_mixin.py:188} INFO - [2024-07-04T17:38:48.779+0000] {override.py:1829} INFO - Created Permission View: can edit on DAG:dataset_consumes_1_and_2
[2024-07-04T17:38:48.791+0000] {logging_mixin.py:188} INFO - [2024-07-04T17:38:48.791+0000] {override.py:1829} INFO - Created Permission View: can delete on DAG:dataset_consumes_1_and_2
[2024-07-04T17:38:48.817+0000] {logging_mixin.py:188} INFO - [2024-07-04T17:38:48.817+0000] {override.py:1829} INFO - Created Permission View: can read on DAG:dataset_consumes_1_never_scheduled
[2024-07-04T17:38:48.831+0000] {logging_mixin.py:188} INFO - [2024-07-04T17:38:48.830+0000] {override.py:1829} INFO - Created Permission View: can edit on DAG:dataset_consumes_1_never_scheduled
[2024-07-04T17:38:48.846+0000] {logging_mixin.py:188} INFO - [2024-07-04T17:38:48.845+0000] {override.py:1829} INFO - Created Permission View: can delete on DAG:dataset_consumes_1_never_scheduled
[2024-07-04T17:38:48.864+0000] {logging_mixin.py:188} INFO - [2024-07-04T17:38:48.864+0000] {override.py:1829} INFO - Created Permission View: can read on DAG:dataset_produces_1
[2024-07-04T17:38:48.874+0000] {logging_mixin.py:188} INFO - [2024-07-04T17:38:48.874+0000] {override.py:1829} INFO - Created Permission View: can edit on DAG:dataset_produces_1
[2024-07-04T17:38:48.884+0000] {logging_mixin.py:188} INFO - [2024-07-04T17:38:48.884+0000] {override.py:1829} INFO - Created Permission View: can delete on DAG:dataset_produces_1
[2024-07-04T17:38:48.902+0000] {logging_mixin.py:188} INFO - [2024-07-04T17:38:48.901+0000] {override.py:1829} INFO - Created Permission View: can read on DAG:consume_1_and_2_with_dataset_expressions
[2024-07-04T17:38:48.912+0000] {logging_mixin.py:188} INFO - [2024-07-04T17:38:48.912+0000] {override.py:1829} INFO - Created Permission View: can edit on DAG:consume_1_and_2_with_dataset_expressions
[2024-07-04T17:38:48.922+0000] {logging_mixin.py:188} INFO - [2024-07-04T17:38:48.922+0000] {override.py:1829} INFO - Created Permission View: can delete on DAG:consume_1_and_2_with_dataset_expressions
[2024-07-04T17:38:48.942+0000] {logging_mixin.py:188} INFO - [2024-07-04T17:38:48.942+0000] {override.py:1829} INFO - Created Permission View: can read on DAG:dataset_consumes_1
[2024-07-04T17:38:48.950+0000] {logging_mixin.py:188} INFO - [2024-07-04T17:38:48.950+0000] {override.py:1829} INFO - Created Permission View: can edit on DAG:dataset_consumes_1
[2024-07-04T17:38:48.964+0000] {logging_mixin.py:188} INFO - [2024-07-04T17:38:48.964+0000] {override.py:1829} INFO - Created Permission View: can delete on DAG:dataset_consumes_1
[2024-07-04T17:38:48.964+0000] {logging_mixin.py:188} INFO - [2024-07-04T17:38:48.964+0000] {dag.py:3096} INFO - Sync 10 DAGs
[2024-07-04T17:38:48.977+0000] {logging_mixin.py:188} INFO - [2024-07-04T17:38:48.977+0000] {dag.py:3118} INFO - Creating ORM DAG for dataset_consumes_1_and_2
[2024-07-04T17:38:48.978+0000] {logging_mixin.py:188} INFO - [2024-07-04T17:38:48.978+0000] {dag.py:3118} INFO - Creating ORM DAG for dataset_consumes_1
[2024-07-04T17:38:48.978+0000] {logging_mixin.py:188} INFO - [2024-07-04T17:38:48.978+0000] {dag.py:3118} INFO - Creating ORM DAG for dataset_produces_2
[2024-07-04T17:38:48.979+0000] {logging_mixin.py:188} INFO - [2024-07-04T17:38:48.979+0000] {dag.py:3118} INFO - Creating ORM DAG for dataset_produces_1
[2024-07-04T17:38:48.980+0000] {logging_mixin.py:188} INFO - [2024-07-04T17:38:48.980+0000] {dag.py:3118} INFO - Creating ORM DAG for consume_1_or_2_with_dataset_expressions
[2024-07-04T17:38:48.981+0000] {logging_mixin.py:188} INFO - [2024-07-04T17:38:48.981+0000] {dag.py:3118} INFO - Creating ORM DAG for consume_1_and_2_with_dataset_expressions
[2024-07-04T17:38:48.982+0000] {logging_mixin.py:188} INFO - [2024-07-04T17:38:48.981+0000] {dag.py:3118} INFO - Creating ORM DAG for dataset_consumes_unknown_never_scheduled
[2024-07-04T17:38:48.982+0000] {logging_mixin.py:188} INFO - [2024-07-04T17:38:48.982+0000] {dag.py:3118} INFO - Creating ORM DAG for dataset_consumes_1_never_scheduled
[2024-07-04T17:38:48.983+0000] {logging_mixin.py:188} INFO - [2024-07-04T17:38:48.983+0000] {dag.py:3118} INFO - Creating ORM DAG for conditional_dataset_and_time_based_timetable
[2024-07-04T17:38:48.984+0000] {logging_mixin.py:188} INFO - [2024-07-04T17:38:48.984+0000] {dag.py:3118} INFO - Creating ORM DAG for consume_1_or_both_2_and_3_with_dataset_expressions
[2024-07-04T17:38:49.000+0000] {logging_mixin.py:188} INFO - [2024-07-04T17:38:49.000+0000] {dag.py:3954} INFO - Setting next_dagrun for conditional_dataset_and_time_based_timetable to 2024-07-03 01:00:00+00:00, run_after=2024-07-03 01:00:00+00:00
[2024-07-04T17:38:49.002+0000] {logging_mixin.py:188} INFO - [2024-07-04T17:38:49.001+0000] {dag.py:3954} INFO - Setting next_dagrun for consume_1_and_2_with_dataset_expressions to None, run_after=None
[2024-07-04T17:38:49.003+0000] {logging_mixin.py:188} INFO - [2024-07-04T17:38:49.002+0000] {dag.py:3954} INFO - Setting next_dagrun for consume_1_or_2_with_dataset_expressions to None, run_after=None
[2024-07-04T17:38:49.003+0000] {logging_mixin.py:188} INFO - [2024-07-04T17:38:49.003+0000] {dag.py:3954} INFO - Setting next_dagrun for consume_1_or_both_2_and_3_with_dataset_expressions to None, run_after=None
[2024-07-04T17:38:49.004+0000] {logging_mixin.py:188} INFO - [2024-07-04T17:38:49.004+0000] {dag.py:3954} INFO - Setting next_dagrun for dataset_consumes_1 to None, run_after=None
[2024-07-04T17:38:49.005+0000] {logging_mixin.py:188} INFO - [2024-07-04T17:38:49.005+0000] {dag.py:3954} INFO - Setting next_dagrun for dataset_consumes_1_and_2 to None, run_after=None
[2024-07-04T17:38:49.005+0000] {logging_mixin.py:188} INFO - [2024-07-04T17:38:49.005+0000] {dag.py:3954} INFO - Setting next_dagrun for dataset_consumes_1_never_scheduled to None, run_after=None
[2024-07-04T17:38:49.006+0000] {logging_mixin.py:188} INFO - [2024-07-04T17:38:49.006+0000] {dag.py:3954} INFO - Setting next_dagrun for dataset_consumes_unknown_never_scheduled to None, run_after=None
[2024-07-04T17:38:49.009+0000] {logging_mixin.py:188} INFO - [2024-07-04T17:38:49.009+0000] {dag.py:3954} INFO - Setting next_dagrun for dataset_produces_1 to 2024-07-03 00:00:00+00:00, run_after=2024-07-04 00:00:00+00:00
[2024-07-04T17:38:49.010+0000] {logging_mixin.py:188} INFO - [2024-07-04T17:38:49.009+0000] {dag.py:3954} INFO - Setting next_dagrun for dataset_produces_2 to None, run_after=None
[2024-07-04T17:38:49.177+0000] {processor.py:183} INFO - Processing /home/airflow/.local/lib/python3.12/site-packages/airflow/example_dags/example_datasets.py took 0.794 seconds
[2024-07-04T17:39:19.213+0000] {processor.py:161} INFO - Started process (PID=134) to work on /home/airflow/.local/lib/python3.12/site-packages/airflow/example_dags/example_datasets.py
[2024-07-04T17:39:19.214+0000] {processor.py:830} INFO - Processing file /home/airflow/.local/lib/python3.12/site-packages/airflow/example_dags/example_datasets.py for tasks to queue
[2024-07-04T17:39:19.216+0000] {logging_mixin.py:188} INFO - [2024-07-04T17:39:19.215+0000] {dagbag.py:545} INFO - Filling up the DagBag from /home/airflow/.local/lib/python3.12/site-packages/airflow/example_dags/example_datasets.py
[2024-07-04T17:39:19.228+0000] {processor.py:840} INFO - DAG(s) 'dataset_produces_1', 'conditional_dataset_and_time_based_timetable', 'dataset_consumes_1_and_2', 'consume_1_or_both_2_and_3_with_dataset_expressions', 'dataset_consumes_unknown_never_scheduled', 'consume_1_or_2_with_dataset_expressions', 'dataset_consumes_1', 'dataset_produces_2', 'dataset_consumes_1_never_scheduled', 'consume_1_and_2_with_dataset_expressions' retrieved from /home/airflow/.local/lib/python3.12/site-packages/airflow/example_dags/example_datasets.py
[2024-07-04T17:39:19.273+0000] {logging_mixin.py:188} INFO - [2024-07-04T17:39:19.273+0000] {dag.py:3096} INFO - Sync 10 DAGs
[2024-07-04T17:39:19.297+0000] {logging_mixin.py:188} INFO - [2024-07-04T17:39:19.297+0000] {dag.py:3954} INFO - Setting next_dagrun for conditional_dataset_and_time_based_timetable to 2024-07-03 01:00:00+00:00, run_after=2024-07-03 01:00:00+00:00
[2024-07-04T17:39:19.301+0000] {logging_mixin.py:188} INFO - [2024-07-04T17:39:19.300+0000] {dag.py:3954} INFO - Setting next_dagrun for consume_1_and_2_with_dataset_expressions to None, run_after=None
[2024-07-04T17:39:19.302+0000] {logging_mixin.py:188} INFO - [2024-07-04T17:39:19.302+0000] {dag.py:3954} INFO - Setting next_dagrun for consume_1_or_2_with_dataset_expressions to None, run_after=None
[2024-07-04T17:39:19.303+0000] {logging_mixin.py:188} INFO - [2024-07-04T17:39:19.303+0000] {dag.py:3954} INFO - Setting next_dagrun for consume_1_or_both_2_and_3_with_dataset_expressions to None, run_after=None
[2024-07-04T17:39:19.304+0000] {logging_mixin.py:188} INFO - [2024-07-04T17:39:19.304+0000] {dag.py:3954} INFO - Setting next_dagrun for dataset_consumes_1 to None, run_after=None
[2024-07-04T17:39:19.305+0000] {logging_mixin.py:188} INFO - [2024-07-04T17:39:19.305+0000] {dag.py:3954} INFO - Setting next_dagrun for dataset_consumes_1_and_2 to None, run_after=None
[2024-07-04T17:39:19.306+0000] {logging_mixin.py:188} INFO - [2024-07-04T17:39:19.306+0000] {dag.py:3954} INFO - Setting next_dagrun for dataset_consumes_1_never_scheduled to None, run_after=None
[2024-07-04T17:39:19.307+0000] {logging_mixin.py:188} INFO - [2024-07-04T17:39:19.307+0000] {dag.py:3954} INFO - Setting next_dagrun for dataset_consumes_unknown_never_scheduled to None, run_after=None
[2024-07-04T17:39:19.309+0000] {logging_mixin.py:188} INFO - [2024-07-04T17:39:19.309+0000] {dag.py:3954} INFO - Setting next_dagrun for dataset_produces_1 to 2024-07-03 00:00:00+00:00, run_after=2024-07-04 00:00:00+00:00
[2024-07-04T17:39:19.310+0000] {logging_mixin.py:188} INFO - [2024-07-04T17:39:19.310+0000] {dag.py:3954} INFO - Setting next_dagrun for dataset_produces_2 to None, run_after=None
[2024-07-04T17:39:19.348+0000] {processor.py:183} INFO - Processing /home/airflow/.local/lib/python3.12/site-packages/airflow/example_dags/example_datasets.py took 0.140 seconds
[2024-07-04T17:44:57.279+0000] {processor.py:161} INFO - Started process (PID=67) to work on /home/airflow/.local/lib/python3.12/site-packages/airflow/example_dags/example_datasets.py
[2024-07-04T17:44:57.281+0000] {processor.py:830} INFO - Processing file /home/airflow/.local/lib/python3.12/site-packages/airflow/example_dags/example_datasets.py for tasks to queue
[2024-07-04T17:44:57.282+0000] {logging_mixin.py:188} INFO - [2024-07-04T17:44:57.282+0000] {dagbag.py:545} INFO - Filling up the DagBag from /home/airflow/.local/lib/python3.12/site-packages/airflow/example_dags/example_datasets.py
[2024-07-04T17:44:57.313+0000] {processor.py:840} INFO - DAG(s) 'dataset_produces_1', 'consume_1_or_both_2_and_3_with_dataset_expressions', 'dataset_consumes_1_never_scheduled', 'dataset_produces_2', 'dataset_consumes_1', 'consume_1_or_2_with_dataset_expressions', 'dataset_consumes_unknown_never_scheduled', 'conditional_dataset_and_time_based_timetable', 'consume_1_and_2_with_dataset_expressions', 'dataset_consumes_1_and_2' retrieved from /home/airflow/.local/lib/python3.12/site-packages/airflow/example_dags/example_datasets.py
[2024-07-04T17:44:57.578+0000] {logging_mixin.py:188} INFO - [2024-07-04T17:44:57.577+0000] {dag.py:3096} INFO - Sync 10 DAGs
[2024-07-04T17:44:57.605+0000] {logging_mixin.py:188} INFO - [2024-07-04T17:44:57.605+0000] {dag.py:3954} INFO - Setting next_dagrun for conditional_dataset_and_time_based_timetable to 2024-07-03 01:00:00+00:00, run_after=2024-07-03 01:00:00+00:00
[2024-07-04T17:44:57.610+0000] {logging_mixin.py:188} INFO - [2024-07-04T17:44:57.609+0000] {dag.py:3954} INFO - Setting next_dagrun for consume_1_and_2_with_dataset_expressions to None, run_after=None
[2024-07-04T17:44:57.611+0000] {logging_mixin.py:188} INFO - [2024-07-04T17:44:57.611+0000] {dag.py:3954} INFO - Setting next_dagrun for consume_1_or_2_with_dataset_expressions to None, run_after=None
[2024-07-04T17:44:57.613+0000] {logging_mixin.py:188} INFO - [2024-07-04T17:44:57.612+0000] {dag.py:3954} INFO - Setting next_dagrun for consume_1_or_both_2_and_3_with_dataset_expressions to None, run_after=None
[2024-07-04T17:44:57.614+0000] {logging_mixin.py:188} INFO - [2024-07-04T17:44:57.614+0000] {dag.py:3954} INFO - Setting next_dagrun for dataset_consumes_1 to None, run_after=None
[2024-07-04T17:44:57.616+0000] {logging_mixin.py:188} INFO - [2024-07-04T17:44:57.615+0000] {dag.py:3954} INFO - Setting next_dagrun for dataset_consumes_1_and_2 to None, run_after=None
[2024-07-04T17:44:57.617+0000] {logging_mixin.py:188} INFO - [2024-07-04T17:44:57.617+0000] {dag.py:3954} INFO - Setting next_dagrun for dataset_consumes_1_never_scheduled to None, run_after=None
[2024-07-04T17:44:57.618+0000] {logging_mixin.py:188} INFO - [2024-07-04T17:44:57.618+0000] {dag.py:3954} INFO - Setting next_dagrun for dataset_consumes_unknown_never_scheduled to None, run_after=None
[2024-07-04T17:44:57.623+0000] {logging_mixin.py:188} INFO - [2024-07-04T17:44:57.622+0000] {dag.py:3954} INFO - Setting next_dagrun for dataset_produces_1 to 2024-07-03 00:00:00+00:00, run_after=2024-07-04 00:00:00+00:00
[2024-07-04T17:44:57.625+0000] {logging_mixin.py:188} INFO - [2024-07-04T17:44:57.624+0000] {dag.py:3954} INFO - Setting next_dagrun for dataset_produces_2 to None, run_after=None
[2024-07-04T17:44:57.692+0000] {processor.py:183} INFO - Processing /home/airflow/.local/lib/python3.12/site-packages/airflow/example_dags/example_datasets.py took 0.419 seconds
[2024-07-04T17:45:27.957+0000] {processor.py:161} INFO - Started process (PID=125) to work on /home/airflow/.local/lib/python3.12/site-packages/airflow/example_dags/example_datasets.py
[2024-07-04T17:45:27.957+0000] {processor.py:830} INFO - Processing file /home/airflow/.local/lib/python3.12/site-packages/airflow/example_dags/example_datasets.py for tasks to queue
[2024-07-04T17:45:27.959+0000] {logging_mixin.py:188} INFO - [2024-07-04T17:45:27.958+0000] {dagbag.py:545} INFO - Filling up the DagBag from /home/airflow/.local/lib/python3.12/site-packages/airflow/example_dags/example_datasets.py
[2024-07-04T17:45:27.972+0000] {processor.py:840} INFO - DAG(s) 'dataset_consumes_1_never_scheduled', 'conditional_dataset_and_time_based_timetable', 'dataset_consumes_unknown_never_scheduled', 'consume_1_or_2_with_dataset_expressions', 'consume_1_and_2_with_dataset_expressions', 'dataset_produces_2', 'dataset_produces_1', 'dataset_consumes_1_and_2', 'dataset_consumes_1', 'consume_1_or_both_2_and_3_with_dataset_expressions' retrieved from /home/airflow/.local/lib/python3.12/site-packages/airflow/example_dags/example_datasets.py
[2024-07-04T17:45:28.018+0000] {logging_mixin.py:188} INFO - [2024-07-04T17:45:28.018+0000] {dag.py:3096} INFO - Sync 10 DAGs
[2024-07-04T17:45:28.044+0000] {logging_mixin.py:188} INFO - [2024-07-04T17:45:28.044+0000] {dag.py:3954} INFO - Setting next_dagrun for conditional_dataset_and_time_based_timetable to 2024-07-03 01:00:00+00:00, run_after=2024-07-03 01:00:00+00:00
[2024-07-04T17:45:28.048+0000] {logging_mixin.py:188} INFO - [2024-07-04T17:45:28.048+0000] {dag.py:3954} INFO - Setting next_dagrun for consume_1_and_2_with_dataset_expressions to None, run_after=None
[2024-07-04T17:45:28.049+0000] {logging_mixin.py:188} INFO - [2024-07-04T17:45:28.049+0000] {dag.py:3954} INFO - Setting next_dagrun for consume_1_or_2_with_dataset_expressions to None, run_after=None
[2024-07-04T17:45:28.051+0000] {logging_mixin.py:188} INFO - [2024-07-04T17:45:28.050+0000] {dag.py:3954} INFO - Setting next_dagrun for consume_1_or_both_2_and_3_with_dataset_expressions to None, run_after=None
[2024-07-04T17:45:28.052+0000] {logging_mixin.py:188} INFO - [2024-07-04T17:45:28.051+0000] {dag.py:3954} INFO - Setting next_dagrun for dataset_consumes_1 to None, run_after=None
[2024-07-04T17:45:28.053+0000] {logging_mixin.py:188} INFO - [2024-07-04T17:45:28.053+0000] {dag.py:3954} INFO - Setting next_dagrun for dataset_consumes_1_and_2 to None, run_after=None
[2024-07-04T17:45:28.054+0000] {logging_mixin.py:188} INFO - [2024-07-04T17:45:28.054+0000] {dag.py:3954} INFO - Setting next_dagrun for dataset_consumes_1_never_scheduled to None, run_after=None
[2024-07-04T17:45:28.056+0000] {logging_mixin.py:188} INFO - [2024-07-04T17:45:28.055+0000] {dag.py:3954} INFO - Setting next_dagrun for dataset_consumes_unknown_never_scheduled to None, run_after=None
[2024-07-04T17:45:28.058+0000] {logging_mixin.py:188} INFO - [2024-07-04T17:45:28.058+0000] {dag.py:3954} INFO - Setting next_dagrun for dataset_produces_1 to 2024-07-03 00:00:00+00:00, run_after=2024-07-04 00:00:00+00:00
[2024-07-04T17:45:28.059+0000] {logging_mixin.py:188} INFO - [2024-07-04T17:45:28.059+0000] {dag.py:3954} INFO - Setting next_dagrun for dataset_produces_2 to None, run_after=None
[2024-07-04T17:45:28.104+0000] {processor.py:183} INFO - Processing /home/airflow/.local/lib/python3.12/site-packages/airflow/example_dags/example_datasets.py took 0.152 seconds
[2024-07-04T17:45:58.165+0000] {processor.py:161} INFO - Started process (PID=184) to work on /home/airflow/.local/lib/python3.12/site-packages/airflow/example_dags/example_datasets.py
[2024-07-04T17:45:58.166+0000] {processor.py:830} INFO - Processing file /home/airflow/.local/lib/python3.12/site-packages/airflow/example_dags/example_datasets.py for tasks to queue
[2024-07-04T17:45:58.169+0000] {logging_mixin.py:188} INFO - [2024-07-04T17:45:58.168+0000] {dagbag.py:545} INFO - Filling up the DagBag from /home/airflow/.local/lib/python3.12/site-packages/airflow/example_dags/example_datasets.py
[2024-07-04T17:45:58.186+0000] {processor.py:840} INFO - DAG(s) 'dataset_consumes_1', 'consume_1_and_2_with_dataset_expressions', 'dataset_produces_2', 'consume_1_or_2_with_dataset_expressions', 'consume_1_or_both_2_and_3_with_dataset_expressions', 'dataset_produces_1', 'dataset_consumes_1_and_2', 'dataset_consumes_unknown_never_scheduled', 'conditional_dataset_and_time_based_timetable', 'dataset_consumes_1_never_scheduled' retrieved from /home/airflow/.local/lib/python3.12/site-packages/airflow/example_dags/example_datasets.py
[2024-07-04T17:45:58.240+0000] {logging_mixin.py:188} INFO - [2024-07-04T17:45:58.240+0000] {dag.py:3096} INFO - Sync 10 DAGs
[2024-07-04T17:45:58.263+0000] {logging_mixin.py:188} INFO - [2024-07-04T17:45:58.263+0000] {dag.py:3954} INFO - Setting next_dagrun for conditional_dataset_and_time_based_timetable to 2024-07-03 01:00:00+00:00, run_after=2024-07-03 01:00:00+00:00
[2024-07-04T17:45:58.267+0000] {logging_mixin.py:188} INFO - [2024-07-04T17:45:58.267+0000] {dag.py:3954} INFO - Setting next_dagrun for consume_1_and_2_with_dataset_expressions to None, run_after=None
[2024-07-04T17:45:58.269+0000] {logging_mixin.py:188} INFO - [2024-07-04T17:45:58.269+0000] {dag.py:3954} INFO - Setting next_dagrun for consume_1_or_2_with_dataset_expressions to None, run_after=None
[2024-07-04T17:45:58.270+0000] {logging_mixin.py:188} INFO - [2024-07-04T17:45:58.270+0000] {dag.py:3954} INFO - Setting next_dagrun for consume_1_or_both_2_and_3_with_dataset_expressions to None, run_after=None
[2024-07-04T17:45:58.271+0000] {logging_mixin.py:188} INFO - [2024-07-04T17:45:58.271+0000] {dag.py:3954} INFO - Setting next_dagrun for dataset_consumes_1 to None, run_after=None
[2024-07-04T17:45:58.272+0000] {logging_mixin.py:188} INFO - [2024-07-04T17:45:58.272+0000] {dag.py:3954} INFO - Setting next_dagrun for dataset_consumes_1_and_2 to None, run_after=None
[2024-07-04T17:45:58.274+0000] {logging_mixin.py:188} INFO - [2024-07-04T17:45:58.273+0000] {dag.py:3954} INFO - Setting next_dagrun for dataset_consumes_1_never_scheduled to None, run_after=None
[2024-07-04T17:45:58.275+0000] {logging_mixin.py:188} INFO - [2024-07-04T17:45:58.275+0000] {dag.py:3954} INFO - Setting next_dagrun for dataset_consumes_unknown_never_scheduled to None, run_after=None
[2024-07-04T17:45:58.277+0000] {logging_mixin.py:188} INFO - [2024-07-04T17:45:58.277+0000] {dag.py:3954} INFO - Setting next_dagrun for dataset_produces_1 to 2024-07-03 00:00:00+00:00, run_after=2024-07-04 00:00:00+00:00
[2024-07-04T17:45:58.279+0000] {logging_mixin.py:188} INFO - [2024-07-04T17:45:58.279+0000] {dag.py:3954} INFO - Setting next_dagrun for dataset_produces_2 to None, run_after=None
[2024-07-04T17:45:58.318+0000] {processor.py:183} INFO - Processing /home/airflow/.local/lib/python3.12/site-packages/airflow/example_dags/example_datasets.py took 0.160 seconds
[2024-07-04T17:46:28.461+0000] {processor.py:161} INFO - Started process (PID=243) to work on /home/airflow/.local/lib/python3.12/site-packages/airflow/example_dags/example_datasets.py
[2024-07-04T17:46:28.464+0000] {processor.py:830} INFO - Processing file /home/airflow/.local/lib/python3.12/site-packages/airflow/example_dags/example_datasets.py for tasks to queue
[2024-07-04T17:46:28.466+0000] {logging_mixin.py:188} INFO - [2024-07-04T17:46:28.466+0000] {dagbag.py:545} INFO - Filling up the DagBag from /home/airflow/.local/lib/python3.12/site-packages/airflow/example_dags/example_datasets.py
[2024-07-04T17:46:28.497+0000] {processor.py:840} INFO - DAG(s) 'consume_1_and_2_with_dataset_expressions', 'consume_1_or_both_2_and_3_with_dataset_expressions', 'dataset_produces_2', 'dataset_produces_1', 'dataset_consumes_1_never_scheduled', 'dataset_consumes_1', 'dataset_consumes_1_and_2', 'consume_1_or_2_with_dataset_expressions', 'conditional_dataset_and_time_based_timetable', 'dataset_consumes_unknown_never_scheduled' retrieved from /home/airflow/.local/lib/python3.12/site-packages/airflow/example_dags/example_datasets.py
[2024-07-04T17:46:28.560+0000] {logging_mixin.py:188} INFO - [2024-07-04T17:46:28.560+0000] {dag.py:3096} INFO - Sync 10 DAGs
[2024-07-04T17:46:28.589+0000] {logging_mixin.py:188} INFO - [2024-07-04T17:46:28.589+0000] {dag.py:3954} INFO - Setting next_dagrun for conditional_dataset_and_time_based_timetable to 2024-07-03 01:00:00+00:00, run_after=2024-07-03 01:00:00+00:00
[2024-07-04T17:46:28.593+0000] {logging_mixin.py:188} INFO - [2024-07-04T17:46:28.593+0000] {dag.py:3954} INFO - Setting next_dagrun for consume_1_and_2_with_dataset_expressions to None, run_after=None
[2024-07-04T17:46:28.594+0000] {logging_mixin.py:188} INFO - [2024-07-04T17:46:28.594+0000] {dag.py:3954} INFO - Setting next_dagrun for consume_1_or_2_with_dataset_expressions to None, run_after=None
[2024-07-04T17:46:28.596+0000] {logging_mixin.py:188} INFO - [2024-07-04T17:46:28.595+0000] {dag.py:3954} INFO - Setting next_dagrun for consume_1_or_both_2_and_3_with_dataset_expressions to None, run_after=None
[2024-07-04T17:46:28.597+0000] {logging_mixin.py:188} INFO - [2024-07-04T17:46:28.597+0000] {dag.py:3954} INFO - Setting next_dagrun for dataset_consumes_1 to None, run_after=None
[2024-07-04T17:46:28.598+0000] {logging_mixin.py:188} INFO - [2024-07-04T17:46:28.598+0000] {dag.py:3954} INFO - Setting next_dagrun for dataset_consumes_1_and_2 to None, run_after=None
[2024-07-04T17:46:28.599+0000] {logging_mixin.py:188} INFO - [2024-07-04T17:46:28.599+0000] {dag.py:3954} INFO - Setting next_dagrun for dataset_consumes_1_never_scheduled to None, run_after=None
[2024-07-04T17:46:28.600+0000] {logging_mixin.py:188} INFO - [2024-07-04T17:46:28.600+0000] {dag.py:3954} INFO - Setting next_dagrun for dataset_consumes_unknown_never_scheduled to None, run_after=None
[2024-07-04T17:46:28.603+0000] {logging_mixin.py:188} INFO - [2024-07-04T17:46:28.603+0000] {dag.py:3954} INFO - Setting next_dagrun for dataset_produces_1 to 2024-07-03 00:00:00+00:00, run_after=2024-07-04 00:00:00+00:00
[2024-07-04T17:46:28.604+0000] {logging_mixin.py:188} INFO - [2024-07-04T17:46:28.604+0000] {dag.py:3954} INFO - Setting next_dagrun for dataset_produces_2 to None, run_after=None
[2024-07-04T17:46:28.636+0000] {processor.py:183} INFO - Processing /home/airflow/.local/lib/python3.12/site-packages/airflow/example_dags/example_datasets.py took 0.184 seconds
[2024-07-04T18:03:58.986+0000] {processor.py:161} INFO - Started process (PID=67) to work on /home/airflow/.local/lib/python3.12/site-packages/airflow/example_dags/example_datasets.py
[2024-07-04T18:03:58.988+0000] {processor.py:830} INFO - Processing file /home/airflow/.local/lib/python3.12/site-packages/airflow/example_dags/example_datasets.py for tasks to queue
[2024-07-04T18:03:58.990+0000] {logging_mixin.py:188} INFO - [2024-07-04T18:03:58.990+0000] {dagbag.py:545} INFO - Filling up the DagBag from /home/airflow/.local/lib/python3.12/site-packages/airflow/example_dags/example_datasets.py
[2024-07-04T18:03:59.033+0000] {processor.py:840} INFO - DAG(s) 'dataset_produces_2', 'dataset_consumes_unknown_never_scheduled', 'conditional_dataset_and_time_based_timetable', 'dataset_consumes_1_and_2', 'consume_1_or_2_with_dataset_expressions', 'consume_1_or_both_2_and_3_with_dataset_expressions', 'dataset_consumes_1', 'dataset_produces_1', 'consume_1_and_2_with_dataset_expressions', 'dataset_consumes_1_never_scheduled' retrieved from /home/airflow/.local/lib/python3.12/site-packages/airflow/example_dags/example_datasets.py
[2024-07-04T18:03:59.417+0000] {logging_mixin.py:188} INFO - [2024-07-04T18:03:59.417+0000] {dag.py:3096} INFO - Sync 10 DAGs
[2024-07-04T18:03:59.452+0000] {logging_mixin.py:188} INFO - [2024-07-04T18:03:59.451+0000] {dag.py:3954} INFO - Setting next_dagrun for conditional_dataset_and_time_based_timetable to 2024-07-03 01:00:00+00:00, run_after=2024-07-03 01:00:00+00:00
[2024-07-04T18:03:59.458+0000] {logging_mixin.py:188} INFO - [2024-07-04T18:03:59.457+0000] {dag.py:3954} INFO - Setting next_dagrun for consume_1_and_2_with_dataset_expressions to None, run_after=None
[2024-07-04T18:03:59.460+0000] {logging_mixin.py:188} INFO - [2024-07-04T18:03:59.460+0000] {dag.py:3954} INFO - Setting next_dagrun for consume_1_or_2_with_dataset_expressions to None, run_after=None
[2024-07-04T18:03:59.462+0000] {logging_mixin.py:188} INFO - [2024-07-04T18:03:59.462+0000] {dag.py:3954} INFO - Setting next_dagrun for consume_1_or_both_2_and_3_with_dataset_expressions to None, run_after=None
[2024-07-04T18:03:59.465+0000] {logging_mixin.py:188} INFO - [2024-07-04T18:03:59.464+0000] {dag.py:3954} INFO - Setting next_dagrun for dataset_consumes_1 to None, run_after=None
[2024-07-04T18:03:59.467+0000] {logging_mixin.py:188} INFO - [2024-07-04T18:03:59.467+0000] {dag.py:3954} INFO - Setting next_dagrun for dataset_consumes_1_and_2 to None, run_after=None
[2024-07-04T18:03:59.469+0000] {logging_mixin.py:188} INFO - [2024-07-04T18:03:59.469+0000] {dag.py:3954} INFO - Setting next_dagrun for dataset_consumes_1_never_scheduled to None, run_after=None
[2024-07-04T18:03:59.471+0000] {logging_mixin.py:188} INFO - [2024-07-04T18:03:59.471+0000] {dag.py:3954} INFO - Setting next_dagrun for dataset_consumes_unknown_never_scheduled to None, run_after=None
[2024-07-04T18:03:59.475+0000] {logging_mixin.py:188} INFO - [2024-07-04T18:03:59.474+0000] {dag.py:3954} INFO - Setting next_dagrun for dataset_produces_1 to 2024-07-03 00:00:00+00:00, run_after=2024-07-04 00:00:00+00:00
[2024-07-04T18:03:59.477+0000] {logging_mixin.py:188} INFO - [2024-07-04T18:03:59.477+0000] {dag.py:3954} INFO - Setting next_dagrun for dataset_produces_2 to None, run_after=None
[2024-07-04T18:03:59.585+0000] {processor.py:183} INFO - Processing /home/airflow/.local/lib/python3.12/site-packages/airflow/example_dags/example_datasets.py took 0.607 seconds
[2024-07-04T18:04:29.693+0000] {processor.py:161} INFO - Started process (PID=125) to work on /home/airflow/.local/lib/python3.12/site-packages/airflow/example_dags/example_datasets.py
[2024-07-04T18:04:29.694+0000] {processor.py:830} INFO - Processing file /home/airflow/.local/lib/python3.12/site-packages/airflow/example_dags/example_datasets.py for tasks to queue
[2024-07-04T18:04:29.695+0000] {logging_mixin.py:188} INFO - [2024-07-04T18:04:29.695+0000] {dagbag.py:545} INFO - Filling up the DagBag from /home/airflow/.local/lib/python3.12/site-packages/airflow/example_dags/example_datasets.py
[2024-07-04T18:04:29.709+0000] {processor.py:840} INFO - DAG(s) 'dataset_produces_2', 'dataset_consumes_1_never_scheduled', 'dataset_consumes_1', 'consume_1_or_2_with_dataset_expressions', 'consume_1_or_both_2_and_3_with_dataset_expressions', 'dataset_consumes_unknown_never_scheduled', 'conditional_dataset_and_time_based_timetable', 'dataset_produces_1', 'dataset_consumes_1_and_2', 'consume_1_and_2_with_dataset_expressions' retrieved from /home/airflow/.local/lib/python3.12/site-packages/airflow/example_dags/example_datasets.py
[2024-07-04T18:04:29.757+0000] {logging_mixin.py:188} INFO - [2024-07-04T18:04:29.756+0000] {dag.py:3096} INFO - Sync 10 DAGs
[2024-07-04T18:04:29.780+0000] {logging_mixin.py:188} INFO - [2024-07-04T18:04:29.780+0000] {dag.py:3954} INFO - Setting next_dagrun for conditional_dataset_and_time_based_timetable to 2024-07-03 01:00:00+00:00, run_after=2024-07-03 01:00:00+00:00
[2024-07-04T18:04:29.784+0000] {logging_mixin.py:188} INFO - [2024-07-04T18:04:29.783+0000] {dag.py:3954} INFO - Setting next_dagrun for consume_1_and_2_with_dataset_expressions to None, run_after=None
[2024-07-04T18:04:29.785+0000] {logging_mixin.py:188} INFO - [2024-07-04T18:04:29.785+0000] {dag.py:3954} INFO - Setting next_dagrun for consume_1_or_2_with_dataset_expressions to None, run_after=None
[2024-07-04T18:04:29.786+0000] {logging_mixin.py:188} INFO - [2024-07-04T18:04:29.786+0000] {dag.py:3954} INFO - Setting next_dagrun for consume_1_or_both_2_and_3_with_dataset_expressions to None, run_after=None
[2024-07-04T18:04:29.787+0000] {logging_mixin.py:188} INFO - [2024-07-04T18:04:29.787+0000] {dag.py:3954} INFO - Setting next_dagrun for dataset_consumes_1 to None, run_after=None
[2024-07-04T18:04:29.788+0000] {logging_mixin.py:188} INFO - [2024-07-04T18:04:29.788+0000] {dag.py:3954} INFO - Setting next_dagrun for dataset_consumes_1_and_2 to None, run_after=None
[2024-07-04T18:04:29.789+0000] {logging_mixin.py:188} INFO - [2024-07-04T18:04:29.789+0000] {dag.py:3954} INFO - Setting next_dagrun for dataset_consumes_1_never_scheduled to None, run_after=None
[2024-07-04T18:04:29.790+0000] {logging_mixin.py:188} INFO - [2024-07-04T18:04:29.790+0000] {dag.py:3954} INFO - Setting next_dagrun for dataset_consumes_unknown_never_scheduled to None, run_after=None
[2024-07-04T18:04:29.793+0000] {logging_mixin.py:188} INFO - [2024-07-04T18:04:29.793+0000] {dag.py:3954} INFO - Setting next_dagrun for dataset_produces_1 to 2024-07-03 00:00:00+00:00, run_after=2024-07-04 00:00:00+00:00
[2024-07-04T18:04:29.794+0000] {logging_mixin.py:188} INFO - [2024-07-04T18:04:29.794+0000] {dag.py:3954} INFO - Setting next_dagrun for dataset_produces_2 to None, run_after=None
[2024-07-04T18:04:29.831+0000] {processor.py:183} INFO - Processing /home/airflow/.local/lib/python3.12/site-packages/airflow/example_dags/example_datasets.py took 0.142 seconds
[2024-07-04T18:05:00.492+0000] {processor.py:161} INFO - Started process (PID=188) to work on /home/airflow/.local/lib/python3.12/site-packages/airflow/example_dags/example_datasets.py
[2024-07-04T18:05:00.493+0000] {processor.py:830} INFO - Processing file /home/airflow/.local/lib/python3.12/site-packages/airflow/example_dags/example_datasets.py for tasks to queue
[2024-07-04T18:05:00.494+0000] {logging_mixin.py:188} INFO - [2024-07-04T18:05:00.494+0000] {dagbag.py:545} INFO - Filling up the DagBag from /home/airflow/.local/lib/python3.12/site-packages/airflow/example_dags/example_datasets.py
[2024-07-04T18:05:00.507+0000] {processor.py:840} INFO - DAG(s) 'dataset_consumes_unknown_never_scheduled', 'dataset_consumes_1_and_2', 'dataset_consumes_1_never_scheduled', 'consume_1_and_2_with_dataset_expressions', 'consume_1_or_2_with_dataset_expressions', 'dataset_consumes_1', 'consume_1_or_both_2_and_3_with_dataset_expressions', 'dataset_produces_2', 'conditional_dataset_and_time_based_timetable', 'dataset_produces_1' retrieved from /home/airflow/.local/lib/python3.12/site-packages/airflow/example_dags/example_datasets.py
[2024-07-04T18:05:00.552+0000] {logging_mixin.py:188} INFO - [2024-07-04T18:05:00.552+0000] {dag.py:3096} INFO - Sync 10 DAGs
[2024-07-04T18:05:00.576+0000] {logging_mixin.py:188} INFO - [2024-07-04T18:05:00.575+0000] {dag.py:3954} INFO - Setting next_dagrun for conditional_dataset_and_time_based_timetable to 2024-07-03 01:00:00+00:00, run_after=2024-07-03 01:00:00+00:00
[2024-07-04T18:05:00.580+0000] {logging_mixin.py:188} INFO - [2024-07-04T18:05:00.579+0000] {dag.py:3954} INFO - Setting next_dagrun for consume_1_and_2_with_dataset_expressions to None, run_after=None
[2024-07-04T18:05:00.581+0000] {logging_mixin.py:188} INFO - [2024-07-04T18:05:00.581+0000] {dag.py:3954} INFO - Setting next_dagrun for consume_1_or_2_with_dataset_expressions to None, run_after=None
[2024-07-04T18:05:00.582+0000] {logging_mixin.py:188} INFO - [2024-07-04T18:05:00.582+0000] {dag.py:3954} INFO - Setting next_dagrun for consume_1_or_both_2_and_3_with_dataset_expressions to None, run_after=None
[2024-07-04T18:05:00.584+0000] {logging_mixin.py:188} INFO - [2024-07-04T18:05:00.584+0000] {dag.py:3954} INFO - Setting next_dagrun for dataset_consumes_1 to None, run_after=None
[2024-07-04T18:05:00.585+0000] {logging_mixin.py:188} INFO - [2024-07-04T18:05:00.585+0000] {dag.py:3954} INFO - Setting next_dagrun for dataset_consumes_1_and_2 to None, run_after=None
[2024-07-04T18:05:00.586+0000] {logging_mixin.py:188} INFO - [2024-07-04T18:05:00.586+0000] {dag.py:3954} INFO - Setting next_dagrun for dataset_consumes_1_never_scheduled to None, run_after=None
[2024-07-04T18:05:00.588+0000] {logging_mixin.py:188} INFO - [2024-07-04T18:05:00.588+0000] {dag.py:3954} INFO - Setting next_dagrun for dataset_consumes_unknown_never_scheduled to None, run_after=None
[2024-07-04T18:05:00.590+0000] {logging_mixin.py:188} INFO - [2024-07-04T18:05:00.590+0000] {dag.py:3954} INFO - Setting next_dagrun for dataset_produces_1 to 2024-07-03 00:00:00+00:00, run_after=2024-07-04 00:00:00+00:00
[2024-07-04T18:05:00.591+0000] {logging_mixin.py:188} INFO - [2024-07-04T18:05:00.591+0000] {dag.py:3954} INFO - Setting next_dagrun for dataset_produces_2 to None, run_after=None
[2024-07-04T18:05:00.625+0000] {processor.py:183} INFO - Processing /home/airflow/.local/lib/python3.12/site-packages/airflow/example_dags/example_datasets.py took 0.137 seconds
[2024-07-04T18:05:30.753+0000] {processor.py:161} INFO - Started process (PID=247) to work on /home/airflow/.local/lib/python3.12/site-packages/airflow/example_dags/example_datasets.py
[2024-07-04T18:05:30.754+0000] {processor.py:830} INFO - Processing file /home/airflow/.local/lib/python3.12/site-packages/airflow/example_dags/example_datasets.py for tasks to queue
[2024-07-04T18:05:30.756+0000] {logging_mixin.py:188} INFO - [2024-07-04T18:05:30.755+0000] {dagbag.py:545} INFO - Filling up the DagBag from /home/airflow/.local/lib/python3.12/site-packages/airflow/example_dags/example_datasets.py
[2024-07-04T18:05:30.768+0000] {processor.py:840} INFO - DAG(s) 'dataset_consumes_1_never_scheduled', 'consume_1_or_2_with_dataset_expressions', 'consume_1_and_2_with_dataset_expressions', 'dataset_consumes_unknown_never_scheduled', 'conditional_dataset_and_time_based_timetable', 'dataset_produces_2', 'dataset_produces_1', 'dataset_consumes_1', 'consume_1_or_both_2_and_3_with_dataset_expressions', 'dataset_consumes_1_and_2' retrieved from /home/airflow/.local/lib/python3.12/site-packages/airflow/example_dags/example_datasets.py
[2024-07-04T18:05:30.821+0000] {logging_mixin.py:188} INFO - [2024-07-04T18:05:30.821+0000] {dag.py:3096} INFO - Sync 10 DAGs
[2024-07-04T18:05:30.853+0000] {logging_mixin.py:188} INFO - [2024-07-04T18:05:30.853+0000] {dag.py:3954} INFO - Setting next_dagrun for conditional_dataset_and_time_based_timetable to 2024-07-03 01:00:00+00:00, run_after=2024-07-03 01:00:00+00:00
[2024-07-04T18:05:30.858+0000] {logging_mixin.py:188} INFO - [2024-07-04T18:05:30.858+0000] {dag.py:3954} INFO - Setting next_dagrun for consume_1_and_2_with_dataset_expressions to None, run_after=None
[2024-07-04T18:05:30.859+0000] {logging_mixin.py:188} INFO - [2024-07-04T18:05:30.859+0000] {dag.py:3954} INFO - Setting next_dagrun for consume_1_or_2_with_dataset_expressions to None, run_after=None
[2024-07-04T18:05:30.860+0000] {logging_mixin.py:188} INFO - [2024-07-04T18:05:30.860+0000] {dag.py:3954} INFO - Setting next_dagrun for consume_1_or_both_2_and_3_with_dataset_expressions to None, run_after=None
[2024-07-04T18:05:30.861+0000] {logging_mixin.py:188} INFO - [2024-07-04T18:05:30.861+0000] {dag.py:3954} INFO - Setting next_dagrun for dataset_consumes_1 to None, run_after=None
[2024-07-04T18:05:30.862+0000] {logging_mixin.py:188} INFO - [2024-07-04T18:05:30.862+0000] {dag.py:3954} INFO - Setting next_dagrun for dataset_consumes_1_and_2 to None, run_after=None
[2024-07-04T18:05:30.864+0000] {logging_mixin.py:188} INFO - [2024-07-04T18:05:30.864+0000] {dag.py:3954} INFO - Setting next_dagrun for dataset_consumes_1_never_scheduled to None, run_after=None
[2024-07-04T18:05:30.865+0000] {logging_mixin.py:188} INFO - [2024-07-04T18:05:30.865+0000] {dag.py:3954} INFO - Setting next_dagrun for dataset_consumes_unknown_never_scheduled to None, run_after=None
[2024-07-04T18:05:30.867+0000] {logging_mixin.py:188} INFO - [2024-07-04T18:05:30.867+0000] {dag.py:3954} INFO - Setting next_dagrun for dataset_produces_1 to 2024-07-03 00:00:00+00:00, run_after=2024-07-04 00:00:00+00:00
[2024-07-04T18:05:30.869+0000] {logging_mixin.py:188} INFO - [2024-07-04T18:05:30.868+0000] {dag.py:3954} INFO - Setting next_dagrun for dataset_produces_2 to None, run_after=None
[2024-07-04T18:05:30.904+0000] {processor.py:183} INFO - Processing /home/airflow/.local/lib/python3.12/site-packages/airflow/example_dags/example_datasets.py took 0.156 seconds
[2024-07-04T18:06:01.233+0000] {processor.py:161} INFO - Started process (PID=306) to work on /home/airflow/.local/lib/python3.12/site-packages/airflow/example_dags/example_datasets.py
[2024-07-04T18:06:01.233+0000] {processor.py:830} INFO - Processing file /home/airflow/.local/lib/python3.12/site-packages/airflow/example_dags/example_datasets.py for tasks to queue
[2024-07-04T18:06:01.235+0000] {logging_mixin.py:188} INFO - [2024-07-04T18:06:01.235+0000] {dagbag.py:545} INFO - Filling up the DagBag from /home/airflow/.local/lib/python3.12/site-packages/airflow/example_dags/example_datasets.py
[2024-07-04T18:06:01.250+0000] {processor.py:840} INFO - DAG(s) 'dataset_consumes_1_and_2', 'consume_1_or_2_with_dataset_expressions', 'dataset_consumes_unknown_never_scheduled', 'dataset_consumes_1_never_scheduled', 'dataset_produces_2', 'consume_1_and_2_with_dataset_expressions', 'dataset_produces_1', 'dataset_consumes_1', 'conditional_dataset_and_time_based_timetable', 'consume_1_or_both_2_and_3_with_dataset_expressions' retrieved from /home/airflow/.local/lib/python3.12/site-packages/airflow/example_dags/example_datasets.py
[2024-07-04T18:06:01.311+0000] {logging_mixin.py:188} INFO - [2024-07-04T18:06:01.311+0000] {dag.py:3096} INFO - Sync 10 DAGs
[2024-07-04T18:06:01.347+0000] {logging_mixin.py:188} INFO - [2024-07-04T18:06:01.347+0000] {dag.py:3954} INFO - Setting next_dagrun for conditional_dataset_and_time_based_timetable to 2024-07-03 01:00:00+00:00, run_after=2024-07-03 01:00:00+00:00
[2024-07-04T18:06:01.352+0000] {logging_mixin.py:188} INFO - [2024-07-04T18:06:01.352+0000] {dag.py:3954} INFO - Setting next_dagrun for consume_1_and_2_with_dataset_expressions to None, run_after=None
[2024-07-04T18:06:01.354+0000] {logging_mixin.py:188} INFO - [2024-07-04T18:06:01.354+0000] {dag.py:3954} INFO - Setting next_dagrun for consume_1_or_2_with_dataset_expressions to None, run_after=None
[2024-07-04T18:06:01.355+0000] {logging_mixin.py:188} INFO - [2024-07-04T18:06:01.355+0000] {dag.py:3954} INFO - Setting next_dagrun for consume_1_or_both_2_and_3_with_dataset_expressions to None, run_after=None
[2024-07-04T18:06:01.356+0000] {logging_mixin.py:188} INFO - [2024-07-04T18:06:01.356+0000] {dag.py:3954} INFO - Setting next_dagrun for dataset_consumes_1 to None, run_after=None
[2024-07-04T18:06:01.357+0000] {logging_mixin.py:188} INFO - [2024-07-04T18:06:01.357+0000] {dag.py:3954} INFO - Setting next_dagrun for dataset_consumes_1_and_2 to None, run_after=None
[2024-07-04T18:06:01.359+0000] {logging_mixin.py:188} INFO - [2024-07-04T18:06:01.358+0000] {dag.py:3954} INFO - Setting next_dagrun for dataset_consumes_1_never_scheduled to None, run_after=None
[2024-07-04T18:06:01.360+0000] {logging_mixin.py:188} INFO - [2024-07-04T18:06:01.360+0000] {dag.py:3954} INFO - Setting next_dagrun for dataset_consumes_unknown_never_scheduled to None, run_after=None
[2024-07-04T18:06:01.364+0000] {logging_mixin.py:188} INFO - [2024-07-04T18:06:01.364+0000] {dag.py:3954} INFO - Setting next_dagrun for dataset_produces_1 to 2024-07-03 00:00:00+00:00, run_after=2024-07-04 00:00:00+00:00
[2024-07-04T18:06:01.365+0000] {logging_mixin.py:188} INFO - [2024-07-04T18:06:01.365+0000] {dag.py:3954} INFO - Setting next_dagrun for dataset_produces_2 to None, run_after=None
[2024-07-04T18:06:01.415+0000] {processor.py:183} INFO - Processing /home/airflow/.local/lib/python3.12/site-packages/airflow/example_dags/example_datasets.py took 0.188 seconds
[2024-07-04T18:06:31.730+0000] {processor.py:161} INFO - Started process (PID=365) to work on /home/airflow/.local/lib/python3.12/site-packages/airflow/example_dags/example_datasets.py
[2024-07-04T18:06:31.731+0000] {processor.py:830} INFO - Processing file /home/airflow/.local/lib/python3.12/site-packages/airflow/example_dags/example_datasets.py for tasks to queue
[2024-07-04T18:06:31.732+0000] {logging_mixin.py:188} INFO - [2024-07-04T18:06:31.732+0000] {dagbag.py:545} INFO - Filling up the DagBag from /home/airflow/.local/lib/python3.12/site-packages/airflow/example_dags/example_datasets.py
[2024-07-04T18:06:31.747+0000] {processor.py:840} INFO - DAG(s) 'dataset_produces_2', 'consume_1_or_both_2_and_3_with_dataset_expressions', 'dataset_consumes_1', 'conditional_dataset_and_time_based_timetable', 'consume_1_and_2_with_dataset_expressions', 'dataset_consumes_1_and_2', 'dataset_consumes_unknown_never_scheduled', 'dataset_produces_1', 'dataset_consumes_1_never_scheduled', 'consume_1_or_2_with_dataset_expressions' retrieved from /home/airflow/.local/lib/python3.12/site-packages/airflow/example_dags/example_datasets.py
[2024-07-04T18:06:31.802+0000] {logging_mixin.py:188} INFO - [2024-07-04T18:06:31.801+0000] {dag.py:3096} INFO - Sync 10 DAGs
[2024-07-04T18:06:31.826+0000] {logging_mixin.py:188} INFO - [2024-07-04T18:06:31.826+0000] {dag.py:3954} INFO - Setting next_dagrun for conditional_dataset_and_time_based_timetable to 2024-07-03 01:00:00+00:00, run_after=2024-07-03 01:00:00+00:00
[2024-07-04T18:06:31.830+0000] {logging_mixin.py:188} INFO - [2024-07-04T18:06:31.830+0000] {dag.py:3954} INFO - Setting next_dagrun for consume_1_and_2_with_dataset_expressions to None, run_after=None
[2024-07-04T18:06:31.832+0000] {logging_mixin.py:188} INFO - [2024-07-04T18:06:31.832+0000] {dag.py:3954} INFO - Setting next_dagrun for consume_1_or_2_with_dataset_expressions to None, run_after=None
[2024-07-04T18:06:31.833+0000] {logging_mixin.py:188} INFO - [2024-07-04T18:06:31.833+0000] {dag.py:3954} INFO - Setting next_dagrun for consume_1_or_both_2_and_3_with_dataset_expressions to None, run_after=None
[2024-07-04T18:06:31.835+0000] {logging_mixin.py:188} INFO - [2024-07-04T18:06:31.835+0000] {dag.py:3954} INFO - Setting next_dagrun for dataset_consumes_1 to None, run_after=None
[2024-07-04T18:06:31.836+0000] {logging_mixin.py:188} INFO - [2024-07-04T18:06:31.836+0000] {dag.py:3954} INFO - Setting next_dagrun for dataset_consumes_1_and_2 to None, run_after=None
[2024-07-04T18:06:31.837+0000] {logging_mixin.py:188} INFO - [2024-07-04T18:06:31.837+0000] {dag.py:3954} INFO - Setting next_dagrun for dataset_consumes_1_never_scheduled to None, run_after=None
[2024-07-04T18:06:31.839+0000] {logging_mixin.py:188} INFO - [2024-07-04T18:06:31.839+0000] {dag.py:3954} INFO - Setting next_dagrun for dataset_consumes_unknown_never_scheduled to None, run_after=None
[2024-07-04T18:06:31.841+0000] {logging_mixin.py:188} INFO - [2024-07-04T18:06:31.841+0000] {dag.py:3954} INFO - Setting next_dagrun for dataset_produces_1 to 2024-07-03 00:00:00+00:00, run_after=2024-07-04 00:00:00+00:00
[2024-07-04T18:06:31.842+0000] {logging_mixin.py:188} INFO - [2024-07-04T18:06:31.842+0000] {dag.py:3954} INFO - Setting next_dagrun for dataset_produces_2 to None, run_after=None
[2024-07-04T18:06:31.881+0000] {processor.py:183} INFO - Processing /home/airflow/.local/lib/python3.12/site-packages/airflow/example_dags/example_datasets.py took 0.156 seconds
[2024-07-04T18:07:02.125+0000] {processor.py:161} INFO - Started process (PID=424) to work on /home/airflow/.local/lib/python3.12/site-packages/airflow/example_dags/example_datasets.py
[2024-07-04T18:07:02.126+0000] {processor.py:830} INFO - Processing file /home/airflow/.local/lib/python3.12/site-packages/airflow/example_dags/example_datasets.py for tasks to queue
[2024-07-04T18:07:02.127+0000] {logging_mixin.py:188} INFO - [2024-07-04T18:07:02.127+0000] {dagbag.py:545} INFO - Filling up the DagBag from /home/airflow/.local/lib/python3.12/site-packages/airflow/example_dags/example_datasets.py
[2024-07-04T18:07:02.141+0000] {processor.py:840} INFO - DAG(s) 'conditional_dataset_and_time_based_timetable', 'dataset_consumes_1_and_2', 'consume_1_or_both_2_and_3_with_dataset_expressions', 'dataset_consumes_unknown_never_scheduled', 'consume_1_and_2_with_dataset_expressions', 'dataset_produces_1', 'dataset_produces_2', 'dataset_consumes_1_never_scheduled', 'dataset_consumes_1', 'consume_1_or_2_with_dataset_expressions' retrieved from /home/airflow/.local/lib/python3.12/site-packages/airflow/example_dags/example_datasets.py
[2024-07-04T18:07:02.191+0000] {logging_mixin.py:188} INFO - [2024-07-04T18:07:02.191+0000] {dag.py:3096} INFO - Sync 10 DAGs
[2024-07-04T18:07:02.215+0000] {logging_mixin.py:188} INFO - [2024-07-04T18:07:02.215+0000] {dag.py:3954} INFO - Setting next_dagrun for conditional_dataset_and_time_based_timetable to 2024-07-03 01:00:00+00:00, run_after=2024-07-03 01:00:00+00:00
[2024-07-04T18:07:02.219+0000] {logging_mixin.py:188} INFO - [2024-07-04T18:07:02.219+0000] {dag.py:3954} INFO - Setting next_dagrun for consume_1_and_2_with_dataset_expressions to None, run_after=None
[2024-07-04T18:07:02.221+0000] {logging_mixin.py:188} INFO - [2024-07-04T18:07:02.220+0000] {dag.py:3954} INFO - Setting next_dagrun for consume_1_or_2_with_dataset_expressions to None, run_after=None
[2024-07-04T18:07:02.222+0000] {logging_mixin.py:188} INFO - [2024-07-04T18:07:02.222+0000] {dag.py:3954} INFO - Setting next_dagrun for consume_1_or_both_2_and_3_with_dataset_expressions to None, run_after=None
[2024-07-04T18:07:02.223+0000] {logging_mixin.py:188} INFO - [2024-07-04T18:07:02.223+0000] {dag.py:3954} INFO - Setting next_dagrun for dataset_consumes_1 to None, run_after=None
[2024-07-04T18:07:02.225+0000] {logging_mixin.py:188} INFO - [2024-07-04T18:07:02.225+0000] {dag.py:3954} INFO - Setting next_dagrun for dataset_consumes_1_and_2 to None, run_after=None
[2024-07-04T18:07:02.227+0000] {logging_mixin.py:188} INFO - [2024-07-04T18:07:02.226+0000] {dag.py:3954} INFO - Setting next_dagrun for dataset_consumes_1_never_scheduled to None, run_after=None
[2024-07-04T18:07:02.228+0000] {logging_mixin.py:188} INFO - [2024-07-04T18:07:02.228+0000] {dag.py:3954} INFO - Setting next_dagrun for dataset_consumes_unknown_never_scheduled to None, run_after=None
[2024-07-04T18:07:02.231+0000] {logging_mixin.py:188} INFO - [2024-07-04T18:07:02.230+0000] {dag.py:3954} INFO - Setting next_dagrun for dataset_produces_1 to 2024-07-03 00:00:00+00:00, run_after=2024-07-04 00:00:00+00:00
[2024-07-04T18:07:02.232+0000] {logging_mixin.py:188} INFO - [2024-07-04T18:07:02.232+0000] {dag.py:3954} INFO - Setting next_dagrun for dataset_produces_2 to None, run_after=None
[2024-07-04T18:07:02.266+0000] {processor.py:183} INFO - Processing /home/airflow/.local/lib/python3.12/site-packages/airflow/example_dags/example_datasets.py took 0.146 seconds
[2024-07-04T18:07:32.509+0000] {processor.py:161} INFO - Started process (PID=481) to work on /home/airflow/.local/lib/python3.12/site-packages/airflow/example_dags/example_datasets.py
[2024-07-04T18:07:32.510+0000] {processor.py:830} INFO - Processing file /home/airflow/.local/lib/python3.12/site-packages/airflow/example_dags/example_datasets.py for tasks to queue
[2024-07-04T18:07:32.512+0000] {logging_mixin.py:188} INFO - [2024-07-04T18:07:32.511+0000] {dagbag.py:545} INFO - Filling up the DagBag from /home/airflow/.local/lib/python3.12/site-packages/airflow/example_dags/example_datasets.py
[2024-07-04T18:07:32.525+0000] {processor.py:840} INFO - DAG(s) 'dataset_produces_1', 'consume_1_or_2_with_dataset_expressions', 'dataset_consumes_1', 'dataset_consumes_1_and_2', 'dataset_consumes_1_never_scheduled', 'dataset_consumes_unknown_never_scheduled', 'dataset_produces_2', 'consume_1_or_both_2_and_3_with_dataset_expressions', 'conditional_dataset_and_time_based_timetable', 'consume_1_and_2_with_dataset_expressions' retrieved from /home/airflow/.local/lib/python3.12/site-packages/airflow/example_dags/example_datasets.py
[2024-07-04T18:07:32.575+0000] {logging_mixin.py:188} INFO - [2024-07-04T18:07:32.575+0000] {dag.py:3096} INFO - Sync 10 DAGs
[2024-07-04T18:07:32.600+0000] {logging_mixin.py:188} INFO - [2024-07-04T18:07:32.600+0000] {dag.py:3954} INFO - Setting next_dagrun for conditional_dataset_and_time_based_timetable to 2024-07-03 01:00:00+00:00, run_after=2024-07-03 01:00:00+00:00
[2024-07-04T18:07:32.604+0000] {logging_mixin.py:188} INFO - [2024-07-04T18:07:32.604+0000] {dag.py:3954} INFO - Setting next_dagrun for consume_1_and_2_with_dataset_expressions to None, run_after=None
[2024-07-04T18:07:32.606+0000] {logging_mixin.py:188} INFO - [2024-07-04T18:07:32.606+0000] {dag.py:3954} INFO - Setting next_dagrun for consume_1_or_2_with_dataset_expressions to None, run_after=None
[2024-07-04T18:07:32.607+0000] {logging_mixin.py:188} INFO - [2024-07-04T18:07:32.607+0000] {dag.py:3954} INFO - Setting next_dagrun for consume_1_or_both_2_and_3_with_dataset_expressions to None, run_after=None
[2024-07-04T18:07:32.609+0000] {logging_mixin.py:188} INFO - [2024-07-04T18:07:32.609+0000] {dag.py:3954} INFO - Setting next_dagrun for dataset_consumes_1 to None, run_after=None
[2024-07-04T18:07:32.611+0000] {logging_mixin.py:188} INFO - [2024-07-04T18:07:32.610+0000] {dag.py:3954} INFO - Setting next_dagrun for dataset_consumes_1_and_2 to None, run_after=None
[2024-07-04T18:07:32.612+0000] {logging_mixin.py:188} INFO - [2024-07-04T18:07:32.612+0000] {dag.py:3954} INFO - Setting next_dagrun for dataset_consumes_1_never_scheduled to None, run_after=None
[2024-07-04T18:07:32.613+0000] {logging_mixin.py:188} INFO - [2024-07-04T18:07:32.613+0000] {dag.py:3954} INFO - Setting next_dagrun for dataset_consumes_unknown_never_scheduled to None, run_after=None
[2024-07-04T18:07:32.616+0000] {logging_mixin.py:188} INFO - [2024-07-04T18:07:32.616+0000] {dag.py:3954} INFO - Setting next_dagrun for dataset_produces_1 to 2024-07-03 00:00:00+00:00, run_after=2024-07-04 00:00:00+00:00
[2024-07-04T18:07:32.617+0000] {logging_mixin.py:188} INFO - [2024-07-04T18:07:32.617+0000] {dag.py:3954} INFO - Setting next_dagrun for dataset_produces_2 to None, run_after=None
[2024-07-04T18:07:32.671+0000] {processor.py:183} INFO - Processing /home/airflow/.local/lib/python3.12/site-packages/airflow/example_dags/example_datasets.py took 0.167 seconds
[2024-07-04T18:08:02.944+0000] {processor.py:161} INFO - Started process (PID=538) to work on /home/airflow/.local/lib/python3.12/site-packages/airflow/example_dags/example_datasets.py
[2024-07-04T18:08:02.944+0000] {processor.py:830} INFO - Processing file /home/airflow/.local/lib/python3.12/site-packages/airflow/example_dags/example_datasets.py for tasks to queue
[2024-07-04T18:08:02.946+0000] {logging_mixin.py:188} INFO - [2024-07-04T18:08:02.945+0000] {dagbag.py:545} INFO - Filling up the DagBag from /home/airflow/.local/lib/python3.12/site-packages/airflow/example_dags/example_datasets.py
[2024-07-04T18:08:02.958+0000] {processor.py:840} INFO - DAG(s) 'consume_1_and_2_with_dataset_expressions', 'consume_1_or_both_2_and_3_with_dataset_expressions', 'dataset_produces_2', 'conditional_dataset_and_time_based_timetable', 'dataset_produces_1', 'dataset_consumes_1_never_scheduled', 'dataset_consumes_1_and_2', 'dataset_consumes_1', 'dataset_consumes_unknown_never_scheduled', 'consume_1_or_2_with_dataset_expressions' retrieved from /home/airflow/.local/lib/python3.12/site-packages/airflow/example_dags/example_datasets.py
[2024-07-04T18:08:03.004+0000] {logging_mixin.py:188} INFO - [2024-07-04T18:08:03.003+0000] {dag.py:3096} INFO - Sync 10 DAGs
[2024-07-04T18:08:03.026+0000] {logging_mixin.py:188} INFO - [2024-07-04T18:08:03.026+0000] {dag.py:3954} INFO - Setting next_dagrun for conditional_dataset_and_time_based_timetable to 2024-07-03 01:00:00+00:00, run_after=2024-07-03 01:00:00+00:00
[2024-07-04T18:08:03.030+0000] {logging_mixin.py:188} INFO - [2024-07-04T18:08:03.030+0000] {dag.py:3954} INFO - Setting next_dagrun for consume_1_and_2_with_dataset_expressions to None, run_after=None
[2024-07-04T18:08:03.031+0000] {logging_mixin.py:188} INFO - [2024-07-04T18:08:03.031+0000] {dag.py:3954} INFO - Setting next_dagrun for consume_1_or_2_with_dataset_expressions to None, run_after=None
[2024-07-04T18:08:03.032+0000] {logging_mixin.py:188} INFO - [2024-07-04T18:08:03.032+0000] {dag.py:3954} INFO - Setting next_dagrun for consume_1_or_both_2_and_3_with_dataset_expressions to None, run_after=None
[2024-07-04T18:08:03.033+0000] {logging_mixin.py:188} INFO - [2024-07-04T18:08:03.033+0000] {dag.py:3954} INFO - Setting next_dagrun for dataset_consumes_1 to None, run_after=None
[2024-07-04T18:08:03.035+0000] {logging_mixin.py:188} INFO - [2024-07-04T18:08:03.034+0000] {dag.py:3954} INFO - Setting next_dagrun for dataset_consumes_1_and_2 to None, run_after=None
[2024-07-04T18:08:03.036+0000] {logging_mixin.py:188} INFO - [2024-07-04T18:08:03.035+0000] {dag.py:3954} INFO - Setting next_dagrun for dataset_consumes_1_never_scheduled to None, run_after=None
[2024-07-04T18:08:03.037+0000] {logging_mixin.py:188} INFO - [2024-07-04T18:08:03.037+0000] {dag.py:3954} INFO - Setting next_dagrun for dataset_consumes_unknown_never_scheduled to None, run_after=None
[2024-07-04T18:08:03.039+0000] {logging_mixin.py:188} INFO - [2024-07-04T18:08:03.039+0000] {dag.py:3954} INFO - Setting next_dagrun for dataset_produces_1 to 2024-07-03 00:00:00+00:00, run_after=2024-07-04 00:00:00+00:00
[2024-07-04T18:08:03.040+0000] {logging_mixin.py:188} INFO - [2024-07-04T18:08:03.040+0000] {dag.py:3954} INFO - Setting next_dagrun for dataset_produces_2 to None, run_after=None
[2024-07-04T18:08:03.075+0000] {processor.py:183} INFO - Processing /home/airflow/.local/lib/python3.12/site-packages/airflow/example_dags/example_datasets.py took 0.136 seconds
[2024-07-04T18:08:33.556+0000] {processor.py:161} INFO - Started process (PID=596) to work on /home/airflow/.local/lib/python3.12/site-packages/airflow/example_dags/example_datasets.py
[2024-07-04T18:08:33.556+0000] {processor.py:830} INFO - Processing file /home/airflow/.local/lib/python3.12/site-packages/airflow/example_dags/example_datasets.py for tasks to queue
[2024-07-04T18:08:33.558+0000] {logging_mixin.py:188} INFO - [2024-07-04T18:08:33.557+0000] {dagbag.py:545} INFO - Filling up the DagBag from /home/airflow/.local/lib/python3.12/site-packages/airflow/example_dags/example_datasets.py
[2024-07-04T18:08:33.570+0000] {processor.py:840} INFO - DAG(s) 'dataset_produces_2', 'consume_1_or_both_2_and_3_with_dataset_expressions', 'dataset_consumes_1_never_scheduled', 'consume_1_and_2_with_dataset_expressions', 'consume_1_or_2_with_dataset_expressions', 'dataset_produces_1', 'dataset_consumes_1_and_2', 'dataset_consumes_1', 'conditional_dataset_and_time_based_timetable', 'dataset_consumes_unknown_never_scheduled' retrieved from /home/airflow/.local/lib/python3.12/site-packages/airflow/example_dags/example_datasets.py
[2024-07-04T18:08:33.619+0000] {logging_mixin.py:188} INFO - [2024-07-04T18:08:33.619+0000] {dag.py:3096} INFO - Sync 10 DAGs
[2024-07-04T18:08:33.642+0000] {logging_mixin.py:188} INFO - [2024-07-04T18:08:33.642+0000] {dag.py:3954} INFO - Setting next_dagrun for conditional_dataset_and_time_based_timetable to 2024-07-03 01:00:00+00:00, run_after=2024-07-03 01:00:00+00:00
[2024-07-04T18:08:33.646+0000] {logging_mixin.py:188} INFO - [2024-07-04T18:08:33.646+0000] {dag.py:3954} INFO - Setting next_dagrun for consume_1_and_2_with_dataset_expressions to None, run_after=None
[2024-07-04T18:08:33.647+0000] {logging_mixin.py:188} INFO - [2024-07-04T18:08:33.647+0000] {dag.py:3954} INFO - Setting next_dagrun for consume_1_or_2_with_dataset_expressions to None, run_after=None
[2024-07-04T18:08:33.649+0000] {logging_mixin.py:188} INFO - [2024-07-04T18:08:33.648+0000] {dag.py:3954} INFO - Setting next_dagrun for consume_1_or_both_2_and_3_with_dataset_expressions to None, run_after=None
[2024-07-04T18:08:33.650+0000] {logging_mixin.py:188} INFO - [2024-07-04T18:08:33.650+0000] {dag.py:3954} INFO - Setting next_dagrun for dataset_consumes_1 to None, run_after=None
[2024-07-04T18:08:33.651+0000] {logging_mixin.py:188} INFO - [2024-07-04T18:08:33.651+0000] {dag.py:3954} INFO - Setting next_dagrun for dataset_consumes_1_and_2 to None, run_after=None
[2024-07-04T18:08:33.652+0000] {logging_mixin.py:188} INFO - [2024-07-04T18:08:33.652+0000] {dag.py:3954} INFO - Setting next_dagrun for dataset_consumes_1_never_scheduled to None, run_after=None
[2024-07-04T18:08:33.654+0000] {logging_mixin.py:188} INFO - [2024-07-04T18:08:33.653+0000] {dag.py:3954} INFO - Setting next_dagrun for dataset_consumes_unknown_never_scheduled to None, run_after=None
[2024-07-04T18:08:33.656+0000] {logging_mixin.py:188} INFO - [2024-07-04T18:08:33.656+0000] {dag.py:3954} INFO - Setting next_dagrun for dataset_produces_1 to 2024-07-03 00:00:00+00:00, run_after=2024-07-04 00:00:00+00:00
[2024-07-04T18:08:33.657+0000] {logging_mixin.py:188} INFO - [2024-07-04T18:08:33.657+0000] {dag.py:3954} INFO - Setting next_dagrun for dataset_produces_2 to None, run_after=None
[2024-07-04T18:08:33.694+0000] {processor.py:183} INFO - Processing /home/airflow/.local/lib/python3.12/site-packages/airflow/example_dags/example_datasets.py took 0.143 seconds
[2024-07-04T18:09:04.298+0000] {processor.py:161} INFO - Started process (PID=653) to work on /home/airflow/.local/lib/python3.12/site-packages/airflow/example_dags/example_datasets.py
[2024-07-04T18:09:04.299+0000] {processor.py:830} INFO - Processing file /home/airflow/.local/lib/python3.12/site-packages/airflow/example_dags/example_datasets.py for tasks to queue
[2024-07-04T18:09:04.300+0000] {logging_mixin.py:188} INFO - [2024-07-04T18:09:04.300+0000] {dagbag.py:545} INFO - Filling up the DagBag from /home/airflow/.local/lib/python3.12/site-packages/airflow/example_dags/example_datasets.py
[2024-07-04T18:09:04.313+0000] {processor.py:840} INFO - DAG(s) 'dataset_consumes_1_and_2', 'dataset_consumes_1', 'consume_1_and_2_with_dataset_expressions', 'dataset_produces_1', 'consume_1_or_both_2_and_3_with_dataset_expressions', 'conditional_dataset_and_time_based_timetable', 'dataset_consumes_unknown_never_scheduled', 'consume_1_or_2_with_dataset_expressions', 'dataset_produces_2', 'dataset_consumes_1_never_scheduled' retrieved from /home/airflow/.local/lib/python3.12/site-packages/airflow/example_dags/example_datasets.py
[2024-07-04T18:09:04.361+0000] {logging_mixin.py:188} INFO - [2024-07-04T18:09:04.361+0000] {dag.py:3096} INFO - Sync 10 DAGs
[2024-07-04T18:09:04.385+0000] {logging_mixin.py:188} INFO - [2024-07-04T18:09:04.385+0000] {dag.py:3954} INFO - Setting next_dagrun for conditional_dataset_and_time_based_timetable to 2024-07-03 01:00:00+00:00, run_after=2024-07-03 01:00:00+00:00
[2024-07-04T18:09:04.389+0000] {logging_mixin.py:188} INFO - [2024-07-04T18:09:04.389+0000] {dag.py:3954} INFO - Setting next_dagrun for consume_1_and_2_with_dataset_expressions to None, run_after=None
[2024-07-04T18:09:04.391+0000] {logging_mixin.py:188} INFO - [2024-07-04T18:09:04.391+0000] {dag.py:3954} INFO - Setting next_dagrun for consume_1_or_2_with_dataset_expressions to None, run_after=None
[2024-07-04T18:09:04.392+0000] {logging_mixin.py:188} INFO - [2024-07-04T18:09:04.392+0000] {dag.py:3954} INFO - Setting next_dagrun for consume_1_or_both_2_and_3_with_dataset_expressions to None, run_after=None
[2024-07-04T18:09:04.393+0000] {logging_mixin.py:188} INFO - [2024-07-04T18:09:04.393+0000] {dag.py:3954} INFO - Setting next_dagrun for dataset_consumes_1 to None, run_after=None
[2024-07-04T18:09:04.394+0000] {logging_mixin.py:188} INFO - [2024-07-04T18:09:04.394+0000] {dag.py:3954} INFO - Setting next_dagrun for dataset_consumes_1_and_2 to None, run_after=None
[2024-07-04T18:09:04.395+0000] {logging_mixin.py:188} INFO - [2024-07-04T18:09:04.395+0000] {dag.py:3954} INFO - Setting next_dagrun for dataset_consumes_1_never_scheduled to None, run_after=None
[2024-07-04T18:09:04.397+0000] {logging_mixin.py:188} INFO - [2024-07-04T18:09:04.396+0000] {dag.py:3954} INFO - Setting next_dagrun for dataset_consumes_unknown_never_scheduled to None, run_after=None
[2024-07-04T18:09:04.399+0000] {logging_mixin.py:188} INFO - [2024-07-04T18:09:04.399+0000] {dag.py:3954} INFO - Setting next_dagrun for dataset_produces_1 to 2024-07-03 00:00:00+00:00, run_after=2024-07-04 00:00:00+00:00
[2024-07-04T18:09:04.401+0000] {logging_mixin.py:188} INFO - [2024-07-04T18:09:04.400+0000] {dag.py:3954} INFO - Setting next_dagrun for dataset_produces_2 to None, run_after=None
[2024-07-04T18:09:04.437+0000] {processor.py:183} INFO - Processing /home/airflow/.local/lib/python3.12/site-packages/airflow/example_dags/example_datasets.py took 0.144 seconds
[2024-07-04T18:09:34.553+0000] {processor.py:161} INFO - Started process (PID=711) to work on /home/airflow/.local/lib/python3.12/site-packages/airflow/example_dags/example_datasets.py
[2024-07-04T18:09:34.554+0000] {processor.py:830} INFO - Processing file /home/airflow/.local/lib/python3.12/site-packages/airflow/example_dags/example_datasets.py for tasks to queue
[2024-07-04T18:09:34.556+0000] {logging_mixin.py:188} INFO - [2024-07-04T18:09:34.555+0000] {dagbag.py:545} INFO - Filling up the DagBag from /home/airflow/.local/lib/python3.12/site-packages/airflow/example_dags/example_datasets.py
[2024-07-04T18:09:34.569+0000] {processor.py:840} INFO - DAG(s) 'dataset_produces_2', 'conditional_dataset_and_time_based_timetable', 'dataset_consumes_1', 'dataset_consumes_1_and_2', 'consume_1_or_both_2_and_3_with_dataset_expressions', 'dataset_produces_1', 'consume_1_and_2_with_dataset_expressions', 'dataset_consumes_1_never_scheduled', 'dataset_consumes_unknown_never_scheduled', 'consume_1_or_2_with_dataset_expressions' retrieved from /home/airflow/.local/lib/python3.12/site-packages/airflow/example_dags/example_datasets.py
[2024-07-04T18:09:34.617+0000] {logging_mixin.py:188} INFO - [2024-07-04T18:09:34.617+0000] {dag.py:3096} INFO - Sync 10 DAGs
[2024-07-04T18:09:34.640+0000] {logging_mixin.py:188} INFO - [2024-07-04T18:09:34.640+0000] {dag.py:3954} INFO - Setting next_dagrun for conditional_dataset_and_time_based_timetable to 2024-07-03 01:00:00+00:00, run_after=2024-07-03 01:00:00+00:00
[2024-07-04T18:09:34.644+0000] {logging_mixin.py:188} INFO - [2024-07-04T18:09:34.644+0000] {dag.py:3954} INFO - Setting next_dagrun for consume_1_and_2_with_dataset_expressions to None, run_after=None
[2024-07-04T18:09:34.645+0000] {logging_mixin.py:188} INFO - [2024-07-04T18:09:34.645+0000] {dag.py:3954} INFO - Setting next_dagrun for consume_1_or_2_with_dataset_expressions to None, run_after=None
[2024-07-04T18:09:34.646+0000] {logging_mixin.py:188} INFO - [2024-07-04T18:09:34.646+0000] {dag.py:3954} INFO - Setting next_dagrun for consume_1_or_both_2_and_3_with_dataset_expressions to None, run_after=None
[2024-07-04T18:09:34.647+0000] {logging_mixin.py:188} INFO - [2024-07-04T18:09:34.647+0000] {dag.py:3954} INFO - Setting next_dagrun for dataset_consumes_1 to None, run_after=None
[2024-07-04T18:09:34.649+0000] {logging_mixin.py:188} INFO - [2024-07-04T18:09:34.648+0000] {dag.py:3954} INFO - Setting next_dagrun for dataset_consumes_1_and_2 to None, run_after=None
[2024-07-04T18:09:34.650+0000] {logging_mixin.py:188} INFO - [2024-07-04T18:09:34.650+0000] {dag.py:3954} INFO - Setting next_dagrun for dataset_consumes_1_never_scheduled to None, run_after=None
[2024-07-04T18:09:34.652+0000] {logging_mixin.py:188} INFO - [2024-07-04T18:09:34.652+0000] {dag.py:3954} INFO - Setting next_dagrun for dataset_consumes_unknown_never_scheduled to None, run_after=None
[2024-07-04T18:09:34.656+0000] {logging_mixin.py:188} INFO - [2024-07-04T18:09:34.656+0000] {dag.py:3954} INFO - Setting next_dagrun for dataset_produces_1 to 2024-07-03 00:00:00+00:00, run_after=2024-07-04 00:00:00+00:00
[2024-07-04T18:09:34.658+0000] {logging_mixin.py:188} INFO - [2024-07-04T18:09:34.657+0000] {dag.py:3954} INFO - Setting next_dagrun for dataset_produces_2 to None, run_after=None
[2024-07-04T18:09:34.695+0000] {processor.py:183} INFO - Processing /home/airflow/.local/lib/python3.12/site-packages/airflow/example_dags/example_datasets.py took 0.146 seconds
[2024-07-04T18:10:04.768+0000] {processor.py:161} INFO - Started process (PID=769) to work on /home/airflow/.local/lib/python3.12/site-packages/airflow/example_dags/example_datasets.py
[2024-07-04T18:10:04.769+0000] {processor.py:830} INFO - Processing file /home/airflow/.local/lib/python3.12/site-packages/airflow/example_dags/example_datasets.py for tasks to queue
[2024-07-04T18:10:04.771+0000] {logging_mixin.py:188} INFO - [2024-07-04T18:10:04.770+0000] {dagbag.py:545} INFO - Filling up the DagBag from /home/airflow/.local/lib/python3.12/site-packages/airflow/example_dags/example_datasets.py
[2024-07-04T18:10:04.784+0000] {processor.py:840} INFO - DAG(s) 'consume_1_and_2_with_dataset_expressions', 'dataset_consumes_1_and_2', 'dataset_consumes_1', 'consume_1_or_2_with_dataset_expressions', 'consume_1_or_both_2_and_3_with_dataset_expressions', 'dataset_consumes_unknown_never_scheduled', 'conditional_dataset_and_time_based_timetable', 'dataset_consumes_1_never_scheduled', 'dataset_produces_1', 'dataset_produces_2' retrieved from /home/airflow/.local/lib/python3.12/site-packages/airflow/example_dags/example_datasets.py
[2024-07-04T18:10:04.843+0000] {logging_mixin.py:188} INFO - [2024-07-04T18:10:04.843+0000] {dag.py:3096} INFO - Sync 10 DAGs
[2024-07-04T18:10:04.868+0000] {logging_mixin.py:188} INFO - [2024-07-04T18:10:04.868+0000] {dag.py:3954} INFO - Setting next_dagrun for conditional_dataset_and_time_based_timetable to 2024-07-03 01:00:00+00:00, run_after=2024-07-03 01:00:00+00:00
[2024-07-04T18:10:04.873+0000] {logging_mixin.py:188} INFO - [2024-07-04T18:10:04.872+0000] {dag.py:3954} INFO - Setting next_dagrun for consume_1_and_2_with_dataset_expressions to None, run_after=None
[2024-07-04T18:10:04.874+0000] {logging_mixin.py:188} INFO - [2024-07-04T18:10:04.874+0000] {dag.py:3954} INFO - Setting next_dagrun for consume_1_or_2_with_dataset_expressions to None, run_after=None
[2024-07-04T18:10:04.875+0000] {logging_mixin.py:188} INFO - [2024-07-04T18:10:04.875+0000] {dag.py:3954} INFO - Setting next_dagrun for consume_1_or_both_2_and_3_with_dataset_expressions to None, run_after=None
[2024-07-04T18:10:04.877+0000] {logging_mixin.py:188} INFO - [2024-07-04T18:10:04.877+0000] {dag.py:3954} INFO - Setting next_dagrun for dataset_consumes_1 to None, run_after=None
[2024-07-04T18:10:04.878+0000] {logging_mixin.py:188} INFO - [2024-07-04T18:10:04.878+0000] {dag.py:3954} INFO - Setting next_dagrun for dataset_consumes_1_and_2 to None, run_after=None
[2024-07-04T18:10:04.879+0000] {logging_mixin.py:188} INFO - [2024-07-04T18:10:04.879+0000] {dag.py:3954} INFO - Setting next_dagrun for dataset_consumes_1_never_scheduled to None, run_after=None
[2024-07-04T18:10:04.881+0000] {logging_mixin.py:188} INFO - [2024-07-04T18:10:04.880+0000] {dag.py:3954} INFO - Setting next_dagrun for dataset_consumes_unknown_never_scheduled to None, run_after=None
[2024-07-04T18:10:04.883+0000] {logging_mixin.py:188} INFO - [2024-07-04T18:10:04.883+0000] {dag.py:3954} INFO - Setting next_dagrun for dataset_produces_1 to 2024-07-03 00:00:00+00:00, run_after=2024-07-04 00:00:00+00:00
[2024-07-04T18:10:04.884+0000] {logging_mixin.py:188} INFO - [2024-07-04T18:10:04.884+0000] {dag.py:3954} INFO - Setting next_dagrun for dataset_produces_2 to None, run_after=None
[2024-07-04T18:10:04.926+0000] {processor.py:183} INFO - Processing /home/airflow/.local/lib/python3.12/site-packages/airflow/example_dags/example_datasets.py took 0.163 seconds
