[2024-07-04T17:38:50.319+0000] {processor.py:161} INFO - Started process (PID=86) to work on /home/airflow/.local/lib/python3.12/site-packages/airflow/example_dags/example_branch_operator.py
[2024-07-04T17:38:50.320+0000] {processor.py:830} INFO - Processing file /home/airflow/.local/lib/python3.12/site-packages/airflow/example_dags/example_branch_operator.py for tasks to queue
[2024-07-04T17:38:50.322+0000] {logging_mixin.py:188} INFO - [2024-07-04T17:38:50.322+0000] {dagbag.py:545} INFO - Filling up the DagBag from /home/airflow/.local/lib/python3.12/site-packages/airflow/example_dags/example_branch_operator.py
[2024-07-04T17:38:50.352+0000] {processor.py:840} INFO - DAG(s) 'example_branch_operator' retrieved from /home/airflow/.local/lib/python3.12/site-packages/airflow/example_dags/example_branch_operator.py
[2024-07-04T17:38:50.526+0000] {logging_mixin.py:188} INFO - [2024-07-04T17:38:50.525+0000] {override.py:1829} INFO - Created Permission View: can read on DAG:example_branch_operator
[2024-07-04T17:38:50.545+0000] {logging_mixin.py:188} INFO - [2024-07-04T17:38:50.545+0000] {override.py:1829} INFO - Created Permission View: can edit on DAG:example_branch_operator
[2024-07-04T17:38:50.558+0000] {logging_mixin.py:188} INFO - [2024-07-04T17:38:50.557+0000] {override.py:1829} INFO - Created Permission View: can delete on DAG:example_branch_operator
[2024-07-04T17:38:50.558+0000] {logging_mixin.py:188} INFO - [2024-07-04T17:38:50.558+0000] {dag.py:3096} INFO - Sync 1 DAGs
[2024-07-04T17:38:50.579+0000] {logging_mixin.py:188} INFO - [2024-07-04T17:38:50.579+0000] {dag.py:3118} INFO - Creating ORM DAG for example_branch_operator
[2024-07-04T17:38:50.599+0000] {logging_mixin.py:188} INFO - [2024-07-04T17:38:50.599+0000] {dag.py:3954} INFO - Setting next_dagrun for example_branch_operator to 2024-07-03 00:00:00+00:00, run_after=2024-07-04 00:00:00+00:00
[2024-07-04T17:38:50.631+0000] {processor.py:183} INFO - Processing /home/airflow/.local/lib/python3.12/site-packages/airflow/example_dags/example_branch_operator.py took 0.317 seconds
[2024-07-04T17:39:20.676+0000] {processor.py:161} INFO - Started process (PID=145) to work on /home/airflow/.local/lib/python3.12/site-packages/airflow/example_dags/example_branch_operator.py
[2024-07-04T17:39:20.676+0000] {processor.py:830} INFO - Processing file /home/airflow/.local/lib/python3.12/site-packages/airflow/example_dags/example_branch_operator.py for tasks to queue
[2024-07-04T17:39:20.678+0000] {logging_mixin.py:188} INFO - [2024-07-04T17:39:20.677+0000] {dagbag.py:545} INFO - Filling up the DagBag from /home/airflow/.local/lib/python3.12/site-packages/airflow/example_dags/example_branch_operator.py
[2024-07-04T17:39:20.692+0000] {processor.py:840} INFO - DAG(s) 'example_branch_operator' retrieved from /home/airflow/.local/lib/python3.12/site-packages/airflow/example_dags/example_branch_operator.py
[2024-07-04T17:39:20.729+0000] {logging_mixin.py:188} INFO - [2024-07-04T17:39:20.729+0000] {dag.py:3096} INFO - Sync 1 DAGs
[2024-07-04T17:39:20.751+0000] {logging_mixin.py:188} INFO - [2024-07-04T17:39:20.751+0000] {dag.py:3954} INFO - Setting next_dagrun for example_branch_operator to 2024-07-03 00:00:00+00:00, run_after=2024-07-04 00:00:00+00:00
[2024-07-04T17:39:20.772+0000] {processor.py:183} INFO - Processing /home/airflow/.local/lib/python3.12/site-packages/airflow/example_dags/example_branch_operator.py took 0.101 seconds
[2024-07-04T17:44:59.025+0000] {processor.py:161} INFO - Started process (PID=85) to work on /home/airflow/.local/lib/python3.12/site-packages/airflow/example_dags/example_branch_operator.py
[2024-07-04T17:44:59.026+0000] {processor.py:830} INFO - Processing file /home/airflow/.local/lib/python3.12/site-packages/airflow/example_dags/example_branch_operator.py for tasks to queue
[2024-07-04T17:44:59.027+0000] {logging_mixin.py:188} INFO - [2024-07-04T17:44:59.027+0000] {dagbag.py:545} INFO - Filling up the DagBag from /home/airflow/.local/lib/python3.12/site-packages/airflow/example_dags/example_branch_operator.py
[2024-07-04T17:44:59.048+0000] {processor.py:840} INFO - DAG(s) 'example_branch_operator' retrieved from /home/airflow/.local/lib/python3.12/site-packages/airflow/example_dags/example_branch_operator.py
[2024-07-04T17:44:59.240+0000] {logging_mixin.py:188} INFO - [2024-07-04T17:44:59.239+0000] {dag.py:3096} INFO - Sync 1 DAGs
[2024-07-04T17:44:59.267+0000] {logging_mixin.py:188} INFO - [2024-07-04T17:44:59.266+0000] {dag.py:3954} INFO - Setting next_dagrun for example_branch_operator to 2024-07-03 00:00:00+00:00, run_after=2024-07-04 00:00:00+00:00
[2024-07-04T17:44:59.297+0000] {processor.py:183} INFO - Processing /home/airflow/.local/lib/python3.12/site-packages/airflow/example_dags/example_branch_operator.py took 0.278 seconds
[2024-07-04T17:45:29.579+0000] {processor.py:161} INFO - Started process (PID=143) to work on /home/airflow/.local/lib/python3.12/site-packages/airflow/example_dags/example_branch_operator.py
[2024-07-04T17:45:29.580+0000] {processor.py:830} INFO - Processing file /home/airflow/.local/lib/python3.12/site-packages/airflow/example_dags/example_branch_operator.py for tasks to queue
[2024-07-04T17:45:29.582+0000] {logging_mixin.py:188} INFO - [2024-07-04T17:45:29.581+0000] {dagbag.py:545} INFO - Filling up the DagBag from /home/airflow/.local/lib/python3.12/site-packages/airflow/example_dags/example_branch_operator.py
[2024-07-04T17:45:29.598+0000] {processor.py:840} INFO - DAG(s) 'example_branch_operator' retrieved from /home/airflow/.local/lib/python3.12/site-packages/airflow/example_dags/example_branch_operator.py
[2024-07-04T17:45:29.626+0000] {logging_mixin.py:188} INFO - [2024-07-04T17:45:29.626+0000] {dag.py:3096} INFO - Sync 1 DAGs
[2024-07-04T17:45:29.648+0000] {logging_mixin.py:188} INFO - [2024-07-04T17:45:29.648+0000] {dag.py:3954} INFO - Setting next_dagrun for example_branch_operator to 2024-07-03 00:00:00+00:00, run_after=2024-07-04 00:00:00+00:00
[2024-07-04T17:45:29.668+0000] {processor.py:183} INFO - Processing /home/airflow/.local/lib/python3.12/site-packages/airflow/example_dags/example_branch_operator.py took 0.094 seconds
[2024-07-04T17:45:59.732+0000] {processor.py:161} INFO - Started process (PID=201) to work on /home/airflow/.local/lib/python3.12/site-packages/airflow/example_dags/example_branch_operator.py
[2024-07-04T17:45:59.733+0000] {processor.py:830} INFO - Processing file /home/airflow/.local/lib/python3.12/site-packages/airflow/example_dags/example_branch_operator.py for tasks to queue
[2024-07-04T17:45:59.735+0000] {logging_mixin.py:188} INFO - [2024-07-04T17:45:59.734+0000] {dagbag.py:545} INFO - Filling up the DagBag from /home/airflow/.local/lib/python3.12/site-packages/airflow/example_dags/example_branch_operator.py
[2024-07-04T17:45:59.750+0000] {processor.py:840} INFO - DAG(s) 'example_branch_operator' retrieved from /home/airflow/.local/lib/python3.12/site-packages/airflow/example_dags/example_branch_operator.py
[2024-07-04T17:45:59.777+0000] {logging_mixin.py:188} INFO - [2024-07-04T17:45:59.776+0000] {dag.py:3096} INFO - Sync 1 DAGs
[2024-07-04T17:45:59.797+0000] {logging_mixin.py:188} INFO - [2024-07-04T17:45:59.797+0000] {dag.py:3954} INFO - Setting next_dagrun for example_branch_operator to 2024-07-03 00:00:00+00:00, run_after=2024-07-04 00:00:00+00:00
[2024-07-04T17:45:59.816+0000] {processor.py:183} INFO - Processing /home/airflow/.local/lib/python3.12/site-packages/airflow/example_dags/example_branch_operator.py took 0.088 seconds
[2024-07-04T17:46:30.068+0000] {processor.py:161} INFO - Started process (PID=259) to work on /home/airflow/.local/lib/python3.12/site-packages/airflow/example_dags/example_branch_operator.py
[2024-07-04T17:46:30.069+0000] {processor.py:830} INFO - Processing file /home/airflow/.local/lib/python3.12/site-packages/airflow/example_dags/example_branch_operator.py for tasks to queue
[2024-07-04T17:46:30.070+0000] {logging_mixin.py:188} INFO - [2024-07-04T17:46:30.070+0000] {dagbag.py:545} INFO - Filling up the DagBag from /home/airflow/.local/lib/python3.12/site-packages/airflow/example_dags/example_branch_operator.py
[2024-07-04T17:46:30.094+0000] {processor.py:840} INFO - DAG(s) 'example_branch_operator' retrieved from /home/airflow/.local/lib/python3.12/site-packages/airflow/example_dags/example_branch_operator.py
[2024-07-04T17:46:30.124+0000] {logging_mixin.py:188} INFO - [2024-07-04T17:46:30.123+0000] {dag.py:3096} INFO - Sync 1 DAGs
[2024-07-04T17:46:30.145+0000] {logging_mixin.py:188} INFO - [2024-07-04T17:46:30.145+0000] {dag.py:3954} INFO - Setting next_dagrun for example_branch_operator to 2024-07-03 00:00:00+00:00, run_after=2024-07-04 00:00:00+00:00
[2024-07-04T17:46:30.174+0000] {processor.py:183} INFO - Processing /home/airflow/.local/lib/python3.12/site-packages/airflow/example_dags/example_branch_operator.py took 0.112 seconds
[2024-07-04T18:04:00.943+0000] {processor.py:161} INFO - Started process (PID=85) to work on /home/airflow/.local/lib/python3.12/site-packages/airflow/example_dags/example_branch_operator.py
[2024-07-04T18:04:00.944+0000] {processor.py:830} INFO - Processing file /home/airflow/.local/lib/python3.12/site-packages/airflow/example_dags/example_branch_operator.py for tasks to queue
[2024-07-04T18:04:00.946+0000] {logging_mixin.py:188} INFO - [2024-07-04T18:04:00.945+0000] {dagbag.py:545} INFO - Filling up the DagBag from /home/airflow/.local/lib/python3.12/site-packages/airflow/example_dags/example_branch_operator.py
[2024-07-04T18:04:00.968+0000] {processor.py:840} INFO - DAG(s) 'example_branch_operator' retrieved from /home/airflow/.local/lib/python3.12/site-packages/airflow/example_dags/example_branch_operator.py
[2024-07-04T18:04:01.115+0000] {logging_mixin.py:188} INFO - [2024-07-04T18:04:01.115+0000] {dag.py:3096} INFO - Sync 1 DAGs
[2024-07-04T18:04:01.144+0000] {logging_mixin.py:188} INFO - [2024-07-04T18:04:01.143+0000] {dag.py:3954} INFO - Setting next_dagrun for example_branch_operator to 2024-07-03 00:00:00+00:00, run_after=2024-07-04 00:00:00+00:00
[2024-07-04T18:04:01.173+0000] {processor.py:183} INFO - Processing /home/airflow/.local/lib/python3.12/site-packages/airflow/example_dags/example_branch_operator.py took 0.239 seconds
[2024-07-04T18:04:31.337+0000] {processor.py:161} INFO - Started process (PID=142) to work on /home/airflow/.local/lib/python3.12/site-packages/airflow/example_dags/example_branch_operator.py
[2024-07-04T18:04:31.338+0000] {processor.py:830} INFO - Processing file /home/airflow/.local/lib/python3.12/site-packages/airflow/example_dags/example_branch_operator.py for tasks to queue
[2024-07-04T18:04:31.339+0000] {logging_mixin.py:188} INFO - [2024-07-04T18:04:31.339+0000] {dagbag.py:545} INFO - Filling up the DagBag from /home/airflow/.local/lib/python3.12/site-packages/airflow/example_dags/example_branch_operator.py
[2024-07-04T18:04:31.356+0000] {processor.py:840} INFO - DAG(s) 'example_branch_operator' retrieved from /home/airflow/.local/lib/python3.12/site-packages/airflow/example_dags/example_branch_operator.py
[2024-07-04T18:04:31.385+0000] {logging_mixin.py:188} INFO - [2024-07-04T18:04:31.384+0000] {dag.py:3096} INFO - Sync 1 DAGs
[2024-07-04T18:04:31.407+0000] {logging_mixin.py:188} INFO - [2024-07-04T18:04:31.407+0000] {dag.py:3954} INFO - Setting next_dagrun for example_branch_operator to 2024-07-03 00:00:00+00:00, run_after=2024-07-04 00:00:00+00:00
[2024-07-04T18:04:31.427+0000] {processor.py:183} INFO - Processing /home/airflow/.local/lib/python3.12/site-packages/airflow/example_dags/example_branch_operator.py took 0.095 seconds
[2024-07-04T18:05:02.209+0000] {processor.py:161} INFO - Started process (PID=200) to work on /home/airflow/.local/lib/python3.12/site-packages/airflow/example_dags/example_branch_operator.py
[2024-07-04T18:05:02.209+0000] {processor.py:830} INFO - Processing file /home/airflow/.local/lib/python3.12/site-packages/airflow/example_dags/example_branch_operator.py for tasks to queue
[2024-07-04T18:05:02.211+0000] {logging_mixin.py:188} INFO - [2024-07-04T18:05:02.211+0000] {dagbag.py:545} INFO - Filling up the DagBag from /home/airflow/.local/lib/python3.12/site-packages/airflow/example_dags/example_branch_operator.py
[2024-07-04T18:05:02.228+0000] {processor.py:840} INFO - DAG(s) 'example_branch_operator' retrieved from /home/airflow/.local/lib/python3.12/site-packages/airflow/example_dags/example_branch_operator.py
[2024-07-04T18:05:02.258+0000] {logging_mixin.py:188} INFO - [2024-07-04T18:05:02.258+0000] {dag.py:3096} INFO - Sync 1 DAGs
[2024-07-04T18:05:02.282+0000] {logging_mixin.py:188} INFO - [2024-07-04T18:05:02.282+0000] {dag.py:3954} INFO - Setting next_dagrun for example_branch_operator to 2024-07-03 00:00:00+00:00, run_after=2024-07-04 00:00:00+00:00
[2024-07-04T18:05:02.307+0000] {processor.py:183} INFO - Processing /home/airflow/.local/lib/python3.12/site-packages/airflow/example_dags/example_branch_operator.py took 0.103 seconds
[2024-07-04T18:05:32.482+0000] {processor.py:161} INFO - Started process (PID=259) to work on /home/airflow/.local/lib/python3.12/site-packages/airflow/example_dags/example_branch_operator.py
[2024-07-04T18:05:32.482+0000] {processor.py:830} INFO - Processing file /home/airflow/.local/lib/python3.12/site-packages/airflow/example_dags/example_branch_operator.py for tasks to queue
[2024-07-04T18:05:32.484+0000] {logging_mixin.py:188} INFO - [2024-07-04T18:05:32.483+0000] {dagbag.py:545} INFO - Filling up the DagBag from /home/airflow/.local/lib/python3.12/site-packages/airflow/example_dags/example_branch_operator.py
[2024-07-04T18:05:32.499+0000] {processor.py:840} INFO - DAG(s) 'example_branch_operator' retrieved from /home/airflow/.local/lib/python3.12/site-packages/airflow/example_dags/example_branch_operator.py
[2024-07-04T18:05:32.526+0000] {logging_mixin.py:188} INFO - [2024-07-04T18:05:32.526+0000] {dag.py:3096} INFO - Sync 1 DAGs
[2024-07-04T18:05:32.548+0000] {logging_mixin.py:188} INFO - [2024-07-04T18:05:32.547+0000] {dag.py:3954} INFO - Setting next_dagrun for example_branch_operator to 2024-07-03 00:00:00+00:00, run_after=2024-07-04 00:00:00+00:00
[2024-07-04T18:05:32.568+0000] {processor.py:183} INFO - Processing /home/airflow/.local/lib/python3.12/site-packages/airflow/example_dags/example_branch_operator.py took 0.091 seconds
[2024-07-04T18:06:02.941+0000] {processor.py:161} INFO - Started process (PID=318) to work on /home/airflow/.local/lib/python3.12/site-packages/airflow/example_dags/example_branch_operator.py
[2024-07-04T18:06:02.942+0000] {processor.py:830} INFO - Processing file /home/airflow/.local/lib/python3.12/site-packages/airflow/example_dags/example_branch_operator.py for tasks to queue
[2024-07-04T18:06:02.943+0000] {logging_mixin.py:188} INFO - [2024-07-04T18:06:02.943+0000] {dagbag.py:545} INFO - Filling up the DagBag from /home/airflow/.local/lib/python3.12/site-packages/airflow/example_dags/example_branch_operator.py
[2024-07-04T18:06:02.965+0000] {processor.py:840} INFO - DAG(s) 'example_branch_operator' retrieved from /home/airflow/.local/lib/python3.12/site-packages/airflow/example_dags/example_branch_operator.py
[2024-07-04T18:06:03.013+0000] {logging_mixin.py:188} INFO - [2024-07-04T18:06:03.013+0000] {dag.py:3096} INFO - Sync 1 DAGs
[2024-07-04T18:06:03.041+0000] {logging_mixin.py:188} INFO - [2024-07-04T18:06:03.041+0000] {dag.py:3954} INFO - Setting next_dagrun for example_branch_operator to 2024-07-03 00:00:00+00:00, run_after=2024-07-04 00:00:00+00:00
[2024-07-04T18:06:03.066+0000] {processor.py:183} INFO - Processing /home/airflow/.local/lib/python3.12/site-packages/airflow/example_dags/example_branch_operator.py took 0.130 seconds
[2024-07-04T18:06:33.348+0000] {processor.py:161} INFO - Started process (PID=376) to work on /home/airflow/.local/lib/python3.12/site-packages/airflow/example_dags/example_branch_operator.py
[2024-07-04T18:06:33.349+0000] {processor.py:830} INFO - Processing file /home/airflow/.local/lib/python3.12/site-packages/airflow/example_dags/example_branch_operator.py for tasks to queue
[2024-07-04T18:06:33.350+0000] {logging_mixin.py:188} INFO - [2024-07-04T18:06:33.350+0000] {dagbag.py:545} INFO - Filling up the DagBag from /home/airflow/.local/lib/python3.12/site-packages/airflow/example_dags/example_branch_operator.py
[2024-07-04T18:06:33.365+0000] {processor.py:840} INFO - DAG(s) 'example_branch_operator' retrieved from /home/airflow/.local/lib/python3.12/site-packages/airflow/example_dags/example_branch_operator.py
[2024-07-04T18:06:33.392+0000] {logging_mixin.py:188} INFO - [2024-07-04T18:06:33.392+0000] {dag.py:3096} INFO - Sync 1 DAGs
[2024-07-04T18:06:33.413+0000] {logging_mixin.py:188} INFO - [2024-07-04T18:06:33.413+0000] {dag.py:3954} INFO - Setting next_dagrun for example_branch_operator to 2024-07-03 00:00:00+00:00, run_after=2024-07-04 00:00:00+00:00
[2024-07-04T18:06:33.432+0000] {processor.py:183} INFO - Processing /home/airflow/.local/lib/python3.12/site-packages/airflow/example_dags/example_branch_operator.py took 0.088 seconds
[2024-07-04T18:07:03.682+0000] {processor.py:161} INFO - Started process (PID=435) to work on /home/airflow/.local/lib/python3.12/site-packages/airflow/example_dags/example_branch_operator.py
[2024-07-04T18:07:03.683+0000] {processor.py:830} INFO - Processing file /home/airflow/.local/lib/python3.12/site-packages/airflow/example_dags/example_branch_operator.py for tasks to queue
[2024-07-04T18:07:03.684+0000] {logging_mixin.py:188} INFO - [2024-07-04T18:07:03.684+0000] {dagbag.py:545} INFO - Filling up the DagBag from /home/airflow/.local/lib/python3.12/site-packages/airflow/example_dags/example_branch_operator.py
[2024-07-04T18:07:03.699+0000] {processor.py:840} INFO - DAG(s) 'example_branch_operator' retrieved from /home/airflow/.local/lib/python3.12/site-packages/airflow/example_dags/example_branch_operator.py
[2024-07-04T18:07:03.727+0000] {logging_mixin.py:188} INFO - [2024-07-04T18:07:03.726+0000] {dag.py:3096} INFO - Sync 1 DAGs
[2024-07-04T18:07:03.747+0000] {logging_mixin.py:188} INFO - [2024-07-04T18:07:03.747+0000] {dag.py:3954} INFO - Setting next_dagrun for example_branch_operator to 2024-07-03 00:00:00+00:00, run_after=2024-07-04 00:00:00+00:00
[2024-07-04T18:07:03.766+0000] {processor.py:183} INFO - Processing /home/airflow/.local/lib/python3.12/site-packages/airflow/example_dags/example_branch_operator.py took 0.089 seconds
[2024-07-04T18:07:34.094+0000] {processor.py:161} INFO - Started process (PID=492) to work on /home/airflow/.local/lib/python3.12/site-packages/airflow/example_dags/example_branch_operator.py
[2024-07-04T18:07:34.095+0000] {processor.py:830} INFO - Processing file /home/airflow/.local/lib/python3.12/site-packages/airflow/example_dags/example_branch_operator.py for tasks to queue
[2024-07-04T18:07:34.096+0000] {logging_mixin.py:188} INFO - [2024-07-04T18:07:34.096+0000] {dagbag.py:545} INFO - Filling up the DagBag from /home/airflow/.local/lib/python3.12/site-packages/airflow/example_dags/example_branch_operator.py
[2024-07-04T18:07:34.115+0000] {processor.py:840} INFO - DAG(s) 'example_branch_operator' retrieved from /home/airflow/.local/lib/python3.12/site-packages/airflow/example_dags/example_branch_operator.py
[2024-07-04T18:07:34.149+0000] {logging_mixin.py:188} INFO - [2024-07-04T18:07:34.148+0000] {dag.py:3096} INFO - Sync 1 DAGs
[2024-07-04T18:07:34.175+0000] {logging_mixin.py:188} INFO - [2024-07-04T18:07:34.174+0000] {dag.py:3954} INFO - Setting next_dagrun for example_branch_operator to 2024-07-03 00:00:00+00:00, run_after=2024-07-04 00:00:00+00:00
[2024-07-04T18:07:34.198+0000] {processor.py:183} INFO - Processing /home/airflow/.local/lib/python3.12/site-packages/airflow/example_dags/example_branch_operator.py took 0.109 seconds
[2024-07-04T18:08:04.544+0000] {processor.py:161} INFO - Started process (PID=550) to work on /home/airflow/.local/lib/python3.12/site-packages/airflow/example_dags/example_branch_operator.py
[2024-07-04T18:08:04.545+0000] {processor.py:830} INFO - Processing file /home/airflow/.local/lib/python3.12/site-packages/airflow/example_dags/example_branch_operator.py for tasks to queue
[2024-07-04T18:08:04.546+0000] {logging_mixin.py:188} INFO - [2024-07-04T18:08:04.546+0000] {dagbag.py:545} INFO - Filling up the DagBag from /home/airflow/.local/lib/python3.12/site-packages/airflow/example_dags/example_branch_operator.py
[2024-07-04T18:08:04.564+0000] {processor.py:840} INFO - DAG(s) 'example_branch_operator' retrieved from /home/airflow/.local/lib/python3.12/site-packages/airflow/example_dags/example_branch_operator.py
[2024-07-04T18:08:04.600+0000] {logging_mixin.py:188} INFO - [2024-07-04T18:08:04.600+0000] {dag.py:3096} INFO - Sync 1 DAGs
[2024-07-04T18:08:04.625+0000] {logging_mixin.py:188} INFO - [2024-07-04T18:08:04.625+0000] {dag.py:3954} INFO - Setting next_dagrun for example_branch_operator to 2024-07-03 00:00:00+00:00, run_after=2024-07-04 00:00:00+00:00
[2024-07-04T18:08:04.646+0000] {processor.py:183} INFO - Processing /home/airflow/.local/lib/python3.12/site-packages/airflow/example_dags/example_branch_operator.py took 0.107 seconds
[2024-07-04T18:08:35.140+0000] {processor.py:161} INFO - Started process (PID=608) to work on /home/airflow/.local/lib/python3.12/site-packages/airflow/example_dags/example_branch_operator.py
[2024-07-04T18:08:35.140+0000] {processor.py:830} INFO - Processing file /home/airflow/.local/lib/python3.12/site-packages/airflow/example_dags/example_branch_operator.py for tasks to queue
[2024-07-04T18:08:35.142+0000] {logging_mixin.py:188} INFO - [2024-07-04T18:08:35.141+0000] {dagbag.py:545} INFO - Filling up the DagBag from /home/airflow/.local/lib/python3.12/site-packages/airflow/example_dags/example_branch_operator.py
[2024-07-04T18:08:35.156+0000] {processor.py:840} INFO - DAG(s) 'example_branch_operator' retrieved from /home/airflow/.local/lib/python3.12/site-packages/airflow/example_dags/example_branch_operator.py
[2024-07-04T18:08:35.184+0000] {logging_mixin.py:188} INFO - [2024-07-04T18:08:35.183+0000] {dag.py:3096} INFO - Sync 1 DAGs
[2024-07-04T18:08:35.205+0000] {logging_mixin.py:188} INFO - [2024-07-04T18:08:35.205+0000] {dag.py:3954} INFO - Setting next_dagrun for example_branch_operator to 2024-07-03 00:00:00+00:00, run_after=2024-07-04 00:00:00+00:00
[2024-07-04T18:08:35.224+0000] {processor.py:183} INFO - Processing /home/airflow/.local/lib/python3.12/site-packages/airflow/example_dags/example_branch_operator.py took 0.089 seconds
[2024-07-04T18:09:05.859+0000] {processor.py:161} INFO - Started process (PID=665) to work on /home/airflow/.local/lib/python3.12/site-packages/airflow/example_dags/example_branch_operator.py
[2024-07-04T18:09:05.860+0000] {processor.py:830} INFO - Processing file /home/airflow/.local/lib/python3.12/site-packages/airflow/example_dags/example_branch_operator.py for tasks to queue
[2024-07-04T18:09:05.861+0000] {logging_mixin.py:188} INFO - [2024-07-04T18:09:05.861+0000] {dagbag.py:545} INFO - Filling up the DagBag from /home/airflow/.local/lib/python3.12/site-packages/airflow/example_dags/example_branch_operator.py
[2024-07-04T18:09:05.877+0000] {processor.py:840} INFO - DAG(s) 'example_branch_operator' retrieved from /home/airflow/.local/lib/python3.12/site-packages/airflow/example_dags/example_branch_operator.py
[2024-07-04T18:09:05.912+0000] {logging_mixin.py:188} INFO - [2024-07-04T18:09:05.912+0000] {dag.py:3096} INFO - Sync 1 DAGs
[2024-07-04T18:09:05.938+0000] {logging_mixin.py:188} INFO - [2024-07-04T18:09:05.937+0000] {dag.py:3954} INFO - Setting next_dagrun for example_branch_operator to 2024-07-03 00:00:00+00:00, run_after=2024-07-04 00:00:00+00:00
[2024-07-04T18:09:05.959+0000] {processor.py:183} INFO - Processing /home/airflow/.local/lib/python3.12/site-packages/airflow/example_dags/example_branch_operator.py took 0.105 seconds
[2024-07-04T18:09:36.256+0000] {processor.py:161} INFO - Started process (PID=723) to work on /home/airflow/.local/lib/python3.12/site-packages/airflow/example_dags/example_branch_operator.py
[2024-07-04T18:09:36.257+0000] {processor.py:830} INFO - Processing file /home/airflow/.local/lib/python3.12/site-packages/airflow/example_dags/example_branch_operator.py for tasks to queue
[2024-07-04T18:09:36.258+0000] {logging_mixin.py:188} INFO - [2024-07-04T18:09:36.258+0000] {dagbag.py:545} INFO - Filling up the DagBag from /home/airflow/.local/lib/python3.12/site-packages/airflow/example_dags/example_branch_operator.py
[2024-07-04T18:09:36.274+0000] {processor.py:840} INFO - DAG(s) 'example_branch_operator' retrieved from /home/airflow/.local/lib/python3.12/site-packages/airflow/example_dags/example_branch_operator.py
[2024-07-04T18:09:36.301+0000] {logging_mixin.py:188} INFO - [2024-07-04T18:09:36.301+0000] {dag.py:3096} INFO - Sync 1 DAGs
[2024-07-04T18:09:36.323+0000] {logging_mixin.py:188} INFO - [2024-07-04T18:09:36.322+0000] {dag.py:3954} INFO - Setting next_dagrun for example_branch_operator to 2024-07-03 00:00:00+00:00, run_after=2024-07-04 00:00:00+00:00
[2024-07-04T18:09:36.342+0000] {processor.py:183} INFO - Processing /home/airflow/.local/lib/python3.12/site-packages/airflow/example_dags/example_branch_operator.py took 0.091 seconds
[2024-07-04T18:10:06.427+0000] {processor.py:161} INFO - Started process (PID=781) to work on /home/airflow/.local/lib/python3.12/site-packages/airflow/example_dags/example_branch_operator.py
[2024-07-04T18:10:06.427+0000] {processor.py:830} INFO - Processing file /home/airflow/.local/lib/python3.12/site-packages/airflow/example_dags/example_branch_operator.py for tasks to queue
[2024-07-04T18:10:06.429+0000] {logging_mixin.py:188} INFO - [2024-07-04T18:10:06.429+0000] {dagbag.py:545} INFO - Filling up the DagBag from /home/airflow/.local/lib/python3.12/site-packages/airflow/example_dags/example_branch_operator.py
[2024-07-04T18:10:06.449+0000] {processor.py:840} INFO - DAG(s) 'example_branch_operator' retrieved from /home/airflow/.local/lib/python3.12/site-packages/airflow/example_dags/example_branch_operator.py
[2024-07-04T18:10:06.476+0000] {logging_mixin.py:188} INFO - [2024-07-04T18:10:06.475+0000] {dag.py:3096} INFO - Sync 1 DAGs
[2024-07-04T18:10:06.498+0000] {logging_mixin.py:188} INFO - [2024-07-04T18:10:06.497+0000] {dag.py:3954} INFO - Setting next_dagrun for example_branch_operator to 2024-07-03 00:00:00+00:00, run_after=2024-07-04 00:00:00+00:00
[2024-07-04T18:10:06.516+0000] {processor.py:183} INFO - Processing /home/airflow/.local/lib/python3.12/site-packages/airflow/example_dags/example_branch_operator.py took 0.096 seconds
