[2024-07-04T17:38:50.973+0000] {processor.py:161} INFO - Started process (PID=90) to work on /home/airflow/.local/lib/python3.12/site-packages/airflow/example_dags/example_local_kubernetes_executor.py
[2024-07-04T17:38:50.974+0000] {processor.py:830} INFO - Processing file /home/airflow/.local/lib/python3.12/site-packages/airflow/example_dags/example_local_kubernetes_executor.py for tasks to queue
[2024-07-04T17:38:50.975+0000] {logging_mixin.py:188} INFO - [2024-07-04T17:38:50.975+0000] {dagbag.py:545} INFO - Filling up the DagBag from /home/airflow/.local/lib/python3.12/site-packages/airflow/example_dags/example_local_kubernetes_executor.py
[2024-07-04T17:38:50.983+0000] {processor.py:840} INFO - DAG(s) 'example_local_kubernetes_executor' retrieved from /home/airflow/.local/lib/python3.12/site-packages/airflow/example_dags/example_local_kubernetes_executor.py
[2024-07-04T17:38:51.212+0000] {logging_mixin.py:188} INFO - [2024-07-04T17:38:51.212+0000] {override.py:1829} INFO - Created Permission View: can read on DAG:example_local_kubernetes_executor
[2024-07-04T17:38:51.225+0000] {logging_mixin.py:188} INFO - [2024-07-04T17:38:51.224+0000] {override.py:1829} INFO - Created Permission View: can edit on DAG:example_local_kubernetes_executor
[2024-07-04T17:38:51.238+0000] {logging_mixin.py:188} INFO - [2024-07-04T17:38:51.238+0000] {override.py:1829} INFO - Created Permission View: can delete on DAG:example_local_kubernetes_executor
[2024-07-04T17:38:51.239+0000] {logging_mixin.py:188} INFO - [2024-07-04T17:38:51.239+0000] {dag.py:3096} INFO - Sync 1 DAGs
[2024-07-04T17:38:51.256+0000] {logging_mixin.py:188} INFO - [2024-07-04T17:38:51.256+0000] {dag.py:3118} INFO - Creating ORM DAG for example_local_kubernetes_executor
[2024-07-04T17:38:51.257+0000] {logging_mixin.py:188} INFO - [2024-07-04T17:38:51.257+0000] {dag.py:3954} INFO - Setting next_dagrun for example_local_kubernetes_executor to None, run_after=None
[2024-07-04T17:38:51.280+0000] {processor.py:183} INFO - Processing /home/airflow/.local/lib/python3.12/site-packages/airflow/example_dags/example_local_kubernetes_executor.py took 0.313 seconds
[2024-07-04T17:39:21.843+0000] {processor.py:161} INFO - Started process (PID=148) to work on /home/airflow/.local/lib/python3.12/site-packages/airflow/example_dags/example_local_kubernetes_executor.py
[2024-07-04T17:39:21.844+0000] {processor.py:830} INFO - Processing file /home/airflow/.local/lib/python3.12/site-packages/airflow/example_dags/example_local_kubernetes_executor.py for tasks to queue
[2024-07-04T17:39:21.845+0000] {logging_mixin.py:188} INFO - [2024-07-04T17:39:21.845+0000] {dagbag.py:545} INFO - Filling up the DagBag from /home/airflow/.local/lib/python3.12/site-packages/airflow/example_dags/example_local_kubernetes_executor.py
[2024-07-04T17:39:21.851+0000] {processor.py:840} INFO - DAG(s) 'example_local_kubernetes_executor' retrieved from /home/airflow/.local/lib/python3.12/site-packages/airflow/example_dags/example_local_kubernetes_executor.py
[2024-07-04T17:39:21.881+0000] {logging_mixin.py:188} INFO - [2024-07-04T17:39:21.881+0000] {dag.py:3096} INFO - Sync 1 DAGs
[2024-07-04T17:39:21.893+0000] {logging_mixin.py:188} INFO - [2024-07-04T17:39:21.893+0000] {dag.py:3954} INFO - Setting next_dagrun for example_local_kubernetes_executor to None, run_after=None
[2024-07-04T17:39:21.925+0000] {processor.py:183} INFO - Processing /home/airflow/.local/lib/python3.12/site-packages/airflow/example_dags/example_local_kubernetes_executor.py took 0.087 seconds
[2024-07-04T17:44:59.562+0000] {processor.py:161} INFO - Started process (PID=89) to work on /home/airflow/.local/lib/python3.12/site-packages/airflow/example_dags/example_local_kubernetes_executor.py
[2024-07-04T17:44:59.563+0000] {processor.py:830} INFO - Processing file /home/airflow/.local/lib/python3.12/site-packages/airflow/example_dags/example_local_kubernetes_executor.py for tasks to queue
[2024-07-04T17:44:59.564+0000] {logging_mixin.py:188} INFO - [2024-07-04T17:44:59.564+0000] {dagbag.py:545} INFO - Filling up the DagBag from /home/airflow/.local/lib/python3.12/site-packages/airflow/example_dags/example_local_kubernetes_executor.py
[2024-07-04T17:44:59.572+0000] {processor.py:840} INFO - DAG(s) 'example_local_kubernetes_executor' retrieved from /home/airflow/.local/lib/python3.12/site-packages/airflow/example_dags/example_local_kubernetes_executor.py
[2024-07-04T17:44:59.722+0000] {logging_mixin.py:188} INFO - [2024-07-04T17:44:59.722+0000] {dag.py:3096} INFO - Sync 1 DAGs
[2024-07-04T17:44:59.735+0000] {logging_mixin.py:188} INFO - [2024-07-04T17:44:59.735+0000] {dag.py:3954} INFO - Setting next_dagrun for example_local_kubernetes_executor to None, run_after=None
[2024-07-04T17:44:59.759+0000] {processor.py:183} INFO - Processing /home/airflow/.local/lib/python3.12/site-packages/airflow/example_dags/example_local_kubernetes_executor.py took 0.203 seconds
[2024-07-04T17:45:29.901+0000] {processor.py:161} INFO - Started process (PID=147) to work on /home/airflow/.local/lib/python3.12/site-packages/airflow/example_dags/example_local_kubernetes_executor.py
[2024-07-04T17:45:29.903+0000] {processor.py:830} INFO - Processing file /home/airflow/.local/lib/python3.12/site-packages/airflow/example_dags/example_local_kubernetes_executor.py for tasks to queue
[2024-07-04T17:45:29.905+0000] {logging_mixin.py:188} INFO - [2024-07-04T17:45:29.905+0000] {dagbag.py:545} INFO - Filling up the DagBag from /home/airflow/.local/lib/python3.12/site-packages/airflow/example_dags/example_local_kubernetes_executor.py
[2024-07-04T17:45:29.915+0000] {processor.py:840} INFO - DAG(s) 'example_local_kubernetes_executor' retrieved from /home/airflow/.local/lib/python3.12/site-packages/airflow/example_dags/example_local_kubernetes_executor.py
[2024-07-04T17:45:29.961+0000] {logging_mixin.py:188} INFO - [2024-07-04T17:45:29.960+0000] {dag.py:3096} INFO - Sync 1 DAGs
[2024-07-04T17:45:29.973+0000] {logging_mixin.py:188} INFO - [2024-07-04T17:45:29.973+0000] {dag.py:3954} INFO - Setting next_dagrun for example_local_kubernetes_executor to None, run_after=None
[2024-07-04T17:45:29.994+0000] {processor.py:183} INFO - Processing /home/airflow/.local/lib/python3.12/site-packages/airflow/example_dags/example_local_kubernetes_executor.py took 0.101 seconds
[2024-07-04T17:46:00.038+0000] {processor.py:161} INFO - Started process (PID=205) to work on /home/airflow/.local/lib/python3.12/site-packages/airflow/example_dags/example_local_kubernetes_executor.py
[2024-07-04T17:46:00.039+0000] {processor.py:830} INFO - Processing file /home/airflow/.local/lib/python3.12/site-packages/airflow/example_dags/example_local_kubernetes_executor.py for tasks to queue
[2024-07-04T17:46:00.041+0000] {logging_mixin.py:188} INFO - [2024-07-04T17:46:00.041+0000] {dagbag.py:545} INFO - Filling up the DagBag from /home/airflow/.local/lib/python3.12/site-packages/airflow/example_dags/example_local_kubernetes_executor.py
[2024-07-04T17:46:00.050+0000] {processor.py:840} INFO - DAG(s) 'example_local_kubernetes_executor' retrieved from /home/airflow/.local/lib/python3.12/site-packages/airflow/example_dags/example_local_kubernetes_executor.py
[2024-07-04T17:46:00.086+0000] {logging_mixin.py:188} INFO - [2024-07-04T17:46:00.086+0000] {dag.py:3096} INFO - Sync 1 DAGs
[2024-07-04T17:46:00.098+0000] {logging_mixin.py:188} INFO - [2024-07-04T17:46:00.098+0000] {dag.py:3954} INFO - Setting next_dagrun for example_local_kubernetes_executor to None, run_after=None
[2024-07-04T17:46:00.118+0000] {processor.py:183} INFO - Processing /home/airflow/.local/lib/python3.12/site-packages/airflow/example_dags/example_local_kubernetes_executor.py took 0.088 seconds
[2024-07-04T17:46:30.295+0000] {processor.py:161} INFO - Started process (PID=263) to work on /home/airflow/.local/lib/python3.12/site-packages/airflow/example_dags/example_local_kubernetes_executor.py
[2024-07-04T17:46:30.296+0000] {processor.py:830} INFO - Processing file /home/airflow/.local/lib/python3.12/site-packages/airflow/example_dags/example_local_kubernetes_executor.py for tasks to queue
[2024-07-04T17:46:30.297+0000] {logging_mixin.py:188} INFO - [2024-07-04T17:46:30.297+0000] {dagbag.py:545} INFO - Filling up the DagBag from /home/airflow/.local/lib/python3.12/site-packages/airflow/example_dags/example_local_kubernetes_executor.py
[2024-07-04T17:46:30.303+0000] {processor.py:840} INFO - DAG(s) 'example_local_kubernetes_executor' retrieved from /home/airflow/.local/lib/python3.12/site-packages/airflow/example_dags/example_local_kubernetes_executor.py
[2024-07-04T17:46:30.333+0000] {logging_mixin.py:188} INFO - [2024-07-04T17:46:30.333+0000] {dag.py:3096} INFO - Sync 1 DAGs
[2024-07-04T17:46:30.345+0000] {logging_mixin.py:188} INFO - [2024-07-04T17:46:30.345+0000] {dag.py:3954} INFO - Setting next_dagrun for example_local_kubernetes_executor to None, run_after=None
[2024-07-04T17:46:30.367+0000] {processor.py:183} INFO - Processing /home/airflow/.local/lib/python3.12/site-packages/airflow/example_dags/example_local_kubernetes_executor.py took 0.078 seconds
[2024-07-04T18:04:01.455+0000] {processor.py:161} INFO - Started process (PID=89) to work on /home/airflow/.local/lib/python3.12/site-packages/airflow/example_dags/example_local_kubernetes_executor.py
[2024-07-04T18:04:01.456+0000] {processor.py:830} INFO - Processing file /home/airflow/.local/lib/python3.12/site-packages/airflow/example_dags/example_local_kubernetes_executor.py for tasks to queue
[2024-07-04T18:04:01.457+0000] {logging_mixin.py:188} INFO - [2024-07-04T18:04:01.457+0000] {dagbag.py:545} INFO - Filling up the DagBag from /home/airflow/.local/lib/python3.12/site-packages/airflow/example_dags/example_local_kubernetes_executor.py
[2024-07-04T18:04:01.465+0000] {processor.py:840} INFO - DAG(s) 'example_local_kubernetes_executor' retrieved from /home/airflow/.local/lib/python3.12/site-packages/airflow/example_dags/example_local_kubernetes_executor.py
[2024-07-04T18:04:01.672+0000] {logging_mixin.py:188} INFO - [2024-07-04T18:04:01.671+0000] {dag.py:3096} INFO - Sync 1 DAGs
[2024-07-04T18:04:01.690+0000] {logging_mixin.py:188} INFO - [2024-07-04T18:04:01.690+0000] {dag.py:3954} INFO - Setting next_dagrun for example_local_kubernetes_executor to None, run_after=None
[2024-07-04T18:04:01.722+0000] {processor.py:183} INFO - Processing /home/airflow/.local/lib/python3.12/site-packages/airflow/example_dags/example_local_kubernetes_executor.py took 0.273 seconds
[2024-07-04T18:04:32.493+0000] {processor.py:161} INFO - Started process (PID=146) to work on /home/airflow/.local/lib/python3.12/site-packages/airflow/example_dags/example_local_kubernetes_executor.py
[2024-07-04T18:04:32.494+0000] {processor.py:830} INFO - Processing file /home/airflow/.local/lib/python3.12/site-packages/airflow/example_dags/example_local_kubernetes_executor.py for tasks to queue
[2024-07-04T18:04:32.496+0000] {logging_mixin.py:188} INFO - [2024-07-04T18:04:32.495+0000] {dagbag.py:545} INFO - Filling up the DagBag from /home/airflow/.local/lib/python3.12/site-packages/airflow/example_dags/example_local_kubernetes_executor.py
[2024-07-04T18:04:32.509+0000] {processor.py:840} INFO - DAG(s) 'example_local_kubernetes_executor' retrieved from /home/airflow/.local/lib/python3.12/site-packages/airflow/example_dags/example_local_kubernetes_executor.py
[2024-07-04T18:04:32.552+0000] {logging_mixin.py:188} INFO - [2024-07-04T18:04:32.551+0000] {dag.py:3096} INFO - Sync 1 DAGs
[2024-07-04T18:04:32.564+0000] {logging_mixin.py:188} INFO - [2024-07-04T18:04:32.564+0000] {dag.py:3954} INFO - Setting next_dagrun for example_local_kubernetes_executor to None, run_after=None
[2024-07-04T18:04:32.585+0000] {processor.py:183} INFO - Processing /home/airflow/.local/lib/python3.12/site-packages/airflow/example_dags/example_local_kubernetes_executor.py took 0.100 seconds
[2024-07-04T18:05:03.354+0000] {processor.py:161} INFO - Started process (PID=204) to work on /home/airflow/.local/lib/python3.12/site-packages/airflow/example_dags/example_local_kubernetes_executor.py
[2024-07-04T18:05:03.356+0000] {processor.py:830} INFO - Processing file /home/airflow/.local/lib/python3.12/site-packages/airflow/example_dags/example_local_kubernetes_executor.py for tasks to queue
[2024-07-04T18:05:03.358+0000] {logging_mixin.py:188} INFO - [2024-07-04T18:05:03.358+0000] {dagbag.py:545} INFO - Filling up the DagBag from /home/airflow/.local/lib/python3.12/site-packages/airflow/example_dags/example_local_kubernetes_executor.py
[2024-07-04T18:05:03.365+0000] {processor.py:840} INFO - DAG(s) 'example_local_kubernetes_executor' retrieved from /home/airflow/.local/lib/python3.12/site-packages/airflow/example_dags/example_local_kubernetes_executor.py
[2024-07-04T18:05:03.405+0000] {logging_mixin.py:188} INFO - [2024-07-04T18:05:03.404+0000] {dag.py:3096} INFO - Sync 1 DAGs
[2024-07-04T18:05:03.416+0000] {logging_mixin.py:188} INFO - [2024-07-04T18:05:03.416+0000] {dag.py:3954} INFO - Setting next_dagrun for example_local_kubernetes_executor to None, run_after=None
[2024-07-04T18:05:03.437+0000] {processor.py:183} INFO - Processing /home/airflow/.local/lib/python3.12/site-packages/airflow/example_dags/example_local_kubernetes_executor.py took 0.088 seconds
[2024-07-04T18:05:33.596+0000] {processor.py:161} INFO - Started process (PID=263) to work on /home/airflow/.local/lib/python3.12/site-packages/airflow/example_dags/example_local_kubernetes_executor.py
[2024-07-04T18:05:33.599+0000] {processor.py:830} INFO - Processing file /home/airflow/.local/lib/python3.12/site-packages/airflow/example_dags/example_local_kubernetes_executor.py for tasks to queue
[2024-07-04T18:05:33.600+0000] {logging_mixin.py:188} INFO - [2024-07-04T18:05:33.600+0000] {dagbag.py:545} INFO - Filling up the DagBag from /home/airflow/.local/lib/python3.12/site-packages/airflow/example_dags/example_local_kubernetes_executor.py
[2024-07-04T18:05:33.606+0000] {processor.py:840} INFO - DAG(s) 'example_local_kubernetes_executor' retrieved from /home/airflow/.local/lib/python3.12/site-packages/airflow/example_dags/example_local_kubernetes_executor.py
[2024-07-04T18:05:33.637+0000] {logging_mixin.py:188} INFO - [2024-07-04T18:05:33.637+0000] {dag.py:3096} INFO - Sync 1 DAGs
[2024-07-04T18:05:33.649+0000] {logging_mixin.py:188} INFO - [2024-07-04T18:05:33.649+0000] {dag.py:3954} INFO - Setting next_dagrun for example_local_kubernetes_executor to None, run_after=None
[2024-07-04T18:05:33.674+0000] {processor.py:183} INFO - Processing /home/airflow/.local/lib/python3.12/site-packages/airflow/example_dags/example_local_kubernetes_executor.py took 0.083 seconds
[2024-07-04T18:06:04.105+0000] {processor.py:161} INFO - Started process (PID=322) to work on /home/airflow/.local/lib/python3.12/site-packages/airflow/example_dags/example_local_kubernetes_executor.py
[2024-07-04T18:06:04.110+0000] {processor.py:830} INFO - Processing file /home/airflow/.local/lib/python3.12/site-packages/airflow/example_dags/example_local_kubernetes_executor.py for tasks to queue
[2024-07-04T18:06:04.112+0000] {logging_mixin.py:188} INFO - [2024-07-04T18:06:04.112+0000] {dagbag.py:545} INFO - Filling up the DagBag from /home/airflow/.local/lib/python3.12/site-packages/airflow/example_dags/example_local_kubernetes_executor.py
[2024-07-04T18:06:04.120+0000] {processor.py:840} INFO - DAG(s) 'example_local_kubernetes_executor' retrieved from /home/airflow/.local/lib/python3.12/site-packages/airflow/example_dags/example_local_kubernetes_executor.py
[2024-07-04T18:06:04.167+0000] {logging_mixin.py:188} INFO - [2024-07-04T18:06:04.167+0000] {dag.py:3096} INFO - Sync 1 DAGs
[2024-07-04T18:06:04.187+0000] {logging_mixin.py:188} INFO - [2024-07-04T18:06:04.187+0000] {dag.py:3954} INFO - Setting next_dagrun for example_local_kubernetes_executor to None, run_after=None
[2024-07-04T18:06:04.213+0000] {processor.py:183} INFO - Processing /home/airflow/.local/lib/python3.12/site-packages/airflow/example_dags/example_local_kubernetes_executor.py took 0.115 seconds
[2024-07-04T18:06:34.495+0000] {processor.py:161} INFO - Started process (PID=380) to work on /home/airflow/.local/lib/python3.12/site-packages/airflow/example_dags/example_local_kubernetes_executor.py
[2024-07-04T18:06:34.497+0000] {processor.py:830} INFO - Processing file /home/airflow/.local/lib/python3.12/site-packages/airflow/example_dags/example_local_kubernetes_executor.py for tasks to queue
[2024-07-04T18:06:34.499+0000] {logging_mixin.py:188} INFO - [2024-07-04T18:06:34.498+0000] {dagbag.py:545} INFO - Filling up the DagBag from /home/airflow/.local/lib/python3.12/site-packages/airflow/example_dags/example_local_kubernetes_executor.py
[2024-07-04T18:06:34.506+0000] {processor.py:840} INFO - DAG(s) 'example_local_kubernetes_executor' retrieved from /home/airflow/.local/lib/python3.12/site-packages/airflow/example_dags/example_local_kubernetes_executor.py
[2024-07-04T18:06:34.538+0000] {logging_mixin.py:188} INFO - [2024-07-04T18:06:34.538+0000] {dag.py:3096} INFO - Sync 1 DAGs
[2024-07-04T18:06:34.549+0000] {logging_mixin.py:188} INFO - [2024-07-04T18:06:34.549+0000] {dag.py:3954} INFO - Setting next_dagrun for example_local_kubernetes_executor to None, run_after=None
[2024-07-04T18:06:34.573+0000] {processor.py:183} INFO - Processing /home/airflow/.local/lib/python3.12/site-packages/airflow/example_dags/example_local_kubernetes_executor.py took 0.084 seconds
[2024-07-04T18:07:04.846+0000] {processor.py:161} INFO - Started process (PID=439) to work on /home/airflow/.local/lib/python3.12/site-packages/airflow/example_dags/example_local_kubernetes_executor.py
[2024-07-04T18:07:04.848+0000] {processor.py:830} INFO - Processing file /home/airflow/.local/lib/python3.12/site-packages/airflow/example_dags/example_local_kubernetes_executor.py for tasks to queue
[2024-07-04T18:07:04.851+0000] {logging_mixin.py:188} INFO - [2024-07-04T18:07:04.851+0000] {dagbag.py:545} INFO - Filling up the DagBag from /home/airflow/.local/lib/python3.12/site-packages/airflow/example_dags/example_local_kubernetes_executor.py
[2024-07-04T18:07:04.863+0000] {processor.py:840} INFO - DAG(s) 'example_local_kubernetes_executor' retrieved from /home/airflow/.local/lib/python3.12/site-packages/airflow/example_dags/example_local_kubernetes_executor.py
[2024-07-04T18:07:04.897+0000] {logging_mixin.py:188} INFO - [2024-07-04T18:07:04.897+0000] {dag.py:3096} INFO - Sync 1 DAGs
[2024-07-04T18:07:04.908+0000] {logging_mixin.py:188} INFO - [2024-07-04T18:07:04.908+0000] {dag.py:3954} INFO - Setting next_dagrun for example_local_kubernetes_executor to None, run_after=None
[2024-07-04T18:07:04.929+0000] {processor.py:183} INFO - Processing /home/airflow/.local/lib/python3.12/site-packages/airflow/example_dags/example_local_kubernetes_executor.py took 0.091 seconds
[2024-07-04T18:07:35.269+0000] {processor.py:161} INFO - Started process (PID=496) to work on /home/airflow/.local/lib/python3.12/site-packages/airflow/example_dags/example_local_kubernetes_executor.py
[2024-07-04T18:07:35.271+0000] {processor.py:830} INFO - Processing file /home/airflow/.local/lib/python3.12/site-packages/airflow/example_dags/example_local_kubernetes_executor.py for tasks to queue
[2024-07-04T18:07:35.274+0000] {logging_mixin.py:188} INFO - [2024-07-04T18:07:35.273+0000] {dagbag.py:545} INFO - Filling up the DagBag from /home/airflow/.local/lib/python3.12/site-packages/airflow/example_dags/example_local_kubernetes_executor.py
[2024-07-04T18:07:35.281+0000] {processor.py:840} INFO - DAG(s) 'example_local_kubernetes_executor' retrieved from /home/airflow/.local/lib/python3.12/site-packages/airflow/example_dags/example_local_kubernetes_executor.py
[2024-07-04T18:07:35.315+0000] {logging_mixin.py:188} INFO - [2024-07-04T18:07:35.315+0000] {dag.py:3096} INFO - Sync 1 DAGs
[2024-07-04T18:07:35.329+0000] {logging_mixin.py:188} INFO - [2024-07-04T18:07:35.329+0000] {dag.py:3954} INFO - Setting next_dagrun for example_local_kubernetes_executor to None, run_after=None
[2024-07-04T18:07:35.349+0000] {processor.py:183} INFO - Processing /home/airflow/.local/lib/python3.12/site-packages/airflow/example_dags/example_local_kubernetes_executor.py took 0.086 seconds
[2024-07-04T18:08:05.698+0000] {processor.py:161} INFO - Started process (PID=554) to work on /home/airflow/.local/lib/python3.12/site-packages/airflow/example_dags/example_local_kubernetes_executor.py
[2024-07-04T18:08:05.699+0000] {processor.py:830} INFO - Processing file /home/airflow/.local/lib/python3.12/site-packages/airflow/example_dags/example_local_kubernetes_executor.py for tasks to queue
[2024-07-04T18:08:05.700+0000] {logging_mixin.py:188} INFO - [2024-07-04T18:08:05.700+0000] {dagbag.py:545} INFO - Filling up the DagBag from /home/airflow/.local/lib/python3.12/site-packages/airflow/example_dags/example_local_kubernetes_executor.py
[2024-07-04T18:08:05.707+0000] {processor.py:840} INFO - DAG(s) 'example_local_kubernetes_executor' retrieved from /home/airflow/.local/lib/python3.12/site-packages/airflow/example_dags/example_local_kubernetes_executor.py
[2024-07-04T18:08:05.738+0000] {logging_mixin.py:188} INFO - [2024-07-04T18:08:05.738+0000] {dag.py:3096} INFO - Sync 1 DAGs
[2024-07-04T18:08:05.749+0000] {logging_mixin.py:188} INFO - [2024-07-04T18:08:05.749+0000] {dag.py:3954} INFO - Setting next_dagrun for example_local_kubernetes_executor to None, run_after=None
[2024-07-04T18:08:05.769+0000] {processor.py:183} INFO - Processing /home/airflow/.local/lib/python3.12/site-packages/airflow/example_dags/example_local_kubernetes_executor.py took 0.077 seconds
[2024-07-04T18:08:36.313+0000] {processor.py:161} INFO - Started process (PID=612) to work on /home/airflow/.local/lib/python3.12/site-packages/airflow/example_dags/example_local_kubernetes_executor.py
[2024-07-04T18:08:36.314+0000] {processor.py:830} INFO - Processing file /home/airflow/.local/lib/python3.12/site-packages/airflow/example_dags/example_local_kubernetes_executor.py for tasks to queue
[2024-07-04T18:08:36.316+0000] {logging_mixin.py:188} INFO - [2024-07-04T18:08:36.316+0000] {dagbag.py:545} INFO - Filling up the DagBag from /home/airflow/.local/lib/python3.12/site-packages/airflow/example_dags/example_local_kubernetes_executor.py
[2024-07-04T18:08:36.323+0000] {processor.py:840} INFO - DAG(s) 'example_local_kubernetes_executor' retrieved from /home/airflow/.local/lib/python3.12/site-packages/airflow/example_dags/example_local_kubernetes_executor.py
[2024-07-04T18:08:36.354+0000] {logging_mixin.py:188} INFO - [2024-07-04T18:08:36.353+0000] {dag.py:3096} INFO - Sync 1 DAGs
[2024-07-04T18:08:36.366+0000] {logging_mixin.py:188} INFO - [2024-07-04T18:08:36.365+0000] {dag.py:3954} INFO - Setting next_dagrun for example_local_kubernetes_executor to None, run_after=None
[2024-07-04T18:08:36.387+0000] {processor.py:183} INFO - Processing /home/airflow/.local/lib/python3.12/site-packages/airflow/example_dags/example_local_kubernetes_executor.py took 0.080 seconds
[2024-07-04T18:09:07.007+0000] {processor.py:161} INFO - Started process (PID=669) to work on /home/airflow/.local/lib/python3.12/site-packages/airflow/example_dags/example_local_kubernetes_executor.py
[2024-07-04T18:09:07.010+0000] {processor.py:830} INFO - Processing file /home/airflow/.local/lib/python3.12/site-packages/airflow/example_dags/example_local_kubernetes_executor.py for tasks to queue
[2024-07-04T18:09:07.011+0000] {logging_mixin.py:188} INFO - [2024-07-04T18:09:07.011+0000] {dagbag.py:545} INFO - Filling up the DagBag from /home/airflow/.local/lib/python3.12/site-packages/airflow/example_dags/example_local_kubernetes_executor.py
[2024-07-04T18:09:07.017+0000] {processor.py:840} INFO - DAG(s) 'example_local_kubernetes_executor' retrieved from /home/airflow/.local/lib/python3.12/site-packages/airflow/example_dags/example_local_kubernetes_executor.py
[2024-07-04T18:09:07.046+0000] {logging_mixin.py:188} INFO - [2024-07-04T18:09:07.046+0000] {dag.py:3096} INFO - Sync 1 DAGs
[2024-07-04T18:09:07.059+0000] {logging_mixin.py:188} INFO - [2024-07-04T18:09:07.059+0000] {dag.py:3954} INFO - Setting next_dagrun for example_local_kubernetes_executor to None, run_after=None
[2024-07-04T18:09:07.078+0000] {processor.py:183} INFO - Processing /home/airflow/.local/lib/python3.12/site-packages/airflow/example_dags/example_local_kubernetes_executor.py took 0.076 seconds
[2024-07-04T18:09:37.404+0000] {processor.py:161} INFO - Started process (PID=727) to work on /home/airflow/.local/lib/python3.12/site-packages/airflow/example_dags/example_local_kubernetes_executor.py
[2024-07-04T18:09:37.405+0000] {processor.py:830} INFO - Processing file /home/airflow/.local/lib/python3.12/site-packages/airflow/example_dags/example_local_kubernetes_executor.py for tasks to queue
[2024-07-04T18:09:37.408+0000] {logging_mixin.py:188} INFO - [2024-07-04T18:09:37.407+0000] {dagbag.py:545} INFO - Filling up the DagBag from /home/airflow/.local/lib/python3.12/site-packages/airflow/example_dags/example_local_kubernetes_executor.py
[2024-07-04T18:09:37.415+0000] {processor.py:840} INFO - DAG(s) 'example_local_kubernetes_executor' retrieved from /home/airflow/.local/lib/python3.12/site-packages/airflow/example_dags/example_local_kubernetes_executor.py
[2024-07-04T18:09:37.457+0000] {logging_mixin.py:188} INFO - [2024-07-04T18:09:37.456+0000] {dag.py:3096} INFO - Sync 1 DAGs
[2024-07-04T18:09:37.474+0000] {logging_mixin.py:188} INFO - [2024-07-04T18:09:37.474+0000] {dag.py:3954} INFO - Setting next_dagrun for example_local_kubernetes_executor to None, run_after=None
[2024-07-04T18:09:37.503+0000] {processor.py:183} INFO - Processing /home/airflow/.local/lib/python3.12/site-packages/airflow/example_dags/example_local_kubernetes_executor.py took 0.106 seconds
[2024-07-04T18:10:07.546+0000] {processor.py:161} INFO - Started process (PID=785) to work on /home/airflow/.local/lib/python3.12/site-packages/airflow/example_dags/example_local_kubernetes_executor.py
[2024-07-04T18:10:07.547+0000] {processor.py:830} INFO - Processing file /home/airflow/.local/lib/python3.12/site-packages/airflow/example_dags/example_local_kubernetes_executor.py for tasks to queue
[2024-07-04T18:10:07.549+0000] {logging_mixin.py:188} INFO - [2024-07-04T18:10:07.548+0000] {dagbag.py:545} INFO - Filling up the DagBag from /home/airflow/.local/lib/python3.12/site-packages/airflow/example_dags/example_local_kubernetes_executor.py
[2024-07-04T18:10:07.556+0000] {processor.py:840} INFO - DAG(s) 'example_local_kubernetes_executor' retrieved from /home/airflow/.local/lib/python3.12/site-packages/airflow/example_dags/example_local_kubernetes_executor.py
[2024-07-04T18:10:07.586+0000] {logging_mixin.py:188} INFO - [2024-07-04T18:10:07.585+0000] {dag.py:3096} INFO - Sync 1 DAGs
[2024-07-04T18:10:07.597+0000] {logging_mixin.py:188} INFO - [2024-07-04T18:10:07.597+0000] {dag.py:3954} INFO - Setting next_dagrun for example_local_kubernetes_executor to None, run_after=None
[2024-07-04T18:10:07.627+0000] {processor.py:183} INFO - Processing /home/airflow/.local/lib/python3.12/site-packages/airflow/example_dags/example_local_kubernetes_executor.py took 0.086 seconds
