[2024-07-04T17:38:45.420+0000] {processor.py:161} INFO - Started process (PID=59) to work on /home/airflow/.local/lib/python3.12/site-packages/airflow/example_dags/example_trigger_target_dag.py
[2024-07-04T17:38:45.421+0000] {processor.py:830} INFO - Processing file /home/airflow/.local/lib/python3.12/site-packages/airflow/example_dags/example_trigger_target_dag.py for tasks to queue
[2024-07-04T17:38:45.423+0000] {logging_mixin.py:188} INFO - [2024-07-04T17:38:45.423+0000] {dagbag.py:545} INFO - Filling up the DagBag from /home/airflow/.local/lib/python3.12/site-packages/airflow/example_dags/example_trigger_target_dag.py
[2024-07-04T17:38:45.431+0000] {processor.py:840} INFO - DAG(s) 'example_trigger_target_dag' retrieved from /home/airflow/.local/lib/python3.12/site-packages/airflow/example_dags/example_trigger_target_dag.py
[2024-07-04T17:38:45.831+0000] {logging_mixin.py:188} INFO - [2024-07-04T17:38:45.829+0000] {override.py:1829} INFO - Created Permission View: can read on DAG:example_trigger_target_dag
[2024-07-04T17:38:45.870+0000] {logging_mixin.py:188} INFO - [2024-07-04T17:38:45.870+0000] {override.py:1829} INFO - Created Permission View: can edit on DAG:example_trigger_target_dag
[2024-07-04T17:38:45.915+0000] {logging_mixin.py:188} INFO - [2024-07-04T17:38:45.914+0000] {override.py:1829} INFO - Created Permission View: can delete on DAG:example_trigger_target_dag
[2024-07-04T17:38:45.915+0000] {logging_mixin.py:188} INFO - [2024-07-04T17:38:45.915+0000] {dag.py:3096} INFO - Sync 1 DAGs
[2024-07-04T17:38:45.941+0000] {logging_mixin.py:188} INFO - [2024-07-04T17:38:45.940+0000] {dag.py:3118} INFO - Creating ORM DAG for example_trigger_target_dag
[2024-07-04T17:38:45.942+0000] {logging_mixin.py:188} INFO - [2024-07-04T17:38:45.942+0000] {dag.py:3954} INFO - Setting next_dagrun for example_trigger_target_dag to None, run_after=None
[2024-07-04T17:38:46.010+0000] {processor.py:183} INFO - Processing /home/airflow/.local/lib/python3.12/site-packages/airflow/example_dags/example_trigger_target_dag.py took 0.596 seconds
[2024-07-04T17:39:16.582+0000] {processor.py:161} INFO - Started process (PID=123) to work on /home/airflow/.local/lib/python3.12/site-packages/airflow/example_dags/example_trigger_target_dag.py
[2024-07-04T17:39:16.583+0000] {processor.py:830} INFO - Processing file /home/airflow/.local/lib/python3.12/site-packages/airflow/example_dags/example_trigger_target_dag.py for tasks to queue
[2024-07-04T17:39:16.584+0000] {logging_mixin.py:188} INFO - [2024-07-04T17:39:16.584+0000] {dagbag.py:545} INFO - Filling up the DagBag from /home/airflow/.local/lib/python3.12/site-packages/airflow/example_dags/example_trigger_target_dag.py
[2024-07-04T17:39:16.590+0000] {processor.py:840} INFO - DAG(s) 'example_trigger_target_dag' retrieved from /home/airflow/.local/lib/python3.12/site-packages/airflow/example_dags/example_trigger_target_dag.py
[2024-07-04T17:39:16.608+0000] {logging_mixin.py:188} INFO - [2024-07-04T17:39:16.607+0000] {dag.py:3096} INFO - Sync 1 DAGs
[2024-07-04T17:39:16.619+0000] {logging_mixin.py:188} INFO - [2024-07-04T17:39:16.619+0000] {dag.py:3954} INFO - Setting next_dagrun for example_trigger_target_dag to None, run_after=None
[2024-07-04T17:39:16.638+0000] {processor.py:183} INFO - Processing /home/airflow/.local/lib/python3.12/site-packages/airflow/example_dags/example_trigger_target_dag.py took 0.061 seconds
[2024-07-04T17:44:55.974+0000] {processor.py:161} INFO - Started process (PID=58) to work on /home/airflow/.local/lib/python3.12/site-packages/airflow/example_dags/example_trigger_target_dag.py
[2024-07-04T17:44:55.975+0000] {processor.py:830} INFO - Processing file /home/airflow/.local/lib/python3.12/site-packages/airflow/example_dags/example_trigger_target_dag.py for tasks to queue
[2024-07-04T17:44:55.978+0000] {logging_mixin.py:188} INFO - [2024-07-04T17:44:55.977+0000] {dagbag.py:545} INFO - Filling up the DagBag from /home/airflow/.local/lib/python3.12/site-packages/airflow/example_dags/example_trigger_target_dag.py
[2024-07-04T17:44:55.991+0000] {processor.py:840} INFO - DAG(s) 'example_trigger_target_dag' retrieved from /home/airflow/.local/lib/python3.12/site-packages/airflow/example_dags/example_trigger_target_dag.py
[2024-07-04T17:44:56.217+0000] {logging_mixin.py:188} INFO - [2024-07-04T17:44:56.217+0000] {dag.py:3096} INFO - Sync 1 DAGs
[2024-07-04T17:44:56.240+0000] {logging_mixin.py:188} INFO - [2024-07-04T17:44:56.240+0000] {dag.py:3954} INFO - Setting next_dagrun for example_trigger_target_dag to None, run_after=None
[2024-07-04T17:44:56.280+0000] {processor.py:183} INFO - Processing /home/airflow/.local/lib/python3.12/site-packages/airflow/example_dags/example_trigger_target_dag.py took 0.316 seconds
[2024-07-04T17:45:26.408+0000] {processor.py:161} INFO - Started process (PID=116) to work on /home/airflow/.local/lib/python3.12/site-packages/airflow/example_dags/example_trigger_target_dag.py
[2024-07-04T17:45:26.409+0000] {processor.py:830} INFO - Processing file /home/airflow/.local/lib/python3.12/site-packages/airflow/example_dags/example_trigger_target_dag.py for tasks to queue
[2024-07-04T17:45:26.411+0000] {logging_mixin.py:188} INFO - [2024-07-04T17:45:26.410+0000] {dagbag.py:545} INFO - Filling up the DagBag from /home/airflow/.local/lib/python3.12/site-packages/airflow/example_dags/example_trigger_target_dag.py
[2024-07-04T17:45:26.417+0000] {processor.py:840} INFO - DAG(s) 'example_trigger_target_dag' retrieved from /home/airflow/.local/lib/python3.12/site-packages/airflow/example_dags/example_trigger_target_dag.py
[2024-07-04T17:45:26.437+0000] {logging_mixin.py:188} INFO - [2024-07-04T17:45:26.437+0000] {dag.py:3096} INFO - Sync 1 DAGs
[2024-07-04T17:45:26.450+0000] {logging_mixin.py:188} INFO - [2024-07-04T17:45:26.450+0000] {dag.py:3954} INFO - Setting next_dagrun for example_trigger_target_dag to None, run_after=None
[2024-07-04T17:45:26.474+0000] {processor.py:183} INFO - Processing /home/airflow/.local/lib/python3.12/site-packages/airflow/example_dags/example_trigger_target_dag.py took 0.073 seconds
[2024-07-04T17:45:57.393+0000] {processor.py:161} INFO - Started process (PID=174) to work on /home/airflow/.local/lib/python3.12/site-packages/airflow/example_dags/example_trigger_target_dag.py
[2024-07-04T17:45:57.394+0000] {processor.py:830} INFO - Processing file /home/airflow/.local/lib/python3.12/site-packages/airflow/example_dags/example_trigger_target_dag.py for tasks to queue
[2024-07-04T17:45:57.395+0000] {logging_mixin.py:188} INFO - [2024-07-04T17:45:57.395+0000] {dagbag.py:545} INFO - Filling up the DagBag from /home/airflow/.local/lib/python3.12/site-packages/airflow/example_dags/example_trigger_target_dag.py
[2024-07-04T17:45:57.400+0000] {processor.py:840} INFO - DAG(s) 'example_trigger_target_dag' retrieved from /home/airflow/.local/lib/python3.12/site-packages/airflow/example_dags/example_trigger_target_dag.py
[2024-07-04T17:45:57.422+0000] {logging_mixin.py:188} INFO - [2024-07-04T17:45:57.422+0000] {dag.py:3096} INFO - Sync 1 DAGs
[2024-07-04T17:45:57.441+0000] {logging_mixin.py:188} INFO - [2024-07-04T17:45:57.440+0000] {dag.py:3954} INFO - Setting next_dagrun for example_trigger_target_dag to None, run_after=None
[2024-07-04T17:45:57.464+0000] {processor.py:183} INFO - Processing /home/airflow/.local/lib/python3.12/site-packages/airflow/example_dags/example_trigger_target_dag.py took 0.076 seconds
[2024-07-04T17:46:27.533+0000] {processor.py:161} INFO - Started process (PID=231) to work on /home/airflow/.local/lib/python3.12/site-packages/airflow/example_dags/example_trigger_target_dag.py
[2024-07-04T17:46:27.534+0000] {processor.py:830} INFO - Processing file /home/airflow/.local/lib/python3.12/site-packages/airflow/example_dags/example_trigger_target_dag.py for tasks to queue
[2024-07-04T17:46:27.537+0000] {logging_mixin.py:188} INFO - [2024-07-04T17:46:27.536+0000] {dagbag.py:545} INFO - Filling up the DagBag from /home/airflow/.local/lib/python3.12/site-packages/airflow/example_dags/example_trigger_target_dag.py
[2024-07-04T17:46:27.544+0000] {processor.py:840} INFO - DAG(s) 'example_trigger_target_dag' retrieved from /home/airflow/.local/lib/python3.12/site-packages/airflow/example_dags/example_trigger_target_dag.py
[2024-07-04T17:46:27.565+0000] {logging_mixin.py:188} INFO - [2024-07-04T17:46:27.565+0000] {dag.py:3096} INFO - Sync 1 DAGs
[2024-07-04T17:46:27.580+0000] {logging_mixin.py:188} INFO - [2024-07-04T17:46:27.580+0000] {dag.py:3954} INFO - Setting next_dagrun for example_trigger_target_dag to None, run_after=None
[2024-07-04T17:46:27.600+0000] {processor.py:183} INFO - Processing /home/airflow/.local/lib/python3.12/site-packages/airflow/example_dags/example_trigger_target_dag.py took 0.075 seconds
[2024-07-04T18:03:57.363+0000] {processor.py:161} INFO - Started process (PID=58) to work on /home/airflow/.local/lib/python3.12/site-packages/airflow/example_dags/example_trigger_target_dag.py
[2024-07-04T18:03:57.364+0000] {processor.py:830} INFO - Processing file /home/airflow/.local/lib/python3.12/site-packages/airflow/example_dags/example_trigger_target_dag.py for tasks to queue
[2024-07-04T18:03:57.367+0000] {logging_mixin.py:188} INFO - [2024-07-04T18:03:57.366+0000] {dagbag.py:545} INFO - Filling up the DagBag from /home/airflow/.local/lib/python3.12/site-packages/airflow/example_dags/example_trigger_target_dag.py
[2024-07-04T18:03:57.380+0000] {processor.py:840} INFO - DAG(s) 'example_trigger_target_dag' retrieved from /home/airflow/.local/lib/python3.12/site-packages/airflow/example_dags/example_trigger_target_dag.py
[2024-07-04T18:03:57.617+0000] {logging_mixin.py:188} INFO - [2024-07-04T18:03:57.617+0000] {dag.py:3096} INFO - Sync 1 DAGs
[2024-07-04T18:03:57.641+0000] {logging_mixin.py:188} INFO - [2024-07-04T18:03:57.640+0000] {dag.py:3954} INFO - Setting next_dagrun for example_trigger_target_dag to None, run_after=None
[2024-07-04T18:03:57.677+0000] {processor.py:183} INFO - Processing /home/airflow/.local/lib/python3.12/site-packages/airflow/example_dags/example_trigger_target_dag.py took 0.324 seconds
[2024-07-04T18:04:28.252+0000] {processor.py:161} INFO - Started process (PID=116) to work on /home/airflow/.local/lib/python3.12/site-packages/airflow/example_dags/example_trigger_target_dag.py
[2024-07-04T18:04:28.253+0000] {processor.py:830} INFO - Processing file /home/airflow/.local/lib/python3.12/site-packages/airflow/example_dags/example_trigger_target_dag.py for tasks to queue
[2024-07-04T18:04:28.254+0000] {logging_mixin.py:188} INFO - [2024-07-04T18:04:28.254+0000] {dagbag.py:545} INFO - Filling up the DagBag from /home/airflow/.local/lib/python3.12/site-packages/airflow/example_dags/example_trigger_target_dag.py
[2024-07-04T18:04:28.259+0000] {processor.py:840} INFO - DAG(s) 'example_trigger_target_dag' retrieved from /home/airflow/.local/lib/python3.12/site-packages/airflow/example_dags/example_trigger_target_dag.py
[2024-07-04T18:04:28.276+0000] {logging_mixin.py:188} INFO - [2024-07-04T18:04:28.275+0000] {dag.py:3096} INFO - Sync 1 DAGs
[2024-07-04T18:04:28.287+0000] {logging_mixin.py:188} INFO - [2024-07-04T18:04:28.287+0000] {dag.py:3954} INFO - Setting next_dagrun for example_trigger_target_dag to None, run_after=None
[2024-07-04T18:04:28.306+0000] {processor.py:183} INFO - Processing /home/airflow/.local/lib/python3.12/site-packages/airflow/example_dags/example_trigger_target_dag.py took 0.059 seconds
[2024-07-04T18:04:58.971+0000] {processor.py:161} INFO - Started process (PID=173) to work on /home/airflow/.local/lib/python3.12/site-packages/airflow/example_dags/example_trigger_target_dag.py
[2024-07-04T18:04:58.972+0000] {processor.py:830} INFO - Processing file /home/airflow/.local/lib/python3.12/site-packages/airflow/example_dags/example_trigger_target_dag.py for tasks to queue
[2024-07-04T18:04:58.974+0000] {logging_mixin.py:188} INFO - [2024-07-04T18:04:58.974+0000] {dagbag.py:545} INFO - Filling up the DagBag from /home/airflow/.local/lib/python3.12/site-packages/airflow/example_dags/example_trigger_target_dag.py
[2024-07-04T18:04:58.979+0000] {processor.py:840} INFO - DAG(s) 'example_trigger_target_dag' retrieved from /home/airflow/.local/lib/python3.12/site-packages/airflow/example_dags/example_trigger_target_dag.py
[2024-07-04T18:04:58.995+0000] {logging_mixin.py:188} INFO - [2024-07-04T18:04:58.995+0000] {dag.py:3096} INFO - Sync 1 DAGs
[2024-07-04T18:04:59.007+0000] {logging_mixin.py:188} INFO - [2024-07-04T18:04:59.007+0000] {dag.py:3954} INFO - Setting next_dagrun for example_trigger_target_dag to None, run_after=None
[2024-07-04T18:04:59.030+0000] {processor.py:183} INFO - Processing /home/airflow/.local/lib/python3.12/site-packages/airflow/example_dags/example_trigger_target_dag.py took 0.066 seconds
[2024-07-04T18:05:29.145+0000] {processor.py:161} INFO - Started process (PID=231) to work on /home/airflow/.local/lib/python3.12/site-packages/airflow/example_dags/example_trigger_target_dag.py
[2024-07-04T18:05:29.146+0000] {processor.py:830} INFO - Processing file /home/airflow/.local/lib/python3.12/site-packages/airflow/example_dags/example_trigger_target_dag.py for tasks to queue
[2024-07-04T18:05:29.147+0000] {logging_mixin.py:188} INFO - [2024-07-04T18:05:29.147+0000] {dagbag.py:545} INFO - Filling up the DagBag from /home/airflow/.local/lib/python3.12/site-packages/airflow/example_dags/example_trigger_target_dag.py
[2024-07-04T18:05:29.153+0000] {processor.py:840} INFO - DAG(s) 'example_trigger_target_dag' retrieved from /home/airflow/.local/lib/python3.12/site-packages/airflow/example_dags/example_trigger_target_dag.py
[2024-07-04T18:05:29.171+0000] {logging_mixin.py:188} INFO - [2024-07-04T18:05:29.171+0000] {dag.py:3096} INFO - Sync 1 DAGs
[2024-07-04T18:05:29.182+0000] {logging_mixin.py:188} INFO - [2024-07-04T18:05:29.182+0000] {dag.py:3954} INFO - Setting next_dagrun for example_trigger_target_dag to None, run_after=None
[2024-07-04T18:05:29.202+0000] {processor.py:183} INFO - Processing /home/airflow/.local/lib/python3.12/site-packages/airflow/example_dags/example_trigger_target_dag.py took 0.063 seconds
[2024-07-04T18:05:59.647+0000] {processor.py:161} INFO - Started process (PID=290) to work on /home/airflow/.local/lib/python3.12/site-packages/airflow/example_dags/example_trigger_target_dag.py
[2024-07-04T18:05:59.648+0000] {processor.py:830} INFO - Processing file /home/airflow/.local/lib/python3.12/site-packages/airflow/example_dags/example_trigger_target_dag.py for tasks to queue
[2024-07-04T18:05:59.649+0000] {logging_mixin.py:188} INFO - [2024-07-04T18:05:59.649+0000] {dagbag.py:545} INFO - Filling up the DagBag from /home/airflow/.local/lib/python3.12/site-packages/airflow/example_dags/example_trigger_target_dag.py
[2024-07-04T18:05:59.655+0000] {processor.py:840} INFO - DAG(s) 'example_trigger_target_dag' retrieved from /home/airflow/.local/lib/python3.12/site-packages/airflow/example_dags/example_trigger_target_dag.py
[2024-07-04T18:05:59.673+0000] {logging_mixin.py:188} INFO - [2024-07-04T18:05:59.673+0000] {dag.py:3096} INFO - Sync 1 DAGs
[2024-07-04T18:05:59.686+0000] {logging_mixin.py:188} INFO - [2024-07-04T18:05:59.686+0000] {dag.py:3954} INFO - Setting next_dagrun for example_trigger_target_dag to None, run_after=None
[2024-07-04T18:05:59.709+0000] {processor.py:183} INFO - Processing /home/airflow/.local/lib/python3.12/site-packages/airflow/example_dags/example_trigger_target_dag.py took 0.066 seconds
[2024-07-04T18:06:30.031+0000] {processor.py:161} INFO - Started process (PID=349) to work on /home/airflow/.local/lib/python3.12/site-packages/airflow/example_dags/example_trigger_target_dag.py
[2024-07-04T18:06:30.032+0000] {processor.py:830} INFO - Processing file /home/airflow/.local/lib/python3.12/site-packages/airflow/example_dags/example_trigger_target_dag.py for tasks to queue
[2024-07-04T18:06:30.033+0000] {logging_mixin.py:188} INFO - [2024-07-04T18:06:30.033+0000] {dagbag.py:545} INFO - Filling up the DagBag from /home/airflow/.local/lib/python3.12/site-packages/airflow/example_dags/example_trigger_target_dag.py
[2024-07-04T18:06:30.039+0000] {processor.py:840} INFO - DAG(s) 'example_trigger_target_dag' retrieved from /home/airflow/.local/lib/python3.12/site-packages/airflow/example_dags/example_trigger_target_dag.py
[2024-07-04T18:06:30.060+0000] {logging_mixin.py:188} INFO - [2024-07-04T18:06:30.059+0000] {dag.py:3096} INFO - Sync 1 DAGs
[2024-07-04T18:06:30.072+0000] {logging_mixin.py:188} INFO - [2024-07-04T18:06:30.072+0000] {dag.py:3954} INFO - Setting next_dagrun for example_trigger_target_dag to None, run_after=None
[2024-07-04T18:06:30.091+0000] {processor.py:183} INFO - Processing /home/airflow/.local/lib/python3.12/site-packages/airflow/example_dags/example_trigger_target_dag.py took 0.065 seconds
[2024-07-04T18:07:00.441+0000] {processor.py:161} INFO - Started process (PID=414) to work on /home/airflow/.local/lib/python3.12/site-packages/airflow/example_dags/example_trigger_target_dag.py
[2024-07-04T18:07:00.442+0000] {processor.py:830} INFO - Processing file /home/airflow/.local/lib/python3.12/site-packages/airflow/example_dags/example_trigger_target_dag.py for tasks to queue
[2024-07-04T18:07:00.444+0000] {logging_mixin.py:188} INFO - [2024-07-04T18:07:00.444+0000] {dagbag.py:545} INFO - Filling up the DagBag from /home/airflow/.local/lib/python3.12/site-packages/airflow/example_dags/example_trigger_target_dag.py
[2024-07-04T18:07:00.449+0000] {processor.py:840} INFO - DAG(s) 'example_trigger_target_dag' retrieved from /home/airflow/.local/lib/python3.12/site-packages/airflow/example_dags/example_trigger_target_dag.py
[2024-07-04T18:07:00.468+0000] {logging_mixin.py:188} INFO - [2024-07-04T18:07:00.468+0000] {dag.py:3096} INFO - Sync 1 DAGs
[2024-07-04T18:07:00.482+0000] {logging_mixin.py:188} INFO - [2024-07-04T18:07:00.482+0000] {dag.py:3954} INFO - Setting next_dagrun for example_trigger_target_dag to None, run_after=None
[2024-07-04T18:07:00.506+0000] {processor.py:183} INFO - Processing /home/airflow/.local/lib/python3.12/site-packages/airflow/example_dags/example_trigger_target_dag.py took 0.073 seconds
[2024-07-04T18:07:30.854+0000] {processor.py:161} INFO - Started process (PID=471) to work on /home/airflow/.local/lib/python3.12/site-packages/airflow/example_dags/example_trigger_target_dag.py
[2024-07-04T18:07:30.855+0000] {processor.py:830} INFO - Processing file /home/airflow/.local/lib/python3.12/site-packages/airflow/example_dags/example_trigger_target_dag.py for tasks to queue
[2024-07-04T18:07:30.856+0000] {logging_mixin.py:188} INFO - [2024-07-04T18:07:30.856+0000] {dagbag.py:545} INFO - Filling up the DagBag from /home/airflow/.local/lib/python3.12/site-packages/airflow/example_dags/example_trigger_target_dag.py
[2024-07-04T18:07:30.861+0000] {processor.py:840} INFO - DAG(s) 'example_trigger_target_dag' retrieved from /home/airflow/.local/lib/python3.12/site-packages/airflow/example_dags/example_trigger_target_dag.py
[2024-07-04T18:07:30.878+0000] {logging_mixin.py:188} INFO - [2024-07-04T18:07:30.877+0000] {dag.py:3096} INFO - Sync 1 DAGs
[2024-07-04T18:07:30.891+0000] {logging_mixin.py:188} INFO - [2024-07-04T18:07:30.891+0000] {dag.py:3954} INFO - Setting next_dagrun for example_trigger_target_dag to None, run_after=None
[2024-07-04T18:07:30.912+0000] {processor.py:183} INFO - Processing /home/airflow/.local/lib/python3.12/site-packages/airflow/example_dags/example_trigger_target_dag.py took 0.063 seconds
[2024-07-04T18:08:01.418+0000] {processor.py:161} INFO - Started process (PID=529) to work on /home/airflow/.local/lib/python3.12/site-packages/airflow/example_dags/example_trigger_target_dag.py
[2024-07-04T18:08:01.421+0000] {processor.py:830} INFO - Processing file /home/airflow/.local/lib/python3.12/site-packages/airflow/example_dags/example_trigger_target_dag.py for tasks to queue
[2024-07-04T18:08:01.422+0000] {logging_mixin.py:188} INFO - [2024-07-04T18:08:01.422+0000] {dagbag.py:545} INFO - Filling up the DagBag from /home/airflow/.local/lib/python3.12/site-packages/airflow/example_dags/example_trigger_target_dag.py
[2024-07-04T18:08:01.427+0000] {processor.py:840} INFO - DAG(s) 'example_trigger_target_dag' retrieved from /home/airflow/.local/lib/python3.12/site-packages/airflow/example_dags/example_trigger_target_dag.py
[2024-07-04T18:08:01.444+0000] {logging_mixin.py:188} INFO - [2024-07-04T18:08:01.444+0000] {dag.py:3096} INFO - Sync 1 DAGs
[2024-07-04T18:08:01.456+0000] {logging_mixin.py:188} INFO - [2024-07-04T18:08:01.455+0000] {dag.py:3954} INFO - Setting next_dagrun for example_trigger_target_dag to None, run_after=None
[2024-07-04T18:08:01.476+0000] {processor.py:183} INFO - Processing /home/airflow/.local/lib/python3.12/site-packages/airflow/example_dags/example_trigger_target_dag.py took 0.064 seconds
[2024-07-04T18:08:32.034+0000] {processor.py:161} INFO - Started process (PID=587) to work on /home/airflow/.local/lib/python3.12/site-packages/airflow/example_dags/example_trigger_target_dag.py
[2024-07-04T18:08:32.035+0000] {processor.py:830} INFO - Processing file /home/airflow/.local/lib/python3.12/site-packages/airflow/example_dags/example_trigger_target_dag.py for tasks to queue
[2024-07-04T18:08:32.036+0000] {logging_mixin.py:188} INFO - [2024-07-04T18:08:32.036+0000] {dagbag.py:545} INFO - Filling up the DagBag from /home/airflow/.local/lib/python3.12/site-packages/airflow/example_dags/example_trigger_target_dag.py
[2024-07-04T18:08:32.041+0000] {processor.py:840} INFO - DAG(s) 'example_trigger_target_dag' retrieved from /home/airflow/.local/lib/python3.12/site-packages/airflow/example_dags/example_trigger_target_dag.py
[2024-07-04T18:08:32.060+0000] {logging_mixin.py:188} INFO - [2024-07-04T18:08:32.060+0000] {dag.py:3096} INFO - Sync 1 DAGs
[2024-07-04T18:08:32.073+0000] {logging_mixin.py:188} INFO - [2024-07-04T18:08:32.073+0000] {dag.py:3954} INFO - Setting next_dagrun for example_trigger_target_dag to None, run_after=None
[2024-07-04T18:08:32.096+0000] {processor.py:183} INFO - Processing /home/airflow/.local/lib/python3.12/site-packages/airflow/example_dags/example_trigger_target_dag.py took 0.067 seconds
[2024-07-04T18:09:02.707+0000] {processor.py:161} INFO - Started process (PID=644) to work on /home/airflow/.local/lib/python3.12/site-packages/airflow/example_dags/example_trigger_target_dag.py
[2024-07-04T18:09:02.707+0000] {processor.py:830} INFO - Processing file /home/airflow/.local/lib/python3.12/site-packages/airflow/example_dags/example_trigger_target_dag.py for tasks to queue
[2024-07-04T18:09:02.709+0000] {logging_mixin.py:188} INFO - [2024-07-04T18:09:02.708+0000] {dagbag.py:545} INFO - Filling up the DagBag from /home/airflow/.local/lib/python3.12/site-packages/airflow/example_dags/example_trigger_target_dag.py
[2024-07-04T18:09:02.713+0000] {processor.py:840} INFO - DAG(s) 'example_trigger_target_dag' retrieved from /home/airflow/.local/lib/python3.12/site-packages/airflow/example_dags/example_trigger_target_dag.py
[2024-07-04T18:09:02.730+0000] {logging_mixin.py:188} INFO - [2024-07-04T18:09:02.729+0000] {dag.py:3096} INFO - Sync 1 DAGs
[2024-07-04T18:09:02.741+0000] {logging_mixin.py:188} INFO - [2024-07-04T18:09:02.741+0000] {dag.py:3954} INFO - Setting next_dagrun for example_trigger_target_dag to None, run_after=None
[2024-07-04T18:09:02.760+0000] {processor.py:183} INFO - Processing /home/airflow/.local/lib/python3.12/site-packages/airflow/example_dags/example_trigger_target_dag.py took 0.058 seconds
[2024-07-04T18:09:32.809+0000] {processor.py:161} INFO - Started process (PID=701) to work on /home/airflow/.local/lib/python3.12/site-packages/airflow/example_dags/example_trigger_target_dag.py
[2024-07-04T18:09:32.810+0000] {processor.py:830} INFO - Processing file /home/airflow/.local/lib/python3.12/site-packages/airflow/example_dags/example_trigger_target_dag.py for tasks to queue
[2024-07-04T18:09:32.811+0000] {logging_mixin.py:188} INFO - [2024-07-04T18:09:32.811+0000] {dagbag.py:545} INFO - Filling up the DagBag from /home/airflow/.local/lib/python3.12/site-packages/airflow/example_dags/example_trigger_target_dag.py
[2024-07-04T18:09:32.817+0000] {processor.py:840} INFO - DAG(s) 'example_trigger_target_dag' retrieved from /home/airflow/.local/lib/python3.12/site-packages/airflow/example_dags/example_trigger_target_dag.py
[2024-07-04T18:09:32.838+0000] {logging_mixin.py:188} INFO - [2024-07-04T18:09:32.838+0000] {dag.py:3096} INFO - Sync 1 DAGs
[2024-07-04T18:09:32.852+0000] {logging_mixin.py:188} INFO - [2024-07-04T18:09:32.852+0000] {dag.py:3954} INFO - Setting next_dagrun for example_trigger_target_dag to None, run_after=None
[2024-07-04T18:09:32.875+0000] {processor.py:183} INFO - Processing /home/airflow/.local/lib/python3.12/site-packages/airflow/example_dags/example_trigger_target_dag.py took 0.072 seconds
[2024-07-04T18:10:03.247+0000] {processor.py:161} INFO - Started process (PID=759) to work on /home/airflow/.local/lib/python3.12/site-packages/airflow/example_dags/example_trigger_target_dag.py
[2024-07-04T18:10:03.250+0000] {processor.py:830} INFO - Processing file /home/airflow/.local/lib/python3.12/site-packages/airflow/example_dags/example_trigger_target_dag.py for tasks to queue
[2024-07-04T18:10:03.251+0000] {logging_mixin.py:188} INFO - [2024-07-04T18:10:03.251+0000] {dagbag.py:545} INFO - Filling up the DagBag from /home/airflow/.local/lib/python3.12/site-packages/airflow/example_dags/example_trigger_target_dag.py
[2024-07-04T18:10:03.257+0000] {processor.py:840} INFO - DAG(s) 'example_trigger_target_dag' retrieved from /home/airflow/.local/lib/python3.12/site-packages/airflow/example_dags/example_trigger_target_dag.py
[2024-07-04T18:10:03.282+0000] {logging_mixin.py:188} INFO - [2024-07-04T18:10:03.282+0000] {dag.py:3096} INFO - Sync 1 DAGs
[2024-07-04T18:10:03.299+0000] {logging_mixin.py:188} INFO - [2024-07-04T18:10:03.299+0000] {dag.py:3954} INFO - Setting next_dagrun for example_trigger_target_dag to None, run_after=None
[2024-07-04T18:10:03.323+0000] {processor.py:183} INFO - Processing /home/airflow/.local/lib/python3.12/site-packages/airflow/example_dags/example_trigger_target_dag.py took 0.082 seconds
