[2024-07-04T17:38:53.003+0000] {processor.py:161} INFO - Started process (PID=103) to work on /home/airflow/.local/lib/python3.12/site-packages/airflow/example_dags/example_python_decorator.py
[2024-07-04T17:38:53.004+0000] {processor.py:830} INFO - Processing file /home/airflow/.local/lib/python3.12/site-packages/airflow/example_dags/example_python_decorator.py for tasks to queue
[2024-07-04T17:38:53.005+0000] {logging_mixin.py:188} INFO - [2024-07-04T17:38:53.005+0000] {dagbag.py:545} INFO - Filling up the DagBag from /home/airflow/.local/lib/python3.12/site-packages/airflow/example_dags/example_python_decorator.py
[2024-07-04T17:38:53.027+0000] {processor.py:840} INFO - DAG(s) 'example_python_decorator' retrieved from /home/airflow/.local/lib/python3.12/site-packages/airflow/example_dags/example_python_decorator.py
[2024-07-04T17:38:53.151+0000] {logging_mixin.py:188} INFO - [2024-07-04T17:38:53.150+0000] {override.py:1829} INFO - Created Permission View: can read on DAG:example_python_decorator
[2024-07-04T17:38:53.167+0000] {logging_mixin.py:188} INFO - [2024-07-04T17:38:53.166+0000] {override.py:1829} INFO - Created Permission View: can edit on DAG:example_python_decorator
[2024-07-04T17:38:53.178+0000] {logging_mixin.py:188} INFO - [2024-07-04T17:38:53.177+0000] {override.py:1829} INFO - Created Permission View: can delete on DAG:example_python_decorator
[2024-07-04T17:38:53.178+0000] {logging_mixin.py:188} INFO - [2024-07-04T17:38:53.178+0000] {dag.py:3096} INFO - Sync 1 DAGs
[2024-07-04T17:38:53.195+0000] {logging_mixin.py:188} INFO - [2024-07-04T17:38:53.195+0000] {dag.py:3118} INFO - Creating ORM DAG for example_python_decorator
[2024-07-04T17:38:53.196+0000] {logging_mixin.py:188} INFO - [2024-07-04T17:38:53.196+0000] {dag.py:3954} INFO - Setting next_dagrun for example_python_decorator to None, run_after=None
[2024-07-04T17:38:53.222+0000] {processor.py:183} INFO - Processing /home/airflow/.local/lib/python3.12/site-packages/airflow/example_dags/example_python_decorator.py took 0.224 seconds
[2024-07-04T17:39:23.505+0000] {processor.py:161} INFO - Started process (PID=161) to work on /home/airflow/.local/lib/python3.12/site-packages/airflow/example_dags/example_python_decorator.py
[2024-07-04T17:39:23.506+0000] {processor.py:830} INFO - Processing file /home/airflow/.local/lib/python3.12/site-packages/airflow/example_dags/example_python_decorator.py for tasks to queue
[2024-07-04T17:39:23.507+0000] {logging_mixin.py:188} INFO - [2024-07-04T17:39:23.507+0000] {dagbag.py:545} INFO - Filling up the DagBag from /home/airflow/.local/lib/python3.12/site-packages/airflow/example_dags/example_python_decorator.py
[2024-07-04T17:39:23.519+0000] {processor.py:840} INFO - DAG(s) 'example_python_decorator' retrieved from /home/airflow/.local/lib/python3.12/site-packages/airflow/example_dags/example_python_decorator.py
[2024-07-04T17:39:23.539+0000] {logging_mixin.py:188} INFO - [2024-07-04T17:39:23.539+0000] {dag.py:3096} INFO - Sync 1 DAGs
[2024-07-04T17:39:23.550+0000] {logging_mixin.py:188} INFO - [2024-07-04T17:39:23.550+0000] {dag.py:3954} INFO - Setting next_dagrun for example_python_decorator to None, run_after=None
[2024-07-04T17:39:23.569+0000] {processor.py:183} INFO - Processing /home/airflow/.local/lib/python3.12/site-packages/airflow/example_dags/example_python_decorator.py took 0.069 seconds
[2024-07-04T17:45:01.857+0000] {processor.py:161} INFO - Started process (PID=102) to work on /home/airflow/.local/lib/python3.12/site-packages/airflow/example_dags/example_python_decorator.py
[2024-07-04T17:45:01.858+0000] {processor.py:830} INFO - Processing file /home/airflow/.local/lib/python3.12/site-packages/airflow/example_dags/example_python_decorator.py for tasks to queue
[2024-07-04T17:45:01.860+0000] {logging_mixin.py:188} INFO - [2024-07-04T17:45:01.860+0000] {dagbag.py:545} INFO - Filling up the DagBag from /home/airflow/.local/lib/python3.12/site-packages/airflow/example_dags/example_python_decorator.py
[2024-07-04T17:45:01.887+0000] {processor.py:840} INFO - DAG(s) 'example_python_decorator' retrieved from /home/airflow/.local/lib/python3.12/site-packages/airflow/example_dags/example_python_decorator.py
[2024-07-04T17:45:02.122+0000] {logging_mixin.py:188} INFO - [2024-07-04T17:45:02.121+0000] {dag.py:3096} INFO - Sync 1 DAGs
[2024-07-04T17:45:02.145+0000] {logging_mixin.py:188} INFO - [2024-07-04T17:45:02.144+0000] {dag.py:3954} INFO - Setting next_dagrun for example_python_decorator to None, run_after=None
[2024-07-04T17:45:02.177+0000] {processor.py:183} INFO - Processing /home/airflow/.local/lib/python3.12/site-packages/airflow/example_dags/example_python_decorator.py took 0.327 seconds
[2024-07-04T17:45:32.659+0000] {processor.py:161} INFO - Started process (PID=160) to work on /home/airflow/.local/lib/python3.12/site-packages/airflow/example_dags/example_python_decorator.py
[2024-07-04T17:45:32.659+0000] {processor.py:830} INFO - Processing file /home/airflow/.local/lib/python3.12/site-packages/airflow/example_dags/example_python_decorator.py for tasks to queue
[2024-07-04T17:45:32.661+0000] {logging_mixin.py:188} INFO - [2024-07-04T17:45:32.660+0000] {dagbag.py:545} INFO - Filling up the DagBag from /home/airflow/.local/lib/python3.12/site-packages/airflow/example_dags/example_python_decorator.py
[2024-07-04T17:45:32.673+0000] {processor.py:840} INFO - DAG(s) 'example_python_decorator' retrieved from /home/airflow/.local/lib/python3.12/site-packages/airflow/example_dags/example_python_decorator.py
[2024-07-04T17:45:32.695+0000] {logging_mixin.py:188} INFO - [2024-07-04T17:45:32.695+0000] {dag.py:3096} INFO - Sync 1 DAGs
[2024-07-04T17:45:32.708+0000] {logging_mixin.py:188} INFO - [2024-07-04T17:45:32.708+0000] {dag.py:3954} INFO - Setting next_dagrun for example_python_decorator to None, run_after=None
[2024-07-04T17:45:32.731+0000] {processor.py:183} INFO - Processing /home/airflow/.local/lib/python3.12/site-packages/airflow/example_dags/example_python_decorator.py took 0.078 seconds
[2024-07-04T17:46:02.800+0000] {processor.py:161} INFO - Started process (PID=218) to work on /home/airflow/.local/lib/python3.12/site-packages/airflow/example_dags/example_python_decorator.py
[2024-07-04T17:46:02.801+0000] {processor.py:830} INFO - Processing file /home/airflow/.local/lib/python3.12/site-packages/airflow/example_dags/example_python_decorator.py for tasks to queue
[2024-07-04T17:46:02.802+0000] {logging_mixin.py:188} INFO - [2024-07-04T17:46:02.802+0000] {dagbag.py:545} INFO - Filling up the DagBag from /home/airflow/.local/lib/python3.12/site-packages/airflow/example_dags/example_python_decorator.py
[2024-07-04T17:46:02.814+0000] {processor.py:840} INFO - DAG(s) 'example_python_decorator' retrieved from /home/airflow/.local/lib/python3.12/site-packages/airflow/example_dags/example_python_decorator.py
[2024-07-04T17:46:02.835+0000] {logging_mixin.py:188} INFO - [2024-07-04T17:46:02.834+0000] {dag.py:3096} INFO - Sync 1 DAGs
[2024-07-04T17:46:02.846+0000] {logging_mixin.py:188} INFO - [2024-07-04T17:46:02.846+0000] {dag.py:3954} INFO - Setting next_dagrun for example_python_decorator to None, run_after=None
[2024-07-04T17:46:02.872+0000] {processor.py:183} INFO - Processing /home/airflow/.local/lib/python3.12/site-packages/airflow/example_dags/example_python_decorator.py took 0.078 seconds
[2024-07-04T17:46:32.966+0000] {processor.py:161} INFO - Started process (PID=276) to work on /home/airflow/.local/lib/python3.12/site-packages/airflow/example_dags/example_python_decorator.py
[2024-07-04T17:46:32.967+0000] {processor.py:830} INFO - Processing file /home/airflow/.local/lib/python3.12/site-packages/airflow/example_dags/example_python_decorator.py for tasks to queue
[2024-07-04T17:46:32.968+0000] {logging_mixin.py:188} INFO - [2024-07-04T17:46:32.968+0000] {dagbag.py:545} INFO - Filling up the DagBag from /home/airflow/.local/lib/python3.12/site-packages/airflow/example_dags/example_python_decorator.py
[2024-07-04T17:46:32.979+0000] {processor.py:840} INFO - DAG(s) 'example_python_decorator' retrieved from /home/airflow/.local/lib/python3.12/site-packages/airflow/example_dags/example_python_decorator.py
[2024-07-04T17:46:33.000+0000] {logging_mixin.py:188} INFO - [2024-07-04T17:46:32.999+0000] {dag.py:3096} INFO - Sync 1 DAGs
[2024-07-04T17:46:33.011+0000] {logging_mixin.py:188} INFO - [2024-07-04T17:46:33.011+0000] {dag.py:3954} INFO - Setting next_dagrun for example_python_decorator to None, run_after=None
[2024-07-04T17:46:33.031+0000] {processor.py:183} INFO - Processing /home/airflow/.local/lib/python3.12/site-packages/airflow/example_dags/example_python_decorator.py took 0.070 seconds
[2024-07-04T18:04:03.967+0000] {processor.py:161} INFO - Started process (PID=102) to work on /home/airflow/.local/lib/python3.12/site-packages/airflow/example_dags/example_python_decorator.py
[2024-07-04T18:04:03.968+0000] {processor.py:830} INFO - Processing file /home/airflow/.local/lib/python3.12/site-packages/airflow/example_dags/example_python_decorator.py for tasks to queue
[2024-07-04T18:04:03.970+0000] {logging_mixin.py:188} INFO - [2024-07-04T18:04:03.969+0000] {dagbag.py:545} INFO - Filling up the DagBag from /home/airflow/.local/lib/python3.12/site-packages/airflow/example_dags/example_python_decorator.py
[2024-07-04T18:04:03.986+0000] {processor.py:840} INFO - DAG(s) 'example_python_decorator' retrieved from /home/airflow/.local/lib/python3.12/site-packages/airflow/example_dags/example_python_decorator.py
[2024-07-04T18:04:04.159+0000] {logging_mixin.py:188} INFO - [2024-07-04T18:04:04.158+0000] {dag.py:3096} INFO - Sync 1 DAGs
[2024-07-04T18:04:04.174+0000] {logging_mixin.py:188} INFO - [2024-07-04T18:04:04.173+0000] {dag.py:3954} INFO - Setting next_dagrun for example_python_decorator to None, run_after=None
[2024-07-04T18:04:04.200+0000] {processor.py:183} INFO - Processing /home/airflow/.local/lib/python3.12/site-packages/airflow/example_dags/example_python_decorator.py took 0.239 seconds
[2024-07-04T18:04:34.259+0000] {processor.py:161} INFO - Started process (PID=159) to work on /home/airflow/.local/lib/python3.12/site-packages/airflow/example_dags/example_python_decorator.py
[2024-07-04T18:04:34.259+0000] {processor.py:830} INFO - Processing file /home/airflow/.local/lib/python3.12/site-packages/airflow/example_dags/example_python_decorator.py for tasks to queue
[2024-07-04T18:04:34.261+0000] {logging_mixin.py:188} INFO - [2024-07-04T18:04:34.260+0000] {dagbag.py:545} INFO - Filling up the DagBag from /home/airflow/.local/lib/python3.12/site-packages/airflow/example_dags/example_python_decorator.py
[2024-07-04T18:04:34.272+0000] {processor.py:840} INFO - DAG(s) 'example_python_decorator' retrieved from /home/airflow/.local/lib/python3.12/site-packages/airflow/example_dags/example_python_decorator.py
[2024-07-04T18:04:34.295+0000] {logging_mixin.py:188} INFO - [2024-07-04T18:04:34.295+0000] {dag.py:3096} INFO - Sync 1 DAGs
[2024-07-04T18:04:34.308+0000] {logging_mixin.py:188} INFO - [2024-07-04T18:04:34.308+0000] {dag.py:3954} INFO - Setting next_dagrun for example_python_decorator to None, run_after=None
[2024-07-04T18:04:34.333+0000] {processor.py:183} INFO - Processing /home/airflow/.local/lib/python3.12/site-packages/airflow/example_dags/example_python_decorator.py took 0.080 seconds
[2024-07-04T18:05:05.016+0000] {processor.py:161} INFO - Started process (PID=217) to work on /home/airflow/.local/lib/python3.12/site-packages/airflow/example_dags/example_python_decorator.py
[2024-07-04T18:05:05.017+0000] {processor.py:830} INFO - Processing file /home/airflow/.local/lib/python3.12/site-packages/airflow/example_dags/example_python_decorator.py for tasks to queue
[2024-07-04T18:05:05.018+0000] {logging_mixin.py:188} INFO - [2024-07-04T18:05:05.018+0000] {dagbag.py:545} INFO - Filling up the DagBag from /home/airflow/.local/lib/python3.12/site-packages/airflow/example_dags/example_python_decorator.py
[2024-07-04T18:05:05.029+0000] {processor.py:840} INFO - DAG(s) 'example_python_decorator' retrieved from /home/airflow/.local/lib/python3.12/site-packages/airflow/example_dags/example_python_decorator.py
[2024-07-04T18:05:05.050+0000] {logging_mixin.py:188} INFO - [2024-07-04T18:05:05.049+0000] {dag.py:3096} INFO - Sync 1 DAGs
[2024-07-04T18:05:05.063+0000] {logging_mixin.py:188} INFO - [2024-07-04T18:05:05.062+0000] {dag.py:3954} INFO - Setting next_dagrun for example_python_decorator to None, run_after=None
[2024-07-04T18:05:05.083+0000] {processor.py:183} INFO - Processing /home/airflow/.local/lib/python3.12/site-packages/airflow/example_dags/example_python_decorator.py took 0.072 seconds
[2024-07-04T18:05:35.417+0000] {processor.py:161} INFO - Started process (PID=276) to work on /home/airflow/.local/lib/python3.12/site-packages/airflow/example_dags/example_python_decorator.py
[2024-07-04T18:05:35.418+0000] {processor.py:830} INFO - Processing file /home/airflow/.local/lib/python3.12/site-packages/airflow/example_dags/example_python_decorator.py for tasks to queue
[2024-07-04T18:05:35.419+0000] {logging_mixin.py:188} INFO - [2024-07-04T18:05:35.419+0000] {dagbag.py:545} INFO - Filling up the DagBag from /home/airflow/.local/lib/python3.12/site-packages/airflow/example_dags/example_python_decorator.py
[2024-07-04T18:05:35.433+0000] {processor.py:840} INFO - DAG(s) 'example_python_decorator' retrieved from /home/airflow/.local/lib/python3.12/site-packages/airflow/example_dags/example_python_decorator.py
[2024-07-04T18:05:35.456+0000] {logging_mixin.py:188} INFO - [2024-07-04T18:05:35.456+0000] {dag.py:3096} INFO - Sync 1 DAGs
[2024-07-04T18:05:35.470+0000] {logging_mixin.py:188} INFO - [2024-07-04T18:05:35.470+0000] {dag.py:3954} INFO - Setting next_dagrun for example_python_decorator to None, run_after=None
[2024-07-04T18:05:35.494+0000] {processor.py:183} INFO - Processing /home/airflow/.local/lib/python3.12/site-packages/airflow/example_dags/example_python_decorator.py took 0.082 seconds
[2024-07-04T18:06:05.877+0000] {processor.py:161} INFO - Started process (PID=335) to work on /home/airflow/.local/lib/python3.12/site-packages/airflow/example_dags/example_python_decorator.py
[2024-07-04T18:06:05.878+0000] {processor.py:830} INFO - Processing file /home/airflow/.local/lib/python3.12/site-packages/airflow/example_dags/example_python_decorator.py for tasks to queue
[2024-07-04T18:06:05.880+0000] {logging_mixin.py:188} INFO - [2024-07-04T18:06:05.880+0000] {dagbag.py:545} INFO - Filling up the DagBag from /home/airflow/.local/lib/python3.12/site-packages/airflow/example_dags/example_python_decorator.py
[2024-07-04T18:06:05.893+0000] {processor.py:840} INFO - DAG(s) 'example_python_decorator' retrieved from /home/airflow/.local/lib/python3.12/site-packages/airflow/example_dags/example_python_decorator.py
[2024-07-04T18:06:05.919+0000] {logging_mixin.py:188} INFO - [2024-07-04T18:06:05.918+0000] {dag.py:3096} INFO - Sync 1 DAGs
[2024-07-04T18:06:05.932+0000] {logging_mixin.py:188} INFO - [2024-07-04T18:06:05.932+0000] {dag.py:3954} INFO - Setting next_dagrun for example_python_decorator to None, run_after=None
[2024-07-04T18:06:05.954+0000] {processor.py:183} INFO - Processing /home/airflow/.local/lib/python3.12/site-packages/airflow/example_dags/example_python_decorator.py took 0.082 seconds
[2024-07-04T18:06:36.199+0000] {processor.py:161} INFO - Started process (PID=393) to work on /home/airflow/.local/lib/python3.12/site-packages/airflow/example_dags/example_python_decorator.py
[2024-07-04T18:06:36.200+0000] {processor.py:830} INFO - Processing file /home/airflow/.local/lib/python3.12/site-packages/airflow/example_dags/example_python_decorator.py for tasks to queue
[2024-07-04T18:06:36.202+0000] {logging_mixin.py:188} INFO - [2024-07-04T18:06:36.201+0000] {dagbag.py:545} INFO - Filling up the DagBag from /home/airflow/.local/lib/python3.12/site-packages/airflow/example_dags/example_python_decorator.py
[2024-07-04T18:06:36.214+0000] {processor.py:840} INFO - DAG(s) 'example_python_decorator' retrieved from /home/airflow/.local/lib/python3.12/site-packages/airflow/example_dags/example_python_decorator.py
[2024-07-04T18:06:36.241+0000] {logging_mixin.py:188} INFO - [2024-07-04T18:06:36.241+0000] {dag.py:3096} INFO - Sync 1 DAGs
[2024-07-04T18:06:36.258+0000] {logging_mixin.py:188} INFO - [2024-07-04T18:06:36.258+0000] {dag.py:3954} INFO - Setting next_dagrun for example_python_decorator to None, run_after=None
[2024-07-04T18:06:36.280+0000] {processor.py:183} INFO - Processing /home/airflow/.local/lib/python3.12/site-packages/airflow/example_dags/example_python_decorator.py took 0.086 seconds
[2024-07-04T18:07:06.569+0000] {processor.py:161} INFO - Started process (PID=452) to work on /home/airflow/.local/lib/python3.12/site-packages/airflow/example_dags/example_python_decorator.py
[2024-07-04T18:07:06.569+0000] {processor.py:830} INFO - Processing file /home/airflow/.local/lib/python3.12/site-packages/airflow/example_dags/example_python_decorator.py for tasks to queue
[2024-07-04T18:07:06.571+0000] {logging_mixin.py:188} INFO - [2024-07-04T18:07:06.571+0000] {dagbag.py:545} INFO - Filling up the DagBag from /home/airflow/.local/lib/python3.12/site-packages/airflow/example_dags/example_python_decorator.py
[2024-07-04T18:07:06.582+0000] {processor.py:840} INFO - DAG(s) 'example_python_decorator' retrieved from /home/airflow/.local/lib/python3.12/site-packages/airflow/example_dags/example_python_decorator.py
[2024-07-04T18:07:06.601+0000] {logging_mixin.py:188} INFO - [2024-07-04T18:07:06.601+0000] {dag.py:3096} INFO - Sync 1 DAGs
[2024-07-04T18:07:06.613+0000] {logging_mixin.py:188} INFO - [2024-07-04T18:07:06.613+0000] {dag.py:3954} INFO - Setting next_dagrun for example_python_decorator to None, run_after=None
[2024-07-04T18:07:06.635+0000] {processor.py:183} INFO - Processing /home/airflow/.local/lib/python3.12/site-packages/airflow/example_dags/example_python_decorator.py took 0.071 seconds
[2024-07-04T18:07:37.099+0000] {processor.py:161} INFO - Started process (PID=509) to work on /home/airflow/.local/lib/python3.12/site-packages/airflow/example_dags/example_python_decorator.py
[2024-07-04T18:07:37.100+0000] {processor.py:830} INFO - Processing file /home/airflow/.local/lib/python3.12/site-packages/airflow/example_dags/example_python_decorator.py for tasks to queue
[2024-07-04T18:07:37.103+0000] {logging_mixin.py:188} INFO - [2024-07-04T18:07:37.102+0000] {dagbag.py:545} INFO - Filling up the DagBag from /home/airflow/.local/lib/python3.12/site-packages/airflow/example_dags/example_python_decorator.py
[2024-07-04T18:07:37.125+0000] {processor.py:840} INFO - DAG(s) 'example_python_decorator' retrieved from /home/airflow/.local/lib/python3.12/site-packages/airflow/example_dags/example_python_decorator.py
[2024-07-04T18:07:37.150+0000] {logging_mixin.py:188} INFO - [2024-07-04T18:07:37.150+0000] {dag.py:3096} INFO - Sync 1 DAGs
[2024-07-04T18:07:37.165+0000] {logging_mixin.py:188} INFO - [2024-07-04T18:07:37.164+0000] {dag.py:3954} INFO - Setting next_dagrun for example_python_decorator to None, run_after=None
[2024-07-04T18:07:37.188+0000] {processor.py:183} INFO - Processing /home/airflow/.local/lib/python3.12/site-packages/airflow/example_dags/example_python_decorator.py took 0.100 seconds
[2024-07-04T18:08:07.376+0000] {processor.py:161} INFO - Started process (PID=567) to work on /home/airflow/.local/lib/python3.12/site-packages/airflow/example_dags/example_python_decorator.py
[2024-07-04T18:08:07.378+0000] {processor.py:830} INFO - Processing file /home/airflow/.local/lib/python3.12/site-packages/airflow/example_dags/example_python_decorator.py for tasks to queue
[2024-07-04T18:08:07.380+0000] {logging_mixin.py:188} INFO - [2024-07-04T18:08:07.379+0000] {dagbag.py:545} INFO - Filling up the DagBag from /home/airflow/.local/lib/python3.12/site-packages/airflow/example_dags/example_python_decorator.py
[2024-07-04T18:08:07.394+0000] {processor.py:840} INFO - DAG(s) 'example_python_decorator' retrieved from /home/airflow/.local/lib/python3.12/site-packages/airflow/example_dags/example_python_decorator.py
[2024-07-04T18:08:07.414+0000] {logging_mixin.py:188} INFO - [2024-07-04T18:08:07.413+0000] {dag.py:3096} INFO - Sync 1 DAGs
[2024-07-04T18:08:07.426+0000] {logging_mixin.py:188} INFO - [2024-07-04T18:08:07.425+0000] {dag.py:3954} INFO - Setting next_dagrun for example_python_decorator to None, run_after=None
[2024-07-04T18:08:07.446+0000] {processor.py:183} INFO - Processing /home/airflow/.local/lib/python3.12/site-packages/airflow/example_dags/example_python_decorator.py took 0.074 seconds
[2024-07-04T18:08:38.045+0000] {processor.py:161} INFO - Started process (PID=625) to work on /home/airflow/.local/lib/python3.12/site-packages/airflow/example_dags/example_python_decorator.py
[2024-07-04T18:08:38.045+0000] {processor.py:830} INFO - Processing file /home/airflow/.local/lib/python3.12/site-packages/airflow/example_dags/example_python_decorator.py for tasks to queue
[2024-07-04T18:08:38.047+0000] {logging_mixin.py:188} INFO - [2024-07-04T18:08:38.047+0000] {dagbag.py:545} INFO - Filling up the DagBag from /home/airflow/.local/lib/python3.12/site-packages/airflow/example_dags/example_python_decorator.py
[2024-07-04T18:08:38.058+0000] {processor.py:840} INFO - DAG(s) 'example_python_decorator' retrieved from /home/airflow/.local/lib/python3.12/site-packages/airflow/example_dags/example_python_decorator.py
[2024-07-04T18:08:38.078+0000] {logging_mixin.py:188} INFO - [2024-07-04T18:08:38.078+0000] {dag.py:3096} INFO - Sync 1 DAGs
[2024-07-04T18:08:38.089+0000] {logging_mixin.py:188} INFO - [2024-07-04T18:08:38.089+0000] {dag.py:3954} INFO - Setting next_dagrun for example_python_decorator to None, run_after=None
[2024-07-04T18:08:38.108+0000] {processor.py:183} INFO - Processing /home/airflow/.local/lib/python3.12/site-packages/airflow/example_dags/example_python_decorator.py took 0.068 seconds
[2024-07-04T18:09:08.690+0000] {processor.py:161} INFO - Started process (PID=682) to work on /home/airflow/.local/lib/python3.12/site-packages/airflow/example_dags/example_python_decorator.py
[2024-07-04T18:09:08.691+0000] {processor.py:830} INFO - Processing file /home/airflow/.local/lib/python3.12/site-packages/airflow/example_dags/example_python_decorator.py for tasks to queue
[2024-07-04T18:09:08.692+0000] {logging_mixin.py:188} INFO - [2024-07-04T18:09:08.692+0000] {dagbag.py:545} INFO - Filling up the DagBag from /home/airflow/.local/lib/python3.12/site-packages/airflow/example_dags/example_python_decorator.py
[2024-07-04T18:09:08.703+0000] {processor.py:840} INFO - DAG(s) 'example_python_decorator' retrieved from /home/airflow/.local/lib/python3.12/site-packages/airflow/example_dags/example_python_decorator.py
[2024-07-04T18:09:08.724+0000] {logging_mixin.py:188} INFO - [2024-07-04T18:09:08.724+0000] {dag.py:3096} INFO - Sync 1 DAGs
[2024-07-04T18:09:08.736+0000] {logging_mixin.py:188} INFO - [2024-07-04T18:09:08.735+0000] {dag.py:3954} INFO - Setting next_dagrun for example_python_decorator to None, run_after=None
[2024-07-04T18:09:08.755+0000] {processor.py:183} INFO - Processing /home/airflow/.local/lib/python3.12/site-packages/airflow/example_dags/example_python_decorator.py took 0.070 seconds
[2024-07-04T18:09:39.159+0000] {processor.py:161} INFO - Started process (PID=740) to work on /home/airflow/.local/lib/python3.12/site-packages/airflow/example_dags/example_python_decorator.py
[2024-07-04T18:09:39.160+0000] {processor.py:830} INFO - Processing file /home/airflow/.local/lib/python3.12/site-packages/airflow/example_dags/example_python_decorator.py for tasks to queue
[2024-07-04T18:09:39.161+0000] {logging_mixin.py:188} INFO - [2024-07-04T18:09:39.161+0000] {dagbag.py:545} INFO - Filling up the DagBag from /home/airflow/.local/lib/python3.12/site-packages/airflow/example_dags/example_python_decorator.py
[2024-07-04T18:09:39.173+0000] {processor.py:840} INFO - DAG(s) 'example_python_decorator' retrieved from /home/airflow/.local/lib/python3.12/site-packages/airflow/example_dags/example_python_decorator.py
[2024-07-04T18:09:39.193+0000] {logging_mixin.py:188} INFO - [2024-07-04T18:09:39.193+0000] {dag.py:3096} INFO - Sync 1 DAGs
[2024-07-04T18:09:39.205+0000] {logging_mixin.py:188} INFO - [2024-07-04T18:09:39.205+0000] {dag.py:3954} INFO - Setting next_dagrun for example_python_decorator to None, run_after=None
[2024-07-04T18:09:39.225+0000] {processor.py:183} INFO - Processing /home/airflow/.local/lib/python3.12/site-packages/airflow/example_dags/example_python_decorator.py took 0.071 seconds
[2024-07-04T18:10:09.357+0000] {processor.py:161} INFO - Started process (PID=798) to work on /home/airflow/.local/lib/python3.12/site-packages/airflow/example_dags/example_python_decorator.py
[2024-07-04T18:10:09.358+0000] {processor.py:830} INFO - Processing file /home/airflow/.local/lib/python3.12/site-packages/airflow/example_dags/example_python_decorator.py for tasks to queue
[2024-07-04T18:10:09.359+0000] {logging_mixin.py:188} INFO - [2024-07-04T18:10:09.359+0000] {dagbag.py:545} INFO - Filling up the DagBag from /home/airflow/.local/lib/python3.12/site-packages/airflow/example_dags/example_python_decorator.py
[2024-07-04T18:10:09.371+0000] {processor.py:840} INFO - DAG(s) 'example_python_decorator' retrieved from /home/airflow/.local/lib/python3.12/site-packages/airflow/example_dags/example_python_decorator.py
[2024-07-04T18:10:09.392+0000] {logging_mixin.py:188} INFO - [2024-07-04T18:10:09.392+0000] {dag.py:3096} INFO - Sync 1 DAGs
[2024-07-04T18:10:09.404+0000] {logging_mixin.py:188} INFO - [2024-07-04T18:10:09.404+0000] {dag.py:3954} INFO - Setting next_dagrun for example_python_decorator to None, run_after=None
[2024-07-04T18:10:09.425+0000] {processor.py:183} INFO - Processing /home/airflow/.local/lib/python3.12/site-packages/airflow/example_dags/example_python_decorator.py took 0.073 seconds
