[2024-07-04T17:38:47.057+0000] {processor.py:161} INFO - Started process (PID=70) to work on /home/airflow/.local/lib/python3.12/site-packages/airflow/example_dags/example_bash_operator.py
[2024-07-04T17:38:47.058+0000] {processor.py:830} INFO - Processing file /home/airflow/.local/lib/python3.12/site-packages/airflow/example_dags/example_bash_operator.py for tasks to queue
[2024-07-04T17:38:47.060+0000] {logging_mixin.py:188} INFO - [2024-07-04T17:38:47.059+0000] {dagbag.py:545} INFO - Filling up the DagBag from /home/airflow/.local/lib/python3.12/site-packages/airflow/example_dags/example_bash_operator.py
[2024-07-04T17:38:47.082+0000] {processor.py:840} INFO - DAG(s) 'example_bash_operator' retrieved from /home/airflow/.local/lib/python3.12/site-packages/airflow/example_dags/example_bash_operator.py
[2024-07-04T17:38:47.448+0000] {logging_mixin.py:188} INFO - [2024-07-04T17:38:47.447+0000] {override.py:1829} INFO - Created Permission View: can read on DAG:example_bash_operator
[2024-07-04T17:38:47.488+0000] {logging_mixin.py:188} INFO - [2024-07-04T17:38:47.487+0000] {override.py:1829} INFO - Created Permission View: can edit on DAG:example_bash_operator
[2024-07-04T17:38:47.575+0000] {logging_mixin.py:188} INFO - [2024-07-04T17:38:47.574+0000] {override.py:1829} INFO - Created Permission View: can delete on DAG:example_bash_operator
[2024-07-04T17:38:47.575+0000] {logging_mixin.py:188} INFO - [2024-07-04T17:38:47.575+0000] {dag.py:3096} INFO - Sync 1 DAGs
[2024-07-04T17:38:47.687+0000] {logging_mixin.py:188} INFO - [2024-07-04T17:38:47.686+0000] {dag.py:3118} INFO - Creating ORM DAG for example_bash_operator
[2024-07-04T17:38:47.729+0000] {logging_mixin.py:188} INFO - [2024-07-04T17:38:47.728+0000] {dag.py:3954} INFO - Setting next_dagrun for example_bash_operator to 2024-07-03 00:00:00+00:00, run_after=2024-07-04 00:00:00+00:00
[2024-07-04T17:38:47.915+0000] {processor.py:183} INFO - Processing /home/airflow/.local/lib/python3.12/site-packages/airflow/example_dags/example_bash_operator.py took 0.865 seconds
[2024-07-04T17:39:18.885+0000] {processor.py:161} INFO - Started process (PID=128) to work on /home/airflow/.local/lib/python3.12/site-packages/airflow/example_dags/example_bash_operator.py
[2024-07-04T17:39:18.893+0000] {processor.py:830} INFO - Processing file /home/airflow/.local/lib/python3.12/site-packages/airflow/example_dags/example_bash_operator.py for tasks to queue
[2024-07-04T17:39:18.895+0000] {logging_mixin.py:188} INFO - [2024-07-04T17:39:18.894+0000] {dagbag.py:545} INFO - Filling up the DagBag from /home/airflow/.local/lib/python3.12/site-packages/airflow/example_dags/example_bash_operator.py
[2024-07-04T17:39:18.906+0000] {processor.py:840} INFO - DAG(s) 'example_bash_operator' retrieved from /home/airflow/.local/lib/python3.12/site-packages/airflow/example_dags/example_bash_operator.py
[2024-07-04T17:39:18.934+0000] {logging_mixin.py:188} INFO - [2024-07-04T17:39:18.933+0000] {dag.py:3096} INFO - Sync 1 DAGs
[2024-07-04T17:39:18.955+0000] {logging_mixin.py:188} INFO - [2024-07-04T17:39:18.954+0000] {dag.py:3954} INFO - Setting next_dagrun for example_bash_operator to 2024-07-03 00:00:00+00:00, run_after=2024-07-04 00:00:00+00:00
[2024-07-04T17:39:18.975+0000] {processor.py:183} INFO - Processing /home/airflow/.local/lib/python3.12/site-packages/airflow/example_dags/example_bash_operator.py took 0.096 seconds
[2024-07-04T17:44:56.725+0000] {processor.py:161} INFO - Started process (PID=63) to work on /home/airflow/.local/lib/python3.12/site-packages/airflow/example_dags/example_bash_operator.py
[2024-07-04T17:44:56.726+0000] {processor.py:830} INFO - Processing file /home/airflow/.local/lib/python3.12/site-packages/airflow/example_dags/example_bash_operator.py for tasks to queue
[2024-07-04T17:44:56.727+0000] {logging_mixin.py:188} INFO - [2024-07-04T17:44:56.727+0000] {dagbag.py:545} INFO - Filling up the DagBag from /home/airflow/.local/lib/python3.12/site-packages/airflow/example_dags/example_bash_operator.py
[2024-07-04T17:44:56.744+0000] {processor.py:840} INFO - DAG(s) 'example_bash_operator' retrieved from /home/airflow/.local/lib/python3.12/site-packages/airflow/example_dags/example_bash_operator.py
[2024-07-04T17:44:56.895+0000] {logging_mixin.py:188} INFO - [2024-07-04T17:44:56.895+0000] {dag.py:3096} INFO - Sync 1 DAGs
[2024-07-04T17:44:56.923+0000] {logging_mixin.py:188} INFO - [2024-07-04T17:44:56.923+0000] {dag.py:3954} INFO - Setting next_dagrun for example_bash_operator to 2024-07-03 00:00:00+00:00, run_after=2024-07-04 00:00:00+00:00
[2024-07-04T17:44:56.957+0000] {processor.py:183} INFO - Processing /home/airflow/.local/lib/python3.12/site-packages/airflow/example_dags/example_bash_operator.py took 0.238 seconds
[2024-07-04T17:45:27.609+0000] {processor.py:161} INFO - Started process (PID=121) to work on /home/airflow/.local/lib/python3.12/site-packages/airflow/example_dags/example_bash_operator.py
[2024-07-04T17:45:27.610+0000] {processor.py:830} INFO - Processing file /home/airflow/.local/lib/python3.12/site-packages/airflow/example_dags/example_bash_operator.py for tasks to queue
[2024-07-04T17:45:27.611+0000] {logging_mixin.py:188} INFO - [2024-07-04T17:45:27.611+0000] {dagbag.py:545} INFO - Filling up the DagBag from /home/airflow/.local/lib/python3.12/site-packages/airflow/example_dags/example_bash_operator.py
[2024-07-04T17:45:27.623+0000] {processor.py:840} INFO - DAG(s) 'example_bash_operator' retrieved from /home/airflow/.local/lib/python3.12/site-packages/airflow/example_dags/example_bash_operator.py
[2024-07-04T17:45:27.650+0000] {logging_mixin.py:188} INFO - [2024-07-04T17:45:27.650+0000] {dag.py:3096} INFO - Sync 1 DAGs
[2024-07-04T17:45:27.672+0000] {logging_mixin.py:188} INFO - [2024-07-04T17:45:27.672+0000] {dag.py:3954} INFO - Setting next_dagrun for example_bash_operator to 2024-07-03 00:00:00+00:00, run_after=2024-07-04 00:00:00+00:00
[2024-07-04T17:45:27.696+0000] {processor.py:183} INFO - Processing /home/airflow/.local/lib/python3.12/site-packages/airflow/example_dags/example_bash_operator.py took 0.092 seconds
[2024-07-04T17:45:57.811+0000] {processor.py:161} INFO - Started process (PID=179) to work on /home/airflow/.local/lib/python3.12/site-packages/airflow/example_dags/example_bash_operator.py
[2024-07-04T17:45:57.812+0000] {processor.py:830} INFO - Processing file /home/airflow/.local/lib/python3.12/site-packages/airflow/example_dags/example_bash_operator.py for tasks to queue
[2024-07-04T17:45:57.813+0000] {logging_mixin.py:188} INFO - [2024-07-04T17:45:57.813+0000] {dagbag.py:545} INFO - Filling up the DagBag from /home/airflow/.local/lib/python3.12/site-packages/airflow/example_dags/example_bash_operator.py
[2024-07-04T17:45:57.823+0000] {processor.py:840} INFO - DAG(s) 'example_bash_operator' retrieved from /home/airflow/.local/lib/python3.12/site-packages/airflow/example_dags/example_bash_operator.py
[2024-07-04T17:45:57.850+0000] {logging_mixin.py:188} INFO - [2024-07-04T17:45:57.850+0000] {dag.py:3096} INFO - Sync 1 DAGs
[2024-07-04T17:45:57.879+0000] {logging_mixin.py:188} INFO - [2024-07-04T17:45:57.878+0000] {dag.py:3954} INFO - Setting next_dagrun for example_bash_operator to 2024-07-03 00:00:00+00:00, run_after=2024-07-04 00:00:00+00:00
[2024-07-04T17:45:57.905+0000] {processor.py:183} INFO - Processing /home/airflow/.local/lib/python3.12/site-packages/airflow/example_dags/example_bash_operator.py took 0.099 seconds
[2024-07-04T17:46:28.099+0000] {processor.py:161} INFO - Started process (PID=237) to work on /home/airflow/.local/lib/python3.12/site-packages/airflow/example_dags/example_bash_operator.py
[2024-07-04T17:46:28.100+0000] {processor.py:830} INFO - Processing file /home/airflow/.local/lib/python3.12/site-packages/airflow/example_dags/example_bash_operator.py for tasks to queue
[2024-07-04T17:46:28.102+0000] {logging_mixin.py:188} INFO - [2024-07-04T17:46:28.102+0000] {dagbag.py:545} INFO - Filling up the DagBag from /home/airflow/.local/lib/python3.12/site-packages/airflow/example_dags/example_bash_operator.py
[2024-07-04T17:46:28.113+0000] {processor.py:840} INFO - DAG(s) 'example_bash_operator' retrieved from /home/airflow/.local/lib/python3.12/site-packages/airflow/example_dags/example_bash_operator.py
[2024-07-04T17:46:28.141+0000] {logging_mixin.py:188} INFO - [2024-07-04T17:46:28.141+0000] {dag.py:3096} INFO - Sync 1 DAGs
[2024-07-04T17:46:28.167+0000] {logging_mixin.py:188} INFO - [2024-07-04T17:46:28.166+0000] {dag.py:3954} INFO - Setting next_dagrun for example_bash_operator to 2024-07-03 00:00:00+00:00, run_after=2024-07-04 00:00:00+00:00
[2024-07-04T17:46:28.188+0000] {processor.py:183} INFO - Processing /home/airflow/.local/lib/python3.12/site-packages/airflow/example_dags/example_bash_operator.py took 0.094 seconds
[2024-07-04T18:03:58.284+0000] {processor.py:161} INFO - Started process (PID=63) to work on /home/airflow/.local/lib/python3.12/site-packages/airflow/example_dags/example_bash_operator.py
[2024-07-04T18:03:58.286+0000] {processor.py:830} INFO - Processing file /home/airflow/.local/lib/python3.12/site-packages/airflow/example_dags/example_bash_operator.py for tasks to queue
[2024-07-04T18:03:58.288+0000] {logging_mixin.py:188} INFO - [2024-07-04T18:03:58.288+0000] {dagbag.py:545} INFO - Filling up the DagBag from /home/airflow/.local/lib/python3.12/site-packages/airflow/example_dags/example_bash_operator.py
[2024-07-04T18:03:58.309+0000] {processor.py:840} INFO - DAG(s) 'example_bash_operator' retrieved from /home/airflow/.local/lib/python3.12/site-packages/airflow/example_dags/example_bash_operator.py
[2024-07-04T18:03:58.575+0000] {logging_mixin.py:188} INFO - [2024-07-04T18:03:58.574+0000] {dag.py:3096} INFO - Sync 1 DAGs
[2024-07-04T18:03:58.618+0000] {logging_mixin.py:188} INFO - [2024-07-04T18:03:58.617+0000] {dag.py:3954} INFO - Setting next_dagrun for example_bash_operator to 2024-07-03 00:00:00+00:00, run_after=2024-07-04 00:00:00+00:00
[2024-07-04T18:03:58.661+0000] {processor.py:183} INFO - Processing /home/airflow/.local/lib/python3.12/site-packages/airflow/example_dags/example_bash_operator.py took 0.384 seconds
[2024-07-04T18:04:29.488+0000] {processor.py:161} INFO - Started process (PID=121) to work on /home/airflow/.local/lib/python3.12/site-packages/airflow/example_dags/example_bash_operator.py
[2024-07-04T18:04:29.489+0000] {processor.py:830} INFO - Processing file /home/airflow/.local/lib/python3.12/site-packages/airflow/example_dags/example_bash_operator.py for tasks to queue
[2024-07-04T18:04:29.492+0000] {logging_mixin.py:188} INFO - [2024-07-04T18:04:29.491+0000] {dagbag.py:545} INFO - Filling up the DagBag from /home/airflow/.local/lib/python3.12/site-packages/airflow/example_dags/example_bash_operator.py
[2024-07-04T18:04:29.505+0000] {processor.py:840} INFO - DAG(s) 'example_bash_operator' retrieved from /home/airflow/.local/lib/python3.12/site-packages/airflow/example_dags/example_bash_operator.py
[2024-07-04T18:04:29.534+0000] {logging_mixin.py:188} INFO - [2024-07-04T18:04:29.534+0000] {dag.py:3096} INFO - Sync 1 DAGs
[2024-07-04T18:04:29.558+0000] {logging_mixin.py:188} INFO - [2024-07-04T18:04:29.557+0000] {dag.py:3954} INFO - Setting next_dagrun for example_bash_operator to 2024-07-03 00:00:00+00:00, run_after=2024-07-04 00:00:00+00:00
[2024-07-04T18:04:29.578+0000] {processor.py:183} INFO - Processing /home/airflow/.local/lib/python3.12/site-packages/airflow/example_dags/example_bash_operator.py took 0.102 seconds
[2024-07-04T18:05:00.269+0000] {processor.py:161} INFO - Started process (PID=184) to work on /home/airflow/.local/lib/python3.12/site-packages/airflow/example_dags/example_bash_operator.py
[2024-07-04T18:05:00.276+0000] {processor.py:830} INFO - Processing file /home/airflow/.local/lib/python3.12/site-packages/airflow/example_dags/example_bash_operator.py for tasks to queue
[2024-07-04T18:05:00.278+0000] {logging_mixin.py:188} INFO - [2024-07-04T18:05:00.278+0000] {dagbag.py:545} INFO - Filling up the DagBag from /home/airflow/.local/lib/python3.12/site-packages/airflow/example_dags/example_bash_operator.py
[2024-07-04T18:05:00.288+0000] {processor.py:840} INFO - DAG(s) 'example_bash_operator' retrieved from /home/airflow/.local/lib/python3.12/site-packages/airflow/example_dags/example_bash_operator.py
[2024-07-04T18:05:00.315+0000] {logging_mixin.py:188} INFO - [2024-07-04T18:05:00.315+0000] {dag.py:3096} INFO - Sync 1 DAGs
[2024-07-04T18:05:00.336+0000] {logging_mixin.py:188} INFO - [2024-07-04T18:05:00.336+0000] {dag.py:3954} INFO - Setting next_dagrun for example_bash_operator to 2024-07-03 00:00:00+00:00, run_after=2024-07-04 00:00:00+00:00
[2024-07-04T18:05:00.361+0000] {processor.py:183} INFO - Processing /home/airflow/.local/lib/python3.12/site-packages/airflow/example_dags/example_bash_operator.py took 0.097 seconds
[2024-07-04T18:05:30.544+0000] {processor.py:161} INFO - Started process (PID=243) to work on /home/airflow/.local/lib/python3.12/site-packages/airflow/example_dags/example_bash_operator.py
[2024-07-04T18:05:30.551+0000] {processor.py:830} INFO - Processing file /home/airflow/.local/lib/python3.12/site-packages/airflow/example_dags/example_bash_operator.py for tasks to queue
[2024-07-04T18:05:30.553+0000] {logging_mixin.py:188} INFO - [2024-07-04T18:05:30.553+0000] {dagbag.py:545} INFO - Filling up the DagBag from /home/airflow/.local/lib/python3.12/site-packages/airflow/example_dags/example_bash_operator.py
[2024-07-04T18:05:30.566+0000] {processor.py:840} INFO - DAG(s) 'example_bash_operator' retrieved from /home/airflow/.local/lib/python3.12/site-packages/airflow/example_dags/example_bash_operator.py
[2024-07-04T18:05:30.594+0000] {logging_mixin.py:188} INFO - [2024-07-04T18:05:30.594+0000] {dag.py:3096} INFO - Sync 1 DAGs
[2024-07-04T18:05:30.614+0000] {logging_mixin.py:188} INFO - [2024-07-04T18:05:30.614+0000] {dag.py:3954} INFO - Setting next_dagrun for example_bash_operator to 2024-07-03 00:00:00+00:00, run_after=2024-07-04 00:00:00+00:00
[2024-07-04T18:05:30.634+0000] {processor.py:183} INFO - Processing /home/airflow/.local/lib/python3.12/site-packages/airflow/example_dags/example_bash_operator.py took 0.100 seconds
[2024-07-04T18:06:01.018+0000] {processor.py:161} INFO - Started process (PID=302) to work on /home/airflow/.local/lib/python3.12/site-packages/airflow/example_dags/example_bash_operator.py
[2024-07-04T18:06:01.019+0000] {processor.py:830} INFO - Processing file /home/airflow/.local/lib/python3.12/site-packages/airflow/example_dags/example_bash_operator.py for tasks to queue
[2024-07-04T18:06:01.021+0000] {logging_mixin.py:188} INFO - [2024-07-04T18:06:01.020+0000] {dagbag.py:545} INFO - Filling up the DagBag from /home/airflow/.local/lib/python3.12/site-packages/airflow/example_dags/example_bash_operator.py
[2024-07-04T18:06:01.031+0000] {processor.py:840} INFO - DAG(s) 'example_bash_operator' retrieved from /home/airflow/.local/lib/python3.12/site-packages/airflow/example_dags/example_bash_operator.py
[2024-07-04T18:06:01.058+0000] {logging_mixin.py:188} INFO - [2024-07-04T18:06:01.057+0000] {dag.py:3096} INFO - Sync 1 DAGs
[2024-07-04T18:06:01.079+0000] {logging_mixin.py:188} INFO - [2024-07-04T18:06:01.079+0000] {dag.py:3954} INFO - Setting next_dagrun for example_bash_operator to 2024-07-03 00:00:00+00:00, run_after=2024-07-04 00:00:00+00:00
[2024-07-04T18:06:01.100+0000] {processor.py:183} INFO - Processing /home/airflow/.local/lib/python3.12/site-packages/airflow/example_dags/example_bash_operator.py took 0.088 seconds
[2024-07-04T18:06:31.447+0000] {processor.py:161} INFO - Started process (PID=360) to work on /home/airflow/.local/lib/python3.12/site-packages/airflow/example_dags/example_bash_operator.py
[2024-07-04T18:06:31.455+0000] {processor.py:830} INFO - Processing file /home/airflow/.local/lib/python3.12/site-packages/airflow/example_dags/example_bash_operator.py for tasks to queue
[2024-07-04T18:06:31.458+0000] {logging_mixin.py:188} INFO - [2024-07-04T18:06:31.457+0000] {dagbag.py:545} INFO - Filling up the DagBag from /home/airflow/.local/lib/python3.12/site-packages/airflow/example_dags/example_bash_operator.py
[2024-07-04T18:06:31.470+0000] {processor.py:840} INFO - DAG(s) 'example_bash_operator' retrieved from /home/airflow/.local/lib/python3.12/site-packages/airflow/example_dags/example_bash_operator.py
[2024-07-04T18:06:31.501+0000] {logging_mixin.py:188} INFO - [2024-07-04T18:06:31.500+0000] {dag.py:3096} INFO - Sync 1 DAGs
[2024-07-04T18:06:31.523+0000] {logging_mixin.py:188} INFO - [2024-07-04T18:06:31.523+0000] {dag.py:3954} INFO - Setting next_dagrun for example_bash_operator to 2024-07-03 00:00:00+00:00, run_after=2024-07-04 00:00:00+00:00
[2024-07-04T18:06:31.547+0000] {processor.py:183} INFO - Processing /home/airflow/.local/lib/python3.12/site-packages/airflow/example_dags/example_bash_operator.py took 0.110 seconds
[2024-07-04T18:07:01.850+0000] {processor.py:161} INFO - Started process (PID=419) to work on /home/airflow/.local/lib/python3.12/site-packages/airflow/example_dags/example_bash_operator.py
[2024-07-04T18:07:01.858+0000] {processor.py:830} INFO - Processing file /home/airflow/.local/lib/python3.12/site-packages/airflow/example_dags/example_bash_operator.py for tasks to queue
[2024-07-04T18:07:01.860+0000] {logging_mixin.py:188} INFO - [2024-07-04T18:07:01.860+0000] {dagbag.py:545} INFO - Filling up the DagBag from /home/airflow/.local/lib/python3.12/site-packages/airflow/example_dags/example_bash_operator.py
[2024-07-04T18:07:01.873+0000] {processor.py:840} INFO - DAG(s) 'example_bash_operator' retrieved from /home/airflow/.local/lib/python3.12/site-packages/airflow/example_dags/example_bash_operator.py
[2024-07-04T18:07:01.911+0000] {logging_mixin.py:188} INFO - [2024-07-04T18:07:01.911+0000] {dag.py:3096} INFO - Sync 1 DAGs
[2024-07-04T18:07:01.932+0000] {logging_mixin.py:188} INFO - [2024-07-04T18:07:01.932+0000] {dag.py:3954} INFO - Setting next_dagrun for example_bash_operator to 2024-07-03 00:00:00+00:00, run_after=2024-07-04 00:00:00+00:00
[2024-07-04T18:07:01.953+0000] {processor.py:183} INFO - Processing /home/airflow/.local/lib/python3.12/site-packages/airflow/example_dags/example_bash_operator.py took 0.111 seconds
[2024-07-04T18:07:32.238+0000] {processor.py:161} INFO - Started process (PID=476) to work on /home/airflow/.local/lib/python3.12/site-packages/airflow/example_dags/example_bash_operator.py
[2024-07-04T18:07:32.239+0000] {processor.py:830} INFO - Processing file /home/airflow/.local/lib/python3.12/site-packages/airflow/example_dags/example_bash_operator.py for tasks to queue
[2024-07-04T18:07:32.241+0000] {logging_mixin.py:188} INFO - [2024-07-04T18:07:32.241+0000] {dagbag.py:545} INFO - Filling up the DagBag from /home/airflow/.local/lib/python3.12/site-packages/airflow/example_dags/example_bash_operator.py
[2024-07-04T18:07:32.255+0000] {processor.py:840} INFO - DAG(s) 'example_bash_operator' retrieved from /home/airflow/.local/lib/python3.12/site-packages/airflow/example_dags/example_bash_operator.py
[2024-07-04T18:07:32.285+0000] {logging_mixin.py:188} INFO - [2024-07-04T18:07:32.284+0000] {dag.py:3096} INFO - Sync 1 DAGs
[2024-07-04T18:07:32.308+0000] {logging_mixin.py:188} INFO - [2024-07-04T18:07:32.308+0000] {dag.py:3954} INFO - Setting next_dagrun for example_bash_operator to 2024-07-03 00:00:00+00:00, run_after=2024-07-04 00:00:00+00:00
[2024-07-04T18:07:32.329+0000] {processor.py:183} INFO - Processing /home/airflow/.local/lib/python3.12/site-packages/airflow/example_dags/example_bash_operator.py took 0.098 seconds
[2024-07-04T18:08:02.741+0000] {processor.py:161} INFO - Started process (PID=534) to work on /home/airflow/.local/lib/python3.12/site-packages/airflow/example_dags/example_bash_operator.py
[2024-07-04T18:08:02.749+0000] {processor.py:830} INFO - Processing file /home/airflow/.local/lib/python3.12/site-packages/airflow/example_dags/example_bash_operator.py for tasks to queue
[2024-07-04T18:08:02.750+0000] {logging_mixin.py:188} INFO - [2024-07-04T18:08:02.750+0000] {dagbag.py:545} INFO - Filling up the DagBag from /home/airflow/.local/lib/python3.12/site-packages/airflow/example_dags/example_bash_operator.py
[2024-07-04T18:08:02.762+0000] {processor.py:840} INFO - DAG(s) 'example_bash_operator' retrieved from /home/airflow/.local/lib/python3.12/site-packages/airflow/example_dags/example_bash_operator.py
[2024-07-04T18:08:02.790+0000] {logging_mixin.py:188} INFO - [2024-07-04T18:08:02.790+0000] {dag.py:3096} INFO - Sync 1 DAGs
[2024-07-04T18:08:02.811+0000] {logging_mixin.py:188} INFO - [2024-07-04T18:08:02.811+0000] {dag.py:3954} INFO - Setting next_dagrun for example_bash_operator to 2024-07-03 00:00:00+00:00, run_after=2024-07-04 00:00:00+00:00
[2024-07-04T18:08:02.832+0000] {processor.py:183} INFO - Processing /home/airflow/.local/lib/python3.12/site-packages/airflow/example_dags/example_bash_operator.py took 0.097 seconds
[2024-07-04T18:08:33.344+0000] {processor.py:161} INFO - Started process (PID=592) to work on /home/airflow/.local/lib/python3.12/site-packages/airflow/example_dags/example_bash_operator.py
[2024-07-04T18:08:33.352+0000] {processor.py:830} INFO - Processing file /home/airflow/.local/lib/python3.12/site-packages/airflow/example_dags/example_bash_operator.py for tasks to queue
[2024-07-04T18:08:33.355+0000] {logging_mixin.py:188} INFO - [2024-07-04T18:08:33.354+0000] {dagbag.py:545} INFO - Filling up the DagBag from /home/airflow/.local/lib/python3.12/site-packages/airflow/example_dags/example_bash_operator.py
[2024-07-04T18:08:33.369+0000] {processor.py:840} INFO - DAG(s) 'example_bash_operator' retrieved from /home/airflow/.local/lib/python3.12/site-packages/airflow/example_dags/example_bash_operator.py
[2024-07-04T18:08:33.398+0000] {logging_mixin.py:188} INFO - [2024-07-04T18:08:33.397+0000] {dag.py:3096} INFO - Sync 1 DAGs
[2024-07-04T18:08:33.418+0000] {logging_mixin.py:188} INFO - [2024-07-04T18:08:33.418+0000] {dag.py:3954} INFO - Setting next_dagrun for example_bash_operator to 2024-07-03 00:00:00+00:00, run_after=2024-07-04 00:00:00+00:00
[2024-07-04T18:08:33.443+0000] {processor.py:183} INFO - Processing /home/airflow/.local/lib/python3.12/site-packages/airflow/example_dags/example_bash_operator.py took 0.112 seconds
[2024-07-04T18:09:04.092+0000] {processor.py:161} INFO - Started process (PID=649) to work on /home/airflow/.local/lib/python3.12/site-packages/airflow/example_dags/example_bash_operator.py
[2024-07-04T18:09:04.099+0000] {processor.py:830} INFO - Processing file /home/airflow/.local/lib/python3.12/site-packages/airflow/example_dags/example_bash_operator.py for tasks to queue
[2024-07-04T18:09:04.101+0000] {logging_mixin.py:188} INFO - [2024-07-04T18:09:04.101+0000] {dagbag.py:545} INFO - Filling up the DagBag from /home/airflow/.local/lib/python3.12/site-packages/airflow/example_dags/example_bash_operator.py
[2024-07-04T18:09:04.113+0000] {processor.py:840} INFO - DAG(s) 'example_bash_operator' retrieved from /home/airflow/.local/lib/python3.12/site-packages/airflow/example_dags/example_bash_operator.py
[2024-07-04T18:09:04.141+0000] {logging_mixin.py:188} INFO - [2024-07-04T18:09:04.141+0000] {dag.py:3096} INFO - Sync 1 DAGs
[2024-07-04T18:09:04.162+0000] {logging_mixin.py:188} INFO - [2024-07-04T18:09:04.162+0000] {dag.py:3954} INFO - Setting next_dagrun for example_bash_operator to 2024-07-03 00:00:00+00:00, run_after=2024-07-04 00:00:00+00:00
[2024-07-04T18:09:04.184+0000] {processor.py:183} INFO - Processing /home/airflow/.local/lib/python3.12/site-packages/airflow/example_dags/example_bash_operator.py took 0.098 seconds
[2024-07-04T18:09:34.328+0000] {processor.py:161} INFO - Started process (PID=707) to work on /home/airflow/.local/lib/python3.12/site-packages/airflow/example_dags/example_bash_operator.py
[2024-07-04T18:09:34.336+0000] {processor.py:830} INFO - Processing file /home/airflow/.local/lib/python3.12/site-packages/airflow/example_dags/example_bash_operator.py for tasks to queue
[2024-07-04T18:09:34.338+0000] {logging_mixin.py:188} INFO - [2024-07-04T18:09:34.337+0000] {dagbag.py:545} INFO - Filling up the DagBag from /home/airflow/.local/lib/python3.12/site-packages/airflow/example_dags/example_bash_operator.py
[2024-07-04T18:09:34.353+0000] {processor.py:840} INFO - DAG(s) 'example_bash_operator' retrieved from /home/airflow/.local/lib/python3.12/site-packages/airflow/example_dags/example_bash_operator.py
[2024-07-04T18:09:34.382+0000] {logging_mixin.py:188} INFO - [2024-07-04T18:09:34.382+0000] {dag.py:3096} INFO - Sync 1 DAGs
[2024-07-04T18:09:34.403+0000] {logging_mixin.py:188} INFO - [2024-07-04T18:09:34.403+0000] {dag.py:3954} INFO - Setting next_dagrun for example_bash_operator to 2024-07-03 00:00:00+00:00, run_after=2024-07-04 00:00:00+00:00
[2024-07-04T18:09:34.427+0000] {processor.py:183} INFO - Processing /home/airflow/.local/lib/python3.12/site-packages/airflow/example_dags/example_bash_operator.py took 0.112 seconds
[2024-07-04T18:10:04.454+0000] {processor.py:161} INFO - Started process (PID=765) to work on /home/airflow/.local/lib/python3.12/site-packages/airflow/example_dags/example_bash_operator.py
[2024-07-04T18:10:04.457+0000] {processor.py:830} INFO - Processing file /home/airflow/.local/lib/python3.12/site-packages/airflow/example_dags/example_bash_operator.py for tasks to queue
[2024-07-04T18:10:04.458+0000] {logging_mixin.py:188} INFO - [2024-07-04T18:10:04.458+0000] {dagbag.py:545} INFO - Filling up the DagBag from /home/airflow/.local/lib/python3.12/site-packages/airflow/example_dags/example_bash_operator.py
[2024-07-04T18:10:04.468+0000] {processor.py:840} INFO - DAG(s) 'example_bash_operator' retrieved from /home/airflow/.local/lib/python3.12/site-packages/airflow/example_dags/example_bash_operator.py
[2024-07-04T18:10:04.494+0000] {logging_mixin.py:188} INFO - [2024-07-04T18:10:04.494+0000] {dag.py:3096} INFO - Sync 1 DAGs
[2024-07-04T18:10:04.516+0000] {logging_mixin.py:188} INFO - [2024-07-04T18:10:04.516+0000] {dag.py:3954} INFO - Setting next_dagrun for example_bash_operator to 2024-07-03 00:00:00+00:00, run_after=2024-07-04 00:00:00+00:00
[2024-07-04T18:10:04.540+0000] {processor.py:183} INFO - Processing /home/airflow/.local/lib/python3.12/site-packages/airflow/example_dags/example_bash_operator.py took 0.090 seconds
