[2024-07-04T17:38:51.312+0000] {processor.py:161} INFO - Started process (PID=92) to work on /home/airflow/.local/lib/python3.12/site-packages/airflow/example_dags/example_sensors.py
[2024-07-04T17:38:51.313+0000] {processor.py:830} INFO - Processing file /home/airflow/.local/lib/python3.12/site-packages/airflow/example_dags/example_sensors.py for tasks to queue
[2024-07-04T17:38:51.314+0000] {logging_mixin.py:188} INFO - [2024-07-04T17:38:51.314+0000] {dagbag.py:545} INFO - Filling up the DagBag from /home/airflow/.local/lib/python3.12/site-packages/airflow/example_dags/example_sensors.py
[2024-07-04T17:38:51.324+0000] {processor.py:840} INFO - DAG(s) 'example_sensors' retrieved from /home/airflow/.local/lib/python3.12/site-packages/airflow/example_dags/example_sensors.py
[2024-07-04T17:38:51.452+0000] {logging_mixin.py:188} INFO - [2024-07-04T17:38:51.452+0000] {override.py:1829} INFO - Created Permission View: can read on DAG:example_sensors
[2024-07-04T17:38:51.465+0000] {logging_mixin.py:188} INFO - [2024-07-04T17:38:51.464+0000] {override.py:1829} INFO - Created Permission View: can edit on DAG:example_sensors
[2024-07-04T17:38:51.474+0000] {logging_mixin.py:188} INFO - [2024-07-04T17:38:51.473+0000] {override.py:1829} INFO - Created Permission View: can delete on DAG:example_sensors
[2024-07-04T17:38:51.474+0000] {logging_mixin.py:188} INFO - [2024-07-04T17:38:51.474+0000] {dag.py:3096} INFO - Sync 1 DAGs
[2024-07-04T17:38:51.487+0000] {logging_mixin.py:188} INFO - [2024-07-04T17:38:51.486+0000] {dag.py:3118} INFO - Creating ORM DAG for example_sensors
[2024-07-04T17:38:51.488+0000] {logging_mixin.py:188} INFO - [2024-07-04T17:38:51.488+0000] {dag.py:3954} INFO - Setting next_dagrun for example_sensors to None, run_after=None
[2024-07-04T17:38:51.513+0000] {processor.py:183} INFO - Processing /home/airflow/.local/lib/python3.12/site-packages/airflow/example_dags/example_sensors.py took 0.206 seconds
[2024-07-04T17:39:21.945+0000] {processor.py:161} INFO - Started process (PID=150) to work on /home/airflow/.local/lib/python3.12/site-packages/airflow/example_dags/example_sensors.py
[2024-07-04T17:39:21.946+0000] {processor.py:830} INFO - Processing file /home/airflow/.local/lib/python3.12/site-packages/airflow/example_dags/example_sensors.py for tasks to queue
[2024-07-04T17:39:21.947+0000] {logging_mixin.py:188} INFO - [2024-07-04T17:39:21.947+0000] {dagbag.py:545} INFO - Filling up the DagBag from /home/airflow/.local/lib/python3.12/site-packages/airflow/example_dags/example_sensors.py
[2024-07-04T17:39:21.955+0000] {processor.py:840} INFO - DAG(s) 'example_sensors' retrieved from /home/airflow/.local/lib/python3.12/site-packages/airflow/example_dags/example_sensors.py
[2024-07-04T17:39:21.979+0000] {logging_mixin.py:188} INFO - [2024-07-04T17:39:21.978+0000] {dag.py:3096} INFO - Sync 1 DAGs
[2024-07-04T17:39:21.993+0000] {logging_mixin.py:188} INFO - [2024-07-04T17:39:21.992+0000] {dag.py:3954} INFO - Setting next_dagrun for example_sensors to None, run_after=None
[2024-07-04T17:39:22.016+0000] {processor.py:183} INFO - Processing /home/airflow/.local/lib/python3.12/site-packages/airflow/example_dags/example_sensors.py took 0.075 seconds
[2024-07-04T17:44:59.800+0000] {processor.py:161} INFO - Started process (PID=91) to work on /home/airflow/.local/lib/python3.12/site-packages/airflow/example_dags/example_sensors.py
[2024-07-04T17:44:59.802+0000] {processor.py:830} INFO - Processing file /home/airflow/.local/lib/python3.12/site-packages/airflow/example_dags/example_sensors.py for tasks to queue
[2024-07-04T17:44:59.804+0000] {logging_mixin.py:188} INFO - [2024-07-04T17:44:59.803+0000] {dagbag.py:545} INFO - Filling up the DagBag from /home/airflow/.local/lib/python3.12/site-packages/airflow/example_dags/example_sensors.py
[2024-07-04T17:44:59.820+0000] {processor.py:840} INFO - DAG(s) 'example_sensors' retrieved from /home/airflow/.local/lib/python3.12/site-packages/airflow/example_dags/example_sensors.py
[2024-07-04T17:44:59.967+0000] {logging_mixin.py:188} INFO - [2024-07-04T17:44:59.967+0000] {dag.py:3096} INFO - Sync 1 DAGs
[2024-07-04T17:44:59.980+0000] {logging_mixin.py:188} INFO - [2024-07-04T17:44:59.980+0000] {dag.py:3954} INFO - Setting next_dagrun for example_sensors to None, run_after=None
[2024-07-04T17:45:00.007+0000] {processor.py:183} INFO - Processing /home/airflow/.local/lib/python3.12/site-packages/airflow/example_dags/example_sensors.py took 0.215 seconds
[2024-07-04T17:45:30.120+0000] {processor.py:161} INFO - Started process (PID=149) to work on /home/airflow/.local/lib/python3.12/site-packages/airflow/example_dags/example_sensors.py
[2024-07-04T17:45:30.121+0000] {processor.py:830} INFO - Processing file /home/airflow/.local/lib/python3.12/site-packages/airflow/example_dags/example_sensors.py for tasks to queue
[2024-07-04T17:45:30.122+0000] {logging_mixin.py:188} INFO - [2024-07-04T17:45:30.122+0000] {dagbag.py:545} INFO - Filling up the DagBag from /home/airflow/.local/lib/python3.12/site-packages/airflow/example_dags/example_sensors.py
[2024-07-04T17:45:30.130+0000] {processor.py:840} INFO - DAG(s) 'example_sensors' retrieved from /home/airflow/.local/lib/python3.12/site-packages/airflow/example_dags/example_sensors.py
[2024-07-04T17:45:30.155+0000] {logging_mixin.py:188} INFO - [2024-07-04T17:45:30.154+0000] {dag.py:3096} INFO - Sync 1 DAGs
[2024-07-04T17:45:30.166+0000] {logging_mixin.py:188} INFO - [2024-07-04T17:45:30.166+0000] {dag.py:3954} INFO - Setting next_dagrun for example_sensors to None, run_after=None
[2024-07-04T17:45:30.186+0000] {processor.py:183} INFO - Processing /home/airflow/.local/lib/python3.12/site-packages/airflow/example_dags/example_sensors.py took 0.070 seconds
[2024-07-04T17:46:00.252+0000] {processor.py:161} INFO - Started process (PID=207) to work on /home/airflow/.local/lib/python3.12/site-packages/airflow/example_dags/example_sensors.py
[2024-07-04T17:46:00.253+0000] {processor.py:830} INFO - Processing file /home/airflow/.local/lib/python3.12/site-packages/airflow/example_dags/example_sensors.py for tasks to queue
[2024-07-04T17:46:00.254+0000] {logging_mixin.py:188} INFO - [2024-07-04T17:46:00.254+0000] {dagbag.py:545} INFO - Filling up the DagBag from /home/airflow/.local/lib/python3.12/site-packages/airflow/example_dags/example_sensors.py
[2024-07-04T17:46:00.262+0000] {processor.py:840} INFO - DAG(s) 'example_sensors' retrieved from /home/airflow/.local/lib/python3.12/site-packages/airflow/example_dags/example_sensors.py
[2024-07-04T17:46:00.286+0000] {logging_mixin.py:188} INFO - [2024-07-04T17:46:00.286+0000] {dag.py:3096} INFO - Sync 1 DAGs
[2024-07-04T17:46:00.298+0000] {logging_mixin.py:188} INFO - [2024-07-04T17:46:00.298+0000] {dag.py:3954} INFO - Setting next_dagrun for example_sensors to None, run_after=None
[2024-07-04T17:46:00.318+0000] {processor.py:183} INFO - Processing /home/airflow/.local/lib/python3.12/site-packages/airflow/example_dags/example_sensors.py took 0.070 seconds
[2024-07-04T17:46:30.389+0000] {processor.py:161} INFO - Started process (PID=265) to work on /home/airflow/.local/lib/python3.12/site-packages/airflow/example_dags/example_sensors.py
[2024-07-04T17:46:30.390+0000] {processor.py:830} INFO - Processing file /home/airflow/.local/lib/python3.12/site-packages/airflow/example_dags/example_sensors.py for tasks to queue
[2024-07-04T17:46:30.391+0000] {logging_mixin.py:188} INFO - [2024-07-04T17:46:30.391+0000] {dagbag.py:545} INFO - Filling up the DagBag from /home/airflow/.local/lib/python3.12/site-packages/airflow/example_dags/example_sensors.py
[2024-07-04T17:46:30.400+0000] {processor.py:840} INFO - DAG(s) 'example_sensors' retrieved from /home/airflow/.local/lib/python3.12/site-packages/airflow/example_dags/example_sensors.py
[2024-07-04T17:46:30.424+0000] {logging_mixin.py:188} INFO - [2024-07-04T17:46:30.424+0000] {dag.py:3096} INFO - Sync 1 DAGs
[2024-07-04T17:46:30.436+0000] {logging_mixin.py:188} INFO - [2024-07-04T17:46:30.436+0000] {dag.py:3954} INFO - Setting next_dagrun for example_sensors to None, run_after=None
[2024-07-04T17:46:30.454+0000] {processor.py:183} INFO - Processing /home/airflow/.local/lib/python3.12/site-packages/airflow/example_dags/example_sensors.py took 0.070 seconds
[2024-07-04T18:04:01.969+0000] {processor.py:161} INFO - Started process (PID=91) to work on /home/airflow/.local/lib/python3.12/site-packages/airflow/example_dags/example_sensors.py
[2024-07-04T18:04:01.970+0000] {processor.py:830} INFO - Processing file /home/airflow/.local/lib/python3.12/site-packages/airflow/example_dags/example_sensors.py for tasks to queue
[2024-07-04T18:04:01.971+0000] {logging_mixin.py:188} INFO - [2024-07-04T18:04:01.971+0000] {dagbag.py:545} INFO - Filling up the DagBag from /home/airflow/.local/lib/python3.12/site-packages/airflow/example_dags/example_sensors.py
[2024-07-04T18:04:01.981+0000] {processor.py:840} INFO - DAG(s) 'example_sensors' retrieved from /home/airflow/.local/lib/python3.12/site-packages/airflow/example_dags/example_sensors.py
[2024-07-04T18:04:02.126+0000] {logging_mixin.py:188} INFO - [2024-07-04T18:04:02.125+0000] {dag.py:3096} INFO - Sync 1 DAGs
[2024-07-04T18:04:02.144+0000] {logging_mixin.py:188} INFO - [2024-07-04T18:04:02.143+0000] {dag.py:3954} INFO - Setting next_dagrun for example_sensors to None, run_after=None
[2024-07-04T18:04:02.177+0000] {processor.py:183} INFO - Processing /home/airflow/.local/lib/python3.12/site-packages/airflow/example_dags/example_sensors.py took 0.214 seconds
[2024-07-04T18:04:32.610+0000] {processor.py:161} INFO - Started process (PID=148) to work on /home/airflow/.local/lib/python3.12/site-packages/airflow/example_dags/example_sensors.py
[2024-07-04T18:04:32.611+0000] {processor.py:830} INFO - Processing file /home/airflow/.local/lib/python3.12/site-packages/airflow/example_dags/example_sensors.py for tasks to queue
[2024-07-04T18:04:32.613+0000] {logging_mixin.py:188} INFO - [2024-07-04T18:04:32.612+0000] {dagbag.py:545} INFO - Filling up the DagBag from /home/airflow/.local/lib/python3.12/site-packages/airflow/example_dags/example_sensors.py
[2024-07-04T18:04:32.621+0000] {processor.py:840} INFO - DAG(s) 'example_sensors' retrieved from /home/airflow/.local/lib/python3.12/site-packages/airflow/example_dags/example_sensors.py
[2024-07-04T18:04:32.653+0000] {logging_mixin.py:188} INFO - [2024-07-04T18:04:32.653+0000] {dag.py:3096} INFO - Sync 1 DAGs
[2024-07-04T18:04:32.669+0000] {logging_mixin.py:188} INFO - [2024-07-04T18:04:32.669+0000] {dag.py:3954} INFO - Setting next_dagrun for example_sensors to None, run_after=None
[2024-07-04T18:04:32.692+0000] {processor.py:183} INFO - Processing /home/airflow/.local/lib/python3.12/site-packages/airflow/example_dags/example_sensors.py took 0.088 seconds
[2024-07-04T18:05:03.544+0000] {processor.py:161} INFO - Started process (PID=206) to work on /home/airflow/.local/lib/python3.12/site-packages/airflow/example_dags/example_sensors.py
[2024-07-04T18:05:03.544+0000] {processor.py:830} INFO - Processing file /home/airflow/.local/lib/python3.12/site-packages/airflow/example_dags/example_sensors.py for tasks to queue
[2024-07-04T18:05:03.546+0000] {logging_mixin.py:188} INFO - [2024-07-04T18:05:03.545+0000] {dagbag.py:545} INFO - Filling up the DagBag from /home/airflow/.local/lib/python3.12/site-packages/airflow/example_dags/example_sensors.py
[2024-07-04T18:05:03.553+0000] {processor.py:840} INFO - DAG(s) 'example_sensors' retrieved from /home/airflow/.local/lib/python3.12/site-packages/airflow/example_dags/example_sensors.py
[2024-07-04T18:05:03.576+0000] {logging_mixin.py:188} INFO - [2024-07-04T18:05:03.576+0000] {dag.py:3096} INFO - Sync 1 DAGs
[2024-07-04T18:05:03.588+0000] {logging_mixin.py:188} INFO - [2024-07-04T18:05:03.587+0000] {dag.py:3954} INFO - Setting next_dagrun for example_sensors to None, run_after=None
[2024-07-04T18:05:03.609+0000] {processor.py:183} INFO - Processing /home/airflow/.local/lib/python3.12/site-packages/airflow/example_dags/example_sensors.py took 0.070 seconds
[2024-07-04T18:05:33.789+0000] {processor.py:161} INFO - Started process (PID=265) to work on /home/airflow/.local/lib/python3.12/site-packages/airflow/example_dags/example_sensors.py
[2024-07-04T18:05:33.790+0000] {processor.py:830} INFO - Processing file /home/airflow/.local/lib/python3.12/site-packages/airflow/example_dags/example_sensors.py for tasks to queue
[2024-07-04T18:05:33.791+0000] {logging_mixin.py:188} INFO - [2024-07-04T18:05:33.791+0000] {dagbag.py:545} INFO - Filling up the DagBag from /home/airflow/.local/lib/python3.12/site-packages/airflow/example_dags/example_sensors.py
[2024-07-04T18:05:33.800+0000] {processor.py:840} INFO - DAG(s) 'example_sensors' retrieved from /home/airflow/.local/lib/python3.12/site-packages/airflow/example_dags/example_sensors.py
[2024-07-04T18:05:33.825+0000] {logging_mixin.py:188} INFO - [2024-07-04T18:05:33.825+0000] {dag.py:3096} INFO - Sync 1 DAGs
[2024-07-04T18:05:33.837+0000] {logging_mixin.py:188} INFO - [2024-07-04T18:05:33.836+0000] {dag.py:3954} INFO - Setting next_dagrun for example_sensors to None, run_after=None
[2024-07-04T18:05:33.857+0000] {processor.py:183} INFO - Processing /home/airflow/.local/lib/python3.12/site-packages/airflow/example_dags/example_sensors.py took 0.074 seconds
[2024-07-04T18:06:04.342+0000] {processor.py:161} INFO - Started process (PID=324) to work on /home/airflow/.local/lib/python3.12/site-packages/airflow/example_dags/example_sensors.py
[2024-07-04T18:06:04.343+0000] {processor.py:830} INFO - Processing file /home/airflow/.local/lib/python3.12/site-packages/airflow/example_dags/example_sensors.py for tasks to queue
[2024-07-04T18:06:04.345+0000] {logging_mixin.py:188} INFO - [2024-07-04T18:06:04.344+0000] {dagbag.py:545} INFO - Filling up the DagBag from /home/airflow/.local/lib/python3.12/site-packages/airflow/example_dags/example_sensors.py
[2024-07-04T18:06:04.355+0000] {processor.py:840} INFO - DAG(s) 'example_sensors' retrieved from /home/airflow/.local/lib/python3.12/site-packages/airflow/example_dags/example_sensors.py
[2024-07-04T18:06:04.385+0000] {logging_mixin.py:188} INFO - [2024-07-04T18:06:04.385+0000] {dag.py:3096} INFO - Sync 1 DAGs
[2024-07-04T18:06:04.398+0000] {logging_mixin.py:188} INFO - [2024-07-04T18:06:04.398+0000] {dag.py:3954} INFO - Setting next_dagrun for example_sensors to None, run_after=None
[2024-07-04T18:06:04.422+0000] {processor.py:183} INFO - Processing /home/airflow/.local/lib/python3.12/site-packages/airflow/example_dags/example_sensors.py took 0.086 seconds
[2024-07-04T18:06:34.689+0000] {processor.py:161} INFO - Started process (PID=382) to work on /home/airflow/.local/lib/python3.12/site-packages/airflow/example_dags/example_sensors.py
[2024-07-04T18:06:34.690+0000] {processor.py:830} INFO - Processing file /home/airflow/.local/lib/python3.12/site-packages/airflow/example_dags/example_sensors.py for tasks to queue
[2024-07-04T18:06:34.691+0000] {logging_mixin.py:188} INFO - [2024-07-04T18:06:34.691+0000] {dagbag.py:545} INFO - Filling up the DagBag from /home/airflow/.local/lib/python3.12/site-packages/airflow/example_dags/example_sensors.py
[2024-07-04T18:06:34.699+0000] {processor.py:840} INFO - DAG(s) 'example_sensors' retrieved from /home/airflow/.local/lib/python3.12/site-packages/airflow/example_dags/example_sensors.py
[2024-07-04T18:06:34.723+0000] {logging_mixin.py:188} INFO - [2024-07-04T18:06:34.722+0000] {dag.py:3096} INFO - Sync 1 DAGs
[2024-07-04T18:06:34.734+0000] {logging_mixin.py:188} INFO - [2024-07-04T18:06:34.734+0000] {dag.py:3954} INFO - Setting next_dagrun for example_sensors to None, run_after=None
[2024-07-04T18:06:34.753+0000] {processor.py:183} INFO - Processing /home/airflow/.local/lib/python3.12/site-packages/airflow/example_dags/example_sensors.py took 0.069 seconds
[2024-07-04T18:07:05.036+0000] {processor.py:161} INFO - Started process (PID=441) to work on /home/airflow/.local/lib/python3.12/site-packages/airflow/example_dags/example_sensors.py
[2024-07-04T18:07:05.036+0000] {processor.py:830} INFO - Processing file /home/airflow/.local/lib/python3.12/site-packages/airflow/example_dags/example_sensors.py for tasks to queue
[2024-07-04T18:07:05.038+0000] {logging_mixin.py:188} INFO - [2024-07-04T18:07:05.038+0000] {dagbag.py:545} INFO - Filling up the DagBag from /home/airflow/.local/lib/python3.12/site-packages/airflow/example_dags/example_sensors.py
[2024-07-04T18:07:05.045+0000] {processor.py:840} INFO - DAG(s) 'example_sensors' retrieved from /home/airflow/.local/lib/python3.12/site-packages/airflow/example_dags/example_sensors.py
[2024-07-04T18:07:05.068+0000] {logging_mixin.py:188} INFO - [2024-07-04T18:07:05.068+0000] {dag.py:3096} INFO - Sync 1 DAGs
[2024-07-04T18:07:05.080+0000] {logging_mixin.py:188} INFO - [2024-07-04T18:07:05.080+0000] {dag.py:3954} INFO - Setting next_dagrun for example_sensors to None, run_after=None
[2024-07-04T18:07:05.101+0000] {processor.py:183} INFO - Processing /home/airflow/.local/lib/python3.12/site-packages/airflow/example_dags/example_sensors.py took 0.070 seconds
[2024-07-04T18:07:35.387+0000] {processor.py:161} INFO - Started process (PID=498) to work on /home/airflow/.local/lib/python3.12/site-packages/airflow/example_dags/example_sensors.py
[2024-07-04T18:07:35.388+0000] {processor.py:830} INFO - Processing file /home/airflow/.local/lib/python3.12/site-packages/airflow/example_dags/example_sensors.py for tasks to queue
[2024-07-04T18:07:35.390+0000] {logging_mixin.py:188} INFO - [2024-07-04T18:07:35.390+0000] {dagbag.py:545} INFO - Filling up the DagBag from /home/airflow/.local/lib/python3.12/site-packages/airflow/example_dags/example_sensors.py
[2024-07-04T18:07:35.398+0000] {processor.py:840} INFO - DAG(s) 'example_sensors' retrieved from /home/airflow/.local/lib/python3.12/site-packages/airflow/example_dags/example_sensors.py
[2024-07-04T18:07:35.423+0000] {logging_mixin.py:188} INFO - [2024-07-04T18:07:35.423+0000] {dag.py:3096} INFO - Sync 1 DAGs
[2024-07-04T18:07:35.435+0000] {logging_mixin.py:188} INFO - [2024-07-04T18:07:35.435+0000] {dag.py:3954} INFO - Setting next_dagrun for example_sensors to None, run_after=None
[2024-07-04T18:07:35.458+0000] {processor.py:183} INFO - Processing /home/airflow/.local/lib/python3.12/site-packages/airflow/example_dags/example_sensors.py took 0.077 seconds
[2024-07-04T18:08:05.876+0000] {processor.py:161} INFO - Started process (PID=556) to work on /home/airflow/.local/lib/python3.12/site-packages/airflow/example_dags/example_sensors.py
[2024-07-04T18:08:05.877+0000] {processor.py:830} INFO - Processing file /home/airflow/.local/lib/python3.12/site-packages/airflow/example_dags/example_sensors.py for tasks to queue
[2024-07-04T18:08:05.878+0000] {logging_mixin.py:188} INFO - [2024-07-04T18:08:05.878+0000] {dagbag.py:545} INFO - Filling up the DagBag from /home/airflow/.local/lib/python3.12/site-packages/airflow/example_dags/example_sensors.py
[2024-07-04T18:08:05.886+0000] {processor.py:840} INFO - DAG(s) 'example_sensors' retrieved from /home/airflow/.local/lib/python3.12/site-packages/airflow/example_dags/example_sensors.py
[2024-07-04T18:08:05.910+0000] {logging_mixin.py:188} INFO - [2024-07-04T18:08:05.910+0000] {dag.py:3096} INFO - Sync 1 DAGs
[2024-07-04T18:08:05.921+0000] {logging_mixin.py:188} INFO - [2024-07-04T18:08:05.921+0000] {dag.py:3954} INFO - Setting next_dagrun for example_sensors to None, run_after=None
[2024-07-04T18:08:05.941+0000] {processor.py:183} INFO - Processing /home/airflow/.local/lib/python3.12/site-packages/airflow/example_dags/example_sensors.py took 0.070 seconds
[2024-07-04T18:08:36.513+0000] {processor.py:161} INFO - Started process (PID=614) to work on /home/airflow/.local/lib/python3.12/site-packages/airflow/example_dags/example_sensors.py
[2024-07-04T18:08:36.516+0000] {processor.py:830} INFO - Processing file /home/airflow/.local/lib/python3.12/site-packages/airflow/example_dags/example_sensors.py for tasks to queue
[2024-07-04T18:08:36.517+0000] {logging_mixin.py:188} INFO - [2024-07-04T18:08:36.517+0000] {dagbag.py:545} INFO - Filling up the DagBag from /home/airflow/.local/lib/python3.12/site-packages/airflow/example_dags/example_sensors.py
[2024-07-04T18:08:36.525+0000] {processor.py:840} INFO - DAG(s) 'example_sensors' retrieved from /home/airflow/.local/lib/python3.12/site-packages/airflow/example_dags/example_sensors.py
[2024-07-04T18:08:36.554+0000] {logging_mixin.py:188} INFO - [2024-07-04T18:08:36.554+0000] {dag.py:3096} INFO - Sync 1 DAGs
[2024-07-04T18:08:36.566+0000] {logging_mixin.py:188} INFO - [2024-07-04T18:08:36.566+0000] {dag.py:3954} INFO - Setting next_dagrun for example_sensors to None, run_after=None
[2024-07-04T18:08:36.599+0000] {processor.py:183} INFO - Processing /home/airflow/.local/lib/python3.12/site-packages/airflow/example_dags/example_sensors.py took 0.091 seconds
[2024-07-04T18:09:07.187+0000] {processor.py:161} INFO - Started process (PID=671) to work on /home/airflow/.local/lib/python3.12/site-packages/airflow/example_dags/example_sensors.py
[2024-07-04T18:09:07.188+0000] {processor.py:830} INFO - Processing file /home/airflow/.local/lib/python3.12/site-packages/airflow/example_dags/example_sensors.py for tasks to queue
[2024-07-04T18:09:07.189+0000] {logging_mixin.py:188} INFO - [2024-07-04T18:09:07.189+0000] {dagbag.py:545} INFO - Filling up the DagBag from /home/airflow/.local/lib/python3.12/site-packages/airflow/example_dags/example_sensors.py
[2024-07-04T18:09:07.196+0000] {processor.py:840} INFO - DAG(s) 'example_sensors' retrieved from /home/airflow/.local/lib/python3.12/site-packages/airflow/example_dags/example_sensors.py
[2024-07-04T18:09:07.220+0000] {logging_mixin.py:188} INFO - [2024-07-04T18:09:07.220+0000] {dag.py:3096} INFO - Sync 1 DAGs
[2024-07-04T18:09:07.231+0000] {logging_mixin.py:188} INFO - [2024-07-04T18:09:07.231+0000] {dag.py:3954} INFO - Setting next_dagrun for example_sensors to None, run_after=None
[2024-07-04T18:09:07.252+0000] {processor.py:183} INFO - Processing /home/airflow/.local/lib/python3.12/site-packages/airflow/example_dags/example_sensors.py took 0.070 seconds
[2024-07-04T18:09:37.614+0000] {processor.py:161} INFO - Started process (PID=729) to work on /home/airflow/.local/lib/python3.12/site-packages/airflow/example_dags/example_sensors.py
[2024-07-04T18:09:37.615+0000] {processor.py:830} INFO - Processing file /home/airflow/.local/lib/python3.12/site-packages/airflow/example_dags/example_sensors.py for tasks to queue
[2024-07-04T18:09:37.616+0000] {logging_mixin.py:188} INFO - [2024-07-04T18:09:37.616+0000] {dagbag.py:545} INFO - Filling up the DagBag from /home/airflow/.local/lib/python3.12/site-packages/airflow/example_dags/example_sensors.py
[2024-07-04T18:09:37.626+0000] {processor.py:840} INFO - DAG(s) 'example_sensors' retrieved from /home/airflow/.local/lib/python3.12/site-packages/airflow/example_dags/example_sensors.py
[2024-07-04T18:09:37.652+0000] {logging_mixin.py:188} INFO - [2024-07-04T18:09:37.652+0000] {dag.py:3096} INFO - Sync 1 DAGs
[2024-07-04T18:09:37.666+0000] {logging_mixin.py:188} INFO - [2024-07-04T18:09:37.666+0000] {dag.py:3954} INFO - Setting next_dagrun for example_sensors to None, run_after=None
[2024-07-04T18:09:37.691+0000] {processor.py:183} INFO - Processing /home/airflow/.local/lib/python3.12/site-packages/airflow/example_dags/example_sensors.py took 0.083 seconds
[2024-07-04T18:10:07.736+0000] {processor.py:161} INFO - Started process (PID=787) to work on /home/airflow/.local/lib/python3.12/site-packages/airflow/example_dags/example_sensors.py
[2024-07-04T18:10:07.736+0000] {processor.py:830} INFO - Processing file /home/airflow/.local/lib/python3.12/site-packages/airflow/example_dags/example_sensors.py for tasks to queue
[2024-07-04T18:10:07.738+0000] {logging_mixin.py:188} INFO - [2024-07-04T18:10:07.737+0000] {dagbag.py:545} INFO - Filling up the DagBag from /home/airflow/.local/lib/python3.12/site-packages/airflow/example_dags/example_sensors.py
[2024-07-04T18:10:07.746+0000] {processor.py:840} INFO - DAG(s) 'example_sensors' retrieved from /home/airflow/.local/lib/python3.12/site-packages/airflow/example_dags/example_sensors.py
[2024-07-04T18:10:07.778+0000] {logging_mixin.py:188} INFO - [2024-07-04T18:10:07.778+0000] {dag.py:3096} INFO - Sync 1 DAGs
[2024-07-04T18:10:07.791+0000] {logging_mixin.py:188} INFO - [2024-07-04T18:10:07.791+0000] {dag.py:3954} INFO - Setting next_dagrun for example_sensors to None, run_after=None
[2024-07-04T18:10:07.813+0000] {processor.py:183} INFO - Processing /home/airflow/.local/lib/python3.12/site-packages/airflow/example_dags/example_sensors.py took 0.082 seconds
