[2024-07-04T17:38:49.646+0000] {processor.py:161} INFO - Started process (PID=81) to work on /home/airflow/.local/lib/python3.12/site-packages/airflow/example_dags/example_setup_teardown_taskflow.py
[2024-07-04T17:38:49.647+0000] {processor.py:830} INFO - Processing file /home/airflow/.local/lib/python3.12/site-packages/airflow/example_dags/example_setup_teardown_taskflow.py for tasks to queue
[2024-07-04T17:38:49.648+0000] {logging_mixin.py:188} INFO - [2024-07-04T17:38:49.648+0000] {dagbag.py:545} INFO - Filling up the DagBag from /home/airflow/.local/lib/python3.12/site-packages/airflow/example_dags/example_setup_teardown_taskflow.py
[2024-07-04T17:38:49.660+0000] {processor.py:840} INFO - DAG(s) 'example_setup_teardown_taskflow' retrieved from /home/airflow/.local/lib/python3.12/site-packages/airflow/example_dags/example_setup_teardown_taskflow.py
[2024-07-04T17:38:49.778+0000] {logging_mixin.py:188} INFO - [2024-07-04T17:38:49.777+0000] {override.py:1829} INFO - Created Permission View: can read on DAG:example_setup_teardown_taskflow
[2024-07-04T17:38:49.790+0000] {logging_mixin.py:188} INFO - [2024-07-04T17:38:49.790+0000] {override.py:1829} INFO - Created Permission View: can edit on DAG:example_setup_teardown_taskflow
[2024-07-04T17:38:49.799+0000] {logging_mixin.py:188} INFO - [2024-07-04T17:38:49.799+0000] {override.py:1829} INFO - Created Permission View: can delete on DAG:example_setup_teardown_taskflow
[2024-07-04T17:38:49.800+0000] {logging_mixin.py:188} INFO - [2024-07-04T17:38:49.800+0000] {dag.py:3096} INFO - Sync 1 DAGs
[2024-07-04T17:38:49.810+0000] {logging_mixin.py:188} INFO - [2024-07-04T17:38:49.810+0000] {dag.py:3118} INFO - Creating ORM DAG for example_setup_teardown_taskflow
[2024-07-04T17:38:49.820+0000] {logging_mixin.py:188} INFO - [2024-07-04T17:38:49.820+0000] {dag.py:3954} INFO - Setting next_dagrun for example_setup_teardown_taskflow to 2024-07-03 00:00:00+00:00, run_after=2024-07-04 00:00:00+00:00
[2024-07-04T17:38:49.838+0000] {processor.py:183} INFO - Processing /home/airflow/.local/lib/python3.12/site-packages/airflow/example_dags/example_setup_teardown_taskflow.py took 0.197 seconds
[2024-07-04T17:39:20.401+0000] {processor.py:161} INFO - Started process (PID=139) to work on /home/airflow/.local/lib/python3.12/site-packages/airflow/example_dags/example_setup_teardown_taskflow.py
[2024-07-04T17:39:20.401+0000] {processor.py:830} INFO - Processing file /home/airflow/.local/lib/python3.12/site-packages/airflow/example_dags/example_setup_teardown_taskflow.py for tasks to queue
[2024-07-04T17:39:20.403+0000] {logging_mixin.py:188} INFO - [2024-07-04T17:39:20.402+0000] {dagbag.py:545} INFO - Filling up the DagBag from /home/airflow/.local/lib/python3.12/site-packages/airflow/example_dags/example_setup_teardown_taskflow.py
[2024-07-04T17:39:20.411+0000] {processor.py:840} INFO - DAG(s) 'example_setup_teardown_taskflow' retrieved from /home/airflow/.local/lib/python3.12/site-packages/airflow/example_dags/example_setup_teardown_taskflow.py
[2024-07-04T17:39:20.431+0000] {logging_mixin.py:188} INFO - [2024-07-04T17:39:20.430+0000] {dag.py:3096} INFO - Sync 1 DAGs
[2024-07-04T17:39:20.453+0000] {logging_mixin.py:188} INFO - [2024-07-04T17:39:20.453+0000] {dag.py:3954} INFO - Setting next_dagrun for example_setup_teardown_taskflow to 2024-07-03 00:00:00+00:00, run_after=2024-07-04 00:00:00+00:00
[2024-07-04T17:39:20.473+0000] {processor.py:183} INFO - Processing /home/airflow/.local/lib/python3.12/site-packages/airflow/example_dags/example_setup_teardown_taskflow.py took 0.077 seconds
[2024-07-04T17:44:58.322+0000] {processor.py:161} INFO - Started process (PID=80) to work on /home/airflow/.local/lib/python3.12/site-packages/airflow/example_dags/example_setup_teardown_taskflow.py
[2024-07-04T17:44:58.327+0000] {processor.py:830} INFO - Processing file /home/airflow/.local/lib/python3.12/site-packages/airflow/example_dags/example_setup_teardown_taskflow.py for tasks to queue
[2024-07-04T17:44:58.333+0000] {logging_mixin.py:188} INFO - [2024-07-04T17:44:58.329+0000] {dagbag.py:545} INFO - Filling up the DagBag from /home/airflow/.local/lib/python3.12/site-packages/airflow/example_dags/example_setup_teardown_taskflow.py
[2024-07-04T17:44:58.350+0000] {processor.py:840} INFO - DAG(s) 'example_setup_teardown_taskflow' retrieved from /home/airflow/.local/lib/python3.12/site-packages/airflow/example_dags/example_setup_teardown_taskflow.py
[2024-07-04T17:44:58.556+0000] {logging_mixin.py:188} INFO - [2024-07-04T17:44:58.555+0000] {dag.py:3096} INFO - Sync 1 DAGs
[2024-07-04T17:44:58.590+0000] {logging_mixin.py:188} INFO - [2024-07-04T17:44:58.590+0000] {dag.py:3954} INFO - Setting next_dagrun for example_setup_teardown_taskflow to 2024-07-03 00:00:00+00:00, run_after=2024-07-04 00:00:00+00:00
[2024-07-04T17:44:58.623+0000] {processor.py:183} INFO - Processing /home/airflow/.local/lib/python3.12/site-packages/airflow/example_dags/example_setup_teardown_taskflow.py took 0.310 seconds
[2024-07-04T17:45:29.317+0000] {processor.py:161} INFO - Started process (PID=138) to work on /home/airflow/.local/lib/python3.12/site-packages/airflow/example_dags/example_setup_teardown_taskflow.py
[2024-07-04T17:45:29.318+0000] {processor.py:830} INFO - Processing file /home/airflow/.local/lib/python3.12/site-packages/airflow/example_dags/example_setup_teardown_taskflow.py for tasks to queue
[2024-07-04T17:45:29.319+0000] {logging_mixin.py:188} INFO - [2024-07-04T17:45:29.319+0000] {dagbag.py:545} INFO - Filling up the DagBag from /home/airflow/.local/lib/python3.12/site-packages/airflow/example_dags/example_setup_teardown_taskflow.py
[2024-07-04T17:45:29.327+0000] {processor.py:840} INFO - DAG(s) 'example_setup_teardown_taskflow' retrieved from /home/airflow/.local/lib/python3.12/site-packages/airflow/example_dags/example_setup_teardown_taskflow.py
[2024-07-04T17:45:29.346+0000] {logging_mixin.py:188} INFO - [2024-07-04T17:45:29.346+0000] {dag.py:3096} INFO - Sync 1 DAGs
[2024-07-04T17:45:29.369+0000] {logging_mixin.py:188} INFO - [2024-07-04T17:45:29.369+0000] {dag.py:3954} INFO - Setting next_dagrun for example_setup_teardown_taskflow to 2024-07-03 00:00:00+00:00, run_after=2024-07-04 00:00:00+00:00
[2024-07-04T17:45:29.394+0000] {processor.py:183} INFO - Processing /home/airflow/.local/lib/python3.12/site-packages/airflow/example_dags/example_setup_teardown_taskflow.py took 0.082 seconds
[2024-07-04T17:45:59.493+0000] {processor.py:161} INFO - Started process (PID=196) to work on /home/airflow/.local/lib/python3.12/site-packages/airflow/example_dags/example_setup_teardown_taskflow.py
[2024-07-04T17:45:59.494+0000] {processor.py:830} INFO - Processing file /home/airflow/.local/lib/python3.12/site-packages/airflow/example_dags/example_setup_teardown_taskflow.py for tasks to queue
[2024-07-04T17:45:59.495+0000] {logging_mixin.py:188} INFO - [2024-07-04T17:45:59.495+0000] {dagbag.py:545} INFO - Filling up the DagBag from /home/airflow/.local/lib/python3.12/site-packages/airflow/example_dags/example_setup_teardown_taskflow.py
[2024-07-04T17:45:59.504+0000] {processor.py:840} INFO - DAG(s) 'example_setup_teardown_taskflow' retrieved from /home/airflow/.local/lib/python3.12/site-packages/airflow/example_dags/example_setup_teardown_taskflow.py
[2024-07-04T17:45:59.523+0000] {logging_mixin.py:188} INFO - [2024-07-04T17:45:59.523+0000] {dag.py:3096} INFO - Sync 1 DAGs
[2024-07-04T17:45:59.543+0000] {logging_mixin.py:188} INFO - [2024-07-04T17:45:59.543+0000] {dag.py:3954} INFO - Setting next_dagrun for example_setup_teardown_taskflow to 2024-07-03 00:00:00+00:00, run_after=2024-07-04 00:00:00+00:00
[2024-07-04T17:45:59.565+0000] {processor.py:183} INFO - Processing /home/airflow/.local/lib/python3.12/site-packages/airflow/example_dags/example_setup_teardown_taskflow.py took 0.077 seconds
[2024-07-04T17:46:29.753+0000] {processor.py:161} INFO - Started process (PID=254) to work on /home/airflow/.local/lib/python3.12/site-packages/airflow/example_dags/example_setup_teardown_taskflow.py
[2024-07-04T17:46:29.754+0000] {processor.py:830} INFO - Processing file /home/airflow/.local/lib/python3.12/site-packages/airflow/example_dags/example_setup_teardown_taskflow.py for tasks to queue
[2024-07-04T17:46:29.756+0000] {logging_mixin.py:188} INFO - [2024-07-04T17:46:29.755+0000] {dagbag.py:545} INFO - Filling up the DagBag from /home/airflow/.local/lib/python3.12/site-packages/airflow/example_dags/example_setup_teardown_taskflow.py
[2024-07-04T17:46:29.766+0000] {processor.py:840} INFO - DAG(s) 'example_setup_teardown_taskflow' retrieved from /home/airflow/.local/lib/python3.12/site-packages/airflow/example_dags/example_setup_teardown_taskflow.py
[2024-07-04T17:46:29.790+0000] {logging_mixin.py:188} INFO - [2024-07-04T17:46:29.789+0000] {dag.py:3096} INFO - Sync 1 DAGs
[2024-07-04T17:46:29.813+0000] {logging_mixin.py:188} INFO - [2024-07-04T17:46:29.812+0000] {dag.py:3954} INFO - Setting next_dagrun for example_setup_teardown_taskflow to 2024-07-03 00:00:00+00:00, run_after=2024-07-04 00:00:00+00:00
[2024-07-04T17:46:29.833+0000] {processor.py:183} INFO - Processing /home/airflow/.local/lib/python3.12/site-packages/airflow/example_dags/example_setup_teardown_taskflow.py took 0.087 seconds
[2024-07-04T18:04:00.218+0000] {processor.py:161} INFO - Started process (PID=80) to work on /home/airflow/.local/lib/python3.12/site-packages/airflow/example_dags/example_setup_teardown_taskflow.py
[2024-07-04T18:04:00.219+0000] {processor.py:830} INFO - Processing file /home/airflow/.local/lib/python3.12/site-packages/airflow/example_dags/example_setup_teardown_taskflow.py for tasks to queue
[2024-07-04T18:04:00.224+0000] {logging_mixin.py:188} INFO - [2024-07-04T18:04:00.220+0000] {dagbag.py:545} INFO - Filling up the DagBag from /home/airflow/.local/lib/python3.12/site-packages/airflow/example_dags/example_setup_teardown_taskflow.py
[2024-07-04T18:04:00.240+0000] {processor.py:840} INFO - DAG(s) 'example_setup_teardown_taskflow' retrieved from /home/airflow/.local/lib/python3.12/site-packages/airflow/example_dags/example_setup_teardown_taskflow.py
[2024-07-04T18:04:00.418+0000] {logging_mixin.py:188} INFO - [2024-07-04T18:04:00.418+0000] {dag.py:3096} INFO - Sync 1 DAGs
[2024-07-04T18:04:00.446+0000] {logging_mixin.py:188} INFO - [2024-07-04T18:04:00.446+0000] {dag.py:3954} INFO - Setting next_dagrun for example_setup_teardown_taskflow to 2024-07-03 00:00:00+00:00, run_after=2024-07-04 00:00:00+00:00
[2024-07-04T18:04:00.474+0000] {processor.py:183} INFO - Processing /home/airflow/.local/lib/python3.12/site-packages/airflow/example_dags/example_setup_teardown_taskflow.py took 0.262 seconds
[2024-07-04T18:04:31.071+0000] {processor.py:161} INFO - Started process (PID=137) to work on /home/airflow/.local/lib/python3.12/site-packages/airflow/example_dags/example_setup_teardown_taskflow.py
[2024-07-04T18:04:31.072+0000] {processor.py:830} INFO - Processing file /home/airflow/.local/lib/python3.12/site-packages/airflow/example_dags/example_setup_teardown_taskflow.py for tasks to queue
[2024-07-04T18:04:31.073+0000] {logging_mixin.py:188} INFO - [2024-07-04T18:04:31.073+0000] {dagbag.py:545} INFO - Filling up the DagBag from /home/airflow/.local/lib/python3.12/site-packages/airflow/example_dags/example_setup_teardown_taskflow.py
[2024-07-04T18:04:31.083+0000] {processor.py:840} INFO - DAG(s) 'example_setup_teardown_taskflow' retrieved from /home/airflow/.local/lib/python3.12/site-packages/airflow/example_dags/example_setup_teardown_taskflow.py
[2024-07-04T18:04:31.104+0000] {logging_mixin.py:188} INFO - [2024-07-04T18:04:31.103+0000] {dag.py:3096} INFO - Sync 1 DAGs
[2024-07-04T18:04:31.130+0000] {logging_mixin.py:188} INFO - [2024-07-04T18:04:31.129+0000] {dag.py:3954} INFO - Setting next_dagrun for example_setup_teardown_taskflow to 2024-07-03 00:00:00+00:00, run_after=2024-07-04 00:00:00+00:00
[2024-07-04T18:04:31.149+0000] {processor.py:183} INFO - Processing /home/airflow/.local/lib/python3.12/site-packages/airflow/example_dags/example_setup_teardown_taskflow.py took 0.084 seconds
[2024-07-04T18:05:01.862+0000] {processor.py:161} INFO - Started process (PID=195) to work on /home/airflow/.local/lib/python3.12/site-packages/airflow/example_dags/example_setup_teardown_taskflow.py
[2024-07-04T18:05:01.863+0000] {processor.py:830} INFO - Processing file /home/airflow/.local/lib/python3.12/site-packages/airflow/example_dags/example_setup_teardown_taskflow.py for tasks to queue
[2024-07-04T18:05:01.865+0000] {logging_mixin.py:188} INFO - [2024-07-04T18:05:01.864+0000] {dagbag.py:545} INFO - Filling up the DagBag from /home/airflow/.local/lib/python3.12/site-packages/airflow/example_dags/example_setup_teardown_taskflow.py
[2024-07-04T18:05:01.878+0000] {processor.py:840} INFO - DAG(s) 'example_setup_teardown_taskflow' retrieved from /home/airflow/.local/lib/python3.12/site-packages/airflow/example_dags/example_setup_teardown_taskflow.py
[2024-07-04T18:05:01.911+0000] {logging_mixin.py:188} INFO - [2024-07-04T18:05:01.911+0000] {dag.py:3096} INFO - Sync 1 DAGs
[2024-07-04T18:05:01.943+0000] {logging_mixin.py:188} INFO - [2024-07-04T18:05:01.942+0000] {dag.py:3954} INFO - Setting next_dagrun for example_setup_teardown_taskflow to 2024-07-03 00:00:00+00:00, run_after=2024-07-04 00:00:00+00:00
[2024-07-04T18:05:01.969+0000] {processor.py:183} INFO - Processing /home/airflow/.local/lib/python3.12/site-packages/airflow/example_dags/example_setup_teardown_taskflow.py took 0.114 seconds
[2024-07-04T18:05:32.153+0000] {processor.py:161} INFO - Started process (PID=254) to work on /home/airflow/.local/lib/python3.12/site-packages/airflow/example_dags/example_setup_teardown_taskflow.py
[2024-07-04T18:05:32.153+0000] {processor.py:830} INFO - Processing file /home/airflow/.local/lib/python3.12/site-packages/airflow/example_dags/example_setup_teardown_taskflow.py for tasks to queue
[2024-07-04T18:05:32.155+0000] {logging_mixin.py:188} INFO - [2024-07-04T18:05:32.155+0000] {dagbag.py:545} INFO - Filling up the DagBag from /home/airflow/.local/lib/python3.12/site-packages/airflow/example_dags/example_setup_teardown_taskflow.py
[2024-07-04T18:05:32.166+0000] {processor.py:840} INFO - DAG(s) 'example_setup_teardown_taskflow' retrieved from /home/airflow/.local/lib/python3.12/site-packages/airflow/example_dags/example_setup_teardown_taskflow.py
[2024-07-04T18:05:32.194+0000] {logging_mixin.py:188} INFO - [2024-07-04T18:05:32.194+0000] {dag.py:3096} INFO - Sync 1 DAGs
[2024-07-04T18:05:32.223+0000] {logging_mixin.py:188} INFO - [2024-07-04T18:05:32.223+0000] {dag.py:3954} INFO - Setting next_dagrun for example_setup_teardown_taskflow to 2024-07-03 00:00:00+00:00, run_after=2024-07-04 00:00:00+00:00
[2024-07-04T18:05:32.248+0000] {processor.py:183} INFO - Processing /home/airflow/.local/lib/python3.12/site-packages/airflow/example_dags/example_setup_teardown_taskflow.py took 0.101 seconds
[2024-07-04T18:06:02.665+0000] {processor.py:161} INFO - Started process (PID=313) to work on /home/airflow/.local/lib/python3.12/site-packages/airflow/example_dags/example_setup_teardown_taskflow.py
[2024-07-04T18:06:02.666+0000] {processor.py:830} INFO - Processing file /home/airflow/.local/lib/python3.12/site-packages/airflow/example_dags/example_setup_teardown_taskflow.py for tasks to queue
[2024-07-04T18:06:02.669+0000] {logging_mixin.py:188} INFO - [2024-07-04T18:06:02.668+0000] {dagbag.py:545} INFO - Filling up the DagBag from /home/airflow/.local/lib/python3.12/site-packages/airflow/example_dags/example_setup_teardown_taskflow.py
[2024-07-04T18:06:02.683+0000] {processor.py:840} INFO - DAG(s) 'example_setup_teardown_taskflow' retrieved from /home/airflow/.local/lib/python3.12/site-packages/airflow/example_dags/example_setup_teardown_taskflow.py
[2024-07-04T18:06:02.710+0000] {logging_mixin.py:188} INFO - [2024-07-04T18:06:02.710+0000] {dag.py:3096} INFO - Sync 1 DAGs
[2024-07-04T18:06:02.734+0000] {logging_mixin.py:188} INFO - [2024-07-04T18:06:02.734+0000] {dag.py:3954} INFO - Setting next_dagrun for example_setup_teardown_taskflow to 2024-07-03 00:00:00+00:00, run_after=2024-07-04 00:00:00+00:00
[2024-07-04T18:06:02.759+0000] {processor.py:183} INFO - Processing /home/airflow/.local/lib/python3.12/site-packages/airflow/example_dags/example_setup_teardown_taskflow.py took 0.101 seconds
[2024-07-04T18:06:33.096+0000] {processor.py:161} INFO - Started process (PID=371) to work on /home/airflow/.local/lib/python3.12/site-packages/airflow/example_dags/example_setup_teardown_taskflow.py
[2024-07-04T18:06:33.097+0000] {processor.py:830} INFO - Processing file /home/airflow/.local/lib/python3.12/site-packages/airflow/example_dags/example_setup_teardown_taskflow.py for tasks to queue
[2024-07-04T18:06:33.099+0000] {logging_mixin.py:188} INFO - [2024-07-04T18:06:33.099+0000] {dagbag.py:545} INFO - Filling up the DagBag from /home/airflow/.local/lib/python3.12/site-packages/airflow/example_dags/example_setup_teardown_taskflow.py
[2024-07-04T18:06:33.109+0000] {processor.py:840} INFO - DAG(s) 'example_setup_teardown_taskflow' retrieved from /home/airflow/.local/lib/python3.12/site-packages/airflow/example_dags/example_setup_teardown_taskflow.py
[2024-07-04T18:06:33.133+0000] {logging_mixin.py:188} INFO - [2024-07-04T18:06:33.133+0000] {dag.py:3096} INFO - Sync 1 DAGs
[2024-07-04T18:06:33.157+0000] {logging_mixin.py:188} INFO - [2024-07-04T18:06:33.157+0000] {dag.py:3954} INFO - Setting next_dagrun for example_setup_teardown_taskflow to 2024-07-03 00:00:00+00:00, run_after=2024-07-04 00:00:00+00:00
[2024-07-04T18:06:33.178+0000] {processor.py:183} INFO - Processing /home/airflow/.local/lib/python3.12/site-packages/airflow/example_dags/example_setup_teardown_taskflow.py took 0.088 seconds
[2024-07-04T18:07:03.463+0000] {processor.py:161} INFO - Started process (PID=430) to work on /home/airflow/.local/lib/python3.12/site-packages/airflow/example_dags/example_setup_teardown_taskflow.py
[2024-07-04T18:07:03.464+0000] {processor.py:830} INFO - Processing file /home/airflow/.local/lib/python3.12/site-packages/airflow/example_dags/example_setup_teardown_taskflow.py for tasks to queue
[2024-07-04T18:07:03.465+0000] {logging_mixin.py:188} INFO - [2024-07-04T18:07:03.465+0000] {dagbag.py:545} INFO - Filling up the DagBag from /home/airflow/.local/lib/python3.12/site-packages/airflow/example_dags/example_setup_teardown_taskflow.py
[2024-07-04T18:07:03.473+0000] {processor.py:840} INFO - DAG(s) 'example_setup_teardown_taskflow' retrieved from /home/airflow/.local/lib/python3.12/site-packages/airflow/example_dags/example_setup_teardown_taskflow.py
[2024-07-04T18:07:03.493+0000] {logging_mixin.py:188} INFO - [2024-07-04T18:07:03.493+0000] {dag.py:3096} INFO - Sync 1 DAGs
[2024-07-04T18:07:03.513+0000] {logging_mixin.py:188} INFO - [2024-07-04T18:07:03.513+0000] {dag.py:3954} INFO - Setting next_dagrun for example_setup_teardown_taskflow to 2024-07-03 00:00:00+00:00, run_after=2024-07-04 00:00:00+00:00
[2024-07-04T18:07:03.532+0000] {processor.py:183} INFO - Processing /home/airflow/.local/lib/python3.12/site-packages/airflow/example_dags/example_setup_teardown_taskflow.py took 0.073 seconds
[2024-07-04T18:07:33.863+0000] {processor.py:161} INFO - Started process (PID=487) to work on /home/airflow/.local/lib/python3.12/site-packages/airflow/example_dags/example_setup_teardown_taskflow.py
[2024-07-04T18:07:33.864+0000] {processor.py:830} INFO - Processing file /home/airflow/.local/lib/python3.12/site-packages/airflow/example_dags/example_setup_teardown_taskflow.py for tasks to queue
[2024-07-04T18:07:33.865+0000] {logging_mixin.py:188} INFO - [2024-07-04T18:07:33.865+0000] {dagbag.py:545} INFO - Filling up the DagBag from /home/airflow/.local/lib/python3.12/site-packages/airflow/example_dags/example_setup_teardown_taskflow.py
[2024-07-04T18:07:33.873+0000] {processor.py:840} INFO - DAG(s) 'example_setup_teardown_taskflow' retrieved from /home/airflow/.local/lib/python3.12/site-packages/airflow/example_dags/example_setup_teardown_taskflow.py
[2024-07-04T18:07:33.896+0000] {logging_mixin.py:188} INFO - [2024-07-04T18:07:33.896+0000] {dag.py:3096} INFO - Sync 1 DAGs
[2024-07-04T18:07:33.917+0000] {logging_mixin.py:188} INFO - [2024-07-04T18:07:33.916+0000] {dag.py:3954} INFO - Setting next_dagrun for example_setup_teardown_taskflow to 2024-07-03 00:00:00+00:00, run_after=2024-07-04 00:00:00+00:00
[2024-07-04T18:07:33.936+0000] {processor.py:183} INFO - Processing /home/airflow/.local/lib/python3.12/site-packages/airflow/example_dags/example_setup_teardown_taskflow.py took 0.077 seconds
[2024-07-04T18:08:04.276+0000] {processor.py:161} INFO - Started process (PID=545) to work on /home/airflow/.local/lib/python3.12/site-packages/airflow/example_dags/example_setup_teardown_taskflow.py
[2024-07-04T18:08:04.277+0000] {processor.py:830} INFO - Processing file /home/airflow/.local/lib/python3.12/site-packages/airflow/example_dags/example_setup_teardown_taskflow.py for tasks to queue
[2024-07-04T18:08:04.278+0000] {logging_mixin.py:188} INFO - [2024-07-04T18:08:04.278+0000] {dagbag.py:545} INFO - Filling up the DagBag from /home/airflow/.local/lib/python3.12/site-packages/airflow/example_dags/example_setup_teardown_taskflow.py
[2024-07-04T18:08:04.286+0000] {processor.py:840} INFO - DAG(s) 'example_setup_teardown_taskflow' retrieved from /home/airflow/.local/lib/python3.12/site-packages/airflow/example_dags/example_setup_teardown_taskflow.py
[2024-07-04T18:08:04.305+0000] {logging_mixin.py:188} INFO - [2024-07-04T18:08:04.305+0000] {dag.py:3096} INFO - Sync 1 DAGs
[2024-07-04T18:08:04.325+0000] {logging_mixin.py:188} INFO - [2024-07-04T18:08:04.325+0000] {dag.py:3954} INFO - Setting next_dagrun for example_setup_teardown_taskflow to 2024-07-03 00:00:00+00:00, run_after=2024-07-04 00:00:00+00:00
[2024-07-04T18:08:04.349+0000] {processor.py:183} INFO - Processing /home/airflow/.local/lib/python3.12/site-packages/airflow/example_dags/example_setup_teardown_taskflow.py took 0.077 seconds
[2024-07-04T18:08:34.919+0000] {processor.py:161} INFO - Started process (PID=603) to work on /home/airflow/.local/lib/python3.12/site-packages/airflow/example_dags/example_setup_teardown_taskflow.py
[2024-07-04T18:08:34.920+0000] {processor.py:830} INFO - Processing file /home/airflow/.local/lib/python3.12/site-packages/airflow/example_dags/example_setup_teardown_taskflow.py for tasks to queue
[2024-07-04T18:08:34.921+0000] {logging_mixin.py:188} INFO - [2024-07-04T18:08:34.921+0000] {dagbag.py:545} INFO - Filling up the DagBag from /home/airflow/.local/lib/python3.12/site-packages/airflow/example_dags/example_setup_teardown_taskflow.py
[2024-07-04T18:08:34.929+0000] {processor.py:840} INFO - DAG(s) 'example_setup_teardown_taskflow' retrieved from /home/airflow/.local/lib/python3.12/site-packages/airflow/example_dags/example_setup_teardown_taskflow.py
[2024-07-04T18:08:34.949+0000] {logging_mixin.py:188} INFO - [2024-07-04T18:08:34.948+0000] {dag.py:3096} INFO - Sync 1 DAGs
[2024-07-04T18:08:34.969+0000] {logging_mixin.py:188} INFO - [2024-07-04T18:08:34.969+0000] {dag.py:3954} INFO - Setting next_dagrun for example_setup_teardown_taskflow to 2024-07-03 00:00:00+00:00, run_after=2024-07-04 00:00:00+00:00
[2024-07-04T18:08:34.988+0000] {processor.py:183} INFO - Processing /home/airflow/.local/lib/python3.12/site-packages/airflow/example_dags/example_setup_teardown_taskflow.py took 0.074 seconds
[2024-07-04T18:09:05.626+0000] {processor.py:161} INFO - Started process (PID=660) to work on /home/airflow/.local/lib/python3.12/site-packages/airflow/example_dags/example_setup_teardown_taskflow.py
[2024-07-04T18:09:05.626+0000] {processor.py:830} INFO - Processing file /home/airflow/.local/lib/python3.12/site-packages/airflow/example_dags/example_setup_teardown_taskflow.py for tasks to queue
[2024-07-04T18:09:05.628+0000] {logging_mixin.py:188} INFO - [2024-07-04T18:09:05.627+0000] {dagbag.py:545} INFO - Filling up the DagBag from /home/airflow/.local/lib/python3.12/site-packages/airflow/example_dags/example_setup_teardown_taskflow.py
[2024-07-04T18:09:05.636+0000] {processor.py:840} INFO - DAG(s) 'example_setup_teardown_taskflow' retrieved from /home/airflow/.local/lib/python3.12/site-packages/airflow/example_dags/example_setup_teardown_taskflow.py
[2024-07-04T18:09:05.655+0000] {logging_mixin.py:188} INFO - [2024-07-04T18:09:05.655+0000] {dag.py:3096} INFO - Sync 1 DAGs
[2024-07-04T18:09:05.676+0000] {logging_mixin.py:188} INFO - [2024-07-04T18:09:05.676+0000] {dag.py:3954} INFO - Setting next_dagrun for example_setup_teardown_taskflow to 2024-07-03 00:00:00+00:00, run_after=2024-07-04 00:00:00+00:00
[2024-07-04T18:09:05.695+0000] {processor.py:183} INFO - Processing /home/airflow/.local/lib/python3.12/site-packages/airflow/example_dags/example_setup_teardown_taskflow.py took 0.074 seconds
[2024-07-04T18:09:35.972+0000] {processor.py:161} INFO - Started process (PID=718) to work on /home/airflow/.local/lib/python3.12/site-packages/airflow/example_dags/example_setup_teardown_taskflow.py
[2024-07-04T18:09:35.973+0000] {processor.py:830} INFO - Processing file /home/airflow/.local/lib/python3.12/site-packages/airflow/example_dags/example_setup_teardown_taskflow.py for tasks to queue
[2024-07-04T18:09:35.974+0000] {logging_mixin.py:188} INFO - [2024-07-04T18:09:35.974+0000] {dagbag.py:545} INFO - Filling up the DagBag from /home/airflow/.local/lib/python3.12/site-packages/airflow/example_dags/example_setup_teardown_taskflow.py
[2024-07-04T18:09:35.984+0000] {processor.py:840} INFO - DAG(s) 'example_setup_teardown_taskflow' retrieved from /home/airflow/.local/lib/python3.12/site-packages/airflow/example_dags/example_setup_teardown_taskflow.py
[2024-07-04T18:09:36.005+0000] {logging_mixin.py:188} INFO - [2024-07-04T18:09:36.005+0000] {dag.py:3096} INFO - Sync 1 DAGs
[2024-07-04T18:09:36.026+0000] {logging_mixin.py:188} INFO - [2024-07-04T18:09:36.026+0000] {dag.py:3954} INFO - Setting next_dagrun for example_setup_teardown_taskflow to 2024-07-03 00:00:00+00:00, run_after=2024-07-04 00:00:00+00:00
[2024-07-04T18:09:36.047+0000] {processor.py:183} INFO - Processing /home/airflow/.local/lib/python3.12/site-packages/airflow/example_dags/example_setup_teardown_taskflow.py took 0.080 seconds
[2024-07-04T18:10:06.130+0000] {processor.py:161} INFO - Started process (PID=776) to work on /home/airflow/.local/lib/python3.12/site-packages/airflow/example_dags/example_setup_teardown_taskflow.py
[2024-07-04T18:10:06.131+0000] {processor.py:830} INFO - Processing file /home/airflow/.local/lib/python3.12/site-packages/airflow/example_dags/example_setup_teardown_taskflow.py for tasks to queue
[2024-07-04T18:10:06.132+0000] {logging_mixin.py:188} INFO - [2024-07-04T18:10:06.132+0000] {dagbag.py:545} INFO - Filling up the DagBag from /home/airflow/.local/lib/python3.12/site-packages/airflow/example_dags/example_setup_teardown_taskflow.py
[2024-07-04T18:10:06.140+0000] {processor.py:840} INFO - DAG(s) 'example_setup_teardown_taskflow' retrieved from /home/airflow/.local/lib/python3.12/site-packages/airflow/example_dags/example_setup_teardown_taskflow.py
[2024-07-04T18:10:06.163+0000] {logging_mixin.py:188} INFO - [2024-07-04T18:10:06.163+0000] {dag.py:3096} INFO - Sync 1 DAGs
[2024-07-04T18:10:06.184+0000] {logging_mixin.py:188} INFO - [2024-07-04T18:10:06.184+0000] {dag.py:3954} INFO - Setting next_dagrun for example_setup_teardown_taskflow to 2024-07-03 00:00:00+00:00, run_after=2024-07-04 00:00:00+00:00
[2024-07-04T18:10:06.206+0000] {processor.py:183} INFO - Processing /home/airflow/.local/lib/python3.12/site-packages/airflow/example_dags/example_setup_teardown_taskflow.py took 0.080 seconds
