[2024-07-04T17:38:49.860+0000] {processor.py:161} INFO - Started process (PID=83) to work on /home/airflow/.local/lib/python3.12/site-packages/airflow/example_dags/example_skip_dag.py
[2024-07-04T17:38:49.861+0000] {processor.py:830} INFO - Processing file /home/airflow/.local/lib/python3.12/site-packages/airflow/example_dags/example_skip_dag.py for tasks to queue
[2024-07-04T17:38:49.862+0000] {logging_mixin.py:188} INFO - [2024-07-04T17:38:49.862+0000] {dagbag.py:545} INFO - Filling up the DagBag from /home/airflow/.local/lib/python3.12/site-packages/airflow/example_dags/example_skip_dag.py
[2024-07-04T17:38:49.868+0000] {processor.py:840} INFO - DAG(s) 'example_skip_dag' retrieved from /home/airflow/.local/lib/python3.12/site-packages/airflow/example_dags/example_skip_dag.py
[2024-07-04T17:38:49.991+0000] {logging_mixin.py:188} INFO - [2024-07-04T17:38:49.990+0000] {override.py:1829} INFO - Created Permission View: can read on DAG:example_skip_dag
[2024-07-04T17:38:50.005+0000] {logging_mixin.py:188} INFO - [2024-07-04T17:38:50.005+0000] {override.py:1829} INFO - Created Permission View: can edit on DAG:example_skip_dag
[2024-07-04T17:38:50.016+0000] {logging_mixin.py:188} INFO - [2024-07-04T17:38:50.016+0000] {override.py:1829} INFO - Created Permission View: can delete on DAG:example_skip_dag
[2024-07-04T17:38:50.016+0000] {logging_mixin.py:188} INFO - [2024-07-04T17:38:50.016+0000] {dag.py:3096} INFO - Sync 1 DAGs
[2024-07-04T17:38:50.027+0000] {logging_mixin.py:188} INFO - [2024-07-04T17:38:50.027+0000] {dag.py:3118} INFO - Creating ORM DAG for example_skip_dag
[2024-07-04T17:38:50.037+0000] {logging_mixin.py:188} INFO - [2024-07-04T17:38:50.037+0000] {dag.py:3954} INFO - Setting next_dagrun for example_skip_dag to 2024-07-03 00:00:00+00:00, run_after=2024-07-04 00:00:00+00:00
[2024-07-04T17:38:50.054+0000] {processor.py:183} INFO - Processing /home/airflow/.local/lib/python3.12/site-packages/airflow/example_dags/example_skip_dag.py took 0.200 seconds
[2024-07-04T17:39:20.493+0000] {processor.py:161} INFO - Started process (PID=141) to work on /home/airflow/.local/lib/python3.12/site-packages/airflow/example_dags/example_skip_dag.py
[2024-07-04T17:39:20.494+0000] {processor.py:830} INFO - Processing file /home/airflow/.local/lib/python3.12/site-packages/airflow/example_dags/example_skip_dag.py for tasks to queue
[2024-07-04T17:39:20.495+0000] {logging_mixin.py:188} INFO - [2024-07-04T17:39:20.495+0000] {dagbag.py:545} INFO - Filling up the DagBag from /home/airflow/.local/lib/python3.12/site-packages/airflow/example_dags/example_skip_dag.py
[2024-07-04T17:39:20.500+0000] {processor.py:840} INFO - DAG(s) 'example_skip_dag' retrieved from /home/airflow/.local/lib/python3.12/site-packages/airflow/example_dags/example_skip_dag.py
[2024-07-04T17:39:20.520+0000] {logging_mixin.py:188} INFO - [2024-07-04T17:39:20.519+0000] {dag.py:3096} INFO - Sync 1 DAGs
[2024-07-04T17:39:20.541+0000] {logging_mixin.py:188} INFO - [2024-07-04T17:39:20.541+0000] {dag.py:3954} INFO - Setting next_dagrun for example_skip_dag to 2024-07-03 00:00:00+00:00, run_after=2024-07-04 00:00:00+00:00
[2024-07-04T17:39:20.565+0000] {processor.py:183} INFO - Processing /home/airflow/.local/lib/python3.12/site-packages/airflow/example_dags/example_skip_dag.py took 0.077 seconds
[2024-07-04T17:44:58.655+0000] {processor.py:161} INFO - Started process (PID=82) to work on /home/airflow/.local/lib/python3.12/site-packages/airflow/example_dags/example_skip_dag.py
[2024-07-04T17:44:58.656+0000] {processor.py:830} INFO - Processing file /home/airflow/.local/lib/python3.12/site-packages/airflow/example_dags/example_skip_dag.py for tasks to queue
[2024-07-04T17:44:58.659+0000] {logging_mixin.py:188} INFO - [2024-07-04T17:44:58.658+0000] {dagbag.py:545} INFO - Filling up the DagBag from /home/airflow/.local/lib/python3.12/site-packages/airflow/example_dags/example_skip_dag.py
[2024-07-04T17:44:58.668+0000] {processor.py:840} INFO - DAG(s) 'example_skip_dag' retrieved from /home/airflow/.local/lib/python3.12/site-packages/airflow/example_dags/example_skip_dag.py
[2024-07-04T17:44:58.812+0000] {logging_mixin.py:188} INFO - [2024-07-04T17:44:58.811+0000] {dag.py:3096} INFO - Sync 1 DAGs
[2024-07-04T17:44:58.837+0000] {logging_mixin.py:188} INFO - [2024-07-04T17:44:58.837+0000] {dag.py:3954} INFO - Setting next_dagrun for example_skip_dag to 2024-07-03 00:00:00+00:00, run_after=2024-07-04 00:00:00+00:00
[2024-07-04T17:44:58.867+0000] {processor.py:183} INFO - Processing /home/airflow/.local/lib/python3.12/site-packages/airflow/example_dags/example_skip_dag.py took 0.223 seconds
[2024-07-04T17:45:29.416+0000] {processor.py:161} INFO - Started process (PID=140) to work on /home/airflow/.local/lib/python3.12/site-packages/airflow/example_dags/example_skip_dag.py
[2024-07-04T17:45:29.416+0000] {processor.py:830} INFO - Processing file /home/airflow/.local/lib/python3.12/site-packages/airflow/example_dags/example_skip_dag.py for tasks to queue
[2024-07-04T17:45:29.418+0000] {logging_mixin.py:188} INFO - [2024-07-04T17:45:29.418+0000] {dagbag.py:545} INFO - Filling up the DagBag from /home/airflow/.local/lib/python3.12/site-packages/airflow/example_dags/example_skip_dag.py
[2024-07-04T17:45:29.424+0000] {processor.py:840} INFO - DAG(s) 'example_skip_dag' retrieved from /home/airflow/.local/lib/python3.12/site-packages/airflow/example_dags/example_skip_dag.py
[2024-07-04T17:45:29.449+0000] {logging_mixin.py:188} INFO - [2024-07-04T17:45:29.448+0000] {dag.py:3096} INFO - Sync 1 DAGs
[2024-07-04T17:45:29.478+0000] {logging_mixin.py:188} INFO - [2024-07-04T17:45:29.478+0000] {dag.py:3954} INFO - Setting next_dagrun for example_skip_dag to 2024-07-03 00:00:00+00:00, run_after=2024-07-04 00:00:00+00:00
[2024-07-04T17:45:29.497+0000] {processor.py:183} INFO - Processing /home/airflow/.local/lib/python3.12/site-packages/airflow/example_dags/example_skip_dag.py took 0.087 seconds
[2024-07-04T17:45:59.585+0000] {processor.py:161} INFO - Started process (PID=198) to work on /home/airflow/.local/lib/python3.12/site-packages/airflow/example_dags/example_skip_dag.py
[2024-07-04T17:45:59.585+0000] {processor.py:830} INFO - Processing file /home/airflow/.local/lib/python3.12/site-packages/airflow/example_dags/example_skip_dag.py for tasks to queue
[2024-07-04T17:45:59.587+0000] {logging_mixin.py:188} INFO - [2024-07-04T17:45:59.586+0000] {dagbag.py:545} INFO - Filling up the DagBag from /home/airflow/.local/lib/python3.12/site-packages/airflow/example_dags/example_skip_dag.py
[2024-07-04T17:45:59.592+0000] {processor.py:840} INFO - DAG(s) 'example_skip_dag' retrieved from /home/airflow/.local/lib/python3.12/site-packages/airflow/example_dags/example_skip_dag.py
[2024-07-04T17:45:59.610+0000] {logging_mixin.py:188} INFO - [2024-07-04T17:45:59.609+0000] {dag.py:3096} INFO - Sync 1 DAGs
[2024-07-04T17:45:59.633+0000] {logging_mixin.py:188} INFO - [2024-07-04T17:45:59.632+0000] {dag.py:3954} INFO - Setting next_dagrun for example_skip_dag to 2024-07-03 00:00:00+00:00, run_after=2024-07-04 00:00:00+00:00
[2024-07-04T17:45:59.651+0000] {processor.py:183} INFO - Processing /home/airflow/.local/lib/python3.12/site-packages/airflow/example_dags/example_skip_dag.py took 0.071 seconds
[2024-07-04T17:46:29.943+0000] {processor.py:161} INFO - Started process (PID=256) to work on /home/airflow/.local/lib/python3.12/site-packages/airflow/example_dags/example_skip_dag.py
[2024-07-04T17:46:29.944+0000] {processor.py:830} INFO - Processing file /home/airflow/.local/lib/python3.12/site-packages/airflow/example_dags/example_skip_dag.py for tasks to queue
[2024-07-04T17:46:29.945+0000] {logging_mixin.py:188} INFO - [2024-07-04T17:46:29.945+0000] {dagbag.py:545} INFO - Filling up the DagBag from /home/airflow/.local/lib/python3.12/site-packages/airflow/example_dags/example_skip_dag.py
[2024-07-04T17:46:29.952+0000] {processor.py:840} INFO - DAG(s) 'example_skip_dag' retrieved from /home/airflow/.local/lib/python3.12/site-packages/airflow/example_dags/example_skip_dag.py
[2024-07-04T17:46:29.981+0000] {logging_mixin.py:188} INFO - [2024-07-04T17:46:29.980+0000] {dag.py:3096} INFO - Sync 1 DAGs
[2024-07-04T17:46:30.009+0000] {logging_mixin.py:188} INFO - [2024-07-04T17:46:30.009+0000] {dag.py:3954} INFO - Setting next_dagrun for example_skip_dag to 2024-07-03 00:00:00+00:00, run_after=2024-07-04 00:00:00+00:00
[2024-07-04T17:46:30.029+0000] {processor.py:183} INFO - Processing /home/airflow/.local/lib/python3.12/site-packages/airflow/example_dags/example_skip_dag.py took 0.093 seconds
[2024-07-04T18:04:00.508+0000] {processor.py:161} INFO - Started process (PID=82) to work on /home/airflow/.local/lib/python3.12/site-packages/airflow/example_dags/example_skip_dag.py
[2024-07-04T18:04:00.508+0000] {processor.py:830} INFO - Processing file /home/airflow/.local/lib/python3.12/site-packages/airflow/example_dags/example_skip_dag.py for tasks to queue
[2024-07-04T18:04:00.510+0000] {logging_mixin.py:188} INFO - [2024-07-04T18:04:00.510+0000] {dagbag.py:545} INFO - Filling up the DagBag from /home/airflow/.local/lib/python3.12/site-packages/airflow/example_dags/example_skip_dag.py
[2024-07-04T18:04:00.518+0000] {processor.py:840} INFO - DAG(s) 'example_skip_dag' retrieved from /home/airflow/.local/lib/python3.12/site-packages/airflow/example_dags/example_skip_dag.py
[2024-07-04T18:04:00.671+0000] {logging_mixin.py:188} INFO - [2024-07-04T18:04:00.671+0000] {dag.py:3096} INFO - Sync 1 DAGs
[2024-07-04T18:04:00.696+0000] {logging_mixin.py:188} INFO - [2024-07-04T18:04:00.695+0000] {dag.py:3954} INFO - Setting next_dagrun for example_skip_dag to 2024-07-03 00:00:00+00:00, run_after=2024-07-04 00:00:00+00:00
[2024-07-04T18:04:00.722+0000] {processor.py:183} INFO - Processing /home/airflow/.local/lib/python3.12/site-packages/airflow/example_dags/example_skip_dag.py took 0.224 seconds
[2024-07-04T18:04:31.173+0000] {processor.py:161} INFO - Started process (PID=139) to work on /home/airflow/.local/lib/python3.12/site-packages/airflow/example_dags/example_skip_dag.py
[2024-07-04T18:04:31.174+0000] {processor.py:830} INFO - Processing file /home/airflow/.local/lib/python3.12/site-packages/airflow/example_dags/example_skip_dag.py for tasks to queue
[2024-07-04T18:04:31.176+0000] {logging_mixin.py:188} INFO - [2024-07-04T18:04:31.176+0000] {dagbag.py:545} INFO - Filling up the DagBag from /home/airflow/.local/lib/python3.12/site-packages/airflow/example_dags/example_skip_dag.py
[2024-07-04T18:04:31.182+0000] {processor.py:840} INFO - DAG(s) 'example_skip_dag' retrieved from /home/airflow/.local/lib/python3.12/site-packages/airflow/example_dags/example_skip_dag.py
[2024-07-04T18:04:31.203+0000] {logging_mixin.py:188} INFO - [2024-07-04T18:04:31.203+0000] {dag.py:3096} INFO - Sync 1 DAGs
[2024-07-04T18:04:31.229+0000] {logging_mixin.py:188} INFO - [2024-07-04T18:04:31.228+0000] {dag.py:3954} INFO - Setting next_dagrun for example_skip_dag to 2024-07-03 00:00:00+00:00, run_after=2024-07-04 00:00:00+00:00
[2024-07-04T18:04:31.250+0000] {processor.py:183} INFO - Processing /home/airflow/.local/lib/python3.12/site-packages/airflow/example_dags/example_skip_dag.py took 0.082 seconds
[2024-07-04T18:05:01.996+0000] {processor.py:161} INFO - Started process (PID=197) to work on /home/airflow/.local/lib/python3.12/site-packages/airflow/example_dags/example_skip_dag.py
[2024-07-04T18:05:01.997+0000] {processor.py:830} INFO - Processing file /home/airflow/.local/lib/python3.12/site-packages/airflow/example_dags/example_skip_dag.py for tasks to queue
[2024-07-04T18:05:01.999+0000] {logging_mixin.py:188} INFO - [2024-07-04T18:05:01.998+0000] {dagbag.py:545} INFO - Filling up the DagBag from /home/airflow/.local/lib/python3.12/site-packages/airflow/example_dags/example_skip_dag.py
[2024-07-04T18:05:02.007+0000] {processor.py:840} INFO - DAG(s) 'example_skip_dag' retrieved from /home/airflow/.local/lib/python3.12/site-packages/airflow/example_dags/example_skip_dag.py
[2024-07-04T18:05:02.036+0000] {logging_mixin.py:188} INFO - [2024-07-04T18:05:02.036+0000] {dag.py:3096} INFO - Sync 1 DAGs
[2024-07-04T18:05:02.068+0000] {logging_mixin.py:188} INFO - [2024-07-04T18:05:02.068+0000] {dag.py:3954} INFO - Setting next_dagrun for example_skip_dag to 2024-07-03 00:00:00+00:00, run_after=2024-07-04 00:00:00+00:00
[2024-07-04T18:05:02.095+0000] {processor.py:183} INFO - Processing /home/airflow/.local/lib/python3.12/site-packages/airflow/example_dags/example_skip_dag.py took 0.106 seconds
[2024-07-04T18:05:32.278+0000] {processor.py:161} INFO - Started process (PID=256) to work on /home/airflow/.local/lib/python3.12/site-packages/airflow/example_dags/example_skip_dag.py
[2024-07-04T18:05:32.279+0000] {processor.py:830} INFO - Processing file /home/airflow/.local/lib/python3.12/site-packages/airflow/example_dags/example_skip_dag.py for tasks to queue
[2024-07-04T18:05:32.281+0000] {logging_mixin.py:188} INFO - [2024-07-04T18:05:32.281+0000] {dagbag.py:545} INFO - Filling up the DagBag from /home/airflow/.local/lib/python3.12/site-packages/airflow/example_dags/example_skip_dag.py
[2024-07-04T18:05:32.289+0000] {processor.py:840} INFO - DAG(s) 'example_skip_dag' retrieved from /home/airflow/.local/lib/python3.12/site-packages/airflow/example_dags/example_skip_dag.py
[2024-07-04T18:05:32.309+0000] {logging_mixin.py:188} INFO - [2024-07-04T18:05:32.309+0000] {dag.py:3096} INFO - Sync 1 DAGs
[2024-07-04T18:05:32.331+0000] {logging_mixin.py:188} INFO - [2024-07-04T18:05:32.330+0000] {dag.py:3954} INFO - Setting next_dagrun for example_skip_dag to 2024-07-03 00:00:00+00:00, run_after=2024-07-04 00:00:00+00:00
[2024-07-04T18:05:32.351+0000] {processor.py:183} INFO - Processing /home/airflow/.local/lib/python3.12/site-packages/airflow/example_dags/example_skip_dag.py took 0.080 seconds
[2024-07-04T18:06:02.781+0000] {processor.py:161} INFO - Started process (PID=315) to work on /home/airflow/.local/lib/python3.12/site-packages/airflow/example_dags/example_skip_dag.py
[2024-07-04T18:06:02.781+0000] {processor.py:830} INFO - Processing file /home/airflow/.local/lib/python3.12/site-packages/airflow/example_dags/example_skip_dag.py for tasks to queue
[2024-07-04T18:06:02.783+0000] {logging_mixin.py:188} INFO - [2024-07-04T18:06:02.782+0000] {dagbag.py:545} INFO - Filling up the DagBag from /home/airflow/.local/lib/python3.12/site-packages/airflow/example_dags/example_skip_dag.py
[2024-07-04T18:06:02.789+0000] {processor.py:840} INFO - DAG(s) 'example_skip_dag' retrieved from /home/airflow/.local/lib/python3.12/site-packages/airflow/example_dags/example_skip_dag.py
[2024-07-04T18:06:02.809+0000] {logging_mixin.py:188} INFO - [2024-07-04T18:06:02.809+0000] {dag.py:3096} INFO - Sync 1 DAGs
[2024-07-04T18:06:02.835+0000] {logging_mixin.py:188} INFO - [2024-07-04T18:06:02.834+0000] {dag.py:3954} INFO - Setting next_dagrun for example_skip_dag to 2024-07-03 00:00:00+00:00, run_after=2024-07-04 00:00:00+00:00
[2024-07-04T18:06:02.855+0000] {processor.py:183} INFO - Processing /home/airflow/.local/lib/python3.12/site-packages/airflow/example_dags/example_skip_dag.py took 0.079 seconds
[2024-07-04T18:06:33.201+0000] {processor.py:161} INFO - Started process (PID=373) to work on /home/airflow/.local/lib/python3.12/site-packages/airflow/example_dags/example_skip_dag.py
[2024-07-04T18:06:33.202+0000] {processor.py:830} INFO - Processing file /home/airflow/.local/lib/python3.12/site-packages/airflow/example_dags/example_skip_dag.py for tasks to queue
[2024-07-04T18:06:33.204+0000] {logging_mixin.py:188} INFO - [2024-07-04T18:06:33.203+0000] {dagbag.py:545} INFO - Filling up the DagBag from /home/airflow/.local/lib/python3.12/site-packages/airflow/example_dags/example_skip_dag.py
[2024-07-04T18:06:33.210+0000] {processor.py:840} INFO - DAG(s) 'example_skip_dag' retrieved from /home/airflow/.local/lib/python3.12/site-packages/airflow/example_dags/example_skip_dag.py
[2024-07-04T18:06:33.231+0000] {logging_mixin.py:188} INFO - [2024-07-04T18:06:33.231+0000] {dag.py:3096} INFO - Sync 1 DAGs
[2024-07-04T18:06:33.256+0000] {logging_mixin.py:188} INFO - [2024-07-04T18:06:33.256+0000] {dag.py:3954} INFO - Setting next_dagrun for example_skip_dag to 2024-07-03 00:00:00+00:00, run_after=2024-07-04 00:00:00+00:00
[2024-07-04T18:06:33.278+0000] {processor.py:183} INFO - Processing /home/airflow/.local/lib/python3.12/site-packages/airflow/example_dags/example_skip_dag.py took 0.084 seconds
[2024-07-04T18:07:03.551+0000] {processor.py:161} INFO - Started process (PID=432) to work on /home/airflow/.local/lib/python3.12/site-packages/airflow/example_dags/example_skip_dag.py
[2024-07-04T18:07:03.552+0000] {processor.py:830} INFO - Processing file /home/airflow/.local/lib/python3.12/site-packages/airflow/example_dags/example_skip_dag.py for tasks to queue
[2024-07-04T18:07:03.554+0000] {logging_mixin.py:188} INFO - [2024-07-04T18:07:03.553+0000] {dagbag.py:545} INFO - Filling up the DagBag from /home/airflow/.local/lib/python3.12/site-packages/airflow/example_dags/example_skip_dag.py
[2024-07-04T18:07:03.559+0000] {processor.py:840} INFO - DAG(s) 'example_skip_dag' retrieved from /home/airflow/.local/lib/python3.12/site-packages/airflow/example_dags/example_skip_dag.py
[2024-07-04T18:07:03.578+0000] {logging_mixin.py:188} INFO - [2024-07-04T18:07:03.578+0000] {dag.py:3096} INFO - Sync 1 DAGs
[2024-07-04T18:07:03.598+0000] {logging_mixin.py:188} INFO - [2024-07-04T18:07:03.597+0000] {dag.py:3954} INFO - Setting next_dagrun for example_skip_dag to 2024-07-03 00:00:00+00:00, run_after=2024-07-04 00:00:00+00:00
[2024-07-04T18:07:03.616+0000] {processor.py:183} INFO - Processing /home/airflow/.local/lib/python3.12/site-packages/airflow/example_dags/example_skip_dag.py took 0.070 seconds
[2024-07-04T18:07:33.954+0000] {processor.py:161} INFO - Started process (PID=489) to work on /home/airflow/.local/lib/python3.12/site-packages/airflow/example_dags/example_skip_dag.py
[2024-07-04T18:07:33.955+0000] {processor.py:830} INFO - Processing file /home/airflow/.local/lib/python3.12/site-packages/airflow/example_dags/example_skip_dag.py for tasks to queue
[2024-07-04T18:07:33.956+0000] {logging_mixin.py:188} INFO - [2024-07-04T18:07:33.956+0000] {dagbag.py:545} INFO - Filling up the DagBag from /home/airflow/.local/lib/python3.12/site-packages/airflow/example_dags/example_skip_dag.py
[2024-07-04T18:07:33.962+0000] {processor.py:840} INFO - DAG(s) 'example_skip_dag' retrieved from /home/airflow/.local/lib/python3.12/site-packages/airflow/example_dags/example_skip_dag.py
[2024-07-04T18:07:33.983+0000] {logging_mixin.py:188} INFO - [2024-07-04T18:07:33.982+0000] {dag.py:3096} INFO - Sync 1 DAGs
[2024-07-04T18:07:34.003+0000] {logging_mixin.py:188} INFO - [2024-07-04T18:07:34.002+0000] {dag.py:3954} INFO - Setting next_dagrun for example_skip_dag to 2024-07-03 00:00:00+00:00, run_after=2024-07-04 00:00:00+00:00
[2024-07-04T18:07:34.022+0000] {processor.py:183} INFO - Processing /home/airflow/.local/lib/python3.12/site-packages/airflow/example_dags/example_skip_dag.py took 0.072 seconds
[2024-07-04T18:08:04.385+0000] {processor.py:161} INFO - Started process (PID=547) to work on /home/airflow/.local/lib/python3.12/site-packages/airflow/example_dags/example_skip_dag.py
[2024-07-04T18:08:04.385+0000] {processor.py:830} INFO - Processing file /home/airflow/.local/lib/python3.12/site-packages/airflow/example_dags/example_skip_dag.py for tasks to queue
[2024-07-04T18:08:04.387+0000] {logging_mixin.py:188} INFO - [2024-07-04T18:08:04.387+0000] {dagbag.py:545} INFO - Filling up the DagBag from /home/airflow/.local/lib/python3.12/site-packages/airflow/example_dags/example_skip_dag.py
[2024-07-04T18:08:04.394+0000] {processor.py:840} INFO - DAG(s) 'example_skip_dag' retrieved from /home/airflow/.local/lib/python3.12/site-packages/airflow/example_dags/example_skip_dag.py
[2024-07-04T18:08:04.422+0000] {logging_mixin.py:188} INFO - [2024-07-04T18:08:04.422+0000] {dag.py:3096} INFO - Sync 1 DAGs
[2024-07-04T18:08:04.444+0000] {logging_mixin.py:188} INFO - [2024-07-04T18:08:04.444+0000] {dag.py:3954} INFO - Setting next_dagrun for example_skip_dag to 2024-07-03 00:00:00+00:00, run_after=2024-07-04 00:00:00+00:00
[2024-07-04T18:08:04.464+0000] {processor.py:183} INFO - Processing /home/airflow/.local/lib/python3.12/site-packages/airflow/example_dags/example_skip_dag.py took 0.086 seconds
[2024-07-04T18:08:35.007+0000] {processor.py:161} INFO - Started process (PID=605) to work on /home/airflow/.local/lib/python3.12/site-packages/airflow/example_dags/example_skip_dag.py
[2024-07-04T18:08:35.007+0000] {processor.py:830} INFO - Processing file /home/airflow/.local/lib/python3.12/site-packages/airflow/example_dags/example_skip_dag.py for tasks to queue
[2024-07-04T18:08:35.009+0000] {logging_mixin.py:188} INFO - [2024-07-04T18:08:35.009+0000] {dagbag.py:545} INFO - Filling up the DagBag from /home/airflow/.local/lib/python3.12/site-packages/airflow/example_dags/example_skip_dag.py
[2024-07-04T18:08:35.015+0000] {processor.py:840} INFO - DAG(s) 'example_skip_dag' retrieved from /home/airflow/.local/lib/python3.12/site-packages/airflow/example_dags/example_skip_dag.py
[2024-07-04T18:08:35.034+0000] {logging_mixin.py:188} INFO - [2024-07-04T18:08:35.034+0000] {dag.py:3096} INFO - Sync 1 DAGs
[2024-07-04T18:08:35.055+0000] {logging_mixin.py:188} INFO - [2024-07-04T18:08:35.055+0000] {dag.py:3954} INFO - Setting next_dagrun for example_skip_dag to 2024-07-03 00:00:00+00:00, run_after=2024-07-04 00:00:00+00:00
[2024-07-04T18:08:35.078+0000] {processor.py:183} INFO - Processing /home/airflow/.local/lib/python3.12/site-packages/airflow/example_dags/example_skip_dag.py took 0.076 seconds
[2024-07-04T18:09:05.714+0000] {processor.py:161} INFO - Started process (PID=662) to work on /home/airflow/.local/lib/python3.12/site-packages/airflow/example_dags/example_skip_dag.py
[2024-07-04T18:09:05.714+0000] {processor.py:830} INFO - Processing file /home/airflow/.local/lib/python3.12/site-packages/airflow/example_dags/example_skip_dag.py for tasks to queue
[2024-07-04T18:09:05.716+0000] {logging_mixin.py:188} INFO - [2024-07-04T18:09:05.716+0000] {dagbag.py:545} INFO - Filling up the DagBag from /home/airflow/.local/lib/python3.12/site-packages/airflow/example_dags/example_skip_dag.py
[2024-07-04T18:09:05.721+0000] {processor.py:840} INFO - DAG(s) 'example_skip_dag' retrieved from /home/airflow/.local/lib/python3.12/site-packages/airflow/example_dags/example_skip_dag.py
[2024-07-04T18:09:05.740+0000] {logging_mixin.py:188} INFO - [2024-07-04T18:09:05.740+0000] {dag.py:3096} INFO - Sync 1 DAGs
[2024-07-04T18:09:05.763+0000] {logging_mixin.py:188} INFO - [2024-07-04T18:09:05.762+0000] {dag.py:3954} INFO - Setting next_dagrun for example_skip_dag to 2024-07-03 00:00:00+00:00, run_after=2024-07-04 00:00:00+00:00
[2024-07-04T18:09:05.786+0000] {processor.py:183} INFO - Processing /home/airflow/.local/lib/python3.12/site-packages/airflow/example_dags/example_skip_dag.py took 0.077 seconds
[2024-07-04T18:09:36.066+0000] {processor.py:161} INFO - Started process (PID=720) to work on /home/airflow/.local/lib/python3.12/site-packages/airflow/example_dags/example_skip_dag.py
[2024-07-04T18:09:36.066+0000] {processor.py:830} INFO - Processing file /home/airflow/.local/lib/python3.12/site-packages/airflow/example_dags/example_skip_dag.py for tasks to queue
[2024-07-04T18:09:36.068+0000] {logging_mixin.py:188} INFO - [2024-07-04T18:09:36.068+0000] {dagbag.py:545} INFO - Filling up the DagBag from /home/airflow/.local/lib/python3.12/site-packages/airflow/example_dags/example_skip_dag.py
[2024-07-04T18:09:36.073+0000] {processor.py:840} INFO - DAG(s) 'example_skip_dag' retrieved from /home/airflow/.local/lib/python3.12/site-packages/airflow/example_dags/example_skip_dag.py
[2024-07-04T18:09:36.093+0000] {logging_mixin.py:188} INFO - [2024-07-04T18:09:36.093+0000] {dag.py:3096} INFO - Sync 1 DAGs
[2024-07-04T18:09:36.114+0000] {logging_mixin.py:188} INFO - [2024-07-04T18:09:36.114+0000] {dag.py:3954} INFO - Setting next_dagrun for example_skip_dag to 2024-07-03 00:00:00+00:00, run_after=2024-07-04 00:00:00+00:00
[2024-07-04T18:09:36.138+0000] {processor.py:183} INFO - Processing /home/airflow/.local/lib/python3.12/site-packages/airflow/example_dags/example_skip_dag.py took 0.077 seconds
[2024-07-04T18:10:06.226+0000] {processor.py:161} INFO - Started process (PID=778) to work on /home/airflow/.local/lib/python3.12/site-packages/airflow/example_dags/example_skip_dag.py
[2024-07-04T18:10:06.227+0000] {processor.py:830} INFO - Processing file /home/airflow/.local/lib/python3.12/site-packages/airflow/example_dags/example_skip_dag.py for tasks to queue
[2024-07-04T18:10:06.228+0000] {logging_mixin.py:188} INFO - [2024-07-04T18:10:06.228+0000] {dagbag.py:545} INFO - Filling up the DagBag from /home/airflow/.local/lib/python3.12/site-packages/airflow/example_dags/example_skip_dag.py
[2024-07-04T18:10:06.234+0000] {processor.py:840} INFO - DAG(s) 'example_skip_dag' retrieved from /home/airflow/.local/lib/python3.12/site-packages/airflow/example_dags/example_skip_dag.py
[2024-07-04T18:10:06.252+0000] {logging_mixin.py:188} INFO - [2024-07-04T18:10:06.251+0000] {dag.py:3096} INFO - Sync 1 DAGs
[2024-07-04T18:10:06.272+0000] {logging_mixin.py:188} INFO - [2024-07-04T18:10:06.272+0000] {dag.py:3954} INFO - Setting next_dagrun for example_skip_dag to 2024-07-03 00:00:00+00:00, run_after=2024-07-04 00:00:00+00:00
[2024-07-04T18:10:06.293+0000] {processor.py:183} INFO - Processing /home/airflow/.local/lib/python3.12/site-packages/airflow/example_dags/example_skip_dag.py took 0.073 seconds
