[2024-07-04T17:38:43.368+0000] {processor.py:161} INFO - Started process (PID=55) to work on /home/airflow/.local/lib/python3.12/site-packages/airflow/example_dags/example_dag_decorator.py
[2024-07-04T17:38:43.369+0000] {processor.py:830} INFO - Processing file /home/airflow/.local/lib/python3.12/site-packages/airflow/example_dags/example_dag_decorator.py for tasks to queue
[2024-07-04T17:38:43.371+0000] {logging_mixin.py:188} INFO - [2024-07-04T17:38:43.371+0000] {dagbag.py:545} INFO - Filling up the DagBag from /home/airflow/.local/lib/python3.12/site-packages/airflow/example_dags/example_dag_decorator.py
[2024-07-04T17:38:44.609+0000] {processor.py:840} INFO - DAG(s) 'example_dag_decorator' retrieved from /home/airflow/.local/lib/python3.12/site-packages/airflow/example_dags/example_dag_decorator.py
[2024-07-04T17:38:45.301+0000] {logging_mixin.py:188} INFO - [2024-07-04T17:38:45.300+0000] {override.py:1829} INFO - Created Permission View: can read on DAG:example_dag_decorator
[2024-07-04T17:38:45.320+0000] {logging_mixin.py:188} INFO - [2024-07-04T17:38:45.319+0000] {override.py:1829} INFO - Created Permission View: can edit on DAG:example_dag_decorator
[2024-07-04T17:38:45.332+0000] {logging_mixin.py:188} INFO - [2024-07-04T17:38:45.331+0000] {override.py:1829} INFO - Created Permission View: can delete on DAG:example_dag_decorator
[2024-07-04T17:38:45.332+0000] {logging_mixin.py:188} INFO - [2024-07-04T17:38:45.332+0000] {dag.py:3096} INFO - Sync 1 DAGs
[2024-07-04T17:38:45.353+0000] {logging_mixin.py:188} INFO - [2024-07-04T17:38:45.353+0000] {dag.py:3118} INFO - Creating ORM DAG for example_dag_decorator
[2024-07-04T17:38:45.354+0000] {logging_mixin.py:188} INFO - [2024-07-04T17:38:45.354+0000] {dag.py:3954} INFO - Setting next_dagrun for example_dag_decorator to None, run_after=None
[2024-07-04T17:38:45.392+0000] {processor.py:183} INFO - Processing /home/airflow/.local/lib/python3.12/site-packages/airflow/example_dags/example_dag_decorator.py took 2.047 seconds
[2024-07-04T17:39:15.455+0000] {processor.py:161} INFO - Started process (PID=114) to work on /home/airflow/.local/lib/python3.12/site-packages/airflow/example_dags/example_dag_decorator.py
[2024-07-04T17:39:15.463+0000] {processor.py:830} INFO - Processing file /home/airflow/.local/lib/python3.12/site-packages/airflow/example_dags/example_dag_decorator.py for tasks to queue
[2024-07-04T17:39:15.466+0000] {logging_mixin.py:188} INFO - [2024-07-04T17:39:15.466+0000] {dagbag.py:545} INFO - Filling up the DagBag from /home/airflow/.local/lib/python3.12/site-packages/airflow/example_dags/example_dag_decorator.py
[2024-07-04T17:39:15.577+0000] {processor.py:840} INFO - DAG(s) 'example_dag_decorator' retrieved from /home/airflow/.local/lib/python3.12/site-packages/airflow/example_dags/example_dag_decorator.py
[2024-07-04T17:39:15.673+0000] {logging_mixin.py:188} INFO - [2024-07-04T17:39:15.673+0000] {dag.py:3096} INFO - Sync 1 DAGs
[2024-07-04T17:39:15.684+0000] {logging_mixin.py:188} INFO - [2024-07-04T17:39:15.684+0000] {dag.py:3954} INFO - Setting next_dagrun for example_dag_decorator to None, run_after=None
[2024-07-04T17:39:15.713+0000] {processor.py:183} INFO - Processing /home/airflow/.local/lib/python3.12/site-packages/airflow/example_dags/example_dag_decorator.py took 0.271 seconds
[2024-07-04T17:44:54.957+0000] {processor.py:161} INFO - Started process (PID=54) to work on /home/airflow/.local/lib/python3.12/site-packages/airflow/example_dags/example_dag_decorator.py
[2024-07-04T17:44:54.959+0000] {processor.py:830} INFO - Processing file /home/airflow/.local/lib/python3.12/site-packages/airflow/example_dags/example_dag_decorator.py for tasks to queue
[2024-07-04T17:44:54.961+0000] {logging_mixin.py:188} INFO - [2024-07-04T17:44:54.961+0000] {dagbag.py:545} INFO - Filling up the DagBag from /home/airflow/.local/lib/python3.12/site-packages/airflow/example_dags/example_dag_decorator.py
[2024-07-04T17:44:55.482+0000] {processor.py:840} INFO - DAG(s) 'example_dag_decorator' retrieved from /home/airflow/.local/lib/python3.12/site-packages/airflow/example_dags/example_dag_decorator.py
[2024-07-04T17:44:55.661+0000] {logging_mixin.py:188} INFO - [2024-07-04T17:44:55.661+0000] {dag.py:3096} INFO - Sync 1 DAGs
[2024-07-04T17:44:55.680+0000] {logging_mixin.py:188} INFO - [2024-07-04T17:44:55.679+0000] {dag.py:3954} INFO - Setting next_dagrun for example_dag_decorator to None, run_after=None
[2024-07-04T17:44:55.709+0000] {processor.py:183} INFO - Processing /home/airflow/.local/lib/python3.12/site-packages/airflow/example_dags/example_dag_decorator.py took 0.761 seconds
[2024-07-04T17:45:26.030+0000] {processor.py:161} INFO - Started process (PID=112) to work on /home/airflow/.local/lib/python3.12/site-packages/airflow/example_dags/example_dag_decorator.py
[2024-07-04T17:45:26.031+0000] {processor.py:830} INFO - Processing file /home/airflow/.local/lib/python3.12/site-packages/airflow/example_dags/example_dag_decorator.py for tasks to queue
[2024-07-04T17:45:26.032+0000] {logging_mixin.py:188} INFO - [2024-07-04T17:45:26.032+0000] {dagbag.py:545} INFO - Filling up the DagBag from /home/airflow/.local/lib/python3.12/site-packages/airflow/example_dags/example_dag_decorator.py
[2024-07-04T17:45:26.179+0000] {processor.py:840} INFO - DAG(s) 'example_dag_decorator' retrieved from /home/airflow/.local/lib/python3.12/site-packages/airflow/example_dags/example_dag_decorator.py
[2024-07-04T17:45:26.361+0000] {logging_mixin.py:188} INFO - [2024-07-04T17:45:26.361+0000] {dag.py:3096} INFO - Sync 1 DAGs
[2024-07-04T17:45:26.379+0000] {logging_mixin.py:188} INFO - [2024-07-04T17:45:26.379+0000] {dag.py:3954} INFO - Setting next_dagrun for example_dag_decorator to None, run_after=None
[2024-07-04T17:45:26.411+0000] {processor.py:183} INFO - Processing /home/airflow/.local/lib/python3.12/site-packages/airflow/example_dags/example_dag_decorator.py took 0.386 seconds
[2024-07-04T17:45:57.293+0000] {processor.py:161} INFO - Started process (PID=172) to work on /home/airflow/.local/lib/python3.12/site-packages/airflow/example_dags/example_dag_decorator.py
[2024-07-04T17:45:57.294+0000] {processor.py:830} INFO - Processing file /home/airflow/.local/lib/python3.12/site-packages/airflow/example_dags/example_dag_decorator.py for tasks to queue
[2024-07-04T17:45:57.296+0000] {logging_mixin.py:188} INFO - [2024-07-04T17:45:57.295+0000] {dagbag.py:545} INFO - Filling up the DagBag from /home/airflow/.local/lib/python3.12/site-packages/airflow/example_dags/example_dag_decorator.py
[2024-07-04T17:45:57.407+0000] {processor.py:840} INFO - DAG(s) 'example_dag_decorator' retrieved from /home/airflow/.local/lib/python3.12/site-packages/airflow/example_dags/example_dag_decorator.py
[2024-07-04T17:45:57.518+0000] {logging_mixin.py:188} INFO - [2024-07-04T17:45:57.517+0000] {dag.py:3096} INFO - Sync 1 DAGs
[2024-07-04T17:45:57.528+0000] {logging_mixin.py:188} INFO - [2024-07-04T17:45:57.528+0000] {dag.py:3954} INFO - Setting next_dagrun for example_dag_decorator to None, run_after=None
[2024-07-04T17:45:57.554+0000] {processor.py:183} INFO - Processing /home/airflow/.local/lib/python3.12/site-packages/airflow/example_dags/example_dag_decorator.py took 0.266 seconds
[2024-07-04T17:46:27.622+0000] {processor.py:161} INFO - Started process (PID=232) to work on /home/airflow/.local/lib/python3.12/site-packages/airflow/example_dags/example_dag_decorator.py
[2024-07-04T17:46:27.623+0000] {processor.py:830} INFO - Processing file /home/airflow/.local/lib/python3.12/site-packages/airflow/example_dags/example_dag_decorator.py for tasks to queue
[2024-07-04T17:46:27.625+0000] {logging_mixin.py:188} INFO - [2024-07-04T17:46:27.624+0000] {dagbag.py:545} INFO - Filling up the DagBag from /home/airflow/.local/lib/python3.12/site-packages/airflow/example_dags/example_dag_decorator.py
[2024-07-04T17:46:27.738+0000] {processor.py:840} INFO - DAG(s) 'example_dag_decorator' retrieved from /home/airflow/.local/lib/python3.12/site-packages/airflow/example_dags/example_dag_decorator.py
[2024-07-04T17:46:27.849+0000] {logging_mixin.py:188} INFO - [2024-07-04T17:46:27.849+0000] {dag.py:3096} INFO - Sync 1 DAGs
[2024-07-04T17:46:27.859+0000] {logging_mixin.py:188} INFO - [2024-07-04T17:46:27.859+0000] {dag.py:3954} INFO - Setting next_dagrun for example_dag_decorator to None, run_after=None
[2024-07-04T17:46:27.878+0000] {processor.py:183} INFO - Processing /home/airflow/.local/lib/python3.12/site-packages/airflow/example_dags/example_dag_decorator.py took 0.261 seconds
[2024-07-04T18:03:56.365+0000] {processor.py:161} INFO - Started process (PID=54) to work on /home/airflow/.local/lib/python3.12/site-packages/airflow/example_dags/example_dag_decorator.py
[2024-07-04T18:03:56.366+0000] {processor.py:830} INFO - Processing file /home/airflow/.local/lib/python3.12/site-packages/airflow/example_dags/example_dag_decorator.py for tasks to queue
[2024-07-04T18:03:56.368+0000] {logging_mixin.py:188} INFO - [2024-07-04T18:03:56.368+0000] {dagbag.py:545} INFO - Filling up the DagBag from /home/airflow/.local/lib/python3.12/site-packages/airflow/example_dags/example_dag_decorator.py
[2024-07-04T18:03:56.952+0000] {processor.py:840} INFO - DAG(s) 'example_dag_decorator' retrieved from /home/airflow/.local/lib/python3.12/site-packages/airflow/example_dags/example_dag_decorator.py
[2024-07-04T18:03:57.201+0000] {logging_mixin.py:188} INFO - [2024-07-04T18:03:57.200+0000] {dag.py:3096} INFO - Sync 1 DAGs
[2024-07-04T18:03:57.222+0000] {logging_mixin.py:188} INFO - [2024-07-04T18:03:57.222+0000] {dag.py:3954} INFO - Setting next_dagrun for example_dag_decorator to None, run_after=None
[2024-07-04T18:03:57.261+0000] {processor.py:183} INFO - Processing /home/airflow/.local/lib/python3.12/site-packages/airflow/example_dags/example_dag_decorator.py took 0.904 seconds
[2024-07-04T18:04:27.392+0000] {processor.py:161} INFO - Started process (PID=113) to work on /home/airflow/.local/lib/python3.12/site-packages/airflow/example_dags/example_dag_decorator.py
[2024-07-04T18:04:27.393+0000] {processor.py:830} INFO - Processing file /home/airflow/.local/lib/python3.12/site-packages/airflow/example_dags/example_dag_decorator.py for tasks to queue
[2024-07-04T18:04:27.394+0000] {logging_mixin.py:188} INFO - [2024-07-04T18:04:27.394+0000] {dagbag.py:545} INFO - Filling up the DagBag from /home/airflow/.local/lib/python3.12/site-packages/airflow/example_dags/example_dag_decorator.py
[2024-07-04T18:04:27.557+0000] {processor.py:840} INFO - DAG(s) 'example_dag_decorator' retrieved from /home/airflow/.local/lib/python3.12/site-packages/airflow/example_dags/example_dag_decorator.py
[2024-07-04T18:04:28.197+0000] {logging_mixin.py:188} INFO - [2024-07-04T18:04:28.197+0000] {dag.py:3096} INFO - Sync 1 DAGs
[2024-07-04T18:04:28.208+0000] {logging_mixin.py:188} INFO - [2024-07-04T18:04:28.208+0000] {dag.py:3954} INFO - Setting next_dagrun for example_dag_decorator to None, run_after=None
[2024-07-04T18:04:28.228+0000] {processor.py:183} INFO - Processing /home/airflow/.local/lib/python3.12/site-packages/airflow/example_dags/example_dag_decorator.py took 0.843 seconds
[2024-07-04T18:04:58.876+0000] {processor.py:161} INFO - Started process (PID=171) to work on /home/airflow/.local/lib/python3.12/site-packages/airflow/example_dags/example_dag_decorator.py
[2024-07-04T18:04:58.877+0000] {processor.py:830} INFO - Processing file /home/airflow/.local/lib/python3.12/site-packages/airflow/example_dags/example_dag_decorator.py for tasks to queue
[2024-07-04T18:04:58.879+0000] {logging_mixin.py:188} INFO - [2024-07-04T18:04:58.878+0000] {dagbag.py:545} INFO - Filling up the DagBag from /home/airflow/.local/lib/python3.12/site-packages/airflow/example_dags/example_dag_decorator.py
[2024-07-04T18:04:59.015+0000] {processor.py:840} INFO - DAG(s) 'example_dag_decorator' retrieved from /home/airflow/.local/lib/python3.12/site-packages/airflow/example_dags/example_dag_decorator.py
[2024-07-04T18:04:59.036+0000] {logging_mixin.py:188} INFO - [2024-07-04T18:04:59.035+0000] {dag.py:3096} INFO - Sync 1 DAGs
[2024-07-04T18:04:59.047+0000] {logging_mixin.py:188} INFO - [2024-07-04T18:04:59.047+0000] {dag.py:3954} INFO - Setting next_dagrun for example_dag_decorator to None, run_after=None
[2024-07-04T18:04:59.066+0000] {processor.py:183} INFO - Processing /home/airflow/.local/lib/python3.12/site-packages/airflow/example_dags/example_dag_decorator.py took 0.204 seconds
[2024-07-04T18:05:29.139+0000] {processor.py:161} INFO - Started process (PID=230) to work on /home/airflow/.local/lib/python3.12/site-packages/airflow/example_dags/example_dag_decorator.py
[2024-07-04T18:05:29.140+0000] {processor.py:830} INFO - Processing file /home/airflow/.local/lib/python3.12/site-packages/airflow/example_dags/example_dag_decorator.py for tasks to queue
[2024-07-04T18:05:29.142+0000] {logging_mixin.py:188} INFO - [2024-07-04T18:05:29.141+0000] {dagbag.py:545} INFO - Filling up the DagBag from /home/airflow/.local/lib/python3.12/site-packages/airflow/example_dags/example_dag_decorator.py
[2024-07-04T18:05:29.250+0000] {processor.py:840} INFO - DAG(s) 'example_dag_decorator' retrieved from /home/airflow/.local/lib/python3.12/site-packages/airflow/example_dags/example_dag_decorator.py
[2024-07-04T18:05:29.360+0000] {logging_mixin.py:188} INFO - [2024-07-04T18:05:29.360+0000] {dag.py:3096} INFO - Sync 1 DAGs
[2024-07-04T18:05:29.371+0000] {logging_mixin.py:188} INFO - [2024-07-04T18:05:29.370+0000] {dag.py:3954} INFO - Setting next_dagrun for example_dag_decorator to None, run_after=None
[2024-07-04T18:05:29.395+0000] {processor.py:183} INFO - Processing /home/airflow/.local/lib/python3.12/site-packages/airflow/example_dags/example_dag_decorator.py took 0.262 seconds
[2024-07-04T18:05:59.544+0000] {processor.py:161} INFO - Started process (PID=288) to work on /home/airflow/.local/lib/python3.12/site-packages/airflow/example_dags/example_dag_decorator.py
[2024-07-04T18:05:59.552+0000] {processor.py:830} INFO - Processing file /home/airflow/.local/lib/python3.12/site-packages/airflow/example_dags/example_dag_decorator.py for tasks to queue
[2024-07-04T18:05:59.554+0000] {logging_mixin.py:188} INFO - [2024-07-04T18:05:59.553+0000] {dagbag.py:545} INFO - Filling up the DagBag from /home/airflow/.local/lib/python3.12/site-packages/airflow/example_dags/example_dag_decorator.py
[2024-07-04T18:05:59.675+0000] {processor.py:840} INFO - DAG(s) 'example_dag_decorator' retrieved from /home/airflow/.local/lib/python3.12/site-packages/airflow/example_dags/example_dag_decorator.py
[2024-07-04T18:05:59.783+0000] {logging_mixin.py:188} INFO - [2024-07-04T18:05:59.782+0000] {dag.py:3096} INFO - Sync 1 DAGs
[2024-07-04T18:05:59.793+0000] {logging_mixin.py:188} INFO - [2024-07-04T18:05:59.792+0000] {dag.py:3954} INFO - Setting next_dagrun for example_dag_decorator to None, run_after=None
[2024-07-04T18:05:59.813+0000] {processor.py:183} INFO - Processing /home/airflow/.local/lib/python3.12/site-packages/airflow/example_dags/example_dag_decorator.py took 0.280 seconds
[2024-07-04T18:06:29.931+0000] {processor.py:161} INFO - Started process (PID=347) to work on /home/airflow/.local/lib/python3.12/site-packages/airflow/example_dags/example_dag_decorator.py
[2024-07-04T18:06:29.932+0000] {processor.py:830} INFO - Processing file /home/airflow/.local/lib/python3.12/site-packages/airflow/example_dags/example_dag_decorator.py for tasks to queue
[2024-07-04T18:06:29.933+0000] {logging_mixin.py:188} INFO - [2024-07-04T18:06:29.933+0000] {dagbag.py:545} INFO - Filling up the DagBag from /home/airflow/.local/lib/python3.12/site-packages/airflow/example_dags/example_dag_decorator.py
[2024-07-04T18:06:30.053+0000] {processor.py:840} INFO - DAG(s) 'example_dag_decorator' retrieved from /home/airflow/.local/lib/python3.12/site-packages/airflow/example_dags/example_dag_decorator.py
[2024-07-04T18:06:30.159+0000] {logging_mixin.py:188} INFO - [2024-07-04T18:06:30.159+0000] {dag.py:3096} INFO - Sync 1 DAGs
[2024-07-04T18:06:30.170+0000] {logging_mixin.py:188} INFO - [2024-07-04T18:06:30.170+0000] {dag.py:3954} INFO - Setting next_dagrun for example_dag_decorator to None, run_after=None
[2024-07-04T18:06:30.192+0000] {processor.py:183} INFO - Processing /home/airflow/.local/lib/python3.12/site-packages/airflow/example_dags/example_dag_decorator.py took 0.266 seconds
[2024-07-04T18:07:00.311+0000] {processor.py:161} INFO - Started process (PID=405) to work on /home/airflow/.local/lib/python3.12/site-packages/airflow/example_dags/example_dag_decorator.py
[2024-07-04T18:07:00.320+0000] {processor.py:830} INFO - Processing file /home/airflow/.local/lib/python3.12/site-packages/airflow/example_dags/example_dag_decorator.py for tasks to queue
[2024-07-04T18:07:00.322+0000] {logging_mixin.py:188} INFO - [2024-07-04T18:07:00.321+0000] {dagbag.py:545} INFO - Filling up the DagBag from /home/airflow/.local/lib/python3.12/site-packages/airflow/example_dags/example_dag_decorator.py
[2024-07-04T18:07:00.473+0000] {processor.py:840} INFO - DAG(s) 'example_dag_decorator' retrieved from /home/airflow/.local/lib/python3.12/site-packages/airflow/example_dags/example_dag_decorator.py
[2024-07-04T18:07:00.579+0000] {logging_mixin.py:188} INFO - [2024-07-04T18:07:00.579+0000] {dag.py:3096} INFO - Sync 1 DAGs
[2024-07-04T18:07:00.589+0000] {logging_mixin.py:188} INFO - [2024-07-04T18:07:00.589+0000] {dag.py:3954} INFO - Setting next_dagrun for example_dag_decorator to None, run_after=None
[2024-07-04T18:07:00.610+0000] {processor.py:183} INFO - Processing /home/airflow/.local/lib/python3.12/site-packages/airflow/example_dags/example_dag_decorator.py took 0.310 seconds
[2024-07-04T18:07:30.756+0000] {processor.py:161} INFO - Started process (PID=469) to work on /home/airflow/.local/lib/python3.12/site-packages/airflow/example_dags/example_dag_decorator.py
[2024-07-04T18:07:30.764+0000] {processor.py:830} INFO - Processing file /home/airflow/.local/lib/python3.12/site-packages/airflow/example_dags/example_dag_decorator.py for tasks to queue
[2024-07-04T18:07:30.766+0000] {logging_mixin.py:188} INFO - [2024-07-04T18:07:30.766+0000] {dagbag.py:545} INFO - Filling up the DagBag from /home/airflow/.local/lib/python3.12/site-packages/airflow/example_dags/example_dag_decorator.py
[2024-07-04T18:07:30.885+0000] {processor.py:840} INFO - DAG(s) 'example_dag_decorator' retrieved from /home/airflow/.local/lib/python3.12/site-packages/airflow/example_dags/example_dag_decorator.py
[2024-07-04T18:07:30.994+0000] {logging_mixin.py:188} INFO - [2024-07-04T18:07:30.994+0000] {dag.py:3096} INFO - Sync 1 DAGs
[2024-07-04T18:07:31.009+0000] {logging_mixin.py:188} INFO - [2024-07-04T18:07:31.008+0000] {dag.py:3954} INFO - Setting next_dagrun for example_dag_decorator to None, run_after=None
[2024-07-04T18:07:31.040+0000] {processor.py:183} INFO - Processing /home/airflow/.local/lib/python3.12/site-packages/airflow/example_dags/example_dag_decorator.py took 0.294 seconds
[2024-07-04T18:08:01.327+0000] {processor.py:161} INFO - Started process (PID=527) to work on /home/airflow/.local/lib/python3.12/site-packages/airflow/example_dags/example_dag_decorator.py
[2024-07-04T18:08:01.327+0000] {processor.py:830} INFO - Processing file /home/airflow/.local/lib/python3.12/site-packages/airflow/example_dags/example_dag_decorator.py for tasks to queue
[2024-07-04T18:08:01.329+0000] {logging_mixin.py:188} INFO - [2024-07-04T18:08:01.329+0000] {dagbag.py:545} INFO - Filling up the DagBag from /home/airflow/.local/lib/python3.12/site-packages/airflow/example_dags/example_dag_decorator.py
[2024-07-04T18:08:01.436+0000] {processor.py:840} INFO - DAG(s) 'example_dag_decorator' retrieved from /home/airflow/.local/lib/python3.12/site-packages/airflow/example_dags/example_dag_decorator.py
[2024-07-04T18:08:01.541+0000] {logging_mixin.py:188} INFO - [2024-07-04T18:08:01.541+0000] {dag.py:3096} INFO - Sync 1 DAGs
[2024-07-04T18:08:01.551+0000] {logging_mixin.py:188} INFO - [2024-07-04T18:08:01.551+0000] {dag.py:3954} INFO - Setting next_dagrun for example_dag_decorator to None, run_after=None
[2024-07-04T18:08:01.572+0000] {processor.py:183} INFO - Processing /home/airflow/.local/lib/python3.12/site-packages/airflow/example_dags/example_dag_decorator.py took 0.252 seconds
[2024-07-04T18:08:31.940+0000] {processor.py:161} INFO - Started process (PID=585) to work on /home/airflow/.local/lib/python3.12/site-packages/airflow/example_dags/example_dag_decorator.py
[2024-07-04T18:08:31.948+0000] {processor.py:830} INFO - Processing file /home/airflow/.local/lib/python3.12/site-packages/airflow/example_dags/example_dag_decorator.py for tasks to queue
[2024-07-04T18:08:31.950+0000] {logging_mixin.py:188} INFO - [2024-07-04T18:08:31.949+0000] {dagbag.py:545} INFO - Filling up the DagBag from /home/airflow/.local/lib/python3.12/site-packages/airflow/example_dags/example_dag_decorator.py
[2024-07-04T18:08:32.059+0000] {processor.py:840} INFO - DAG(s) 'example_dag_decorator' retrieved from /home/airflow/.local/lib/python3.12/site-packages/airflow/example_dags/example_dag_decorator.py
[2024-07-04T18:08:32.167+0000] {logging_mixin.py:188} INFO - [2024-07-04T18:08:32.167+0000] {dag.py:3096} INFO - Sync 1 DAGs
[2024-07-04T18:08:32.178+0000] {logging_mixin.py:188} INFO - [2024-07-04T18:08:32.178+0000] {dag.py:3954} INFO - Setting next_dagrun for example_dag_decorator to None, run_after=None
[2024-07-04T18:08:32.201+0000] {processor.py:183} INFO - Processing /home/airflow/.local/lib/python3.12/site-packages/airflow/example_dags/example_dag_decorator.py took 0.266 seconds
[2024-07-04T18:09:02.604+0000] {processor.py:161} INFO - Started process (PID=642) to work on /home/airflow/.local/lib/python3.12/site-packages/airflow/example_dags/example_dag_decorator.py
[2024-07-04T18:09:02.612+0000] {processor.py:830} INFO - Processing file /home/airflow/.local/lib/python3.12/site-packages/airflow/example_dags/example_dag_decorator.py for tasks to queue
[2024-07-04T18:09:02.614+0000] {logging_mixin.py:188} INFO - [2024-07-04T18:09:02.614+0000] {dagbag.py:545} INFO - Filling up the DagBag from /home/airflow/.local/lib/python3.12/site-packages/airflow/example_dags/example_dag_decorator.py
[2024-07-04T18:09:02.730+0000] {processor.py:840} INFO - DAG(s) 'example_dag_decorator' retrieved from /home/airflow/.local/lib/python3.12/site-packages/airflow/example_dags/example_dag_decorator.py
[2024-07-04T18:09:02.831+0000] {logging_mixin.py:188} INFO - [2024-07-04T18:09:02.831+0000] {dag.py:3096} INFO - Sync 1 DAGs
[2024-07-04T18:09:02.961+0000] {logging_mixin.py:188} INFO - [2024-07-04T18:09:02.960+0000] {dag.py:3954} INFO - Setting next_dagrun for example_dag_decorator to None, run_after=None
[2024-07-04T18:09:02.987+0000] {processor.py:183} INFO - Processing /home/airflow/.local/lib/python3.12/site-packages/airflow/example_dags/example_dag_decorator.py took 0.392 seconds
[2024-07-04T18:09:33.087+0000] {processor.py:161} INFO - Started process (PID=704) to work on /home/airflow/.local/lib/python3.12/site-packages/airflow/example_dags/example_dag_decorator.py
[2024-07-04T18:09:33.088+0000] {processor.py:830} INFO - Processing file /home/airflow/.local/lib/python3.12/site-packages/airflow/example_dags/example_dag_decorator.py for tasks to queue
[2024-07-04T18:09:33.090+0000] {logging_mixin.py:188} INFO - [2024-07-04T18:09:33.089+0000] {dagbag.py:545} INFO - Filling up the DagBag from /home/airflow/.local/lib/python3.12/site-packages/airflow/example_dags/example_dag_decorator.py
[2024-07-04T18:09:33.202+0000] {processor.py:840} INFO - DAG(s) 'example_dag_decorator' retrieved from /home/airflow/.local/lib/python3.12/site-packages/airflow/example_dags/example_dag_decorator.py
[2024-07-04T18:09:33.311+0000] {logging_mixin.py:188} INFO - [2024-07-04T18:09:33.311+0000] {dag.py:3096} INFO - Sync 1 DAGs
[2024-07-04T18:09:33.323+0000] {logging_mixin.py:188} INFO - [2024-07-04T18:09:33.322+0000] {dag.py:3954} INFO - Setting next_dagrun for example_dag_decorator to None, run_after=None
[2024-07-04T18:09:33.804+0000] {processor.py:183} INFO - Processing /home/airflow/.local/lib/python3.12/site-packages/airflow/example_dags/example_dag_decorator.py took 0.723 seconds
[2024-07-04T18:10:04.449+0000] {processor.py:161} INFO - Started process (PID=764) to work on /home/airflow/.local/lib/python3.12/site-packages/airflow/example_dags/example_dag_decorator.py
[2024-07-04T18:10:04.457+0000] {processor.py:830} INFO - Processing file /home/airflow/.local/lib/python3.12/site-packages/airflow/example_dags/example_dag_decorator.py for tasks to queue
[2024-07-04T18:10:04.458+0000] {logging_mixin.py:188} INFO - [2024-07-04T18:10:04.458+0000] {dagbag.py:545} INFO - Filling up the DagBag from /home/airflow/.local/lib/python3.12/site-packages/airflow/example_dags/example_dag_decorator.py
[2024-07-04T18:10:04.570+0000] {processor.py:840} INFO - DAG(s) 'example_dag_decorator' retrieved from /home/airflow/.local/lib/python3.12/site-packages/airflow/example_dags/example_dag_decorator.py
[2024-07-04T18:10:04.599+0000] {logging_mixin.py:188} INFO - [2024-07-04T18:10:04.599+0000] {dag.py:3096} INFO - Sync 1 DAGs
[2024-07-04T18:10:04.615+0000] {logging_mixin.py:188} INFO - [2024-07-04T18:10:04.614+0000] {dag.py:3954} INFO - Setting next_dagrun for example_dag_decorator to None, run_after=None
[2024-07-04T18:10:04.635+0000] {processor.py:183} INFO - Processing /home/airflow/.local/lib/python3.12/site-packages/airflow/example_dags/example_dag_decorator.py took 0.191 seconds
