[2024-07-04T17:38:51.002+0000] {processor.py:161} INFO - Started process (PID=91) to work on /home/airflow/.local/lib/python3.12/site-packages/airflow/example_dags/example_nested_branch_dag.py
[2024-07-04T17:38:51.003+0000] {processor.py:830} INFO - Processing file /home/airflow/.local/lib/python3.12/site-packages/airflow/example_dags/example_nested_branch_dag.py for tasks to queue
[2024-07-04T17:38:51.005+0000] {logging_mixin.py:188} INFO - [2024-07-04T17:38:51.004+0000] {dagbag.py:545} INFO - Filling up the DagBag from /home/airflow/.local/lib/python3.12/site-packages/airflow/example_dags/example_nested_branch_dag.py
[2024-07-04T17:38:51.017+0000] {processor.py:840} INFO - DAG(s) 'example_nested_branch_dag' retrieved from /home/airflow/.local/lib/python3.12/site-packages/airflow/example_dags/example_nested_branch_dag.py
[2024-07-04T17:38:51.206+0000] {logging_mixin.py:188} INFO - [2024-07-04T17:38:51.206+0000] {override.py:1829} INFO - Created Permission View: can read on DAG:example_nested_branch_dag
[2024-07-04T17:38:51.221+0000] {logging_mixin.py:188} INFO - [2024-07-04T17:38:51.221+0000] {override.py:1829} INFO - Created Permission View: can edit on DAG:example_nested_branch_dag
[2024-07-04T17:38:51.233+0000] {logging_mixin.py:188} INFO - [2024-07-04T17:38:51.232+0000] {override.py:1829} INFO - Created Permission View: can delete on DAG:example_nested_branch_dag
[2024-07-04T17:38:51.233+0000] {logging_mixin.py:188} INFO - [2024-07-04T17:38:51.233+0000] {dag.py:3096} INFO - Sync 1 DAGs
[2024-07-04T17:38:51.248+0000] {logging_mixin.py:188} INFO - [2024-07-04T17:38:51.248+0000] {dag.py:3118} INFO - Creating ORM DAG for example_nested_branch_dag
[2024-07-04T17:38:51.265+0000] {logging_mixin.py:188} INFO - [2024-07-04T17:38:51.265+0000] {dag.py:3954} INFO - Setting next_dagrun for example_nested_branch_dag to 2024-07-03 00:00:00+00:00, run_after=2024-07-04 00:00:00+00:00
[2024-07-04T17:38:51.290+0000] {processor.py:183} INFO - Processing /home/airflow/.local/lib/python3.12/site-packages/airflow/example_dags/example_nested_branch_dag.py took 0.293 seconds
[2024-07-04T17:39:21.853+0000] {processor.py:161} INFO - Started process (PID=149) to work on /home/airflow/.local/lib/python3.12/site-packages/airflow/example_dags/example_nested_branch_dag.py
[2024-07-04T17:39:21.854+0000] {processor.py:830} INFO - Processing file /home/airflow/.local/lib/python3.12/site-packages/airflow/example_dags/example_nested_branch_dag.py for tasks to queue
[2024-07-04T17:39:21.855+0000] {logging_mixin.py:188} INFO - [2024-07-04T17:39:21.855+0000] {dagbag.py:545} INFO - Filling up the DagBag from /home/airflow/.local/lib/python3.12/site-packages/airflow/example_dags/example_nested_branch_dag.py
[2024-07-04T17:39:21.865+0000] {processor.py:840} INFO - DAG(s) 'example_nested_branch_dag' retrieved from /home/airflow/.local/lib/python3.12/site-packages/airflow/example_dags/example_nested_branch_dag.py
[2024-07-04T17:39:21.884+0000] {logging_mixin.py:188} INFO - [2024-07-04T17:39:21.884+0000] {dag.py:3096} INFO - Sync 1 DAGs
[2024-07-04T17:39:21.907+0000] {logging_mixin.py:188} INFO - [2024-07-04T17:39:21.907+0000] {dag.py:3954} INFO - Setting next_dagrun for example_nested_branch_dag to 2024-07-03 00:00:00+00:00, run_after=2024-07-04 00:00:00+00:00
[2024-07-04T17:39:21.931+0000] {processor.py:183} INFO - Processing /home/airflow/.local/lib/python3.12/site-packages/airflow/example_dags/example_nested_branch_dag.py took 0.083 seconds
[2024-07-04T17:44:59.782+0000] {processor.py:161} INFO - Started process (PID=90) to work on /home/airflow/.local/lib/python3.12/site-packages/airflow/example_dags/example_nested_branch_dag.py
[2024-07-04T17:44:59.783+0000] {processor.py:830} INFO - Processing file /home/airflow/.local/lib/python3.12/site-packages/airflow/example_dags/example_nested_branch_dag.py for tasks to queue
[2024-07-04T17:44:59.785+0000] {logging_mixin.py:188} INFO - [2024-07-04T17:44:59.785+0000] {dagbag.py:545} INFO - Filling up the DagBag from /home/airflow/.local/lib/python3.12/site-packages/airflow/example_dags/example_nested_branch_dag.py
[2024-07-04T17:44:59.801+0000] {processor.py:840} INFO - DAG(s) 'example_nested_branch_dag' retrieved from /home/airflow/.local/lib/python3.12/site-packages/airflow/example_dags/example_nested_branch_dag.py
[2024-07-04T17:44:59.934+0000] {logging_mixin.py:188} INFO - [2024-07-04T17:44:59.934+0000] {dag.py:3096} INFO - Sync 1 DAGs
[2024-07-04T17:44:59.958+0000] {logging_mixin.py:188} INFO - [2024-07-04T17:44:59.958+0000] {dag.py:3954} INFO - Setting next_dagrun for example_nested_branch_dag to 2024-07-03 00:00:00+00:00, run_after=2024-07-04 00:00:00+00:00
[2024-07-04T17:44:59.984+0000] {processor.py:183} INFO - Processing /home/airflow/.local/lib/python3.12/site-packages/airflow/example_dags/example_nested_branch_dag.py took 0.208 seconds
[2024-07-04T17:45:30.013+0000] {processor.py:161} INFO - Started process (PID=148) to work on /home/airflow/.local/lib/python3.12/site-packages/airflow/example_dags/example_nested_branch_dag.py
[2024-07-04T17:45:30.013+0000] {processor.py:830} INFO - Processing file /home/airflow/.local/lib/python3.12/site-packages/airflow/example_dags/example_nested_branch_dag.py for tasks to queue
[2024-07-04T17:45:30.015+0000] {logging_mixin.py:188} INFO - [2024-07-04T17:45:30.014+0000] {dagbag.py:545} INFO - Filling up the DagBag from /home/airflow/.local/lib/python3.12/site-packages/airflow/example_dags/example_nested_branch_dag.py
[2024-07-04T17:45:30.024+0000] {processor.py:840} INFO - DAG(s) 'example_nested_branch_dag' retrieved from /home/airflow/.local/lib/python3.12/site-packages/airflow/example_dags/example_nested_branch_dag.py
[2024-07-04T17:45:30.044+0000] {logging_mixin.py:188} INFO - [2024-07-04T17:45:30.044+0000] {dag.py:3096} INFO - Sync 1 DAGs
[2024-07-04T17:45:30.070+0000] {logging_mixin.py:188} INFO - [2024-07-04T17:45:30.069+0000] {dag.py:3954} INFO - Setting next_dagrun for example_nested_branch_dag to 2024-07-03 00:00:00+00:00, run_after=2024-07-04 00:00:00+00:00
[2024-07-04T17:45:30.098+0000] {processor.py:183} INFO - Processing /home/airflow/.local/lib/python3.12/site-packages/airflow/example_dags/example_nested_branch_dag.py took 0.090 seconds
[2024-07-04T17:46:00.137+0000] {processor.py:161} INFO - Started process (PID=206) to work on /home/airflow/.local/lib/python3.12/site-packages/airflow/example_dags/example_nested_branch_dag.py
[2024-07-04T17:46:00.138+0000] {processor.py:830} INFO - Processing file /home/airflow/.local/lib/python3.12/site-packages/airflow/example_dags/example_nested_branch_dag.py for tasks to queue
[2024-07-04T17:46:00.139+0000] {logging_mixin.py:188} INFO - [2024-07-04T17:46:00.139+0000] {dagbag.py:545} INFO - Filling up the DagBag from /home/airflow/.local/lib/python3.12/site-packages/airflow/example_dags/example_nested_branch_dag.py
[2024-07-04T17:46:00.147+0000] {processor.py:840} INFO - DAG(s) 'example_nested_branch_dag' retrieved from /home/airflow/.local/lib/python3.12/site-packages/airflow/example_dags/example_nested_branch_dag.py
[2024-07-04T17:46:00.167+0000] {logging_mixin.py:188} INFO - [2024-07-04T17:46:00.167+0000] {dag.py:3096} INFO - Sync 1 DAGs
[2024-07-04T17:46:00.188+0000] {logging_mixin.py:188} INFO - [2024-07-04T17:46:00.188+0000] {dag.py:3954} INFO - Setting next_dagrun for example_nested_branch_dag to 2024-07-03 00:00:00+00:00, run_after=2024-07-04 00:00:00+00:00
[2024-07-04T17:46:00.220+0000] {processor.py:183} INFO - Processing /home/airflow/.local/lib/python3.12/site-packages/airflow/example_dags/example_nested_branch_dag.py took 0.087 seconds
[2024-07-04T17:46:30.340+0000] {processor.py:161} INFO - Started process (PID=264) to work on /home/airflow/.local/lib/python3.12/site-packages/airflow/example_dags/example_nested_branch_dag.py
[2024-07-04T17:46:30.341+0000] {processor.py:830} INFO - Processing file /home/airflow/.local/lib/python3.12/site-packages/airflow/example_dags/example_nested_branch_dag.py for tasks to queue
[2024-07-04T17:46:30.342+0000] {logging_mixin.py:188} INFO - [2024-07-04T17:46:30.342+0000] {dagbag.py:545} INFO - Filling up the DagBag from /home/airflow/.local/lib/python3.12/site-packages/airflow/example_dags/example_nested_branch_dag.py
[2024-07-04T17:46:30.351+0000] {processor.py:840} INFO - DAG(s) 'example_nested_branch_dag' retrieved from /home/airflow/.local/lib/python3.12/site-packages/airflow/example_dags/example_nested_branch_dag.py
[2024-07-04T17:46:30.370+0000] {logging_mixin.py:188} INFO - [2024-07-04T17:46:30.370+0000] {dag.py:3096} INFO - Sync 1 DAGs
[2024-07-04T17:46:30.394+0000] {logging_mixin.py:188} INFO - [2024-07-04T17:46:30.393+0000] {dag.py:3954} INFO - Setting next_dagrun for example_nested_branch_dag to 2024-07-03 00:00:00+00:00, run_after=2024-07-04 00:00:00+00:00
[2024-07-04T17:46:30.416+0000] {processor.py:183} INFO - Processing /home/airflow/.local/lib/python3.12/site-packages/airflow/example_dags/example_nested_branch_dag.py took 0.081 seconds
[2024-07-04T18:04:01.745+0000] {processor.py:161} INFO - Started process (PID=90) to work on /home/airflow/.local/lib/python3.12/site-packages/airflow/example_dags/example_nested_branch_dag.py
[2024-07-04T18:04:01.746+0000] {processor.py:830} INFO - Processing file /home/airflow/.local/lib/python3.12/site-packages/airflow/example_dags/example_nested_branch_dag.py for tasks to queue
[2024-07-04T18:04:01.748+0000] {logging_mixin.py:188} INFO - [2024-07-04T18:04:01.747+0000] {dagbag.py:545} INFO - Filling up the DagBag from /home/airflow/.local/lib/python3.12/site-packages/airflow/example_dags/example_nested_branch_dag.py
[2024-07-04T18:04:01.759+0000] {processor.py:840} INFO - DAG(s) 'example_nested_branch_dag' retrieved from /home/airflow/.local/lib/python3.12/site-packages/airflow/example_dags/example_nested_branch_dag.py
[2024-07-04T18:04:01.889+0000] {logging_mixin.py:188} INFO - [2024-07-04T18:04:01.888+0000] {dag.py:3096} INFO - Sync 1 DAGs
[2024-07-04T18:04:01.915+0000] {logging_mixin.py:188} INFO - [2024-07-04T18:04:01.914+0000] {dag.py:3954} INFO - Setting next_dagrun for example_nested_branch_dag to 2024-07-03 00:00:00+00:00, run_after=2024-07-04 00:00:00+00:00
[2024-07-04T18:04:01.939+0000] {processor.py:183} INFO - Processing /home/airflow/.local/lib/python3.12/site-packages/airflow/example_dags/example_nested_branch_dag.py took 0.199 seconds
[2024-07-04T18:04:32.592+0000] {processor.py:161} INFO - Started process (PID=147) to work on /home/airflow/.local/lib/python3.12/site-packages/airflow/example_dags/example_nested_branch_dag.py
[2024-07-04T18:04:32.593+0000] {processor.py:830} INFO - Processing file /home/airflow/.local/lib/python3.12/site-packages/airflow/example_dags/example_nested_branch_dag.py for tasks to queue
[2024-07-04T18:04:32.594+0000] {logging_mixin.py:188} INFO - [2024-07-04T18:04:32.594+0000] {dagbag.py:545} INFO - Filling up the DagBag from /home/airflow/.local/lib/python3.12/site-packages/airflow/example_dags/example_nested_branch_dag.py
[2024-07-04T18:04:32.605+0000] {processor.py:840} INFO - DAG(s) 'example_nested_branch_dag' retrieved from /home/airflow/.local/lib/python3.12/site-packages/airflow/example_dags/example_nested_branch_dag.py
[2024-07-04T18:04:32.625+0000] {logging_mixin.py:188} INFO - [2024-07-04T18:04:32.625+0000] {dag.py:3096} INFO - Sync 1 DAGs
[2024-07-04T18:04:32.656+0000] {logging_mixin.py:188} INFO - [2024-07-04T18:04:32.656+0000] {dag.py:3954} INFO - Setting next_dagrun for example_nested_branch_dag to 2024-07-03 00:00:00+00:00, run_after=2024-07-04 00:00:00+00:00
[2024-07-04T18:04:32.682+0000] {processor.py:183} INFO - Processing /home/airflow/.local/lib/python3.12/site-packages/airflow/example_dags/example_nested_branch_dag.py took 0.096 seconds
[2024-07-04T18:05:03.453+0000] {processor.py:161} INFO - Started process (PID=205) to work on /home/airflow/.local/lib/python3.12/site-packages/airflow/example_dags/example_nested_branch_dag.py
[2024-07-04T18:05:03.454+0000] {processor.py:830} INFO - Processing file /home/airflow/.local/lib/python3.12/site-packages/airflow/example_dags/example_nested_branch_dag.py for tasks to queue
[2024-07-04T18:05:03.455+0000] {logging_mixin.py:188} INFO - [2024-07-04T18:05:03.455+0000] {dagbag.py:545} INFO - Filling up the DagBag from /home/airflow/.local/lib/python3.12/site-packages/airflow/example_dags/example_nested_branch_dag.py
[2024-07-04T18:05:03.463+0000] {processor.py:840} INFO - DAG(s) 'example_nested_branch_dag' retrieved from /home/airflow/.local/lib/python3.12/site-packages/airflow/example_dags/example_nested_branch_dag.py
[2024-07-04T18:05:03.482+0000] {logging_mixin.py:188} INFO - [2024-07-04T18:05:03.482+0000] {dag.py:3096} INFO - Sync 1 DAGs
[2024-07-04T18:05:03.503+0000] {logging_mixin.py:188} INFO - [2024-07-04T18:05:03.503+0000] {dag.py:3954} INFO - Setting next_dagrun for example_nested_branch_dag to 2024-07-03 00:00:00+00:00, run_after=2024-07-04 00:00:00+00:00
[2024-07-04T18:05:03.524+0000] {processor.py:183} INFO - Processing /home/airflow/.local/lib/python3.12/site-packages/airflow/example_dags/example_nested_branch_dag.py took 0.075 seconds
[2024-07-04T18:05:33.688+0000] {processor.py:161} INFO - Started process (PID=264) to work on /home/airflow/.local/lib/python3.12/site-packages/airflow/example_dags/example_nested_branch_dag.py
[2024-07-04T18:05:33.689+0000] {processor.py:830} INFO - Processing file /home/airflow/.local/lib/python3.12/site-packages/airflow/example_dags/example_nested_branch_dag.py for tasks to queue
[2024-07-04T18:05:33.691+0000] {logging_mixin.py:188} INFO - [2024-07-04T18:05:33.690+0000] {dagbag.py:545} INFO - Filling up the DagBag from /home/airflow/.local/lib/python3.12/site-packages/airflow/example_dags/example_nested_branch_dag.py
[2024-07-04T18:05:33.699+0000] {processor.py:840} INFO - DAG(s) 'example_nested_branch_dag' retrieved from /home/airflow/.local/lib/python3.12/site-packages/airflow/example_dags/example_nested_branch_dag.py
[2024-07-04T18:05:33.718+0000] {logging_mixin.py:188} INFO - [2024-07-04T18:05:33.718+0000] {dag.py:3096} INFO - Sync 1 DAGs
[2024-07-04T18:05:33.740+0000] {logging_mixin.py:188} INFO - [2024-07-04T18:05:33.739+0000] {dag.py:3954} INFO - Setting next_dagrun for example_nested_branch_dag to 2024-07-03 00:00:00+00:00, run_after=2024-07-04 00:00:00+00:00
[2024-07-04T18:05:33.764+0000] {processor.py:183} INFO - Processing /home/airflow/.local/lib/python3.12/site-packages/airflow/example_dags/example_nested_branch_dag.py took 0.080 seconds
[2024-07-04T18:06:04.234+0000] {processor.py:161} INFO - Started process (PID=323) to work on /home/airflow/.local/lib/python3.12/site-packages/airflow/example_dags/example_nested_branch_dag.py
[2024-07-04T18:06:04.235+0000] {processor.py:830} INFO - Processing file /home/airflow/.local/lib/python3.12/site-packages/airflow/example_dags/example_nested_branch_dag.py for tasks to queue
[2024-07-04T18:06:04.237+0000] {logging_mixin.py:188} INFO - [2024-07-04T18:06:04.237+0000] {dagbag.py:545} INFO - Filling up the DagBag from /home/airflow/.local/lib/python3.12/site-packages/airflow/example_dags/example_nested_branch_dag.py
[2024-07-04T18:06:04.247+0000] {processor.py:840} INFO - DAG(s) 'example_nested_branch_dag' retrieved from /home/airflow/.local/lib/python3.12/site-packages/airflow/example_dags/example_nested_branch_dag.py
[2024-07-04T18:06:04.271+0000] {logging_mixin.py:188} INFO - [2024-07-04T18:06:04.271+0000] {dag.py:3096} INFO - Sync 1 DAGs
[2024-07-04T18:06:04.296+0000] {logging_mixin.py:188} INFO - [2024-07-04T18:06:04.296+0000] {dag.py:3954} INFO - Setting next_dagrun for example_nested_branch_dag to 2024-07-03 00:00:00+00:00, run_after=2024-07-04 00:00:00+00:00
[2024-07-04T18:06:04.319+0000] {processor.py:183} INFO - Processing /home/airflow/.local/lib/python3.12/site-packages/airflow/example_dags/example_nested_branch_dag.py took 0.090 seconds
[2024-07-04T18:06:34.589+0000] {processor.py:161} INFO - Started process (PID=381) to work on /home/airflow/.local/lib/python3.12/site-packages/airflow/example_dags/example_nested_branch_dag.py
[2024-07-04T18:06:34.589+0000] {processor.py:830} INFO - Processing file /home/airflow/.local/lib/python3.12/site-packages/airflow/example_dags/example_nested_branch_dag.py for tasks to queue
[2024-07-04T18:06:34.591+0000] {logging_mixin.py:188} INFO - [2024-07-04T18:06:34.590+0000] {dagbag.py:545} INFO - Filling up the DagBag from /home/airflow/.local/lib/python3.12/site-packages/airflow/example_dags/example_nested_branch_dag.py
[2024-07-04T18:06:34.599+0000] {processor.py:840} INFO - DAG(s) 'example_nested_branch_dag' retrieved from /home/airflow/.local/lib/python3.12/site-packages/airflow/example_dags/example_nested_branch_dag.py
[2024-07-04T18:06:34.618+0000] {logging_mixin.py:188} INFO - [2024-07-04T18:06:34.618+0000] {dag.py:3096} INFO - Sync 1 DAGs
[2024-07-04T18:06:34.639+0000] {logging_mixin.py:188} INFO - [2024-07-04T18:06:34.638+0000] {dag.py:3954} INFO - Setting next_dagrun for example_nested_branch_dag to 2024-07-03 00:00:00+00:00, run_after=2024-07-04 00:00:00+00:00
[2024-07-04T18:06:34.666+0000] {processor.py:183} INFO - Processing /home/airflow/.local/lib/python3.12/site-packages/airflow/example_dags/example_nested_branch_dag.py took 0.082 seconds
[2024-07-04T18:07:04.945+0000] {processor.py:161} INFO - Started process (PID=440) to work on /home/airflow/.local/lib/python3.12/site-packages/airflow/example_dags/example_nested_branch_dag.py
[2024-07-04T18:07:04.946+0000] {processor.py:830} INFO - Processing file /home/airflow/.local/lib/python3.12/site-packages/airflow/example_dags/example_nested_branch_dag.py for tasks to queue
[2024-07-04T18:07:04.947+0000] {logging_mixin.py:188} INFO - [2024-07-04T18:07:04.947+0000] {dagbag.py:545} INFO - Filling up the DagBag from /home/airflow/.local/lib/python3.12/site-packages/airflow/example_dags/example_nested_branch_dag.py
[2024-07-04T18:07:04.956+0000] {processor.py:840} INFO - DAG(s) 'example_nested_branch_dag' retrieved from /home/airflow/.local/lib/python3.12/site-packages/airflow/example_dags/example_nested_branch_dag.py
[2024-07-04T18:07:04.975+0000] {logging_mixin.py:188} INFO - [2024-07-04T18:07:04.975+0000] {dag.py:3096} INFO - Sync 1 DAGs
[2024-07-04T18:07:04.995+0000] {logging_mixin.py:188} INFO - [2024-07-04T18:07:04.995+0000] {dag.py:3954} INFO - Setting next_dagrun for example_nested_branch_dag to 2024-07-03 00:00:00+00:00, run_after=2024-07-04 00:00:00+00:00
[2024-07-04T18:07:05.017+0000] {processor.py:183} INFO - Processing /home/airflow/.local/lib/python3.12/site-packages/airflow/example_dags/example_nested_branch_dag.py took 0.076 seconds
[2024-07-04T18:07:35.370+0000] {processor.py:161} INFO - Started process (PID=497) to work on /home/airflow/.local/lib/python3.12/site-packages/airflow/example_dags/example_nested_branch_dag.py
[2024-07-04T18:07:35.371+0000] {processor.py:830} INFO - Processing file /home/airflow/.local/lib/python3.12/site-packages/airflow/example_dags/example_nested_branch_dag.py for tasks to queue
[2024-07-04T18:07:35.372+0000] {logging_mixin.py:188} INFO - [2024-07-04T18:07:35.372+0000] {dagbag.py:545} INFO - Filling up the DagBag from /home/airflow/.local/lib/python3.12/site-packages/airflow/example_dags/example_nested_branch_dag.py
[2024-07-04T18:07:35.382+0000] {processor.py:840} INFO - DAG(s) 'example_nested_branch_dag' retrieved from /home/airflow/.local/lib/python3.12/site-packages/airflow/example_dags/example_nested_branch_dag.py
[2024-07-04T18:07:35.402+0000] {logging_mixin.py:188} INFO - [2024-07-04T18:07:35.402+0000] {dag.py:3096} INFO - Sync 1 DAGs
[2024-07-04T18:07:35.425+0000] {logging_mixin.py:188} INFO - [2024-07-04T18:07:35.425+0000] {dag.py:3954} INFO - Setting next_dagrun for example_nested_branch_dag to 2024-07-03 00:00:00+00:00, run_after=2024-07-04 00:00:00+00:00
[2024-07-04T18:07:35.448+0000] {processor.py:183} INFO - Processing /home/airflow/.local/lib/python3.12/site-packages/airflow/example_dags/example_nested_branch_dag.py took 0.083 seconds
[2024-07-04T18:08:05.783+0000] {processor.py:161} INFO - Started process (PID=555) to work on /home/airflow/.local/lib/python3.12/site-packages/airflow/example_dags/example_nested_branch_dag.py
[2024-07-04T18:08:05.783+0000] {processor.py:830} INFO - Processing file /home/airflow/.local/lib/python3.12/site-packages/airflow/example_dags/example_nested_branch_dag.py for tasks to queue
[2024-07-04T18:08:05.785+0000] {logging_mixin.py:188} INFO - [2024-07-04T18:08:05.784+0000] {dagbag.py:545} INFO - Filling up the DagBag from /home/airflow/.local/lib/python3.12/site-packages/airflow/example_dags/example_nested_branch_dag.py
[2024-07-04T18:08:05.793+0000] {processor.py:840} INFO - DAG(s) 'example_nested_branch_dag' retrieved from /home/airflow/.local/lib/python3.12/site-packages/airflow/example_dags/example_nested_branch_dag.py
[2024-07-04T18:08:05.812+0000] {logging_mixin.py:188} INFO - [2024-07-04T18:08:05.812+0000] {dag.py:3096} INFO - Sync 1 DAGs
[2024-07-04T18:08:05.833+0000] {logging_mixin.py:188} INFO - [2024-07-04T18:08:05.833+0000] {dag.py:3954} INFO - Setting next_dagrun for example_nested_branch_dag to 2024-07-03 00:00:00+00:00, run_after=2024-07-04 00:00:00+00:00
[2024-07-04T18:08:05.857+0000] {processor.py:183} INFO - Processing /home/airflow/.local/lib/python3.12/site-packages/airflow/example_dags/example_nested_branch_dag.py took 0.079 seconds
[2024-07-04T18:08:36.408+0000] {processor.py:161} INFO - Started process (PID=613) to work on /home/airflow/.local/lib/python3.12/site-packages/airflow/example_dags/example_nested_branch_dag.py
[2024-07-04T18:08:36.409+0000] {processor.py:830} INFO - Processing file /home/airflow/.local/lib/python3.12/site-packages/airflow/example_dags/example_nested_branch_dag.py for tasks to queue
[2024-07-04T18:08:36.410+0000] {logging_mixin.py:188} INFO - [2024-07-04T18:08:36.410+0000] {dagbag.py:545} INFO - Filling up the DagBag from /home/airflow/.local/lib/python3.12/site-packages/airflow/example_dags/example_nested_branch_dag.py
[2024-07-04T18:08:36.419+0000] {processor.py:840} INFO - DAG(s) 'example_nested_branch_dag' retrieved from /home/airflow/.local/lib/python3.12/site-packages/airflow/example_dags/example_nested_branch_dag.py
[2024-07-04T18:08:36.439+0000] {logging_mixin.py:188} INFO - [2024-07-04T18:08:36.439+0000] {dag.py:3096} INFO - Sync 1 DAGs
[2024-07-04T18:08:36.462+0000] {logging_mixin.py:188} INFO - [2024-07-04T18:08:36.462+0000] {dag.py:3954} INFO - Setting next_dagrun for example_nested_branch_dag to 2024-07-03 00:00:00+00:00, run_after=2024-07-04 00:00:00+00:00
[2024-07-04T18:08:36.489+0000] {processor.py:183} INFO - Processing /home/airflow/.local/lib/python3.12/site-packages/airflow/example_dags/example_nested_branch_dag.py took 0.086 seconds
[2024-07-04T18:09:07.096+0000] {processor.py:161} INFO - Started process (PID=670) to work on /home/airflow/.local/lib/python3.12/site-packages/airflow/example_dags/example_nested_branch_dag.py
[2024-07-04T18:09:07.099+0000] {processor.py:830} INFO - Processing file /home/airflow/.local/lib/python3.12/site-packages/airflow/example_dags/example_nested_branch_dag.py for tasks to queue
[2024-07-04T18:09:07.100+0000] {logging_mixin.py:188} INFO - [2024-07-04T18:09:07.100+0000] {dagbag.py:545} INFO - Filling up the DagBag from /home/airflow/.local/lib/python3.12/site-packages/airflow/example_dags/example_nested_branch_dag.py
[2024-07-04T18:09:07.108+0000] {processor.py:840} INFO - DAG(s) 'example_nested_branch_dag' retrieved from /home/airflow/.local/lib/python3.12/site-packages/airflow/example_dags/example_nested_branch_dag.py
[2024-07-04T18:09:07.127+0000] {logging_mixin.py:188} INFO - [2024-07-04T18:09:07.127+0000] {dag.py:3096} INFO - Sync 1 DAGs
[2024-07-04T18:09:07.148+0000] {logging_mixin.py:188} INFO - [2024-07-04T18:09:07.148+0000] {dag.py:3954} INFO - Setting next_dagrun for example_nested_branch_dag to 2024-07-03 00:00:00+00:00, run_after=2024-07-04 00:00:00+00:00
[2024-07-04T18:09:07.168+0000] {processor.py:183} INFO - Processing /home/airflow/.local/lib/python3.12/site-packages/airflow/example_dags/example_nested_branch_dag.py took 0.077 seconds
[2024-07-04T18:09:37.521+0000] {processor.py:161} INFO - Started process (PID=728) to work on /home/airflow/.local/lib/python3.12/site-packages/airflow/example_dags/example_nested_branch_dag.py
[2024-07-04T18:09:37.522+0000] {processor.py:830} INFO - Processing file /home/airflow/.local/lib/python3.12/site-packages/airflow/example_dags/example_nested_branch_dag.py for tasks to queue
[2024-07-04T18:09:37.523+0000] {logging_mixin.py:188} INFO - [2024-07-04T18:09:37.523+0000] {dagbag.py:545} INFO - Filling up the DagBag from /home/airflow/.local/lib/python3.12/site-packages/airflow/example_dags/example_nested_branch_dag.py
[2024-07-04T18:09:37.532+0000] {processor.py:840} INFO - DAG(s) 'example_nested_branch_dag' retrieved from /home/airflow/.local/lib/python3.12/site-packages/airflow/example_dags/example_nested_branch_dag.py
[2024-07-04T18:09:37.551+0000] {logging_mixin.py:188} INFO - [2024-07-04T18:09:37.550+0000] {dag.py:3096} INFO - Sync 1 DAGs
[2024-07-04T18:09:37.572+0000] {logging_mixin.py:188} INFO - [2024-07-04T18:09:37.572+0000] {dag.py:3954} INFO - Setting next_dagrun for example_nested_branch_dag to 2024-07-03 00:00:00+00:00, run_after=2024-07-04 00:00:00+00:00
[2024-07-04T18:09:37.592+0000] {processor.py:183} INFO - Processing /home/airflow/.local/lib/python3.12/site-packages/airflow/example_dags/example_nested_branch_dag.py took 0.076 seconds
[2024-07-04T18:10:07.638+0000] {processor.py:161} INFO - Started process (PID=786) to work on /home/airflow/.local/lib/python3.12/site-packages/airflow/example_dags/example_nested_branch_dag.py
[2024-07-04T18:10:07.639+0000] {processor.py:830} INFO - Processing file /home/airflow/.local/lib/python3.12/site-packages/airflow/example_dags/example_nested_branch_dag.py for tasks to queue
[2024-07-04T18:10:07.640+0000] {logging_mixin.py:188} INFO - [2024-07-04T18:10:07.640+0000] {dagbag.py:545} INFO - Filling up the DagBag from /home/airflow/.local/lib/python3.12/site-packages/airflow/example_dags/example_nested_branch_dag.py
[2024-07-04T18:10:07.649+0000] {processor.py:840} INFO - DAG(s) 'example_nested_branch_dag' retrieved from /home/airflow/.local/lib/python3.12/site-packages/airflow/example_dags/example_nested_branch_dag.py
[2024-07-04T18:10:07.668+0000] {logging_mixin.py:188} INFO - [2024-07-04T18:10:07.668+0000] {dag.py:3096} INFO - Sync 1 DAGs
[2024-07-04T18:10:07.689+0000] {logging_mixin.py:188} INFO - [2024-07-04T18:10:07.689+0000] {dag.py:3954} INFO - Setting next_dagrun for example_nested_branch_dag to 2024-07-03 00:00:00+00:00, run_after=2024-07-04 00:00:00+00:00
[2024-07-04T18:10:07.716+0000] {processor.py:183} INFO - Processing /home/airflow/.local/lib/python3.12/site-packages/airflow/example_dags/example_nested_branch_dag.py took 0.082 seconds
