[2024-07-04T17:38:46.490+0000] {processor.py:161} INFO - Started process (PID=68) to work on /home/airflow/.local/lib/python3.12/site-packages/airflow/example_dags/example_short_circuit_operator.py
[2024-07-04T17:38:46.491+0000] {processor.py:830} INFO - Processing file /home/airflow/.local/lib/python3.12/site-packages/airflow/example_dags/example_short_circuit_operator.py for tasks to queue
[2024-07-04T17:38:46.492+0000] {logging_mixin.py:188} INFO - [2024-07-04T17:38:46.492+0000] {dagbag.py:545} INFO - Filling up the DagBag from /home/airflow/.local/lib/python3.12/site-packages/airflow/example_dags/example_short_circuit_operator.py
[2024-07-04T17:38:46.502+0000] {processor.py:840} INFO - DAG(s) 'example_short_circuit_operator' retrieved from /home/airflow/.local/lib/python3.12/site-packages/airflow/example_dags/example_short_circuit_operator.py
[2024-07-04T17:38:46.728+0000] {logging_mixin.py:188} INFO - [2024-07-04T17:38:46.728+0000] {override.py:1829} INFO - Created Permission View: can read on DAG:example_short_circuit_operator
[2024-07-04T17:38:46.862+0000] {logging_mixin.py:188} INFO - [2024-07-04T17:38:46.861+0000] {override.py:1829} INFO - Created Permission View: can edit on DAG:example_short_circuit_operator
[2024-07-04T17:38:46.898+0000] {logging_mixin.py:188} INFO - [2024-07-04T17:38:46.898+0000] {override.py:1829} INFO - Created Permission View: can delete on DAG:example_short_circuit_operator
[2024-07-04T17:38:46.900+0000] {logging_mixin.py:188} INFO - [2024-07-04T17:38:46.899+0000] {dag.py:3096} INFO - Sync 1 DAGs
[2024-07-04T17:38:46.951+0000] {logging_mixin.py:188} INFO - [2024-07-04T17:38:46.951+0000] {dag.py:3118} INFO - Creating ORM DAG for example_short_circuit_operator
[2024-07-04T17:38:46.978+0000] {logging_mixin.py:188} INFO - [2024-07-04T17:38:46.978+0000] {dag.py:3954} INFO - Setting next_dagrun for example_short_circuit_operator to 2024-07-03 00:00:00+00:00, run_after=2024-07-04 00:00:00+00:00
[2024-07-04T17:38:47.031+0000] {processor.py:183} INFO - Processing /home/airflow/.local/lib/python3.12/site-packages/airflow/example_dags/example_short_circuit_operator.py took 0.545 seconds
[2024-07-04T17:39:17.775+0000] {processor.py:161} INFO - Started process (PID=126) to work on /home/airflow/.local/lib/python3.12/site-packages/airflow/example_dags/example_short_circuit_operator.py
[2024-07-04T17:39:17.782+0000] {processor.py:830} INFO - Processing file /home/airflow/.local/lib/python3.12/site-packages/airflow/example_dags/example_short_circuit_operator.py for tasks to queue
[2024-07-04T17:39:17.784+0000] {logging_mixin.py:188} INFO - [2024-07-04T17:39:17.784+0000] {dagbag.py:545} INFO - Filling up the DagBag from /home/airflow/.local/lib/python3.12/site-packages/airflow/example_dags/example_short_circuit_operator.py
[2024-07-04T17:39:17.791+0000] {processor.py:840} INFO - DAG(s) 'example_short_circuit_operator' retrieved from /home/airflow/.local/lib/python3.12/site-packages/airflow/example_dags/example_short_circuit_operator.py
[2024-07-04T17:39:17.816+0000] {logging_mixin.py:188} INFO - [2024-07-04T17:39:17.815+0000] {dag.py:3096} INFO - Sync 1 DAGs
[2024-07-04T17:39:17.836+0000] {logging_mixin.py:188} INFO - [2024-07-04T17:39:17.836+0000] {dag.py:3954} INFO - Setting next_dagrun for example_short_circuit_operator to 2024-07-03 00:00:00+00:00, run_after=2024-07-04 00:00:00+00:00
[2024-07-04T17:39:17.857+0000] {processor.py:183} INFO - Processing /home/airflow/.local/lib/python3.12/site-packages/airflow/example_dags/example_short_circuit_operator.py took 0.088 seconds
[2024-07-04T17:44:56.440+0000] {processor.py:161} INFO - Started process (PID=61) to work on /home/airflow/.local/lib/python3.12/site-packages/airflow/example_dags/example_short_circuit_operator.py
[2024-07-04T17:44:56.441+0000] {processor.py:830} INFO - Processing file /home/airflow/.local/lib/python3.12/site-packages/airflow/example_dags/example_short_circuit_operator.py for tasks to queue
[2024-07-04T17:44:56.443+0000] {logging_mixin.py:188} INFO - [2024-07-04T17:44:56.443+0000] {dagbag.py:545} INFO - Filling up the DagBag from /home/airflow/.local/lib/python3.12/site-packages/airflow/example_dags/example_short_circuit_operator.py
[2024-07-04T17:44:56.455+0000] {processor.py:840} INFO - DAG(s) 'example_short_circuit_operator' retrieved from /home/airflow/.local/lib/python3.12/site-packages/airflow/example_dags/example_short_circuit_operator.py
[2024-07-04T17:44:56.629+0000] {logging_mixin.py:188} INFO - [2024-07-04T17:44:56.628+0000] {dag.py:3096} INFO - Sync 1 DAGs
[2024-07-04T17:44:56.657+0000] {logging_mixin.py:188} INFO - [2024-07-04T17:44:56.657+0000] {dag.py:3954} INFO - Setting next_dagrun for example_short_circuit_operator to 2024-07-03 00:00:00+00:00, run_after=2024-07-04 00:00:00+00:00
[2024-07-04T17:44:56.696+0000] {processor.py:183} INFO - Processing /home/airflow/.local/lib/python3.12/site-packages/airflow/example_dags/example_short_circuit_operator.py took 0.262 seconds
[2024-07-04T17:45:27.512+0000] {processor.py:161} INFO - Started process (PID=119) to work on /home/airflow/.local/lib/python3.12/site-packages/airflow/example_dags/example_short_circuit_operator.py
[2024-07-04T17:45:27.512+0000] {processor.py:830} INFO - Processing file /home/airflow/.local/lib/python3.12/site-packages/airflow/example_dags/example_short_circuit_operator.py for tasks to queue
[2024-07-04T17:45:27.514+0000] {logging_mixin.py:188} INFO - [2024-07-04T17:45:27.514+0000] {dagbag.py:545} INFO - Filling up the DagBag from /home/airflow/.local/lib/python3.12/site-packages/airflow/example_dags/example_short_circuit_operator.py
[2024-07-04T17:45:27.522+0000] {processor.py:840} INFO - DAG(s) 'example_short_circuit_operator' retrieved from /home/airflow/.local/lib/python3.12/site-packages/airflow/example_dags/example_short_circuit_operator.py
[2024-07-04T17:45:27.544+0000] {logging_mixin.py:188} INFO - [2024-07-04T17:45:27.544+0000] {dag.py:3096} INFO - Sync 1 DAGs
[2024-07-04T17:45:27.565+0000] {logging_mixin.py:188} INFO - [2024-07-04T17:45:27.564+0000] {dag.py:3954} INFO - Setting next_dagrun for example_short_circuit_operator to 2024-07-03 00:00:00+00:00, run_after=2024-07-04 00:00:00+00:00
[2024-07-04T17:45:27.587+0000] {processor.py:183} INFO - Processing /home/airflow/.local/lib/python3.12/site-packages/airflow/example_dags/example_short_circuit_operator.py took 0.081 seconds
[2024-07-04T17:45:57.713+0000] {processor.py:161} INFO - Started process (PID=177) to work on /home/airflow/.local/lib/python3.12/site-packages/airflow/example_dags/example_short_circuit_operator.py
[2024-07-04T17:45:57.714+0000] {processor.py:830} INFO - Processing file /home/airflow/.local/lib/python3.12/site-packages/airflow/example_dags/example_short_circuit_operator.py for tasks to queue
[2024-07-04T17:45:57.715+0000] {logging_mixin.py:188} INFO - [2024-07-04T17:45:57.715+0000] {dagbag.py:545} INFO - Filling up the DagBag from /home/airflow/.local/lib/python3.12/site-packages/airflow/example_dags/example_short_circuit_operator.py
[2024-07-04T17:45:57.722+0000] {processor.py:840} INFO - DAG(s) 'example_short_circuit_operator' retrieved from /home/airflow/.local/lib/python3.12/site-packages/airflow/example_dags/example_short_circuit_operator.py
[2024-07-04T17:45:57.746+0000] {logging_mixin.py:188} INFO - [2024-07-04T17:45:57.746+0000] {dag.py:3096} INFO - Sync 1 DAGs
[2024-07-04T17:45:57.769+0000] {logging_mixin.py:188} INFO - [2024-07-04T17:45:57.769+0000] {dag.py:3954} INFO - Setting next_dagrun for example_short_circuit_operator to 2024-07-03 00:00:00+00:00, run_after=2024-07-04 00:00:00+00:00
[2024-07-04T17:45:57.790+0000] {processor.py:183} INFO - Processing /home/airflow/.local/lib/python3.12/site-packages/airflow/example_dags/example_short_circuit_operator.py took 0.082 seconds
[2024-07-04T17:46:28.006+0000] {processor.py:161} INFO - Started process (PID=235) to work on /home/airflow/.local/lib/python3.12/site-packages/airflow/example_dags/example_short_circuit_operator.py
[2024-07-04T17:46:28.007+0000] {processor.py:830} INFO - Processing file /home/airflow/.local/lib/python3.12/site-packages/airflow/example_dags/example_short_circuit_operator.py for tasks to queue
[2024-07-04T17:46:28.009+0000] {logging_mixin.py:188} INFO - [2024-07-04T17:46:28.009+0000] {dagbag.py:545} INFO - Filling up the DagBag from /home/airflow/.local/lib/python3.12/site-packages/airflow/example_dags/example_short_circuit_operator.py
[2024-07-04T17:46:28.015+0000] {processor.py:840} INFO - DAG(s) 'example_short_circuit_operator' retrieved from /home/airflow/.local/lib/python3.12/site-packages/airflow/example_dags/example_short_circuit_operator.py
[2024-07-04T17:46:28.037+0000] {logging_mixin.py:188} INFO - [2024-07-04T17:46:28.037+0000] {dag.py:3096} INFO - Sync 1 DAGs
[2024-07-04T17:46:28.058+0000] {logging_mixin.py:188} INFO - [2024-07-04T17:46:28.058+0000] {dag.py:3954} INFO - Setting next_dagrun for example_short_circuit_operator to 2024-07-03 00:00:00+00:00, run_after=2024-07-04 00:00:00+00:00
[2024-07-04T17:46:28.077+0000] {processor.py:183} INFO - Processing /home/airflow/.local/lib/python3.12/site-packages/airflow/example_dags/example_short_circuit_operator.py took 0.076 seconds
[2024-07-04T18:03:57.956+0000] {processor.py:161} INFO - Started process (PID=61) to work on /home/airflow/.local/lib/python3.12/site-packages/airflow/example_dags/example_short_circuit_operator.py
[2024-07-04T18:03:57.957+0000] {processor.py:830} INFO - Processing file /home/airflow/.local/lib/python3.12/site-packages/airflow/example_dags/example_short_circuit_operator.py for tasks to queue
[2024-07-04T18:03:57.960+0000] {logging_mixin.py:188} INFO - [2024-07-04T18:03:57.959+0000] {dagbag.py:545} INFO - Filling up the DagBag from /home/airflow/.local/lib/python3.12/site-packages/airflow/example_dags/example_short_circuit_operator.py
[2024-07-04T18:03:57.978+0000] {processor.py:840} INFO - DAG(s) 'example_short_circuit_operator' retrieved from /home/airflow/.local/lib/python3.12/site-packages/airflow/example_dags/example_short_circuit_operator.py
[2024-07-04T18:03:58.240+0000] {logging_mixin.py:188} INFO - [2024-07-04T18:03:58.240+0000] {dag.py:3096} INFO - Sync 1 DAGs
[2024-07-04T18:03:58.282+0000] {logging_mixin.py:188} INFO - [2024-07-04T18:03:58.282+0000] {dag.py:3954} INFO - Setting next_dagrun for example_short_circuit_operator to 2024-07-03 00:00:00+00:00, run_after=2024-07-04 00:00:00+00:00
[2024-07-04T18:03:58.325+0000] {processor.py:183} INFO - Processing /home/airflow/.local/lib/python3.12/site-packages/airflow/example_dags/example_short_circuit_operator.py took 0.379 seconds
[2024-07-04T18:04:28.437+0000] {processor.py:161} INFO - Started process (PID=119) to work on /home/airflow/.local/lib/python3.12/site-packages/airflow/example_dags/example_short_circuit_operator.py
[2024-07-04T18:04:28.437+0000] {processor.py:830} INFO - Processing file /home/airflow/.local/lib/python3.12/site-packages/airflow/example_dags/example_short_circuit_operator.py for tasks to queue
[2024-07-04T18:04:28.439+0000] {logging_mixin.py:188} INFO - [2024-07-04T18:04:28.439+0000] {dagbag.py:545} INFO - Filling up the DagBag from /home/airflow/.local/lib/python3.12/site-packages/airflow/example_dags/example_short_circuit_operator.py
[2024-07-04T18:04:28.445+0000] {processor.py:840} INFO - DAG(s) 'example_short_circuit_operator' retrieved from /home/airflow/.local/lib/python3.12/site-packages/airflow/example_dags/example_short_circuit_operator.py
[2024-07-04T18:04:28.467+0000] {logging_mixin.py:188} INFO - [2024-07-04T18:04:28.466+0000] {dag.py:3096} INFO - Sync 1 DAGs
[2024-07-04T18:04:28.487+0000] {logging_mixin.py:188} INFO - [2024-07-04T18:04:28.487+0000] {dag.py:3954} INFO - Setting next_dagrun for example_short_circuit_operator to 2024-07-03 00:00:00+00:00, run_after=2024-07-04 00:00:00+00:00
[2024-07-04T18:04:28.507+0000] {processor.py:183} INFO - Processing /home/airflow/.local/lib/python3.12/site-packages/airflow/example_dags/example_short_circuit_operator.py took 0.075 seconds
[2024-07-04T18:04:59.157+0000] {processor.py:161} INFO - Started process (PID=176) to work on /home/airflow/.local/lib/python3.12/site-packages/airflow/example_dags/example_short_circuit_operator.py
[2024-07-04T18:04:59.158+0000] {processor.py:830} INFO - Processing file /home/airflow/.local/lib/python3.12/site-packages/airflow/example_dags/example_short_circuit_operator.py for tasks to queue
[2024-07-04T18:04:59.160+0000] {logging_mixin.py:188} INFO - [2024-07-04T18:04:59.159+0000] {dagbag.py:545} INFO - Filling up the DagBag from /home/airflow/.local/lib/python3.12/site-packages/airflow/example_dags/example_short_circuit_operator.py
[2024-07-04T18:04:59.166+0000] {processor.py:840} INFO - DAG(s) 'example_short_circuit_operator' retrieved from /home/airflow/.local/lib/python3.12/site-packages/airflow/example_dags/example_short_circuit_operator.py
[2024-07-04T18:04:59.197+0000] {logging_mixin.py:188} INFO - [2024-07-04T18:04:59.196+0000] {dag.py:3096} INFO - Sync 1 DAGs
[2024-07-04T18:04:59.223+0000] {logging_mixin.py:188} INFO - [2024-07-04T18:04:59.223+0000] {dag.py:3954} INFO - Setting next_dagrun for example_short_circuit_operator to 2024-07-03 00:00:00+00:00, run_after=2024-07-04 00:00:00+00:00
[2024-07-04T18:04:59.245+0000] {processor.py:183} INFO - Processing /home/airflow/.local/lib/python3.12/site-packages/airflow/example_dags/example_short_circuit_operator.py took 0.094 seconds
[2024-07-04T18:05:29.416+0000] {processor.py:161} INFO - Started process (PID=234) to work on /home/airflow/.local/lib/python3.12/site-packages/airflow/example_dags/example_short_circuit_operator.py
[2024-07-04T18:05:29.417+0000] {processor.py:830} INFO - Processing file /home/airflow/.local/lib/python3.12/site-packages/airflow/example_dags/example_short_circuit_operator.py for tasks to queue
[2024-07-04T18:05:29.418+0000] {logging_mixin.py:188} INFO - [2024-07-04T18:05:29.418+0000] {dagbag.py:545} INFO - Filling up the DagBag from /home/airflow/.local/lib/python3.12/site-packages/airflow/example_dags/example_short_circuit_operator.py
[2024-07-04T18:05:29.426+0000] {processor.py:840} INFO - DAG(s) 'example_short_circuit_operator' retrieved from /home/airflow/.local/lib/python3.12/site-packages/airflow/example_dags/example_short_circuit_operator.py
[2024-07-04T18:05:29.447+0000] {logging_mixin.py:188} INFO - [2024-07-04T18:05:29.447+0000] {dag.py:3096} INFO - Sync 1 DAGs
[2024-07-04T18:05:29.467+0000] {logging_mixin.py:188} INFO - [2024-07-04T18:05:29.467+0000] {dag.py:3954} INFO - Setting next_dagrun for example_short_circuit_operator to 2024-07-03 00:00:00+00:00, run_after=2024-07-04 00:00:00+00:00
[2024-07-04T18:05:29.488+0000] {processor.py:183} INFO - Processing /home/airflow/.local/lib/python3.12/site-packages/airflow/example_dags/example_short_circuit_operator.py took 0.076 seconds
[2024-07-04T18:05:59.913+0000] {processor.py:161} INFO - Started process (PID=293) to work on /home/airflow/.local/lib/python3.12/site-packages/airflow/example_dags/example_short_circuit_operator.py
[2024-07-04T18:05:59.914+0000] {processor.py:830} INFO - Processing file /home/airflow/.local/lib/python3.12/site-packages/airflow/example_dags/example_short_circuit_operator.py for tasks to queue
[2024-07-04T18:05:59.916+0000] {logging_mixin.py:188} INFO - [2024-07-04T18:05:59.916+0000] {dagbag.py:545} INFO - Filling up the DagBag from /home/airflow/.local/lib/python3.12/site-packages/airflow/example_dags/example_short_circuit_operator.py
[2024-07-04T18:05:59.924+0000] {processor.py:840} INFO - DAG(s) 'example_short_circuit_operator' retrieved from /home/airflow/.local/lib/python3.12/site-packages/airflow/example_dags/example_short_circuit_operator.py
[2024-07-04T18:05:59.947+0000] {logging_mixin.py:188} INFO - [2024-07-04T18:05:59.947+0000] {dag.py:3096} INFO - Sync 1 DAGs
[2024-07-04T18:05:59.968+0000] {logging_mixin.py:188} INFO - [2024-07-04T18:05:59.968+0000] {dag.py:3954} INFO - Setting next_dagrun for example_short_circuit_operator to 2024-07-03 00:00:00+00:00, run_after=2024-07-04 00:00:00+00:00
[2024-07-04T18:05:59.990+0000] {processor.py:183} INFO - Processing /home/airflow/.local/lib/python3.12/site-packages/airflow/example_dags/example_short_circuit_operator.py took 0.082 seconds
[2024-07-04T18:06:30.313+0000] {processor.py:161} INFO - Started process (PID=358) to work on /home/airflow/.local/lib/python3.12/site-packages/airflow/example_dags/example_short_circuit_operator.py
[2024-07-04T18:06:30.314+0000] {processor.py:830} INFO - Processing file /home/airflow/.local/lib/python3.12/site-packages/airflow/example_dags/example_short_circuit_operator.py for tasks to queue
[2024-07-04T18:06:30.315+0000] {logging_mixin.py:188} INFO - [2024-07-04T18:06:30.315+0000] {dagbag.py:545} INFO - Filling up the DagBag from /home/airflow/.local/lib/python3.12/site-packages/airflow/example_dags/example_short_circuit_operator.py
[2024-07-04T18:06:30.322+0000] {processor.py:840} INFO - DAG(s) 'example_short_circuit_operator' retrieved from /home/airflow/.local/lib/python3.12/site-packages/airflow/example_dags/example_short_circuit_operator.py
[2024-07-04T18:06:30.347+0000] {logging_mixin.py:188} INFO - [2024-07-04T18:06:30.346+0000] {dag.py:3096} INFO - Sync 1 DAGs
[2024-07-04T18:06:30.370+0000] {logging_mixin.py:188} INFO - [2024-07-04T18:06:30.370+0000] {dag.py:3954} INFO - Setting next_dagrun for example_short_circuit_operator to 2024-07-03 00:00:00+00:00, run_after=2024-07-04 00:00:00+00:00
[2024-07-04T18:06:30.391+0000] {processor.py:183} INFO - Processing /home/airflow/.local/lib/python3.12/site-packages/airflow/example_dags/example_short_circuit_operator.py took 0.084 seconds
[2024-07-04T18:07:00.723+0000] {processor.py:161} INFO - Started process (PID=417) to work on /home/airflow/.local/lib/python3.12/site-packages/airflow/example_dags/example_short_circuit_operator.py
[2024-07-04T18:07:00.723+0000] {processor.py:830} INFO - Processing file /home/airflow/.local/lib/python3.12/site-packages/airflow/example_dags/example_short_circuit_operator.py for tasks to queue
[2024-07-04T18:07:00.725+0000] {logging_mixin.py:188} INFO - [2024-07-04T18:07:00.725+0000] {dagbag.py:545} INFO - Filling up the DagBag from /home/airflow/.local/lib/python3.12/site-packages/airflow/example_dags/example_short_circuit_operator.py
[2024-07-04T18:07:00.734+0000] {processor.py:840} INFO - DAG(s) 'example_short_circuit_operator' retrieved from /home/airflow/.local/lib/python3.12/site-packages/airflow/example_dags/example_short_circuit_operator.py
[2024-07-04T18:07:00.758+0000] {logging_mixin.py:188} INFO - [2024-07-04T18:07:00.758+0000] {dag.py:3096} INFO - Sync 1 DAGs
[2024-07-04T18:07:00.780+0000] {logging_mixin.py:188} INFO - [2024-07-04T18:07:00.779+0000] {dag.py:3954} INFO - Setting next_dagrun for example_short_circuit_operator to 2024-07-03 00:00:00+00:00, run_after=2024-07-04 00:00:00+00:00
[2024-07-04T18:07:00.802+0000] {processor.py:183} INFO - Processing /home/airflow/.local/lib/python3.12/site-packages/airflow/example_dags/example_short_circuit_operator.py took 0.085 seconds
[2024-07-04T18:07:31.074+0000] {processor.py:161} INFO - Started process (PID=474) to work on /home/airflow/.local/lib/python3.12/site-packages/airflow/example_dags/example_short_circuit_operator.py
[2024-07-04T18:07:31.075+0000] {processor.py:830} INFO - Processing file /home/airflow/.local/lib/python3.12/site-packages/airflow/example_dags/example_short_circuit_operator.py for tasks to queue
[2024-07-04T18:07:31.077+0000] {logging_mixin.py:188} INFO - [2024-07-04T18:07:31.076+0000] {dagbag.py:545} INFO - Filling up the DagBag from /home/airflow/.local/lib/python3.12/site-packages/airflow/example_dags/example_short_circuit_operator.py
[2024-07-04T18:07:31.087+0000] {processor.py:840} INFO - DAG(s) 'example_short_circuit_operator' retrieved from /home/airflow/.local/lib/python3.12/site-packages/airflow/example_dags/example_short_circuit_operator.py
[2024-07-04T18:07:31.118+0000] {logging_mixin.py:188} INFO - [2024-07-04T18:07:31.118+0000] {dag.py:3096} INFO - Sync 1 DAGs
[2024-07-04T18:07:31.152+0000] {logging_mixin.py:188} INFO - [2024-07-04T18:07:31.152+0000] {dag.py:3954} INFO - Setting next_dagrun for example_short_circuit_operator to 2024-07-03 00:00:00+00:00, run_after=2024-07-04 00:00:00+00:00
[2024-07-04T18:07:31.184+0000] {processor.py:183} INFO - Processing /home/airflow/.local/lib/python3.12/site-packages/airflow/example_dags/example_short_circuit_operator.py took 0.115 seconds
[2024-07-04T18:08:01.605+0000] {processor.py:161} INFO - Started process (PID=532) to work on /home/airflow/.local/lib/python3.12/site-packages/airflow/example_dags/example_short_circuit_operator.py
[2024-07-04T18:08:01.606+0000] {processor.py:830} INFO - Processing file /home/airflow/.local/lib/python3.12/site-packages/airflow/example_dags/example_short_circuit_operator.py for tasks to queue
[2024-07-04T18:08:01.607+0000] {logging_mixin.py:188} INFO - [2024-07-04T18:08:01.607+0000] {dagbag.py:545} INFO - Filling up the DagBag from /home/airflow/.local/lib/python3.12/site-packages/airflow/example_dags/example_short_circuit_operator.py
[2024-07-04T18:08:01.617+0000] {processor.py:840} INFO - DAG(s) 'example_short_circuit_operator' retrieved from /home/airflow/.local/lib/python3.12/site-packages/airflow/example_dags/example_short_circuit_operator.py
[2024-07-04T18:08:01.645+0000] {logging_mixin.py:188} INFO - [2024-07-04T18:08:01.645+0000] {dag.py:3096} INFO - Sync 1 DAGs
[2024-07-04T18:08:01.671+0000] {logging_mixin.py:188} INFO - [2024-07-04T18:08:01.671+0000] {dag.py:3954} INFO - Setting next_dagrun for example_short_circuit_operator to 2024-07-03 00:00:00+00:00, run_after=2024-07-04 00:00:00+00:00
[2024-07-04T18:08:01.697+0000] {processor.py:183} INFO - Processing /home/airflow/.local/lib/python3.12/site-packages/airflow/example_dags/example_short_circuit_operator.py took 0.096 seconds
[2024-07-04T18:08:32.302+0000] {processor.py:161} INFO - Started process (PID=590) to work on /home/airflow/.local/lib/python3.12/site-packages/airflow/example_dags/example_short_circuit_operator.py
[2024-07-04T18:08:32.303+0000] {processor.py:830} INFO - Processing file /home/airflow/.local/lib/python3.12/site-packages/airflow/example_dags/example_short_circuit_operator.py for tasks to queue
[2024-07-04T18:08:32.305+0000] {logging_mixin.py:188} INFO - [2024-07-04T18:08:32.304+0000] {dagbag.py:545} INFO - Filling up the DagBag from /home/airflow/.local/lib/python3.12/site-packages/airflow/example_dags/example_short_circuit_operator.py
[2024-07-04T18:08:32.312+0000] {processor.py:840} INFO - DAG(s) 'example_short_circuit_operator' retrieved from /home/airflow/.local/lib/python3.12/site-packages/airflow/example_dags/example_short_circuit_operator.py
[2024-07-04T18:08:32.333+0000] {logging_mixin.py:188} INFO - [2024-07-04T18:08:32.333+0000] {dag.py:3096} INFO - Sync 1 DAGs
[2024-07-04T18:08:32.353+0000] {logging_mixin.py:188} INFO - [2024-07-04T18:08:32.353+0000] {dag.py:3954} INFO - Setting next_dagrun for example_short_circuit_operator to 2024-07-03 00:00:00+00:00, run_after=2024-07-04 00:00:00+00:00
[2024-07-04T18:08:32.375+0000] {processor.py:183} INFO - Processing /home/airflow/.local/lib/python3.12/site-packages/airflow/example_dags/example_short_circuit_operator.py took 0.078 seconds
[2024-07-04T18:09:02.987+0000] {processor.py:161} INFO - Started process (PID=647) to work on /home/airflow/.local/lib/python3.12/site-packages/airflow/example_dags/example_short_circuit_operator.py
[2024-07-04T18:09:02.988+0000] {processor.py:830} INFO - Processing file /home/airflow/.local/lib/python3.12/site-packages/airflow/example_dags/example_short_circuit_operator.py for tasks to queue
[2024-07-04T18:09:02.990+0000] {logging_mixin.py:188} INFO - [2024-07-04T18:09:02.990+0000] {dagbag.py:545} INFO - Filling up the DagBag from /home/airflow/.local/lib/python3.12/site-packages/airflow/example_dags/example_short_circuit_operator.py
[2024-07-04T18:09:02.997+0000] {processor.py:840} INFO - DAG(s) 'example_short_circuit_operator' retrieved from /home/airflow/.local/lib/python3.12/site-packages/airflow/example_dags/example_short_circuit_operator.py
[2024-07-04T18:09:03.020+0000] {logging_mixin.py:188} INFO - [2024-07-04T18:09:03.020+0000] {dag.py:3096} INFO - Sync 1 DAGs
[2024-07-04T18:09:03.041+0000] {logging_mixin.py:188} INFO - [2024-07-04T18:09:03.041+0000] {dag.py:3954} INFO - Setting next_dagrun for example_short_circuit_operator to 2024-07-03 00:00:00+00:00, run_after=2024-07-04 00:00:00+00:00
[2024-07-04T18:09:03.059+0000] {processor.py:183} INFO - Processing /home/airflow/.local/lib/python3.12/site-packages/airflow/example_dags/example_short_circuit_operator.py took 0.078 seconds
[2024-07-04T18:09:33.094+0000] {processor.py:161} INFO - Started process (PID=705) to work on /home/airflow/.local/lib/python3.12/site-packages/airflow/example_dags/example_short_circuit_operator.py
[2024-07-04T18:09:33.095+0000] {processor.py:830} INFO - Processing file /home/airflow/.local/lib/python3.12/site-packages/airflow/example_dags/example_short_circuit_operator.py for tasks to queue
[2024-07-04T18:09:33.096+0000] {logging_mixin.py:188} INFO - [2024-07-04T18:09:33.096+0000] {dagbag.py:545} INFO - Filling up the DagBag from /home/airflow/.local/lib/python3.12/site-packages/airflow/example_dags/example_short_circuit_operator.py
[2024-07-04T18:09:33.103+0000] {processor.py:840} INFO - DAG(s) 'example_short_circuit_operator' retrieved from /home/airflow/.local/lib/python3.12/site-packages/airflow/example_dags/example_short_circuit_operator.py
[2024-07-04T18:09:33.130+0000] {logging_mixin.py:188} INFO - [2024-07-04T18:09:33.129+0000] {dag.py:3096} INFO - Sync 1 DAGs
[2024-07-04T18:09:33.155+0000] {logging_mixin.py:188} INFO - [2024-07-04T18:09:33.155+0000] {dag.py:3954} INFO - Setting next_dagrun for example_short_circuit_operator to 2024-07-03 00:00:00+00:00, run_after=2024-07-04 00:00:00+00:00
[2024-07-04T18:09:33.180+0000] {processor.py:183} INFO - Processing /home/airflow/.local/lib/python3.12/site-packages/airflow/example_dags/example_short_circuit_operator.py took 0.092 seconds
[2024-07-04T18:10:03.432+0000] {processor.py:161} INFO - Started process (PID=762) to work on /home/airflow/.local/lib/python3.12/site-packages/airflow/example_dags/example_short_circuit_operator.py
[2024-07-04T18:10:03.433+0000] {processor.py:830} INFO - Processing file /home/airflow/.local/lib/python3.12/site-packages/airflow/example_dags/example_short_circuit_operator.py for tasks to queue
[2024-07-04T18:10:03.434+0000] {logging_mixin.py:188} INFO - [2024-07-04T18:10:03.434+0000] {dagbag.py:545} INFO - Filling up the DagBag from /home/airflow/.local/lib/python3.12/site-packages/airflow/example_dags/example_short_circuit_operator.py
[2024-07-04T18:10:03.440+0000] {processor.py:840} INFO - DAG(s) 'example_short_circuit_operator' retrieved from /home/airflow/.local/lib/python3.12/site-packages/airflow/example_dags/example_short_circuit_operator.py
[2024-07-04T18:10:03.466+0000] {logging_mixin.py:188} INFO - [2024-07-04T18:10:03.466+0000] {dag.py:3096} INFO - Sync 1 DAGs
[2024-07-04T18:10:03.491+0000] {logging_mixin.py:188} INFO - [2024-07-04T18:10:03.490+0000] {dag.py:3954} INFO - Setting next_dagrun for example_short_circuit_operator to 2024-07-03 00:00:00+00:00, run_after=2024-07-04 00:00:00+00:00
[2024-07-04T18:10:03.520+0000] {processor.py:183} INFO - Processing /home/airflow/.local/lib/python3.12/site-packages/airflow/example_dags/example_short_circuit_operator.py took 0.093 seconds
