[2024-07-04T17:38:51.554+0000] {processor.py:161} INFO - Started process (PID=94) to work on /home/airflow/.local/lib/python3.12/site-packages/airflow/example_dags/example_setup_teardown.py
[2024-07-04T17:38:51.555+0000] {processor.py:830} INFO - Processing file /home/airflow/.local/lib/python3.12/site-packages/airflow/example_dags/example_setup_teardown.py for tasks to queue
[2024-07-04T17:38:51.557+0000] {logging_mixin.py:188} INFO - [2024-07-04T17:38:51.556+0000] {dagbag.py:545} INFO - Filling up the DagBag from /home/airflow/.local/lib/python3.12/site-packages/airflow/example_dags/example_setup_teardown.py
[2024-07-04T17:38:51.563+0000] {processor.py:840} INFO - DAG(s) 'example_setup_teardown' retrieved from /home/airflow/.local/lib/python3.12/site-packages/airflow/example_dags/example_setup_teardown.py
[2024-07-04T17:38:51.696+0000] {logging_mixin.py:188} INFO - [2024-07-04T17:38:51.695+0000] {override.py:1829} INFO - Created Permission View: can read on DAG:example_setup_teardown
[2024-07-04T17:38:51.712+0000] {logging_mixin.py:188} INFO - [2024-07-04T17:38:51.711+0000] {override.py:1829} INFO - Created Permission View: can edit on DAG:example_setup_teardown
[2024-07-04T17:38:51.738+0000] {logging_mixin.py:188} INFO - [2024-07-04T17:38:51.737+0000] {override.py:1829} INFO - Created Permission View: can delete on DAG:example_setup_teardown
[2024-07-04T17:38:51.739+0000] {logging_mixin.py:188} INFO - [2024-07-04T17:38:51.738+0000] {dag.py:3096} INFO - Sync 1 DAGs
[2024-07-04T17:38:51.767+0000] {logging_mixin.py:188} INFO - [2024-07-04T17:38:51.766+0000] {dag.py:3118} INFO - Creating ORM DAG for example_setup_teardown
[2024-07-04T17:38:51.786+0000] {logging_mixin.py:188} INFO - [2024-07-04T17:38:51.785+0000] {dag.py:3954} INFO - Setting next_dagrun for example_setup_teardown to 2024-07-03 00:00:00+00:00, run_after=2024-07-04 00:00:00+00:00
[2024-07-04T17:38:51.811+0000] {processor.py:183} INFO - Processing /home/airflow/.local/lib/python3.12/site-packages/airflow/example_dags/example_setup_teardown.py took 0.263 seconds
[2024-07-04T17:39:22.042+0000] {processor.py:161} INFO - Started process (PID=152) to work on /home/airflow/.local/lib/python3.12/site-packages/airflow/example_dags/example_setup_teardown.py
[2024-07-04T17:39:22.043+0000] {processor.py:830} INFO - Processing file /home/airflow/.local/lib/python3.12/site-packages/airflow/example_dags/example_setup_teardown.py for tasks to queue
[2024-07-04T17:39:22.044+0000] {logging_mixin.py:188} INFO - [2024-07-04T17:39:22.044+0000] {dagbag.py:545} INFO - Filling up the DagBag from /home/airflow/.local/lib/python3.12/site-packages/airflow/example_dags/example_setup_teardown.py
[2024-07-04T17:39:22.049+0000] {processor.py:840} INFO - DAG(s) 'example_setup_teardown' retrieved from /home/airflow/.local/lib/python3.12/site-packages/airflow/example_dags/example_setup_teardown.py
[2024-07-04T17:39:22.067+0000] {logging_mixin.py:188} INFO - [2024-07-04T17:39:22.067+0000] {dag.py:3096} INFO - Sync 1 DAGs
[2024-07-04T17:39:22.088+0000] {logging_mixin.py:188} INFO - [2024-07-04T17:39:22.088+0000] {dag.py:3954} INFO - Setting next_dagrun for example_setup_teardown to 2024-07-03 00:00:00+00:00, run_after=2024-07-04 00:00:00+00:00
[2024-07-04T17:39:22.112+0000] {processor.py:183} INFO - Processing /home/airflow/.local/lib/python3.12/site-packages/airflow/example_dags/example_setup_teardown.py took 0.074 seconds
[2024-07-04T17:45:00.037+0000] {processor.py:161} INFO - Started process (PID=93) to work on /home/airflow/.local/lib/python3.12/site-packages/airflow/example_dags/example_setup_teardown.py
[2024-07-04T17:45:00.038+0000] {processor.py:830} INFO - Processing file /home/airflow/.local/lib/python3.12/site-packages/airflow/example_dags/example_setup_teardown.py for tasks to queue
[2024-07-04T17:45:00.041+0000] {logging_mixin.py:188} INFO - [2024-07-04T17:45:00.040+0000] {dagbag.py:545} INFO - Filling up the DagBag from /home/airflow/.local/lib/python3.12/site-packages/airflow/example_dags/example_setup_teardown.py
[2024-07-04T17:45:00.048+0000] {processor.py:840} INFO - DAG(s) 'example_setup_teardown' retrieved from /home/airflow/.local/lib/python3.12/site-packages/airflow/example_dags/example_setup_teardown.py
[2024-07-04T17:45:00.200+0000] {logging_mixin.py:188} INFO - [2024-07-04T17:45:00.200+0000] {dag.py:3096} INFO - Sync 1 DAGs
[2024-07-04T17:45:00.238+0000] {logging_mixin.py:188} INFO - [2024-07-04T17:45:00.237+0000] {dag.py:3954} INFO - Setting next_dagrun for example_setup_teardown to 2024-07-03 00:00:00+00:00, run_after=2024-07-04 00:00:00+00:00
[2024-07-04T17:45:00.277+0000] {processor.py:183} INFO - Processing /home/airflow/.local/lib/python3.12/site-packages/airflow/example_dags/example_setup_teardown.py took 0.246 seconds
[2024-07-04T17:45:31.178+0000] {processor.py:161} INFO - Started process (PID=151) to work on /home/airflow/.local/lib/python3.12/site-packages/airflow/example_dags/example_setup_teardown.py
[2024-07-04T17:45:31.179+0000] {processor.py:830} INFO - Processing file /home/airflow/.local/lib/python3.12/site-packages/airflow/example_dags/example_setup_teardown.py for tasks to queue
[2024-07-04T17:45:31.181+0000] {logging_mixin.py:188} INFO - [2024-07-04T17:45:31.181+0000] {dagbag.py:545} INFO - Filling up the DagBag from /home/airflow/.local/lib/python3.12/site-packages/airflow/example_dags/example_setup_teardown.py
[2024-07-04T17:45:31.189+0000] {processor.py:840} INFO - DAG(s) 'example_setup_teardown' retrieved from /home/airflow/.local/lib/python3.12/site-packages/airflow/example_dags/example_setup_teardown.py
[2024-07-04T17:45:31.211+0000] {logging_mixin.py:188} INFO - [2024-07-04T17:45:31.210+0000] {dag.py:3096} INFO - Sync 1 DAGs
[2024-07-04T17:45:31.232+0000] {logging_mixin.py:188} INFO - [2024-07-04T17:45:31.232+0000] {dag.py:3954} INFO - Setting next_dagrun for example_setup_teardown to 2024-07-03 00:00:00+00:00, run_after=2024-07-04 00:00:00+00:00
[2024-07-04T17:45:31.252+0000] {processor.py:183} INFO - Processing /home/airflow/.local/lib/python3.12/site-packages/airflow/example_dags/example_setup_teardown.py took 0.084 seconds
[2024-07-04T17:46:01.346+0000] {processor.py:161} INFO - Started process (PID=209) to work on /home/airflow/.local/lib/python3.12/site-packages/airflow/example_dags/example_setup_teardown.py
[2024-07-04T17:46:01.346+0000] {processor.py:830} INFO - Processing file /home/airflow/.local/lib/python3.12/site-packages/airflow/example_dags/example_setup_teardown.py for tasks to queue
[2024-07-04T17:46:01.348+0000] {logging_mixin.py:188} INFO - [2024-07-04T17:46:01.348+0000] {dagbag.py:545} INFO - Filling up the DagBag from /home/airflow/.local/lib/python3.12/site-packages/airflow/example_dags/example_setup_teardown.py
[2024-07-04T17:46:01.354+0000] {processor.py:840} INFO - DAG(s) 'example_setup_teardown' retrieved from /home/airflow/.local/lib/python3.12/site-packages/airflow/example_dags/example_setup_teardown.py
[2024-07-04T17:46:01.373+0000] {logging_mixin.py:188} INFO - [2024-07-04T17:46:01.373+0000] {dag.py:3096} INFO - Sync 1 DAGs
[2024-07-04T17:46:01.394+0000] {logging_mixin.py:188} INFO - [2024-07-04T17:46:01.394+0000] {dag.py:3954} INFO - Setting next_dagrun for example_setup_teardown to 2024-07-03 00:00:00+00:00, run_after=2024-07-04 00:00:00+00:00
[2024-07-04T17:46:01.421+0000] {processor.py:183} INFO - Processing /home/airflow/.local/lib/python3.12/site-packages/airflow/example_dags/example_setup_teardown.py took 0.080 seconds
[2024-07-04T17:46:31.488+0000] {processor.py:161} INFO - Started process (PID=267) to work on /home/airflow/.local/lib/python3.12/site-packages/airflow/example_dags/example_setup_teardown.py
[2024-07-04T17:46:31.488+0000] {processor.py:830} INFO - Processing file /home/airflow/.local/lib/python3.12/site-packages/airflow/example_dags/example_setup_teardown.py for tasks to queue
[2024-07-04T17:46:31.490+0000] {logging_mixin.py:188} INFO - [2024-07-04T17:46:31.489+0000] {dagbag.py:545} INFO - Filling up the DagBag from /home/airflow/.local/lib/python3.12/site-packages/airflow/example_dags/example_setup_teardown.py
[2024-07-04T17:46:31.495+0000] {processor.py:840} INFO - DAG(s) 'example_setup_teardown' retrieved from /home/airflow/.local/lib/python3.12/site-packages/airflow/example_dags/example_setup_teardown.py
[2024-07-04T17:46:31.513+0000] {logging_mixin.py:188} INFO - [2024-07-04T17:46:31.513+0000] {dag.py:3096} INFO - Sync 1 DAGs
[2024-07-04T17:46:31.534+0000] {logging_mixin.py:188} INFO - [2024-07-04T17:46:31.533+0000] {dag.py:3954} INFO - Setting next_dagrun for example_setup_teardown to 2024-07-03 00:00:00+00:00, run_after=2024-07-04 00:00:00+00:00
[2024-07-04T17:46:31.554+0000] {processor.py:183} INFO - Processing /home/airflow/.local/lib/python3.12/site-packages/airflow/example_dags/example_setup_teardown.py took 0.071 seconds
[2024-07-04T18:04:02.202+0000] {processor.py:161} INFO - Started process (PID=93) to work on /home/airflow/.local/lib/python3.12/site-packages/airflow/example_dags/example_setup_teardown.py
[2024-07-04T18:04:02.203+0000] {processor.py:830} INFO - Processing file /home/airflow/.local/lib/python3.12/site-packages/airflow/example_dags/example_setup_teardown.py for tasks to queue
[2024-07-04T18:04:02.204+0000] {logging_mixin.py:188} INFO - [2024-07-04T18:04:02.204+0000] {dagbag.py:545} INFO - Filling up the DagBag from /home/airflow/.local/lib/python3.12/site-packages/airflow/example_dags/example_setup_teardown.py
[2024-07-04T18:04:02.212+0000] {processor.py:840} INFO - DAG(s) 'example_setup_teardown' retrieved from /home/airflow/.local/lib/python3.12/site-packages/airflow/example_dags/example_setup_teardown.py
[2024-07-04T18:04:02.336+0000] {logging_mixin.py:188} INFO - [2024-07-04T18:04:02.336+0000] {dag.py:3096} INFO - Sync 1 DAGs
[2024-07-04T18:04:02.360+0000] {logging_mixin.py:188} INFO - [2024-07-04T18:04:02.360+0000] {dag.py:3954} INFO - Setting next_dagrun for example_setup_teardown to 2024-07-03 00:00:00+00:00, run_after=2024-07-04 00:00:00+00:00
[2024-07-04T18:04:02.396+0000] {processor.py:183} INFO - Processing /home/airflow/.local/lib/python3.12/site-packages/airflow/example_dags/example_setup_teardown.py took 0.200 seconds
[2024-07-04T18:04:32.718+0000] {processor.py:161} INFO - Started process (PID=150) to work on /home/airflow/.local/lib/python3.12/site-packages/airflow/example_dags/example_setup_teardown.py
[2024-07-04T18:04:32.719+0000] {processor.py:830} INFO - Processing file /home/airflow/.local/lib/python3.12/site-packages/airflow/example_dags/example_setup_teardown.py for tasks to queue
[2024-07-04T18:04:32.720+0000] {logging_mixin.py:188} INFO - [2024-07-04T18:04:32.720+0000] {dagbag.py:545} INFO - Filling up the DagBag from /home/airflow/.local/lib/python3.12/site-packages/airflow/example_dags/example_setup_teardown.py
[2024-07-04T18:04:32.727+0000] {processor.py:840} INFO - DAG(s) 'example_setup_teardown' retrieved from /home/airflow/.local/lib/python3.12/site-packages/airflow/example_dags/example_setup_teardown.py
[2024-07-04T18:04:32.746+0000] {logging_mixin.py:188} INFO - [2024-07-04T18:04:32.746+0000] {dag.py:3096} INFO - Sync 1 DAGs
[2024-07-04T18:04:32.767+0000] {logging_mixin.py:188} INFO - [2024-07-04T18:04:32.767+0000] {dag.py:3954} INFO - Setting next_dagrun for example_setup_teardown to 2024-07-03 00:00:00+00:00, run_after=2024-07-04 00:00:00+00:00
[2024-07-04T18:04:32.800+0000] {processor.py:183} INFO - Processing /home/airflow/.local/lib/python3.12/site-packages/airflow/example_dags/example_setup_teardown.py took 0.087 seconds
[2024-07-04T18:05:03.629+0000] {processor.py:161} INFO - Started process (PID=208) to work on /home/airflow/.local/lib/python3.12/site-packages/airflow/example_dags/example_setup_teardown.py
[2024-07-04T18:05:03.629+0000] {processor.py:830} INFO - Processing file /home/airflow/.local/lib/python3.12/site-packages/airflow/example_dags/example_setup_teardown.py for tasks to queue
[2024-07-04T18:05:03.631+0000] {logging_mixin.py:188} INFO - [2024-07-04T18:05:03.630+0000] {dagbag.py:545} INFO - Filling up the DagBag from /home/airflow/.local/lib/python3.12/site-packages/airflow/example_dags/example_setup_teardown.py
[2024-07-04T18:05:03.636+0000] {processor.py:840} INFO - DAG(s) 'example_setup_teardown' retrieved from /home/airflow/.local/lib/python3.12/site-packages/airflow/example_dags/example_setup_teardown.py
[2024-07-04T18:05:03.653+0000] {logging_mixin.py:188} INFO - [2024-07-04T18:05:03.653+0000] {dag.py:3096} INFO - Sync 1 DAGs
[2024-07-04T18:05:03.673+0000] {logging_mixin.py:188} INFO - [2024-07-04T18:05:03.673+0000] {dag.py:3954} INFO - Setting next_dagrun for example_setup_teardown to 2024-07-03 00:00:00+00:00, run_after=2024-07-04 00:00:00+00:00
[2024-07-04T18:05:03.694+0000] {processor.py:183} INFO - Processing /home/airflow/.local/lib/python3.12/site-packages/airflow/example_dags/example_setup_teardown.py took 0.070 seconds
[2024-07-04T18:05:33.879+0000] {processor.py:161} INFO - Started process (PID=267) to work on /home/airflow/.local/lib/python3.12/site-packages/airflow/example_dags/example_setup_teardown.py
[2024-07-04T18:05:33.880+0000] {processor.py:830} INFO - Processing file /home/airflow/.local/lib/python3.12/site-packages/airflow/example_dags/example_setup_teardown.py for tasks to queue
[2024-07-04T18:05:33.882+0000] {logging_mixin.py:188} INFO - [2024-07-04T18:05:33.881+0000] {dagbag.py:545} INFO - Filling up the DagBag from /home/airflow/.local/lib/python3.12/site-packages/airflow/example_dags/example_setup_teardown.py
[2024-07-04T18:05:33.888+0000] {processor.py:840} INFO - DAG(s) 'example_setup_teardown' retrieved from /home/airflow/.local/lib/python3.12/site-packages/airflow/example_dags/example_setup_teardown.py
[2024-07-04T18:05:33.906+0000] {logging_mixin.py:188} INFO - [2024-07-04T18:05:33.906+0000] {dag.py:3096} INFO - Sync 1 DAGs
[2024-07-04T18:05:33.934+0000] {logging_mixin.py:188} INFO - [2024-07-04T18:05:33.934+0000] {dag.py:3954} INFO - Setting next_dagrun for example_setup_teardown to 2024-07-03 00:00:00+00:00, run_after=2024-07-04 00:00:00+00:00
[2024-07-04T18:05:33.960+0000] {processor.py:183} INFO - Processing /home/airflow/.local/lib/python3.12/site-packages/airflow/example_dags/example_setup_teardown.py took 0.087 seconds
[2024-07-04T18:06:04.446+0000] {processor.py:161} INFO - Started process (PID=326) to work on /home/airflow/.local/lib/python3.12/site-packages/airflow/example_dags/example_setup_teardown.py
[2024-07-04T18:06:04.447+0000] {processor.py:830} INFO - Processing file /home/airflow/.local/lib/python3.12/site-packages/airflow/example_dags/example_setup_teardown.py for tasks to queue
[2024-07-04T18:06:04.449+0000] {logging_mixin.py:188} INFO - [2024-07-04T18:06:04.449+0000] {dagbag.py:545} INFO - Filling up the DagBag from /home/airflow/.local/lib/python3.12/site-packages/airflow/example_dags/example_setup_teardown.py
[2024-07-04T18:06:04.459+0000] {processor.py:840} INFO - DAG(s) 'example_setup_teardown' retrieved from /home/airflow/.local/lib/python3.12/site-packages/airflow/example_dags/example_setup_teardown.py
[2024-07-04T18:06:04.483+0000] {logging_mixin.py:188} INFO - [2024-07-04T18:06:04.482+0000] {dag.py:3096} INFO - Sync 1 DAGs
[2024-07-04T18:06:04.509+0000] {logging_mixin.py:188} INFO - [2024-07-04T18:06:04.508+0000] {dag.py:3954} INFO - Setting next_dagrun for example_setup_teardown to 2024-07-03 00:00:00+00:00, run_after=2024-07-04 00:00:00+00:00
[2024-07-04T18:06:04.536+0000] {processor.py:183} INFO - Processing /home/airflow/.local/lib/python3.12/site-packages/airflow/example_dags/example_setup_teardown.py took 0.095 seconds
[2024-07-04T18:06:34.774+0000] {processor.py:161} INFO - Started process (PID=384) to work on /home/airflow/.local/lib/python3.12/site-packages/airflow/example_dags/example_setup_teardown.py
[2024-07-04T18:06:34.775+0000] {processor.py:830} INFO - Processing file /home/airflow/.local/lib/python3.12/site-packages/airflow/example_dags/example_setup_teardown.py for tasks to queue
[2024-07-04T18:06:34.776+0000] {logging_mixin.py:188} INFO - [2024-07-04T18:06:34.776+0000] {dagbag.py:545} INFO - Filling up the DagBag from /home/airflow/.local/lib/python3.12/site-packages/airflow/example_dags/example_setup_teardown.py
[2024-07-04T18:06:34.782+0000] {processor.py:840} INFO - DAG(s) 'example_setup_teardown' retrieved from /home/airflow/.local/lib/python3.12/site-packages/airflow/example_dags/example_setup_teardown.py
[2024-07-04T18:06:34.800+0000] {logging_mixin.py:188} INFO - [2024-07-04T18:06:34.800+0000] {dag.py:3096} INFO - Sync 1 DAGs
[2024-07-04T18:06:34.819+0000] {logging_mixin.py:188} INFO - [2024-07-04T18:06:34.819+0000] {dag.py:3954} INFO - Setting next_dagrun for example_setup_teardown to 2024-07-03 00:00:00+00:00, run_after=2024-07-04 00:00:00+00:00
[2024-07-04T18:06:34.839+0000] {processor.py:183} INFO - Processing /home/airflow/.local/lib/python3.12/site-packages/airflow/example_dags/example_setup_teardown.py took 0.070 seconds
[2024-07-04T18:07:05.125+0000] {processor.py:161} INFO - Started process (PID=443) to work on /home/airflow/.local/lib/python3.12/site-packages/airflow/example_dags/example_setup_teardown.py
[2024-07-04T18:07:05.126+0000] {processor.py:830} INFO - Processing file /home/airflow/.local/lib/python3.12/site-packages/airflow/example_dags/example_setup_teardown.py for tasks to queue
[2024-07-04T18:07:05.127+0000] {logging_mixin.py:188} INFO - [2024-07-04T18:07:05.127+0000] {dagbag.py:545} INFO - Filling up the DagBag from /home/airflow/.local/lib/python3.12/site-packages/airflow/example_dags/example_setup_teardown.py
[2024-07-04T18:07:05.133+0000] {processor.py:840} INFO - DAG(s) 'example_setup_teardown' retrieved from /home/airflow/.local/lib/python3.12/site-packages/airflow/example_dags/example_setup_teardown.py
[2024-07-04T18:07:05.158+0000] {logging_mixin.py:188} INFO - [2024-07-04T18:07:05.158+0000] {dag.py:3096} INFO - Sync 1 DAGs
[2024-07-04T18:07:05.184+0000] {logging_mixin.py:188} INFO - [2024-07-04T18:07:05.184+0000] {dag.py:3954} INFO - Setting next_dagrun for example_setup_teardown to 2024-07-03 00:00:00+00:00, run_after=2024-07-04 00:00:00+00:00
[2024-07-04T18:07:05.207+0000] {processor.py:183} INFO - Processing /home/airflow/.local/lib/python3.12/site-packages/airflow/example_dags/example_setup_teardown.py took 0.086 seconds
[2024-07-04T18:07:35.478+0000] {processor.py:161} INFO - Started process (PID=500) to work on /home/airflow/.local/lib/python3.12/site-packages/airflow/example_dags/example_setup_teardown.py
[2024-07-04T18:07:35.478+0000] {processor.py:830} INFO - Processing file /home/airflow/.local/lib/python3.12/site-packages/airflow/example_dags/example_setup_teardown.py for tasks to queue
[2024-07-04T18:07:35.480+0000] {logging_mixin.py:188} INFO - [2024-07-04T18:07:35.479+0000] {dagbag.py:545} INFO - Filling up the DagBag from /home/airflow/.local/lib/python3.12/site-packages/airflow/example_dags/example_setup_teardown.py
[2024-07-04T18:07:35.485+0000] {processor.py:840} INFO - DAG(s) 'example_setup_teardown' retrieved from /home/airflow/.local/lib/python3.12/site-packages/airflow/example_dags/example_setup_teardown.py
[2024-07-04T18:07:35.504+0000] {logging_mixin.py:188} INFO - [2024-07-04T18:07:35.504+0000] {dag.py:3096} INFO - Sync 1 DAGs
[2024-07-04T18:07:35.526+0000] {logging_mixin.py:188} INFO - [2024-07-04T18:07:35.526+0000] {dag.py:3954} INFO - Setting next_dagrun for example_setup_teardown to 2024-07-03 00:00:00+00:00, run_after=2024-07-04 00:00:00+00:00
[2024-07-04T18:07:35.554+0000] {processor.py:183} INFO - Processing /home/airflow/.local/lib/python3.12/site-packages/airflow/example_dags/example_setup_teardown.py took 0.081 seconds
[2024-07-04T18:08:05.960+0000] {processor.py:161} INFO - Started process (PID=558) to work on /home/airflow/.local/lib/python3.12/site-packages/airflow/example_dags/example_setup_teardown.py
[2024-07-04T18:08:05.961+0000] {processor.py:830} INFO - Processing file /home/airflow/.local/lib/python3.12/site-packages/airflow/example_dags/example_setup_teardown.py for tasks to queue
[2024-07-04T18:08:05.962+0000] {logging_mixin.py:188} INFO - [2024-07-04T18:08:05.962+0000] {dagbag.py:545} INFO - Filling up the DagBag from /home/airflow/.local/lib/python3.12/site-packages/airflow/example_dags/example_setup_teardown.py
[2024-07-04T18:08:05.968+0000] {processor.py:840} INFO - DAG(s) 'example_setup_teardown' retrieved from /home/airflow/.local/lib/python3.12/site-packages/airflow/example_dags/example_setup_teardown.py
[2024-07-04T18:08:05.987+0000] {logging_mixin.py:188} INFO - [2024-07-04T18:08:05.987+0000] {dag.py:3096} INFO - Sync 1 DAGs
[2024-07-04T18:08:06.009+0000] {logging_mixin.py:188} INFO - [2024-07-04T18:08:06.008+0000] {dag.py:3954} INFO - Setting next_dagrun for example_setup_teardown to 2024-07-03 00:00:00+00:00, run_after=2024-07-04 00:00:00+00:00
[2024-07-04T18:08:06.027+0000] {processor.py:183} INFO - Processing /home/airflow/.local/lib/python3.12/site-packages/airflow/example_dags/example_setup_teardown.py took 0.071 seconds
[2024-07-04T18:08:36.619+0000] {processor.py:161} INFO - Started process (PID=616) to work on /home/airflow/.local/lib/python3.12/site-packages/airflow/example_dags/example_setup_teardown.py
[2024-07-04T18:08:36.620+0000] {processor.py:830} INFO - Processing file /home/airflow/.local/lib/python3.12/site-packages/airflow/example_dags/example_setup_teardown.py for tasks to queue
[2024-07-04T18:08:36.621+0000] {logging_mixin.py:188} INFO - [2024-07-04T18:08:36.621+0000] {dagbag.py:545} INFO - Filling up the DagBag from /home/airflow/.local/lib/python3.12/site-packages/airflow/example_dags/example_setup_teardown.py
[2024-07-04T18:08:36.628+0000] {processor.py:840} INFO - DAG(s) 'example_setup_teardown' retrieved from /home/airflow/.local/lib/python3.12/site-packages/airflow/example_dags/example_setup_teardown.py
[2024-07-04T18:08:36.650+0000] {logging_mixin.py:188} INFO - [2024-07-04T18:08:36.650+0000] {dag.py:3096} INFO - Sync 1 DAGs
[2024-07-04T18:08:36.680+0000] {logging_mixin.py:188} INFO - [2024-07-04T18:08:36.680+0000] {dag.py:3954} INFO - Setting next_dagrun for example_setup_teardown to 2024-07-03 00:00:00+00:00, run_after=2024-07-04 00:00:00+00:00
[2024-07-04T18:08:36.704+0000] {processor.py:183} INFO - Processing /home/airflow/.local/lib/python3.12/site-packages/airflow/example_dags/example_setup_teardown.py took 0.090 seconds
[2024-07-04T18:09:07.272+0000] {processor.py:161} INFO - Started process (PID=673) to work on /home/airflow/.local/lib/python3.12/site-packages/airflow/example_dags/example_setup_teardown.py
[2024-07-04T18:09:07.273+0000] {processor.py:830} INFO - Processing file /home/airflow/.local/lib/python3.12/site-packages/airflow/example_dags/example_setup_teardown.py for tasks to queue
[2024-07-04T18:09:07.275+0000] {logging_mixin.py:188} INFO - [2024-07-04T18:09:07.274+0000] {dagbag.py:545} INFO - Filling up the DagBag from /home/airflow/.local/lib/python3.12/site-packages/airflow/example_dags/example_setup_teardown.py
[2024-07-04T18:09:07.280+0000] {processor.py:840} INFO - DAG(s) 'example_setup_teardown' retrieved from /home/airflow/.local/lib/python3.12/site-packages/airflow/example_dags/example_setup_teardown.py
[2024-07-04T18:09:07.298+0000] {logging_mixin.py:188} INFO - [2024-07-04T18:09:07.298+0000] {dag.py:3096} INFO - Sync 1 DAGs
[2024-07-04T18:09:07.318+0000] {logging_mixin.py:188} INFO - [2024-07-04T18:09:07.318+0000] {dag.py:3954} INFO - Setting next_dagrun for example_setup_teardown to 2024-07-03 00:00:00+00:00, run_after=2024-07-04 00:00:00+00:00
[2024-07-04T18:09:07.339+0000] {processor.py:183} INFO - Processing /home/airflow/.local/lib/python3.12/site-packages/airflow/example_dags/example_setup_teardown.py took 0.071 seconds
[2024-07-04T18:09:37.716+0000] {processor.py:161} INFO - Started process (PID=731) to work on /home/airflow/.local/lib/python3.12/site-packages/airflow/example_dags/example_setup_teardown.py
[2024-07-04T18:09:37.717+0000] {processor.py:830} INFO - Processing file /home/airflow/.local/lib/python3.12/site-packages/airflow/example_dags/example_setup_teardown.py for tasks to queue
[2024-07-04T18:09:37.718+0000] {logging_mixin.py:188} INFO - [2024-07-04T18:09:37.718+0000] {dagbag.py:545} INFO - Filling up the DagBag from /home/airflow/.local/lib/python3.12/site-packages/airflow/example_dags/example_setup_teardown.py
[2024-07-04T18:09:37.725+0000] {processor.py:840} INFO - DAG(s) 'example_setup_teardown' retrieved from /home/airflow/.local/lib/python3.12/site-packages/airflow/example_dags/example_setup_teardown.py
[2024-07-04T18:09:37.753+0000] {logging_mixin.py:188} INFO - [2024-07-04T18:09:37.753+0000] {dag.py:3096} INFO - Sync 1 DAGs
[2024-07-04T18:09:37.789+0000] {logging_mixin.py:188} INFO - [2024-07-04T18:09:37.788+0000] {dag.py:3954} INFO - Setting next_dagrun for example_setup_teardown to 2024-07-03 00:00:00+00:00, run_after=2024-07-04 00:00:00+00:00
[2024-07-04T18:09:37.808+0000] {processor.py:183} INFO - Processing /home/airflow/.local/lib/python3.12/site-packages/airflow/example_dags/example_setup_teardown.py took 0.098 seconds
[2024-07-04T18:10:07.833+0000] {processor.py:161} INFO - Started process (PID=789) to work on /home/airflow/.local/lib/python3.12/site-packages/airflow/example_dags/example_setup_teardown.py
[2024-07-04T18:10:07.833+0000] {processor.py:830} INFO - Processing file /home/airflow/.local/lib/python3.12/site-packages/airflow/example_dags/example_setup_teardown.py for tasks to queue
[2024-07-04T18:10:07.835+0000] {logging_mixin.py:188} INFO - [2024-07-04T18:10:07.834+0000] {dagbag.py:545} INFO - Filling up the DagBag from /home/airflow/.local/lib/python3.12/site-packages/airflow/example_dags/example_setup_teardown.py
[2024-07-04T18:10:07.840+0000] {processor.py:840} INFO - DAG(s) 'example_setup_teardown' retrieved from /home/airflow/.local/lib/python3.12/site-packages/airflow/example_dags/example_setup_teardown.py
[2024-07-04T18:10:07.858+0000] {logging_mixin.py:188} INFO - [2024-07-04T18:10:07.858+0000] {dag.py:3096} INFO - Sync 1 DAGs
[2024-07-04T18:10:07.878+0000] {logging_mixin.py:188} INFO - [2024-07-04T18:10:07.878+0000] {dag.py:3954} INFO - Setting next_dagrun for example_setup_teardown to 2024-07-03 00:00:00+00:00, run_after=2024-07-04 00:00:00+00:00
[2024-07-04T18:10:07.897+0000] {processor.py:183} INFO - Processing /home/airflow/.local/lib/python3.12/site-packages/airflow/example_dags/example_setup_teardown.py took 0.068 seconds
