[2024-07-04T17:38:52.756+0000] {processor.py:161} INFO - Started process (PID=101) to work on /home/airflow/.local/lib/python3.12/site-packages/airflow/example_dags/example_kubernetes_executor.py
[2024-07-04T17:38:52.757+0000] {processor.py:830} INFO - Processing file /home/airflow/.local/lib/python3.12/site-packages/airflow/example_dags/example_kubernetes_executor.py for tasks to queue
[2024-07-04T17:38:52.758+0000] {logging_mixin.py:188} INFO - [2024-07-04T17:38:52.758+0000] {dagbag.py:545} INFO - Filling up the DagBag from /home/airflow/.local/lib/python3.12/site-packages/airflow/example_dags/example_kubernetes_executor.py
[2024-07-04T17:38:52.773+0000] {processor.py:840} INFO - DAG(s) 'example_kubernetes_executor' retrieved from /home/airflow/.local/lib/python3.12/site-packages/airflow/example_dags/example_kubernetes_executor.py
[2024-07-04T17:38:52.920+0000] {logging_mixin.py:188} INFO - [2024-07-04T17:38:52.919+0000] {override.py:1829} INFO - Created Permission View: can read on DAG:example_kubernetes_executor
[2024-07-04T17:38:52.936+0000] {logging_mixin.py:188} INFO - [2024-07-04T17:38:52.935+0000] {override.py:1829} INFO - Created Permission View: can edit on DAG:example_kubernetes_executor
[2024-07-04T17:38:52.946+0000] {logging_mixin.py:188} INFO - [2024-07-04T17:38:52.946+0000] {override.py:1829} INFO - Created Permission View: can delete on DAG:example_kubernetes_executor
[2024-07-04T17:38:52.947+0000] {logging_mixin.py:188} INFO - [2024-07-04T17:38:52.946+0000] {dag.py:3096} INFO - Sync 1 DAGs
[2024-07-04T17:38:52.959+0000] {logging_mixin.py:188} INFO - [2024-07-04T17:38:52.959+0000] {dag.py:3118} INFO - Creating ORM DAG for example_kubernetes_executor
[2024-07-04T17:38:52.960+0000] {logging_mixin.py:188} INFO - [2024-07-04T17:38:52.960+0000] {dag.py:3954} INFO - Setting next_dagrun for example_kubernetes_executor to None, run_after=None
[2024-07-04T17:38:52.980+0000] {processor.py:183} INFO - Processing /home/airflow/.local/lib/python3.12/site-packages/airflow/example_dags/example_kubernetes_executor.py took 0.230 seconds
[2024-07-04T17:39:23.405+0000] {processor.py:161} INFO - Started process (PID=159) to work on /home/airflow/.local/lib/python3.12/site-packages/airflow/example_dags/example_kubernetes_executor.py
[2024-07-04T17:39:23.409+0000] {processor.py:830} INFO - Processing file /home/airflow/.local/lib/python3.12/site-packages/airflow/example_dags/example_kubernetes_executor.py for tasks to queue
[2024-07-04T17:39:23.411+0000] {logging_mixin.py:188} INFO - [2024-07-04T17:39:23.410+0000] {dagbag.py:545} INFO - Filling up the DagBag from /home/airflow/.local/lib/python3.12/site-packages/airflow/example_dags/example_kubernetes_executor.py
[2024-07-04T17:39:23.421+0000] {processor.py:840} INFO - DAG(s) 'example_kubernetes_executor' retrieved from /home/airflow/.local/lib/python3.12/site-packages/airflow/example_dags/example_kubernetes_executor.py
[2024-07-04T17:39:23.454+0000] {logging_mixin.py:188} INFO - [2024-07-04T17:39:23.454+0000] {dag.py:3096} INFO - Sync 1 DAGs
[2024-07-04T17:39:23.465+0000] {logging_mixin.py:188} INFO - [2024-07-04T17:39:23.465+0000] {dag.py:3954} INFO - Setting next_dagrun for example_kubernetes_executor to None, run_after=None
[2024-07-04T17:39:23.485+0000] {processor.py:183} INFO - Processing /home/airflow/.local/lib/python3.12/site-packages/airflow/example_dags/example_kubernetes_executor.py took 0.086 seconds
[2024-07-04T17:45:01.305+0000] {processor.py:161} INFO - Started process (PID=100) to work on /home/airflow/.local/lib/python3.12/site-packages/airflow/example_dags/example_kubernetes_executor.py
[2024-07-04T17:45:01.306+0000] {processor.py:830} INFO - Processing file /home/airflow/.local/lib/python3.12/site-packages/airflow/example_dags/example_kubernetes_executor.py for tasks to queue
[2024-07-04T17:45:01.309+0000] {logging_mixin.py:188} INFO - [2024-07-04T17:45:01.308+0000] {dagbag.py:545} INFO - Filling up the DagBag from /home/airflow/.local/lib/python3.12/site-packages/airflow/example_dags/example_kubernetes_executor.py
[2024-07-04T17:45:01.331+0000] {processor.py:840} INFO - DAG(s) 'example_kubernetes_executor' retrieved from /home/airflow/.local/lib/python3.12/site-packages/airflow/example_dags/example_kubernetes_executor.py
[2024-07-04T17:45:01.602+0000] {logging_mixin.py:188} INFO - [2024-07-04T17:45:01.602+0000] {dag.py:3096} INFO - Sync 1 DAGs
[2024-07-04T17:45:01.624+0000] {logging_mixin.py:188} INFO - [2024-07-04T17:45:01.624+0000] {dag.py:3954} INFO - Setting next_dagrun for example_kubernetes_executor to None, run_after=None
[2024-07-04T17:45:01.824+0000] {processor.py:183} INFO - Processing /home/airflow/.local/lib/python3.12/site-packages/airflow/example_dags/example_kubernetes_executor.py took 0.526 seconds
[2024-07-04T17:45:32.543+0000] {processor.py:161} INFO - Started process (PID=158) to work on /home/airflow/.local/lib/python3.12/site-packages/airflow/example_dags/example_kubernetes_executor.py
[2024-07-04T17:45:32.544+0000] {processor.py:830} INFO - Processing file /home/airflow/.local/lib/python3.12/site-packages/airflow/example_dags/example_kubernetes_executor.py for tasks to queue
[2024-07-04T17:45:32.546+0000] {logging_mixin.py:188} INFO - [2024-07-04T17:45:32.545+0000] {dagbag.py:545} INFO - Filling up the DagBag from /home/airflow/.local/lib/python3.12/site-packages/airflow/example_dags/example_kubernetes_executor.py
[2024-07-04T17:45:32.557+0000] {processor.py:840} INFO - DAG(s) 'example_kubernetes_executor' retrieved from /home/airflow/.local/lib/python3.12/site-packages/airflow/example_dags/example_kubernetes_executor.py
[2024-07-04T17:45:32.594+0000] {logging_mixin.py:188} INFO - [2024-07-04T17:45:32.594+0000] {dag.py:3096} INFO - Sync 1 DAGs
[2024-07-04T17:45:32.607+0000] {logging_mixin.py:188} INFO - [2024-07-04T17:45:32.607+0000] {dag.py:3954} INFO - Setting next_dagrun for example_kubernetes_executor to None, run_after=None
[2024-07-04T17:45:32.631+0000] {processor.py:183} INFO - Processing /home/airflow/.local/lib/python3.12/site-packages/airflow/example_dags/example_kubernetes_executor.py took 0.093 seconds
[2024-07-04T17:46:02.686+0000] {processor.py:161} INFO - Started process (PID=216) to work on /home/airflow/.local/lib/python3.12/site-packages/airflow/example_dags/example_kubernetes_executor.py
[2024-07-04T17:46:02.687+0000] {processor.py:830} INFO - Processing file /home/airflow/.local/lib/python3.12/site-packages/airflow/example_dags/example_kubernetes_executor.py for tasks to queue
[2024-07-04T17:46:02.688+0000] {logging_mixin.py:188} INFO - [2024-07-04T17:46:02.688+0000] {dagbag.py:545} INFO - Filling up the DagBag from /home/airflow/.local/lib/python3.12/site-packages/airflow/example_dags/example_kubernetes_executor.py
[2024-07-04T17:46:02.701+0000] {processor.py:840} INFO - DAG(s) 'example_kubernetes_executor' retrieved from /home/airflow/.local/lib/python3.12/site-packages/airflow/example_dags/example_kubernetes_executor.py
[2024-07-04T17:46:02.739+0000] {logging_mixin.py:188} INFO - [2024-07-04T17:46:02.739+0000] {dag.py:3096} INFO - Sync 1 DAGs
[2024-07-04T17:46:02.753+0000] {logging_mixin.py:188} INFO - [2024-07-04T17:46:02.752+0000] {dag.py:3954} INFO - Setting next_dagrun for example_kubernetes_executor to None, run_after=None
[2024-07-04T17:46:02.774+0000] {processor.py:183} INFO - Processing /home/airflow/.local/lib/python3.12/site-packages/airflow/example_dags/example_kubernetes_executor.py took 0.094 seconds
[2024-07-04T17:46:32.861+0000] {processor.py:161} INFO - Started process (PID=274) to work on /home/airflow/.local/lib/python3.12/site-packages/airflow/example_dags/example_kubernetes_executor.py
[2024-07-04T17:46:32.862+0000] {processor.py:830} INFO - Processing file /home/airflow/.local/lib/python3.12/site-packages/airflow/example_dags/example_kubernetes_executor.py for tasks to queue
[2024-07-04T17:46:32.865+0000] {logging_mixin.py:188} INFO - [2024-07-04T17:46:32.864+0000] {dagbag.py:545} INFO - Filling up the DagBag from /home/airflow/.local/lib/python3.12/site-packages/airflow/example_dags/example_kubernetes_executor.py
[2024-07-04T17:46:32.881+0000] {processor.py:840} INFO - DAG(s) 'example_kubernetes_executor' retrieved from /home/airflow/.local/lib/python3.12/site-packages/airflow/example_dags/example_kubernetes_executor.py
[2024-07-04T17:46:32.914+0000] {logging_mixin.py:188} INFO - [2024-07-04T17:46:32.914+0000] {dag.py:3096} INFO - Sync 1 DAGs
[2024-07-04T17:46:32.926+0000] {logging_mixin.py:188} INFO - [2024-07-04T17:46:32.925+0000] {dag.py:3954} INFO - Setting next_dagrun for example_kubernetes_executor to None, run_after=None
[2024-07-04T17:46:32.946+0000] {processor.py:183} INFO - Processing /home/airflow/.local/lib/python3.12/site-packages/airflow/example_dags/example_kubernetes_executor.py took 0.094 seconds
[2024-07-04T18:04:03.731+0000] {processor.py:161} INFO - Started process (PID=100) to work on /home/airflow/.local/lib/python3.12/site-packages/airflow/example_dags/example_kubernetes_executor.py
[2024-07-04T18:04:03.731+0000] {processor.py:830} INFO - Processing file /home/airflow/.local/lib/python3.12/site-packages/airflow/example_dags/example_kubernetes_executor.py for tasks to queue
[2024-07-04T18:04:03.733+0000] {logging_mixin.py:188} INFO - [2024-07-04T18:04:03.732+0000] {dagbag.py:545} INFO - Filling up the DagBag from /home/airflow/.local/lib/python3.12/site-packages/airflow/example_dags/example_kubernetes_executor.py
[2024-07-04T18:04:03.746+0000] {processor.py:840} INFO - DAG(s) 'example_kubernetes_executor' retrieved from /home/airflow/.local/lib/python3.12/site-packages/airflow/example_dags/example_kubernetes_executor.py
[2024-07-04T18:04:03.904+0000] {logging_mixin.py:188} INFO - [2024-07-04T18:04:03.904+0000] {dag.py:3096} INFO - Sync 1 DAGs
[2024-07-04T18:04:03.917+0000] {logging_mixin.py:188} INFO - [2024-07-04T18:04:03.917+0000] {dag.py:3954} INFO - Setting next_dagrun for example_kubernetes_executor to None, run_after=None
[2024-07-04T18:04:03.941+0000] {processor.py:183} INFO - Processing /home/airflow/.local/lib/python3.12/site-packages/airflow/example_dags/example_kubernetes_executor.py took 0.216 seconds
[2024-07-04T18:04:34.134+0000] {processor.py:161} INFO - Started process (PID=157) to work on /home/airflow/.local/lib/python3.12/site-packages/airflow/example_dags/example_kubernetes_executor.py
[2024-07-04T18:04:34.135+0000] {processor.py:830} INFO - Processing file /home/airflow/.local/lib/python3.12/site-packages/airflow/example_dags/example_kubernetes_executor.py for tasks to queue
[2024-07-04T18:04:34.136+0000] {logging_mixin.py:188} INFO - [2024-07-04T18:04:34.136+0000] {dagbag.py:545} INFO - Filling up the DagBag from /home/airflow/.local/lib/python3.12/site-packages/airflow/example_dags/example_kubernetes_executor.py
[2024-07-04T18:04:34.159+0000] {processor.py:840} INFO - DAG(s) 'example_kubernetes_executor' retrieved from /home/airflow/.local/lib/python3.12/site-packages/airflow/example_dags/example_kubernetes_executor.py
[2024-07-04T18:04:34.199+0000] {logging_mixin.py:188} INFO - [2024-07-04T18:04:34.199+0000] {dag.py:3096} INFO - Sync 1 DAGs
[2024-07-04T18:04:34.215+0000] {logging_mixin.py:188} INFO - [2024-07-04T18:04:34.215+0000] {dag.py:3954} INFO - Setting next_dagrun for example_kubernetes_executor to None, run_after=None
[2024-07-04T18:04:34.237+0000] {processor.py:183} INFO - Processing /home/airflow/.local/lib/python3.12/site-packages/airflow/example_dags/example_kubernetes_executor.py took 0.108 seconds
[2024-07-04T18:05:04.918+0000] {processor.py:161} INFO - Started process (PID=215) to work on /home/airflow/.local/lib/python3.12/site-packages/airflow/example_dags/example_kubernetes_executor.py
[2024-07-04T18:05:04.919+0000] {processor.py:830} INFO - Processing file /home/airflow/.local/lib/python3.12/site-packages/airflow/example_dags/example_kubernetes_executor.py for tasks to queue
[2024-07-04T18:05:04.920+0000] {logging_mixin.py:188} INFO - [2024-07-04T18:05:04.920+0000] {dagbag.py:545} INFO - Filling up the DagBag from /home/airflow/.local/lib/python3.12/site-packages/airflow/example_dags/example_kubernetes_executor.py
[2024-07-04T18:05:04.931+0000] {processor.py:840} INFO - DAG(s) 'example_kubernetes_executor' retrieved from /home/airflow/.local/lib/python3.12/site-packages/airflow/example_dags/example_kubernetes_executor.py
[2024-07-04T18:05:04.964+0000] {logging_mixin.py:188} INFO - [2024-07-04T18:05:04.964+0000] {dag.py:3096} INFO - Sync 1 DAGs
[2024-07-04T18:05:04.977+0000] {logging_mixin.py:188} INFO - [2024-07-04T18:05:04.976+0000] {dag.py:3954} INFO - Setting next_dagrun for example_kubernetes_executor to None, run_after=None
[2024-07-04T18:05:04.995+0000] {processor.py:183} INFO - Processing /home/airflow/.local/lib/python3.12/site-packages/airflow/example_dags/example_kubernetes_executor.py took 0.082 seconds
[2024-07-04T18:05:35.286+0000] {processor.py:161} INFO - Started process (PID=274) to work on /home/airflow/.local/lib/python3.12/site-packages/airflow/example_dags/example_kubernetes_executor.py
[2024-07-04T18:05:35.287+0000] {processor.py:830} INFO - Processing file /home/airflow/.local/lib/python3.12/site-packages/airflow/example_dags/example_kubernetes_executor.py for tasks to queue
[2024-07-04T18:05:35.289+0000] {logging_mixin.py:188} INFO - [2024-07-04T18:05:35.288+0000] {dagbag.py:545} INFO - Filling up the DagBag from /home/airflow/.local/lib/python3.12/site-packages/airflow/example_dags/example_kubernetes_executor.py
[2024-07-04T18:05:35.304+0000] {processor.py:840} INFO - DAG(s) 'example_kubernetes_executor' retrieved from /home/airflow/.local/lib/python3.12/site-packages/airflow/example_dags/example_kubernetes_executor.py
[2024-07-04T18:05:35.348+0000] {logging_mixin.py:188} INFO - [2024-07-04T18:05:35.348+0000] {dag.py:3096} INFO - Sync 1 DAGs
[2024-07-04T18:05:35.367+0000] {logging_mixin.py:188} INFO - [2024-07-04T18:05:35.366+0000] {dag.py:3954} INFO - Setting next_dagrun for example_kubernetes_executor to None, run_after=None
[2024-07-04T18:05:35.393+0000] {processor.py:183} INFO - Processing /home/airflow/.local/lib/python3.12/site-packages/airflow/example_dags/example_kubernetes_executor.py took 0.114 seconds
[2024-07-04T18:06:05.768+0000] {processor.py:161} INFO - Started process (PID=333) to work on /home/airflow/.local/lib/python3.12/site-packages/airflow/example_dags/example_kubernetes_executor.py
[2024-07-04T18:06:05.769+0000] {processor.py:830} INFO - Processing file /home/airflow/.local/lib/python3.12/site-packages/airflow/example_dags/example_kubernetes_executor.py for tasks to queue
[2024-07-04T18:06:05.771+0000] {logging_mixin.py:188} INFO - [2024-07-04T18:06:05.771+0000] {dagbag.py:545} INFO - Filling up the DagBag from /home/airflow/.local/lib/python3.12/site-packages/airflow/example_dags/example_kubernetes_executor.py
[2024-07-04T18:06:05.783+0000] {processor.py:840} INFO - DAG(s) 'example_kubernetes_executor' retrieved from /home/airflow/.local/lib/python3.12/site-packages/airflow/example_dags/example_kubernetes_executor.py
[2024-07-04T18:06:05.817+0000] {logging_mixin.py:188} INFO - [2024-07-04T18:06:05.816+0000] {dag.py:3096} INFO - Sync 1 DAGs
[2024-07-04T18:06:05.829+0000] {logging_mixin.py:188} INFO - [2024-07-04T18:06:05.828+0000] {dag.py:3954} INFO - Setting next_dagrun for example_kubernetes_executor to None, run_after=None
[2024-07-04T18:06:05.852+0000] {processor.py:183} INFO - Processing /home/airflow/.local/lib/python3.12/site-packages/airflow/example_dags/example_kubernetes_executor.py took 0.089 seconds
[2024-07-04T18:06:36.087+0000] {processor.py:161} INFO - Started process (PID=391) to work on /home/airflow/.local/lib/python3.12/site-packages/airflow/example_dags/example_kubernetes_executor.py
[2024-07-04T18:06:36.088+0000] {processor.py:830} INFO - Processing file /home/airflow/.local/lib/python3.12/site-packages/airflow/example_dags/example_kubernetes_executor.py for tasks to queue
[2024-07-04T18:06:36.090+0000] {logging_mixin.py:188} INFO - [2024-07-04T18:06:36.089+0000] {dagbag.py:545} INFO - Filling up the DagBag from /home/airflow/.local/lib/python3.12/site-packages/airflow/example_dags/example_kubernetes_executor.py
[2024-07-04T18:06:36.104+0000] {processor.py:840} INFO - DAG(s) 'example_kubernetes_executor' retrieved from /home/airflow/.local/lib/python3.12/site-packages/airflow/example_dags/example_kubernetes_executor.py
[2024-07-04T18:06:36.144+0000] {logging_mixin.py:188} INFO - [2024-07-04T18:06:36.144+0000] {dag.py:3096} INFO - Sync 1 DAGs
[2024-07-04T18:06:36.158+0000] {logging_mixin.py:188} INFO - [2024-07-04T18:06:36.157+0000] {dag.py:3954} INFO - Setting next_dagrun for example_kubernetes_executor to None, run_after=None
[2024-07-04T18:06:36.177+0000] {processor.py:183} INFO - Processing /home/airflow/.local/lib/python3.12/site-packages/airflow/example_dags/example_kubernetes_executor.py took 0.096 seconds
[2024-07-04T18:07:06.460+0000] {processor.py:161} INFO - Started process (PID=450) to work on /home/airflow/.local/lib/python3.12/site-packages/airflow/example_dags/example_kubernetes_executor.py
[2024-07-04T18:07:06.461+0000] {processor.py:830} INFO - Processing file /home/airflow/.local/lib/python3.12/site-packages/airflow/example_dags/example_kubernetes_executor.py for tasks to queue
[2024-07-04T18:07:06.463+0000] {logging_mixin.py:188} INFO - [2024-07-04T18:07:06.462+0000] {dagbag.py:545} INFO - Filling up the DagBag from /home/airflow/.local/lib/python3.12/site-packages/airflow/example_dags/example_kubernetes_executor.py
[2024-07-04T18:07:06.474+0000] {processor.py:840} INFO - DAG(s) 'example_kubernetes_executor' retrieved from /home/airflow/.local/lib/python3.12/site-packages/airflow/example_dags/example_kubernetes_executor.py
[2024-07-04T18:07:06.512+0000] {logging_mixin.py:188} INFO - [2024-07-04T18:07:06.512+0000] {dag.py:3096} INFO - Sync 1 DAGs
[2024-07-04T18:07:06.525+0000] {logging_mixin.py:188} INFO - [2024-07-04T18:07:06.525+0000] {dag.py:3954} INFO - Setting next_dagrun for example_kubernetes_executor to None, run_after=None
[2024-07-04T18:07:06.545+0000] {processor.py:183} INFO - Processing /home/airflow/.local/lib/python3.12/site-packages/airflow/example_dags/example_kubernetes_executor.py took 0.090 seconds
[2024-07-04T18:07:36.970+0000] {processor.py:161} INFO - Started process (PID=507) to work on /home/airflow/.local/lib/python3.12/site-packages/airflow/example_dags/example_kubernetes_executor.py
[2024-07-04T18:07:36.971+0000] {processor.py:830} INFO - Processing file /home/airflow/.local/lib/python3.12/site-packages/airflow/example_dags/example_kubernetes_executor.py for tasks to queue
[2024-07-04T18:07:36.974+0000] {logging_mixin.py:188} INFO - [2024-07-04T18:07:36.973+0000] {dagbag.py:545} INFO - Filling up the DagBag from /home/airflow/.local/lib/python3.12/site-packages/airflow/example_dags/example_kubernetes_executor.py
[2024-07-04T18:07:36.988+0000] {processor.py:840} INFO - DAG(s) 'example_kubernetes_executor' retrieved from /home/airflow/.local/lib/python3.12/site-packages/airflow/example_dags/example_kubernetes_executor.py
[2024-07-04T18:07:37.031+0000] {logging_mixin.py:188} INFO - [2024-07-04T18:07:37.031+0000] {dag.py:3096} INFO - Sync 1 DAGs
[2024-07-04T18:07:37.044+0000] {logging_mixin.py:188} INFO - [2024-07-04T18:07:37.044+0000] {dag.py:3954} INFO - Setting next_dagrun for example_kubernetes_executor to None, run_after=None
[2024-07-04T18:07:37.065+0000] {processor.py:183} INFO - Processing /home/airflow/.local/lib/python3.12/site-packages/airflow/example_dags/example_kubernetes_executor.py took 0.103 seconds
[2024-07-04T18:08:07.272+0000] {processor.py:161} INFO - Started process (PID=565) to work on /home/airflow/.local/lib/python3.12/site-packages/airflow/example_dags/example_kubernetes_executor.py
[2024-07-04T18:08:07.273+0000] {processor.py:830} INFO - Processing file /home/airflow/.local/lib/python3.12/site-packages/airflow/example_dags/example_kubernetes_executor.py for tasks to queue
[2024-07-04T18:08:07.274+0000] {logging_mixin.py:188} INFO - [2024-07-04T18:08:07.274+0000] {dagbag.py:545} INFO - Filling up the DagBag from /home/airflow/.local/lib/python3.12/site-packages/airflow/example_dags/example_kubernetes_executor.py
[2024-07-04T18:08:07.285+0000] {processor.py:840} INFO - DAG(s) 'example_kubernetes_executor' retrieved from /home/airflow/.local/lib/python3.12/site-packages/airflow/example_dags/example_kubernetes_executor.py
[2024-07-04T18:08:07.321+0000] {logging_mixin.py:188} INFO - [2024-07-04T18:08:07.321+0000] {dag.py:3096} INFO - Sync 1 DAGs
[2024-07-04T18:08:07.333+0000] {logging_mixin.py:188} INFO - [2024-07-04T18:08:07.332+0000] {dag.py:3954} INFO - Setting next_dagrun for example_kubernetes_executor to None, run_after=None
[2024-07-04T18:08:07.356+0000] {processor.py:183} INFO - Processing /home/airflow/.local/lib/python3.12/site-packages/airflow/example_dags/example_kubernetes_executor.py took 0.090 seconds
[2024-07-04T18:08:37.950+0000] {processor.py:161} INFO - Started process (PID=623) to work on /home/airflow/.local/lib/python3.12/site-packages/airflow/example_dags/example_kubernetes_executor.py
[2024-07-04T18:08:37.950+0000] {processor.py:830} INFO - Processing file /home/airflow/.local/lib/python3.12/site-packages/airflow/example_dags/example_kubernetes_executor.py for tasks to queue
[2024-07-04T18:08:37.952+0000] {logging_mixin.py:188} INFO - [2024-07-04T18:08:37.951+0000] {dagbag.py:545} INFO - Filling up the DagBag from /home/airflow/.local/lib/python3.12/site-packages/airflow/example_dags/example_kubernetes_executor.py
[2024-07-04T18:08:37.962+0000] {processor.py:840} INFO - DAG(s) 'example_kubernetes_executor' retrieved from /home/airflow/.local/lib/python3.12/site-packages/airflow/example_dags/example_kubernetes_executor.py
[2024-07-04T18:08:37.995+0000] {logging_mixin.py:188} INFO - [2024-07-04T18:08:37.995+0000] {dag.py:3096} INFO - Sync 1 DAGs
[2024-07-04T18:08:38.006+0000] {logging_mixin.py:188} INFO - [2024-07-04T18:08:38.006+0000] {dag.py:3954} INFO - Setting next_dagrun for example_kubernetes_executor to None, run_after=None
[2024-07-04T18:08:38.025+0000] {processor.py:183} INFO - Processing /home/airflow/.local/lib/python3.12/site-packages/airflow/example_dags/example_kubernetes_executor.py took 0.080 seconds
[2024-07-04T18:09:08.575+0000] {processor.py:161} INFO - Started process (PID=680) to work on /home/airflow/.local/lib/python3.12/site-packages/airflow/example_dags/example_kubernetes_executor.py
[2024-07-04T18:09:08.576+0000] {processor.py:830} INFO - Processing file /home/airflow/.local/lib/python3.12/site-packages/airflow/example_dags/example_kubernetes_executor.py for tasks to queue
[2024-07-04T18:09:08.577+0000] {logging_mixin.py:188} INFO - [2024-07-04T18:09:08.577+0000] {dagbag.py:545} INFO - Filling up the DagBag from /home/airflow/.local/lib/python3.12/site-packages/airflow/example_dags/example_kubernetes_executor.py
[2024-07-04T18:09:08.588+0000] {processor.py:840} INFO - DAG(s) 'example_kubernetes_executor' retrieved from /home/airflow/.local/lib/python3.12/site-packages/airflow/example_dags/example_kubernetes_executor.py
[2024-07-04T18:09:08.622+0000] {logging_mixin.py:188} INFO - [2024-07-04T18:09:08.622+0000] {dag.py:3096} INFO - Sync 1 DAGs
[2024-07-04T18:09:08.638+0000] {logging_mixin.py:188} INFO - [2024-07-04T18:09:08.638+0000] {dag.py:3954} INFO - Setting next_dagrun for example_kubernetes_executor to None, run_after=None
[2024-07-04T18:09:08.665+0000] {processor.py:183} INFO - Processing /home/airflow/.local/lib/python3.12/site-packages/airflow/example_dags/example_kubernetes_executor.py took 0.094 seconds
[2024-07-04T18:09:39.043+0000] {processor.py:161} INFO - Started process (PID=738) to work on /home/airflow/.local/lib/python3.12/site-packages/airflow/example_dags/example_kubernetes_executor.py
[2024-07-04T18:09:39.044+0000] {processor.py:830} INFO - Processing file /home/airflow/.local/lib/python3.12/site-packages/airflow/example_dags/example_kubernetes_executor.py for tasks to queue
[2024-07-04T18:09:39.045+0000] {logging_mixin.py:188} INFO - [2024-07-04T18:09:39.045+0000] {dagbag.py:545} INFO - Filling up the DagBag from /home/airflow/.local/lib/python3.12/site-packages/airflow/example_dags/example_kubernetes_executor.py
[2024-07-04T18:09:39.057+0000] {processor.py:840} INFO - DAG(s) 'example_kubernetes_executor' retrieved from /home/airflow/.local/lib/python3.12/site-packages/airflow/example_dags/example_kubernetes_executor.py
[2024-07-04T18:09:39.095+0000] {logging_mixin.py:188} INFO - [2024-07-04T18:09:39.094+0000] {dag.py:3096} INFO - Sync 1 DAGs
[2024-07-04T18:09:39.112+0000] {logging_mixin.py:188} INFO - [2024-07-04T18:09:39.111+0000] {dag.py:3954} INFO - Setting next_dagrun for example_kubernetes_executor to None, run_after=None
[2024-07-04T18:09:39.137+0000] {processor.py:183} INFO - Processing /home/airflow/.local/lib/python3.12/site-packages/airflow/example_dags/example_kubernetes_executor.py took 0.099 seconds
[2024-07-04T18:10:09.242+0000] {processor.py:161} INFO - Started process (PID=796) to work on /home/airflow/.local/lib/python3.12/site-packages/airflow/example_dags/example_kubernetes_executor.py
[2024-07-04T18:10:09.243+0000] {processor.py:830} INFO - Processing file /home/airflow/.local/lib/python3.12/site-packages/airflow/example_dags/example_kubernetes_executor.py for tasks to queue
[2024-07-04T18:10:09.245+0000] {logging_mixin.py:188} INFO - [2024-07-04T18:10:09.245+0000] {dagbag.py:545} INFO - Filling up the DagBag from /home/airflow/.local/lib/python3.12/site-packages/airflow/example_dags/example_kubernetes_executor.py
[2024-07-04T18:10:09.259+0000] {processor.py:840} INFO - DAG(s) 'example_kubernetes_executor' retrieved from /home/airflow/.local/lib/python3.12/site-packages/airflow/example_dags/example_kubernetes_executor.py
[2024-07-04T18:10:09.301+0000] {logging_mixin.py:188} INFO - [2024-07-04T18:10:09.301+0000] {dag.py:3096} INFO - Sync 1 DAGs
[2024-07-04T18:10:09.314+0000] {logging_mixin.py:188} INFO - [2024-07-04T18:10:09.314+0000] {dag.py:3954} INFO - Setting next_dagrun for example_kubernetes_executor to None, run_after=None
[2024-07-04T18:10:09.336+0000] {processor.py:183} INFO - Processing /home/airflow/.local/lib/python3.12/site-packages/airflow/example_dags/example_kubernetes_executor.py took 0.099 seconds
