[2024-07-04T17:38:50.665+0000] {processor.py:161} INFO - Started process (PID=89) to work on /home/airflow/.local/lib/python3.12/site-packages/airflow/example_dags/example_sla_dag.py
[2024-07-04T17:38:50.666+0000] {processor.py:830} INFO - Processing file /home/airflow/.local/lib/python3.12/site-packages/airflow/example_dags/example_sla_dag.py for tasks to queue
[2024-07-04T17:38:50.668+0000] {logging_mixin.py:188} INFO - [2024-07-04T17:38:50.667+0000] {dagbag.py:545} INFO - Filling up the DagBag from /home/airflow/.local/lib/python3.12/site-packages/airflow/example_dags/example_sla_dag.py
[2024-07-04T17:38:50.680+0000] {processor.py:840} INFO - DAG(s) 'example_sla_dag' retrieved from /home/airflow/.local/lib/python3.12/site-packages/airflow/example_dags/example_sla_dag.py
[2024-07-04T17:38:50.859+0000] {logging_mixin.py:188} INFO - [2024-07-04T17:38:50.859+0000] {override.py:1829} INFO - Created Permission View: can read on DAG:example_sla_dag
[2024-07-04T17:38:50.876+0000] {logging_mixin.py:188} INFO - [2024-07-04T17:38:50.875+0000] {override.py:1829} INFO - Created Permission View: can edit on DAG:example_sla_dag
[2024-07-04T17:38:50.889+0000] {logging_mixin.py:188} INFO - [2024-07-04T17:38:50.889+0000] {override.py:1829} INFO - Created Permission View: can delete on DAG:example_sla_dag
[2024-07-04T17:38:50.890+0000] {logging_mixin.py:188} INFO - [2024-07-04T17:38:50.890+0000] {dag.py:3096} INFO - Sync 1 DAGs
[2024-07-04T17:38:50.909+0000] {logging_mixin.py:188} INFO - [2024-07-04T17:38:50.908+0000] {dag.py:3118} INFO - Creating ORM DAG for example_sla_dag
[2024-07-04T17:38:50.929+0000] {logging_mixin.py:188} INFO - [2024-07-04T17:38:50.928+0000] {dag.py:3954} INFO - Setting next_dagrun for example_sla_dag to 2024-07-04 17:36:00+00:00, run_after=2024-07-04 17:38:00+00:00
[2024-07-04T17:38:50.955+0000] {processor.py:183} INFO - Processing /home/airflow/.local/lib/python3.12/site-packages/airflow/example_dags/example_sla_dag.py took 0.297 seconds
[2024-07-04T17:39:21.747+0000] {processor.py:161} INFO - Started process (PID=147) to work on /home/airflow/.local/lib/python3.12/site-packages/airflow/example_dags/example_sla_dag.py
[2024-07-04T17:39:21.751+0000] {processor.py:830} INFO - Processing file /home/airflow/.local/lib/python3.12/site-packages/airflow/example_dags/example_sla_dag.py for tasks to queue
[2024-07-04T17:39:21.752+0000] {logging_mixin.py:188} INFO - [2024-07-04T17:39:21.752+0000] {dagbag.py:545} INFO - Filling up the DagBag from /home/airflow/.local/lib/python3.12/site-packages/airflow/example_dags/example_sla_dag.py
[2024-07-04T17:39:21.759+0000] {processor.py:840} INFO - DAG(s) 'example_sla_dag' retrieved from /home/airflow/.local/lib/python3.12/site-packages/airflow/example_dags/example_sla_dag.py
[2024-07-04T17:39:21.775+0000] {logging_mixin.py:188} INFO - [2024-07-04T17:39:21.775+0000] {dag.py:3096} INFO - Sync 1 DAGs
[2024-07-04T17:39:21.800+0000] {logging_mixin.py:188} INFO - [2024-07-04T17:39:21.800+0000] {dag.py:3954} INFO - Setting next_dagrun for example_sla_dag to 2024-07-04 17:36:00+00:00, run_after=2024-07-04 17:38:00+00:00
[2024-07-04T17:39:21.825+0000] {processor.py:183} INFO - Processing /home/airflow/.local/lib/python3.12/site-packages/airflow/example_dags/example_sla_dag.py took 0.082 seconds
[2024-07-04T17:44:59.350+0000] {processor.py:161} INFO - Started process (PID=88) to work on /home/airflow/.local/lib/python3.12/site-packages/airflow/example_dags/example_sla_dag.py
[2024-07-04T17:44:59.350+0000] {processor.py:830} INFO - Processing file /home/airflow/.local/lib/python3.12/site-packages/airflow/example_dags/example_sla_dag.py for tasks to queue
[2024-07-04T17:44:59.352+0000] {logging_mixin.py:188} INFO - [2024-07-04T17:44:59.352+0000] {dagbag.py:545} INFO - Filling up the DagBag from /home/airflow/.local/lib/python3.12/site-packages/airflow/example_dags/example_sla_dag.py
[2024-07-04T17:44:59.361+0000] {processor.py:840} INFO - DAG(s) 'example_sla_dag' retrieved from /home/airflow/.local/lib/python3.12/site-packages/airflow/example_dags/example_sla_dag.py
[2024-07-04T17:44:59.486+0000] {logging_mixin.py:188} INFO - [2024-07-04T17:44:59.486+0000] {dag.py:3096} INFO - Sync 1 DAGs
[2024-07-04T17:44:59.512+0000] {logging_mixin.py:188} INFO - [2024-07-04T17:44:59.511+0000] {dag.py:3954} INFO - Setting next_dagrun for example_sla_dag to 2024-07-04 17:42:00+00:00, run_after=2024-07-04 17:44:00+00:00
[2024-07-04T17:44:59.542+0000] {processor.py:183} INFO - Processing /home/airflow/.local/lib/python3.12/site-packages/airflow/example_dags/example_sla_dag.py took 0.198 seconds
[2024-07-04T17:45:29.789+0000] {processor.py:161} INFO - Started process (PID=146) to work on /home/airflow/.local/lib/python3.12/site-packages/airflow/example_dags/example_sla_dag.py
[2024-07-04T17:45:29.790+0000] {processor.py:830} INFO - Processing file /home/airflow/.local/lib/python3.12/site-packages/airflow/example_dags/example_sla_dag.py for tasks to queue
[2024-07-04T17:45:29.791+0000] {logging_mixin.py:188} INFO - [2024-07-04T17:45:29.791+0000] {dagbag.py:545} INFO - Filling up the DagBag from /home/airflow/.local/lib/python3.12/site-packages/airflow/example_dags/example_sla_dag.py
[2024-07-04T17:45:29.799+0000] {processor.py:840} INFO - DAG(s) 'example_sla_dag' retrieved from /home/airflow/.local/lib/python3.12/site-packages/airflow/example_dags/example_sla_dag.py
[2024-07-04T17:45:29.817+0000] {logging_mixin.py:188} INFO - [2024-07-04T17:45:29.817+0000] {dag.py:3096} INFO - Sync 1 DAGs
[2024-07-04T17:45:29.840+0000] {logging_mixin.py:188} INFO - [2024-07-04T17:45:29.840+0000] {dag.py:3954} INFO - Setting next_dagrun for example_sla_dag to 2024-07-04 17:42:00+00:00, run_after=2024-07-04 17:44:00+00:00
[2024-07-04T17:45:29.868+0000] {processor.py:183} INFO - Processing /home/airflow/.local/lib/python3.12/site-packages/airflow/example_dags/example_sla_dag.py took 0.084 seconds
[2024-07-04T17:45:59.924+0000] {processor.py:161} INFO - Started process (PID=204) to work on /home/airflow/.local/lib/python3.12/site-packages/airflow/example_dags/example_sla_dag.py
[2024-07-04T17:45:59.924+0000] {processor.py:830} INFO - Processing file /home/airflow/.local/lib/python3.12/site-packages/airflow/example_dags/example_sla_dag.py for tasks to queue
[2024-07-04T17:45:59.925+0000] {logging_mixin.py:188} INFO - [2024-07-04T17:45:59.925+0000] {dagbag.py:545} INFO - Filling up the DagBag from /home/airflow/.local/lib/python3.12/site-packages/airflow/example_dags/example_sla_dag.py
[2024-07-04T17:45:59.932+0000] {processor.py:840} INFO - DAG(s) 'example_sla_dag' retrieved from /home/airflow/.local/lib/python3.12/site-packages/airflow/example_dags/example_sla_dag.py
[2024-07-04T17:45:59.948+0000] {logging_mixin.py:188} INFO - [2024-07-04T17:45:59.948+0000] {dag.py:3096} INFO - Sync 1 DAGs
[2024-07-04T17:45:59.972+0000] {logging_mixin.py:188} INFO - [2024-07-04T17:45:59.972+0000] {dag.py:3954} INFO - Setting next_dagrun for example_sla_dag to 2024-07-04 17:42:00+00:00, run_after=2024-07-04 17:44:00+00:00
[2024-07-04T17:46:00.005+0000] {processor.py:183} INFO - Processing /home/airflow/.local/lib/python3.12/site-packages/airflow/example_dags/example_sla_dag.py took 0.086 seconds
[2024-07-04T17:46:30.246+0000] {processor.py:161} INFO - Started process (PID=262) to work on /home/airflow/.local/lib/python3.12/site-packages/airflow/example_dags/example_sla_dag.py
[2024-07-04T17:46:30.247+0000] {processor.py:830} INFO - Processing file /home/airflow/.local/lib/python3.12/site-packages/airflow/example_dags/example_sla_dag.py for tasks to queue
[2024-07-04T17:46:30.249+0000] {logging_mixin.py:188} INFO - [2024-07-04T17:46:30.248+0000] {dagbag.py:545} INFO - Filling up the DagBag from /home/airflow/.local/lib/python3.12/site-packages/airflow/example_dags/example_sla_dag.py
[2024-07-04T17:46:30.256+0000] {processor.py:840} INFO - DAG(s) 'example_sla_dag' retrieved from /home/airflow/.local/lib/python3.12/site-packages/airflow/example_dags/example_sla_dag.py
[2024-07-04T17:46:30.273+0000] {logging_mixin.py:188} INFO - [2024-07-04T17:46:30.273+0000] {dag.py:3096} INFO - Sync 1 DAGs
[2024-07-04T17:46:30.300+0000] {logging_mixin.py:188} INFO - [2024-07-04T17:46:30.300+0000] {dag.py:3954} INFO - Setting next_dagrun for example_sla_dag to 2024-07-04 17:44:00+00:00, run_after=2024-07-04 17:46:00+00:00
[2024-07-04T17:46:30.321+0000] {processor.py:183} INFO - Processing /home/airflow/.local/lib/python3.12/site-packages/airflow/example_dags/example_sla_dag.py took 0.079 seconds
[2024-07-04T18:04:01.447+0000] {processor.py:161} INFO - Started process (PID=88) to work on /home/airflow/.local/lib/python3.12/site-packages/airflow/example_dags/example_sla_dag.py
[2024-07-04T18:04:01.448+0000] {processor.py:830} INFO - Processing file /home/airflow/.local/lib/python3.12/site-packages/airflow/example_dags/example_sla_dag.py for tasks to queue
[2024-07-04T18:04:01.449+0000] {logging_mixin.py:188} INFO - [2024-07-04T18:04:01.449+0000] {dagbag.py:545} INFO - Filling up the DagBag from /home/airflow/.local/lib/python3.12/site-packages/airflow/example_dags/example_sla_dag.py
[2024-07-04T18:04:01.459+0000] {processor.py:840} INFO - DAG(s) 'example_sla_dag' retrieved from /home/airflow/.local/lib/python3.12/site-packages/airflow/example_dags/example_sla_dag.py
[2024-07-04T18:04:01.647+0000] {logging_mixin.py:188} INFO - [2024-07-04T18:04:01.647+0000] {dag.py:3096} INFO - Sync 1 DAGs
[2024-07-04T18:04:01.687+0000] {logging_mixin.py:188} INFO - [2024-07-04T18:04:01.686+0000] {dag.py:3954} INFO - Setting next_dagrun for example_sla_dag to 2024-07-04 18:02:00+00:00, run_after=2024-07-04 18:04:00+00:00
[2024-07-04T18:04:01.720+0000] {processor.py:183} INFO - Processing /home/airflow/.local/lib/python3.12/site-packages/airflow/example_dags/example_sla_dag.py took 0.279 seconds
[2024-07-04T18:04:32.485+0000] {processor.py:161} INFO - Started process (PID=145) to work on /home/airflow/.local/lib/python3.12/site-packages/airflow/example_dags/example_sla_dag.py
[2024-07-04T18:04:32.487+0000] {processor.py:830} INFO - Processing file /home/airflow/.local/lib/python3.12/site-packages/airflow/example_dags/example_sla_dag.py for tasks to queue
[2024-07-04T18:04:32.489+0000] {logging_mixin.py:188} INFO - [2024-07-04T18:04:32.489+0000] {dagbag.py:545} INFO - Filling up the DagBag from /home/airflow/.local/lib/python3.12/site-packages/airflow/example_dags/example_sla_dag.py
[2024-07-04T18:04:32.500+0000] {processor.py:840} INFO - DAG(s) 'example_sla_dag' retrieved from /home/airflow/.local/lib/python3.12/site-packages/airflow/example_dags/example_sla_dag.py
[2024-07-04T18:04:32.521+0000] {logging_mixin.py:188} INFO - [2024-07-04T18:04:32.521+0000] {dag.py:3096} INFO - Sync 1 DAGs
[2024-07-04T18:04:32.548+0000] {logging_mixin.py:188} INFO - [2024-07-04T18:04:32.547+0000] {dag.py:3954} INFO - Setting next_dagrun for example_sla_dag to 2024-07-04 18:02:00+00:00, run_after=2024-07-04 18:04:00+00:00
[2024-07-04T18:04:32.571+0000] {processor.py:183} INFO - Processing /home/airflow/.local/lib/python3.12/site-packages/airflow/example_dags/example_sla_dag.py took 0.096 seconds
[2024-07-04T18:05:03.349+0000] {processor.py:161} INFO - Started process (PID=203) to work on /home/airflow/.local/lib/python3.12/site-packages/airflow/example_dags/example_sla_dag.py
[2024-07-04T18:05:03.356+0000] {processor.py:830} INFO - Processing file /home/airflow/.local/lib/python3.12/site-packages/airflow/example_dags/example_sla_dag.py for tasks to queue
[2024-07-04T18:05:03.358+0000] {logging_mixin.py:188} INFO - [2024-07-04T18:05:03.358+0000] {dagbag.py:545} INFO - Filling up the DagBag from /home/airflow/.local/lib/python3.12/site-packages/airflow/example_dags/example_sla_dag.py
[2024-07-04T18:05:03.367+0000] {processor.py:840} INFO - DAG(s) 'example_sla_dag' retrieved from /home/airflow/.local/lib/python3.12/site-packages/airflow/example_dags/example_sla_dag.py
[2024-07-04T18:05:03.390+0000] {logging_mixin.py:188} INFO - [2024-07-04T18:05:03.390+0000] {dag.py:3096} INFO - Sync 1 DAGs
[2024-07-04T18:05:03.415+0000] {logging_mixin.py:188} INFO - [2024-07-04T18:05:03.415+0000] {dag.py:3954} INFO - Setting next_dagrun for example_sla_dag to 2024-07-04 18:02:00+00:00, run_after=2024-07-04 18:04:00+00:00
[2024-07-04T18:05:03.435+0000] {processor.py:183} INFO - Processing /home/airflow/.local/lib/python3.12/site-packages/airflow/example_dags/example_sla_dag.py took 0.092 seconds
[2024-07-04T18:05:33.591+0000] {processor.py:161} INFO - Started process (PID=262) to work on /home/airflow/.local/lib/python3.12/site-packages/airflow/example_dags/example_sla_dag.py
[2024-07-04T18:05:33.599+0000] {processor.py:830} INFO - Processing file /home/airflow/.local/lib/python3.12/site-packages/airflow/example_dags/example_sla_dag.py for tasks to queue
[2024-07-04T18:05:33.600+0000] {logging_mixin.py:188} INFO - [2024-07-04T18:05:33.600+0000] {dagbag.py:545} INFO - Filling up the DagBag from /home/airflow/.local/lib/python3.12/site-packages/airflow/example_dags/example_sla_dag.py
[2024-07-04T18:05:33.608+0000] {processor.py:840} INFO - DAG(s) 'example_sla_dag' retrieved from /home/airflow/.local/lib/python3.12/site-packages/airflow/example_dags/example_sla_dag.py
[2024-07-04T18:05:33.626+0000] {logging_mixin.py:188} INFO - [2024-07-04T18:05:33.625+0000] {dag.py:3096} INFO - Sync 1 DAGs
[2024-07-04T18:05:33.650+0000] {logging_mixin.py:188} INFO - [2024-07-04T18:05:33.649+0000] {dag.py:3954} INFO - Setting next_dagrun for example_sla_dag to 2024-07-04 18:02:00+00:00, run_after=2024-07-04 18:04:00+00:00
[2024-07-04T18:05:33.670+0000] {processor.py:183} INFO - Processing /home/airflow/.local/lib/python3.12/site-packages/airflow/example_dags/example_sla_dag.py took 0.084 seconds
[2024-07-04T18:06:04.098+0000] {processor.py:161} INFO - Started process (PID=321) to work on /home/airflow/.local/lib/python3.12/site-packages/airflow/example_dags/example_sla_dag.py
[2024-07-04T18:06:04.106+0000] {processor.py:830} INFO - Processing file /home/airflow/.local/lib/python3.12/site-packages/airflow/example_dags/example_sla_dag.py for tasks to queue
[2024-07-04T18:06:04.108+0000] {logging_mixin.py:188} INFO - [2024-07-04T18:06:04.108+0000] {dagbag.py:545} INFO - Filling up the DagBag from /home/airflow/.local/lib/python3.12/site-packages/airflow/example_dags/example_sla_dag.py
[2024-07-04T18:06:04.118+0000] {processor.py:840} INFO - DAG(s) 'example_sla_dag' retrieved from /home/airflow/.local/lib/python3.12/site-packages/airflow/example_dags/example_sla_dag.py
[2024-07-04T18:06:04.146+0000] {logging_mixin.py:188} INFO - [2024-07-04T18:06:04.146+0000] {dag.py:3096} INFO - Sync 1 DAGs
[2024-07-04T18:06:04.186+0000] {logging_mixin.py:188} INFO - [2024-07-04T18:06:04.185+0000] {dag.py:3954} INFO - Setting next_dagrun for example_sla_dag to 2024-07-04 18:04:00+00:00, run_after=2024-07-04 18:06:00+00:00
[2024-07-04T18:06:04.211+0000] {processor.py:183} INFO - Processing /home/airflow/.local/lib/python3.12/site-packages/airflow/example_dags/example_sla_dag.py took 0.120 seconds
[2024-07-04T18:06:34.489+0000] {processor.py:161} INFO - Started process (PID=379) to work on /home/airflow/.local/lib/python3.12/site-packages/airflow/example_dags/example_sla_dag.py
[2024-07-04T18:06:34.497+0000] {processor.py:830} INFO - Processing file /home/airflow/.local/lib/python3.12/site-packages/airflow/example_dags/example_sla_dag.py for tasks to queue
[2024-07-04T18:06:34.499+0000] {logging_mixin.py:188} INFO - [2024-07-04T18:06:34.498+0000] {dagbag.py:545} INFO - Filling up the DagBag from /home/airflow/.local/lib/python3.12/site-packages/airflow/example_dags/example_sla_dag.py
[2024-07-04T18:06:34.508+0000] {processor.py:840} INFO - DAG(s) 'example_sla_dag' retrieved from /home/airflow/.local/lib/python3.12/site-packages/airflow/example_dags/example_sla_dag.py
[2024-07-04T18:06:34.526+0000] {logging_mixin.py:188} INFO - [2024-07-04T18:06:34.526+0000] {dag.py:3096} INFO - Sync 1 DAGs
[2024-07-04T18:06:34.548+0000] {logging_mixin.py:188} INFO - [2024-07-04T18:06:34.548+0000] {dag.py:3954} INFO - Setting next_dagrun for example_sla_dag to 2024-07-04 18:04:00+00:00, run_after=2024-07-04 18:06:00+00:00
[2024-07-04T18:06:34.570+0000] {processor.py:183} INFO - Processing /home/airflow/.local/lib/python3.12/site-packages/airflow/example_dags/example_sla_dag.py took 0.088 seconds
[2024-07-04T18:07:04.838+0000] {processor.py:161} INFO - Started process (PID=438) to work on /home/airflow/.local/lib/python3.12/site-packages/airflow/example_dags/example_sla_dag.py
[2024-07-04T18:07:04.846+0000] {processor.py:830} INFO - Processing file /home/airflow/.local/lib/python3.12/site-packages/airflow/example_dags/example_sla_dag.py for tasks to queue
[2024-07-04T18:07:04.849+0000] {logging_mixin.py:188} INFO - [2024-07-04T18:07:04.848+0000] {dagbag.py:545} INFO - Filling up the DagBag from /home/airflow/.local/lib/python3.12/site-packages/airflow/example_dags/example_sla_dag.py
[2024-07-04T18:07:04.863+0000] {processor.py:840} INFO - DAG(s) 'example_sla_dag' retrieved from /home/airflow/.local/lib/python3.12/site-packages/airflow/example_dags/example_sla_dag.py
[2024-07-04T18:07:04.885+0000] {logging_mixin.py:188} INFO - [2024-07-04T18:07:04.884+0000] {dag.py:3096} INFO - Sync 1 DAGs
[2024-07-04T18:07:04.907+0000] {logging_mixin.py:188} INFO - [2024-07-04T18:07:04.907+0000] {dag.py:3954} INFO - Setting next_dagrun for example_sla_dag to 2024-07-04 18:04:00+00:00, run_after=2024-07-04 18:06:00+00:00
[2024-07-04T18:07:04.927+0000] {processor.py:183} INFO - Processing /home/airflow/.local/lib/python3.12/site-packages/airflow/example_dags/example_sla_dag.py took 0.102 seconds
[2024-07-04T18:07:35.263+0000] {processor.py:161} INFO - Started process (PID=495) to work on /home/airflow/.local/lib/python3.12/site-packages/airflow/example_dags/example_sla_dag.py
[2024-07-04T18:07:35.271+0000] {processor.py:830} INFO - Processing file /home/airflow/.local/lib/python3.12/site-packages/airflow/example_dags/example_sla_dag.py for tasks to queue
[2024-07-04T18:07:35.273+0000] {logging_mixin.py:188} INFO - [2024-07-04T18:07:35.273+0000] {dagbag.py:545} INFO - Filling up the DagBag from /home/airflow/.local/lib/python3.12/site-packages/airflow/example_dags/example_sla_dag.py
[2024-07-04T18:07:35.282+0000] {processor.py:840} INFO - DAG(s) 'example_sla_dag' retrieved from /home/airflow/.local/lib/python3.12/site-packages/airflow/example_dags/example_sla_dag.py
[2024-07-04T18:07:35.301+0000] {logging_mixin.py:188} INFO - [2024-07-04T18:07:35.301+0000] {dag.py:3096} INFO - Sync 1 DAGs
[2024-07-04T18:07:35.329+0000] {logging_mixin.py:188} INFO - [2024-07-04T18:07:35.328+0000] {dag.py:3954} INFO - Setting next_dagrun for example_sla_dag to 2024-07-04 18:04:00+00:00, run_after=2024-07-04 18:06:00+00:00
[2024-07-04T18:07:35.358+0000] {processor.py:183} INFO - Processing /home/airflow/.local/lib/python3.12/site-packages/airflow/example_dags/example_sla_dag.py took 0.106 seconds
[2024-07-04T18:08:05.692+0000] {processor.py:161} INFO - Started process (PID=553) to work on /home/airflow/.local/lib/python3.12/site-packages/airflow/example_dags/example_sla_dag.py
[2024-07-04T18:08:05.693+0000] {processor.py:830} INFO - Processing file /home/airflow/.local/lib/python3.12/site-packages/airflow/example_dags/example_sla_dag.py for tasks to queue
[2024-07-04T18:08:05.695+0000] {logging_mixin.py:188} INFO - [2024-07-04T18:08:05.695+0000] {dagbag.py:545} INFO - Filling up the DagBag from /home/airflow/.local/lib/python3.12/site-packages/airflow/example_dags/example_sla_dag.py
[2024-07-04T18:08:05.703+0000] {processor.py:840} INFO - DAG(s) 'example_sla_dag' retrieved from /home/airflow/.local/lib/python3.12/site-packages/airflow/example_dags/example_sla_dag.py
[2024-07-04T18:08:05.722+0000] {logging_mixin.py:188} INFO - [2024-07-04T18:08:05.722+0000] {dag.py:3096} INFO - Sync 1 DAGs
[2024-07-04T18:08:05.745+0000] {logging_mixin.py:188} INFO - [2024-07-04T18:08:05.745+0000] {dag.py:3954} INFO - Setting next_dagrun for example_sla_dag to 2024-07-04 18:06:00+00:00, run_after=2024-07-04 18:08:00+00:00
[2024-07-04T18:08:05.763+0000] {processor.py:183} INFO - Processing /home/airflow/.local/lib/python3.12/site-packages/airflow/example_dags/example_sla_dag.py took 0.077 seconds
[2024-07-04T18:08:36.304+0000] {processor.py:161} INFO - Started process (PID=611) to work on /home/airflow/.local/lib/python3.12/site-packages/airflow/example_dags/example_sla_dag.py
[2024-07-04T18:08:36.311+0000] {processor.py:830} INFO - Processing file /home/airflow/.local/lib/python3.12/site-packages/airflow/example_dags/example_sla_dag.py for tasks to queue
[2024-07-04T18:08:36.313+0000] {logging_mixin.py:188} INFO - [2024-07-04T18:08:36.313+0000] {dagbag.py:545} INFO - Filling up the DagBag from /home/airflow/.local/lib/python3.12/site-packages/airflow/example_dags/example_sla_dag.py
[2024-07-04T18:08:36.322+0000] {processor.py:840} INFO - DAG(s) 'example_sla_dag' retrieved from /home/airflow/.local/lib/python3.12/site-packages/airflow/example_dags/example_sla_dag.py
[2024-07-04T18:08:36.344+0000] {logging_mixin.py:188} INFO - [2024-07-04T18:08:36.344+0000] {dag.py:3096} INFO - Sync 1 DAGs
[2024-07-04T18:08:36.370+0000] {logging_mixin.py:188} INFO - [2024-07-04T18:08:36.370+0000] {dag.py:3954} INFO - Setting next_dagrun for example_sla_dag to 2024-07-04 18:06:00+00:00, run_after=2024-07-04 18:08:00+00:00
[2024-07-04T18:08:36.391+0000] {processor.py:183} INFO - Processing /home/airflow/.local/lib/python3.12/site-packages/airflow/example_dags/example_sla_dag.py took 0.096 seconds
[2024-07-04T18:09:07.002+0000] {processor.py:161} INFO - Started process (PID=668) to work on /home/airflow/.local/lib/python3.12/site-packages/airflow/example_dags/example_sla_dag.py
[2024-07-04T18:09:07.010+0000] {processor.py:830} INFO - Processing file /home/airflow/.local/lib/python3.12/site-packages/airflow/example_dags/example_sla_dag.py for tasks to queue
[2024-07-04T18:09:07.011+0000] {logging_mixin.py:188} INFO - [2024-07-04T18:09:07.011+0000] {dagbag.py:545} INFO - Filling up the DagBag from /home/airflow/.local/lib/python3.12/site-packages/airflow/example_dags/example_sla_dag.py
[2024-07-04T18:09:07.019+0000] {processor.py:840} INFO - DAG(s) 'example_sla_dag' retrieved from /home/airflow/.local/lib/python3.12/site-packages/airflow/example_dags/example_sla_dag.py
[2024-07-04T18:09:07.035+0000] {logging_mixin.py:188} INFO - [2024-07-04T18:09:07.034+0000] {dag.py:3096} INFO - Sync 1 DAGs
[2024-07-04T18:09:07.058+0000] {logging_mixin.py:188} INFO - [2024-07-04T18:09:07.058+0000] {dag.py:3954} INFO - Setting next_dagrun for example_sla_dag to 2024-07-04 18:06:00+00:00, run_after=2024-07-04 18:08:00+00:00
[2024-07-04T18:09:07.078+0000] {processor.py:183} INFO - Processing /home/airflow/.local/lib/python3.12/site-packages/airflow/example_dags/example_sla_dag.py took 0.081 seconds
[2024-07-04T18:09:37.397+0000] {processor.py:161} INFO - Started process (PID=726) to work on /home/airflow/.local/lib/python3.12/site-packages/airflow/example_dags/example_sla_dag.py
[2024-07-04T18:09:37.405+0000] {processor.py:830} INFO - Processing file /home/airflow/.local/lib/python3.12/site-packages/airflow/example_dags/example_sla_dag.py for tasks to queue
[2024-07-04T18:09:37.408+0000] {logging_mixin.py:188} INFO - [2024-07-04T18:09:37.407+0000] {dagbag.py:545} INFO - Filling up the DagBag from /home/airflow/.local/lib/python3.12/site-packages/airflow/example_dags/example_sla_dag.py
[2024-07-04T18:09:37.417+0000] {processor.py:840} INFO - DAG(s) 'example_sla_dag' retrieved from /home/airflow/.local/lib/python3.12/site-packages/airflow/example_dags/example_sla_dag.py
[2024-07-04T18:09:37.439+0000] {logging_mixin.py:188} INFO - [2024-07-04T18:09:37.439+0000] {dag.py:3096} INFO - Sync 1 DAGs
[2024-07-04T18:09:37.472+0000] {logging_mixin.py:188} INFO - [2024-07-04T18:09:37.472+0000] {dag.py:3954} INFO - Setting next_dagrun for example_sla_dag to 2024-07-04 18:06:00+00:00, run_after=2024-07-04 18:08:00+00:00
[2024-07-04T18:09:37.500+0000] {processor.py:183} INFO - Processing /home/airflow/.local/lib/python3.12/site-packages/airflow/example_dags/example_sla_dag.py took 0.113 seconds
[2024-07-04T18:10:07.541+0000] {processor.py:161} INFO - Started process (PID=784) to work on /home/airflow/.local/lib/python3.12/site-packages/airflow/example_dags/example_sla_dag.py
[2024-07-04T18:10:07.543+0000] {processor.py:830} INFO - Processing file /home/airflow/.local/lib/python3.12/site-packages/airflow/example_dags/example_sla_dag.py for tasks to queue
[2024-07-04T18:10:07.545+0000] {logging_mixin.py:188} INFO - [2024-07-04T18:10:07.544+0000] {dagbag.py:545} INFO - Filling up the DagBag from /home/airflow/.local/lib/python3.12/site-packages/airflow/example_dags/example_sla_dag.py
[2024-07-04T18:10:07.554+0000] {processor.py:840} INFO - DAG(s) 'example_sla_dag' retrieved from /home/airflow/.local/lib/python3.12/site-packages/airflow/example_dags/example_sla_dag.py
[2024-07-04T18:10:07.571+0000] {logging_mixin.py:188} INFO - [2024-07-04T18:10:07.571+0000] {dag.py:3096} INFO - Sync 1 DAGs
[2024-07-04T18:10:07.594+0000] {logging_mixin.py:188} INFO - [2024-07-04T18:10:07.594+0000] {dag.py:3954} INFO - Setting next_dagrun for example_sla_dag to 2024-07-04 18:08:00+00:00, run_after=2024-07-04 18:10:00+00:00
[2024-07-04T18:10:07.616+0000] {processor.py:183} INFO - Processing /home/airflow/.local/lib/python3.12/site-packages/airflow/example_dags/example_sla_dag.py took 0.081 seconds
