[2024-07-04T17:38:53.217+0000] {processor.py:161} INFO - Started process (PID=104) to work on /home/airflow/.local/lib/python3.12/site-packages/airflow/example_dags/tutorial_dag.py
[2024-07-04T17:38:53.218+0000] {processor.py:830} INFO - Processing file /home/airflow/.local/lib/python3.12/site-packages/airflow/example_dags/tutorial_dag.py for tasks to queue
[2024-07-04T17:38:53.219+0000] {logging_mixin.py:188} INFO - [2024-07-04T17:38:53.219+0000] {dagbag.py:545} INFO - Filling up the DagBag from /home/airflow/.local/lib/python3.12/site-packages/airflow/example_dags/tutorial_dag.py
[2024-07-04T17:38:53.225+0000] {processor.py:840} INFO - DAG(s) 'tutorial_dag' retrieved from /home/airflow/.local/lib/python3.12/site-packages/airflow/example_dags/tutorial_dag.py
[2024-07-04T17:38:53.354+0000] {logging_mixin.py:188} INFO - [2024-07-04T17:38:53.354+0000] {override.py:1829} INFO - Created Permission View: can read on DAG:tutorial_dag
[2024-07-04T17:38:53.367+0000] {logging_mixin.py:188} INFO - [2024-07-04T17:38:53.366+0000] {override.py:1829} INFO - Created Permission View: can edit on DAG:tutorial_dag
[2024-07-04T17:38:53.376+0000] {logging_mixin.py:188} INFO - [2024-07-04T17:38:53.375+0000] {override.py:1829} INFO - Created Permission View: can delete on DAG:tutorial_dag
[2024-07-04T17:38:53.376+0000] {logging_mixin.py:188} INFO - [2024-07-04T17:38:53.376+0000] {dag.py:3096} INFO - Sync 1 DAGs
[2024-07-04T17:38:53.388+0000] {logging_mixin.py:188} INFO - [2024-07-04T17:38:53.388+0000] {dag.py:3118} INFO - Creating ORM DAG for tutorial_dag
[2024-07-04T17:38:53.389+0000] {logging_mixin.py:188} INFO - [2024-07-04T17:38:53.389+0000] {dag.py:3954} INFO - Setting next_dagrun for tutorial_dag to None, run_after=None
[2024-07-04T17:38:53.415+0000] {processor.py:183} INFO - Processing /home/airflow/.local/lib/python3.12/site-packages/airflow/example_dags/tutorial_dag.py took 0.204 seconds
[2024-07-04T17:39:23.527+0000] {processor.py:161} INFO - Started process (PID=162) to work on /home/airflow/.local/lib/python3.12/site-packages/airflow/example_dags/tutorial_dag.py
[2024-07-04T17:39:23.528+0000] {processor.py:830} INFO - Processing file /home/airflow/.local/lib/python3.12/site-packages/airflow/example_dags/tutorial_dag.py for tasks to queue
[2024-07-04T17:39:23.529+0000] {logging_mixin.py:188} INFO - [2024-07-04T17:39:23.529+0000] {dagbag.py:545} INFO - Filling up the DagBag from /home/airflow/.local/lib/python3.12/site-packages/airflow/example_dags/tutorial_dag.py
[2024-07-04T17:39:23.533+0000] {processor.py:840} INFO - DAG(s) 'tutorial_dag' retrieved from /home/airflow/.local/lib/python3.12/site-packages/airflow/example_dags/tutorial_dag.py
[2024-07-04T17:39:23.549+0000] {logging_mixin.py:188} INFO - [2024-07-04T17:39:23.549+0000] {dag.py:3096} INFO - Sync 1 DAGs
[2024-07-04T17:39:23.561+0000] {logging_mixin.py:188} INFO - [2024-07-04T17:39:23.561+0000] {dag.py:3954} INFO - Setting next_dagrun for tutorial_dag to None, run_after=None
[2024-07-04T17:39:23.582+0000] {processor.py:183} INFO - Processing /home/airflow/.local/lib/python3.12/site-packages/airflow/example_dags/tutorial_dag.py took 0.060 seconds
[2024-07-04T17:45:02.167+0000] {processor.py:161} INFO - Started process (PID=103) to work on /home/airflow/.local/lib/python3.12/site-packages/airflow/example_dags/tutorial_dag.py
[2024-07-04T17:45:02.168+0000] {processor.py:830} INFO - Processing file /home/airflow/.local/lib/python3.12/site-packages/airflow/example_dags/tutorial_dag.py for tasks to queue
[2024-07-04T17:45:02.169+0000] {logging_mixin.py:188} INFO - [2024-07-04T17:45:02.169+0000] {dagbag.py:545} INFO - Filling up the DagBag from /home/airflow/.local/lib/python3.12/site-packages/airflow/example_dags/tutorial_dag.py
[2024-07-04T17:45:02.175+0000] {processor.py:840} INFO - DAG(s) 'tutorial_dag' retrieved from /home/airflow/.local/lib/python3.12/site-packages/airflow/example_dags/tutorial_dag.py
[2024-07-04T17:45:02.308+0000] {logging_mixin.py:188} INFO - [2024-07-04T17:45:02.308+0000] {dag.py:3096} INFO - Sync 1 DAGs
[2024-07-04T17:45:02.321+0000] {logging_mixin.py:188} INFO - [2024-07-04T17:45:02.321+0000] {dag.py:3954} INFO - Setting next_dagrun for tutorial_dag to None, run_after=None
[2024-07-04T17:45:02.345+0000] {processor.py:183} INFO - Processing /home/airflow/.local/lib/python3.12/site-packages/airflow/example_dags/tutorial_dag.py took 0.184 seconds
[2024-07-04T17:45:32.744+0000] {processor.py:161} INFO - Started process (PID=161) to work on /home/airflow/.local/lib/python3.12/site-packages/airflow/example_dags/tutorial_dag.py
[2024-07-04T17:45:32.745+0000] {processor.py:830} INFO - Processing file /home/airflow/.local/lib/python3.12/site-packages/airflow/example_dags/tutorial_dag.py for tasks to queue
[2024-07-04T17:45:32.746+0000] {logging_mixin.py:188} INFO - [2024-07-04T17:45:32.746+0000] {dagbag.py:545} INFO - Filling up the DagBag from /home/airflow/.local/lib/python3.12/site-packages/airflow/example_dags/tutorial_dag.py
[2024-07-04T17:45:32.750+0000] {processor.py:840} INFO - DAG(s) 'tutorial_dag' retrieved from /home/airflow/.local/lib/python3.12/site-packages/airflow/example_dags/tutorial_dag.py
[2024-07-04T17:45:32.773+0000] {logging_mixin.py:188} INFO - [2024-07-04T17:45:32.773+0000] {dag.py:3096} INFO - Sync 1 DAGs
[2024-07-04T17:45:32.790+0000] {logging_mixin.py:188} INFO - [2024-07-04T17:45:32.790+0000] {dag.py:3954} INFO - Setting next_dagrun for tutorial_dag to None, run_after=None
[2024-07-04T17:45:32.812+0000] {processor.py:183} INFO - Processing /home/airflow/.local/lib/python3.12/site-packages/airflow/example_dags/tutorial_dag.py took 0.072 seconds
[2024-07-04T17:46:02.891+0000] {processor.py:161} INFO - Started process (PID=219) to work on /home/airflow/.local/lib/python3.12/site-packages/airflow/example_dags/tutorial_dag.py
[2024-07-04T17:46:02.892+0000] {processor.py:830} INFO - Processing file /home/airflow/.local/lib/python3.12/site-packages/airflow/example_dags/tutorial_dag.py for tasks to queue
[2024-07-04T17:46:02.893+0000] {logging_mixin.py:188} INFO - [2024-07-04T17:46:02.893+0000] {dagbag.py:545} INFO - Filling up the DagBag from /home/airflow/.local/lib/python3.12/site-packages/airflow/example_dags/tutorial_dag.py
[2024-07-04T17:46:02.898+0000] {processor.py:840} INFO - DAG(s) 'tutorial_dag' retrieved from /home/airflow/.local/lib/python3.12/site-packages/airflow/example_dags/tutorial_dag.py
[2024-07-04T17:46:02.917+0000] {logging_mixin.py:188} INFO - [2024-07-04T17:46:02.917+0000] {dag.py:3096} INFO - Sync 1 DAGs
[2024-07-04T17:46:02.931+0000] {logging_mixin.py:188} INFO - [2024-07-04T17:46:02.931+0000] {dag.py:3954} INFO - Setting next_dagrun for tutorial_dag to None, run_after=None
[2024-07-04T17:46:02.953+0000] {processor.py:183} INFO - Processing /home/airflow/.local/lib/python3.12/site-packages/airflow/example_dags/tutorial_dag.py took 0.067 seconds
[2024-07-04T17:46:33.050+0000] {processor.py:161} INFO - Started process (PID=277) to work on /home/airflow/.local/lib/python3.12/site-packages/airflow/example_dags/tutorial_dag.py
[2024-07-04T17:46:33.051+0000] {processor.py:830} INFO - Processing file /home/airflow/.local/lib/python3.12/site-packages/airflow/example_dags/tutorial_dag.py for tasks to queue
[2024-07-04T17:46:33.052+0000] {logging_mixin.py:188} INFO - [2024-07-04T17:46:33.052+0000] {dagbag.py:545} INFO - Filling up the DagBag from /home/airflow/.local/lib/python3.12/site-packages/airflow/example_dags/tutorial_dag.py
[2024-07-04T17:46:33.056+0000] {processor.py:840} INFO - DAG(s) 'tutorial_dag' retrieved from /home/airflow/.local/lib/python3.12/site-packages/airflow/example_dags/tutorial_dag.py
[2024-07-04T17:46:33.074+0000] {logging_mixin.py:188} INFO - [2024-07-04T17:46:33.073+0000] {dag.py:3096} INFO - Sync 1 DAGs
[2024-07-04T17:46:33.085+0000] {logging_mixin.py:188} INFO - [2024-07-04T17:46:33.085+0000] {dag.py:3954} INFO - Setting next_dagrun for tutorial_dag to None, run_after=None
[2024-07-04T17:46:33.107+0000] {processor.py:183} INFO - Processing /home/airflow/.local/lib/python3.12/site-packages/airflow/example_dags/tutorial_dag.py took 0.062 seconds
[2024-07-04T18:04:04.009+0000] {processor.py:161} INFO - Started process (PID=103) to work on /home/airflow/.local/lib/python3.12/site-packages/airflow/example_dags/tutorial_dag.py
[2024-07-04T18:04:04.009+0000] {processor.py:830} INFO - Processing file /home/airflow/.local/lib/python3.12/site-packages/airflow/example_dags/tutorial_dag.py for tasks to queue
[2024-07-04T18:04:04.011+0000] {logging_mixin.py:188} INFO - [2024-07-04T18:04:04.011+0000] {dagbag.py:545} INFO - Filling up the DagBag from /home/airflow/.local/lib/python3.12/site-packages/airflow/example_dags/tutorial_dag.py
[2024-07-04T18:04:04.018+0000] {processor.py:840} INFO - DAG(s) 'tutorial_dag' retrieved from /home/airflow/.local/lib/python3.12/site-packages/airflow/example_dags/tutorial_dag.py
[2024-07-04T18:04:04.216+0000] {logging_mixin.py:188} INFO - [2024-07-04T18:04:04.215+0000] {dag.py:3096} INFO - Sync 1 DAGs
[2024-07-04T18:04:04.231+0000] {logging_mixin.py:188} INFO - [2024-07-04T18:04:04.230+0000] {dag.py:3954} INFO - Setting next_dagrun for tutorial_dag to None, run_after=None
[2024-07-04T18:04:04.261+0000] {processor.py:183} INFO - Processing /home/airflow/.local/lib/python3.12/site-packages/airflow/example_dags/tutorial_dag.py took 0.258 seconds
[2024-07-04T18:04:34.307+0000] {processor.py:161} INFO - Started process (PID=160) to work on /home/airflow/.local/lib/python3.12/site-packages/airflow/example_dags/tutorial_dag.py
[2024-07-04T18:04:34.307+0000] {processor.py:830} INFO - Processing file /home/airflow/.local/lib/python3.12/site-packages/airflow/example_dags/tutorial_dag.py for tasks to queue
[2024-07-04T18:04:34.309+0000] {logging_mixin.py:188} INFO - [2024-07-04T18:04:34.309+0000] {dagbag.py:545} INFO - Filling up the DagBag from /home/airflow/.local/lib/python3.12/site-packages/airflow/example_dags/tutorial_dag.py
[2024-07-04T18:04:34.314+0000] {processor.py:840} INFO - DAG(s) 'tutorial_dag' retrieved from /home/airflow/.local/lib/python3.12/site-packages/airflow/example_dags/tutorial_dag.py
[2024-07-04T18:04:34.334+0000] {logging_mixin.py:188} INFO - [2024-07-04T18:04:34.333+0000] {dag.py:3096} INFO - Sync 1 DAGs
[2024-07-04T18:04:34.347+0000] {logging_mixin.py:188} INFO - [2024-07-04T18:04:34.347+0000] {dag.py:3954} INFO - Setting next_dagrun for tutorial_dag to None, run_after=None
[2024-07-04T18:04:34.365+0000] {processor.py:183} INFO - Processing /home/airflow/.local/lib/python3.12/site-packages/airflow/example_dags/tutorial_dag.py took 0.063 seconds
[2024-07-04T18:05:05.052+0000] {processor.py:161} INFO - Started process (PID=218) to work on /home/airflow/.local/lib/python3.12/site-packages/airflow/example_dags/tutorial_dag.py
[2024-07-04T18:05:05.053+0000] {processor.py:830} INFO - Processing file /home/airflow/.local/lib/python3.12/site-packages/airflow/example_dags/tutorial_dag.py for tasks to queue
[2024-07-04T18:05:05.054+0000] {logging_mixin.py:188} INFO - [2024-07-04T18:05:05.054+0000] {dagbag.py:545} INFO - Filling up the DagBag from /home/airflow/.local/lib/python3.12/site-packages/airflow/example_dags/tutorial_dag.py
[2024-07-04T18:05:05.058+0000] {processor.py:840} INFO - DAG(s) 'tutorial_dag' retrieved from /home/airflow/.local/lib/python3.12/site-packages/airflow/example_dags/tutorial_dag.py
[2024-07-04T18:05:05.076+0000] {logging_mixin.py:188} INFO - [2024-07-04T18:05:05.076+0000] {dag.py:3096} INFO - Sync 1 DAGs
[2024-07-04T18:05:05.089+0000] {logging_mixin.py:188} INFO - [2024-07-04T18:05:05.088+0000] {dag.py:3954} INFO - Setting next_dagrun for tutorial_dag to None, run_after=None
[2024-07-04T18:05:05.113+0000] {processor.py:183} INFO - Processing /home/airflow/.local/lib/python3.12/site-packages/airflow/example_dags/tutorial_dag.py took 0.066 seconds
[2024-07-04T18:05:35.450+0000] {processor.py:161} INFO - Started process (PID=277) to work on /home/airflow/.local/lib/python3.12/site-packages/airflow/example_dags/tutorial_dag.py
[2024-07-04T18:05:35.451+0000] {processor.py:830} INFO - Processing file /home/airflow/.local/lib/python3.12/site-packages/airflow/example_dags/tutorial_dag.py for tasks to queue
[2024-07-04T18:05:35.452+0000] {logging_mixin.py:188} INFO - [2024-07-04T18:05:35.452+0000] {dagbag.py:545} INFO - Filling up the DagBag from /home/airflow/.local/lib/python3.12/site-packages/airflow/example_dags/tutorial_dag.py
[2024-07-04T18:05:35.456+0000] {processor.py:840} INFO - DAG(s) 'tutorial_dag' retrieved from /home/airflow/.local/lib/python3.12/site-packages/airflow/example_dags/tutorial_dag.py
[2024-07-04T18:05:35.477+0000] {logging_mixin.py:188} INFO - [2024-07-04T18:05:35.476+0000] {dag.py:3096} INFO - Sync 1 DAGs
[2024-07-04T18:05:35.489+0000] {logging_mixin.py:188} INFO - [2024-07-04T18:05:35.489+0000] {dag.py:3954} INFO - Setting next_dagrun for tutorial_dag to None, run_after=None
[2024-07-04T18:05:35.514+0000] {processor.py:183} INFO - Processing /home/airflow/.local/lib/python3.12/site-packages/airflow/example_dags/tutorial_dag.py took 0.069 seconds
[2024-07-04T18:06:05.925+0000] {processor.py:161} INFO - Started process (PID=336) to work on /home/airflow/.local/lib/python3.12/site-packages/airflow/example_dags/tutorial_dag.py
[2024-07-04T18:06:05.926+0000] {processor.py:830} INFO - Processing file /home/airflow/.local/lib/python3.12/site-packages/airflow/example_dags/tutorial_dag.py for tasks to queue
[2024-07-04T18:06:05.927+0000] {logging_mixin.py:188} INFO - [2024-07-04T18:06:05.927+0000] {dagbag.py:545} INFO - Filling up the DagBag from /home/airflow/.local/lib/python3.12/site-packages/airflow/example_dags/tutorial_dag.py
[2024-07-04T18:06:05.932+0000] {processor.py:840} INFO - DAG(s) 'tutorial_dag' retrieved from /home/airflow/.local/lib/python3.12/site-packages/airflow/example_dags/tutorial_dag.py
[2024-07-04T18:06:05.951+0000] {logging_mixin.py:188} INFO - [2024-07-04T18:06:05.950+0000] {dag.py:3096} INFO - Sync 1 DAGs
[2024-07-04T18:06:05.964+0000] {logging_mixin.py:188} INFO - [2024-07-04T18:06:05.964+0000] {dag.py:3954} INFO - Setting next_dagrun for tutorial_dag to None, run_after=None
[2024-07-04T18:06:05.986+0000] {processor.py:183} INFO - Processing /home/airflow/.local/lib/python3.12/site-packages/airflow/example_dags/tutorial_dag.py took 0.066 seconds
[2024-07-04T18:06:36.243+0000] {processor.py:161} INFO - Started process (PID=394) to work on /home/airflow/.local/lib/python3.12/site-packages/airflow/example_dags/tutorial_dag.py
[2024-07-04T18:06:36.243+0000] {processor.py:830} INFO - Processing file /home/airflow/.local/lib/python3.12/site-packages/airflow/example_dags/tutorial_dag.py for tasks to queue
[2024-07-04T18:06:36.245+0000] {logging_mixin.py:188} INFO - [2024-07-04T18:06:36.245+0000] {dagbag.py:545} INFO - Filling up the DagBag from /home/airflow/.local/lib/python3.12/site-packages/airflow/example_dags/tutorial_dag.py
[2024-07-04T18:06:36.250+0000] {processor.py:840} INFO - DAG(s) 'tutorial_dag' retrieved from /home/airflow/.local/lib/python3.12/site-packages/airflow/example_dags/tutorial_dag.py
[2024-07-04T18:06:36.274+0000] {logging_mixin.py:188} INFO - [2024-07-04T18:06:36.274+0000] {dag.py:3096} INFO - Sync 1 DAGs
[2024-07-04T18:06:36.287+0000] {logging_mixin.py:188} INFO - [2024-07-04T18:06:36.287+0000] {dag.py:3954} INFO - Setting next_dagrun for tutorial_dag to None, run_after=None
[2024-07-04T18:06:36.317+0000] {processor.py:183} INFO - Processing /home/airflow/.local/lib/python3.12/site-packages/airflow/example_dags/tutorial_dag.py took 0.079 seconds
[2024-07-04T18:07:06.657+0000] {processor.py:161} INFO - Started process (PID=453) to work on /home/airflow/.local/lib/python3.12/site-packages/airflow/example_dags/tutorial_dag.py
[2024-07-04T18:07:06.658+0000] {processor.py:830} INFO - Processing file /home/airflow/.local/lib/python3.12/site-packages/airflow/example_dags/tutorial_dag.py for tasks to queue
[2024-07-04T18:07:06.659+0000] {logging_mixin.py:188} INFO - [2024-07-04T18:07:06.659+0000] {dagbag.py:545} INFO - Filling up the DagBag from /home/airflow/.local/lib/python3.12/site-packages/airflow/example_dags/tutorial_dag.py
[2024-07-04T18:07:06.663+0000] {processor.py:840} INFO - DAG(s) 'tutorial_dag' retrieved from /home/airflow/.local/lib/python3.12/site-packages/airflow/example_dags/tutorial_dag.py
[2024-07-04T18:07:06.682+0000] {logging_mixin.py:188} INFO - [2024-07-04T18:07:06.682+0000] {dag.py:3096} INFO - Sync 1 DAGs
[2024-07-04T18:07:06.694+0000] {logging_mixin.py:188} INFO - [2024-07-04T18:07:06.694+0000] {dag.py:3954} INFO - Setting next_dagrun for tutorial_dag to None, run_after=None
[2024-07-04T18:07:06.713+0000] {processor.py:183} INFO - Processing /home/airflow/.local/lib/python3.12/site-packages/airflow/example_dags/tutorial_dag.py took 0.061 seconds
[2024-07-04T18:07:37.168+0000] {processor.py:161} INFO - Started process (PID=510) to work on /home/airflow/.local/lib/python3.12/site-packages/airflow/example_dags/tutorial_dag.py
[2024-07-04T18:07:37.169+0000] {processor.py:830} INFO - Processing file /home/airflow/.local/lib/python3.12/site-packages/airflow/example_dags/tutorial_dag.py for tasks to queue
[2024-07-04T18:07:37.170+0000] {logging_mixin.py:188} INFO - [2024-07-04T18:07:37.170+0000] {dagbag.py:545} INFO - Filling up the DagBag from /home/airflow/.local/lib/python3.12/site-packages/airflow/example_dags/tutorial_dag.py
[2024-07-04T18:07:37.174+0000] {processor.py:840} INFO - DAG(s) 'tutorial_dag' retrieved from /home/airflow/.local/lib/python3.12/site-packages/airflow/example_dags/tutorial_dag.py
[2024-07-04T18:07:37.194+0000] {logging_mixin.py:188} INFO - [2024-07-04T18:07:37.194+0000] {dag.py:3096} INFO - Sync 1 DAGs
[2024-07-04T18:07:37.207+0000] {logging_mixin.py:188} INFO - [2024-07-04T18:07:37.207+0000] {dag.py:3954} INFO - Setting next_dagrun for tutorial_dag to None, run_after=None
[2024-07-04T18:07:37.571+0000] {processor.py:183} INFO - Processing /home/airflow/.local/lib/python3.12/site-packages/airflow/example_dags/tutorial_dag.py took 0.408 seconds
[2024-07-04T18:08:08.419+0000] {processor.py:161} INFO - Started process (PID=568) to work on /home/airflow/.local/lib/python3.12/site-packages/airflow/example_dags/tutorial_dag.py
[2024-07-04T18:08:08.421+0000] {processor.py:830} INFO - Processing file /home/airflow/.local/lib/python3.12/site-packages/airflow/example_dags/tutorial_dag.py for tasks to queue
[2024-07-04T18:08:08.422+0000] {logging_mixin.py:188} INFO - [2024-07-04T18:08:08.422+0000] {dagbag.py:545} INFO - Filling up the DagBag from /home/airflow/.local/lib/python3.12/site-packages/airflow/example_dags/tutorial_dag.py
[2024-07-04T18:08:08.428+0000] {processor.py:840} INFO - DAG(s) 'tutorial_dag' retrieved from /home/airflow/.local/lib/python3.12/site-packages/airflow/example_dags/tutorial_dag.py
[2024-07-04T18:08:08.449+0000] {logging_mixin.py:188} INFO - [2024-07-04T18:08:08.449+0000] {dag.py:3096} INFO - Sync 1 DAGs
[2024-07-04T18:08:08.462+0000] {logging_mixin.py:188} INFO - [2024-07-04T18:08:08.462+0000] {dag.py:3954} INFO - Setting next_dagrun for tutorial_dag to None, run_after=None
[2024-07-04T18:08:08.484+0000] {processor.py:183} INFO - Processing /home/airflow/.local/lib/python3.12/site-packages/airflow/example_dags/tutorial_dag.py took 0.073 seconds
[2024-07-04T18:08:39.104+0000] {processor.py:161} INFO - Started process (PID=626) to work on /home/airflow/.local/lib/python3.12/site-packages/airflow/example_dags/tutorial_dag.py
[2024-07-04T18:08:39.111+0000] {processor.py:830} INFO - Processing file /home/airflow/.local/lib/python3.12/site-packages/airflow/example_dags/tutorial_dag.py for tasks to queue
[2024-07-04T18:08:39.113+0000] {logging_mixin.py:188} INFO - [2024-07-04T18:08:39.113+0000] {dagbag.py:545} INFO - Filling up the DagBag from /home/airflow/.local/lib/python3.12/site-packages/airflow/example_dags/tutorial_dag.py
[2024-07-04T18:08:39.118+0000] {processor.py:840} INFO - DAG(s) 'tutorial_dag' retrieved from /home/airflow/.local/lib/python3.12/site-packages/airflow/example_dags/tutorial_dag.py
[2024-07-04T18:08:39.144+0000] {logging_mixin.py:188} INFO - [2024-07-04T18:08:39.144+0000] {dag.py:3096} INFO - Sync 1 DAGs
[2024-07-04T18:08:39.156+0000] {logging_mixin.py:188} INFO - [2024-07-04T18:08:39.156+0000] {dag.py:3954} INFO - Setting next_dagrun for tutorial_dag to None, run_after=None
[2024-07-04T18:08:39.175+0000] {processor.py:183} INFO - Processing /home/airflow/.local/lib/python3.12/site-packages/airflow/example_dags/tutorial_dag.py took 0.078 seconds
[2024-07-04T18:09:09.801+0000] {processor.py:161} INFO - Started process (PID=683) to work on /home/airflow/.local/lib/python3.12/site-packages/airflow/example_dags/tutorial_dag.py
[2024-07-04T18:09:09.803+0000] {processor.py:830} INFO - Processing file /home/airflow/.local/lib/python3.12/site-packages/airflow/example_dags/tutorial_dag.py for tasks to queue
[2024-07-04T18:09:09.805+0000] {logging_mixin.py:188} INFO - [2024-07-04T18:09:09.805+0000] {dagbag.py:545} INFO - Filling up the DagBag from /home/airflow/.local/lib/python3.12/site-packages/airflow/example_dags/tutorial_dag.py
[2024-07-04T18:09:09.812+0000] {processor.py:840} INFO - DAG(s) 'tutorial_dag' retrieved from /home/airflow/.local/lib/python3.12/site-packages/airflow/example_dags/tutorial_dag.py
[2024-07-04T18:09:09.837+0000] {logging_mixin.py:188} INFO - [2024-07-04T18:09:09.836+0000] {dag.py:3096} INFO - Sync 1 DAGs
[2024-07-04T18:09:09.849+0000] {logging_mixin.py:188} INFO - [2024-07-04T18:09:09.849+0000] {dag.py:3954} INFO - Setting next_dagrun for tutorial_dag to None, run_after=None
[2024-07-04T18:09:09.868+0000] {processor.py:183} INFO - Processing /home/airflow/.local/lib/python3.12/site-packages/airflow/example_dags/tutorial_dag.py took 0.079 seconds
[2024-07-04T18:09:40.231+0000] {processor.py:161} INFO - Started process (PID=741) to work on /home/airflow/.local/lib/python3.12/site-packages/airflow/example_dags/tutorial_dag.py
[2024-07-04T18:09:40.239+0000] {processor.py:830} INFO - Processing file /home/airflow/.local/lib/python3.12/site-packages/airflow/example_dags/tutorial_dag.py for tasks to queue
[2024-07-04T18:09:40.241+0000] {logging_mixin.py:188} INFO - [2024-07-04T18:09:40.241+0000] {dagbag.py:545} INFO - Filling up the DagBag from /home/airflow/.local/lib/python3.12/site-packages/airflow/example_dags/tutorial_dag.py
[2024-07-04T18:09:40.246+0000] {processor.py:840} INFO - DAG(s) 'tutorial_dag' retrieved from /home/airflow/.local/lib/python3.12/site-packages/airflow/example_dags/tutorial_dag.py
[2024-07-04T18:09:40.269+0000] {logging_mixin.py:188} INFO - [2024-07-04T18:09:40.269+0000] {dag.py:3096} INFO - Sync 1 DAGs
[2024-07-04T18:09:40.283+0000] {logging_mixin.py:188} INFO - [2024-07-04T18:09:40.283+0000] {dag.py:3954} INFO - Setting next_dagrun for tutorial_dag to None, run_after=None
[2024-07-04T18:09:40.306+0000] {processor.py:183} INFO - Processing /home/airflow/.local/lib/python3.12/site-packages/airflow/example_dags/tutorial_dag.py took 0.090 seconds
[2024-07-04T18:10:10.402+0000] {processor.py:161} INFO - Started process (PID=799) to work on /home/airflow/.local/lib/python3.12/site-packages/airflow/example_dags/tutorial_dag.py
[2024-07-04T18:10:10.410+0000] {processor.py:830} INFO - Processing file /home/airflow/.local/lib/python3.12/site-packages/airflow/example_dags/tutorial_dag.py for tasks to queue
[2024-07-04T18:10:10.412+0000] {logging_mixin.py:188} INFO - [2024-07-04T18:10:10.411+0000] {dagbag.py:545} INFO - Filling up the DagBag from /home/airflow/.local/lib/python3.12/site-packages/airflow/example_dags/tutorial_dag.py
[2024-07-04T18:10:10.417+0000] {processor.py:840} INFO - DAG(s) 'tutorial_dag' retrieved from /home/airflow/.local/lib/python3.12/site-packages/airflow/example_dags/tutorial_dag.py
[2024-07-04T18:10:10.437+0000] {logging_mixin.py:188} INFO - [2024-07-04T18:10:10.437+0000] {dag.py:3096} INFO - Sync 1 DAGs
[2024-07-04T18:10:10.450+0000] {logging_mixin.py:188} INFO - [2024-07-04T18:10:10.450+0000] {dag.py:3954} INFO - Setting next_dagrun for tutorial_dag to None, run_after=None
[2024-07-04T18:10:10.470+0000] {processor.py:183} INFO - Processing /home/airflow/.local/lib/python3.12/site-packages/airflow/example_dags/tutorial_dag.py took 0.074 seconds
